[336:336:0301/202259.157800:WARNING:chrome_main_delegate.cc(618)] This is Chrome version 112.0.5572.0 (not a warning)
[336:351:0301/202259.319979:ERROR:bus.cc(399)] Failed to connect to the bus: Could not parse server address: Unknown address type (examples of valid types are "tcp" and on UNIX "unix")
[336:351:0301/202259.320134:ERROR:bus.cc(399)] Failed to connect to the bus: Could not parse server address: Unknown address type (examples of valid types are "tcp" and on UNIX "unix")
[336:336:0301/202259.369974:WARNING:account_consistency_mode_manager.cc(70)] Desktop Identity Consistency cannot be enabled as no OAuth client ID and client secret have been configured.
[336:351:0301/202259.378360:ERROR:bus.cc(399)] Failed to connect to the bus: Could not parse server address: Unknown address type (examples of valid types are "tcp" and on UNIX "unix")
[336:351:0301/202259.378395:ERROR:bus.cc(399)] Failed to connect to the bus: Could not parse server address: Unknown address type (examples of valid types are "tcp" and on UNIX "unix")
[336:336:0301/202259.540726:WARNING:bluez_dbus_manager.cc(247)] Floss manager not present, cannot set Floss enable/disable.
[336:429:0301/202259.620814:ERROR:object_proxy.cc(623)] Failed to call method: org.freedesktop.DBus.Properties.Get: object_path= /org/freedesktop/UPower: org.freedesktop.DBus.Error.ServiceUnknown: The name org.freedesktop.UPower was not provided by any .service files
[336:429:0301/202259.620834:WARNING:property.cc(144)] DaemonVersion: GetAndBlock: failed.
[336:429:0301/202259.621006:ERROR:object_proxy.cc(623)] Failed to call method: org.freedesktop.UPower.GetDisplayDevice: object_path= /org/freedesktop/UPower: org.freedesktop.DBus.Error.ServiceUnknown: The name org.freedesktop.UPower was not provided by any .service files
[336:429:0301/202259.621174:ERROR:object_proxy.cc(623)] Failed to call method: org.freedesktop.UPower.EnumerateDevices: object_path= /org/freedesktop/UPower: org.freedesktop.DBus.Error.ServiceUnknown: The name org.freedesktop.UPower was not provided by any .service files
[336:351:0301/202259.753260:ERROR:bus.cc(399)] Failed to connect to the bus: Could not parse server address: Unknown address type (examples of valid types are "tcp" and on UNIX "unix")
[336:351:0301/202259.795152:ERROR:bus.cc(399)] Failed to connect to the bus: Could not parse server address: Unknown address type (examples of valid types are "tcp" and on UNIX "unix")
[336:365:0301/202300.595786:WARNING:render_message_filter.cc(144)] Could not find tid
[336:336:0301/202303.537882:INFO:optimization_guide_logger.cc(42)] ../../components/optimization_guide/content/browser/page_content_annotations_service.cc(309) PageContentAnnotationJob Result: BatchAnnotationResult{"Speedometer 2.1 Interactive Runner", type: ContentVisibility, output: nullopt}
[336:336:0301/202303.537954:INFO:optimization_guide_logger.cc(42)] ../../components/optimization_guide/content/browser/page_content_annotations_service.cc(309) PageContentAnnotationJob Result: BatchAnnotationResult{"Speedometer 2.1 Interactive Runner", type: PageEntities, output: nullopt}
[336:336:0301/202303.547678:INFO:optimization_guide_logger.cc(42)] ../../components/optimization_guide/core/hints_manager.cc(523) Hint cache initialized
[336:336:0301/202311.272177:INFO:CONSOLE(0)] "DEBUG: -------------------------------", source:  (0)
[336:336:0301/202311.272396:INFO:CONSOLE(0)] "DEBUG: Ember  : 2.6.2", source:  (0)
[336:336:0301/202311.272576:INFO:CONSOLE(0)] "DEBUG: jQuery : 2.2.4", source:  (0)
[336:336:0301/202311.272749:INFO:CONSOLE(0)] "DEBUG: -------------------------------", source:  (0)
[336:336:0301/202311.359925:INFO:CONSOLE(0)] "DEBUG: For more advanced debugging, install the Ember Inspector from https://chrome.google.com/webstore/detail/ember-inspector/bmdblncegkenkacieihfhpjfppoconhi", source:  (0)
[336:336:0301/202327.038361:INFO:CONSOLE(0)] "DEBUG: -------------------------------", source:  (0)
[336:336:0301/202327.038565:INFO:CONSOLE(0)] "DEBUG: Ember  : 2.6.2", source:  (0)
[336:336:0301/202327.038741:INFO:CONSOLE(0)] "DEBUG: jQuery : 2.2.4", source:  (0)
[336:336:0301/202327.038921:INFO:CONSOLE(0)] "DEBUG: -------------------------------", source:  (0)
[336:336:0301/202327.074886:INFO:CONSOLE(0)] "DEBUG: For more advanced debugging, install the Ember Inspector from https://chrome.google.com/webstore/detail/ember-inspector/bmdblncegkenkacieihfhpjfppoconhi", source:  (0)
[336:336:0301/202338.039337:INFO:CONSOLE(0)] "DEBUG: -------------------------------", source:  (0)
[336:336:0301/202338.039552:INFO:CONSOLE(0)] "DEBUG: Ember  : 2.6.2", source:  (0)
[336:336:0301/202338.039729:INFO:CONSOLE(0)] "DEBUG: jQuery : 2.2.4", source:  (0)
[336:336:0301/202338.039903:INFO:CONSOLE(0)] "DEBUG: -------------------------------", source:  (0)
[336:336:0301/202338.075753:INFO:CONSOLE(0)] "DEBUG: For more advanced debugging, install the Ember Inspector from https://chrome.google.com/webstore/detail/ember-inspector/bmdblncegkenkacieihfhpjfppoconhi", source:  (0)
[336:336:0301/202349.184135:INFO:CONSOLE(0)] "DEBUG: -------------------------------", source:  (0)
[336:336:0301/202349.184343:INFO:CONSOLE(0)] "DEBUG: Ember  : 2.6.2", source:  (0)
[336:336:0301/202349.184519:INFO:CONSOLE(0)] "DEBUG: jQuery : 2.2.4", source:  (0)
[336:336:0301/202349.184692:INFO:CONSOLE(0)] "DEBUG: -------------------------------", source:  (0)
[336:336:0301/202349.220432:INFO:CONSOLE(0)] "DEBUG: For more advanced debugging, install the Ember Inspector from https://chrome.google.com/webstore/detail/ember-inspector/bmdblncegkenkacieihfhpjfppoconhi", source:  (0)
[336:336:0301/202400.423016:INFO:CONSOLE(0)] "DEBUG: -------------------------------", source:  (0)
[336:336:0301/202400.423227:INFO:CONSOLE(0)] "DEBUG: Ember  : 2.6.2", source:  (0)
[336:336:0301/202400.423405:INFO:CONSOLE(0)] "DEBUG: jQuery : 2.2.4", source:  (0)
[336:336:0301/202400.423578:INFO:CONSOLE(0)] "DEBUG: -------------------------------", source:  (0)
[336:336:0301/202400.459717:INFO:CONSOLE(0)] "DEBUG: For more advanced debugging, install the Ember Inspector from https://chrome.google.com/webstore/detail/ember-inspector/bmdblncegkenkacieihfhpjfppoconhi", source:  (0)
[336:336:0301/202411.821330:INFO:CONSOLE(0)] "DEBUG: -------------------------------", source:  (0)
[336:336:0301/202411.821542:INFO:CONSOLE(0)] "DEBUG: Ember  : 2.6.2", source:  (0)
[336:336:0301/202411.821718:INFO:CONSOLE(0)] "DEBUG: jQuery : 2.2.4", source:  (0)
[336:336:0301/202411.821892:INFO:CONSOLE(0)] "DEBUG: -------------------------------", source:  (0)
[336:336:0301/202411.858309:INFO:CONSOLE(0)] "DEBUG: For more advanced debugging, install the Ember Inspector from https://chrome.google.com/webstore/detail/ember-inspector/bmdblncegkenkacieihfhpjfppoconhi", source:  (0)
[336:336:0301/202423.361047:INFO:CONSOLE(0)] "DEBUG: -------------------------------", source:  (0)
[336:336:0301/202423.361258:INFO:CONSOLE(0)] "DEBUG: Ember  : 2.6.2", source:  (0)
[336:336:0301/202423.361434:INFO:CONSOLE(0)] "DEBUG: jQuery : 2.2.4", source:  (0)
[336:336:0301/202423.361608:INFO:CONSOLE(0)] "DEBUG: -------------------------------", source:  (0)
[336:336:0301/202423.397840:INFO:CONSOLE(0)] "DEBUG: For more advanced debugging, install the Ember Inspector from https://chrome.google.com/webstore/detail/ember-inspector/bmdblncegkenkacieihfhpjfppoconhi", source:  (0)
[336:336:0301/202434.958620:INFO:CONSOLE(0)] "DEBUG: -------------------------------", source:  (0)
[336:336:0301/202434.958831:INFO:CONSOLE(0)] "DEBUG: Ember  : 2.6.2", source:  (0)
[336:336:0301/202434.959008:INFO:CONSOLE(0)] "DEBUG: jQuery : 2.2.4", source:  (0)
[336:336:0301/202434.959182:INFO:CONSOLE(0)] "DEBUG: -------------------------------", source:  (0)
[336:336:0301/202434.995790:INFO:CONSOLE(0)] "DEBUG: For more advanced debugging, install the Ember Inspector from https://chrome.google.com/webstore/detail/ember-inspector/bmdblncegkenkacieihfhpjfppoconhi", source:  (0)
[336:336:0301/202446.906022:INFO:CONSOLE(0)] "DEBUG: -------------------------------", source:  (0)
[336:336:0301/202446.906241:INFO:CONSOLE(0)] "DEBUG: Ember  : 2.6.2", source:  (0)
[336:336:0301/202446.906422:INFO:CONSOLE(0)] "DEBUG: jQuery : 2.2.4", source:  (0)
[336:336:0301/202446.906606:INFO:CONSOLE(0)] "DEBUG: -------------------------------", source:  (0)
[336:336:0301/202446.942949:INFO:CONSOLE(0)] "DEBUG: For more advanced debugging, install the Ember Inspector from https://chrome.google.com/webstore/detail/ember-inspector/bmdblncegkenkacieihfhpjfppoconhi", source:  (0)
[336:336:0301/202458.934529:INFO:CONSOLE(0)] "DEBUG: -------------------------------", source:  (0)
[336:336:0301/202458.934740:INFO:CONSOLE(0)] "DEBUG: Ember  : 2.6.2", source:  (0)
[336:336:0301/202458.934916:INFO:CONSOLE(0)] "DEBUG: jQuery : 2.2.4", source:  (0)
[336:336:0301/202458.935089:INFO:CONSOLE(0)] "DEBUG: -------------------------------", source:  (0)
[336:336:0301/202458.972072:INFO:CONSOLE(0)] "DEBUG: For more advanced debugging, install the Ember Inspector from https://chrome.google.com/webstore/detail/ember-inspector/bmdblncegkenkacieihfhpjfppoconhi", source:  (0)
