[24007:24007:0301/141014.794069:WARNING:chrome_main_delegate.cc(618)] This is Chrome version 112.0.5572.0 (not a warning)
[24007:24021:0301/141014.971040:ERROR:bus.cc(399)] Failed to connect to the bus: Could not parse server address: Unknown address type (examples of valid types are "tcp" and on UNIX "unix")
[24007:24021:0301/141014.971074:ERROR:bus.cc(399)] Failed to connect to the bus: Could not parse server address: Unknown address type (examples of valid types are "tcp" and on UNIX "unix")
[24007:24007:0301/141015.003173:WARNING:account_consistency_mode_manager.cc(70)] Desktop Identity Consistency cannot be enabled as no OAuth client ID and client secret have been configured.
[24007:24021:0301/141015.011017:ERROR:bus.cc(399)] Failed to connect to the bus: Could not parse server address: Unknown address type (examples of valid types are "tcp" and on UNIX "unix")
[24007:24021:0301/141015.011052:ERROR:bus.cc(399)] Failed to connect to the bus: Could not parse server address: Unknown address type (examples of valid types are "tcp" and on UNIX "unix")
[24007:24007:0301/141015.211881:WARNING:bluez_dbus_manager.cc(247)] Floss manager not present, cannot set Floss enable/disable.
[24007:24097:0301/141015.244525:ERROR:object_proxy.cc(623)] Failed to call method: org.freedesktop.DBus.Properties.Get: object_path= /org/freedesktop/UPower: org.freedesktop.DBus.Error.ServiceUnknown: The name org.freedesktop.UPower was not provided by any .service files
[24007:24097:0301/141015.244547:WARNING:property.cc(144)] DaemonVersion: GetAndBlock: failed.
[24007:24097:0301/141015.244727:ERROR:object_proxy.cc(623)] Failed to call method: org.freedesktop.UPower.GetDisplayDevice: object_path= /org/freedesktop/UPower: org.freedesktop.DBus.Error.ServiceUnknown: The name org.freedesktop.UPower was not provided by any .service files
[24007:24097:0301/141015.244828:ERROR:object_proxy.cc(623)] Failed to call method: org.freedesktop.UPower.EnumerateDevices: object_path= /org/freedesktop/UPower: org.freedesktop.DBus.Error.ServiceUnknown: The name org.freedesktop.UPower was not provided by any .service files
[24007:24021:0301/141015.422271:ERROR:bus.cc(399)] Failed to connect to the bus: Could not parse server address: Unknown address type (examples of valid types are "tcp" and on UNIX "unix")
[24007:24021:0301/141015.431894:ERROR:bus.cc(399)] Failed to connect to the bus: Could not parse server address: Unknown address type (examples of valid types are "tcp" and on UNIX "unix")
[24007:24007:0301/141018.655467:INFO:optimization_guide_logger.cc(42)] ../../components/optimization_guide/core/hints_manager.cc(523) Hint cache initialized
[24007:24007:0301/141020.431245:INFO:optimization_guide_logger.cc(42)] ../../components/optimization_guide/content/browser/page_content_annotations_service.cc(309) PageContentAnnotationJob Result: BatchAnnotationResult{"Speedometer 2.1 Interactive Runner", type: ContentVisibility, output: nullopt}
[24007:24007:0301/141020.431318:INFO:optimization_guide_logger.cc(42)] ../../components/optimization_guide/content/browser/page_content_annotations_service.cc(309) PageContentAnnotationJob Result: BatchAnnotationResult{"Speedometer 2.1 Interactive Runner", type: PageEntities, output: nullopt}
[24007:24007:0301/141030.230905:INFO:CONSOLE(0)] "DEBUG: -------------------------------", source:  (0)
[24007:24007:0301/141030.231118:INFO:CONSOLE(0)] "DEBUG: Ember  : 2.6.2", source:  (0)
[24007:24007:0301/141030.231293:INFO:CONSOLE(0)] "DEBUG: jQuery : 2.2.4", source:  (0)
[24007:24007:0301/141030.231464:INFO:CONSOLE(0)] "DEBUG: -------------------------------", source:  (0)
[24007:24007:0301/141030.318371:INFO:CONSOLE(0)] "DEBUG: For more advanced debugging, install the Ember Inspector from https://chrome.google.com/webstore/detail/ember-inspector/bmdblncegkenkacieihfhpjfppoconhi", source:  (0)
[24007:24007:0301/141046.527632:INFO:CONSOLE(0)] "DEBUG: -------------------------------", source:  (0)
[24007:24007:0301/141046.527843:INFO:CONSOLE(0)] "DEBUG: Ember  : 2.6.2", source:  (0)
[24007:24007:0301/141046.528017:INFO:CONSOLE(0)] "DEBUG: jQuery : 2.2.4", source:  (0)
[24007:24007:0301/141046.528205:INFO:CONSOLE(0)] "DEBUG: -------------------------------", source:  (0)
[24007:24007:0301/141046.566046:INFO:CONSOLE(0)] "DEBUG: For more advanced debugging, install the Ember Inspector from https://chrome.google.com/webstore/detail/ember-inspector/bmdblncegkenkacieihfhpjfppoconhi", source:  (0)
[24007:24007:0301/141057.522762:INFO:CONSOLE(0)] "DEBUG: -------------------------------", source:  (0)
[24007:24007:0301/141057.522973:INFO:CONSOLE(0)] "DEBUG: Ember  : 2.6.2", source:  (0)
[24007:24007:0301/141057.523148:INFO:CONSOLE(0)] "DEBUG: jQuery : 2.2.4", source:  (0)
[24007:24007:0301/141057.523321:INFO:CONSOLE(0)] "DEBUG: -------------------------------", source:  (0)
[24007:24007:0301/141057.560558:INFO:CONSOLE(0)] "DEBUG: For more advanced debugging, install the Ember Inspector from https://chrome.google.com/webstore/detail/ember-inspector/bmdblncegkenkacieihfhpjfppoconhi", source:  (0)
[24007:24007:0301/141108.327246:INFO:CONSOLE(0)] "DEBUG: -------------------------------", source:  (0)
[24007:24007:0301/141108.327457:INFO:CONSOLE(0)] "DEBUG: Ember  : 2.6.2", source:  (0)
[24007:24007:0301/141108.327632:INFO:CONSOLE(0)] "DEBUG: jQuery : 2.2.4", source:  (0)
[24007:24007:0301/141108.327804:INFO:CONSOLE(0)] "DEBUG: -------------------------------", source:  (0)
[24007:24007:0301/141108.364955:INFO:CONSOLE(0)] "DEBUG: For more advanced debugging, install the Ember Inspector from https://chrome.google.com/webstore/detail/ember-inspector/bmdblncegkenkacieihfhpjfppoconhi", source:  (0)
[24007:24007:0301/141119.638353:INFO:CONSOLE(0)] "DEBUG: -------------------------------", source:  (0)
[24007:24007:0301/141119.638563:INFO:CONSOLE(0)] "DEBUG: Ember  : 2.6.2", source:  (0)
[24007:24007:0301/141119.638737:INFO:CONSOLE(0)] "DEBUG: jQuery : 2.2.4", source:  (0)
[24007:24007:0301/141119.638910:INFO:CONSOLE(0)] "DEBUG: -------------------------------", source:  (0)
[24007:24007:0301/141119.676036:INFO:CONSOLE(0)] "DEBUG: For more advanced debugging, install the Ember Inspector from https://chrome.google.com/webstore/detail/ember-inspector/bmdblncegkenkacieihfhpjfppoconhi", source:  (0)
[24007:24007:0301/141130.887698:INFO:CONSOLE(0)] "DEBUG: -------------------------------", source:  (0)
[24007:24007:0301/141130.887909:INFO:CONSOLE(0)] "DEBUG: Ember  : 2.6.2", source:  (0)
[24007:24007:0301/141130.888091:INFO:CONSOLE(0)] "DEBUG: jQuery : 2.2.4", source:  (0)
[24007:24007:0301/141130.888263:INFO:CONSOLE(0)] "DEBUG: -------------------------------", source:  (0)
[24007:24007:0301/141130.926083:INFO:CONSOLE(0)] "DEBUG: For more advanced debugging, install the Ember Inspector from https://chrome.google.com/webstore/detail/ember-inspector/bmdblncegkenkacieihfhpjfppoconhi", source:  (0)
[24007:24007:0301/141141.989560:INFO:CONSOLE(0)] "DEBUG: -------------------------------", source:  (0)
[24007:24007:0301/141141.989769:INFO:CONSOLE(0)] "DEBUG: Ember  : 2.6.2", source:  (0)
[24007:24007:0301/141141.989943:INFO:CONSOLE(0)] "DEBUG: jQuery : 2.2.4", source:  (0)
[24007:24007:0301/141141.990115:INFO:CONSOLE(0)] "DEBUG: -------------------------------", source:  (0)
[24007:24007:0301/141142.027912:INFO:CONSOLE(0)] "DEBUG: For more advanced debugging, install the Ember Inspector from https://chrome.google.com/webstore/detail/ember-inspector/bmdblncegkenkacieihfhpjfppoconhi", source:  (0)
[24007:24007:0301/141153.379009:INFO:CONSOLE(0)] "DEBUG: -------------------------------", source:  (0)
[24007:24007:0301/141153.379217:INFO:CONSOLE(0)] "DEBUG: Ember  : 2.6.2", source:  (0)
[24007:24007:0301/141153.379399:INFO:CONSOLE(0)] "DEBUG: jQuery : 2.2.4", source:  (0)
[24007:24007:0301/141153.379570:INFO:CONSOLE(0)] "DEBUG: -------------------------------", source:  (0)
[24007:24007:0301/141153.417335:INFO:CONSOLE(0)] "DEBUG: For more advanced debugging, install the Ember Inspector from https://chrome.google.com/webstore/detail/ember-inspector/bmdblncegkenkacieihfhpjfppoconhi", source:  (0)
[24007:24007:0301/141204.807404:INFO:CONSOLE(0)] "DEBUG: -------------------------------", source:  (0)
[24007:24007:0301/141204.807630:INFO:CONSOLE(0)] "DEBUG: Ember  : 2.6.2", source:  (0)
[24007:24007:0301/141204.807805:INFO:CONSOLE(0)] "DEBUG: jQuery : 2.2.4", source:  (0)
[24007:24007:0301/141204.807977:INFO:CONSOLE(0)] "DEBUG: -------------------------------", source:  (0)
[24007:24007:0301/141204.846207:INFO:CONSOLE(0)] "DEBUG: For more advanced debugging, install the Ember Inspector from https://chrome.google.com/webstore/detail/ember-inspector/bmdblncegkenkacieihfhpjfppoconhi", source:  (0)
[24007:24007:0301/141216.590440:INFO:CONSOLE(0)] "DEBUG: -------------------------------", source:  (0)
[24007:24007:0301/141216.590645:INFO:CONSOLE(0)] "DEBUG: Ember  : 2.6.2", source:  (0)
[24007:24007:0301/141216.590821:INFO:CONSOLE(0)] "DEBUG: jQuery : 2.2.4", source:  (0)
[24007:24007:0301/141216.591000:INFO:CONSOLE(0)] "DEBUG: -------------------------------", source:  (0)
[24007:24007:0301/141216.631065:INFO:CONSOLE(0)] "DEBUG: For more advanced debugging, install the Ember Inspector from https://chrome.google.com/webstore/detail/ember-inspector/bmdblncegkenkacieihfhpjfppoconhi", source:  (0)
