[24336:24336:0301/141447.172564:WARNING:chrome_main_delegate.cc(618)] This is Chrome version 112.0.5572.0 (not a warning)
[24336:24350:0301/141447.329695:ERROR:bus.cc(399)] Failed to connect to the bus: Could not parse server address: Unknown address type (examples of valid types are "tcp" and on UNIX "unix")
[24336:24350:0301/141447.329794:ERROR:bus.cc(399)] Failed to connect to the bus: Could not parse server address: Unknown address type (examples of valid types are "tcp" and on UNIX "unix")
[24336:24336:0301/141447.377384:WARNING:account_consistency_mode_manager.cc(70)] Desktop Identity Consistency cannot be enabled as no OAuth client ID and client secret have been configured.
[24336:24350:0301/141447.385383:ERROR:bus.cc(399)] Failed to connect to the bus: Could not parse server address: Unknown address type (examples of valid types are "tcp" and on UNIX "unix")
[24336:24350:0301/141447.385418:ERROR:bus.cc(399)] Failed to connect to the bus: Could not parse server address: Unknown address type (examples of valid types are "tcp" and on UNIX "unix")
[24336:24336:0301/141447.574059:WARNING:bluez_dbus_manager.cc(247)] Floss manager not present, cannot set Floss enable/disable.
[24336:24426:0301/141447.607145:ERROR:object_proxy.cc(623)] Failed to call method: org.freedesktop.DBus.Properties.Get: object_path= /org/freedesktop/UPower: org.freedesktop.DBus.Error.ServiceUnknown: The name org.freedesktop.UPower was not provided by any .service files
[24336:24426:0301/141447.626690:WARNING:property.cc(144)] DaemonVersion: GetAndBlock: failed.
[24336:24426:0301/141447.626945:ERROR:object_proxy.cc(623)] Failed to call method: org.freedesktop.UPower.GetDisplayDevice: object_path= /org/freedesktop/UPower: org.freedesktop.DBus.Error.ServiceUnknown: The name org.freedesktop.UPower was not provided by any .service files
[24336:24426:0301/141447.627128:ERROR:object_proxy.cc(623)] Failed to call method: org.freedesktop.UPower.EnumerateDevices: object_path= /org/freedesktop/UPower: org.freedesktop.DBus.Error.ServiceUnknown: The name org.freedesktop.UPower was not provided by any .service files
[24336:24350:0301/141447.761041:ERROR:bus.cc(399)] Failed to connect to the bus: Could not parse server address: Unknown address type (examples of valid types are "tcp" and on UNIX "unix")
[24336:24350:0301/141447.769674:ERROR:bus.cc(399)] Failed to connect to the bus: Could not parse server address: Unknown address type (examples of valid types are "tcp" and on UNIX "unix")
[24336:24336:0301/141453.960510:INFO:optimization_guide_logger.cc(42)] ../../components/optimization_guide/content/browser/page_content_annotations_service.cc(309) PageContentAnnotationJob Result: BatchAnnotationResult{"Speedometer 2.1 Interactive Runner", type: ContentVisibility, output: nullopt}
[24336:24336:0301/141453.960567:INFO:optimization_guide_logger.cc(42)] ../../components/optimization_guide/content/browser/page_content_annotations_service.cc(309) PageContentAnnotationJob Result: BatchAnnotationResult{"Speedometer 2.1 Interactive Runner", type: PageEntities, output: nullopt}
[24336:24336:0301/141454.379023:INFO:optimization_guide_logger.cc(42)] ../../components/optimization_guide/core/hints_manager.cc(523) Hint cache initialized
[24336:24336:0301/141500.929698:INFO:CONSOLE(0)] "DEBUG: -------------------------------", source:  (0)
[24336:24336:0301/141500.929913:INFO:CONSOLE(0)] "DEBUG: Ember  : 2.6.2", source:  (0)
[24336:24336:0301/141500.930088:INFO:CONSOLE(0)] "DEBUG: jQuery : 2.2.4", source:  (0)
[24336:24336:0301/141500.930264:INFO:CONSOLE(0)] "DEBUG: -------------------------------", source:  (0)
[24336:24336:0301/141501.017569:INFO:CONSOLE(0)] "DEBUG: For more advanced debugging, install the Ember Inspector from https://chrome.google.com/webstore/detail/ember-inspector/bmdblncegkenkacieihfhpjfppoconhi", source:  (0)
[24336:24336:0301/141519.043181:INFO:CONSOLE(0)] "DEBUG: -------------------------------", source:  (0)
[24336:24336:0301/141519.043383:INFO:CONSOLE(0)] "DEBUG: Ember  : 2.6.2", source:  (0)
[24336:24336:0301/141519.043557:INFO:CONSOLE(0)] "DEBUG: jQuery : 2.2.4", source:  (0)
[24336:24336:0301/141519.043735:INFO:CONSOLE(0)] "DEBUG: -------------------------------", source:  (0)
[24336:24336:0301/141519.082958:INFO:CONSOLE(0)] "DEBUG: For more advanced debugging, install the Ember Inspector from https://chrome.google.com/webstore/detail/ember-inspector/bmdblncegkenkacieihfhpjfppoconhi", source:  (0)
[24336:24336:0301/141530.365445:INFO:CONSOLE(0)] "DEBUG: -------------------------------", source:  (0)
[24336:24336:0301/141530.365653:INFO:CONSOLE(0)] "DEBUG: Ember  : 2.6.2", source:  (0)
[24336:24336:0301/141530.365827:INFO:CONSOLE(0)] "DEBUG: jQuery : 2.2.4", source:  (0)
[24336:24336:0301/141530.365997:INFO:CONSOLE(0)] "DEBUG: -------------------------------", source:  (0)
[24336:24336:0301/141530.420610:INFO:CONSOLE(0)] "DEBUG: For more advanced debugging, install the Ember Inspector from https://chrome.google.com/webstore/detail/ember-inspector/bmdblncegkenkacieihfhpjfppoconhi", source:  (0)
[24336:24336:0301/141541.270921:INFO:CONSOLE(0)] "DEBUG: -------------------------------", source:  (0)
[24336:24336:0301/141541.271136:INFO:CONSOLE(0)] "DEBUG: Ember  : 2.6.2", source:  (0)
[24336:24336:0301/141541.271310:INFO:CONSOLE(0)] "DEBUG: jQuery : 2.2.4", source:  (0)
[24336:24336:0301/141541.271488:INFO:CONSOLE(0)] "DEBUG: -------------------------------", source:  (0)
[24336:24336:0301/141541.309424:INFO:CONSOLE(0)] "DEBUG: For more advanced debugging, install the Ember Inspector from https://chrome.google.com/webstore/detail/ember-inspector/bmdblncegkenkacieihfhpjfppoconhi", source:  (0)
[24336:24336:0301/141552.659716:INFO:CONSOLE(0)] "DEBUG: -------------------------------", source:  (0)
[24336:24336:0301/141552.659928:INFO:CONSOLE(0)] "DEBUG: Ember  : 2.6.2", source:  (0)
[24336:24336:0301/141552.660105:INFO:CONSOLE(0)] "DEBUG: jQuery : 2.2.4", source:  (0)
[24336:24336:0301/141552.660284:INFO:CONSOLE(0)] "DEBUG: -------------------------------", source:  (0)
[24336:24336:0301/141552.697191:INFO:CONSOLE(0)] "DEBUG: For more advanced debugging, install the Ember Inspector from https://chrome.google.com/webstore/detail/ember-inspector/bmdblncegkenkacieihfhpjfppoconhi", source:  (0)
[24336:24336:0301/141604.139873:INFO:CONSOLE(0)] "DEBUG: -------------------------------", source:  (0)
[24336:24336:0301/141604.140181:INFO:CONSOLE(0)] "DEBUG: Ember  : 2.6.2", source:  (0)
[24336:24336:0301/141604.140368:INFO:CONSOLE(0)] "DEBUG: jQuery : 2.2.4", source:  (0)
[24336:24336:0301/141604.140549:INFO:CONSOLE(0)] "DEBUG: -------------------------------", source:  (0)
[24336:24336:0301/141604.179160:INFO:CONSOLE(0)] "DEBUG: For more advanced debugging, install the Ember Inspector from https://chrome.google.com/webstore/detail/ember-inspector/bmdblncegkenkacieihfhpjfppoconhi", source:  (0)
[24336:24336:0301/141615.769321:INFO:CONSOLE(0)] "DEBUG: -------------------------------", source:  (0)
[24336:24336:0301/141615.769527:INFO:CONSOLE(0)] "DEBUG: Ember  : 2.6.2", source:  (0)
[24336:24336:0301/141615.769701:INFO:CONSOLE(0)] "DEBUG: jQuery : 2.2.4", source:  (0)
[24336:24336:0301/141615.769873:INFO:CONSOLE(0)] "DEBUG: -------------------------------", source:  (0)
[24336:24336:0301/141615.808120:INFO:CONSOLE(0)] "DEBUG: For more advanced debugging, install the Ember Inspector from https://chrome.google.com/webstore/detail/ember-inspector/bmdblncegkenkacieihfhpjfppoconhi", source:  (0)
[24336:24336:0301/141627.231626:INFO:CONSOLE(0)] "DEBUG: -------------------------------", source:  (0)
[24336:24336:0301/141627.231830:INFO:CONSOLE(0)] "DEBUG: Ember  : 2.6.2", source:  (0)
[24336:24336:0301/141627.232012:INFO:CONSOLE(0)] "DEBUG: jQuery : 2.2.4", source:  (0)
[24336:24336:0301/141627.232184:INFO:CONSOLE(0)] "DEBUG: -------------------------------", source:  (0)
[24336:24336:0301/141627.278854:INFO:CONSOLE(0)] "DEBUG: For more advanced debugging, install the Ember Inspector from https://chrome.google.com/webstore/detail/ember-inspector/bmdblncegkenkacieihfhpjfppoconhi", source:  (0)
[24336:24336:0301/141638.287076:INFO:CONSOLE(0)] "DEBUG: -------------------------------", source:  (0)
[24336:24336:0301/141638.287297:INFO:CONSOLE(0)] "DEBUG: Ember  : 2.6.2", source:  (0)
[24336:24336:0301/141638.287480:INFO:CONSOLE(0)] "DEBUG: jQuery : 2.2.4", source:  (0)
[24336:24336:0301/141638.287652:INFO:CONSOLE(0)] "DEBUG: -------------------------------", source:  (0)
[24336:24336:0301/141638.325083:INFO:CONSOLE(0)] "DEBUG: For more advanced debugging, install the Ember Inspector from https://chrome.google.com/webstore/detail/ember-inspector/bmdblncegkenkacieihfhpjfppoconhi", source:  (0)
[24336:24336:0301/141650.095650:INFO:CONSOLE(0)] "DEBUG: -------------------------------", source:  (0)
[24336:24336:0301/141650.095856:INFO:CONSOLE(0)] "DEBUG: Ember  : 2.6.2", source:  (0)
[24336:24336:0301/141650.096031:INFO:CONSOLE(0)] "DEBUG: jQuery : 2.2.4", source:  (0)
[24336:24336:0301/141650.096203:INFO:CONSOLE(0)] "DEBUG: -------------------------------", source:  (0)
[24336:24336:0301/141650.138496:INFO:CONSOLE(0)] "DEBUG: For more advanced debugging, install the Ember Inspector from https://chrome.google.com/webstore/detail/ember-inspector/bmdblncegkenkacieihfhpjfppoconhi", source:  (0)
