[17876:17876:0301/125011.592246:WARNING:chrome_main_delegate.cc(618)] This is Chrome version 112.0.5572.0 (not a warning)
[17876:17890:0301/125011.767438:ERROR:bus.cc(399)] Failed to connect to the bus: Could not parse server address: Unknown address type (examples of valid types are "tcp" and on UNIX "unix")
[17876:17890:0301/125011.767472:ERROR:bus.cc(399)] Failed to connect to the bus: Could not parse server address: Unknown address type (examples of valid types are "tcp" and on UNIX "unix")
[17876:17876:0301/125011.802008:WARNING:account_consistency_mode_manager.cc(70)] Desktop Identity Consistency cannot be enabled as no OAuth client ID and client secret have been configured.
[17876:17890:0301/125011.810294:ERROR:bus.cc(399)] Failed to connect to the bus: Could not parse server address: Unknown address type (examples of valid types are "tcp" and on UNIX "unix")
[17876:17890:0301/125011.810327:ERROR:bus.cc(399)] Failed to connect to the bus: Could not parse server address: Unknown address type (examples of valid types are "tcp" and on UNIX "unix")
[17876:17876:0301/125012.004581:WARNING:bluez_dbus_manager.cc(247)] Floss manager not present, cannot set Floss enable/disable.
[17876:17967:0301/125012.047186:ERROR:object_proxy.cc(623)] Failed to call method: org.freedesktop.DBus.Properties.Get: object_path= /org/freedesktop/UPower: org.freedesktop.DBus.Error.ServiceUnknown: The name org.freedesktop.UPower was not provided by any .service files
[17876:17967:0301/125012.047209:WARNING:property.cc(144)] DaemonVersion: GetAndBlock: failed.
[17876:17967:0301/125012.047319:ERROR:object_proxy.cc(623)] Failed to call method: org.freedesktop.UPower.GetDisplayDevice: object_path= /org/freedesktop/UPower: org.freedesktop.DBus.Error.ServiceUnknown: The name org.freedesktop.UPower was not provided by any .service files
[17876:17967:0301/125012.047465:ERROR:object_proxy.cc(623)] Failed to call method: org.freedesktop.UPower.EnumerateDevices: object_path= /org/freedesktop/UPower: org.freedesktop.DBus.Error.ServiceUnknown: The name org.freedesktop.UPower was not provided by any .service files
[17876:17890:0301/125012.236019:ERROR:bus.cc(399)] Failed to connect to the bus: Could not parse server address: Unknown address type (examples of valid types are "tcp" and on UNIX "unix")
[17876:17890:0301/125012.244694:ERROR:bus.cc(399)] Failed to connect to the bus: Could not parse server address: Unknown address type (examples of valid types are "tcp" and on UNIX "unix")
[17876:17876:0301/125015.445126:INFO:optimization_guide_logger.cc(42)] ../../components/optimization_guide/core/hints_manager.cc(523) Hint cache initialized
[17876:17876:0301/125016.507182:INFO:optimization_guide_logger.cc(42)] ../../components/optimization_guide/content/browser/page_content_annotations_service.cc(309) PageContentAnnotationJob Result: BatchAnnotationResult{"Speedometer 2.1 Interactive Runner", type: ContentVisibility, output: nullopt}
[17876:17876:0301/125016.507342:INFO:optimization_guide_logger.cc(42)] ../../components/optimization_guide/content/browser/page_content_annotations_service.cc(309) PageContentAnnotationJob Result: BatchAnnotationResult{"Speedometer 2.1 Interactive Runner", type: PageEntities, output: nullopt}
[17876:17876:0301/125024.255021:INFO:CONSOLE(0)] "DEBUG: -------------------------------", source:  (0)
[17876:17876:0301/125024.255234:INFO:CONSOLE(0)] "DEBUG: Ember  : 2.6.2", source:  (0)
[17876:17876:0301/125024.255415:INFO:CONSOLE(0)] "DEBUG: jQuery : 2.2.4", source:  (0)
[17876:17876:0301/125024.255592:INFO:CONSOLE(0)] "DEBUG: -------------------------------", source:  (0)
[17876:17876:0301/125024.342891:INFO:CONSOLE(0)] "DEBUG: For more advanced debugging, install the Ember Inspector from https://chrome.google.com/webstore/detail/ember-inspector/bmdblncegkenkacieihfhpjfppoconhi", source:  (0)
[17876:17876:0301/125040.372706:INFO:CONSOLE(0)] "DEBUG: -------------------------------", source:  (0)
[17876:17876:0301/125040.372923:INFO:CONSOLE(0)] "DEBUG: Ember  : 2.6.2", source:  (0)
[17876:17876:0301/125040.373104:INFO:CONSOLE(0)] "DEBUG: jQuery : 2.2.4", source:  (0)
[17876:17876:0301/125040.373288:INFO:CONSOLE(0)] "DEBUG: -------------------------------", source:  (0)
[17876:17876:0301/125040.412221:INFO:CONSOLE(0)] "DEBUG: For more advanced debugging, install the Ember Inspector from https://chrome.google.com/webstore/detail/ember-inspector/bmdblncegkenkacieihfhpjfppoconhi", source:  (0)
[17876:17876:0301/125051.390888:INFO:CONSOLE(0)] "DEBUG: -------------------------------", source:  (0)
[17876:17876:0301/125051.391104:INFO:CONSOLE(0)] "DEBUG: Ember  : 2.6.2", source:  (0)
[17876:17876:0301/125051.391285:INFO:CONSOLE(0)] "DEBUG: jQuery : 2.2.4", source:  (0)
[17876:17876:0301/125051.391463:INFO:CONSOLE(0)] "DEBUG: -------------------------------", source:  (0)
[17876:17876:0301/125051.429330:INFO:CONSOLE(0)] "DEBUG: For more advanced debugging, install the Ember Inspector from https://chrome.google.com/webstore/detail/ember-inspector/bmdblncegkenkacieihfhpjfppoconhi", source:  (0)
[17876:17876:0301/125102.579022:INFO:CONSOLE(0)] "DEBUG: -------------------------------", source:  (0)
[17876:17876:0301/125102.579239:INFO:CONSOLE(0)] "DEBUG: Ember  : 2.6.2", source:  (0)
[17876:17876:0301/125102.579419:INFO:CONSOLE(0)] "DEBUG: jQuery : 2.2.4", source:  (0)
[17876:17876:0301/125102.579596:INFO:CONSOLE(0)] "DEBUG: -------------------------------", source:  (0)
[17876:17876:0301/125102.617702:INFO:CONSOLE(0)] "DEBUG: For more advanced debugging, install the Ember Inspector from https://chrome.google.com/webstore/detail/ember-inspector/bmdblncegkenkacieihfhpjfppoconhi", source:  (0)
[17876:17876:0301/125113.829871:INFO:CONSOLE(0)] "DEBUG: -------------------------------", source:  (0)
[17876:17876:0301/125113.830087:INFO:CONSOLE(0)] "DEBUG: Ember  : 2.6.2", source:  (0)
[17876:17876:0301/125113.830273:INFO:CONSOLE(0)] "DEBUG: jQuery : 2.2.4", source:  (0)
[17876:17876:0301/125113.830452:INFO:CONSOLE(0)] "DEBUG: -------------------------------", source:  (0)
[17876:17876:0301/125113.868338:INFO:CONSOLE(0)] "DEBUG: For more advanced debugging, install the Ember Inspector from https://chrome.google.com/webstore/detail/ember-inspector/bmdblncegkenkacieihfhpjfppoconhi", source:  (0)
[17876:17876:0301/125125.260899:INFO:CONSOLE(0)] "DEBUG: -------------------------------", source:  (0)
[17876:17876:0301/125125.261118:INFO:CONSOLE(0)] "DEBUG: Ember  : 2.6.2", source:  (0)
[17876:17876:0301/125125.261298:INFO:CONSOLE(0)] "DEBUG: jQuery : 2.2.4", source:  (0)
[17876:17876:0301/125125.261482:INFO:CONSOLE(0)] "DEBUG: -------------------------------", source:  (0)
[17876:17876:0301/125125.300820:INFO:CONSOLE(0)] "DEBUG: For more advanced debugging, install the Ember Inspector from https://chrome.google.com/webstore/detail/ember-inspector/bmdblncegkenkacieihfhpjfppoconhi", source:  (0)
[17876:17876:0301/125136.612107:INFO:CONSOLE(0)] "DEBUG: -------------------------------", source:  (0)
[17876:17876:0301/125136.612325:INFO:CONSOLE(0)] "DEBUG: Ember  : 2.6.2", source:  (0)
[17876:17876:0301/125136.612505:INFO:CONSOLE(0)] "DEBUG: jQuery : 2.2.4", source:  (0)
[17876:17876:0301/125136.612682:INFO:CONSOLE(0)] "DEBUG: -------------------------------", source:  (0)
[17876:17876:0301/125136.650485:INFO:CONSOLE(0)] "DEBUG: For more advanced debugging, install the Ember Inspector from https://chrome.google.com/webstore/detail/ember-inspector/bmdblncegkenkacieihfhpjfppoconhi", source:  (0)
[17876:17876:0301/125147.924020:INFO:CONSOLE(0)] "DEBUG: -------------------------------", source:  (0)
[17876:17876:0301/125147.924245:INFO:CONSOLE(0)] "DEBUG: Ember  : 2.6.2", source:  (0)
[17876:17876:0301/125147.924426:INFO:CONSOLE(0)] "DEBUG: jQuery : 2.2.4", source:  (0)
[17876:17876:0301/125147.924603:INFO:CONSOLE(0)] "DEBUG: -------------------------------", source:  (0)
[17876:17876:0301/125148.095382:INFO:CONSOLE(0)] "DEBUG: For more advanced debugging, install the Ember Inspector from https://chrome.google.com/webstore/detail/ember-inspector/bmdblncegkenkacieihfhpjfppoconhi", source:  (0)
[17876:17876:0301/125159.297823:INFO:CONSOLE(0)] "DEBUG: -------------------------------", source:  (0)
[17876:17876:0301/125159.298058:INFO:CONSOLE(0)] "DEBUG: Ember  : 2.6.2", source:  (0)
[17876:17876:0301/125159.298244:INFO:CONSOLE(0)] "DEBUG: jQuery : 2.2.4", source:  (0)
[17876:17876:0301/125159.298430:INFO:CONSOLE(0)] "DEBUG: -------------------------------", source:  (0)
[17876:17876:0301/125159.349250:INFO:CONSOLE(0)] "DEBUG: For more advanced debugging, install the Ember Inspector from https://chrome.google.com/webstore/detail/ember-inspector/bmdblncegkenkacieihfhpjfppoconhi", source:  (0)
[17876:17876:0301/125210.431360:INFO:CONSOLE(0)] "DEBUG: -------------------------------", source:  (0)
[17876:17876:0301/125210.431583:INFO:CONSOLE(0)] "DEBUG: Ember  : 2.6.2", source:  (0)
[17876:17876:0301/125210.431772:INFO:CONSOLE(0)] "DEBUG: jQuery : 2.2.4", source:  (0)
[17876:17876:0301/125210.431949:INFO:CONSOLE(0)] "DEBUG: -------------------------------", source:  (0)
[17876:17876:0301/125210.471436:INFO:CONSOLE(0)] "DEBUG: For more advanced debugging, install the Ember Inspector from https://chrome.google.com/webstore/detail/ember-inspector/bmdblncegkenkacieihfhpjfppoconhi", source:  (0)
