[23293:23293:0301/140118.177827:WARNING:chrome_main_delegate.cc(618)] This is Chrome version 112.0.5572.0 (not a warning)
[23293:23307:0301/140118.354831:ERROR:bus.cc(399)] Failed to connect to the bus: Could not parse server address: Unknown address type (examples of valid types are "tcp" and on UNIX "unix")
[23293:23307:0301/140118.354864:ERROR:bus.cc(399)] Failed to connect to the bus: Could not parse server address: Unknown address type (examples of valid types are "tcp" and on UNIX "unix")
[23293:23293:0301/140118.390247:WARNING:account_consistency_mode_manager.cc(70)] Desktop Identity Consistency cannot be enabled as no OAuth client ID and client secret have been configured.
[23293:23307:0301/140118.397229:ERROR:bus.cc(399)] Failed to connect to the bus: Could not parse server address: Unknown address type (examples of valid types are "tcp" and on UNIX "unix")
[23293:23307:0301/140118.397263:ERROR:bus.cc(399)] Failed to connect to the bus: Could not parse server address: Unknown address type (examples of valid types are "tcp" and on UNIX "unix")
[23293:23293:0301/140118.575472:WARNING:bluez_dbus_manager.cc(247)] Floss manager not present, cannot set Floss enable/disable.
[23293:23381:0301/140118.641166:ERROR:object_proxy.cc(623)] Failed to call method: org.freedesktop.DBus.Properties.Get: object_path= /org/freedesktop/UPower: org.freedesktop.DBus.Error.ServiceUnknown: The name org.freedesktop.UPower was not provided by any .service files
[23293:23381:0301/140118.641192:WARNING:property.cc(144)] DaemonVersion: GetAndBlock: failed.
[23293:23381:0301/140118.641299:ERROR:object_proxy.cc(623)] Failed to call method: org.freedesktop.UPower.GetDisplayDevice: object_path= /org/freedesktop/UPower: org.freedesktop.DBus.Error.ServiceUnknown: The name org.freedesktop.UPower was not provided by any .service files
[23293:23381:0301/140118.641405:ERROR:object_proxy.cc(623)] Failed to call method: org.freedesktop.UPower.EnumerateDevices: object_path= /org/freedesktop/UPower: org.freedesktop.DBus.Error.ServiceUnknown: The name org.freedesktop.UPower was not provided by any .service files
[23293:23307:0301/140118.911818:ERROR:bus.cc(399)] Failed to connect to the bus: Could not parse server address: Unknown address type (examples of valid types are "tcp" and on UNIX "unix")
[23293:23307:0301/140118.911859:ERROR:bus.cc(399)] Failed to connect to the bus: Could not parse server address: Unknown address type (examples of valid types are "tcp" and on UNIX "unix")
[23293:23293:0301/140122.434479:INFO:optimization_guide_logger.cc(42)] ../../components/optimization_guide/content/browser/page_content_annotations_service.cc(309) PageContentAnnotationJob Result: BatchAnnotationResult{"Speedometer 2.1 Interactive Runner", type: ContentVisibility, output: nullopt}
[23293:23293:0301/140122.434557:INFO:optimization_guide_logger.cc(42)] ../../components/optimization_guide/content/browser/page_content_annotations_service.cc(309) PageContentAnnotationJob Result: BatchAnnotationResult{"Speedometer 2.1 Interactive Runner", type: PageEntities, output: nullopt}
[23293:23293:0301/140122.578031:INFO:optimization_guide_logger.cc(42)] ../../components/optimization_guide/core/hints_manager.cc(523) Hint cache initialized
[23293:23293:0301/140134.042925:INFO:CONSOLE(0)] "DEBUG: -------------------------------", source:  (0)
[23293:23293:0301/140134.043132:INFO:CONSOLE(0)] "DEBUG: Ember  : 2.6.2", source:  (0)
[23293:23293:0301/140134.043315:INFO:CONSOLE(0)] "DEBUG: jQuery : 2.2.4", source:  (0)
[23293:23293:0301/140134.043488:INFO:CONSOLE(0)] "DEBUG: -------------------------------", source:  (0)
[23293:23293:0301/140134.129960:INFO:CONSOLE(0)] "DEBUG: For more advanced debugging, install the Ember Inspector from https://chrome.google.com/webstore/detail/ember-inspector/bmdblncegkenkacieihfhpjfppoconhi", source:  (0)
[23293:23293:0301/140150.916841:INFO:CONSOLE(0)] "DEBUG: -------------------------------", source:  (0)
[23293:23293:0301/140150.917043:INFO:CONSOLE(0)] "DEBUG: Ember  : 2.6.2", source:  (0)
[23293:23293:0301/140150.917219:INFO:CONSOLE(0)] "DEBUG: jQuery : 2.2.4", source:  (0)
[23293:23293:0301/140150.917398:INFO:CONSOLE(0)] "DEBUG: -------------------------------", source:  (0)
[23293:23293:0301/140150.955602:INFO:CONSOLE(0)] "DEBUG: For more advanced debugging, install the Ember Inspector from https://chrome.google.com/webstore/detail/ember-inspector/bmdblncegkenkacieihfhpjfppoconhi", source:  (0)
[23293:23293:0301/140201.977855:INFO:CONSOLE(0)] "DEBUG: -------------------------------", source:  (0)
[23293:23293:0301/140201.978061:INFO:CONSOLE(0)] "DEBUG: Ember  : 2.6.2", source:  (0)
[23293:23293:0301/140201.978251:INFO:CONSOLE(0)] "DEBUG: jQuery : 2.2.4", source:  (0)
[23293:23293:0301/140201.978433:INFO:CONSOLE(0)] "DEBUG: -------------------------------", source:  (0)
[23293:23293:0301/140202.016464:INFO:CONSOLE(0)] "DEBUG: For more advanced debugging, install the Ember Inspector from https://chrome.google.com/webstore/detail/ember-inspector/bmdblncegkenkacieihfhpjfppoconhi", source:  (0)
[23293:23293:0301/140213.087425:INFO:CONSOLE(0)] "DEBUG: -------------------------------", source:  (0)
[23293:23293:0301/140213.087630:INFO:CONSOLE(0)] "DEBUG: Ember  : 2.6.2", source:  (0)
[23293:23293:0301/140213.087805:INFO:CONSOLE(0)] "DEBUG: jQuery : 2.2.4", source:  (0)
[23293:23293:0301/140213.087986:INFO:CONSOLE(0)] "DEBUG: -------------------------------", source:  (0)
[23293:23293:0301/140213.125534:INFO:CONSOLE(0)] "DEBUG: For more advanced debugging, install the Ember Inspector from https://chrome.google.com/webstore/detail/ember-inspector/bmdblncegkenkacieihfhpjfppoconhi", source:  (0)
[23293:23293:0301/140224.122674:INFO:CONSOLE(0)] "DEBUG: -------------------------------", source:  (0)
[23293:23293:0301/140224.122880:INFO:CONSOLE(0)] "DEBUG: Ember  : 2.6.2", source:  (0)
[23293:23293:0301/140224.123054:INFO:CONSOLE(0)] "DEBUG: jQuery : 2.2.4", source:  (0)
[23293:23293:0301/140224.123226:INFO:CONSOLE(0)] "DEBUG: -------------------------------", source:  (0)
[23293:23293:0301/140224.160914:INFO:CONSOLE(0)] "DEBUG: For more advanced debugging, install the Ember Inspector from https://chrome.google.com/webstore/detail/ember-inspector/bmdblncegkenkacieihfhpjfppoconhi", source:  (0)
[23293:23293:0301/140235.705761:INFO:CONSOLE(0)] "DEBUG: -------------------------------", source:  (0)
[23293:23293:0301/140235.705968:INFO:CONSOLE(0)] "DEBUG: Ember  : 2.6.2", source:  (0)
[23293:23293:0301/140235.706144:INFO:CONSOLE(0)] "DEBUG: jQuery : 2.2.4", source:  (0)
[23293:23293:0301/140235.706326:INFO:CONSOLE(0)] "DEBUG: -------------------------------", source:  (0)
[23293:23293:0301/140235.744962:INFO:CONSOLE(0)] "DEBUG: For more advanced debugging, install the Ember Inspector from https://chrome.google.com/webstore/detail/ember-inspector/bmdblncegkenkacieihfhpjfppoconhi", source:  (0)
[23293:23293:0301/140246.851155:INFO:CONSOLE(0)] "DEBUG: -------------------------------", source:  (0)
[23293:23293:0301/140246.851369:INFO:CONSOLE(0)] "DEBUG: Ember  : 2.6.2", source:  (0)
[23293:23293:0301/140246.851544:INFO:CONSOLE(0)] "DEBUG: jQuery : 2.2.4", source:  (0)
[23293:23293:0301/140246.851717:INFO:CONSOLE(0)] "DEBUG: -------------------------------", source:  (0)
[23293:23293:0301/140246.889693:INFO:CONSOLE(0)] "DEBUG: For more advanced debugging, install the Ember Inspector from https://chrome.google.com/webstore/detail/ember-inspector/bmdblncegkenkacieihfhpjfppoconhi", source:  (0)
[23293:23293:0301/140258.604213:INFO:CONSOLE(0)] "DEBUG: -------------------------------", source:  (0)
[23293:23293:0301/140258.604421:INFO:CONSOLE(0)] "DEBUG: Ember  : 2.6.2", source:  (0)
[23293:23293:0301/140258.604598:INFO:CONSOLE(0)] "DEBUG: jQuery : 2.2.4", source:  (0)
[23293:23293:0301/140258.604779:INFO:CONSOLE(0)] "DEBUG: -------------------------------", source:  (0)
[23293:23293:0301/140258.642960:INFO:CONSOLE(0)] "DEBUG: For more advanced debugging, install the Ember Inspector from https://chrome.google.com/webstore/detail/ember-inspector/bmdblncegkenkacieihfhpjfppoconhi", source:  (0)
[23293:23293:0301/140309.726767:INFO:CONSOLE(0)] "DEBUG: -------------------------------", source:  (0)
[23293:23293:0301/140309.726983:INFO:CONSOLE(0)] "DEBUG: Ember  : 2.6.2", source:  (0)
[23293:23293:0301/140309.727158:INFO:CONSOLE(0)] "DEBUG: jQuery : 2.2.4", source:  (0)
[23293:23293:0301/140309.727330:INFO:CONSOLE(0)] "DEBUG: -------------------------------", source:  (0)
[23293:23293:0301/140309.764513:INFO:CONSOLE(0)] "DEBUG: For more advanced debugging, install the Ember Inspector from https://chrome.google.com/webstore/detail/ember-inspector/bmdblncegkenkacieihfhpjfppoconhi", source:  (0)
[23293:23293:0301/140321.255930:INFO:CONSOLE(0)] "DEBUG: -------------------------------", source:  (0)
[23293:23293:0301/140321.256145:INFO:CONSOLE(0)] "DEBUG: Ember  : 2.6.2", source:  (0)
[23293:23293:0301/140321.256321:INFO:CONSOLE(0)] "DEBUG: jQuery : 2.2.4", source:  (0)
[23293:23293:0301/140321.256494:INFO:CONSOLE(0)] "DEBUG: -------------------------------", source:  (0)
[23293:23293:0301/140321.295074:INFO:CONSOLE(0)] "DEBUG: For more advanced debugging, install the Ember Inspector from https://chrome.google.com/webstore/detail/ember-inspector/bmdblncegkenkacieihfhpjfppoconhi", source:  (0)
