[4745:4745:0301/212350.448345:WARNING:chrome_main_delegate.cc(618)] This is Chrome version 112.0.5572.0 (not a warning)
[4745:4760:0301/212350.609607:ERROR:bus.cc(399)] Failed to connect to the bus: Could not parse server address: Unknown address type (examples of valid types are "tcp" and on UNIX "unix")
[4745:4760:0301/212350.609650:ERROR:bus.cc(399)] Failed to connect to the bus: Could not parse server address: Unknown address type (examples of valid types are "tcp" and on UNIX "unix")
[4745:4745:0301/212350.649462:WARNING:account_consistency_mode_manager.cc(70)] Desktop Identity Consistency cannot be enabled as no OAuth client ID and client secret have been configured.
[4745:4760:0301/212350.656495:ERROR:bus.cc(399)] Failed to connect to the bus: Could not parse server address: Unknown address type (examples of valid types are "tcp" and on UNIX "unix")
[4745:4760:0301/212350.656531:ERROR:bus.cc(399)] Failed to connect to the bus: Could not parse server address: Unknown address type (examples of valid types are "tcp" and on UNIX "unix")
[4745:4745:0301/212350.846904:WARNING:bluez_dbus_manager.cc(247)] Floss manager not present, cannot set Floss enable/disable.
[4745:4834:0301/212350.923646:ERROR:object_proxy.cc(623)] Failed to call method: org.freedesktop.DBus.Properties.Get: object_path= /org/freedesktop/UPower: org.freedesktop.DBus.Error.ServiceUnknown: The name org.freedesktop.UPower was not provided by any .service files
[4745:4834:0301/212350.923669:WARNING:property.cc(144)] DaemonVersion: GetAndBlock: failed.
[4745:4834:0301/212350.923777:ERROR:object_proxy.cc(623)] Failed to call method: org.freedesktop.UPower.GetDisplayDevice: object_path= /org/freedesktop/UPower: org.freedesktop.DBus.Error.ServiceUnknown: The name org.freedesktop.UPower was not provided by any .service files
[4745:4834:0301/212350.923882:ERROR:object_proxy.cc(623)] Failed to call method: org.freedesktop.UPower.EnumerateDevices: object_path= /org/freedesktop/UPower: org.freedesktop.DBus.Error.ServiceUnknown: The name org.freedesktop.UPower was not provided by any .service files
[4745:4760:0301/212351.094335:ERROR:bus.cc(399)] Failed to connect to the bus: Could not parse server address: Unknown address type (examples of valid types are "tcp" and on UNIX "unix")
[4745:4760:0301/212351.124487:ERROR:bus.cc(399)] Failed to connect to the bus: Could not parse server address: Unknown address type (examples of valid types are "tcp" and on UNIX "unix")
[4745:4745:0301/212354.731022:INFO:optimization_guide_logger.cc(42)] ../../components/optimization_guide/core/hints_manager.cc(523) Hint cache initialized
[4745:4745:0301/212354.798893:INFO:optimization_guide_logger.cc(42)] ../../components/optimization_guide/content/browser/page_content_annotations_service.cc(309) PageContentAnnotationJob Result: BatchAnnotationResult{"Speedometer 2.1 Interactive Runner", type: ContentVisibility, output: nullopt}
[4745:4745:0301/212354.798963:INFO:optimization_guide_logger.cc(42)] ../../components/optimization_guide/content/browser/page_content_annotations_service.cc(309) PageContentAnnotationJob Result: BatchAnnotationResult{"Speedometer 2.1 Interactive Runner", type: PageEntities, output: nullopt}
[4745:4745:0301/212402.517877:INFO:CONSOLE(0)] "DEBUG: -------------------------------", source:  (0)
[4745:4745:0301/212402.518086:INFO:CONSOLE(0)] "DEBUG: Ember  : 2.6.2", source:  (0)
[4745:4745:0301/212402.518264:INFO:CONSOLE(0)] "DEBUG: jQuery : 2.2.4", source:  (0)
[4745:4745:0301/212402.518444:INFO:CONSOLE(0)] "DEBUG: -------------------------------", source:  (0)
[4745:4745:0301/212402.605408:INFO:CONSOLE(0)] "DEBUG: For more advanced debugging, install the Ember Inspector from https://chrome.google.com/webstore/detail/ember-inspector/bmdblncegkenkacieihfhpjfppoconhi", source:  (0)
[4745:4745:0301/212418.244488:INFO:CONSOLE(0)] "DEBUG: -------------------------------", source:  (0)
[4745:4745:0301/212418.244694:INFO:CONSOLE(0)] "DEBUG: Ember  : 2.6.2", source:  (0)
[4745:4745:0301/212418.244868:INFO:CONSOLE(0)] "DEBUG: jQuery : 2.2.4", source:  (0)
[4745:4745:0301/212418.245041:INFO:CONSOLE(0)] "DEBUG: -------------------------------", source:  (0)
[4745:4745:0301/212418.281454:INFO:CONSOLE(0)] "DEBUG: For more advanced debugging, install the Ember Inspector from https://chrome.google.com/webstore/detail/ember-inspector/bmdblncegkenkacieihfhpjfppoconhi", source:  (0)
[4745:4745:0301/212429.140939:INFO:CONSOLE(0)] "DEBUG: -------------------------------", source:  (0)
[4745:4745:0301/212429.141158:INFO:CONSOLE(0)] "DEBUG: Ember  : 2.6.2", source:  (0)
[4745:4745:0301/212429.141341:INFO:CONSOLE(0)] "DEBUG: jQuery : 2.2.4", source:  (0)
[4745:4745:0301/212429.141514:INFO:CONSOLE(0)] "DEBUG: -------------------------------", source:  (0)
[4745:4745:0301/212429.177813:INFO:CONSOLE(0)] "DEBUG: For more advanced debugging, install the Ember Inspector from https://chrome.google.com/webstore/detail/ember-inspector/bmdblncegkenkacieihfhpjfppoconhi", source:  (0)
[4745:4745:0301/212440.141423:INFO:CONSOLE(0)] "DEBUG: -------------------------------", source:  (0)
[4745:4745:0301/212440.141629:INFO:CONSOLE(0)] "DEBUG: Ember  : 2.6.2", source:  (0)
[4745:4745:0301/212440.141804:INFO:CONSOLE(0)] "DEBUG: jQuery : 2.2.4", source:  (0)
[4745:4745:0301/212440.141976:INFO:CONSOLE(0)] "DEBUG: -------------------------------", source:  (0)
[4745:4745:0301/212440.178501:INFO:CONSOLE(0)] "DEBUG: For more advanced debugging, install the Ember Inspector from https://chrome.google.com/webstore/detail/ember-inspector/bmdblncegkenkacieihfhpjfppoconhi", source:  (0)
[4745:4745:0301/212451.313239:INFO:CONSOLE(0)] "DEBUG: -------------------------------", source:  (0)
[4745:4745:0301/212451.313448:INFO:CONSOLE(0)] "DEBUG: Ember  : 2.6.2", source:  (0)
[4745:4745:0301/212451.313624:INFO:CONSOLE(0)] "DEBUG: jQuery : 2.2.4", source:  (0)
[4745:4745:0301/212451.313797:INFO:CONSOLE(0)] "DEBUG: -------------------------------", source:  (0)
[4745:4745:0301/212451.350480:INFO:CONSOLE(0)] "DEBUG: For more advanced debugging, install the Ember Inspector from https://chrome.google.com/webstore/detail/ember-inspector/bmdblncegkenkacieihfhpjfppoconhi", source:  (0)
[4745:4745:0301/212502.619986:INFO:CONSOLE(0)] "DEBUG: -------------------------------", source:  (0)
[4745:4745:0301/212502.620193:INFO:CONSOLE(0)] "DEBUG: Ember  : 2.6.2", source:  (0)
[4745:4745:0301/212502.620368:INFO:CONSOLE(0)] "DEBUG: jQuery : 2.2.4", source:  (0)
[4745:4745:0301/212502.620548:INFO:CONSOLE(0)] "DEBUG: -------------------------------", source:  (0)
[4745:4745:0301/212502.657646:INFO:CONSOLE(0)] "DEBUG: For more advanced debugging, install the Ember Inspector from https://chrome.google.com/webstore/detail/ember-inspector/bmdblncegkenkacieihfhpjfppoconhi", source:  (0)
[4745:4745:0301/212514.096957:INFO:CONSOLE(0)] "DEBUG: -------------------------------", source:  (0)
[4745:4745:0301/212514.097169:INFO:CONSOLE(0)] "DEBUG: Ember  : 2.6.2", source:  (0)
[4745:4745:0301/212514.097345:INFO:CONSOLE(0)] "DEBUG: jQuery : 2.2.4", source:  (0)
[4745:4745:0301/212514.097516:INFO:CONSOLE(0)] "DEBUG: -------------------------------", source:  (0)
[4745:4745:0301/212514.134693:INFO:CONSOLE(0)] "DEBUG: For more advanced debugging, install the Ember Inspector from https://chrome.google.com/webstore/detail/ember-inspector/bmdblncegkenkacieihfhpjfppoconhi", source:  (0)
[4745:4745:0301/212525.815261:INFO:CONSOLE(0)] "DEBUG: -------------------------------", source:  (0)
[4745:4745:0301/212525.815473:INFO:CONSOLE(0)] "DEBUG: Ember  : 2.6.2", source:  (0)
[4745:4745:0301/212525.815648:INFO:CONSOLE(0)] "DEBUG: jQuery : 2.2.4", source:  (0)
[4745:4745:0301/212525.815821:INFO:CONSOLE(0)] "DEBUG: -------------------------------", source:  (0)
[4745:4745:0301/212525.852996:INFO:CONSOLE(0)] "DEBUG: For more advanced debugging, install the Ember Inspector from https://chrome.google.com/webstore/detail/ember-inspector/bmdblncegkenkacieihfhpjfppoconhi", source:  (0)
[4745:4745:0301/212537.639087:INFO:CONSOLE(0)] "DEBUG: -------------------------------", source:  (0)
[4745:4745:0301/212537.639294:INFO:CONSOLE(0)] "DEBUG: Ember  : 2.6.2", source:  (0)
[4745:4745:0301/212537.639469:INFO:CONSOLE(0)] "DEBUG: jQuery : 2.2.4", source:  (0)
[4745:4745:0301/212537.639650:INFO:CONSOLE(0)] "DEBUG: -------------------------------", source:  (0)
[4745:4745:0301/212537.676881:INFO:CONSOLE(0)] "DEBUG: For more advanced debugging, install the Ember Inspector from https://chrome.google.com/webstore/detail/ember-inspector/bmdblncegkenkacieihfhpjfppoconhi", source:  (0)
[4745:4745:0301/212549.590353:INFO:CONSOLE(0)] "DEBUG: -------------------------------", source:  (0)
[4745:4745:0301/212549.590569:INFO:CONSOLE(0)] "DEBUG: Ember  : 2.6.2", source:  (0)
[4745:4745:0301/212549.590745:INFO:CONSOLE(0)] "DEBUG: jQuery : 2.2.4", source:  (0)
[4745:4745:0301/212549.590924:INFO:CONSOLE(0)] "DEBUG: -------------------------------", source:  (0)
[4745:4745:0301/212549.628197:INFO:CONSOLE(0)] "DEBUG: For more advanced debugging, install the Ember Inspector from https://chrome.google.com/webstore/detail/ember-inspector/bmdblncegkenkacieihfhpjfppoconhi", source:  (0)
