[22117:22117:0301/134542.130781:WARNING:chrome_main_delegate.cc(618)] This is Chrome version 112.0.5572.0 (not a warning)
[22117:22131:0301/134542.307198:ERROR:bus.cc(399)] Failed to connect to the bus: Could not parse server address: Unknown address type (examples of valid types are "tcp" and on UNIX "unix")
[22117:22131:0301/134542.307233:ERROR:bus.cc(399)] Failed to connect to the bus: Could not parse server address: Unknown address type (examples of valid types are "tcp" and on UNIX "unix")
[22117:22117:0301/134542.341652:WARNING:account_consistency_mode_manager.cc(70)] Desktop Identity Consistency cannot be enabled as no OAuth client ID and client secret have been configured.
[22117:22131:0301/134542.348708:ERROR:bus.cc(399)] Failed to connect to the bus: Could not parse server address: Unknown address type (examples of valid types are "tcp" and on UNIX "unix")
[22117:22131:0301/134542.348741:ERROR:bus.cc(399)] Failed to connect to the bus: Could not parse server address: Unknown address type (examples of valid types are "tcp" and on UNIX "unix")
[22117:22117:0301/134542.534462:WARNING:bluez_dbus_manager.cc(247)] Floss manager not present, cannot set Floss enable/disable.
[22117:22208:0301/134542.567056:ERROR:object_proxy.cc(623)] Failed to call method: org.freedesktop.DBus.Properties.Get: object_path= /org/freedesktop/UPower: org.freedesktop.DBus.Error.ServiceUnknown: The name org.freedesktop.UPower was not provided by any .service files
[22117:22208:0301/134542.579252:WARNING:property.cc(144)] DaemonVersion: GetAndBlock: failed.
[22117:22208:0301/134542.579483:ERROR:object_proxy.cc(623)] Failed to call method: org.freedesktop.UPower.GetDisplayDevice: object_path= /org/freedesktop/UPower: org.freedesktop.DBus.Error.ServiceUnknown: The name org.freedesktop.UPower was not provided by any .service files
[22117:22208:0301/134542.579632:ERROR:object_proxy.cc(623)] Failed to call method: org.freedesktop.UPower.EnumerateDevices: object_path= /org/freedesktop/UPower: org.freedesktop.DBus.Error.ServiceUnknown: The name org.freedesktop.UPower was not provided by any .service files
[22117:22131:0301/134542.705400:ERROR:bus.cc(399)] Failed to connect to the bus: Could not parse server address: Unknown address type (examples of valid types are "tcp" and on UNIX "unix")
[22117:22131:0301/134542.705435:ERROR:bus.cc(399)] Failed to connect to the bus: Could not parse server address: Unknown address type (examples of valid types are "tcp" and on UNIX "unix")
[22117:22117:0301/134546.022502:INFO:optimization_guide_logger.cc(42)] ../../components/optimization_guide/core/hints_manager.cc(523) Hint cache initialized
[22117:22117:0301/134546.466791:INFO:optimization_guide_logger.cc(42)] ../../components/optimization_guide/content/browser/page_content_annotations_service.cc(309) PageContentAnnotationJob Result: BatchAnnotationResult{"Speedometer 2.1 Interactive Runner", type: ContentVisibility, output: nullopt}
[22117:22117:0301/134546.466871:INFO:optimization_guide_logger.cc(42)] ../../components/optimization_guide/content/browser/page_content_annotations_service.cc(309) PageContentAnnotationJob Result: BatchAnnotationResult{"Speedometer 2.1 Interactive Runner", type: PageEntities, output: nullopt}
[22117:22117:0301/134554.081152:INFO:CONSOLE(0)] "DEBUG: -------------------------------", source:  (0)
[22117:22117:0301/134554.081358:INFO:CONSOLE(0)] "DEBUG: Ember  : 2.6.2", source:  (0)
[22117:22117:0301/134554.081538:INFO:CONSOLE(0)] "DEBUG: jQuery : 2.2.4", source:  (0)
[22117:22117:0301/134554.081706:INFO:CONSOLE(0)] "DEBUG: -------------------------------", source:  (0)
[22117:22117:0301/134554.168281:INFO:CONSOLE(0)] "DEBUG: For more advanced debugging, install the Ember Inspector from https://chrome.google.com/webstore/detail/ember-inspector/bmdblncegkenkacieihfhpjfppoconhi", source:  (0)
[22117:22117:0301/134610.050466:INFO:CONSOLE(0)] "DEBUG: -------------------------------", source:  (0)
[22117:22117:0301/134610.050677:INFO:CONSOLE(0)] "DEBUG: Ember  : 2.6.2", source:  (0)
[22117:22117:0301/134610.050856:INFO:CONSOLE(0)] "DEBUG: jQuery : 2.2.4", source:  (0)
[22117:22117:0301/134610.051033:INFO:CONSOLE(0)] "DEBUG: -------------------------------", source:  (0)
[22117:22117:0301/134610.089622:INFO:CONSOLE(0)] "DEBUG: For more advanced debugging, install the Ember Inspector from https://chrome.google.com/webstore/detail/ember-inspector/bmdblncegkenkacieihfhpjfppoconhi", source:  (0)
[22117:22117:0301/134621.138194:INFO:CONSOLE(0)] "DEBUG: -------------------------------", source:  (0)
[22117:22117:0301/134621.138407:INFO:CONSOLE(0)] "DEBUG: Ember  : 2.6.2", source:  (0)
[22117:22117:0301/134621.138581:INFO:CONSOLE(0)] "DEBUG: jQuery : 2.2.4", source:  (0)
[22117:22117:0301/134621.138751:INFO:CONSOLE(0)] "DEBUG: -------------------------------", source:  (0)
[22117:22117:0301/134621.178180:INFO:CONSOLE(0)] "DEBUG: For more advanced debugging, install the Ember Inspector from https://chrome.google.com/webstore/detail/ember-inspector/bmdblncegkenkacieihfhpjfppoconhi", source:  (0)
[22117:22117:0301/134632.257986:INFO:CONSOLE(0)] "DEBUG: -------------------------------", source:  (0)
[22117:22117:0301/134632.258189:INFO:CONSOLE(0)] "DEBUG: Ember  : 2.6.2", source:  (0)
[22117:22117:0301/134632.258375:INFO:CONSOLE(0)] "DEBUG: jQuery : 2.2.4", source:  (0)
[22117:22117:0301/134632.258546:INFO:CONSOLE(0)] "DEBUG: -------------------------------", source:  (0)
[22117:22117:0301/134632.295397:INFO:CONSOLE(0)] "DEBUG: For more advanced debugging, install the Ember Inspector from https://chrome.google.com/webstore/detail/ember-inspector/bmdblncegkenkacieihfhpjfppoconhi", source:  (0)
[22117:22117:0301/134643.131279:INFO:CONSOLE(0)] "DEBUG: -------------------------------", source:  (0)
[22117:22117:0301/134643.131482:INFO:CONSOLE(0)] "DEBUG: Ember  : 2.6.2", source:  (0)
[22117:22117:0301/134643.131654:INFO:CONSOLE(0)] "DEBUG: jQuery : 2.2.4", source:  (0)
[22117:22117:0301/134643.131824:INFO:CONSOLE(0)] "DEBUG: -------------------------------", source:  (0)
[22117:22117:0301/134643.169113:INFO:CONSOLE(0)] "DEBUG: For more advanced debugging, install the Ember Inspector from https://chrome.google.com/webstore/detail/ember-inspector/bmdblncegkenkacieihfhpjfppoconhi", source:  (0)
[22117:22117:0301/134654.402539:INFO:CONSOLE(0)] "DEBUG: -------------------------------", source:  (0)
[22117:22117:0301/134654.402753:INFO:CONSOLE(0)] "DEBUG: Ember  : 2.6.2", source:  (0)
[22117:22117:0301/134654.402926:INFO:CONSOLE(0)] "DEBUG: jQuery : 2.2.4", source:  (0)
[22117:22117:0301/134654.403096:INFO:CONSOLE(0)] "DEBUG: -------------------------------", source:  (0)
[22117:22117:0301/134654.440650:INFO:CONSOLE(0)] "DEBUG: For more advanced debugging, install the Ember Inspector from https://chrome.google.com/webstore/detail/ember-inspector/bmdblncegkenkacieihfhpjfppoconhi", source:  (0)
[22117:22117:0301/134705.640378:INFO:CONSOLE(0)] "DEBUG: -------------------------------", source:  (0)
[22117:22117:0301/134705.640585:INFO:CONSOLE(0)] "DEBUG: Ember  : 2.6.2", source:  (0)
[22117:22117:0301/134705.640759:INFO:CONSOLE(0)] "DEBUG: jQuery : 2.2.4", source:  (0)
[22117:22117:0301/134705.640929:INFO:CONSOLE(0)] "DEBUG: -------------------------------", source:  (0)
[22117:22117:0301/134705.678579:INFO:CONSOLE(0)] "DEBUG: For more advanced debugging, install the Ember Inspector from https://chrome.google.com/webstore/detail/ember-inspector/bmdblncegkenkacieihfhpjfppoconhi", source:  (0)
[22117:22117:0301/134716.796595:INFO:CONSOLE(0)] "DEBUG: -------------------------------", source:  (0)
[22117:22117:0301/134716.796798:INFO:CONSOLE(0)] "DEBUG: Ember  : 2.6.2", source:  (0)
[22117:22117:0301/134716.796970:INFO:CONSOLE(0)] "DEBUG: jQuery : 2.2.4", source:  (0)
[22117:22117:0301/134716.797147:INFO:CONSOLE(0)] "DEBUG: -------------------------------", source:  (0)
[22117:22117:0301/134716.834975:INFO:CONSOLE(0)] "DEBUG: For more advanced debugging, install the Ember Inspector from https://chrome.google.com/webstore/detail/ember-inspector/bmdblncegkenkacieihfhpjfppoconhi", source:  (0)
[22117:22117:0301/134727.973766:INFO:CONSOLE(0)] "DEBUG: -------------------------------", source:  (0)
[22117:22117:0301/134727.973981:INFO:CONSOLE(0)] "DEBUG: Ember  : 2.6.2", source:  (0)
[22117:22117:0301/134727.974153:INFO:CONSOLE(0)] "DEBUG: jQuery : 2.2.4", source:  (0)
[22117:22117:0301/134727.974328:INFO:CONSOLE(0)] "DEBUG: -------------------------------", source:  (0)
[22117:22117:0301/134728.011623:INFO:CONSOLE(0)] "DEBUG: For more advanced debugging, install the Ember Inspector from https://chrome.google.com/webstore/detail/ember-inspector/bmdblncegkenkacieihfhpjfppoconhi", source:  (0)
[22117:22117:0301/134739.520523:INFO:CONSOLE(0)] "DEBUG: -------------------------------", source:  (0)
[22117:22117:0301/134739.520727:INFO:CONSOLE(0)] "DEBUG: Ember  : 2.6.2", source:  (0)
[22117:22117:0301/134739.520907:INFO:CONSOLE(0)] "DEBUG: jQuery : 2.2.4", source:  (0)
[22117:22117:0301/134739.521090:INFO:CONSOLE(0)] "DEBUG: -------------------------------", source:  (0)
[22117:22117:0301/134739.559046:INFO:CONSOLE(0)] "DEBUG: For more advanced debugging, install the Ember Inspector from https://chrome.google.com/webstore/detail/ember-inspector/bmdblncegkenkacieihfhpjfppoconhi", source:  (0)
