[25163:25163:0301/142559.370024:WARNING:chrome_main_delegate.cc(618)] This is Chrome version 112.0.5572.0 (not a warning)
[25163:25177:0301/142559.548355:ERROR:bus.cc(399)] Failed to connect to the bus: Could not parse server address: Unknown address type (examples of valid types are "tcp" and on UNIX "unix")
[25163:25177:0301/142559.548388:ERROR:bus.cc(399)] Failed to connect to the bus: Could not parse server address: Unknown address type (examples of valid types are "tcp" and on UNIX "unix")
[25163:25163:0301/142559.597320:WARNING:account_consistency_mode_manager.cc(70)] Desktop Identity Consistency cannot be enabled as no OAuth client ID and client secret have been configured.
[25163:25177:0301/142559.604413:ERROR:bus.cc(399)] Failed to connect to the bus: Could not parse server address: Unknown address type (examples of valid types are "tcp" and on UNIX "unix")
[25163:25177:0301/142559.604445:ERROR:bus.cc(399)] Failed to connect to the bus: Could not parse server address: Unknown address type (examples of valid types are "tcp" and on UNIX "unix")
[25163:25163:0301/142559.793150:WARNING:bluez_dbus_manager.cc(247)] Floss manager not present, cannot set Floss enable/disable.
[25163:25253:0301/142559.834572:ERROR:object_proxy.cc(623)] Failed to call method: org.freedesktop.DBus.Properties.Get: object_path= /org/freedesktop/UPower: org.freedesktop.DBus.Error.ServiceUnknown: The name org.freedesktop.UPower was not provided by any .service files
[25163:25253:0301/142559.834593:WARNING:property.cc(144)] DaemonVersion: GetAndBlock: failed.
[25163:25253:0301/142559.834691:ERROR:object_proxy.cc(623)] Failed to call method: org.freedesktop.UPower.GetDisplayDevice: object_path= /org/freedesktop/UPower: org.freedesktop.DBus.Error.ServiceUnknown: The name org.freedesktop.UPower was not provided by any .service files
[25163:25253:0301/142559.834787:ERROR:object_proxy.cc(623)] Failed to call method: org.freedesktop.UPower.EnumerateDevices: object_path= /org/freedesktop/UPower: org.freedesktop.DBus.Error.ServiceUnknown: The name org.freedesktop.UPower was not provided by any .service files
[25163:25177:0301/142600.040081:ERROR:bus.cc(399)] Failed to connect to the bus: Could not parse server address: Unknown address type (examples of valid types are "tcp" and on UNIX "unix")
[25163:25177:0301/142600.065143:ERROR:bus.cc(399)] Failed to connect to the bus: Could not parse server address: Unknown address type (examples of valid types are "tcp" and on UNIX "unix")
[25163:25163:0301/142603.322305:INFO:optimization_guide_logger.cc(42)] ../../components/optimization_guide/core/hints_manager.cc(523) Hint cache initialized
[25163:25163:0301/142603.701927:INFO:optimization_guide_logger.cc(42)] ../../components/optimization_guide/content/browser/page_content_annotations_service.cc(309) PageContentAnnotationJob Result: BatchAnnotationResult{"Speedometer 2.1 Interactive Runner", type: ContentVisibility, output: nullopt}
[25163:25163:0301/142603.701997:INFO:optimization_guide_logger.cc(42)] ../../components/optimization_guide/content/browser/page_content_annotations_service.cc(309) PageContentAnnotationJob Result: BatchAnnotationResult{"Speedometer 2.1 Interactive Runner", type: PageEntities, output: nullopt}
[25163:25163:0301/142613.806543:INFO:CONSOLE(0)] "DEBUG: -------------------------------", source:  (0)
[25163:25163:0301/142613.806749:INFO:CONSOLE(0)] "DEBUG: Ember  : 2.6.2", source:  (0)
[25163:25163:0301/142613.806924:INFO:CONSOLE(0)] "DEBUG: jQuery : 2.2.4", source:  (0)
[25163:25163:0301/142613.807094:INFO:CONSOLE(0)] "DEBUG: -------------------------------", source:  (0)
[25163:25163:0301/142613.893989:INFO:CONSOLE(0)] "DEBUG: For more advanced debugging, install the Ember Inspector from https://chrome.google.com/webstore/detail/ember-inspector/bmdblncegkenkacieihfhpjfppoconhi", source:  (0)
[25163:25163:0301/142629.807888:INFO:CONSOLE(0)] "DEBUG: -------------------------------", source:  (0)
[25163:25163:0301/142629.808083:INFO:CONSOLE(0)] "DEBUG: Ember  : 2.6.2", source:  (0)
[25163:25163:0301/142629.808256:INFO:CONSOLE(0)] "DEBUG: jQuery : 2.2.4", source:  (0)
[25163:25163:0301/142629.808433:INFO:CONSOLE(0)] "DEBUG: -------------------------------", source:  (0)
[25163:25163:0301/142629.847226:INFO:CONSOLE(0)] "DEBUG: For more advanced debugging, install the Ember Inspector from https://chrome.google.com/webstore/detail/ember-inspector/bmdblncegkenkacieihfhpjfppoconhi", source:  (0)
[25163:25163:0301/142641.058248:INFO:CONSOLE(0)] "DEBUG: -------------------------------", source:  (0)
[25163:25163:0301/142641.058462:INFO:CONSOLE(0)] "DEBUG: Ember  : 2.6.2", source:  (0)
[25163:25163:0301/142641.058635:INFO:CONSOLE(0)] "DEBUG: jQuery : 2.2.4", source:  (0)
[25163:25163:0301/142641.058804:INFO:CONSOLE(0)] "DEBUG: -------------------------------", source:  (0)
[25163:25163:0301/142641.097118:INFO:CONSOLE(0)] "DEBUG: For more advanced debugging, install the Ember Inspector from https://chrome.google.com/webstore/detail/ember-inspector/bmdblncegkenkacieihfhpjfppoconhi", source:  (0)
[25163:25163:0301/142652.208585:INFO:CONSOLE(0)] "DEBUG: -------------------------------", source:  (0)
[25163:25163:0301/142652.208808:INFO:CONSOLE(0)] "DEBUG: Ember  : 2.6.2", source:  (0)
[25163:25163:0301/142652.208999:INFO:CONSOLE(0)] "DEBUG: jQuery : 2.2.4", source:  (0)
[25163:25163:0301/142652.209172:INFO:CONSOLE(0)] "DEBUG: -------------------------------", source:  (0)
[25163:25163:0301/142652.246340:INFO:CONSOLE(0)] "DEBUG: For more advanced debugging, install the Ember Inspector from https://chrome.google.com/webstore/detail/ember-inspector/bmdblncegkenkacieihfhpjfppoconhi", source:  (0)
[25163:25163:0301/142703.278557:INFO:CONSOLE(0)] "DEBUG: -------------------------------", source:  (0)
[25163:25163:0301/142703.278769:INFO:CONSOLE(0)] "DEBUG: Ember  : 2.6.2", source:  (0)
[25163:25163:0301/142703.278943:INFO:CONSOLE(0)] "DEBUG: jQuery : 2.2.4", source:  (0)
[25163:25163:0301/142703.279114:INFO:CONSOLE(0)] "DEBUG: -------------------------------", source:  (0)
[25163:25163:0301/142703.316811:INFO:CONSOLE(0)] "DEBUG: For more advanced debugging, install the Ember Inspector from https://chrome.google.com/webstore/detail/ember-inspector/bmdblncegkenkacieihfhpjfppoconhi", source:  (0)
[25163:25163:0301/142714.488901:INFO:CONSOLE(0)] "DEBUG: -------------------------------", source:  (0)
[25163:25163:0301/142714.489111:INFO:CONSOLE(0)] "DEBUG: Ember  : 2.6.2", source:  (0)
[25163:25163:0301/142714.489285:INFO:CONSOLE(0)] "DEBUG: jQuery : 2.2.4", source:  (0)
[25163:25163:0301/142714.489454:INFO:CONSOLE(0)] "DEBUG: -------------------------------", source:  (0)
[25163:25163:0301/142714.528791:INFO:CONSOLE(0)] "DEBUG: For more advanced debugging, install the Ember Inspector from https://chrome.google.com/webstore/detail/ember-inspector/bmdblncegkenkacieihfhpjfppoconhi", source:  (0)
[25163:25163:0301/142725.918010:INFO:CONSOLE(0)] "DEBUG: -------------------------------", source:  (0)
[25163:25163:0301/142725.918229:INFO:CONSOLE(0)] "DEBUG: Ember  : 2.6.2", source:  (0)
[25163:25163:0301/142725.918408:INFO:CONSOLE(0)] "DEBUG: jQuery : 2.2.4", source:  (0)
[25163:25163:0301/142725.918579:INFO:CONSOLE(0)] "DEBUG: -------------------------------", source:  (0)
[25163:25163:0301/142725.957817:INFO:CONSOLE(0)] "DEBUG: For more advanced debugging, install the Ember Inspector from https://chrome.google.com/webstore/detail/ember-inspector/bmdblncegkenkacieihfhpjfppoconhi", source:  (0)
[25163:25163:0301/142737.133345:INFO:CONSOLE(0)] "DEBUG: -------------------------------", source:  (0)
[25163:25163:0301/142737.133559:INFO:CONSOLE(0)] "DEBUG: Ember  : 2.6.2", source:  (0)
[25163:25163:0301/142737.133746:INFO:CONSOLE(0)] "DEBUG: jQuery : 2.2.4", source:  (0)
[25163:25163:0301/142737.133916:INFO:CONSOLE(0)] "DEBUG: -------------------------------", source:  (0)
[25163:25163:0301/142737.171562:INFO:CONSOLE(0)] "DEBUG: For more advanced debugging, install the Ember Inspector from https://chrome.google.com/webstore/detail/ember-inspector/bmdblncegkenkacieihfhpjfppoconhi", source:  (0)
[25163:25163:0301/142748.587035:INFO:CONSOLE(0)] "DEBUG: -------------------------------", source:  (0)
[25163:25163:0301/142748.587254:INFO:CONSOLE(0)] "DEBUG: Ember  : 2.6.2", source:  (0)
[25163:25163:0301/142748.587428:INFO:CONSOLE(0)] "DEBUG: jQuery : 2.2.4", source:  (0)
[25163:25163:0301/142748.587610:INFO:CONSOLE(0)] "DEBUG: -------------------------------", source:  (0)
[25163:25163:0301/142748.627115:INFO:CONSOLE(0)] "DEBUG: For more advanced debugging, install the Ember Inspector from https://chrome.google.com/webstore/detail/ember-inspector/bmdblncegkenkacieihfhpjfppoconhi", source:  (0)
[25163:25163:0301/142800.031309:INFO:CONSOLE(0)] "DEBUG: -------------------------------", source:  (0)
[25163:25163:0301/142800.031525:INFO:CONSOLE(0)] "DEBUG: Ember  : 2.6.2", source:  (0)
[25163:25163:0301/142800.031698:INFO:CONSOLE(0)] "DEBUG: jQuery : 2.2.4", source:  (0)
[25163:25163:0301/142800.031868:INFO:CONSOLE(0)] "DEBUG: -------------------------------", source:  (0)
[25163:25163:0301/142800.070427:INFO:CONSOLE(0)] "DEBUG: For more advanced debugging, install the Ember Inspector from https://chrome.google.com/webstore/detail/ember-inspector/bmdblncegkenkacieihfhpjfppoconhi", source:  (0)
