[1335:1335:0301/203706.122932:WARNING:chrome_main_delegate.cc(618)] This is Chrome version 112.0.5572.0 (not a warning)
[1335:1349:0301/203706.283306:ERROR:bus.cc(399)] Failed to connect to the bus: Could not parse server address: Unknown address type (examples of valid types are "tcp" and on UNIX "unix")
[1335:1349:0301/203706.283337:ERROR:bus.cc(399)] Failed to connect to the bus: Could not parse server address: Unknown address type (examples of valid types are "tcp" and on UNIX "unix")
[1335:1335:0301/203706.319682:WARNING:account_consistency_mode_manager.cc(70)] Desktop Identity Consistency cannot be enabled as no OAuth client ID and client secret have been configured.
[1335:1349:0301/203706.326677:ERROR:bus.cc(399)] Failed to connect to the bus: Could not parse server address: Unknown address type (examples of valid types are "tcp" and on UNIX "unix")
[1335:1349:0301/203706.326711:ERROR:bus.cc(399)] Failed to connect to the bus: Could not parse server address: Unknown address type (examples of valid types are "tcp" and on UNIX "unix")
[1335:1335:0301/203706.522072:WARNING:bluez_dbus_manager.cc(247)] Floss manager not present, cannot set Floss enable/disable.
[1335:1425:0301/203706.541531:ERROR:object_proxy.cc(623)] Failed to call method: org.freedesktop.DBus.Properties.Get: object_path= /org/freedesktop/UPower: org.freedesktop.DBus.Error.ServiceUnknown: The name org.freedesktop.UPower was not provided by any .service files
[1335:1425:0301/203706.541555:WARNING:property.cc(144)] DaemonVersion: GetAndBlock: failed.
[1335:1425:0301/203706.541671:ERROR:object_proxy.cc(623)] Failed to call method: org.freedesktop.UPower.GetDisplayDevice: object_path= /org/freedesktop/UPower: org.freedesktop.DBus.Error.ServiceUnknown: The name org.freedesktop.UPower was not provided by any .service files
[1335:1425:0301/203706.541786:ERROR:object_proxy.cc(623)] Failed to call method: org.freedesktop.UPower.EnumerateDevices: object_path= /org/freedesktop/UPower: org.freedesktop.DBus.Error.ServiceUnknown: The name org.freedesktop.UPower was not provided by any .service files
[1335:1349:0301/203706.731909:ERROR:bus.cc(399)] Failed to connect to the bus: Could not parse server address: Unknown address type (examples of valid types are "tcp" and on UNIX "unix")
[1335:1349:0301/203706.740676:ERROR:bus.cc(399)] Failed to connect to the bus: Could not parse server address: Unknown address type (examples of valid types are "tcp" and on UNIX "unix")
[1335:1335:0301/203709.972585:INFO:optimization_guide_logger.cc(42)] ../../components/optimization_guide/core/hints_manager.cc(523) Hint cache initialized
[1335:1335:0301/203710.385000:INFO:optimization_guide_logger.cc(42)] ../../components/optimization_guide/content/browser/page_content_annotations_service.cc(309) PageContentAnnotationJob Result: BatchAnnotationResult{"Speedometer 2.1 Interactive Runner", type: ContentVisibility, output: nullopt}
[1335:1335:0301/203710.385073:INFO:optimization_guide_logger.cc(42)] ../../components/optimization_guide/content/browser/page_content_annotations_service.cc(309) PageContentAnnotationJob Result: BatchAnnotationResult{"Speedometer 2.1 Interactive Runner", type: PageEntities, output: nullopt}
[1335:1335:0301/203718.062370:INFO:CONSOLE(0)] "DEBUG: -------------------------------", source:  (0)
[1335:1335:0301/203718.062585:INFO:CONSOLE(0)] "DEBUG: Ember  : 2.6.2", source:  (0)
[1335:1335:0301/203718.062759:INFO:CONSOLE(0)] "DEBUG: jQuery : 2.2.4", source:  (0)
[1335:1335:0301/203718.062930:INFO:CONSOLE(0)] "DEBUG: -------------------------------", source:  (0)
[1335:1335:0301/203718.149586:INFO:CONSOLE(0)] "DEBUG: For more advanced debugging, install the Ember Inspector from https://chrome.google.com/webstore/detail/ember-inspector/bmdblncegkenkacieihfhpjfppoconhi", source:  (0)
[1335:1335:0301/203733.696024:INFO:CONSOLE(0)] "DEBUG: -------------------------------", source:  (0)
[1335:1335:0301/203733.696229:INFO:CONSOLE(0)] "DEBUG: Ember  : 2.6.2", source:  (0)
[1335:1335:0301/203733.696403:INFO:CONSOLE(0)] "DEBUG: jQuery : 2.2.4", source:  (0)
[1335:1335:0301/203733.696574:INFO:CONSOLE(0)] "DEBUG: -------------------------------", source:  (0)
[1335:1335:0301/203733.732866:INFO:CONSOLE(0)] "DEBUG: For more advanced debugging, install the Ember Inspector from https://chrome.google.com/webstore/detail/ember-inspector/bmdblncegkenkacieihfhpjfppoconhi", source:  (0)
[1335:1335:0301/203744.754241:INFO:CONSOLE(0)] "DEBUG: -------------------------------", source:  (0)
[1335:1335:0301/203744.754451:INFO:CONSOLE(0)] "DEBUG: Ember  : 2.6.2", source:  (0)
[1335:1335:0301/203744.754624:INFO:CONSOLE(0)] "DEBUG: jQuery : 2.2.4", source:  (0)
[1335:1335:0301/203744.754795:INFO:CONSOLE(0)] "DEBUG: -------------------------------", source:  (0)
[1335:1335:0301/203744.790846:INFO:CONSOLE(0)] "DEBUG: For more advanced debugging, install the Ember Inspector from https://chrome.google.com/webstore/detail/ember-inspector/bmdblncegkenkacieihfhpjfppoconhi", source:  (0)
[1335:1335:0301/203755.906082:INFO:CONSOLE(0)] "DEBUG: -------------------------------", source:  (0)
[1335:1335:0301/203755.906299:INFO:CONSOLE(0)] "DEBUG: Ember  : 2.6.2", source:  (0)
[1335:1335:0301/203755.906482:INFO:CONSOLE(0)] "DEBUG: jQuery : 2.2.4", source:  (0)
[1335:1335:0301/203755.906654:INFO:CONSOLE(0)] "DEBUG: -------------------------------", source:  (0)
[1335:1335:0301/203755.942928:INFO:CONSOLE(0)] "DEBUG: For more advanced debugging, install the Ember Inspector from https://chrome.google.com/webstore/detail/ember-inspector/bmdblncegkenkacieihfhpjfppoconhi", source:  (0)
[1335:1335:0301/203807.149942:INFO:CONSOLE(0)] "DEBUG: -------------------------------", source:  (0)
[1335:1335:0301/203807.150156:INFO:CONSOLE(0)] "DEBUG: Ember  : 2.6.2", source:  (0)
[1335:1335:0301/203807.150357:INFO:CONSOLE(0)] "DEBUG: jQuery : 2.2.4", source:  (0)
[1335:1335:0301/203807.150537:INFO:CONSOLE(0)] "DEBUG: -------------------------------", source:  (0)
[1335:1335:0301/203807.186547:INFO:CONSOLE(0)] "DEBUG: For more advanced debugging, install the Ember Inspector from https://chrome.google.com/webstore/detail/ember-inspector/bmdblncegkenkacieihfhpjfppoconhi", source:  (0)
[1335:1335:0301/203818.519309:INFO:CONSOLE(0)] "DEBUG: -------------------------------", source:  (0)
[1335:1335:0301/203818.519521:INFO:CONSOLE(0)] "DEBUG: Ember  : 2.6.2", source:  (0)
[1335:1335:0301/203818.519696:INFO:CONSOLE(0)] "DEBUG: jQuery : 2.2.4", source:  (0)
[1335:1335:0301/203818.519868:INFO:CONSOLE(0)] "DEBUG: -------------------------------", source:  (0)
[1335:1335:0301/203818.556612:INFO:CONSOLE(0)] "DEBUG: For more advanced debugging, install the Ember Inspector from https://chrome.google.com/webstore/detail/ember-inspector/bmdblncegkenkacieihfhpjfppoconhi", source:  (0)
[1335:1335:0301/203830.098536:INFO:CONSOLE(0)] "DEBUG: -------------------------------", source:  (0)
[1335:1335:0301/203830.098754:INFO:CONSOLE(0)] "DEBUG: Ember  : 2.6.2", source:  (0)
[1335:1335:0301/203830.098929:INFO:CONSOLE(0)] "DEBUG: jQuery : 2.2.4", source:  (0)
[1335:1335:0301/203830.099100:INFO:CONSOLE(0)] "DEBUG: -------------------------------", source:  (0)
[1335:1335:0301/203830.135928:INFO:CONSOLE(0)] "DEBUG: For more advanced debugging, install the Ember Inspector from https://chrome.google.com/webstore/detail/ember-inspector/bmdblncegkenkacieihfhpjfppoconhi", source:  (0)
[1335:1335:0301/203841.824040:INFO:CONSOLE(0)] "DEBUG: -------------------------------", source:  (0)
[1335:1335:0301/203841.824250:INFO:CONSOLE(0)] "DEBUG: Ember  : 2.6.2", source:  (0)
[1335:1335:0301/203841.824425:INFO:CONSOLE(0)] "DEBUG: jQuery : 2.2.4", source:  (0)
[1335:1335:0301/203841.824604:INFO:CONSOLE(0)] "DEBUG: -------------------------------", source:  (0)
[1335:1335:0301/203841.861611:INFO:CONSOLE(0)] "DEBUG: For more advanced debugging, install the Ember Inspector from https://chrome.google.com/webstore/detail/ember-inspector/bmdblncegkenkacieihfhpjfppoconhi", source:  (0)
[1335:1335:0301/203853.673565:INFO:CONSOLE(0)] "DEBUG: -------------------------------", source:  (0)
[1335:1335:0301/203853.673778:INFO:CONSOLE(0)] "DEBUG: Ember  : 2.6.2", source:  (0)
[1335:1335:0301/203853.673953:INFO:CONSOLE(0)] "DEBUG: jQuery : 2.2.4", source:  (0)
[1335:1335:0301/203853.674134:INFO:CONSOLE(0)] "DEBUG: -------------------------------", source:  (0)
[1335:1335:0301/203853.710705:INFO:CONSOLE(0)] "DEBUG: For more advanced debugging, install the Ember Inspector from https://chrome.google.com/webstore/detail/ember-inspector/bmdblncegkenkacieihfhpjfppoconhi", source:  (0)
[1335:1335:0301/203905.735072:INFO:CONSOLE(0)] "DEBUG: -------------------------------", source:  (0)
[1335:1335:0301/203905.735292:INFO:CONSOLE(0)] "DEBUG: Ember  : 2.6.2", source:  (0)
[1335:1335:0301/203905.735467:INFO:CONSOLE(0)] "DEBUG: jQuery : 2.2.4", source:  (0)
[1335:1335:0301/203905.735638:INFO:CONSOLE(0)] "DEBUG: -------------------------------", source:  (0)
[1335:1335:0301/203905.772857:INFO:CONSOLE(0)] "DEBUG: For more advanced debugging, install the Ember Inspector from https://chrome.google.com/webstore/detail/ember-inspector/bmdblncegkenkacieihfhpjfppoconhi", source:  (0)
