[24836:24836:0301/142133.793304:WARNING:chrome_main_delegate.cc(618)] This is Chrome version 112.0.5572.0 (not a warning)
[24836:24851:0301/142133.969614:ERROR:bus.cc(399)] Failed to connect to the bus: Could not parse server address: Unknown address type (examples of valid types are "tcp" and on UNIX "unix")
[24836:24851:0301/142133.969646:ERROR:bus.cc(399)] Failed to connect to the bus: Could not parse server address: Unknown address type (examples of valid types are "tcp" and on UNIX "unix")
[24836:24836:0301/142134.006131:WARNING:account_consistency_mode_manager.cc(70)] Desktop Identity Consistency cannot be enabled as no OAuth client ID and client secret have been configured.
[24836:24851:0301/142134.013273:ERROR:bus.cc(399)] Failed to connect to the bus: Could not parse server address: Unknown address type (examples of valid types are "tcp" and on UNIX "unix")
[24836:24851:0301/142134.013309:ERROR:bus.cc(399)] Failed to connect to the bus: Could not parse server address: Unknown address type (examples of valid types are "tcp" and on UNIX "unix")
[24836:24836:0301/142134.184016:WARNING:bluez_dbus_manager.cc(247)] Floss manager not present, cannot set Floss enable/disable.
[24836:24926:0301/142134.233631:ERROR:object_proxy.cc(623)] Failed to call method: org.freedesktop.DBus.Properties.Get: object_path= /org/freedesktop/UPower: org.freedesktop.DBus.Error.ServiceUnknown: The name org.freedesktop.UPower was not provided by any .service files
[24836:24926:0301/142134.233651:WARNING:property.cc(144)] DaemonVersion: GetAndBlock: failed.
[24836:24926:0301/142134.233943:ERROR:object_proxy.cc(623)] Failed to call method: org.freedesktop.UPower.GetDisplayDevice: object_path= /org/freedesktop/UPower: org.freedesktop.DBus.Error.ServiceUnknown: The name org.freedesktop.UPower was not provided by any .service files
[24836:24926:0301/142134.234060:ERROR:object_proxy.cc(623)] Failed to call method: org.freedesktop.UPower.EnumerateDevices: object_path= /org/freedesktop/UPower: org.freedesktop.DBus.Error.ServiceUnknown: The name org.freedesktop.UPower was not provided by any .service files
[24836:24851:0301/142134.499933:ERROR:bus.cc(399)] Failed to connect to the bus: Could not parse server address: Unknown address type (examples of valid types are "tcp" and on UNIX "unix")
[24836:24851:0301/142134.533548:ERROR:bus.cc(399)] Failed to connect to the bus: Could not parse server address: Unknown address type (examples of valid types are "tcp" and on UNIX "unix")
[24836:24836:0301/142137.698180:INFO:optimization_guide_logger.cc(42)] ../../components/optimization_guide/core/hints_manager.cc(523) Hint cache initialized
[24836:24836:0301/142138.063994:INFO:optimization_guide_logger.cc(42)] ../../components/optimization_guide/content/browser/page_content_annotations_service.cc(309) PageContentAnnotationJob Result: BatchAnnotationResult{"Speedometer 2.1 Interactive Runner", type: ContentVisibility, output: nullopt}
[24836:24836:0301/142138.064066:INFO:optimization_guide_logger.cc(42)] ../../components/optimization_guide/content/browser/page_content_annotations_service.cc(309) PageContentAnnotationJob Result: BatchAnnotationResult{"Speedometer 2.1 Interactive Runner", type: PageEntities, output: nullopt}
[24836:24836:0301/142145.771722:INFO:CONSOLE(0)] "DEBUG: -------------------------------", source:  (0)
[24836:24836:0301/142145.771930:INFO:CONSOLE(0)] "DEBUG: Ember  : 2.6.2", source:  (0)
[24836:24836:0301/142145.772100:INFO:CONSOLE(0)] "DEBUG: jQuery : 2.2.4", source:  (0)
[24836:24836:0301/142145.772268:INFO:CONSOLE(0)] "DEBUG: -------------------------------", source:  (0)
[24836:24836:0301/142145.859433:INFO:CONSOLE(0)] "DEBUG: For more advanced debugging, install the Ember Inspector from https://chrome.google.com/webstore/detail/ember-inspector/bmdblncegkenkacieihfhpjfppoconhi", source:  (0)
[24836:24836:0301/142201.920917:INFO:CONSOLE(0)] "DEBUG: -------------------------------", source:  (0)
[24836:24836:0301/142201.921116:INFO:CONSOLE(0)] "DEBUG: Ember  : 2.6.2", source:  (0)
[24836:24836:0301/142201.921297:INFO:CONSOLE(0)] "DEBUG: jQuery : 2.2.4", source:  (0)
[24836:24836:0301/142201.921476:INFO:CONSOLE(0)] "DEBUG: -------------------------------", source:  (0)
[24836:24836:0301/142201.961098:INFO:CONSOLE(0)] "DEBUG: For more advanced debugging, install the Ember Inspector from https://chrome.google.com/webstore/detail/ember-inspector/bmdblncegkenkacieihfhpjfppoconhi", source:  (0)
[24836:24836:0301/142213.258077:INFO:CONSOLE(0)] "DEBUG: -------------------------------", source:  (0)
[24836:24836:0301/142213.258287:INFO:CONSOLE(0)] "DEBUG: Ember  : 2.6.2", source:  (0)
[24836:24836:0301/142213.258463:INFO:CONSOLE(0)] "DEBUG: jQuery : 2.2.4", source:  (0)
[24836:24836:0301/142213.258634:INFO:CONSOLE(0)] "DEBUG: -------------------------------", source:  (0)
[24836:24836:0301/142213.296646:INFO:CONSOLE(0)] "DEBUG: For more advanced debugging, install the Ember Inspector from https://chrome.google.com/webstore/detail/ember-inspector/bmdblncegkenkacieihfhpjfppoconhi", source:  (0)
[24836:24836:0301/142224.563005:INFO:CONSOLE(0)] "DEBUG: -------------------------------", source:  (0)
[24836:24836:0301/142224.563207:INFO:CONSOLE(0)] "DEBUG: Ember  : 2.6.2", source:  (0)
[24836:24836:0301/142224.563382:INFO:CONSOLE(0)] "DEBUG: jQuery : 2.2.4", source:  (0)
[24836:24836:0301/142224.563554:INFO:CONSOLE(0)] "DEBUG: -------------------------------", source:  (0)
[24836:24836:0301/142224.600552:INFO:CONSOLE(0)] "DEBUG: For more advanced debugging, install the Ember Inspector from https://chrome.google.com/webstore/detail/ember-inspector/bmdblncegkenkacieihfhpjfppoconhi", source:  (0)
[24836:24836:0301/142235.902781:INFO:CONSOLE(0)] "DEBUG: -------------------------------", source:  (0)
[24836:24836:0301/142235.902986:INFO:CONSOLE(0)] "DEBUG: Ember  : 2.6.2", source:  (0)
[24836:24836:0301/142235.903160:INFO:CONSOLE(0)] "DEBUG: jQuery : 2.2.4", source:  (0)
[24836:24836:0301/142235.903331:INFO:CONSOLE(0)] "DEBUG: -------------------------------", source:  (0)
[24836:24836:0301/142235.949601:INFO:CONSOLE(0)] "DEBUG: For more advanced debugging, install the Ember Inspector from https://chrome.google.com/webstore/detail/ember-inspector/bmdblncegkenkacieihfhpjfppoconhi", source:  (0)
[24836:24836:0301/142247.269652:INFO:CONSOLE(0)] "DEBUG: -------------------------------", source:  (0)
[24836:24836:0301/142247.269860:INFO:CONSOLE(0)] "DEBUG: Ember  : 2.6.2", source:  (0)
[24836:24836:0301/142247.270035:INFO:CONSOLE(0)] "DEBUG: jQuery : 2.2.4", source:  (0)
[24836:24836:0301/142247.270207:INFO:CONSOLE(0)] "DEBUG: -------------------------------", source:  (0)
[24836:24836:0301/142247.308116:INFO:CONSOLE(0)] "DEBUG: For more advanced debugging, install the Ember Inspector from https://chrome.google.com/webstore/detail/ember-inspector/bmdblncegkenkacieihfhpjfppoconhi", source:  (0)
[24836:24836:0301/142258.646006:INFO:CONSOLE(0)] "DEBUG: -------------------------------", source:  (0)
[24836:24836:0301/142258.646209:INFO:CONSOLE(0)] "DEBUG: Ember  : 2.6.2", source:  (0)
[24836:24836:0301/142258.646387:INFO:CONSOLE(0)] "DEBUG: jQuery : 2.2.4", source:  (0)
[24836:24836:0301/142258.646559:INFO:CONSOLE(0)] "DEBUG: -------------------------------", source:  (0)
[24836:24836:0301/142258.685685:INFO:CONSOLE(0)] "DEBUG: For more advanced debugging, install the Ember Inspector from https://chrome.google.com/webstore/detail/ember-inspector/bmdblncegkenkacieihfhpjfppoconhi", source:  (0)
[24836:24836:0301/142309.929130:INFO:CONSOLE(0)] "DEBUG: -------------------------------", source:  (0)
[24836:24836:0301/142309.929333:INFO:CONSOLE(0)] "DEBUG: Ember  : 2.6.2", source:  (0)
[24836:24836:0301/142309.929514:INFO:CONSOLE(0)] "DEBUG: jQuery : 2.2.4", source:  (0)
[24836:24836:0301/142309.929685:INFO:CONSOLE(0)] "DEBUG: -------------------------------", source:  (0)
[24836:24836:0301/142309.967618:INFO:CONSOLE(0)] "DEBUG: For more advanced debugging, install the Ember Inspector from https://chrome.google.com/webstore/detail/ember-inspector/bmdblncegkenkacieihfhpjfppoconhi", source:  (0)
[24836:24836:0301/142321.260156:INFO:CONSOLE(0)] "DEBUG: -------------------------------", source:  (0)
[24836:24836:0301/142321.260369:INFO:CONSOLE(0)] "DEBUG: Ember  : 2.6.2", source:  (0)
[24836:24836:0301/142321.260544:INFO:CONSOLE(0)] "DEBUG: jQuery : 2.2.4", source:  (0)
[24836:24836:0301/142321.260715:INFO:CONSOLE(0)] "DEBUG: -------------------------------", source:  (0)
[24836:24836:0301/142321.298610:INFO:CONSOLE(0)] "DEBUG: For more advanced debugging, install the Ember Inspector from https://chrome.google.com/webstore/detail/ember-inspector/bmdblncegkenkacieihfhpjfppoconhi", source:  (0)
[24836:24836:0301/142332.892190:INFO:CONSOLE(0)] "DEBUG: -------------------------------", source:  (0)
[24836:24836:0301/142332.892397:INFO:CONSOLE(0)] "DEBUG: Ember  : 2.6.2", source:  (0)
[24836:24836:0301/142332.892571:INFO:CONSOLE(0)] "DEBUG: jQuery : 2.2.4", source:  (0)
[24836:24836:0301/142332.892743:INFO:CONSOLE(0)] "DEBUG: -------------------------------", source:  (0)
[24836:24836:0301/142332.931439:INFO:CONSOLE(0)] "DEBUG: For more advanced debugging, install the Ember Inspector from https://chrome.google.com/webstore/detail/ember-inspector/bmdblncegkenkacieihfhpjfppoconhi", source:  (0)
