[25814:25814:0301/143451.799566:WARNING:chrome_main_delegate.cc(618)] This is Chrome version 112.0.5572.0 (not a warning)
[25814:25829:0301/143451.974768:ERROR:bus.cc(399)] Failed to connect to the bus: Could not parse server address: Unknown address type (examples of valid types are "tcp" and on UNIX "unix")
[25814:25829:0301/143451.974803:ERROR:bus.cc(399)] Failed to connect to the bus: Could not parse server address: Unknown address type (examples of valid types are "tcp" and on UNIX "unix")
[25814:25814:0301/143452.005070:WARNING:account_consistency_mode_manager.cc(70)] Desktop Identity Consistency cannot be enabled as no OAuth client ID and client secret have been configured.
[25814:25829:0301/143452.012115:ERROR:bus.cc(399)] Failed to connect to the bus: Could not parse server address: Unknown address type (examples of valid types are "tcp" and on UNIX "unix")
[25814:25829:0301/143452.012150:ERROR:bus.cc(399)] Failed to connect to the bus: Could not parse server address: Unknown address type (examples of valid types are "tcp" and on UNIX "unix")
[25814:25814:0301/143452.192198:WARNING:bluez_dbus_manager.cc(247)] Floss manager not present, cannot set Floss enable/disable.
[25814:25905:0301/143452.251839:ERROR:object_proxy.cc(623)] Failed to call method: org.freedesktop.DBus.Properties.Get: object_path= /org/freedesktop/UPower: org.freedesktop.DBus.Error.ServiceUnknown: The name org.freedesktop.UPower was not provided by any .service files
[25814:25905:0301/143452.251860:WARNING:property.cc(144)] DaemonVersion: GetAndBlock: failed.
[25814:25905:0301/143452.251958:ERROR:object_proxy.cc(623)] Failed to call method: org.freedesktop.UPower.GetDisplayDevice: object_path= /org/freedesktop/UPower: org.freedesktop.DBus.Error.ServiceUnknown: The name org.freedesktop.UPower was not provided by any .service files
[25814:25905:0301/143452.252047:ERROR:object_proxy.cc(623)] Failed to call method: org.freedesktop.UPower.EnumerateDevices: object_path= /org/freedesktop/UPower: org.freedesktop.DBus.Error.ServiceUnknown: The name org.freedesktop.UPower was not provided by any .service files
[25814:25829:0301/143452.389062:ERROR:bus.cc(399)] Failed to connect to the bus: Could not parse server address: Unknown address type (examples of valid types are "tcp" and on UNIX "unix")
[25814:25829:0301/143452.389094:ERROR:bus.cc(399)] Failed to connect to the bus: Could not parse server address: Unknown address type (examples of valid types are "tcp" and on UNIX "unix")
[25814:25814:0301/143458.571271:INFO:optimization_guide_logger.cc(42)] ../../components/optimization_guide/content/browser/page_content_annotations_service.cc(309) PageContentAnnotationJob Result: BatchAnnotationResult{"Speedometer 2.1 Interactive Runner", type: ContentVisibility, output: nullopt}
[25814:25814:0301/143458.571331:INFO:optimization_guide_logger.cc(42)] ../../components/optimization_guide/content/browser/page_content_annotations_service.cc(309) PageContentAnnotationJob Result: BatchAnnotationResult{"Speedometer 2.1 Interactive Runner", type: PageEntities, output: nullopt}
[25814:25814:0301/143458.940089:INFO:optimization_guide_logger.cc(42)] ../../components/optimization_guide/core/hints_manager.cc(523) Hint cache initialized
[25814:25814:0301/143503.619780:INFO:CONSOLE(0)] "DEBUG: -------------------------------", source:  (0)
[25814:25814:0301/143503.619983:INFO:CONSOLE(0)] "DEBUG: Ember  : 2.6.2", source:  (0)
[25814:25814:0301/143503.620157:INFO:CONSOLE(0)] "DEBUG: jQuery : 2.2.4", source:  (0)
[25814:25814:0301/143503.620327:INFO:CONSOLE(0)] "DEBUG: -------------------------------", source:  (0)
[25814:25814:0301/143503.707156:INFO:CONSOLE(0)] "DEBUG: For more advanced debugging, install the Ember Inspector from https://chrome.google.com/webstore/detail/ember-inspector/bmdblncegkenkacieihfhpjfppoconhi", source:  (0)
[25814:25814:0301/143519.585528:INFO:CONSOLE(0)] "DEBUG: -------------------------------", source:  (0)
[25814:25814:0301/143519.585728:INFO:CONSOLE(0)] "DEBUG: Ember  : 2.6.2", source:  (0)
[25814:25814:0301/143519.585900:INFO:CONSOLE(0)] "DEBUG: jQuery : 2.2.4", source:  (0)
[25814:25814:0301/143519.586084:INFO:CONSOLE(0)] "DEBUG: -------------------------------", source:  (0)
[25814:25814:0301/143519.624726:INFO:CONSOLE(0)] "DEBUG: For more advanced debugging, install the Ember Inspector from https://chrome.google.com/webstore/detail/ember-inspector/bmdblncegkenkacieihfhpjfppoconhi", source:  (0)
[25814:25814:0301/143530.919938:INFO:CONSOLE(0)] "DEBUG: -------------------------------", source:  (0)
[25814:25814:0301/143530.920148:INFO:CONSOLE(0)] "DEBUG: Ember  : 2.6.2", source:  (0)
[25814:25814:0301/143530.920322:INFO:CONSOLE(0)] "DEBUG: jQuery : 2.2.4", source:  (0)
[25814:25814:0301/143530.920492:INFO:CONSOLE(0)] "DEBUG: -------------------------------", source:  (0)
[25814:25814:0301/143530.958311:INFO:CONSOLE(0)] "DEBUG: For more advanced debugging, install the Ember Inspector from https://chrome.google.com/webstore/detail/ember-inspector/bmdblncegkenkacieihfhpjfppoconhi", source:  (0)
[25814:25814:0301/143541.947901:INFO:CONSOLE(0)] "DEBUG: -------------------------------", source:  (0)
[25814:25814:0301/143541.948107:INFO:CONSOLE(0)] "DEBUG: Ember  : 2.6.2", source:  (0)
[25814:25814:0301/143541.948281:INFO:CONSOLE(0)] "DEBUG: jQuery : 2.2.4", source:  (0)
[25814:25814:0301/143541.948459:INFO:CONSOLE(0)] "DEBUG: -------------------------------", source:  (0)
[25814:25814:0301/143541.985813:INFO:CONSOLE(0)] "DEBUG: For more advanced debugging, install the Ember Inspector from https://chrome.google.com/webstore/detail/ember-inspector/bmdblncegkenkacieihfhpjfppoconhi", source:  (0)
[25814:25814:0301/143553.410601:INFO:CONSOLE(0)] "DEBUG: -------------------------------", source:  (0)
[25814:25814:0301/143553.410812:INFO:CONSOLE(0)] "DEBUG: Ember  : 2.6.2", source:  (0)
[25814:25814:0301/143553.410985:INFO:CONSOLE(0)] "DEBUG: jQuery : 2.2.4", source:  (0)
[25814:25814:0301/143553.411155:INFO:CONSOLE(0)] "DEBUG: -------------------------------", source:  (0)
[25814:25814:0301/143553.448733:INFO:CONSOLE(0)] "DEBUG: For more advanced debugging, install the Ember Inspector from https://chrome.google.com/webstore/detail/ember-inspector/bmdblncegkenkacieihfhpjfppoconhi", source:  (0)
[25814:25814:0301/143604.744494:INFO:CONSOLE(0)] "DEBUG: -------------------------------", source:  (0)
[25814:25814:0301/143604.744699:INFO:CONSOLE(0)] "DEBUG: Ember  : 2.6.2", source:  (0)
[25814:25814:0301/143604.744872:INFO:CONSOLE(0)] "DEBUG: jQuery : 2.2.4", source:  (0)
[25814:25814:0301/143604.745041:INFO:CONSOLE(0)] "DEBUG: -------------------------------", source:  (0)
[25814:25814:0301/143604.785679:INFO:CONSOLE(0)] "DEBUG: For more advanced debugging, install the Ember Inspector from https://chrome.google.com/webstore/detail/ember-inspector/bmdblncegkenkacieihfhpjfppoconhi", source:  (0)
[25814:25814:0301/143616.089375:INFO:CONSOLE(0)] "DEBUG: -------------------------------", source:  (0)
[25814:25814:0301/143616.089591:INFO:CONSOLE(0)] "DEBUG: Ember  : 2.6.2", source:  (0)
[25814:25814:0301/143616.089764:INFO:CONSOLE(0)] "DEBUG: jQuery : 2.2.4", source:  (0)
[25814:25814:0301/143616.089935:INFO:CONSOLE(0)] "DEBUG: -------------------------------", source:  (0)
[25814:25814:0301/143616.128087:INFO:CONSOLE(0)] "DEBUG: For more advanced debugging, install the Ember Inspector from https://chrome.google.com/webstore/detail/ember-inspector/bmdblncegkenkacieihfhpjfppoconhi", source:  (0)
[25814:25814:0301/143627.205972:INFO:CONSOLE(0)] "DEBUG: -------------------------------", source:  (0)
[25814:25814:0301/143627.206178:INFO:CONSOLE(0)] "DEBUG: Ember  : 2.6.2", source:  (0)
[25814:25814:0301/143627.206363:INFO:CONSOLE(0)] "DEBUG: jQuery : 2.2.4", source:  (0)
[25814:25814:0301/143627.206534:INFO:CONSOLE(0)] "DEBUG: -------------------------------", source:  (0)
[25814:25814:0301/143627.243746:INFO:CONSOLE(0)] "DEBUG: For more advanced debugging, install the Ember Inspector from https://chrome.google.com/webstore/detail/ember-inspector/bmdblncegkenkacieihfhpjfppoconhi", source:  (0)
[25814:25814:0301/143638.394332:INFO:CONSOLE(0)] "DEBUG: -------------------------------", source:  (0)
[25814:25814:0301/143638.394551:INFO:CONSOLE(0)] "DEBUG: Ember  : 2.6.2", source:  (0)
[25814:25814:0301/143638.394724:INFO:CONSOLE(0)] "DEBUG: jQuery : 2.2.4", source:  (0)
[25814:25814:0301/143638.394894:INFO:CONSOLE(0)] "DEBUG: -------------------------------", source:  (0)
[25814:25814:0301/143638.432243:INFO:CONSOLE(0)] "DEBUG: For more advanced debugging, install the Ember Inspector from https://chrome.google.com/webstore/detail/ember-inspector/bmdblncegkenkacieihfhpjfppoconhi", source:  (0)
[25814:25814:0301/143649.958014:INFO:CONSOLE(0)] "DEBUG: -------------------------------", source:  (0)
[25814:25814:0301/143649.958223:INFO:CONSOLE(0)] "DEBUG: Ember  : 2.6.2", source:  (0)
[25814:25814:0301/143649.958407:INFO:CONSOLE(0)] "DEBUG: jQuery : 2.2.4", source:  (0)
[25814:25814:0301/143649.958578:INFO:CONSOLE(0)] "DEBUG: -------------------------------", source:  (0)
[25814:25814:0301/143649.997647:INFO:CONSOLE(0)] "DEBUG: For more advanced debugging, install the Ember Inspector from https://chrome.google.com/webstore/detail/ember-inspector/bmdblncegkenkacieihfhpjfppoconhi", source:  (0)
