[18373:18373:0301/125650.497306:WARNING:chrome_main_delegate.cc(618)] This is Chrome version 112.0.5572.0 (not a warning)
[18373:18388:0301/125650.676597:ERROR:bus.cc(399)] Failed to connect to the bus: Could not parse server address: Unknown address type (examples of valid types are "tcp" and on UNIX "unix")
[18373:18388:0301/125650.676627:ERROR:bus.cc(399)] Failed to connect to the bus: Could not parse server address: Unknown address type (examples of valid types are "tcp" and on UNIX "unix")
[18373:18373:0301/125650.709022:WARNING:account_consistency_mode_manager.cc(70)] Desktop Identity Consistency cannot be enabled as no OAuth client ID and client secret have been configured.
[18373:18388:0301/125650.716102:ERROR:bus.cc(399)] Failed to connect to the bus: Could not parse server address: Unknown address type (examples of valid types are "tcp" and on UNIX "unix")
[18373:18388:0301/125650.716132:ERROR:bus.cc(399)] Failed to connect to the bus: Could not parse server address: Unknown address type (examples of valid types are "tcp" and on UNIX "unix")
[18373:18373:0301/125650.895650:WARNING:bluez_dbus_manager.cc(247)] Floss manager not present, cannot set Floss enable/disable.
[18373:18463:0301/125650.956809:ERROR:object_proxy.cc(623)] Failed to call method: org.freedesktop.DBus.Properties.Get: object_path= /org/freedesktop/UPower: org.freedesktop.DBus.Error.ServiceUnknown: The name org.freedesktop.UPower was not provided by any .service files
[18373:18463:0301/125650.956830:WARNING:property.cc(144)] DaemonVersion: GetAndBlock: failed.
[18373:18463:0301/125650.956980:ERROR:object_proxy.cc(623)] Failed to call method: org.freedesktop.UPower.GetDisplayDevice: object_path= /org/freedesktop/UPower: org.freedesktop.DBus.Error.ServiceUnknown: The name org.freedesktop.UPower was not provided by any .service files
[18373:18463:0301/125650.957121:ERROR:object_proxy.cc(623)] Failed to call method: org.freedesktop.UPower.EnumerateDevices: object_path= /org/freedesktop/UPower: org.freedesktop.DBus.Error.ServiceUnknown: The name org.freedesktop.UPower was not provided by any .service files
[18373:18388:0301/125651.100796:ERROR:bus.cc(399)] Failed to connect to the bus: Could not parse server address: Unknown address type (examples of valid types are "tcp" and on UNIX "unix")
[18373:18388:0301/125651.100831:ERROR:bus.cc(399)] Failed to connect to the bus: Could not parse server address: Unknown address type (examples of valid types are "tcp" and on UNIX "unix")
[18373:18373:0301/125654.401628:INFO:optimization_guide_logger.cc(42)] ../../components/optimization_guide/core/hints_manager.cc(523) Hint cache initialized
[18373:18373:0301/125654.734215:INFO:optimization_guide_logger.cc(42)] ../../components/optimization_guide/content/browser/page_content_annotations_service.cc(309) PageContentAnnotationJob Result: BatchAnnotationResult{"Speedometer 2.1 Interactive Runner", type: ContentVisibility, output: nullopt}
[18373:18373:0301/125654.734328:INFO:optimization_guide_logger.cc(42)] ../../components/optimization_guide/content/browser/page_content_annotations_service.cc(309) PageContentAnnotationJob Result: BatchAnnotationResult{"Speedometer 2.1 Interactive Runner", type: PageEntities, output: nullopt}
[18373:18373:0301/125706.461251:INFO:CONSOLE(0)] "DEBUG: -------------------------------", source:  (0)
[18373:18373:0301/125706.461457:INFO:CONSOLE(0)] "DEBUG: Ember  : 2.6.2", source:  (0)
[18373:18373:0301/125706.461631:INFO:CONSOLE(0)] "DEBUG: jQuery : 2.2.4", source:  (0)
[18373:18373:0301/125706.461809:INFO:CONSOLE(0)] "DEBUG: -------------------------------", source:  (0)
[18373:18373:0301/125706.548575:INFO:CONSOLE(0)] "DEBUG: For more advanced debugging, install the Ember Inspector from https://chrome.google.com/webstore/detail/ember-inspector/bmdblncegkenkacieihfhpjfppoconhi", source:  (0)
[18373:18373:0301/125722.534643:INFO:CONSOLE(0)] "DEBUG: -------------------------------", source:  (0)
[18373:18373:0301/125722.534840:INFO:CONSOLE(0)] "DEBUG: Ember  : 2.6.2", source:  (0)
[18373:18373:0301/125722.535012:INFO:CONSOLE(0)] "DEBUG: jQuery : 2.2.4", source:  (0)
[18373:18373:0301/125722.535190:INFO:CONSOLE(0)] "DEBUG: -------------------------------", source:  (0)
[18373:18373:0301/125722.573744:INFO:CONSOLE(0)] "DEBUG: For more advanced debugging, install the Ember Inspector from https://chrome.google.com/webstore/detail/ember-inspector/bmdblncegkenkacieihfhpjfppoconhi", source:  (0)
[18373:18373:0301/125733.931777:INFO:CONSOLE(0)] "DEBUG: -------------------------------", source:  (0)
[18373:18373:0301/125733.931982:INFO:CONSOLE(0)] "DEBUG: Ember  : 2.6.2", source:  (0)
[18373:18373:0301/125733.932156:INFO:CONSOLE(0)] "DEBUG: jQuery : 2.2.4", source:  (0)
[18373:18373:0301/125733.932325:INFO:CONSOLE(0)] "DEBUG: -------------------------------", source:  (0)
[18373:18373:0301/125733.970560:INFO:CONSOLE(0)] "DEBUG: For more advanced debugging, install the Ember Inspector from https://chrome.google.com/webstore/detail/ember-inspector/bmdblncegkenkacieihfhpjfppoconhi", source:  (0)
[18373:18373:0301/125745.161343:INFO:CONSOLE(0)] "DEBUG: -------------------------------", source:  (0)
[18373:18373:0301/125745.161546:INFO:CONSOLE(0)] "DEBUG: Ember  : 2.6.2", source:  (0)
[18373:18373:0301/125745.161720:INFO:CONSOLE(0)] "DEBUG: jQuery : 2.2.4", source:  (0)
[18373:18373:0301/125745.161891:INFO:CONSOLE(0)] "DEBUG: -------------------------------", source:  (0)
[18373:18373:0301/125745.199147:INFO:CONSOLE(0)] "DEBUG: For more advanced debugging, install the Ember Inspector from https://chrome.google.com/webstore/detail/ember-inspector/bmdblncegkenkacieihfhpjfppoconhi", source:  (0)
[18373:18373:0301/125756.652335:INFO:CONSOLE(0)] "DEBUG: -------------------------------", source:  (0)
[18373:18373:0301/125756.652543:INFO:CONSOLE(0)] "DEBUG: Ember  : 2.6.2", source:  (0)
[18373:18373:0301/125756.652716:INFO:CONSOLE(0)] "DEBUG: jQuery : 2.2.4", source:  (0)
[18373:18373:0301/125756.652887:INFO:CONSOLE(0)] "DEBUG: -------------------------------", source:  (0)
[18373:18373:0301/125756.698673:INFO:CONSOLE(0)] "DEBUG: For more advanced debugging, install the Ember Inspector from https://chrome.google.com/webstore/detail/ember-inspector/bmdblncegkenkacieihfhpjfppoconhi", source:  (0)
[18373:18373:0301/125808.055473:INFO:CONSOLE(0)] "DEBUG: -------------------------------", source:  (0)
[18373:18373:0301/125808.055678:INFO:CONSOLE(0)] "DEBUG: Ember  : 2.6.2", source:  (0)
[18373:18373:0301/125808.055865:INFO:CONSOLE(0)] "DEBUG: jQuery : 2.2.4", source:  (0)
[18373:18373:0301/125808.056035:INFO:CONSOLE(0)] "DEBUG: -------------------------------", source:  (0)
[18373:18373:0301/125808.093465:INFO:CONSOLE(0)] "DEBUG: For more advanced debugging, install the Ember Inspector from https://chrome.google.com/webstore/detail/ember-inspector/bmdblncegkenkacieihfhpjfppoconhi", source:  (0)
[18373:18373:0301/125819.516748:INFO:CONSOLE(0)] "DEBUG: -------------------------------", source:  (0)
[18373:18373:0301/125819.516952:INFO:CONSOLE(0)] "DEBUG: Ember  : 2.6.2", source:  (0)
[18373:18373:0301/125819.517127:INFO:CONSOLE(0)] "DEBUG: jQuery : 2.2.4", source:  (0)
[18373:18373:0301/125819.517297:INFO:CONSOLE(0)] "DEBUG: -------------------------------", source:  (0)
[18373:18373:0301/125819.555755:INFO:CONSOLE(0)] "DEBUG: For more advanced debugging, install the Ember Inspector from https://chrome.google.com/webstore/detail/ember-inspector/bmdblncegkenkacieihfhpjfppoconhi", source:  (0)
[18373:18373:0301/125831.474367:INFO:CONSOLE(0)] "DEBUG: -------------------------------", source:  (0)
[18373:18373:0301/125831.474572:INFO:CONSOLE(0)] "DEBUG: Ember  : 2.6.2", source:  (0)
[18373:18373:0301/125831.474745:INFO:CONSOLE(0)] "DEBUG: jQuery : 2.2.4", source:  (0)
[18373:18373:0301/125831.474916:INFO:CONSOLE(0)] "DEBUG: -------------------------------", source:  (0)
[18373:18373:0301/125831.513696:INFO:CONSOLE(0)] "DEBUG: For more advanced debugging, install the Ember Inspector from https://chrome.google.com/webstore/detail/ember-inspector/bmdblncegkenkacieihfhpjfppoconhi", source:  (0)
[18373:18373:0301/125842.724377:INFO:CONSOLE(0)] "DEBUG: -------------------------------", source:  (0)
[18373:18373:0301/125842.724591:INFO:CONSOLE(0)] "DEBUG: Ember  : 2.6.2", source:  (0)
[18373:18373:0301/125842.724765:INFO:CONSOLE(0)] "DEBUG: jQuery : 2.2.4", source:  (0)
[18373:18373:0301/125842.724936:INFO:CONSOLE(0)] "DEBUG: -------------------------------", source:  (0)
[18373:18373:0301/125842.762848:INFO:CONSOLE(0)] "DEBUG: For more advanced debugging, install the Ember Inspector from https://chrome.google.com/webstore/detail/ember-inspector/bmdblncegkenkacieihfhpjfppoconhi", source:  (0)
[18373:18373:0301/125854.196138:INFO:CONSOLE(0)] "DEBUG: -------------------------------", source:  (0)
[18373:18373:0301/125854.196341:INFO:CONSOLE(0)] "DEBUG: Ember  : 2.6.2", source:  (0)
[18373:18373:0301/125854.196514:INFO:CONSOLE(0)] "DEBUG: jQuery : 2.2.4", source:  (0)
[18373:18373:0301/125854.196690:INFO:CONSOLE(0)] "DEBUG: -------------------------------", source:  (0)
[18373:18373:0301/125854.234775:INFO:CONSOLE(0)] "DEBUG: For more advanced debugging, install the Ember Inspector from https://chrome.google.com/webstore/detail/ember-inspector/bmdblncegkenkacieihfhpjfppoconhi", source:  (0)
