[6620:6620:0301/214936.153897:WARNING:chrome_main_delegate.cc(618)] This is Chrome version 112.0.5572.0 (not a warning)
[6620:6634:0301/214936.313485:ERROR:bus.cc(399)] Failed to connect to the bus: Could not parse server address: Unknown address type (examples of valid types are "tcp" and on UNIX "unix")
[6620:6634:0301/214936.313515:ERROR:bus.cc(399)] Failed to connect to the bus: Could not parse server address: Unknown address type (examples of valid types are "tcp" and on UNIX "unix")
[6620:6620:0301/214936.350300:WARNING:account_consistency_mode_manager.cc(70)] Desktop Identity Consistency cannot be enabled as no OAuth client ID and client secret have been configured.
[6620:6634:0301/214936.357340:ERROR:bus.cc(399)] Failed to connect to the bus: Could not parse server address: Unknown address type (examples of valid types are "tcp" and on UNIX "unix")
[6620:6634:0301/214936.357377:ERROR:bus.cc(399)] Failed to connect to the bus: Could not parse server address: Unknown address type (examples of valid types are "tcp" and on UNIX "unix")
[6620:6620:0301/214936.595956:WARNING:bluez_dbus_manager.cc(247)] Floss manager not present, cannot set Floss enable/disable.
[6620:6710:0301/214936.617430:ERROR:object_proxy.cc(623)] Failed to call method: org.freedesktop.DBus.Properties.Get: object_path= /org/freedesktop/UPower: org.freedesktop.DBus.Error.ServiceUnknown: The name org.freedesktop.UPower was not provided by any .service files
[6620:6710:0301/214936.617449:WARNING:property.cc(144)] DaemonVersion: GetAndBlock: failed.
[6620:6710:0301/214936.617558:ERROR:object_proxy.cc(623)] Failed to call method: org.freedesktop.UPower.GetDisplayDevice: object_path= /org/freedesktop/UPower: org.freedesktop.DBus.Error.ServiceUnknown: The name org.freedesktop.UPower was not provided by any .service files
[6620:6710:0301/214936.617664:ERROR:object_proxy.cc(623)] Failed to call method: org.freedesktop.UPower.EnumerateDevices: object_path= /org/freedesktop/UPower: org.freedesktop.DBus.Error.ServiceUnknown: The name org.freedesktop.UPower was not provided by any .service files
[6620:6634:0301/214936.858883:ERROR:bus.cc(399)] Failed to connect to the bus: Could not parse server address: Unknown address type (examples of valid types are "tcp" and on UNIX "unix")
[6620:6634:0301/214936.884492:ERROR:bus.cc(399)] Failed to connect to the bus: Could not parse server address: Unknown address type (examples of valid types are "tcp" and on UNIX "unix")
[6620:6620:0301/214940.426747:INFO:optimization_guide_logger.cc(42)] ../../components/optimization_guide/core/hints_manager.cc(523) Hint cache initialized
[6620:6620:0301/214940.672213:INFO:optimization_guide_logger.cc(42)] ../../components/optimization_guide/content/browser/page_content_annotations_service.cc(309) PageContentAnnotationJob Result: BatchAnnotationResult{"Speedometer 2.1 Interactive Runner", type: ContentVisibility, output: nullopt}
[6620:6620:0301/214940.685973:INFO:optimization_guide_logger.cc(42)] ../../components/optimization_guide/content/browser/page_content_annotations_service.cc(309) PageContentAnnotationJob Result: BatchAnnotationResult{"Speedometer 2.1 Interactive Runner", type: PageEntities, output: nullopt}
[6620:6620:0301/214948.386938:INFO:CONSOLE(0)] "DEBUG: -------------------------------", source:  (0)
[6620:6620:0301/214948.387143:INFO:CONSOLE(0)] "DEBUG: Ember  : 2.6.2", source:  (0)
[6620:6620:0301/214948.387315:INFO:CONSOLE(0)] "DEBUG: jQuery : 2.2.4", source:  (0)
[6620:6620:0301/214948.387484:INFO:CONSOLE(0)] "DEBUG: -------------------------------", source:  (0)
[6620:6620:0301/214948.474074:INFO:CONSOLE(0)] "DEBUG: For more advanced debugging, install the Ember Inspector from https://chrome.google.com/webstore/detail/ember-inspector/bmdblncegkenkacieihfhpjfppoconhi", source:  (0)
[6620:6620:0301/215005.332665:INFO:CONSOLE(0)] "DEBUG: -------------------------------", source:  (0)
[6620:6620:0301/215005.332870:INFO:CONSOLE(0)] "DEBUG: Ember  : 2.6.2", source:  (0)
[6620:6620:0301/215005.333047:INFO:CONSOLE(0)] "DEBUG: jQuery : 2.2.4", source:  (0)
[6620:6620:0301/215005.333222:INFO:CONSOLE(0)] "DEBUG: -------------------------------", source:  (0)
[6620:6620:0301/215005.369700:INFO:CONSOLE(0)] "DEBUG: For more advanced debugging, install the Ember Inspector from https://chrome.google.com/webstore/detail/ember-inspector/bmdblncegkenkacieihfhpjfppoconhi", source:  (0)
[6620:6620:0301/215016.417234:INFO:CONSOLE(0)] "DEBUG: -------------------------------", source:  (0)
[6620:6620:0301/215016.417439:INFO:CONSOLE(0)] "DEBUG: Ember  : 2.6.2", source:  (0)
[6620:6620:0301/215016.417611:INFO:CONSOLE(0)] "DEBUG: jQuery : 2.2.4", source:  (0)
[6620:6620:0301/215016.417780:INFO:CONSOLE(0)] "DEBUG: -------------------------------", source:  (0)
[6620:6620:0301/215016.454184:INFO:CONSOLE(0)] "DEBUG: For more advanced debugging, install the Ember Inspector from https://chrome.google.com/webstore/detail/ember-inspector/bmdblncegkenkacieihfhpjfppoconhi", source:  (0)
[6620:6620:0301/215027.748532:INFO:CONSOLE(0)] "DEBUG: -------------------------------", source:  (0)
[6620:6620:0301/215027.748735:INFO:CONSOLE(0)] "DEBUG: Ember  : 2.6.2", source:  (0)
[6620:6620:0301/215027.748908:INFO:CONSOLE(0)] "DEBUG: jQuery : 2.2.4", source:  (0)
[6620:6620:0301/215027.749077:INFO:CONSOLE(0)] "DEBUG: -------------------------------", source:  (0)
[6620:6620:0301/215027.785350:INFO:CONSOLE(0)] "DEBUG: For more advanced debugging, install the Ember Inspector from https://chrome.google.com/webstore/detail/ember-inspector/bmdblncegkenkacieihfhpjfppoconhi", source:  (0)
[6620:6620:0301/215039.204290:INFO:CONSOLE(0)] "DEBUG: -------------------------------", source:  (0)
[6620:6620:0301/215039.204502:INFO:CONSOLE(0)] "DEBUG: Ember  : 2.6.2", source:  (0)
[6620:6620:0301/215039.204675:INFO:CONSOLE(0)] "DEBUG: jQuery : 2.2.4", source:  (0)
[6620:6620:0301/215039.204845:INFO:CONSOLE(0)] "DEBUG: -------------------------------", source:  (0)
[6620:6620:0301/215039.241315:INFO:CONSOLE(0)] "DEBUG: For more advanced debugging, install the Ember Inspector from https://chrome.google.com/webstore/detail/ember-inspector/bmdblncegkenkacieihfhpjfppoconhi", source:  (0)
[6620:6620:0301/215050.794039:INFO:CONSOLE(0)] "DEBUG: -------------------------------", source:  (0)
[6620:6620:0301/215050.794244:INFO:CONSOLE(0)] "DEBUG: Ember  : 2.6.2", source:  (0)
[6620:6620:0301/215050.794417:INFO:CONSOLE(0)] "DEBUG: jQuery : 2.2.4", source:  (0)
[6620:6620:0301/215050.794586:INFO:CONSOLE(0)] "DEBUG: -------------------------------", source:  (0)
[6620:6620:0301/215050.831379:INFO:CONSOLE(0)] "DEBUG: For more advanced debugging, install the Ember Inspector from https://chrome.google.com/webstore/detail/ember-inspector/bmdblncegkenkacieihfhpjfppoconhi", source:  (0)
[6620:6620:0301/215102.689274:INFO:CONSOLE(0)] "DEBUG: -------------------------------", source:  (0)
[6620:6620:0301/215102.689476:INFO:CONSOLE(0)] "DEBUG: Ember  : 2.6.2", source:  (0)
[6620:6620:0301/215102.689649:INFO:CONSOLE(0)] "DEBUG: jQuery : 2.2.4", source:  (0)
[6620:6620:0301/215102.689818:INFO:CONSOLE(0)] "DEBUG: -------------------------------", source:  (0)
[6620:6620:0301/215102.726832:INFO:CONSOLE(0)] "DEBUG: For more advanced debugging, install the Ember Inspector from https://chrome.google.com/webstore/detail/ember-inspector/bmdblncegkenkacieihfhpjfppoconhi", source:  (0)
[6620:6620:0301/215114.675806:INFO:CONSOLE(0)] "DEBUG: -------------------------------", source:  (0)
[6620:6620:0301/215114.676010:INFO:CONSOLE(0)] "DEBUG: Ember  : 2.6.2", source:  (0)
[6620:6620:0301/215114.676182:INFO:CONSOLE(0)] "DEBUG: jQuery : 2.2.4", source:  (0)
[6620:6620:0301/215114.676476:INFO:CONSOLE(0)] "DEBUG: -------------------------------", source:  (0)
[6620:6620:0301/215114.713331:INFO:CONSOLE(0)] "DEBUG: For more advanced debugging, install the Ember Inspector from https://chrome.google.com/webstore/detail/ember-inspector/bmdblncegkenkacieihfhpjfppoconhi", source:  (0)
[6620:6620:0301/215126.836110:INFO:CONSOLE(0)] "DEBUG: -------------------------------", source:  (0)
[6620:6620:0301/215126.836330:INFO:CONSOLE(0)] "DEBUG: Ember  : 2.6.2", source:  (0)
[6620:6620:0301/215126.836509:INFO:CONSOLE(0)] "DEBUG: jQuery : 2.2.4", source:  (0)
[6620:6620:0301/215126.836686:INFO:CONSOLE(0)] "DEBUG: -------------------------------", source:  (0)
[6620:6620:0301/215126.873637:INFO:CONSOLE(0)] "DEBUG: For more advanced debugging, install the Ember Inspector from https://chrome.google.com/webstore/detail/ember-inspector/bmdblncegkenkacieihfhpjfppoconhi", source:  (0)
[6620:6620:0301/215139.189400:INFO:CONSOLE(0)] "DEBUG: -------------------------------", source:  (0)
[6620:6620:0301/215139.189601:INFO:CONSOLE(0)] "DEBUG: Ember  : 2.6.2", source:  (0)
[6620:6620:0301/215139.189773:INFO:CONSOLE(0)] "DEBUG: jQuery : 2.2.4", source:  (0)
[6620:6620:0301/215139.189943:INFO:CONSOLE(0)] "DEBUG: -------------------------------", source:  (0)
[6620:6620:0301/215139.227237:INFO:CONSOLE(0)] "DEBUG: For more advanced debugging, install the Ember Inspector from https://chrome.google.com/webstore/detail/ember-inspector/bmdblncegkenkacieihfhpjfppoconhi", source:  (0)
