[3920:3920:0301/211215.190505:WARNING:chrome_main_delegate.cc(618)] This is Chrome version 112.0.5572.0 (not a warning)
[3920:3934:0301/211215.350426:ERROR:bus.cc(399)] Failed to connect to the bus: Could not parse server address: Unknown address type (examples of valid types are "tcp" and on UNIX "unix")
[3920:3934:0301/211215.350459:ERROR:bus.cc(399)] Failed to connect to the bus: Could not parse server address: Unknown address type (examples of valid types are "tcp" and on UNIX "unix")
[3920:3920:0301/211215.390577:WARNING:account_consistency_mode_manager.cc(70)] Desktop Identity Consistency cannot be enabled as no OAuth client ID and client secret have been configured.
[3920:3934:0301/211215.396641:ERROR:bus.cc(399)] Failed to connect to the bus: Could not parse server address: Unknown address type (examples of valid types are "tcp" and on UNIX "unix")
[3920:3934:0301/211215.396676:ERROR:bus.cc(399)] Failed to connect to the bus: Could not parse server address: Unknown address type (examples of valid types are "tcp" and on UNIX "unix")
[3920:3920:0301/211215.589613:WARNING:bluez_dbus_manager.cc(247)] Floss manager not present, cannot set Floss enable/disable.
[3920:4009:0301/211215.639226:ERROR:object_proxy.cc(623)] Failed to call method: org.freedesktop.DBus.Properties.Get: object_path= /org/freedesktop/UPower: org.freedesktop.DBus.Error.ServiceUnknown: The name org.freedesktop.UPower was not provided by any .service files
[3920:4009:0301/211215.639248:WARNING:property.cc(144)] DaemonVersion: GetAndBlock: failed.
[3920:4009:0301/211215.639361:ERROR:object_proxy.cc(623)] Failed to call method: org.freedesktop.UPower.GetDisplayDevice: object_path= /org/freedesktop/UPower: org.freedesktop.DBus.Error.ServiceUnknown: The name org.freedesktop.UPower was not provided by any .service files
[3920:4009:0301/211215.639468:ERROR:object_proxy.cc(623)] Failed to call method: org.freedesktop.UPower.EnumerateDevices: object_path= /org/freedesktop/UPower: org.freedesktop.DBus.Error.ServiceUnknown: The name org.freedesktop.UPower was not provided by any .service files
[3920:3934:0301/211215.818898:ERROR:bus.cc(399)] Failed to connect to the bus: Could not parse server address: Unknown address type (examples of valid types are "tcp" and on UNIX "unix")
[3920:3934:0301/211215.818933:ERROR:bus.cc(399)] Failed to connect to the bus: Could not parse server address: Unknown address type (examples of valid types are "tcp" and on UNIX "unix")
[3920:3920:0301/211219.185582:INFO:optimization_guide_logger.cc(42)] ../../components/optimization_guide/core/hints_manager.cc(523) Hint cache initialized
[3920:3920:0301/211219.547396:INFO:optimization_guide_logger.cc(42)] ../../components/optimization_guide/content/browser/page_content_annotations_service.cc(309) PageContentAnnotationJob Result: BatchAnnotationResult{"Speedometer 2.1 Interactive Runner", type: ContentVisibility, output: nullopt}
[3920:3920:0301/211219.547475:INFO:optimization_guide_logger.cc(42)] ../../components/optimization_guide/content/browser/page_content_annotations_service.cc(309) PageContentAnnotationJob Result: BatchAnnotationResult{"Speedometer 2.1 Interactive Runner", type: PageEntities, output: nullopt}
[3920:3920:0301/211229.299092:INFO:CONSOLE(0)] "DEBUG: -------------------------------", source:  (0)
[3920:3920:0301/211229.299303:INFO:CONSOLE(0)] "DEBUG: Ember  : 2.6.2", source:  (0)
[3920:3920:0301/211229.299477:INFO:CONSOLE(0)] "DEBUG: jQuery : 2.2.4", source:  (0)
[3920:3920:0301/211229.299647:INFO:CONSOLE(0)] "DEBUG: -------------------------------", source:  (0)
[3920:3920:0301/211229.386837:INFO:CONSOLE(0)] "DEBUG: For more advanced debugging, install the Ember Inspector from https://chrome.google.com/webstore/detail/ember-inspector/bmdblncegkenkacieihfhpjfppoconhi", source:  (0)
[3920:3920:0301/211247.505565:INFO:CONSOLE(0)] "DEBUG: -------------------------------", source:  (0)
[3920:3920:0301/211247.505775:INFO:CONSOLE(0)] "DEBUG: Ember  : 2.6.2", source:  (0)
[3920:3920:0301/211247.505949:INFO:CONSOLE(0)] "DEBUG: jQuery : 2.2.4", source:  (0)
[3920:3920:0301/211247.506120:INFO:CONSOLE(0)] "DEBUG: -------------------------------", source:  (0)
[3920:3920:0301/211247.543428:INFO:CONSOLE(0)] "DEBUG: For more advanced debugging, install the Ember Inspector from https://chrome.google.com/webstore/detail/ember-inspector/bmdblncegkenkacieihfhpjfppoconhi", source:  (0)
[3920:3920:0301/211258.583776:INFO:CONSOLE(0)] "DEBUG: -------------------------------", source:  (0)
[3920:3920:0301/211258.583982:INFO:CONSOLE(0)] "DEBUG: Ember  : 2.6.2", source:  (0)
[3920:3920:0301/211258.584154:INFO:CONSOLE(0)] "DEBUG: jQuery : 2.2.4", source:  (0)
[3920:3920:0301/211258.584323:INFO:CONSOLE(0)] "DEBUG: -------------------------------", source:  (0)
[3920:3920:0301/211258.620732:INFO:CONSOLE(0)] "DEBUG: For more advanced debugging, install the Ember Inspector from https://chrome.google.com/webstore/detail/ember-inspector/bmdblncegkenkacieihfhpjfppoconhi", source:  (0)
[3920:3920:0301/211309.803812:INFO:CONSOLE(0)] "DEBUG: -------------------------------", source:  (0)
[3920:3920:0301/211309.804016:INFO:CONSOLE(0)] "DEBUG: Ember  : 2.6.2", source:  (0)
[3920:3920:0301/211309.804188:INFO:CONSOLE(0)] "DEBUG: jQuery : 2.2.4", source:  (0)
[3920:3920:0301/211309.804358:INFO:CONSOLE(0)] "DEBUG: -------------------------------", source:  (0)
[3920:3920:0301/211309.840756:INFO:CONSOLE(0)] "DEBUG: For more advanced debugging, install the Ember Inspector from https://chrome.google.com/webstore/detail/ember-inspector/bmdblncegkenkacieihfhpjfppoconhi", source:  (0)
[3920:3920:0301/211321.335213:INFO:CONSOLE(0)] "DEBUG: -------------------------------", source:  (0)
[3920:3920:0301/211321.335417:INFO:CONSOLE(0)] "DEBUG: Ember  : 2.6.2", source:  (0)
[3920:3920:0301/211321.335590:INFO:CONSOLE(0)] "DEBUG: jQuery : 2.2.4", source:  (0)
[3920:3920:0301/211321.335761:INFO:CONSOLE(0)] "DEBUG: -------------------------------", source:  (0)
[3920:3920:0301/211321.372411:INFO:CONSOLE(0)] "DEBUG: For more advanced debugging, install the Ember Inspector from https://chrome.google.com/webstore/detail/ember-inspector/bmdblncegkenkacieihfhpjfppoconhi", source:  (0)
[3920:3920:0301/211333.001807:INFO:CONSOLE(0)] "DEBUG: -------------------------------", source:  (0)
[3920:3920:0301/211333.002011:INFO:CONSOLE(0)] "DEBUG: Ember  : 2.6.2", source:  (0)
[3920:3920:0301/211333.002185:INFO:CONSOLE(0)] "DEBUG: jQuery : 2.2.4", source:  (0)
[3920:3920:0301/211333.002359:INFO:CONSOLE(0)] "DEBUG: -------------------------------", source:  (0)
[3920:3920:0301/211333.039706:INFO:CONSOLE(0)] "DEBUG: For more advanced debugging, install the Ember Inspector from https://chrome.google.com/webstore/detail/ember-inspector/bmdblncegkenkacieihfhpjfppoconhi", source:  (0)
[3920:3920:0301/211344.718383:INFO:CONSOLE(0)] "DEBUG: -------------------------------", source:  (0)
[3920:3920:0301/211344.718591:INFO:CONSOLE(0)] "DEBUG: Ember  : 2.6.2", source:  (0)
[3920:3920:0301/211344.718765:INFO:CONSOLE(0)] "DEBUG: jQuery : 2.2.4", source:  (0)
[3920:3920:0301/211344.718935:INFO:CONSOLE(0)] "DEBUG: -------------------------------", source:  (0)
[3920:3920:0301/211344.755940:INFO:CONSOLE(0)] "DEBUG: For more advanced debugging, install the Ember Inspector from https://chrome.google.com/webstore/detail/ember-inspector/bmdblncegkenkacieihfhpjfppoconhi", source:  (0)
[3920:3920:0301/211356.612138:INFO:CONSOLE(0)] "DEBUG: -------------------------------", source:  (0)
[3920:3920:0301/211356.612348:INFO:CONSOLE(0)] "DEBUG: Ember  : 2.6.2", source:  (0)
[3920:3920:0301/211356.612522:INFO:CONSOLE(0)] "DEBUG: jQuery : 2.2.4", source:  (0)
[3920:3920:0301/211356.612692:INFO:CONSOLE(0)] "DEBUG: -------------------------------", source:  (0)
[3920:3920:0301/211356.649679:INFO:CONSOLE(0)] "DEBUG: For more advanced debugging, install the Ember Inspector from https://chrome.google.com/webstore/detail/ember-inspector/bmdblncegkenkacieihfhpjfppoconhi", source:  (0)
[3920:3920:0301/211408.817117:INFO:CONSOLE(0)] "DEBUG: -------------------------------", source:  (0)
[3920:3920:0301/211408.817327:INFO:CONSOLE(0)] "DEBUG: Ember  : 2.6.2", source:  (0)
[3920:3920:0301/211408.817500:INFO:CONSOLE(0)] "DEBUG: jQuery : 2.2.4", source:  (0)
[3920:3920:0301/211408.817679:INFO:CONSOLE(0)] "DEBUG: -------------------------------", source:  (0)
[3920:3920:0301/211408.854774:INFO:CONSOLE(0)] "DEBUG: For more advanced debugging, install the Ember Inspector from https://chrome.google.com/webstore/detail/ember-inspector/bmdblncegkenkacieihfhpjfppoconhi", source:  (0)
[3920:3920:0301/211421.227769:INFO:CONSOLE(0)] "DEBUG: -------------------------------", source:  (0)
[3920:3920:0301/211421.227972:INFO:CONSOLE(0)] "DEBUG: Ember  : 2.6.2", source:  (0)
[3920:3920:0301/211421.228144:INFO:CONSOLE(0)] "DEBUG: jQuery : 2.2.4", source:  (0)
[3920:3920:0301/211421.228321:INFO:CONSOLE(0)] "DEBUG: -------------------------------", source:  (0)
[3920:3920:0301/211421.265694:INFO:CONSOLE(0)] "DEBUG: For more advanced debugging, install the Ember Inspector from https://chrome.google.com/webstore/detail/ember-inspector/bmdblncegkenkacieihfhpjfppoconhi", source:  (0)
