[17545:17545:0301/124547.758329:WARNING:chrome_main_delegate.cc(618)] This is Chrome version 112.0.5572.0 (not a warning)
[17545:17559:0301/124547.934422:ERROR:bus.cc(399)] Failed to connect to the bus: Could not parse server address: Unknown address type (examples of valid types are "tcp" and on UNIX "unix")
[17545:17559:0301/124547.934455:ERROR:bus.cc(399)] Failed to connect to the bus: Could not parse server address: Unknown address type (examples of valid types are "tcp" and on UNIX "unix")
[17545:17545:0301/124547.973377:WARNING:account_consistency_mode_manager.cc(70)] Desktop Identity Consistency cannot be enabled as no OAuth client ID and client secret have been configured.
[17545:17559:0301/124547.981674:ERROR:bus.cc(399)] Failed to connect to the bus: Could not parse server address: Unknown address type (examples of valid types are "tcp" and on UNIX "unix")
[17545:17559:0301/124547.981706:ERROR:bus.cc(399)] Failed to connect to the bus: Could not parse server address: Unknown address type (examples of valid types are "tcp" and on UNIX "unix")
[17545:17545:0301/124548.185340:WARNING:bluez_dbus_manager.cc(247)] Floss manager not present, cannot set Floss enable/disable.
[17545:17635:0301/124548.228160:ERROR:object_proxy.cc(623)] Failed to call method: org.freedesktop.DBus.Properties.Get: object_path= /org/freedesktop/UPower: org.freedesktop.DBus.Error.ServiceUnknown: The name org.freedesktop.UPower was not provided by any .service files
[17545:17635:0301/124548.228180:WARNING:property.cc(144)] DaemonVersion: GetAndBlock: failed.
[17545:17635:0301/124548.230007:ERROR:object_proxy.cc(623)] Failed to call method: org.freedesktop.UPower.GetDisplayDevice: object_path= /org/freedesktop/UPower: org.freedesktop.DBus.Error.ServiceUnknown: The name org.freedesktop.UPower was not provided by any .service files
[17545:17635:0301/124548.230130:ERROR:object_proxy.cc(623)] Failed to call method: org.freedesktop.UPower.EnumerateDevices: object_path= /org/freedesktop/UPower: org.freedesktop.DBus.Error.ServiceUnknown: The name org.freedesktop.UPower was not provided by any .service files
[17545:17559:0301/124548.373938:ERROR:bus.cc(399)] Failed to connect to the bus: Could not parse server address: Unknown address type (examples of valid types are "tcp" and on UNIX "unix")
[17545:17559:0301/124548.407576:ERROR:bus.cc(399)] Failed to connect to the bus: Could not parse server address: Unknown address type (examples of valid types are "tcp" and on UNIX "unix")
[17545:17574:0301/124549.130096:WARNING:render_message_filter.cc(144)] Could not find tid
[17545:17545:0301/124552.036479:INFO:optimization_guide_logger.cc(42)] ../../components/optimization_guide/content/browser/page_content_annotations_service.cc(309) PageContentAnnotationJob Result: BatchAnnotationResult{"Speedometer 2.1 Interactive Runner", type: ContentVisibility, output: nullopt}
[17545:17545:0301/124552.036556:INFO:optimization_guide_logger.cc(42)] ../../components/optimization_guide/content/browser/page_content_annotations_service.cc(309) PageContentAnnotationJob Result: BatchAnnotationResult{"Speedometer 2.1 Interactive Runner", type: PageEntities, output: nullopt}
[17545:17545:0301/124552.107843:INFO:optimization_guide_logger.cc(42)] ../../components/optimization_guide/core/hints_manager.cc(523) Hint cache initialized
[17545:17545:0301/124559.649235:INFO:CONSOLE(0)] "DEBUG: -------------------------------", source:  (0)
[17545:17545:0301/124559.649441:INFO:CONSOLE(0)] "DEBUG: Ember  : 2.6.2", source:  (0)
[17545:17545:0301/124559.649617:INFO:CONSOLE(0)] "DEBUG: jQuery : 2.2.4", source:  (0)
[17545:17545:0301/124559.649788:INFO:CONSOLE(0)] "DEBUG: -------------------------------", source:  (0)
[17545:17545:0301/124559.735975:INFO:CONSOLE(0)] "DEBUG: For more advanced debugging, install the Ember Inspector from https://chrome.google.com/webstore/detail/ember-inspector/bmdblncegkenkacieihfhpjfppoconhi", source:  (0)
[17545:17545:0301/124615.360644:INFO:CONSOLE(0)] "DEBUG: -------------------------------", source:  (0)
[17545:17545:0301/124615.360842:INFO:CONSOLE(0)] "DEBUG: Ember  : 2.6.2", source:  (0)
[17545:17545:0301/124615.361022:INFO:CONSOLE(0)] "DEBUG: jQuery : 2.2.4", source:  (0)
[17545:17545:0301/124615.361194:INFO:CONSOLE(0)] "DEBUG: -------------------------------", source:  (0)
[17545:17545:0301/124615.399468:INFO:CONSOLE(0)] "DEBUG: For more advanced debugging, install the Ember Inspector from https://chrome.google.com/webstore/detail/ember-inspector/bmdblncegkenkacieihfhpjfppoconhi", source:  (0)
[17545:17545:0301/124626.374804:INFO:CONSOLE(0)] "DEBUG: -------------------------------", source:  (0)
[17545:17545:0301/124626.375013:INFO:CONSOLE(0)] "DEBUG: Ember  : 2.6.2", source:  (0)
[17545:17545:0301/124626.375187:INFO:CONSOLE(0)] "DEBUG: jQuery : 2.2.4", source:  (0)
[17545:17545:0301/124626.375359:INFO:CONSOLE(0)] "DEBUG: -------------------------------", source:  (0)
[17545:17545:0301/124626.413585:INFO:CONSOLE(0)] "DEBUG: For more advanced debugging, install the Ember Inspector from https://chrome.google.com/webstore/detail/ember-inspector/bmdblncegkenkacieihfhpjfppoconhi", source:  (0)
[17545:17545:0301/124637.529228:INFO:CONSOLE(0)] "DEBUG: -------------------------------", source:  (0)
[17545:17545:0301/124637.529437:INFO:CONSOLE(0)] "DEBUG: Ember  : 2.6.2", source:  (0)
[17545:17545:0301/124637.529612:INFO:CONSOLE(0)] "DEBUG: jQuery : 2.2.4", source:  (0)
[17545:17545:0301/124637.529798:INFO:CONSOLE(0)] "DEBUG: -------------------------------", source:  (0)
[17545:17545:0301/124637.566450:INFO:CONSOLE(0)] "DEBUG: For more advanced debugging, install the Ember Inspector from https://chrome.google.com/webstore/detail/ember-inspector/bmdblncegkenkacieihfhpjfppoconhi", source:  (0)
[17545:17545:0301/124648.817668:INFO:CONSOLE(0)] "DEBUG: -------------------------------", source:  (0)
[17545:17545:0301/124648.817870:INFO:CONSOLE(0)] "DEBUG: Ember  : 2.6.2", source:  (0)
[17545:17545:0301/124648.818045:INFO:CONSOLE(0)] "DEBUG: jQuery : 2.2.4", source:  (0)
[17545:17545:0301/124648.818220:INFO:CONSOLE(0)] "DEBUG: -------------------------------", source:  (0)
[17545:17545:0301/124648.864342:INFO:CONSOLE(0)] "DEBUG: For more advanced debugging, install the Ember Inspector from https://chrome.google.com/webstore/detail/ember-inspector/bmdblncegkenkacieihfhpjfppoconhi", source:  (0)
[17545:17545:0301/124700.177914:INFO:CONSOLE(0)] "DEBUG: -------------------------------", source:  (0)
[17545:17545:0301/124700.178126:INFO:CONSOLE(0)] "DEBUG: Ember  : 2.6.2", source:  (0)
[17545:17545:0301/124700.178320:INFO:CONSOLE(0)] "DEBUG: jQuery : 2.2.4", source:  (0)
[17545:17545:0301/124700.178494:INFO:CONSOLE(0)] "DEBUG: -------------------------------", source:  (0)
[17545:17545:0301/124700.215549:INFO:CONSOLE(0)] "DEBUG: For more advanced debugging, install the Ember Inspector from https://chrome.google.com/webstore/detail/ember-inspector/bmdblncegkenkacieihfhpjfppoconhi", source:  (0)
[17545:17545:0301/124711.566351:INFO:CONSOLE(0)] "DEBUG: -------------------------------", source:  (0)
[17545:17545:0301/124711.566553:INFO:CONSOLE(0)] "DEBUG: Ember  : 2.6.2", source:  (0)
[17545:17545:0301/124711.566733:INFO:CONSOLE(0)] "DEBUG: jQuery : 2.2.4", source:  (0)
[17545:17545:0301/124711.566905:INFO:CONSOLE(0)] "DEBUG: -------------------------------", source:  (0)
[17545:17545:0301/124711.605392:INFO:CONSOLE(0)] "DEBUG: For more advanced debugging, install the Ember Inspector from https://chrome.google.com/webstore/detail/ember-inspector/bmdblncegkenkacieihfhpjfppoconhi", source:  (0)
[17545:17545:0301/124723.106072:INFO:CONSOLE(0)] "DEBUG: -------------------------------", source:  (0)
[17545:17545:0301/124723.106294:INFO:CONSOLE(0)] "DEBUG: Ember  : 2.6.2", source:  (0)
[17545:17545:0301/124723.106472:INFO:CONSOLE(0)] "DEBUG: jQuery : 2.2.4", source:  (0)
[17545:17545:0301/124723.106644:INFO:CONSOLE(0)] "DEBUG: -------------------------------", source:  (0)
[17545:17545:0301/124723.148317:INFO:CONSOLE(0)] "DEBUG: For more advanced debugging, install the Ember Inspector from https://chrome.google.com/webstore/detail/ember-inspector/bmdblncegkenkacieihfhpjfppoconhi", source:  (0)
[17545:17545:0301/124734.448611:INFO:CONSOLE(0)] "DEBUG: -------------------------------", source:  (0)
[17545:17545:0301/124734.448829:INFO:CONSOLE(0)] "DEBUG: Ember  : 2.6.2", source:  (0)
[17545:17545:0301/124734.449003:INFO:CONSOLE(0)] "DEBUG: jQuery : 2.2.4", source:  (0)
[17545:17545:0301/124734.449176:INFO:CONSOLE(0)] "DEBUG: -------------------------------", source:  (0)
[17545:17545:0301/124734.499788:INFO:CONSOLE(0)] "DEBUG: For more advanced debugging, install the Ember Inspector from https://chrome.google.com/webstore/detail/ember-inspector/bmdblncegkenkacieihfhpjfppoconhi", source:  (0)
[17545:17545:0301/124746.112660:INFO:CONSOLE(0)] "DEBUG: -------------------------------", source:  (0)
[17545:17545:0301/124746.112879:INFO:CONSOLE(0)] "DEBUG: Ember  : 2.6.2", source:  (0)
[17545:17545:0301/124746.113055:INFO:CONSOLE(0)] "DEBUG: jQuery : 2.2.4", source:  (0)
[17545:17545:0301/124746.113239:INFO:CONSOLE(0)] "DEBUG: -------------------------------", source:  (0)
[17545:17545:0301/124746.168987:INFO:CONSOLE(0)] "DEBUG: For more advanced debugging, install the Ember Inspector from https://chrome.google.com/webstore/detail/ember-inspector/bmdblncegkenkacieihfhpjfppoconhi", source:  (0)
