[5727:5727:0301/213754.352143:WARNING:chrome_main_delegate.cc(618)] This is Chrome version 112.0.5572.0 (not a warning)
[5727:5741:0301/213754.511398:ERROR:bus.cc(399)] Failed to connect to the bus: Could not parse server address: Unknown address type (examples of valid types are "tcp" and on UNIX "unix")
[5727:5741:0301/213754.511428:ERROR:bus.cc(399)] Failed to connect to the bus: Could not parse server address: Unknown address type (examples of valid types are "tcp" and on UNIX "unix")
[5727:5727:0301/213754.549580:WARNING:account_consistency_mode_manager.cc(70)] Desktop Identity Consistency cannot be enabled as no OAuth client ID and client secret have been configured.
[5727:5741:0301/213754.556590:ERROR:bus.cc(399)] Failed to connect to the bus: Could not parse server address: Unknown address type (examples of valid types are "tcp" and on UNIX "unix")
[5727:5741:0301/213754.556630:ERROR:bus.cc(399)] Failed to connect to the bus: Could not parse server address: Unknown address type (examples of valid types are "tcp" and on UNIX "unix")
[5727:5727:0301/213754.766039:WARNING:bluez_dbus_manager.cc(247)] Floss manager not present, cannot set Floss enable/disable.
[5727:5817:0301/213754.786518:ERROR:object_proxy.cc(623)] Failed to call method: org.freedesktop.DBus.Properties.Get: object_path= /org/freedesktop/UPower: org.freedesktop.DBus.Error.ServiceUnknown: The name org.freedesktop.UPower was not provided by any .service files
[5727:5817:0301/213754.786541:WARNING:property.cc(144)] DaemonVersion: GetAndBlock: failed.
[5727:5817:0301/213754.786711:ERROR:object_proxy.cc(623)] Failed to call method: org.freedesktop.UPower.GetDisplayDevice: object_path= /org/freedesktop/UPower: org.freedesktop.DBus.Error.ServiceUnknown: The name org.freedesktop.UPower was not provided by any .service files
[5727:5817:0301/213754.786866:ERROR:object_proxy.cc(623)] Failed to call method: org.freedesktop.UPower.EnumerateDevices: object_path= /org/freedesktop/UPower: org.freedesktop.DBus.Error.ServiceUnknown: The name org.freedesktop.UPower was not provided by any .service files
[5727:5741:0301/213754.916963:ERROR:bus.cc(399)] Failed to connect to the bus: Could not parse server address: Unknown address type (examples of valid types are "tcp" and on UNIX "unix")
[5727:5741:0301/213754.925535:ERROR:bus.cc(399)] Failed to connect to the bus: Could not parse server address: Unknown address type (examples of valid types are "tcp" and on UNIX "unix")
[5727:5727:0301/213758.275623:INFO:optimization_guide_logger.cc(42)] ../../components/optimization_guide/core/hints_manager.cc(523) Hint cache initialized
[5727:5727:0301/213758.695450:INFO:optimization_guide_logger.cc(42)] ../../components/optimization_guide/content/browser/page_content_annotations_service.cc(309) PageContentAnnotationJob Result: BatchAnnotationResult{"Speedometer 2.1 Interactive Runner", type: ContentVisibility, output: nullopt}
[5727:5727:0301/213758.695626:INFO:optimization_guide_logger.cc(42)] ../../components/optimization_guide/content/browser/page_content_annotations_service.cc(309) PageContentAnnotationJob Result: BatchAnnotationResult{"Speedometer 2.1 Interactive Runner", type: PageEntities, output: nullopt}
[5727:5727:0301/213808.215915:INFO:CONSOLE(0)] "DEBUG: -------------------------------", source:  (0)
[5727:5727:0301/213808.216124:INFO:CONSOLE(0)] "DEBUG: Ember  : 2.6.2", source:  (0)
[5727:5727:0301/213808.216307:INFO:CONSOLE(0)] "DEBUG: jQuery : 2.2.4", source:  (0)
[5727:5727:0301/213808.216479:INFO:CONSOLE(0)] "DEBUG: -------------------------------", source:  (0)
[5727:5727:0301/213808.302780:INFO:CONSOLE(0)] "DEBUG: For more advanced debugging, install the Ember Inspector from https://chrome.google.com/webstore/detail/ember-inspector/bmdblncegkenkacieihfhpjfppoconhi", source:  (0)
[5727:5727:0301/213823.958918:INFO:CONSOLE(0)] "DEBUG: -------------------------------", source:  (0)
[5727:5727:0301/213823.959122:INFO:CONSOLE(0)] "DEBUG: Ember  : 2.6.2", source:  (0)
[5727:5727:0301/213823.959297:INFO:CONSOLE(0)] "DEBUG: jQuery : 2.2.4", source:  (0)
[5727:5727:0301/213823.959469:INFO:CONSOLE(0)] "DEBUG: -------------------------------", source:  (0)
[5727:5727:0301/213823.995132:INFO:CONSOLE(0)] "DEBUG: For more advanced debugging, install the Ember Inspector from https://chrome.google.com/webstore/detail/ember-inspector/bmdblncegkenkacieihfhpjfppoconhi", source:  (0)
[5727:5727:0301/213834.903944:INFO:CONSOLE(0)] "DEBUG: -------------------------------", source:  (0)
[5727:5727:0301/213834.904156:INFO:CONSOLE(0)] "DEBUG: Ember  : 2.6.2", source:  (0)
[5727:5727:0301/213834.904332:INFO:CONSOLE(0)] "DEBUG: jQuery : 2.2.4", source:  (0)
[5727:5727:0301/213834.904504:INFO:CONSOLE(0)] "DEBUG: -------------------------------", source:  (0)
[5727:5727:0301/213834.940538:INFO:CONSOLE(0)] "DEBUG: For more advanced debugging, install the Ember Inspector from https://chrome.google.com/webstore/detail/ember-inspector/bmdblncegkenkacieihfhpjfppoconhi", source:  (0)
[5727:5727:0301/213845.890118:INFO:CONSOLE(0)] "DEBUG: -------------------------------", source:  (0)
[5727:5727:0301/213845.890334:INFO:CONSOLE(0)] "DEBUG: Ember  : 2.6.2", source:  (0)
[5727:5727:0301/213845.890511:INFO:CONSOLE(0)] "DEBUG: jQuery : 2.2.4", source:  (0)
[5727:5727:0301/213845.890682:INFO:CONSOLE(0)] "DEBUG: -------------------------------", source:  (0)
[5727:5727:0301/213845.926701:INFO:CONSOLE(0)] "DEBUG: For more advanced debugging, install the Ember Inspector from https://chrome.google.com/webstore/detail/ember-inspector/bmdblncegkenkacieihfhpjfppoconhi", source:  (0)
[5727:5727:0301/213857.069262:INFO:CONSOLE(0)] "DEBUG: -------------------------------", source:  (0)
[5727:5727:0301/213857.069471:INFO:CONSOLE(0)] "DEBUG: Ember  : 2.6.2", source:  (0)
[5727:5727:0301/213857.069646:INFO:CONSOLE(0)] "DEBUG: jQuery : 2.2.4", source:  (0)
[5727:5727:0301/213857.069818:INFO:CONSOLE(0)] "DEBUG: -------------------------------", source:  (0)
[5727:5727:0301/213857.107385:INFO:CONSOLE(0)] "DEBUG: For more advanced debugging, install the Ember Inspector from https://chrome.google.com/webstore/detail/ember-inspector/bmdblncegkenkacieihfhpjfppoconhi", source:  (0)
[5727:5727:0301/213908.393151:INFO:CONSOLE(0)] "DEBUG: -------------------------------", source:  (0)
[5727:5727:0301/213908.393365:INFO:CONSOLE(0)] "DEBUG: Ember  : 2.6.2", source:  (0)
[5727:5727:0301/213908.393546:INFO:CONSOLE(0)] "DEBUG: jQuery : 2.2.4", source:  (0)
[5727:5727:0301/213908.393718:INFO:CONSOLE(0)] "DEBUG: -------------------------------", source:  (0)
[5727:5727:0301/213908.429874:INFO:CONSOLE(0)] "DEBUG: For more advanced debugging, install the Ember Inspector from https://chrome.google.com/webstore/detail/ember-inspector/bmdblncegkenkacieihfhpjfppoconhi", source:  (0)
[5727:5727:0301/213919.790479:INFO:CONSOLE(0)] "DEBUG: -------------------------------", source:  (0)
[5727:5727:0301/213919.790688:INFO:CONSOLE(0)] "DEBUG: Ember  : 2.6.2", source:  (0)
[5727:5727:0301/213919.790864:INFO:CONSOLE(0)] "DEBUG: jQuery : 2.2.4", source:  (0)
[5727:5727:0301/213919.791036:INFO:CONSOLE(0)] "DEBUG: -------------------------------", source:  (0)
[5727:5727:0301/213919.827568:INFO:CONSOLE(0)] "DEBUG: For more advanced debugging, install the Ember Inspector from https://chrome.google.com/webstore/detail/ember-inspector/bmdblncegkenkacieihfhpjfppoconhi", source:  (0)
[5727:5727:0301/213931.471197:INFO:CONSOLE(0)] "DEBUG: -------------------------------", source:  (0)
[5727:5727:0301/213931.471408:INFO:CONSOLE(0)] "DEBUG: Ember  : 2.6.2", source:  (0)
[5727:5727:0301/213931.471583:INFO:CONSOLE(0)] "DEBUG: jQuery : 2.2.4", source:  (0)
[5727:5727:0301/213931.471755:INFO:CONSOLE(0)] "DEBUG: -------------------------------", source:  (0)
[5727:5727:0301/213931.508345:INFO:CONSOLE(0)] "DEBUG: For more advanced debugging, install the Ember Inspector from https://chrome.google.com/webstore/detail/ember-inspector/bmdblncegkenkacieihfhpjfppoconhi", source:  (0)
[5727:5727:0301/213943.245011:INFO:CONSOLE(0)] "DEBUG: -------------------------------", source:  (0)
[5727:5727:0301/213943.245222:INFO:CONSOLE(0)] "DEBUG: Ember  : 2.6.2", source:  (0)
[5727:5727:0301/213943.245398:INFO:CONSOLE(0)] "DEBUG: jQuery : 2.2.4", source:  (0)
[5727:5727:0301/213943.245592:INFO:CONSOLE(0)] "DEBUG: -------------------------------", source:  (0)
[5727:5727:0301/213943.282006:INFO:CONSOLE(0)] "DEBUG: For more advanced debugging, install the Ember Inspector from https://chrome.google.com/webstore/detail/ember-inspector/bmdblncegkenkacieihfhpjfppoconhi", source:  (0)
[5727:5727:0301/213955.094631:INFO:CONSOLE(0)] "DEBUG: -------------------------------", source:  (0)
[5727:5727:0301/213955.094843:INFO:CONSOLE(0)] "DEBUG: Ember  : 2.6.2", source:  (0)
[5727:5727:0301/213955.095018:INFO:CONSOLE(0)] "DEBUG: jQuery : 2.2.4", source:  (0)
[5727:5727:0301/213955.095189:INFO:CONSOLE(0)] "DEBUG: -------------------------------", source:  (0)
[5727:5727:0301/213955.131597:INFO:CONSOLE(0)] "DEBUG: For more advanced debugging, install the Ember Inspector from https://chrome.google.com/webstore/detail/ember-inspector/bmdblncegkenkacieihfhpjfppoconhi", source:  (0)
