[20240:20240:0301/132118.501738:WARNING:chrome_main_delegate.cc(618)] This is Chrome version 112.0.5572.0 (not a warning)
[20240:20254:0301/132118.678467:ERROR:bus.cc(399)] Failed to connect to the bus: Could not parse server address: Unknown address type (examples of valid types are "tcp" and on UNIX "unix")
[20240:20254:0301/132118.678495:ERROR:bus.cc(399)] Failed to connect to the bus: Could not parse server address: Unknown address type (examples of valid types are "tcp" and on UNIX "unix")
[20240:20240:0301/132118.713474:WARNING:account_consistency_mode_manager.cc(70)] Desktop Identity Consistency cannot be enabled as no OAuth client ID and client secret have been configured.
[20240:20254:0301/132118.721650:ERROR:bus.cc(399)] Failed to connect to the bus: Could not parse server address: Unknown address type (examples of valid types are "tcp" and on UNIX "unix")
[20240:20254:0301/132118.721683:ERROR:bus.cc(399)] Failed to connect to the bus: Could not parse server address: Unknown address type (examples of valid types are "tcp" and on UNIX "unix")
[20240:20240:0301/132118.930091:WARNING:bluez_dbus_manager.cc(247)] Floss manager not present, cannot set Floss enable/disable.
[20240:20331:0301/132118.994487:ERROR:object_proxy.cc(623)] Failed to call method: org.freedesktop.DBus.Properties.Get: object_path= /org/freedesktop/UPower: org.freedesktop.DBus.Error.ServiceUnknown: The name org.freedesktop.UPower was not provided by any .service files
[20240:20331:0301/132118.994511:WARNING:property.cc(144)] DaemonVersion: GetAndBlock: failed.
[20240:20331:0301/132118.994621:ERROR:object_proxy.cc(623)] Failed to call method: org.freedesktop.UPower.GetDisplayDevice: object_path= /org/freedesktop/UPower: org.freedesktop.DBus.Error.ServiceUnknown: The name org.freedesktop.UPower was not provided by any .service files
[20240:20331:0301/132118.994730:ERROR:object_proxy.cc(623)] Failed to call method: org.freedesktop.UPower.EnumerateDevices: object_path= /org/freedesktop/UPower: org.freedesktop.DBus.Error.ServiceUnknown: The name org.freedesktop.UPower was not provided by any .service files
[20240:20254:0301/132119.170609:ERROR:bus.cc(399)] Failed to connect to the bus: Could not parse server address: Unknown address type (examples of valid types are "tcp" and on UNIX "unix")
[20240:20254:0301/132119.179267:ERROR:bus.cc(399)] Failed to connect to the bus: Could not parse server address: Unknown address type (examples of valid types are "tcp" and on UNIX "unix")
[20240:20240:0301/132122.833766:INFO:optimization_guide_logger.cc(42)] ../../components/optimization_guide/core/hints_manager.cc(523) Hint cache initialized
[20240:20240:0301/132122.836396:INFO:optimization_guide_logger.cc(42)] ../../components/optimization_guide/content/browser/page_content_annotations_service.cc(309) PageContentAnnotationJob Result: BatchAnnotationResult{"Speedometer 2.1 Interactive Runner", type: ContentVisibility, output: nullopt}
[20240:20240:0301/132122.836474:INFO:optimization_guide_logger.cc(42)] ../../components/optimization_guide/content/browser/page_content_annotations_service.cc(309) PageContentAnnotationJob Result: BatchAnnotationResult{"Speedometer 2.1 Interactive Runner", type: PageEntities, output: nullopt}
[20240:20240:0301/132130.503112:INFO:CONSOLE(0)] "DEBUG: -------------------------------", source:  (0)
[20240:20240:0301/132130.503317:INFO:CONSOLE(0)] "DEBUG: Ember  : 2.6.2", source:  (0)
[20240:20240:0301/132130.503491:INFO:CONSOLE(0)] "DEBUG: jQuery : 2.2.4", source:  (0)
[20240:20240:0301/132130.503661:INFO:CONSOLE(0)] "DEBUG: -------------------------------", source:  (0)
[20240:20240:0301/132130.590787:INFO:CONSOLE(0)] "DEBUG: For more advanced debugging, install the Ember Inspector from https://chrome.google.com/webstore/detail/ember-inspector/bmdblncegkenkacieihfhpjfppoconhi", source:  (0)
[20240:20240:0301/132146.553080:INFO:CONSOLE(0)] "DEBUG: -------------------------------", source:  (0)
[20240:20240:0301/132146.553280:INFO:CONSOLE(0)] "DEBUG: Ember  : 2.6.2", source:  (0)
[20240:20240:0301/132146.553455:INFO:CONSOLE(0)] "DEBUG: jQuery : 2.2.4", source:  (0)
[20240:20240:0301/132146.553633:INFO:CONSOLE(0)] "DEBUG: -------------------------------", source:  (0)
[20240:20240:0301/132146.592846:INFO:CONSOLE(0)] "DEBUG: For more advanced debugging, install the Ember Inspector from https://chrome.google.com/webstore/detail/ember-inspector/bmdblncegkenkacieihfhpjfppoconhi", source:  (0)
[20240:20240:0301/132157.597681:INFO:CONSOLE(0)] "DEBUG: -------------------------------", source:  (0)
[20240:20240:0301/132157.597891:INFO:CONSOLE(0)] "DEBUG: Ember  : 2.6.2", source:  (0)
[20240:20240:0301/132157.598065:INFO:CONSOLE(0)] "DEBUG: jQuery : 2.2.4", source:  (0)
[20240:20240:0301/132157.598476:INFO:CONSOLE(0)] "DEBUG: -------------------------------", source:  (0)
[20240:20240:0301/132157.636403:INFO:CONSOLE(0)] "DEBUG: For more advanced debugging, install the Ember Inspector from https://chrome.google.com/webstore/detail/ember-inspector/bmdblncegkenkacieihfhpjfppoconhi", source:  (0)
[20240:20240:0301/132208.608904:INFO:CONSOLE(0)] "DEBUG: -------------------------------", source:  (0)
[20240:20240:0301/132208.609110:INFO:CONSOLE(0)] "DEBUG: Ember  : 2.6.2", source:  (0)
[20240:20240:0301/132208.609284:INFO:CONSOLE(0)] "DEBUG: jQuery : 2.2.4", source:  (0)
[20240:20240:0301/132208.609456:INFO:CONSOLE(0)] "DEBUG: -------------------------------", source:  (0)
[20240:20240:0301/132208.647528:INFO:CONSOLE(0)] "DEBUG: For more advanced debugging, install the Ember Inspector from https://chrome.google.com/webstore/detail/ember-inspector/bmdblncegkenkacieihfhpjfppoconhi", source:  (0)
[20240:20240:0301/132219.968328:INFO:CONSOLE(0)] "DEBUG: -------------------------------", source:  (0)
[20240:20240:0301/132219.968535:INFO:CONSOLE(0)] "DEBUG: Ember  : 2.6.2", source:  (0)
[20240:20240:0301/132219.968709:INFO:CONSOLE(0)] "DEBUG: jQuery : 2.2.4", source:  (0)
[20240:20240:0301/132219.968882:INFO:CONSOLE(0)] "DEBUG: -------------------------------", source:  (0)
[20240:20240:0301/132220.007052:INFO:CONSOLE(0)] "DEBUG: For more advanced debugging, install the Ember Inspector from https://chrome.google.com/webstore/detail/ember-inspector/bmdblncegkenkacieihfhpjfppoconhi", source:  (0)
[20240:20240:0301/132231.405723:INFO:CONSOLE(0)] "DEBUG: -------------------------------", source:  (0)
[20240:20240:0301/132231.405924:INFO:CONSOLE(0)] "DEBUG: Ember  : 2.6.2", source:  (0)
[20240:20240:0301/132231.406098:INFO:CONSOLE(0)] "DEBUG: jQuery : 2.2.4", source:  (0)
[20240:20240:0301/132231.406274:INFO:CONSOLE(0)] "DEBUG: -------------------------------", source:  (0)
[20240:20240:0301/132231.444593:INFO:CONSOLE(0)] "DEBUG: For more advanced debugging, install the Ember Inspector from https://chrome.google.com/webstore/detail/ember-inspector/bmdblncegkenkacieihfhpjfppoconhi", source:  (0)
[20240:20240:0301/132242.981665:INFO:CONSOLE(0)] "DEBUG: -------------------------------", source:  (0)
[20240:20240:0301/132242.981874:INFO:CONSOLE(0)] "DEBUG: Ember  : 2.6.2", source:  (0)
[20240:20240:0301/132242.982049:INFO:CONSOLE(0)] "DEBUG: jQuery : 2.2.4", source:  (0)
[20240:20240:0301/132242.982225:INFO:CONSOLE(0)] "DEBUG: -------------------------------", source:  (0)
[20240:20240:0301/132243.020274:INFO:CONSOLE(0)] "DEBUG: For more advanced debugging, install the Ember Inspector from https://chrome.google.com/webstore/detail/ember-inspector/bmdblncegkenkacieihfhpjfppoconhi", source:  (0)
[20240:20240:0301/132254.569874:INFO:CONSOLE(0)] "DEBUG: -------------------------------", source:  (0)
[20240:20240:0301/132254.570081:INFO:CONSOLE(0)] "DEBUG: Ember  : 2.6.2", source:  (0)
[20240:20240:0301/132254.570264:INFO:CONSOLE(0)] "DEBUG: jQuery : 2.2.4", source:  (0)
[20240:20240:0301/132254.570438:INFO:CONSOLE(0)] "DEBUG: -------------------------------", source:  (0)
[20240:20240:0301/132254.609913:INFO:CONSOLE(0)] "DEBUG: For more advanced debugging, install the Ember Inspector from https://chrome.google.com/webstore/detail/ember-inspector/bmdblncegkenkacieihfhpjfppoconhi", source:  (0)
[20240:20240:0301/132305.901307:INFO:CONSOLE(0)] "DEBUG: -------------------------------", source:  (0)
[20240:20240:0301/132305.901522:INFO:CONSOLE(0)] "DEBUG: Ember  : 2.6.2", source:  (0)
[20240:20240:0301/132305.901704:INFO:CONSOLE(0)] "DEBUG: jQuery : 2.2.4", source:  (0)
[20240:20240:0301/132305.901875:INFO:CONSOLE(0)] "DEBUG: -------------------------------", source:  (0)
[20240:20240:0301/132305.939956:INFO:CONSOLE(0)] "DEBUG: For more advanced debugging, install the Ember Inspector from https://chrome.google.com/webstore/detail/ember-inspector/bmdblncegkenkacieihfhpjfppoconhi", source:  (0)
[20240:20240:0301/132317.179333:INFO:CONSOLE(0)] "DEBUG: -------------------------------", source:  (0)
[20240:20240:0301/132317.179539:INFO:CONSOLE(0)] "DEBUG: Ember  : 2.6.2", source:  (0)
[20240:20240:0301/132317.179714:INFO:CONSOLE(0)] "DEBUG: jQuery : 2.2.4", source:  (0)
[20240:20240:0301/132317.179886:INFO:CONSOLE(0)] "DEBUG: -------------------------------", source:  (0)
[20240:20240:0301/132317.217890:INFO:CONSOLE(0)] "DEBUG: For more advanced debugging, install the Ember Inspector from https://chrome.google.com/webstore/detail/ember-inspector/bmdblncegkenkacieihfhpjfppoconhi", source:  (0)
