[24999:24999:0301/142346.300972:WARNING:chrome_main_delegate.cc(618)] This is Chrome version 112.0.5572.0 (not a warning)
[24999:25014:0301/142346.474379:ERROR:bus.cc(399)] Failed to connect to the bus: Could not parse server address: Unknown address type (examples of valid types are "tcp" and on UNIX "unix")
[24999:25014:0301/142346.474416:ERROR:bus.cc(399)] Failed to connect to the bus: Could not parse server address: Unknown address type (examples of valid types are "tcp" and on UNIX "unix")
[24999:24999:0301/142346.521542:WARNING:account_consistency_mode_manager.cc(70)] Desktop Identity Consistency cannot be enabled as no OAuth client ID and client secret have been configured.
[24999:25014:0301/142346.529850:ERROR:bus.cc(399)] Failed to connect to the bus: Could not parse server address: Unknown address type (examples of valid types are "tcp" and on UNIX "unix")
[24999:25014:0301/142346.529885:ERROR:bus.cc(399)] Failed to connect to the bus: Could not parse server address: Unknown address type (examples of valid types are "tcp" and on UNIX "unix")
[24999:24999:0301/142346.724654:WARNING:bluez_dbus_manager.cc(247)] Floss manager not present, cannot set Floss enable/disable.
[24999:25088:0301/142346.752390:ERROR:object_proxy.cc(623)] Failed to call method: org.freedesktop.DBus.Properties.Get: object_path= /org/freedesktop/UPower: org.freedesktop.DBus.Error.ServiceUnknown: The name org.freedesktop.UPower was not provided by any .service files
[24999:25088:0301/142346.752417:WARNING:property.cc(144)] DaemonVersion: GetAndBlock: failed.
[24999:25088:0301/142346.752619:ERROR:object_proxy.cc(623)] Failed to call method: org.freedesktop.UPower.GetDisplayDevice: object_path= /org/freedesktop/UPower: org.freedesktop.DBus.Error.ServiceUnknown: The name org.freedesktop.UPower was not provided by any .service files
[24999:25088:0301/142346.752717:ERROR:object_proxy.cc(623)] Failed to call method: org.freedesktop.UPower.EnumerateDevices: object_path= /org/freedesktop/UPower: org.freedesktop.DBus.Error.ServiceUnknown: The name org.freedesktop.UPower was not provided by any .service files
[24999:25014:0301/142346.976266:ERROR:bus.cc(399)] Failed to connect to the bus: Could not parse server address: Unknown address type (examples of valid types are "tcp" and on UNIX "unix")
[24999:25014:0301/142346.984919:ERROR:bus.cc(399)] Failed to connect to the bus: Could not parse server address: Unknown address type (examples of valid types are "tcp" and on UNIX "unix")
[24999:24999:0301/142350.158590:INFO:optimization_guide_logger.cc(42)] ../../components/optimization_guide/core/hints_manager.cc(523) Hint cache initialized
[24999:24999:0301/142350.617295:INFO:optimization_guide_logger.cc(42)] ../../components/optimization_guide/content/browser/page_content_annotations_service.cc(309) PageContentAnnotationJob Result: BatchAnnotationResult{"Speedometer 2.1 Interactive Runner", type: ContentVisibility, output: nullopt}
[24999:24999:0301/142350.618324:INFO:optimization_guide_logger.cc(42)] ../../components/optimization_guide/content/browser/page_content_annotations_service.cc(309) PageContentAnnotationJob Result: BatchAnnotationResult{"Speedometer 2.1 Interactive Runner", type: PageEntities, output: nullopt}
[24999:24999:0301/142359.458475:INFO:CONSOLE(0)] "DEBUG: -------------------------------", source:  (0)
[24999:24999:0301/142359.458687:INFO:CONSOLE(0)] "DEBUG: Ember  : 2.6.2", source:  (0)
[24999:24999:0301/142359.458862:INFO:CONSOLE(0)] "DEBUG: jQuery : 2.2.4", source:  (0)
[24999:24999:0301/142359.459033:INFO:CONSOLE(0)] "DEBUG: -------------------------------", source:  (0)
[24999:24999:0301/142359.545472:INFO:CONSOLE(0)] "DEBUG: For more advanced debugging, install the Ember Inspector from https://chrome.google.com/webstore/detail/ember-inspector/bmdblncegkenkacieihfhpjfppoconhi", source:  (0)
[24999:24999:0301/142415.384495:INFO:CONSOLE(0)] "DEBUG: -------------------------------", source:  (0)
[24999:24999:0301/142415.384695:INFO:CONSOLE(0)] "DEBUG: Ember  : 2.6.2", source:  (0)
[24999:24999:0301/142415.384870:INFO:CONSOLE(0)] "DEBUG: jQuery : 2.2.4", source:  (0)
[24999:24999:0301/142415.385048:INFO:CONSOLE(0)] "DEBUG: -------------------------------", source:  (0)
[24999:24999:0301/142415.424505:INFO:CONSOLE(0)] "DEBUG: For more advanced debugging, install the Ember Inspector from https://chrome.google.com/webstore/detail/ember-inspector/bmdblncegkenkacieihfhpjfppoconhi", source:  (0)
[24999:24999:0301/142426.564339:INFO:CONSOLE(0)] "DEBUG: -------------------------------", source:  (0)
[24999:24999:0301/142426.564547:INFO:CONSOLE(0)] "DEBUG: Ember  : 2.6.2", source:  (0)
[24999:24999:0301/142426.564792:INFO:CONSOLE(0)] "DEBUG: jQuery : 2.2.4", source:  (0)
[24999:24999:0301/142426.565091:INFO:CONSOLE(0)] "DEBUG: -------------------------------", source:  (0)
[24999:24999:0301/142426.603950:INFO:CONSOLE(0)] "DEBUG: For more advanced debugging, install the Ember Inspector from https://chrome.google.com/webstore/detail/ember-inspector/bmdblncegkenkacieihfhpjfppoconhi", source:  (0)
[24999:24999:0301/142437.775188:INFO:CONSOLE(0)] "DEBUG: -------------------------------", source:  (0)
[24999:24999:0301/142437.775399:INFO:CONSOLE(0)] "DEBUG: Ember  : 2.6.2", source:  (0)
[24999:24999:0301/142437.775574:INFO:CONSOLE(0)] "DEBUG: jQuery : 2.2.4", source:  (0)
[24999:24999:0301/142437.775753:INFO:CONSOLE(0)] "DEBUG: -------------------------------", source:  (0)
[24999:24999:0301/142437.813016:INFO:CONSOLE(0)] "DEBUG: For more advanced debugging, install the Ember Inspector from https://chrome.google.com/webstore/detail/ember-inspector/bmdblncegkenkacieihfhpjfppoconhi", source:  (0)
[24999:24999:0301/142448.709520:INFO:CONSOLE(0)] "DEBUG: -------------------------------", source:  (0)
[24999:24999:0301/142448.709725:INFO:CONSOLE(0)] "DEBUG: Ember  : 2.6.2", source:  (0)
[24999:24999:0301/142448.709906:INFO:CONSOLE(0)] "DEBUG: jQuery : 2.2.4", source:  (0)
[24999:24999:0301/142448.710078:INFO:CONSOLE(0)] "DEBUG: -------------------------------", source:  (0)
[24999:24999:0301/142448.747745:INFO:CONSOLE(0)] "DEBUG: For more advanced debugging, install the Ember Inspector from https://chrome.google.com/webstore/detail/ember-inspector/bmdblncegkenkacieihfhpjfppoconhi", source:  (0)
[24999:24999:0301/142459.811114:INFO:CONSOLE(0)] "DEBUG: -------------------------------", source:  (0)
[24999:24999:0301/142459.811322:INFO:CONSOLE(0)] "DEBUG: Ember  : 2.6.2", source:  (0)
[24999:24999:0301/142459.811496:INFO:CONSOLE(0)] "DEBUG: jQuery : 2.2.4", source:  (0)
[24999:24999:0301/142459.811675:INFO:CONSOLE(0)] "DEBUG: -------------------------------", source:  (0)
[24999:24999:0301/142459.849333:INFO:CONSOLE(0)] "DEBUG: For more advanced debugging, install the Ember Inspector from https://chrome.google.com/webstore/detail/ember-inspector/bmdblncegkenkacieihfhpjfppoconhi", source:  (0)
[24999:24999:0301/142510.955439:INFO:CONSOLE(0)] "DEBUG: -------------------------------", source:  (0)
[24999:24999:0301/142510.955650:INFO:CONSOLE(0)] "DEBUG: Ember  : 2.6.2", source:  (0)
[24999:24999:0301/142510.955825:INFO:CONSOLE(0)] "DEBUG: jQuery : 2.2.4", source:  (0)
[24999:24999:0301/142510.956004:INFO:CONSOLE(0)] "DEBUG: -------------------------------", source:  (0)
[24999:24999:0301/142510.993850:INFO:CONSOLE(0)] "DEBUG: For more advanced debugging, install the Ember Inspector from https://chrome.google.com/webstore/detail/ember-inspector/bmdblncegkenkacieihfhpjfppoconhi", source:  (0)
[24999:24999:0301/142522.502984:INFO:CONSOLE(0)] "DEBUG: -------------------------------", source:  (0)
[24999:24999:0301/142522.503194:INFO:CONSOLE(0)] "DEBUG: Ember  : 2.6.2", source:  (0)
[24999:24999:0301/142522.503368:INFO:CONSOLE(0)] "DEBUG: jQuery : 2.2.4", source:  (0)
[24999:24999:0301/142522.503548:INFO:CONSOLE(0)] "DEBUG: -------------------------------", source:  (0)
[24999:24999:0301/142522.541852:INFO:CONSOLE(0)] "DEBUG: For more advanced debugging, install the Ember Inspector from https://chrome.google.com/webstore/detail/ember-inspector/bmdblncegkenkacieihfhpjfppoconhi", source:  (0)
[24999:24999:0301/142533.667194:INFO:CONSOLE(0)] "DEBUG: -------------------------------", source:  (0)
[24999:24999:0301/142533.667412:INFO:CONSOLE(0)] "DEBUG: Ember  : 2.6.2", source:  (0)
[24999:24999:0301/142533.667587:INFO:CONSOLE(0)] "DEBUG: jQuery : 2.2.4", source:  (0)
[24999:24999:0301/142533.667759:INFO:CONSOLE(0)] "DEBUG: -------------------------------", source:  (0)
[24999:24999:0301/142533.705549:INFO:CONSOLE(0)] "DEBUG: For more advanced debugging, install the Ember Inspector from https://chrome.google.com/webstore/detail/ember-inspector/bmdblncegkenkacieihfhpjfppoconhi", source:  (0)
[24999:24999:0301/142545.378263:INFO:CONSOLE(0)] "DEBUG: -------------------------------", source:  (0)
[24999:24999:0301/142545.378537:INFO:CONSOLE(0)] "DEBUG: Ember  : 2.6.2", source:  (0)
[24999:24999:0301/142545.378713:INFO:CONSOLE(0)] "DEBUG: jQuery : 2.2.4", source:  (0)
[24999:24999:0301/142545.378886:INFO:CONSOLE(0)] "DEBUG: -------------------------------", source:  (0)
[24999:24999:0301/142545.417671:INFO:CONSOLE(0)] "DEBUG: For more advanced debugging, install the Ember Inspector from https://chrome.google.com/webstore/detail/ember-inspector/bmdblncegkenkacieihfhpjfppoconhi", source:  (0)
