[20569:20569:0301/132544.352451:WARNING:chrome_main_delegate.cc(618)] This is Chrome version 112.0.5572.0 (not a warning)
[20569:20584:0301/132544.510838:ERROR:bus.cc(399)] Failed to connect to the bus: Could not parse server address: Unknown address type (examples of valid types are "tcp" and on UNIX "unix")
[20569:20584:0301/132544.510868:ERROR:bus.cc(399)] Failed to connect to the bus: Could not parse server address: Unknown address type (examples of valid types are "tcp" and on UNIX "unix")
[20569:20569:0301/132544.549929:WARNING:account_consistency_mode_manager.cc(70)] Desktop Identity Consistency cannot be enabled as no OAuth client ID and client secret have been configured.
[20569:20584:0301/132544.557361:ERROR:bus.cc(399)] Failed to connect to the bus: Could not parse server address: Unknown address type (examples of valid types are "tcp" and on UNIX "unix")
[20569:20584:0301/132544.557397:ERROR:bus.cc(399)] Failed to connect to the bus: Could not parse server address: Unknown address type (examples of valid types are "tcp" and on UNIX "unix")
[20569:20569:0301/132544.722908:WARNING:bluez_dbus_manager.cc(247)] Floss manager not present, cannot set Floss enable/disable.
[20569:20658:0301/132544.770073:ERROR:object_proxy.cc(623)] Failed to call method: org.freedesktop.DBus.Properties.Get: object_path= /org/freedesktop/UPower: org.freedesktop.DBus.Error.ServiceUnknown: The name org.freedesktop.UPower was not provided by any .service files
[20569:20658:0301/132544.770089:WARNING:property.cc(144)] DaemonVersion: GetAndBlock: failed.
[20569:20658:0301/132544.770404:ERROR:object_proxy.cc(623)] Failed to call method: org.freedesktop.UPower.GetDisplayDevice: object_path= /org/freedesktop/UPower: org.freedesktop.DBus.Error.ServiceUnknown: The name org.freedesktop.UPower was not provided by any .service files
[20569:20658:0301/132544.771356:ERROR:object_proxy.cc(623)] Failed to call method: org.freedesktop.UPower.EnumerateDevices: object_path= /org/freedesktop/UPower: org.freedesktop.DBus.Error.ServiceUnknown: The name org.freedesktop.UPower was not provided by any .service files
[20569:20584:0301/132544.988660:ERROR:bus.cc(399)] Failed to connect to the bus: Could not parse server address: Unknown address type (examples of valid types are "tcp" and on UNIX "unix")
[20569:20584:0301/132544.997371:ERROR:bus.cc(399)] Failed to connect to the bus: Could not parse server address: Unknown address type (examples of valid types are "tcp" and on UNIX "unix")
[20569:20599:0301/132545.700228:WARNING:render_message_filter.cc(144)] Could not find tid
[20569:20569:0301/132548.659526:INFO:optimization_guide_logger.cc(42)] ../../components/optimization_guide/content/browser/page_content_annotations_service.cc(309) PageContentAnnotationJob Result: BatchAnnotationResult{"Speedometer 2.1 Interactive Runner", type: ContentVisibility, output: nullopt}
[20569:20569:0301/132548.659607:INFO:optimization_guide_logger.cc(42)] ../../components/optimization_guide/content/browser/page_content_annotations_service.cc(309) PageContentAnnotationJob Result: BatchAnnotationResult{"Speedometer 2.1 Interactive Runner", type: PageEntities, output: nullopt}
[20569:20569:0301/132548.697997:INFO:optimization_guide_logger.cc(42)] ../../components/optimization_guide/core/hints_manager.cc(523) Hint cache initialized
[20569:20569:0301/132559.942365:INFO:CONSOLE(0)] "DEBUG: -------------------------------", source:  (0)
[20569:20569:0301/132559.942571:INFO:CONSOLE(0)] "DEBUG: Ember  : 2.6.2", source:  (0)
[20569:20569:0301/132559.942746:INFO:CONSOLE(0)] "DEBUG: jQuery : 2.2.4", source:  (0)
[20569:20569:0301/132559.942917:INFO:CONSOLE(0)] "DEBUG: -------------------------------", source:  (0)
[20569:20569:0301/132600.030026:INFO:CONSOLE(0)] "DEBUG: For more advanced debugging, install the Ember Inspector from https://chrome.google.com/webstore/detail/ember-inspector/bmdblncegkenkacieihfhpjfppoconhi", source:  (0)
[20569:20569:0301/132615.996297:INFO:CONSOLE(0)] "DEBUG: -------------------------------", source:  (0)
[20569:20569:0301/132615.996496:INFO:CONSOLE(0)] "DEBUG: Ember  : 2.6.2", source:  (0)
[20569:20569:0301/132615.996676:INFO:CONSOLE(0)] "DEBUG: jQuery : 2.2.4", source:  (0)
[20569:20569:0301/132615.996848:INFO:CONSOLE(0)] "DEBUG: -------------------------------", source:  (0)
[20569:20569:0301/132616.034945:INFO:CONSOLE(0)] "DEBUG: For more advanced debugging, install the Ember Inspector from https://chrome.google.com/webstore/detail/ember-inspector/bmdblncegkenkacieihfhpjfppoconhi", source:  (0)
[20569:20569:0301/132627.176289:INFO:CONSOLE(0)] "DEBUG: -------------------------------", source:  (0)
[20569:20569:0301/132627.176502:INFO:CONSOLE(0)] "DEBUG: Ember  : 2.6.2", source:  (0)
[20569:20569:0301/132627.176676:INFO:CONSOLE(0)] "DEBUG: jQuery : 2.2.4", source:  (0)
[20569:20569:0301/132627.176847:INFO:CONSOLE(0)] "DEBUG: -------------------------------", source:  (0)
[20569:20569:0301/132627.214163:INFO:CONSOLE(0)] "DEBUG: For more advanced debugging, install the Ember Inspector from https://chrome.google.com/webstore/detail/ember-inspector/bmdblncegkenkacieihfhpjfppoconhi", source:  (0)
[20569:20569:0301/132638.080229:INFO:CONSOLE(0)] "DEBUG: -------------------------------", source:  (0)
[20569:20569:0301/132638.080436:INFO:CONSOLE(0)] "DEBUG: Ember  : 2.6.2", source:  (0)
[20569:20569:0301/132638.080610:INFO:CONSOLE(0)] "DEBUG: jQuery : 2.2.4", source:  (0)
[20569:20569:0301/132638.080781:INFO:CONSOLE(0)] "DEBUG: -------------------------------", source:  (0)
[20569:20569:0301/132638.123016:INFO:CONSOLE(0)] "DEBUG: For more advanced debugging, install the Ember Inspector from https://chrome.google.com/webstore/detail/ember-inspector/bmdblncegkenkacieihfhpjfppoconhi", source:  (0)
[20569:20569:0301/132649.234073:INFO:CONSOLE(0)] "DEBUG: -------------------------------", source:  (0)
[20569:20569:0301/132649.234286:INFO:CONSOLE(0)] "DEBUG: Ember  : 2.6.2", source:  (0)
[20569:20569:0301/132649.234463:INFO:CONSOLE(0)] "DEBUG: jQuery : 2.2.4", source:  (0)
[20569:20569:0301/132649.234635:INFO:CONSOLE(0)] "DEBUG: -------------------------------", source:  (0)
[20569:20569:0301/132649.272016:INFO:CONSOLE(0)] "DEBUG: For more advanced debugging, install the Ember Inspector from https://chrome.google.com/webstore/detail/ember-inspector/bmdblncegkenkacieihfhpjfppoconhi", source:  (0)
[20569:20569:0301/132700.802633:INFO:CONSOLE(0)] "DEBUG: -------------------------------", source:  (0)
[20569:20569:0301/132700.802848:INFO:CONSOLE(0)] "DEBUG: Ember  : 2.6.2", source:  (0)
[20569:20569:0301/132700.803286:INFO:CONSOLE(0)] "DEBUG: jQuery : 2.2.4", source:  (0)
[20569:20569:0301/132700.803476:INFO:CONSOLE(0)] "DEBUG: -------------------------------", source:  (0)
[20569:20569:0301/132700.842959:INFO:CONSOLE(0)] "DEBUG: For more advanced debugging, install the Ember Inspector from https://chrome.google.com/webstore/detail/ember-inspector/bmdblncegkenkacieihfhpjfppoconhi", source:  (0)
[20569:20569:0301/132712.051212:INFO:CONSOLE(0)] "DEBUG: -------------------------------", source:  (0)
[20569:20569:0301/132712.051420:INFO:CONSOLE(0)] "DEBUG: Ember  : 2.6.2", source:  (0)
[20569:20569:0301/132712.051598:INFO:CONSOLE(0)] "DEBUG: jQuery : 2.2.4", source:  (0)
[20569:20569:0301/132712.051773:INFO:CONSOLE(0)] "DEBUG: -------------------------------", source:  (0)
[20569:20569:0301/132712.090696:INFO:CONSOLE(0)] "DEBUG: For more advanced debugging, install the Ember Inspector from https://chrome.google.com/webstore/detail/ember-inspector/bmdblncegkenkacieihfhpjfppoconhi", source:  (0)
[20569:20569:0301/132723.680002:INFO:CONSOLE(0)] "DEBUG: -------------------------------", source:  (0)
[20569:20569:0301/132723.680209:INFO:CONSOLE(0)] "DEBUG: Ember  : 2.6.2", source:  (0)
[20569:20569:0301/132723.680383:INFO:CONSOLE(0)] "DEBUG: jQuery : 2.2.4", source:  (0)
[20569:20569:0301/132723.680555:INFO:CONSOLE(0)] "DEBUG: -------------------------------", source:  (0)
[20569:20569:0301/132723.720510:INFO:CONSOLE(0)] "DEBUG: For more advanced debugging, install the Ember Inspector from https://chrome.google.com/webstore/detail/ember-inspector/bmdblncegkenkacieihfhpjfppoconhi", source:  (0)
[20569:20569:0301/132734.946983:INFO:CONSOLE(0)] "DEBUG: -------------------------------", source:  (0)
[20569:20569:0301/132734.947211:INFO:CONSOLE(0)] "DEBUG: Ember  : 2.6.2", source:  (0)
[20569:20569:0301/132734.947386:INFO:CONSOLE(0)] "DEBUG: jQuery : 2.2.4", source:  (0)
[20569:20569:0301/132734.947556:INFO:CONSOLE(0)] "DEBUG: -------------------------------", source:  (0)
[20569:20569:0301/132734.985045:INFO:CONSOLE(0)] "DEBUG: For more advanced debugging, install the Ember Inspector from https://chrome.google.com/webstore/detail/ember-inspector/bmdblncegkenkacieihfhpjfppoconhi", source:  (0)
[20569:20569:0301/132746.365990:INFO:CONSOLE(0)] "DEBUG: -------------------------------", source:  (0)
[20569:20569:0301/132746.366197:INFO:CONSOLE(0)] "DEBUG: Ember  : 2.6.2", source:  (0)
[20569:20569:0301/132746.366377:INFO:CONSOLE(0)] "DEBUG: jQuery : 2.2.4", source:  (0)
[20569:20569:0301/132746.366556:INFO:CONSOLE(0)] "DEBUG: -------------------------------", source:  (0)
[20569:20569:0301/132746.404620:INFO:CONSOLE(0)] "DEBUG: For more advanced debugging, install the Ember Inspector from https://chrome.google.com/webstore/detail/ember-inspector/bmdblncegkenkacieihfhpjfppoconhi", source:  (0)
