[9012:9012:0301/222216.892627:WARNING:chrome_main_delegate.cc(618)] This is Chrome version 112.0.5572.0 (not a warning)
[9012:9027:0301/222217.050679:ERROR:bus.cc(399)] Failed to connect to the bus: Could not parse server address: Unknown address type (examples of valid types are "tcp" and on UNIX "unix")
[9012:9027:0301/222217.050710:ERROR:bus.cc(399)] Failed to connect to the bus: Could not parse server address: Unknown address type (examples of valid types are "tcp" and on UNIX "unix")
[9012:9012:0301/222217.093280:WARNING:account_consistency_mode_manager.cc(70)] Desktop Identity Consistency cannot be enabled as no OAuth client ID and client secret have been configured.
[9012:9027:0301/222217.101434:ERROR:bus.cc(399)] Failed to connect to the bus: Could not parse server address: Unknown address type (examples of valid types are "tcp" and on UNIX "unix")
[9012:9027:0301/222217.101468:ERROR:bus.cc(399)] Failed to connect to the bus: Could not parse server address: Unknown address type (examples of valid types are "tcp" and on UNIX "unix")
[9012:9012:0301/222217.302671:WARNING:bluez_dbus_manager.cc(247)] Floss manager not present, cannot set Floss enable/disable.
[9012:9100:0301/222217.378888:ERROR:object_proxy.cc(623)] Failed to call method: org.freedesktop.DBus.Properties.Get: object_path= /org/freedesktop/UPower: org.freedesktop.DBus.Error.ServiceUnknown: The name org.freedesktop.UPower was not provided by any .service files
[9012:9100:0301/222217.378912:WARNING:property.cc(144)] DaemonVersion: GetAndBlock: failed.
[9012:9100:0301/222217.379023:ERROR:object_proxy.cc(623)] Failed to call method: org.freedesktop.UPower.GetDisplayDevice: object_path= /org/freedesktop/UPower: org.freedesktop.DBus.Error.ServiceUnknown: The name org.freedesktop.UPower was not provided by any .service files
[9012:9100:0301/222217.379130:ERROR:object_proxy.cc(623)] Failed to call method: org.freedesktop.UPower.EnumerateDevices: object_path= /org/freedesktop/UPower: org.freedesktop.DBus.Error.ServiceUnknown: The name org.freedesktop.UPower was not provided by any .service files
[9012:9027:0301/222217.568059:ERROR:bus.cc(399)] Failed to connect to the bus: Could not parse server address: Unknown address type (examples of valid types are "tcp" and on UNIX "unix")
[9012:9027:0301/222217.568093:ERROR:bus.cc(399)] Failed to connect to the bus: Could not parse server address: Unknown address type (examples of valid types are "tcp" and on UNIX "unix")
[9012:9012:0301/222220.867769:INFO:optimization_guide_logger.cc(42)] ../../components/optimization_guide/core/hints_manager.cc(523) Hint cache initialized
[9012:9012:0301/222221.180164:INFO:optimization_guide_logger.cc(42)] ../../components/optimization_guide/content/browser/page_content_annotations_service.cc(309) PageContentAnnotationJob Result: BatchAnnotationResult{"Speedometer 2.1 Interactive Runner", type: ContentVisibility, output: nullopt}
[9012:9012:0301/222221.180240:INFO:optimization_guide_logger.cc(42)] ../../components/optimization_guide/content/browser/page_content_annotations_service.cc(309) PageContentAnnotationJob Result: BatchAnnotationResult{"Speedometer 2.1 Interactive Runner", type: PageEntities, output: nullopt}
[9012:9012:0301/222228.840267:INFO:CONSOLE(0)] "DEBUG: -------------------------------", source:  (0)
[9012:9012:0301/222228.840484:INFO:CONSOLE(0)] "DEBUG: Ember  : 2.6.2", source:  (0)
[9012:9012:0301/222228.840661:INFO:CONSOLE(0)] "DEBUG: jQuery : 2.2.4", source:  (0)
[9012:9012:0301/222228.840831:INFO:CONSOLE(0)] "DEBUG: -------------------------------", source:  (0)
[9012:9012:0301/222228.927891:INFO:CONSOLE(0)] "DEBUG: For more advanced debugging, install the Ember Inspector from https://chrome.google.com/webstore/detail/ember-inspector/bmdblncegkenkacieihfhpjfppoconhi", source:  (0)
[9012:9012:0301/222244.595920:INFO:CONSOLE(0)] "DEBUG: -------------------------------", source:  (0)
[9012:9012:0301/222244.596120:INFO:CONSOLE(0)] "DEBUG: Ember  : 2.6.2", source:  (0)
[9012:9012:0301/222244.596292:INFO:CONSOLE(0)] "DEBUG: jQuery : 2.2.4", source:  (0)
[9012:9012:0301/222244.596461:INFO:CONSOLE(0)] "DEBUG: -------------------------------", source:  (0)
[9012:9012:0301/222244.632631:INFO:CONSOLE(0)] "DEBUG: For more advanced debugging, install the Ember Inspector from https://chrome.google.com/webstore/detail/ember-inspector/bmdblncegkenkacieihfhpjfppoconhi", source:  (0)
[9012:9012:0301/222255.655035:INFO:CONSOLE(0)] "DEBUG: -------------------------------", source:  (0)
[9012:9012:0301/222255.655249:INFO:CONSOLE(0)] "DEBUG: Ember  : 2.6.2", source:  (0)
[9012:9012:0301/222255.655423:INFO:CONSOLE(0)] "DEBUG: jQuery : 2.2.4", source:  (0)
[9012:9012:0301/222255.655593:INFO:CONSOLE(0)] "DEBUG: -------------------------------", source:  (0)
[9012:9012:0301/222255.692659:INFO:CONSOLE(0)] "DEBUG: For more advanced debugging, install the Ember Inspector from https://chrome.google.com/webstore/detail/ember-inspector/bmdblncegkenkacieihfhpjfppoconhi", source:  (0)
[9012:9012:0301/222306.879824:INFO:CONSOLE(0)] "DEBUG: -------------------------------", source:  (0)
[9012:9012:0301/222306.880031:INFO:CONSOLE(0)] "DEBUG: Ember  : 2.6.2", source:  (0)
[9012:9012:0301/222306.880204:INFO:CONSOLE(0)] "DEBUG: jQuery : 2.2.4", source:  (0)
[9012:9012:0301/222306.880376:INFO:CONSOLE(0)] "DEBUG: -------------------------------", source:  (0)
[9012:9012:0301/222306.917146:INFO:CONSOLE(0)] "DEBUG: For more advanced debugging, install the Ember Inspector from https://chrome.google.com/webstore/detail/ember-inspector/bmdblncegkenkacieihfhpjfppoconhi", source:  (0)
[9012:9012:0301/222318.305922:INFO:CONSOLE(0)] "DEBUG: -------------------------------", source:  (0)
[9012:9012:0301/222318.306129:INFO:CONSOLE(0)] "DEBUG: Ember  : 2.6.2", source:  (0)
[9012:9012:0301/222318.306318:INFO:CONSOLE(0)] "DEBUG: jQuery : 2.2.4", source:  (0)
[9012:9012:0301/222318.306491:INFO:CONSOLE(0)] "DEBUG: -------------------------------", source:  (0)
[9012:9012:0301/222318.343025:INFO:CONSOLE(0)] "DEBUG: For more advanced debugging, install the Ember Inspector from https://chrome.google.com/webstore/detail/ember-inspector/bmdblncegkenkacieihfhpjfppoconhi", source:  (0)
[9012:9012:0301/222329.890059:INFO:CONSOLE(0)] "DEBUG: -------------------------------", source:  (0)
[9012:9012:0301/222329.890281:INFO:CONSOLE(0)] "DEBUG: Ember  : 2.6.2", source:  (0)
[9012:9012:0301/222329.890459:INFO:CONSOLE(0)] "DEBUG: jQuery : 2.2.4", source:  (0)
[9012:9012:0301/222329.890631:INFO:CONSOLE(0)] "DEBUG: -------------------------------", source:  (0)
[9012:9012:0301/222329.927441:INFO:CONSOLE(0)] "DEBUG: For more advanced debugging, install the Ember Inspector from https://chrome.google.com/webstore/detail/ember-inspector/bmdblncegkenkacieihfhpjfppoconhi", source:  (0)
[9012:9012:0301/222341.712659:INFO:CONSOLE(0)] "DEBUG: -------------------------------", source:  (0)
[9012:9012:0301/222341.712866:INFO:CONSOLE(0)] "DEBUG: Ember  : 2.6.2", source:  (0)
[9012:9012:0301/222341.713039:INFO:CONSOLE(0)] "DEBUG: jQuery : 2.2.4", source:  (0)
[9012:9012:0301/222341.713209:INFO:CONSOLE(0)] "DEBUG: -------------------------------", source:  (0)
[9012:9012:0301/222341.750264:INFO:CONSOLE(0)] "DEBUG: For more advanced debugging, install the Ember Inspector from https://chrome.google.com/webstore/detail/ember-inspector/bmdblncegkenkacieihfhpjfppoconhi", source:  (0)
[9012:9012:0301/222353.732126:INFO:CONSOLE(0)] "DEBUG: -------------------------------", source:  (0)
[9012:9012:0301/222353.732338:INFO:CONSOLE(0)] "DEBUG: Ember  : 2.6.2", source:  (0)
[9012:9012:0301/222353.732513:INFO:CONSOLE(0)] "DEBUG: jQuery : 2.2.4", source:  (0)
[9012:9012:0301/222353.732683:INFO:CONSOLE(0)] "DEBUG: -------------------------------", source:  (0)
[9012:9012:0301/222353.769908:INFO:CONSOLE(0)] "DEBUG: For more advanced debugging, install the Ember Inspector from https://chrome.google.com/webstore/detail/ember-inspector/bmdblncegkenkacieihfhpjfppoconhi", source:  (0)
[9012:9012:0301/222406.003574:INFO:CONSOLE(0)] "DEBUG: -------------------------------", source:  (0)
[9012:9012:0301/222406.003778:INFO:CONSOLE(0)] "DEBUG: Ember  : 2.6.2", source:  (0)
[9012:9012:0301/222406.003950:INFO:CONSOLE(0)] "DEBUG: jQuery : 2.2.4", source:  (0)
[9012:9012:0301/222406.004126:INFO:CONSOLE(0)] "DEBUG: -------------------------------", source:  (0)
[9012:9012:0301/222406.041389:INFO:CONSOLE(0)] "DEBUG: For more advanced debugging, install the Ember Inspector from https://chrome.google.com/webstore/detail/ember-inspector/bmdblncegkenkacieihfhpjfppoconhi", source:  (0)
[9012:9012:0301/222418.402185:INFO:CONSOLE(0)] "DEBUG: -------------------------------", source:  (0)
[9012:9012:0301/222418.402397:INFO:CONSOLE(0)] "DEBUG: Ember  : 2.6.2", source:  (0)
[9012:9012:0301/222418.402581:INFO:CONSOLE(0)] "DEBUG: jQuery : 2.2.4", source:  (0)
[9012:9012:0301/222418.402751:INFO:CONSOLE(0)] "DEBUG: -------------------------------", source:  (0)
[9012:9012:0301/222418.440164:INFO:CONSOLE(0)] "DEBUG: For more advanced debugging, install the Ember Inspector from https://chrome.google.com/webstore/detail/ember-inspector/bmdblncegkenkacieihfhpjfppoconhi", source:  (0)
