[2710:2710:0301/205549.033751:WARNING:chrome_main_delegate.cc(618)] This is Chrome version 112.0.5572.0 (not a warning)
[2710:2725:0301/205549.194365:ERROR:bus.cc(399)] Failed to connect to the bus: Could not parse server address: Unknown address type (examples of valid types are "tcp" and on UNIX "unix")
[2710:2725:0301/205549.194400:ERROR:bus.cc(399)] Failed to connect to the bus: Could not parse server address: Unknown address type (examples of valid types are "tcp" and on UNIX "unix")
[2710:2710:0301/205549.229688:WARNING:account_consistency_mode_manager.cc(70)] Desktop Identity Consistency cannot be enabled as no OAuth client ID and client secret have been configured.
[2710:2725:0301/205549.237823:ERROR:bus.cc(399)] Failed to connect to the bus: Could not parse server address: Unknown address type (examples of valid types are "tcp" and on UNIX "unix")
[2710:2725:0301/205549.237860:ERROR:bus.cc(399)] Failed to connect to the bus: Could not parse server address: Unknown address type (examples of valid types are "tcp" and on UNIX "unix")
[2710:2710:0301/205549.428337:WARNING:bluez_dbus_manager.cc(247)] Floss manager not present, cannot set Floss enable/disable.
[2710:2800:0301/205549.494285:ERROR:object_proxy.cc(623)] Failed to call method: org.freedesktop.DBus.Properties.Get: object_path= /org/freedesktop/UPower: org.freedesktop.DBus.Error.ServiceUnknown: The name org.freedesktop.UPower was not provided by any .service files
[2710:2800:0301/205549.535115:WARNING:property.cc(144)] DaemonVersion: GetAndBlock: failed.
[2710:2800:0301/205549.535301:ERROR:object_proxy.cc(623)] Failed to call method: org.freedesktop.UPower.GetDisplayDevice: object_path= /org/freedesktop/UPower: org.freedesktop.DBus.Error.ServiceUnknown: The name org.freedesktop.UPower was not provided by any .service files
[2710:2800:0301/205549.535428:ERROR:object_proxy.cc(623)] Failed to call method: org.freedesktop.UPower.EnumerateDevices: object_path= /org/freedesktop/UPower: org.freedesktop.DBus.Error.ServiceUnknown: The name org.freedesktop.UPower was not provided by any .service files
[2710:2725:0301/205549.745397:ERROR:bus.cc(399)] Failed to connect to the bus: Could not parse server address: Unknown address type (examples of valid types are "tcp" and on UNIX "unix")
[2710:2725:0301/205549.754064:ERROR:bus.cc(399)] Failed to connect to the bus: Could not parse server address: Unknown address type (examples of valid types are "tcp" and on UNIX "unix")
[2710:2710:0301/205553.129522:INFO:optimization_guide_logger.cc(42)] ../../components/optimization_guide/core/hints_manager.cc(523) Hint cache initialized
[2710:2710:0301/205553.365173:INFO:optimization_guide_logger.cc(42)] ../../components/optimization_guide/content/browser/page_content_annotations_service.cc(309) PageContentAnnotationJob Result: BatchAnnotationResult{"Speedometer 2.1 Interactive Runner", type: ContentVisibility, output: nullopt}
[2710:2710:0301/205553.365243:INFO:optimization_guide_logger.cc(42)] ../../components/optimization_guide/content/browser/page_content_annotations_service.cc(309) PageContentAnnotationJob Result: BatchAnnotationResult{"Speedometer 2.1 Interactive Runner", type: PageEntities, output: nullopt}
[2710:2710:0301/205603.977163:INFO:CONSOLE(0)] "DEBUG: -------------------------------", source:  (0)
[2710:2710:0301/205603.977372:INFO:CONSOLE(0)] "DEBUG: Ember  : 2.6.2", source:  (0)
[2710:2710:0301/205603.977555:INFO:CONSOLE(0)] "DEBUG: jQuery : 2.2.4", source:  (0)
[2710:2710:0301/205603.977733:INFO:CONSOLE(0)] "DEBUG: -------------------------------", source:  (0)
[2710:2710:0301/205604.065025:INFO:CONSOLE(0)] "DEBUG: For more advanced debugging, install the Ember Inspector from https://chrome.google.com/webstore/detail/ember-inspector/bmdblncegkenkacieihfhpjfppoconhi", source:  (0)
[2710:2710:0301/205619.565271:INFO:CONSOLE(0)] "DEBUG: -------------------------------", source:  (0)
[2710:2710:0301/205619.565474:INFO:CONSOLE(0)] "DEBUG: Ember  : 2.6.2", source:  (0)
[2710:2710:0301/205619.565649:INFO:CONSOLE(0)] "DEBUG: jQuery : 2.2.4", source:  (0)
[2710:2710:0301/205619.565820:INFO:CONSOLE(0)] "DEBUG: -------------------------------", source:  (0)
[2710:2710:0301/205619.601936:INFO:CONSOLE(0)] "DEBUG: For more advanced debugging, install the Ember Inspector from https://chrome.google.com/webstore/detail/ember-inspector/bmdblncegkenkacieihfhpjfppoconhi", source:  (0)
[2710:2710:0301/205630.472230:INFO:CONSOLE(0)] "DEBUG: -------------------------------", source:  (0)
[2710:2710:0301/205630.472443:INFO:CONSOLE(0)] "DEBUG: Ember  : 2.6.2", source:  (0)
[2710:2710:0301/205630.472618:INFO:CONSOLE(0)] "DEBUG: jQuery : 2.2.4", source:  (0)
[2710:2710:0301/205630.472791:INFO:CONSOLE(0)] "DEBUG: -------------------------------", source:  (0)
[2710:2710:0301/205630.508911:INFO:CONSOLE(0)] "DEBUG: For more advanced debugging, install the Ember Inspector from https://chrome.google.com/webstore/detail/ember-inspector/bmdblncegkenkacieihfhpjfppoconhi", source:  (0)
[2710:2710:0301/205641.530452:INFO:CONSOLE(0)] "DEBUG: -------------------------------", source:  (0)
[2710:2710:0301/205641.530666:INFO:CONSOLE(0)] "DEBUG: Ember  : 2.6.2", source:  (0)
[2710:2710:0301/205641.530841:INFO:CONSOLE(0)] "DEBUG: jQuery : 2.2.4", source:  (0)
[2710:2710:0301/205641.531013:INFO:CONSOLE(0)] "DEBUG: -------------------------------", source:  (0)
[2710:2710:0301/205641.567074:INFO:CONSOLE(0)] "DEBUG: For more advanced debugging, install the Ember Inspector from https://chrome.google.com/webstore/detail/ember-inspector/bmdblncegkenkacieihfhpjfppoconhi", source:  (0)
[2710:2710:0301/205652.680668:INFO:CONSOLE(0)] "DEBUG: -------------------------------", source:  (0)
[2710:2710:0301/205652.680873:INFO:CONSOLE(0)] "DEBUG: Ember  : 2.6.2", source:  (0)
[2710:2710:0301/205652.681048:INFO:CONSOLE(0)] "DEBUG: jQuery : 2.2.4", source:  (0)
[2710:2710:0301/205652.681220:INFO:CONSOLE(0)] "DEBUG: -------------------------------", source:  (0)
[2710:2710:0301/205652.717526:INFO:CONSOLE(0)] "DEBUG: For more advanced debugging, install the Ember Inspector from https://chrome.google.com/webstore/detail/ember-inspector/bmdblncegkenkacieihfhpjfppoconhi", source:  (0)
[2710:2710:0301/205704.090037:INFO:CONSOLE(0)] "DEBUG: -------------------------------", source:  (0)
[2710:2710:0301/205704.090243:INFO:CONSOLE(0)] "DEBUG: Ember  : 2.6.2", source:  (0)
[2710:2710:0301/205704.090420:INFO:CONSOLE(0)] "DEBUG: jQuery : 2.2.4", source:  (0)
[2710:2710:0301/205704.090600:INFO:CONSOLE(0)] "DEBUG: -------------------------------", source:  (0)
[2710:2710:0301/205704.127299:INFO:CONSOLE(0)] "DEBUG: For more advanced debugging, install the Ember Inspector from https://chrome.google.com/webstore/detail/ember-inspector/bmdblncegkenkacieihfhpjfppoconhi", source:  (0)
[2710:2710:0301/205715.632179:INFO:CONSOLE(0)] "DEBUG: -------------------------------", source:  (0)
[2710:2710:0301/205715.632389:INFO:CONSOLE(0)] "DEBUG: Ember  : 2.6.2", source:  (0)
[2710:2710:0301/205715.632565:INFO:CONSOLE(0)] "DEBUG: jQuery : 2.2.4", source:  (0)
[2710:2710:0301/205715.632736:INFO:CONSOLE(0)] "DEBUG: -------------------------------", source:  (0)
[2710:2710:0301/205715.669309:INFO:CONSOLE(0)] "DEBUG: For more advanced debugging, install the Ember Inspector from https://chrome.google.com/webstore/detail/ember-inspector/bmdblncegkenkacieihfhpjfppoconhi", source:  (0)
[2710:2710:0301/205727.320216:INFO:CONSOLE(0)] "DEBUG: -------------------------------", source:  (0)
[2710:2710:0301/205727.320429:INFO:CONSOLE(0)] "DEBUG: Ember  : 2.6.2", source:  (0)
[2710:2710:0301/205727.320612:INFO:CONSOLE(0)] "DEBUG: jQuery : 2.2.4", source:  (0)
[2710:2710:0301/205727.320784:INFO:CONSOLE(0)] "DEBUG: -------------------------------", source:  (0)
[2710:2710:0301/205727.357588:INFO:CONSOLE(0)] "DEBUG: For more advanced debugging, install the Ember Inspector from https://chrome.google.com/webstore/detail/ember-inspector/bmdblncegkenkacieihfhpjfppoconhi", source:  (0)
[2710:2710:0301/205739.129452:INFO:CONSOLE(0)] "DEBUG: -------------------------------", source:  (0)
[2710:2710:0301/205739.129663:INFO:CONSOLE(0)] "DEBUG: Ember  : 2.6.2", source:  (0)
[2710:2710:0301/205739.129839:INFO:CONSOLE(0)] "DEBUG: jQuery : 2.2.4", source:  (0)
[2710:2710:0301/205739.130019:INFO:CONSOLE(0)] "DEBUG: -------------------------------", source:  (0)
[2710:2710:0301/205739.166944:INFO:CONSOLE(0)] "DEBUG: For more advanced debugging, install the Ember Inspector from https://chrome.google.com/webstore/detail/ember-inspector/bmdblncegkenkacieihfhpjfppoconhi", source:  (0)
[2710:2710:0301/205751.022454:INFO:CONSOLE(0)] "DEBUG: -------------------------------", source:  (0)
[2710:2710:0301/205751.022661:INFO:CONSOLE(0)] "DEBUG: Ember  : 2.6.2", source:  (0)
[2710:2710:0301/205751.022836:INFO:CONSOLE(0)] "DEBUG: jQuery : 2.2.4", source:  (0)
[2710:2710:0301/205751.023008:INFO:CONSOLE(0)] "DEBUG: -------------------------------", source:  (0)
[2710:2710:0301/205751.060073:INFO:CONSOLE(0)] "DEBUG: For more advanced debugging, install the Ember Inspector from https://chrome.google.com/webstore/detail/ember-inspector/bmdblncegkenkacieihfhpjfppoconhi", source:  (0)
