[18208:18208:0301/125437.890682:WARNING:chrome_main_delegate.cc(618)] This is Chrome version 112.0.5572.0 (not a warning)
[18208:18222:0301/125438.049852:ERROR:bus.cc(399)] Failed to connect to the bus: Could not parse server address: Unknown address type (examples of valid types are "tcp" and on UNIX "unix")
[18208:18222:0301/125438.049883:ERROR:bus.cc(399)] Failed to connect to the bus: Could not parse server address: Unknown address type (examples of valid types are "tcp" and on UNIX "unix")
[18208:18208:0301/125438.085486:WARNING:account_consistency_mode_manager.cc(70)] Desktop Identity Consistency cannot be enabled as no OAuth client ID and client secret have been configured.
[18208:18222:0301/125438.092521:ERROR:bus.cc(399)] Failed to connect to the bus: Could not parse server address: Unknown address type (examples of valid types are "tcp" and on UNIX "unix")
[18208:18222:0301/125438.092557:ERROR:bus.cc(399)] Failed to connect to the bus: Could not parse server address: Unknown address type (examples of valid types are "tcp" and on UNIX "unix")
[18208:18208:0301/125438.291198:WARNING:bluez_dbus_manager.cc(247)] Floss manager not present, cannot set Floss enable/disable.
[18208:18298:0301/125438.327992:ERROR:object_proxy.cc(623)] Failed to call method: org.freedesktop.DBus.Properties.Get: object_path= /org/freedesktop/UPower: org.freedesktop.DBus.Error.ServiceUnknown: The name org.freedesktop.UPower was not provided by any .service files
[18208:18298:0301/125438.328014:WARNING:property.cc(144)] DaemonVersion: GetAndBlock: failed.
[18208:18298:0301/125438.328115:ERROR:object_proxy.cc(623)] Failed to call method: org.freedesktop.UPower.GetDisplayDevice: object_path= /org/freedesktop/UPower: org.freedesktop.DBus.Error.ServiceUnknown: The name org.freedesktop.UPower was not provided by any .service files
[18208:18298:0301/125438.328213:ERROR:object_proxy.cc(623)] Failed to call method: org.freedesktop.UPower.EnumerateDevices: object_path= /org/freedesktop/UPower: org.freedesktop.DBus.Error.ServiceUnknown: The name org.freedesktop.UPower was not provided by any .service files
[18208:18222:0301/125438.475816:ERROR:bus.cc(399)] Failed to connect to the bus: Could not parse server address: Unknown address type (examples of valid types are "tcp" and on UNIX "unix")
[18208:18222:0301/125438.475849:ERROR:bus.cc(399)] Failed to connect to the bus: Could not parse server address: Unknown address type (examples of valid types are "tcp" and on UNIX "unix")
[18208:18208:0301/125442.223123:INFO:optimization_guide_logger.cc(42)] ../../components/optimization_guide/core/hints_manager.cc(523) Hint cache initialized
[18208:18208:0301/125442.225152:INFO:optimization_guide_logger.cc(42)] ../../components/optimization_guide/content/browser/page_content_annotations_service.cc(309) PageContentAnnotationJob Result: BatchAnnotationResult{"Speedometer 2.1 Interactive Runner", type: ContentVisibility, output: nullopt}
[18208:18208:0301/125442.225223:INFO:optimization_guide_logger.cc(42)] ../../components/optimization_guide/content/browser/page_content_annotations_service.cc(309) PageContentAnnotationJob Result: BatchAnnotationResult{"Speedometer 2.1 Interactive Runner", type: PageEntities, output: nullopt}
[18208:18208:0301/125449.901074:INFO:CONSOLE(0)] "DEBUG: -------------------------------", source:  (0)
[18208:18208:0301/125449.901280:INFO:CONSOLE(0)] "DEBUG: Ember  : 2.6.2", source:  (0)
[18208:18208:0301/125449.901454:INFO:CONSOLE(0)] "DEBUG: jQuery : 2.2.4", source:  (0)
[18208:18208:0301/125449.901633:INFO:CONSOLE(0)] "DEBUG: -------------------------------", source:  (0)
[18208:18208:0301/125449.988272:INFO:CONSOLE(0)] "DEBUG: For more advanced debugging, install the Ember Inspector from https://chrome.google.com/webstore/detail/ember-inspector/bmdblncegkenkacieihfhpjfppoconhi", source:  (0)
[18208:18208:0301/125505.973808:INFO:CONSOLE(0)] "DEBUG: -------------------------------", source:  (0)
[18208:18208:0301/125505.974019:INFO:CONSOLE(0)] "DEBUG: Ember  : 2.6.2", source:  (0)
[18208:18208:0301/125505.974192:INFO:CONSOLE(0)] "DEBUG: jQuery : 2.2.4", source:  (0)
[18208:18208:0301/125505.974374:INFO:CONSOLE(0)] "DEBUG: -------------------------------", source:  (0)
[18208:18208:0301/125506.012733:INFO:CONSOLE(0)] "DEBUG: For more advanced debugging, install the Ember Inspector from https://chrome.google.com/webstore/detail/ember-inspector/bmdblncegkenkacieihfhpjfppoconhi", source:  (0)
[18208:18208:0301/125516.929742:INFO:CONSOLE(0)] "DEBUG: -------------------------------", source:  (0)
[18208:18208:0301/125516.929946:INFO:CONSOLE(0)] "DEBUG: Ember  : 2.6.2", source:  (0)
[18208:18208:0301/125516.930120:INFO:CONSOLE(0)] "DEBUG: jQuery : 2.2.4", source:  (0)
[18208:18208:0301/125516.930297:INFO:CONSOLE(0)] "DEBUG: -------------------------------", source:  (0)
[18208:18208:0301/125516.967401:INFO:CONSOLE(0)] "DEBUG: For more advanced debugging, install the Ember Inspector from https://chrome.google.com/webstore/detail/ember-inspector/bmdblncegkenkacieihfhpjfppoconhi", source:  (0)
[18208:18208:0301/125528.039886:INFO:CONSOLE(0)] "DEBUG: -------------------------------", source:  (0)
[18208:18208:0301/125528.040092:INFO:CONSOLE(0)] "DEBUG: Ember  : 2.6.2", source:  (0)
[18208:18208:0301/125528.040274:INFO:CONSOLE(0)] "DEBUG: jQuery : 2.2.4", source:  (0)
[18208:18208:0301/125528.040447:INFO:CONSOLE(0)] "DEBUG: -------------------------------", source:  (0)
[18208:18208:0301/125528.077791:INFO:CONSOLE(0)] "DEBUG: For more advanced debugging, install the Ember Inspector from https://chrome.google.com/webstore/detail/ember-inspector/bmdblncegkenkacieihfhpjfppoconhi", source:  (0)
[18208:18208:0301/125539.410175:INFO:CONSOLE(0)] "DEBUG: -------------------------------", source:  (0)
[18208:18208:0301/125539.410385:INFO:CONSOLE(0)] "DEBUG: Ember  : 2.6.2", source:  (0)
[18208:18208:0301/125539.410560:INFO:CONSOLE(0)] "DEBUG: jQuery : 2.2.4", source:  (0)
[18208:18208:0301/125539.410732:INFO:CONSOLE(0)] "DEBUG: -------------------------------", source:  (0)
[18208:18208:0301/125539.447961:INFO:CONSOLE(0)] "DEBUG: For more advanced debugging, install the Ember Inspector from https://chrome.google.com/webstore/detail/ember-inspector/bmdblncegkenkacieihfhpjfppoconhi", source:  (0)
[18208:18208:0301/125551.045796:INFO:CONSOLE(0)] "DEBUG: -------------------------------", source:  (0)
[18208:18208:0301/125551.046009:INFO:CONSOLE(0)] "DEBUG: Ember  : 2.6.2", source:  (0)
[18208:18208:0301/125551.046184:INFO:CONSOLE(0)] "DEBUG: jQuery : 2.2.4", source:  (0)
[18208:18208:0301/125551.046361:INFO:CONSOLE(0)] "DEBUG: -------------------------------", source:  (0)
[18208:18208:0301/125551.092820:INFO:CONSOLE(0)] "DEBUG: For more advanced debugging, install the Ember Inspector from https://chrome.google.com/webstore/detail/ember-inspector/bmdblncegkenkacieihfhpjfppoconhi", source:  (0)
[18208:18208:0301/125602.451280:INFO:CONSOLE(0)] "DEBUG: -------------------------------", source:  (0)
[18208:18208:0301/125602.451486:INFO:CONSOLE(0)] "DEBUG: Ember  : 2.6.2", source:  (0)
[18208:18208:0301/125602.451660:INFO:CONSOLE(0)] "DEBUG: jQuery : 2.2.4", source:  (0)
[18208:18208:0301/125602.451831:INFO:CONSOLE(0)] "DEBUG: -------------------------------", source:  (0)
[18208:18208:0301/125602.489746:INFO:CONSOLE(0)] "DEBUG: For more advanced debugging, install the Ember Inspector from https://chrome.google.com/webstore/detail/ember-inspector/bmdblncegkenkacieihfhpjfppoconhi", source:  (0)
[18208:18208:0301/125613.638404:INFO:CONSOLE(0)] "DEBUG: -------------------------------", source:  (0)
[18208:18208:0301/125613.638618:INFO:CONSOLE(0)] "DEBUG: Ember  : 2.6.2", source:  (0)
[18208:18208:0301/125613.638794:INFO:CONSOLE(0)] "DEBUG: jQuery : 2.2.4", source:  (0)
[18208:18208:0301/125613.638966:INFO:CONSOLE(0)] "DEBUG: -------------------------------", source:  (0)
[18208:18208:0301/125613.676556:INFO:CONSOLE(0)] "DEBUG: For more advanced debugging, install the Ember Inspector from https://chrome.google.com/webstore/detail/ember-inspector/bmdblncegkenkacieihfhpjfppoconhi", source:  (0)
[18208:18208:0301/125625.150304:INFO:CONSOLE(0)] "DEBUG: -------------------------------", source:  (0)
[18208:18208:0301/125625.150521:INFO:CONSOLE(0)] "DEBUG: Ember  : 2.6.2", source:  (0)
[18208:18208:0301/125625.150697:INFO:CONSOLE(0)] "DEBUG: jQuery : 2.2.4", source:  (0)
[18208:18208:0301/125625.150869:INFO:CONSOLE(0)] "DEBUG: -------------------------------", source:  (0)
[18208:18208:0301/125625.191018:INFO:CONSOLE(0)] "DEBUG: For more advanced debugging, install the Ember Inspector from https://chrome.google.com/webstore/detail/ember-inspector/bmdblncegkenkacieihfhpjfppoconhi", source:  (0)
[18208:18208:0301/125636.643590:INFO:CONSOLE(0)] "DEBUG: -------------------------------", source:  (0)
[18208:18208:0301/125636.643796:INFO:CONSOLE(0)] "DEBUG: Ember  : 2.6.2", source:  (0)
[18208:18208:0301/125636.643969:INFO:CONSOLE(0)] "DEBUG: jQuery : 2.2.4", source:  (0)
[18208:18208:0301/125636.644147:INFO:CONSOLE(0)] "DEBUG: -------------------------------", source:  (0)
[18208:18208:0301/125636.681951:INFO:CONSOLE(0)] "DEBUG: For more advanced debugging, install the Ember Inspector from https://chrome.google.com/webstore/detail/ember-inspector/bmdblncegkenkacieihfhpjfppoconhi", source:  (0)
