[5564:5564:0301/213534.982801:WARNING:chrome_main_delegate.cc(618)] This is Chrome version 112.0.5572.0 (not a warning)
[5564:5579:0301/213535.158709:ERROR:bus.cc(399)] Failed to connect to the bus: Could not parse server address: Unknown address type (examples of valid types are "tcp" and on UNIX "unix")
[5564:5579:0301/213535.158740:ERROR:bus.cc(399)] Failed to connect to the bus: Could not parse server address: Unknown address type (examples of valid types are "tcp" and on UNIX "unix")
[5564:5564:0301/213535.193473:WARNING:account_consistency_mode_manager.cc(70)] Desktop Identity Consistency cannot be enabled as no OAuth client ID and client secret have been configured.
[5564:5579:0301/213535.200473:ERROR:bus.cc(399)] Failed to connect to the bus: Could not parse server address: Unknown address type (examples of valid types are "tcp" and on UNIX "unix")
[5564:5579:0301/213535.200504:ERROR:bus.cc(399)] Failed to connect to the bus: Could not parse server address: Unknown address type (examples of valid types are "tcp" and on UNIX "unix")
[5564:5564:0301/213535.391627:WARNING:bluez_dbus_manager.cc(247)] Floss manager not present, cannot set Floss enable/disable.
[5564:5653:0301/213535.418618:ERROR:object_proxy.cc(623)] Failed to call method: org.freedesktop.DBus.Properties.Get: object_path= /org/freedesktop/UPower: org.freedesktop.DBus.Error.ServiceUnknown: The name org.freedesktop.UPower was not provided by any .service files
[5564:5653:0301/213535.418640:WARNING:property.cc(144)] DaemonVersion: GetAndBlock: failed.
[5564:5653:0301/213535.418754:ERROR:object_proxy.cc(623)] Failed to call method: org.freedesktop.UPower.GetDisplayDevice: object_path= /org/freedesktop/UPower: org.freedesktop.DBus.Error.ServiceUnknown: The name org.freedesktop.UPower was not provided by any .service files
[5564:5653:0301/213535.418860:ERROR:object_proxy.cc(623)] Failed to call method: org.freedesktop.UPower.EnumerateDevices: object_path= /org/freedesktop/UPower: org.freedesktop.DBus.Error.ServiceUnknown: The name org.freedesktop.UPower was not provided by any .service files
[5564:5579:0301/213535.745451:ERROR:bus.cc(399)] Failed to connect to the bus: Could not parse server address: Unknown address type (examples of valid types are "tcp" and on UNIX "unix")
[5564:5579:0301/213535.754027:ERROR:bus.cc(399)] Failed to connect to the bus: Could not parse server address: Unknown address type (examples of valid types are "tcp" and on UNIX "unix")
[5564:5564:0301/213538.928697:INFO:optimization_guide_logger.cc(42)] ../../components/optimization_guide/core/hints_manager.cc(523) Hint cache initialized
[5564:5564:0301/213539.327016:INFO:optimization_guide_logger.cc(42)] ../../components/optimization_guide/content/browser/page_content_annotations_service.cc(309) PageContentAnnotationJob Result: BatchAnnotationResult{"Speedometer 2.1 Interactive Runner", type: ContentVisibility, output: nullopt}
[5564:5564:0301/213539.327099:INFO:optimization_guide_logger.cc(42)] ../../components/optimization_guide/content/browser/page_content_annotations_service.cc(309) PageContentAnnotationJob Result: BatchAnnotationResult{"Speedometer 2.1 Interactive Runner", type: PageEntities, output: nullopt}
[5564:5564:0301/213547.053109:INFO:CONSOLE(0)] "DEBUG: -------------------------------", source:  (0)
[5564:5564:0301/213547.053319:INFO:CONSOLE(0)] "DEBUG: Ember  : 2.6.2", source:  (0)
[5564:5564:0301/213547.053492:INFO:CONSOLE(0)] "DEBUG: jQuery : 2.2.4", source:  (0)
[5564:5564:0301/213547.053668:INFO:CONSOLE(0)] "DEBUG: -------------------------------", source:  (0)
[5564:5564:0301/213547.140448:INFO:CONSOLE(0)] "DEBUG: For more advanced debugging, install the Ember Inspector from https://chrome.google.com/webstore/detail/ember-inspector/bmdblncegkenkacieihfhpjfppoconhi", source:  (0)
[5564:5564:0301/213602.741652:INFO:CONSOLE(0)] "DEBUG: -------------------------------", source:  (0)
[5564:5564:0301/213602.741854:INFO:CONSOLE(0)] "DEBUG: Ember  : 2.6.2", source:  (0)
[5564:5564:0301/213602.742026:INFO:CONSOLE(0)] "DEBUG: jQuery : 2.2.4", source:  (0)
[5564:5564:0301/213602.742195:INFO:CONSOLE(0)] "DEBUG: -------------------------------", source:  (0)
[5564:5564:0301/213602.777880:INFO:CONSOLE(0)] "DEBUG: For more advanced debugging, install the Ember Inspector from https://chrome.google.com/webstore/detail/ember-inspector/bmdblncegkenkacieihfhpjfppoconhi", source:  (0)
[5564:5564:0301/213613.875145:INFO:CONSOLE(0)] "DEBUG: -------------------------------", source:  (0)
[5564:5564:0301/213613.875352:INFO:CONSOLE(0)] "DEBUG: Ember  : 2.6.2", source:  (0)
[5564:5564:0301/213613.875525:INFO:CONSOLE(0)] "DEBUG: jQuery : 2.2.4", source:  (0)
[5564:5564:0301/213613.875695:INFO:CONSOLE(0)] "DEBUG: -------------------------------", source:  (0)
[5564:5564:0301/213613.912499:INFO:CONSOLE(0)] "DEBUG: For more advanced debugging, install the Ember Inspector from https://chrome.google.com/webstore/detail/ember-inspector/bmdblncegkenkacieihfhpjfppoconhi", source:  (0)
[5564:5564:0301/213624.956526:INFO:CONSOLE(0)] "DEBUG: -------------------------------", source:  (0)
[5564:5564:0301/213624.956731:INFO:CONSOLE(0)] "DEBUG: Ember  : 2.6.2", source:  (0)
[5564:5564:0301/213624.956904:INFO:CONSOLE(0)] "DEBUG: jQuery : 2.2.4", source:  (0)
[5564:5564:0301/213624.957074:INFO:CONSOLE(0)] "DEBUG: -------------------------------", source:  (0)
[5564:5564:0301/213624.993297:INFO:CONSOLE(0)] "DEBUG: For more advanced debugging, install the Ember Inspector from https://chrome.google.com/webstore/detail/ember-inspector/bmdblncegkenkacieihfhpjfppoconhi", source:  (0)
[5564:5564:0301/213636.277138:INFO:CONSOLE(0)] "DEBUG: -------------------------------", source:  (0)
[5564:5564:0301/213636.277343:INFO:CONSOLE(0)] "DEBUG: Ember  : 2.6.2", source:  (0)
[5564:5564:0301/213636.277516:INFO:CONSOLE(0)] "DEBUG: jQuery : 2.2.4", source:  (0)
[5564:5564:0301/213636.277686:INFO:CONSOLE(0)] "DEBUG: -------------------------------", source:  (0)
[5564:5564:0301/213636.314049:INFO:CONSOLE(0)] "DEBUG: For more advanced debugging, install the Ember Inspector from https://chrome.google.com/webstore/detail/ember-inspector/bmdblncegkenkacieihfhpjfppoconhi", source:  (0)
[5564:5564:0301/213647.861897:INFO:CONSOLE(0)] "DEBUG: -------------------------------", source:  (0)
[5564:5564:0301/213647.862102:INFO:CONSOLE(0)] "DEBUG: Ember  : 2.6.2", source:  (0)
[5564:5564:0301/213647.862279:INFO:CONSOLE(0)] "DEBUG: jQuery : 2.2.4", source:  (0)
[5564:5564:0301/213647.862452:INFO:CONSOLE(0)] "DEBUG: -------------------------------", source:  (0)
[5564:5564:0301/213647.898862:INFO:CONSOLE(0)] "DEBUG: For more advanced debugging, install the Ember Inspector from https://chrome.google.com/webstore/detail/ember-inspector/bmdblncegkenkacieihfhpjfppoconhi", source:  (0)
[5564:5564:0301/213659.624878:INFO:CONSOLE(0)] "DEBUG: -------------------------------", source:  (0)
[5564:5564:0301/213659.625083:INFO:CONSOLE(0)] "DEBUG: Ember  : 2.6.2", source:  (0)
[5564:5564:0301/213659.625256:INFO:CONSOLE(0)] "DEBUG: jQuery : 2.2.4", source:  (0)
[5564:5564:0301/213659.625426:INFO:CONSOLE(0)] "DEBUG: -------------------------------", source:  (0)
[5564:5564:0301/213659.661793:INFO:CONSOLE(0)] "DEBUG: For more advanced debugging, install the Ember Inspector from https://chrome.google.com/webstore/detail/ember-inspector/bmdblncegkenkacieihfhpjfppoconhi", source:  (0)
[5564:5564:0301/213711.546666:INFO:CONSOLE(0)] "DEBUG: -------------------------------", source:  (0)
[5564:5564:0301/213711.546871:INFO:CONSOLE(0)] "DEBUG: Ember  : 2.6.2", source:  (0)
[5564:5564:0301/213711.547044:INFO:CONSOLE(0)] "DEBUG: jQuery : 2.2.4", source:  (0)
[5564:5564:0301/213711.547215:INFO:CONSOLE(0)] "DEBUG: -------------------------------", source:  (0)
[5564:5564:0301/213711.584105:INFO:CONSOLE(0)] "DEBUG: For more advanced debugging, install the Ember Inspector from https://chrome.google.com/webstore/detail/ember-inspector/bmdblncegkenkacieihfhpjfppoconhi", source:  (0)
[5564:5564:0301/213723.727617:INFO:CONSOLE(0)] "DEBUG: -------------------------------", source:  (0)
[5564:5564:0301/213723.727823:INFO:CONSOLE(0)] "DEBUG: Ember  : 2.6.2", source:  (0)
[5564:5564:0301/213723.727996:INFO:CONSOLE(0)] "DEBUG: jQuery : 2.2.4", source:  (0)
[5564:5564:0301/213723.728175:INFO:CONSOLE(0)] "DEBUG: -------------------------------", source:  (0)
[5564:5564:0301/213723.765064:INFO:CONSOLE(0)] "DEBUG: For more advanced debugging, install the Ember Inspector from https://chrome.google.com/webstore/detail/ember-inspector/bmdblncegkenkacieihfhpjfppoconhi", source:  (0)
[5564:5564:0301/213736.093514:INFO:CONSOLE(0)] "DEBUG: -------------------------------", source:  (0)
[5564:5564:0301/213736.093719:INFO:CONSOLE(0)] "DEBUG: Ember  : 2.6.2", source:  (0)
[5564:5564:0301/213736.093893:INFO:CONSOLE(0)] "DEBUG: jQuery : 2.2.4", source:  (0)
[5564:5564:0301/213736.094062:INFO:CONSOLE(0)] "DEBUG: -------------------------------", source:  (0)
[5564:5564:0301/213736.131127:INFO:CONSOLE(0)] "DEBUG: For more advanced debugging, install the Ember Inspector from https://chrome.google.com/webstore/detail/ember-inspector/bmdblncegkenkacieihfhpjfppoconhi", source:  (0)
