[18535:18535:0301/125905.325680:WARNING:chrome_main_delegate.cc(618)] This is Chrome version 112.0.5572.0 (not a warning)
[18535:18550:0301/125905.503873:ERROR:bus.cc(399)] Failed to connect to the bus: Could not parse server address: Unknown address type (examples of valid types are "tcp" and on UNIX "unix")
[18535:18550:0301/125905.503906:ERROR:bus.cc(399)] Failed to connect to the bus: Could not parse server address: Unknown address type (examples of valid types are "tcp" and on UNIX "unix")
[18535:18535:0301/125905.538249:WARNING:account_consistency_mode_manager.cc(70)] Desktop Identity Consistency cannot be enabled as no OAuth client ID and client secret have been configured.
[18535:18550:0301/125905.544395:ERROR:bus.cc(399)] Failed to connect to the bus: Could not parse server address: Unknown address type (examples of valid types are "tcp" and on UNIX "unix")
[18535:18550:0301/125905.544430:ERROR:bus.cc(399)] Failed to connect to the bus: Could not parse server address: Unknown address type (examples of valid types are "tcp" and on UNIX "unix")
[18535:18535:0301/125905.732106:WARNING:bluez_dbus_manager.cc(247)] Floss manager not present, cannot set Floss enable/disable.
[18535:18625:0301/125905.768115:ERROR:object_proxy.cc(623)] Failed to call method: org.freedesktop.DBus.Properties.Get: object_path= /org/freedesktop/UPower: org.freedesktop.DBus.Error.ServiceUnknown: The name org.freedesktop.UPower was not provided by any .service files
[18535:18625:0301/125905.768139:WARNING:property.cc(144)] DaemonVersion: GetAndBlock: failed.
[18535:18625:0301/125905.768232:ERROR:object_proxy.cc(623)] Failed to call method: org.freedesktop.UPower.GetDisplayDevice: object_path= /org/freedesktop/UPower: org.freedesktop.DBus.Error.ServiceUnknown: The name org.freedesktop.UPower was not provided by any .service files
[18535:18625:0301/125905.768320:ERROR:object_proxy.cc(623)] Failed to call method: org.freedesktop.UPower.EnumerateDevices: object_path= /org/freedesktop/UPower: org.freedesktop.DBus.Error.ServiceUnknown: The name org.freedesktop.UPower was not provided by any .service files
[18535:18550:0301/125905.891157:ERROR:bus.cc(399)] Failed to connect to the bus: Could not parse server address: Unknown address type (examples of valid types are "tcp" and on UNIX "unix")
[18535:18550:0301/125905.891193:ERROR:bus.cc(399)] Failed to connect to the bus: Could not parse server address: Unknown address type (examples of valid types are "tcp" and on UNIX "unix")
[18535:18535:0301/125909.546889:INFO:optimization_guide_logger.cc(42)] ../../components/optimization_guide/content/browser/page_content_annotations_service.cc(309) PageContentAnnotationJob Result: BatchAnnotationResult{"Speedometer 2.1 Interactive Runner", type: ContentVisibility, output: nullopt}
[18535:18535:0301/125909.547026:INFO:optimization_guide_logger.cc(42)] ../../components/optimization_guide/content/browser/page_content_annotations_service.cc(309) PageContentAnnotationJob Result: BatchAnnotationResult{"Speedometer 2.1 Interactive Runner", type: PageEntities, output: nullopt}
[18535:18535:0301/125909.591519:INFO:optimization_guide_logger.cc(42)] ../../components/optimization_guide/core/hints_manager.cc(523) Hint cache initialized
[18535:18535:0301/125917.203115:INFO:CONSOLE(0)] "DEBUG: -------------------------------", source:  (0)
[18535:18535:0301/125917.203334:INFO:CONSOLE(0)] "DEBUG: Ember  : 2.6.2", source:  (0)
[18535:18535:0301/125917.203510:INFO:CONSOLE(0)] "DEBUG: jQuery : 2.2.4", source:  (0)
[18535:18535:0301/125917.203682:INFO:CONSOLE(0)] "DEBUG: -------------------------------", source:  (0)
[18535:18535:0301/125917.289883:INFO:CONSOLE(0)] "DEBUG: For more advanced debugging, install the Ember Inspector from https://chrome.google.com/webstore/detail/ember-inspector/bmdblncegkenkacieihfhpjfppoconhi", source:  (0)
[18535:18535:0301/125933.075145:INFO:CONSOLE(0)] "DEBUG: -------------------------------", source:  (0)
[18535:18535:0301/125933.075351:INFO:CONSOLE(0)] "DEBUG: Ember  : 2.6.2", source:  (0)
[18535:18535:0301/125933.075527:INFO:CONSOLE(0)] "DEBUG: jQuery : 2.2.4", source:  (0)
[18535:18535:0301/125933.075713:INFO:CONSOLE(0)] "DEBUG: -------------------------------", source:  (0)
[18535:18535:0301/125933.114691:INFO:CONSOLE(0)] "DEBUG: For more advanced debugging, install the Ember Inspector from https://chrome.google.com/webstore/detail/ember-inspector/bmdblncegkenkacieihfhpjfppoconhi", source:  (0)
[18535:18535:0301/125944.338950:INFO:CONSOLE(0)] "DEBUG: -------------------------------", source:  (0)
[18535:18535:0301/125944.339160:INFO:CONSOLE(0)] "DEBUG: Ember  : 2.6.2", source:  (0)
[18535:18535:0301/125944.339336:INFO:CONSOLE(0)] "DEBUG: jQuery : 2.2.4", source:  (0)
[18535:18535:0301/125944.339508:INFO:CONSOLE(0)] "DEBUG: -------------------------------", source:  (0)
[18535:18535:0301/125944.377337:INFO:CONSOLE(0)] "DEBUG: For more advanced debugging, install the Ember Inspector from https://chrome.google.com/webstore/detail/ember-inspector/bmdblncegkenkacieihfhpjfppoconhi", source:  (0)
[18535:18535:0301/125955.584852:INFO:CONSOLE(0)] "DEBUG: -------------------------------", source:  (0)
[18535:18535:0301/125955.585069:INFO:CONSOLE(0)] "DEBUG: Ember  : 2.6.2", source:  (0)
[18535:18535:0301/125955.585245:INFO:CONSOLE(0)] "DEBUG: jQuery : 2.2.4", source:  (0)
[18535:18535:0301/125955.585424:INFO:CONSOLE(0)] "DEBUG: -------------------------------", source:  (0)
[18535:18535:0301/125955.622728:INFO:CONSOLE(0)] "DEBUG: For more advanced debugging, install the Ember Inspector from https://chrome.google.com/webstore/detail/ember-inspector/bmdblncegkenkacieihfhpjfppoconhi", source:  (0)
[18535:18535:0301/130007.488504:INFO:CONSOLE(0)] "DEBUG: -------------------------------", source:  (0)
[18535:18535:0301/130007.488706:INFO:CONSOLE(0)] "DEBUG: Ember  : 2.6.2", source:  (0)
[18535:18535:0301/130007.488881:INFO:CONSOLE(0)] "DEBUG: jQuery : 2.2.4", source:  (0)
[18535:18535:0301/130007.489062:INFO:CONSOLE(0)] "DEBUG: -------------------------------", source:  (0)
[18535:18535:0301/130007.535125:INFO:CONSOLE(0)] "DEBUG: For more advanced debugging, install the Ember Inspector from https://chrome.google.com/webstore/detail/ember-inspector/bmdblncegkenkacieihfhpjfppoconhi", source:  (0)
[18535:18535:0301/130018.998579:INFO:CONSOLE(0)] "DEBUG: -------------------------------", source:  (0)
[18535:18535:0301/130018.998792:INFO:CONSOLE(0)] "DEBUG: Ember  : 2.6.2", source:  (0)
[18535:18535:0301/130018.998968:INFO:CONSOLE(0)] "DEBUG: jQuery : 2.2.4", source:  (0)
[18535:18535:0301/130018.999140:INFO:CONSOLE(0)] "DEBUG: -------------------------------", source:  (0)
[18535:18535:0301/130019.038151:INFO:CONSOLE(0)] "DEBUG: For more advanced debugging, install the Ember Inspector from https://chrome.google.com/webstore/detail/ember-inspector/bmdblncegkenkacieihfhpjfppoconhi", source:  (0)
[18535:18535:0301/130030.284768:INFO:CONSOLE(0)] "DEBUG: -------------------------------", source:  (0)
[18535:18535:0301/130030.284981:INFO:CONSOLE(0)] "DEBUG: Ember  : 2.6.2", source:  (0)
[18535:18535:0301/130030.285156:INFO:CONSOLE(0)] "DEBUG: jQuery : 2.2.4", source:  (0)
[18535:18535:0301/130030.285329:INFO:CONSOLE(0)] "DEBUG: -------------------------------", source:  (0)
[18535:18535:0301/130030.323847:INFO:CONSOLE(0)] "DEBUG: For more advanced debugging, install the Ember Inspector from https://chrome.google.com/webstore/detail/ember-inspector/bmdblncegkenkacieihfhpjfppoconhi", source:  (0)
[18535:18535:0301/130041.670992:INFO:CONSOLE(0)] "DEBUG: -------------------------------", source:  (0)
[18535:18535:0301/130041.671204:INFO:CONSOLE(0)] "DEBUG: Ember  : 2.6.2", source:  (0)
[18535:18535:0301/130041.671387:INFO:CONSOLE(0)] "DEBUG: jQuery : 2.2.4", source:  (0)
[18535:18535:0301/130041.671559:INFO:CONSOLE(0)] "DEBUG: -------------------------------", source:  (0)
[18535:18535:0301/130041.710105:INFO:CONSOLE(0)] "DEBUG: For more advanced debugging, install the Ember Inspector from https://chrome.google.com/webstore/detail/ember-inspector/bmdblncegkenkacieihfhpjfppoconhi", source:  (0)
[18535:18535:0301/130053.019044:INFO:CONSOLE(0)] "DEBUG: -------------------------------", source:  (0)
[18535:18535:0301/130053.019271:INFO:CONSOLE(0)] "DEBUG: Ember  : 2.6.2", source:  (0)
[18535:18535:0301/130053.019446:INFO:CONSOLE(0)] "DEBUG: jQuery : 2.2.4", source:  (0)
[18535:18535:0301/130053.019619:INFO:CONSOLE(0)] "DEBUG: -------------------------------", source:  (0)
[18535:18535:0301/130053.057746:INFO:CONSOLE(0)] "DEBUG: For more advanced debugging, install the Ember Inspector from https://chrome.google.com/webstore/detail/ember-inspector/bmdblncegkenkacieihfhpjfppoconhi", source:  (0)
[18535:18535:0301/130104.259771:INFO:CONSOLE(0)] "DEBUG: -------------------------------", source:  (0)
[18535:18535:0301/130104.259981:INFO:CONSOLE(0)] "DEBUG: Ember  : 2.6.2", source:  (0)
[18535:18535:0301/130104.260164:INFO:CONSOLE(0)] "DEBUG: jQuery : 2.2.4", source:  (0)
[18535:18535:0301/130104.260336:INFO:CONSOLE(0)] "DEBUG: -------------------------------", source:  (0)
[18535:18535:0301/130104.297834:INFO:CONSOLE(0)] "DEBUG: For more advanced debugging, install the Ember Inspector from https://chrome.google.com/webstore/detail/ember-inspector/bmdblncegkenkacieihfhpjfppoconhi", source:  (0)
