[18701:18701:0301/130118.196509:WARNING:chrome_main_delegate.cc(618)] This is Chrome version 112.0.5572.0 (not a warning)
[18701:18715:0301/130118.374948:ERROR:bus.cc(399)] Failed to connect to the bus: Could not parse server address: Unknown address type (examples of valid types are "tcp" and on UNIX "unix")
[18701:18715:0301/130118.374981:ERROR:bus.cc(399)] Failed to connect to the bus: Could not parse server address: Unknown address type (examples of valid types are "tcp" and on UNIX "unix")
[18701:18701:0301/130118.410804:WARNING:account_consistency_mode_manager.cc(70)] Desktop Identity Consistency cannot be enabled as no OAuth client ID and client secret have been configured.
[18701:18715:0301/130118.417873:ERROR:bus.cc(399)] Failed to connect to the bus: Could not parse server address: Unknown address type (examples of valid types are "tcp" and on UNIX "unix")
[18701:18715:0301/130118.417907:ERROR:bus.cc(399)] Failed to connect to the bus: Could not parse server address: Unknown address type (examples of valid types are "tcp" and on UNIX "unix")
[18701:18701:0301/130118.636836:WARNING:bluez_dbus_manager.cc(247)] Floss manager not present, cannot set Floss enable/disable.
[18701:18790:0301/130118.670688:ERROR:object_proxy.cc(623)] Failed to call method: org.freedesktop.DBus.Properties.Get: object_path= /org/freedesktop/UPower: org.freedesktop.DBus.Error.ServiceUnknown: The name org.freedesktop.UPower was not provided by any .service files
[18701:18790:0301/130118.670710:WARNING:property.cc(144)] DaemonVersion: GetAndBlock: failed.
[18701:18790:0301/130118.670818:ERROR:object_proxy.cc(623)] Failed to call method: org.freedesktop.UPower.GetDisplayDevice: object_path= /org/freedesktop/UPower: org.freedesktop.DBus.Error.ServiceUnknown: The name org.freedesktop.UPower was not provided by any .service files
[18701:18790:0301/130118.670924:ERROR:object_proxy.cc(623)] Failed to call method: org.freedesktop.UPower.EnumerateDevices: object_path= /org/freedesktop/UPower: org.freedesktop.DBus.Error.ServiceUnknown: The name org.freedesktop.UPower was not provided by any .service files
[18701:18715:0301/130118.731406:ERROR:bus.cc(399)] Failed to connect to the bus: Could not parse server address: Unknown address type (examples of valid types are "tcp" and on UNIX "unix")
[18701:18715:0301/130118.739997:ERROR:bus.cc(399)] Failed to connect to the bus: Could not parse server address: Unknown address type (examples of valid types are "tcp" and on UNIX "unix")
[18701:18701:0301/130125.133872:INFO:optimization_guide_logger.cc(42)] ../../components/optimization_guide/content/browser/page_content_annotations_service.cc(309) PageContentAnnotationJob Result: BatchAnnotationResult{"Speedometer 2.1 Interactive Runner", type: ContentVisibility, output: nullopt}
[18701:18701:0301/130125.140850:INFO:optimization_guide_logger.cc(42)] ../../components/optimization_guide/content/browser/page_content_annotations_service.cc(309) PageContentAnnotationJob Result: BatchAnnotationResult{"Speedometer 2.1 Interactive Runner", type: PageEntities, output: nullopt}
[18701:18701:0301/130125.443265:INFO:optimization_guide_logger.cc(42)] ../../components/optimization_guide/core/hints_manager.cc(523) Hint cache initialized
[18701:18701:0301/130130.103811:INFO:CONSOLE(0)] "DEBUG: -------------------------------", source:  (0)
[18701:18701:0301/130130.104022:INFO:CONSOLE(0)] "DEBUG: Ember  : 2.6.2", source:  (0)
[18701:18701:0301/130130.104194:INFO:CONSOLE(0)] "DEBUG: jQuery : 2.2.4", source:  (0)
[18701:18701:0301/130130.104364:INFO:CONSOLE(0)] "DEBUG: -------------------------------", source:  (0)
[18701:18701:0301/130130.191026:INFO:CONSOLE(0)] "DEBUG: For more advanced debugging, install the Ember Inspector from https://chrome.google.com/webstore/detail/ember-inspector/bmdblncegkenkacieihfhpjfppoconhi", source:  (0)
[18701:18701:0301/130151.727864:INFO:CONSOLE(0)] "DEBUG: -------------------------------", source:  (0)
[18701:18701:0301/130151.728062:INFO:CONSOLE(0)] "DEBUG: Ember  : 2.6.2", source:  (0)
[18701:18701:0301/130151.728235:INFO:CONSOLE(0)] "DEBUG: jQuery : 2.2.4", source:  (0)
[18701:18701:0301/130151.728413:INFO:CONSOLE(0)] "DEBUG: -------------------------------", source:  (0)
[18701:18701:0301/130151.766676:INFO:CONSOLE(0)] "DEBUG: For more advanced debugging, install the Ember Inspector from https://chrome.google.com/webstore/detail/ember-inspector/bmdblncegkenkacieihfhpjfppoconhi", source:  (0)
[18701:18701:0301/130202.775680:INFO:CONSOLE(0)] "DEBUG: -------------------------------", source:  (0)
[18701:18701:0301/130202.775887:INFO:CONSOLE(0)] "DEBUG: Ember  : 2.6.2", source:  (0)
[18701:18701:0301/130202.776060:INFO:CONSOLE(0)] "DEBUG: jQuery : 2.2.4", source:  (0)
[18701:18701:0301/130202.776230:INFO:CONSOLE(0)] "DEBUG: -------------------------------", source:  (0)
[18701:18701:0301/130202.813410:INFO:CONSOLE(0)] "DEBUG: For more advanced debugging, install the Ember Inspector from https://chrome.google.com/webstore/detail/ember-inspector/bmdblncegkenkacieihfhpjfppoconhi", source:  (0)
[18701:18701:0301/130213.823326:INFO:CONSOLE(0)] "DEBUG: -------------------------------", source:  (0)
[18701:18701:0301/130213.823527:INFO:CONSOLE(0)] "DEBUG: Ember  : 2.6.2", source:  (0)
[18701:18701:0301/130213.823707:INFO:CONSOLE(0)] "DEBUG: jQuery : 2.2.4", source:  (0)
[18701:18701:0301/130213.823876:INFO:CONSOLE(0)] "DEBUG: -------------------------------", source:  (0)
[18701:18701:0301/130213.860805:INFO:CONSOLE(0)] "DEBUG: For more advanced debugging, install the Ember Inspector from https://chrome.google.com/webstore/detail/ember-inspector/bmdblncegkenkacieihfhpjfppoconhi", source:  (0)
[18701:18701:0301/130224.976068:INFO:CONSOLE(0)] "DEBUG: -------------------------------", source:  (0)
[18701:18701:0301/130224.976270:INFO:CONSOLE(0)] "DEBUG: Ember  : 2.6.2", source:  (0)
[18701:18701:0301/130224.976443:INFO:CONSOLE(0)] "DEBUG: jQuery : 2.2.4", source:  (0)
[18701:18701:0301/130224.976613:INFO:CONSOLE(0)] "DEBUG: -------------------------------", source:  (0)
[18701:18701:0301/130225.013566:INFO:CONSOLE(0)] "DEBUG: For more advanced debugging, install the Ember Inspector from https://chrome.google.com/webstore/detail/ember-inspector/bmdblncegkenkacieihfhpjfppoconhi", source:  (0)
[18701:18701:0301/130236.151295:INFO:CONSOLE(0)] "DEBUG: -------------------------------", source:  (0)
[18701:18701:0301/130236.151506:INFO:CONSOLE(0)] "DEBUG: Ember  : 2.6.2", source:  (0)
[18701:18701:0301/130236.151679:INFO:CONSOLE(0)] "DEBUG: jQuery : 2.2.4", source:  (0)
[18701:18701:0301/130236.151849:INFO:CONSOLE(0)] "DEBUG: -------------------------------", source:  (0)
[18701:18701:0301/130236.189543:INFO:CONSOLE(0)] "DEBUG: For more advanced debugging, install the Ember Inspector from https://chrome.google.com/webstore/detail/ember-inspector/bmdblncegkenkacieihfhpjfppoconhi", source:  (0)
[18701:18701:0301/130247.345107:INFO:CONSOLE(0)] "DEBUG: -------------------------------", source:  (0)
[18701:18701:0301/130247.345308:INFO:CONSOLE(0)] "DEBUG: Ember  : 2.6.2", source:  (0)
[18701:18701:0301/130247.345480:INFO:CONSOLE(0)] "DEBUG: jQuery : 2.2.4", source:  (0)
[18701:18701:0301/130247.345651:INFO:CONSOLE(0)] "DEBUG: -------------------------------", source:  (0)
[18701:18701:0301/130247.383449:INFO:CONSOLE(0)] "DEBUG: For more advanced debugging, install the Ember Inspector from https://chrome.google.com/webstore/detail/ember-inspector/bmdblncegkenkacieihfhpjfppoconhi", source:  (0)
[18701:18701:0301/130259.000968:INFO:CONSOLE(0)] "DEBUG: -------------------------------", source:  (0)
[18701:18701:0301/130259.001178:INFO:CONSOLE(0)] "DEBUG: Ember  : 2.6.2", source:  (0)
[18701:18701:0301/130259.001356:INFO:CONSOLE(0)] "DEBUG: jQuery : 2.2.4", source:  (0)
[18701:18701:0301/130259.001543:INFO:CONSOLE(0)] "DEBUG: -------------------------------", source:  (0)
[18701:18701:0301/130259.039067:INFO:CONSOLE(0)] "DEBUG: For more advanced debugging, install the Ember Inspector from https://chrome.google.com/webstore/detail/ember-inspector/bmdblncegkenkacieihfhpjfppoconhi", source:  (0)
[18701:18701:0301/130310.264596:INFO:CONSOLE(0)] "DEBUG: -------------------------------", source:  (0)
[18701:18701:0301/130310.264809:INFO:CONSOLE(0)] "DEBUG: Ember  : 2.6.2", source:  (0)
[18701:18701:0301/130310.264990:INFO:CONSOLE(0)] "DEBUG: jQuery : 2.2.4", source:  (0)
[18701:18701:0301/130310.265160:INFO:CONSOLE(0)] "DEBUG: -------------------------------", source:  (0)
[18701:18701:0301/130310.302727:INFO:CONSOLE(0)] "DEBUG: For more advanced debugging, install the Ember Inspector from https://chrome.google.com/webstore/detail/ember-inspector/bmdblncegkenkacieihfhpjfppoconhi", source:  (0)
[18701:18701:0301/130321.710086:INFO:CONSOLE(0)] "DEBUG: -------------------------------", source:  (0)
[18701:18701:0301/130321.710460:INFO:CONSOLE(0)] "DEBUG: Ember  : 2.6.2", source:  (0)
[18701:18701:0301/130321.710638:INFO:CONSOLE(0)] "DEBUG: jQuery : 2.2.4", source:  (0)
[18701:18701:0301/130321.710807:INFO:CONSOLE(0)] "DEBUG: -------------------------------", source:  (0)
[18701:18701:0301/130321.748019:INFO:CONSOLE(0)] "DEBUG: For more advanced debugging, install the Ember Inspector from https://chrome.google.com/webstore/detail/ember-inspector/bmdblncegkenkacieihfhpjfppoconhi", source:  (0)
