[3528:3528:0301/210733.054295:WARNING:chrome_main_delegate.cc(618)] This is Chrome version 112.0.5572.0 (not a warning)
[3528:3543:0301/210733.229435:ERROR:bus.cc(399)] Failed to connect to the bus: Could not parse server address: Unknown address type (examples of valid types are "tcp" and on UNIX "unix")
[3528:3543:0301/210733.229466:ERROR:bus.cc(399)] Failed to connect to the bus: Could not parse server address: Unknown address type (examples of valid types are "tcp" and on UNIX "unix")
[3528:3528:0301/210733.261272:WARNING:account_consistency_mode_manager.cc(70)] Desktop Identity Consistency cannot be enabled as no OAuth client ID and client secret have been configured.
[3528:3543:0301/210733.268322:ERROR:bus.cc(399)] Failed to connect to the bus: Could not parse server address: Unknown address type (examples of valid types are "tcp" and on UNIX "unix")
[3528:3543:0301/210733.268360:ERROR:bus.cc(399)] Failed to connect to the bus: Could not parse server address: Unknown address type (examples of valid types are "tcp" and on UNIX "unix")
[3528:3528:0301/210733.426513:WARNING:bluez_dbus_manager.cc(247)] Floss manager not present, cannot set Floss enable/disable.
[3528:3616:0301/210733.463257:ERROR:object_proxy.cc(623)] Failed to call method: org.freedesktop.DBus.Properties.Get: object_path= /org/freedesktop/UPower: org.freedesktop.DBus.Error.ServiceUnknown: The name org.freedesktop.UPower was not provided by any .service files
[3528:3616:0301/210733.463279:WARNING:property.cc(144)] DaemonVersion: GetAndBlock: failed.
[3528:3616:0301/210733.463388:ERROR:object_proxy.cc(623)] Failed to call method: org.freedesktop.UPower.GetDisplayDevice: object_path= /org/freedesktop/UPower: org.freedesktop.DBus.Error.ServiceUnknown: The name org.freedesktop.UPower was not provided by any .service files
[3528:3616:0301/210733.463487:ERROR:object_proxy.cc(623)] Failed to call method: org.freedesktop.UPower.EnumerateDevices: object_path= /org/freedesktop/UPower: org.freedesktop.DBus.Error.ServiceUnknown: The name org.freedesktop.UPower was not provided by any .service files
[3528:3543:0301/210733.779511:ERROR:bus.cc(399)] Failed to connect to the bus: Could not parse server address: Unknown address type (examples of valid types are "tcp" and on UNIX "unix")
[3528:3543:0301/210733.787738:ERROR:bus.cc(399)] Failed to connect to the bus: Could not parse server address: Unknown address type (examples of valid types are "tcp" and on UNIX "unix")
[3528:3528:0301/210737.004362:INFO:optimization_guide_logger.cc(42)] ../../components/optimization_guide/core/hints_manager.cc(523) Hint cache initialized
[3528:3528:0301/210737.309186:INFO:optimization_guide_logger.cc(42)] ../../components/optimization_guide/content/browser/page_content_annotations_service.cc(309) PageContentAnnotationJob Result: BatchAnnotationResult{"Speedometer 2.1 Interactive Runner", type: ContentVisibility, output: nullopt}
[3528:3528:0301/210737.309249:INFO:optimization_guide_logger.cc(42)] ../../components/optimization_guide/content/browser/page_content_annotations_service.cc(309) PageContentAnnotationJob Result: BatchAnnotationResult{"Speedometer 2.1 Interactive Runner", type: PageEntities, output: nullopt}
[3528:3528:0301/210744.935218:INFO:CONSOLE(0)] "DEBUG: -------------------------------", source:  (0)
[3528:3528:0301/210744.935423:INFO:CONSOLE(0)] "DEBUG: Ember  : 2.6.2", source:  (0)
[3528:3528:0301/210744.935596:INFO:CONSOLE(0)] "DEBUG: jQuery : 2.2.4", source:  (0)
[3528:3528:0301/210744.935766:INFO:CONSOLE(0)] "DEBUG: -------------------------------", source:  (0)
[3528:3528:0301/210745.022977:INFO:CONSOLE(0)] "DEBUG: For more advanced debugging, install the Ember Inspector from https://chrome.google.com/webstore/detail/ember-inspector/bmdblncegkenkacieihfhpjfppoconhi", source:  (0)
[3528:3528:0301/210802.309884:INFO:CONSOLE(0)] "DEBUG: -------------------------------", source:  (0)
[3528:3528:0301/210802.310084:INFO:CONSOLE(0)] "DEBUG: Ember  : 2.6.2", source:  (0)
[3528:3528:0301/210802.310269:INFO:CONSOLE(0)] "DEBUG: jQuery : 2.2.4", source:  (0)
[3528:3528:0301/210802.310440:INFO:CONSOLE(0)] "DEBUG: -------------------------------", source:  (0)
[3528:3528:0301/210802.347441:INFO:CONSOLE(0)] "DEBUG: For more advanced debugging, install the Ember Inspector from https://chrome.google.com/webstore/detail/ember-inspector/bmdblncegkenkacieihfhpjfppoconhi", source:  (0)
[3528:3528:0301/210813.379266:INFO:CONSOLE(0)] "DEBUG: -------------------------------", source:  (0)
[3528:3528:0301/210813.379478:INFO:CONSOLE(0)] "DEBUG: Ember  : 2.6.2", source:  (0)
[3528:3528:0301/210813.379652:INFO:CONSOLE(0)] "DEBUG: jQuery : 2.2.4", source:  (0)
[3528:3528:0301/210813.379824:INFO:CONSOLE(0)] "DEBUG: -------------------------------", source:  (0)
[3528:3528:0301/210813.416400:INFO:CONSOLE(0)] "DEBUG: For more advanced debugging, install the Ember Inspector from https://chrome.google.com/webstore/detail/ember-inspector/bmdblncegkenkacieihfhpjfppoconhi", source:  (0)
[3528:3528:0301/210824.573228:INFO:CONSOLE(0)] "DEBUG: -------------------------------", source:  (0)
[3528:3528:0301/210824.573436:INFO:CONSOLE(0)] "DEBUG: Ember  : 2.6.2", source:  (0)
[3528:3528:0301/210824.573610:INFO:CONSOLE(0)] "DEBUG: jQuery : 2.2.4", source:  (0)
[3528:3528:0301/210824.573779:INFO:CONSOLE(0)] "DEBUG: -------------------------------", source:  (0)
[3528:3528:0301/210824.610682:INFO:CONSOLE(0)] "DEBUG: For more advanced debugging, install the Ember Inspector from https://chrome.google.com/webstore/detail/ember-inspector/bmdblncegkenkacieihfhpjfppoconhi", source:  (0)
[3528:3528:0301/210835.957649:INFO:CONSOLE(0)] "DEBUG: -------------------------------", source:  (0)
[3528:3528:0301/210835.957859:INFO:CONSOLE(0)] "DEBUG: Ember  : 2.6.2", source:  (0)
[3528:3528:0301/210835.958033:INFO:CONSOLE(0)] "DEBUG: jQuery : 2.2.4", source:  (0)
[3528:3528:0301/210835.958204:INFO:CONSOLE(0)] "DEBUG: -------------------------------", source:  (0)
[3528:3528:0301/210835.995040:INFO:CONSOLE(0)] "DEBUG: For more advanced debugging, install the Ember Inspector from https://chrome.google.com/webstore/detail/ember-inspector/bmdblncegkenkacieihfhpjfppoconhi", source:  (0)
[3528:3528:0301/210847.603582:INFO:CONSOLE(0)] "DEBUG: -------------------------------", source:  (0)
[3528:3528:0301/210847.603789:INFO:CONSOLE(0)] "DEBUG: Ember  : 2.6.2", source:  (0)
[3528:3528:0301/210847.603963:INFO:CONSOLE(0)] "DEBUG: jQuery : 2.2.4", source:  (0)
[3528:3528:0301/210847.604134:INFO:CONSOLE(0)] "DEBUG: -------------------------------", source:  (0)
[3528:3528:0301/210847.641212:INFO:CONSOLE(0)] "DEBUG: For more advanced debugging, install the Ember Inspector from https://chrome.google.com/webstore/detail/ember-inspector/bmdblncegkenkacieihfhpjfppoconhi", source:  (0)
[3528:3528:0301/210859.411238:INFO:CONSOLE(0)] "DEBUG: -------------------------------", source:  (0)
[3528:3528:0301/210859.411451:INFO:CONSOLE(0)] "DEBUG: Ember  : 2.6.2", source:  (0)
[3528:3528:0301/210859.411626:INFO:CONSOLE(0)] "DEBUG: jQuery : 2.2.4", source:  (0)
[3528:3528:0301/210859.411797:INFO:CONSOLE(0)] "DEBUG: -------------------------------", source:  (0)
[3528:3528:0301/210859.448891:INFO:CONSOLE(0)] "DEBUG: For more advanced debugging, install the Ember Inspector from https://chrome.google.com/webstore/detail/ember-inspector/bmdblncegkenkacieihfhpjfppoconhi", source:  (0)
[3528:3528:0301/210911.311842:INFO:CONSOLE(0)] "DEBUG: -------------------------------", source:  (0)
[3528:3528:0301/210911.312047:INFO:CONSOLE(0)] "DEBUG: Ember  : 2.6.2", source:  (0)
[3528:3528:0301/210911.312220:INFO:CONSOLE(0)] "DEBUG: jQuery : 2.2.4", source:  (0)
[3528:3528:0301/210911.312389:INFO:CONSOLE(0)] "DEBUG: -------------------------------", source:  (0)
[3528:3528:0301/210911.349566:INFO:CONSOLE(0)] "DEBUG: For more advanced debugging, install the Ember Inspector from https://chrome.google.com/webstore/detail/ember-inspector/bmdblncegkenkacieihfhpjfppoconhi", source:  (0)
[3528:3528:0301/210923.453219:INFO:CONSOLE(0)] "DEBUG: -------------------------------", source:  (0)
[3528:3528:0301/210923.453428:INFO:CONSOLE(0)] "DEBUG: Ember  : 2.6.2", source:  (0)
[3528:3528:0301/210923.453603:INFO:CONSOLE(0)] "DEBUG: jQuery : 2.2.4", source:  (0)
[3528:3528:0301/210923.453780:INFO:CONSOLE(0)] "DEBUG: -------------------------------", source:  (0)
[3528:3528:0301/210923.491182:INFO:CONSOLE(0)] "DEBUG: For more advanced debugging, install the Ember Inspector from https://chrome.google.com/webstore/detail/ember-inspector/bmdblncegkenkacieihfhpjfppoconhi", source:  (0)
[3528:3528:0301/210935.768164:INFO:CONSOLE(0)] "DEBUG: -------------------------------", source:  (0)
[3528:3528:0301/210935.768370:INFO:CONSOLE(0)] "DEBUG: Ember  : 2.6.2", source:  (0)
[3528:3528:0301/210935.768542:INFO:CONSOLE(0)] "DEBUG: jQuery : 2.2.4", source:  (0)
[3528:3528:0301/210935.768711:INFO:CONSOLE(0)] "DEBUG: -------------------------------", source:  (0)
[3528:3528:0301/210935.806386:INFO:CONSOLE(0)] "DEBUG: For more advanced debugging, install the Ember Inspector from https://chrome.google.com/webstore/detail/ember-inspector/bmdblncegkenkacieihfhpjfppoconhi", source:  (0)
