[20732:20732:0301/132759.989410:WARNING:chrome_main_delegate.cc(618)] This is Chrome version 112.0.5572.0 (not a warning)
[20732:20747:0301/132800.166873:ERROR:bus.cc(399)] Failed to connect to the bus: Could not parse server address: Unknown address type (examples of valid types are "tcp" and on UNIX "unix")
[20732:20747:0301/132800.166906:ERROR:bus.cc(399)] Failed to connect to the bus: Could not parse server address: Unknown address type (examples of valid types are "tcp" and on UNIX "unix")
[20732:20732:0301/132800.202004:WARNING:account_consistency_mode_manager.cc(70)] Desktop Identity Consistency cannot be enabled as no OAuth client ID and client secret have been configured.
[20732:20747:0301/132800.209091:ERROR:bus.cc(399)] Failed to connect to the bus: Could not parse server address: Unknown address type (examples of valid types are "tcp" and on UNIX "unix")
[20732:20747:0301/132800.209128:ERROR:bus.cc(399)] Failed to connect to the bus: Could not parse server address: Unknown address type (examples of valid types are "tcp" and on UNIX "unix")
[20732:20732:0301/132800.400194:WARNING:bluez_dbus_manager.cc(247)] Floss manager not present, cannot set Floss enable/disable.
[20732:20827:0301/132800.438054:ERROR:object_proxy.cc(623)] Failed to call method: org.freedesktop.DBus.Properties.Get: object_path= /org/freedesktop/UPower: org.freedesktop.DBus.Error.ServiceUnknown: The name org.freedesktop.UPower was not provided by any .service files
[20732:20827:0301/132800.438073:WARNING:property.cc(144)] DaemonVersion: GetAndBlock: failed.
[20732:20827:0301/132800.438173:ERROR:object_proxy.cc(623)] Failed to call method: org.freedesktop.UPower.GetDisplayDevice: object_path= /org/freedesktop/UPower: org.freedesktop.DBus.Error.ServiceUnknown: The name org.freedesktop.UPower was not provided by any .service files
[20732:20827:0301/132800.438276:ERROR:object_proxy.cc(623)] Failed to call method: org.freedesktop.UPower.EnumerateDevices: object_path= /org/freedesktop/UPower: org.freedesktop.DBus.Error.ServiceUnknown: The name org.freedesktop.UPower was not provided by any .service files
[20732:20747:0301/132800.604831:ERROR:bus.cc(399)] Failed to connect to the bus: Could not parse server address: Unknown address type (examples of valid types are "tcp" and on UNIX "unix")
[20732:20747:0301/132800.613461:ERROR:bus.cc(399)] Failed to connect to the bus: Could not parse server address: Unknown address type (examples of valid types are "tcp" and on UNIX "unix")
[20732:20732:0301/132804.331621:INFO:optimization_guide_logger.cc(42)] ../../components/optimization_guide/content/browser/page_content_annotations_service.cc(309) PageContentAnnotationJob Result: BatchAnnotationResult{"Speedometer 2.1 Interactive Runner", type: ContentVisibility, output: nullopt}
[20732:20732:0301/132804.331758:INFO:optimization_guide_logger.cc(42)] ../../components/optimization_guide/content/browser/page_content_annotations_service.cc(309) PageContentAnnotationJob Result: BatchAnnotationResult{"Speedometer 2.1 Interactive Runner", type: PageEntities, output: nullopt}
[20732:20732:0301/132804.423271:INFO:optimization_guide_logger.cc(42)] ../../components/optimization_guide/core/hints_manager.cc(523) Hint cache initialized
[20732:20732:0301/132812.107513:INFO:CONSOLE(0)] "DEBUG: -------------------------------", source:  (0)
[20732:20732:0301/132812.107720:INFO:CONSOLE(0)] "DEBUG: Ember  : 2.6.2", source:  (0)
[20732:20732:0301/132812.107905:INFO:CONSOLE(0)] "DEBUG: jQuery : 2.2.4", source:  (0)
[20732:20732:0301/132812.108075:INFO:CONSOLE(0)] "DEBUG: -------------------------------", source:  (0)
[20732:20732:0301/132812.195181:INFO:CONSOLE(0)] "DEBUG: For more advanced debugging, install the Ember Inspector from https://chrome.google.com/webstore/detail/ember-inspector/bmdblncegkenkacieihfhpjfppoconhi", source:  (0)
[20732:20732:0301/132828.196750:INFO:CONSOLE(0)] "DEBUG: -------------------------------", source:  (0)
[20732:20732:0301/132828.196954:INFO:CONSOLE(0)] "DEBUG: Ember  : 2.6.2", source:  (0)
[20732:20732:0301/132828.197128:INFO:CONSOLE(0)] "DEBUG: jQuery : 2.2.4", source:  (0)
[20732:20732:0301/132828.197305:INFO:CONSOLE(0)] "DEBUG: -------------------------------", source:  (0)
[20732:20732:0301/132828.236016:INFO:CONSOLE(0)] "DEBUG: For more advanced debugging, install the Ember Inspector from https://chrome.google.com/webstore/detail/ember-inspector/bmdblncegkenkacieihfhpjfppoconhi", source:  (0)
[20732:20732:0301/132839.612042:INFO:CONSOLE(0)] "DEBUG: -------------------------------", source:  (0)
[20732:20732:0301/132839.612250:INFO:CONSOLE(0)] "DEBUG: Ember  : 2.6.2", source:  (0)
[20732:20732:0301/132839.612423:INFO:CONSOLE(0)] "DEBUG: jQuery : 2.2.4", source:  (0)
[20732:20732:0301/132839.612594:INFO:CONSOLE(0)] "DEBUG: -------------------------------", source:  (0)
[20732:20732:0301/132839.650666:INFO:CONSOLE(0)] "DEBUG: For more advanced debugging, install the Ember Inspector from https://chrome.google.com/webstore/detail/ember-inspector/bmdblncegkenkacieihfhpjfppoconhi", source:  (0)
[20732:20732:0301/132850.956485:INFO:CONSOLE(0)] "DEBUG: -------------------------------", source:  (0)
[20732:20732:0301/132850.956694:INFO:CONSOLE(0)] "DEBUG: Ember  : 2.6.2", source:  (0)
[20732:20732:0301/132850.956866:INFO:CONSOLE(0)] "DEBUG: jQuery : 2.2.4", source:  (0)
[20732:20732:0301/132850.957037:INFO:CONSOLE(0)] "DEBUG: -------------------------------", source:  (0)
[20732:20732:0301/132850.994726:INFO:CONSOLE(0)] "DEBUG: For more advanced debugging, install the Ember Inspector from https://chrome.google.com/webstore/detail/ember-inspector/bmdblncegkenkacieihfhpjfppoconhi", source:  (0)
[20732:20732:0301/132902.257404:INFO:CONSOLE(0)] "DEBUG: -------------------------------", source:  (0)
[20732:20732:0301/132902.257609:INFO:CONSOLE(0)] "DEBUG: Ember  : 2.6.2", source:  (0)
[20732:20732:0301/132902.257794:INFO:CONSOLE(0)] "DEBUG: jQuery : 2.2.4", source:  (0)
[20732:20732:0301/132902.257964:INFO:CONSOLE(0)] "DEBUG: -------------------------------", source:  (0)
[20732:20732:0301/132902.295370:INFO:CONSOLE(0)] "DEBUG: For more advanced debugging, install the Ember Inspector from https://chrome.google.com/webstore/detail/ember-inspector/bmdblncegkenkacieihfhpjfppoconhi", source:  (0)
[20732:20732:0301/132913.621225:INFO:CONSOLE(0)] "DEBUG: -------------------------------", source:  (0)
[20732:20732:0301/132913.621439:INFO:CONSOLE(0)] "DEBUG: Ember  : 2.6.2", source:  (0)
[20732:20732:0301/132913.621612:INFO:CONSOLE(0)] "DEBUG: jQuery : 2.2.4", source:  (0)
[20732:20732:0301/132913.621782:INFO:CONSOLE(0)] "DEBUG: -------------------------------", source:  (0)
[20732:20732:0301/132913.660294:INFO:CONSOLE(0)] "DEBUG: For more advanced debugging, install the Ember Inspector from https://chrome.google.com/webstore/detail/ember-inspector/bmdblncegkenkacieihfhpjfppoconhi", source:  (0)
[20732:20732:0301/132924.960000:INFO:CONSOLE(0)] "DEBUG: -------------------------------", source:  (0)
[20732:20732:0301/132924.960207:INFO:CONSOLE(0)] "DEBUG: Ember  : 2.6.2", source:  (0)
[20732:20732:0301/132924.960379:INFO:CONSOLE(0)] "DEBUG: jQuery : 2.2.4", source:  (0)
[20732:20732:0301/132924.960548:INFO:CONSOLE(0)] "DEBUG: -------------------------------", source:  (0)
[20732:20732:0301/132924.998251:INFO:CONSOLE(0)] "DEBUG: For more advanced debugging, install the Ember Inspector from https://chrome.google.com/webstore/detail/ember-inspector/bmdblncegkenkacieihfhpjfppoconhi", source:  (0)
[20732:20732:0301/132936.140583:INFO:CONSOLE(0)] "DEBUG: -------------------------------", source:  (0)
[20732:20732:0301/132936.140789:INFO:CONSOLE(0)] "DEBUG: Ember  : 2.6.2", source:  (0)
[20732:20732:0301/132936.140961:INFO:CONSOLE(0)] "DEBUG: jQuery : 2.2.4", source:  (0)
[20732:20732:0301/132936.141131:INFO:CONSOLE(0)] "DEBUG: -------------------------------", source:  (0)
[20732:20732:0301/132936.178592:INFO:CONSOLE(0)] "DEBUG: For more advanced debugging, install the Ember Inspector from https://chrome.google.com/webstore/detail/ember-inspector/bmdblncegkenkacieihfhpjfppoconhi", source:  (0)
[20732:20732:0301/132947.714039:INFO:CONSOLE(0)] "DEBUG: -------------------------------", source:  (0)
[20732:20732:0301/132947.714261:INFO:CONSOLE(0)] "DEBUG: Ember  : 2.6.2", source:  (0)
[20732:20732:0301/132947.714435:INFO:CONSOLE(0)] "DEBUG: jQuery : 2.2.4", source:  (0)
[20732:20732:0301/132947.714604:INFO:CONSOLE(0)] "DEBUG: -------------------------------", source:  (0)
[20732:20732:0301/132947.752940:INFO:CONSOLE(0)] "DEBUG: For more advanced debugging, install the Ember Inspector from https://chrome.google.com/webstore/detail/ember-inspector/bmdblncegkenkacieihfhpjfppoconhi", source:  (0)
[20732:20732:0301/132959.146235:INFO:CONSOLE(0)] "DEBUG: -------------------------------", source:  (0)
[20732:20732:0301/132959.146458:INFO:CONSOLE(0)] "DEBUG: Ember  : 2.6.2", source:  (0)
[20732:20732:0301/132959.146632:INFO:CONSOLE(0)] "DEBUG: jQuery : 2.2.4", source:  (0)
[20732:20732:0301/132959.146802:INFO:CONSOLE(0)] "DEBUG: -------------------------------", source:  (0)
[20732:20732:0301/132959.184558:INFO:CONSOLE(0)] "DEBUG: For more advanced debugging, install the Ember Inspector from https://chrome.google.com/webstore/detail/ember-inspector/bmdblncegkenkacieihfhpjfppoconhi", source:  (0)
