[24505:24505:0301/141705.761744:WARNING:chrome_main_delegate.cc(618)] This is Chrome version 112.0.5572.0 (not a warning)
[24505:24520:0301/141705.939252:ERROR:bus.cc(399)] Failed to connect to the bus: Could not parse server address: Unknown address type (examples of valid types are "tcp" and on UNIX "unix")
[24505:24520:0301/141705.939283:ERROR:bus.cc(399)] Failed to connect to the bus: Could not parse server address: Unknown address type (examples of valid types are "tcp" and on UNIX "unix")
[24505:24505:0301/141705.977191:WARNING:account_consistency_mode_manager.cc(70)] Desktop Identity Consistency cannot be enabled as no OAuth client ID and client secret have been configured.
[24505:24520:0301/141705.985755:ERROR:bus.cc(399)] Failed to connect to the bus: Could not parse server address: Unknown address type (examples of valid types are "tcp" and on UNIX "unix")
[24505:24520:0301/141705.985795:ERROR:bus.cc(399)] Failed to connect to the bus: Could not parse server address: Unknown address type (examples of valid types are "tcp" and on UNIX "unix")
[24505:24505:0301/141706.186907:WARNING:bluez_dbus_manager.cc(247)] Floss manager not present, cannot set Floss enable/disable.
[24505:24596:0301/141706.251723:ERROR:object_proxy.cc(623)] Failed to call method: org.freedesktop.DBus.Properties.Get: object_path= /org/freedesktop/UPower: org.freedesktop.DBus.Error.ServiceUnknown: The name org.freedesktop.UPower was not provided by any .service files
[24505:24596:0301/141706.272172:WARNING:property.cc(144)] DaemonVersion: GetAndBlock: failed.
[24505:24596:0301/141706.272369:ERROR:object_proxy.cc(623)] Failed to call method: org.freedesktop.UPower.GetDisplayDevice: object_path= /org/freedesktop/UPower: org.freedesktop.DBus.Error.ServiceUnknown: The name org.freedesktop.UPower was not provided by any .service files
[24505:24596:0301/141706.272489:ERROR:object_proxy.cc(623)] Failed to call method: org.freedesktop.UPower.EnumerateDevices: object_path= /org/freedesktop/UPower: org.freedesktop.DBus.Error.ServiceUnknown: The name org.freedesktop.UPower was not provided by any .service files
[24505:24520:0301/141706.406606:ERROR:bus.cc(399)] Failed to connect to the bus: Could not parse server address: Unknown address type (examples of valid types are "tcp" and on UNIX "unix")
[24505:24520:0301/141706.415257:ERROR:bus.cc(399)] Failed to connect to the bus: Could not parse server address: Unknown address type (examples of valid types are "tcp" and on UNIX "unix")
[24505:24505:0301/141710.023455:INFO:optimization_guide_logger.cc(42)] ../../components/optimization_guide/content/browser/page_content_annotations_service.cc(309) PageContentAnnotationJob Result: BatchAnnotationResult{"Speedometer 2.1 Interactive Runner", type: ContentVisibility, output: nullopt}
[24505:24505:0301/141710.023593:INFO:optimization_guide_logger.cc(42)] ../../components/optimization_guide/content/browser/page_content_annotations_service.cc(309) PageContentAnnotationJob Result: BatchAnnotationResult{"Speedometer 2.1 Interactive Runner", type: PageEntities, output: nullopt}
[24505:24505:0301/141710.130662:INFO:optimization_guide_logger.cc(42)] ../../components/optimization_guide/core/hints_manager.cc(523) Hint cache initialized
[24505:24505:0301/141718.843881:INFO:CONSOLE(0)] "DEBUG: -------------------------------", source:  (0)
[24505:24505:0301/141718.844089:INFO:CONSOLE(0)] "DEBUG: Ember  : 2.6.2", source:  (0)
[24505:24505:0301/141718.844264:INFO:CONSOLE(0)] "DEBUG: jQuery : 2.2.4", source:  (0)
[24505:24505:0301/141718.844445:INFO:CONSOLE(0)] "DEBUG: -------------------------------", source:  (0)
[24505:24505:0301/141718.931535:INFO:CONSOLE(0)] "DEBUG: For more advanced debugging, install the Ember Inspector from https://chrome.google.com/webstore/detail/ember-inspector/bmdblncegkenkacieihfhpjfppoconhi", source:  (0)
[24505:24505:0301/141735.846500:INFO:CONSOLE(0)] "DEBUG: -------------------------------", source:  (0)
[24505:24505:0301/141735.846699:INFO:CONSOLE(0)] "DEBUG: Ember  : 2.6.2", source:  (0)
[24505:24505:0301/141735.846874:INFO:CONSOLE(0)] "DEBUG: jQuery : 2.2.4", source:  (0)
[24505:24505:0301/141735.847053:INFO:CONSOLE(0)] "DEBUG: -------------------------------", source:  (0)
[24505:24505:0301/141735.885836:INFO:CONSOLE(0)] "DEBUG: For more advanced debugging, install the Ember Inspector from https://chrome.google.com/webstore/detail/ember-inspector/bmdblncegkenkacieihfhpjfppoconhi", source:  (0)
[24505:24505:0301/141747.001317:INFO:CONSOLE(0)] "DEBUG: -------------------------------", source:  (0)
[24505:24505:0301/141747.001526:INFO:CONSOLE(0)] "DEBUG: Ember  : 2.6.2", source:  (0)
[24505:24505:0301/141747.001702:INFO:CONSOLE(0)] "DEBUG: jQuery : 2.2.4", source:  (0)
[24505:24505:0301/141747.001874:INFO:CONSOLE(0)] "DEBUG: -------------------------------", source:  (0)
[24505:24505:0301/141747.039775:INFO:CONSOLE(0)] "DEBUG: For more advanced debugging, install the Ember Inspector from https://chrome.google.com/webstore/detail/ember-inspector/bmdblncegkenkacieihfhpjfppoconhi", source:  (0)
[24505:24505:0301/141758.244210:INFO:CONSOLE(0)] "DEBUG: -------------------------------", source:  (0)
[24505:24505:0301/141758.244416:INFO:CONSOLE(0)] "DEBUG: Ember  : 2.6.2", source:  (0)
[24505:24505:0301/141758.244593:INFO:CONSOLE(0)] "DEBUG: jQuery : 2.2.4", source:  (0)
[24505:24505:0301/141758.244767:INFO:CONSOLE(0)] "DEBUG: -------------------------------", source:  (0)
[24505:24505:0301/141758.281843:INFO:CONSOLE(0)] "DEBUG: For more advanced debugging, install the Ember Inspector from https://chrome.google.com/webstore/detail/ember-inspector/bmdblncegkenkacieihfhpjfppoconhi", source:  (0)
[24505:24505:0301/141809.430719:INFO:CONSOLE(0)] "DEBUG: -------------------------------", source:  (0)
[24505:24505:0301/141809.430922:INFO:CONSOLE(0)] "DEBUG: Ember  : 2.6.2", source:  (0)
[24505:24505:0301/141809.431101:INFO:CONSOLE(0)] "DEBUG: jQuery : 2.2.4", source:  (0)
[24505:24505:0301/141809.431271:INFO:CONSOLE(0)] "DEBUG: -------------------------------", source:  (0)
[24505:24505:0301/141809.469471:INFO:CONSOLE(0)] "DEBUG: For more advanced debugging, install the Ember Inspector from https://chrome.google.com/webstore/detail/ember-inspector/bmdblncegkenkacieihfhpjfppoconhi", source:  (0)
[24505:24505:0301/141820.500657:INFO:CONSOLE(0)] "DEBUG: -------------------------------", source:  (0)
[24505:24505:0301/141820.500869:INFO:CONSOLE(0)] "DEBUG: Ember  : 2.6.2", source:  (0)
[24505:24505:0301/141820.501054:INFO:CONSOLE(0)] "DEBUG: jQuery : 2.2.4", source:  (0)
[24505:24505:0301/141820.501227:INFO:CONSOLE(0)] "DEBUG: -------------------------------", source:  (0)
[24505:24505:0301/141820.545115:INFO:CONSOLE(0)] "DEBUG: For more advanced debugging, install the Ember Inspector from https://chrome.google.com/webstore/detail/ember-inspector/bmdblncegkenkacieihfhpjfppoconhi", source:  (0)
[24505:24505:0301/141831.682765:INFO:CONSOLE(0)] "DEBUG: -------------------------------", source:  (0)
[24505:24505:0301/141831.682985:INFO:CONSOLE(0)] "DEBUG: Ember  : 2.6.2", source:  (0)
[24505:24505:0301/141831.683163:INFO:CONSOLE(0)] "DEBUG: jQuery : 2.2.4", source:  (0)
[24505:24505:0301/141831.683343:INFO:CONSOLE(0)] "DEBUG: -------------------------------", source:  (0)
[24505:24505:0301/141831.722038:INFO:CONSOLE(0)] "DEBUG: For more advanced debugging, install the Ember Inspector from https://chrome.google.com/webstore/detail/ember-inspector/bmdblncegkenkacieihfhpjfppoconhi", source:  (0)
[24505:24505:0301/141842.923051:INFO:CONSOLE(0)] "DEBUG: -------------------------------", source:  (0)
[24505:24505:0301/141842.923275:INFO:CONSOLE(0)] "DEBUG: Ember  : 2.6.2", source:  (0)
[24505:24505:0301/141842.923452:INFO:CONSOLE(0)] "DEBUG: jQuery : 2.2.4", source:  (0)
[24505:24505:0301/141842.923626:INFO:CONSOLE(0)] "DEBUG: -------------------------------", source:  (0)
[24505:24505:0301/141842.961723:INFO:CONSOLE(0)] "DEBUG: For more advanced debugging, install the Ember Inspector from https://chrome.google.com/webstore/detail/ember-inspector/bmdblncegkenkacieihfhpjfppoconhi", source:  (0)
[24505:24505:0301/141854.104035:INFO:CONSOLE(0)] "DEBUG: -------------------------------", source:  (0)
[24505:24505:0301/141854.104255:INFO:CONSOLE(0)] "DEBUG: Ember  : 2.6.2", source:  (0)
[24505:24505:0301/141854.104438:INFO:CONSOLE(0)] "DEBUG: jQuery : 2.2.4", source:  (0)
[24505:24505:0301/141854.104610:INFO:CONSOLE(0)] "DEBUG: -------------------------------", source:  (0)
[24505:24505:0301/141854.141979:INFO:CONSOLE(0)] "DEBUG: For more advanced debugging, install the Ember Inspector from https://chrome.google.com/webstore/detail/ember-inspector/bmdblncegkenkacieihfhpjfppoconhi", source:  (0)
[24505:24505:0301/141905.701153:INFO:CONSOLE(0)] "DEBUG: -------------------------------", source:  (0)
[24505:24505:0301/141905.701358:INFO:CONSOLE(0)] "DEBUG: Ember  : 2.6.2", source:  (0)
[24505:24505:0301/141905.701532:INFO:CONSOLE(0)] "DEBUG: jQuery : 2.2.4", source:  (0)
[24505:24505:0301/141905.701705:INFO:CONSOLE(0)] "DEBUG: -------------------------------", source:  (0)
[24505:24505:0301/141905.739618:INFO:CONSOLE(0)] "DEBUG: For more advanced debugging, install the Ember Inspector from https://chrome.google.com/webstore/detail/ember-inspector/bmdblncegkenkacieihfhpjfppoconhi", source:  (0)
