[4249:4249:0301/211653.810628:WARNING:chrome_main_delegate.cc(618)] This is Chrome version 112.0.5572.0 (not a warning)
[4249:4263:0301/211653.987224:ERROR:bus.cc(399)] Failed to connect to the bus: Could not parse server address: Unknown address type (examples of valid types are "tcp" and on UNIX "unix")
[4249:4263:0301/211653.987255:ERROR:bus.cc(399)] Failed to connect to the bus: Could not parse server address: Unknown address type (examples of valid types are "tcp" and on UNIX "unix")
[4249:4249:0301/211654.030457:WARNING:account_consistency_mode_manager.cc(70)] Desktop Identity Consistency cannot be enabled as no OAuth client ID and client secret have been configured.
[4249:4263:0301/211654.037480:ERROR:bus.cc(399)] Failed to connect to the bus: Could not parse server address: Unknown address type (examples of valid types are "tcp" and on UNIX "unix")
[4249:4263:0301/211654.037514:ERROR:bus.cc(399)] Failed to connect to the bus: Could not parse server address: Unknown address type (examples of valid types are "tcp" and on UNIX "unix")
[4249:4249:0301/211654.217689:WARNING:bluez_dbus_manager.cc(247)] Floss manager not present, cannot set Floss enable/disable.
[4249:4337:0301/211654.246537:ERROR:object_proxy.cc(623)] Failed to call method: org.freedesktop.DBus.Properties.Get: object_path= /org/freedesktop/UPower: org.freedesktop.DBus.Error.ServiceUnknown: The name org.freedesktop.UPower was not provided by any .service files
[4249:4337:0301/211654.246557:WARNING:property.cc(144)] DaemonVersion: GetAndBlock: failed.
[4249:4337:0301/211654.246656:ERROR:object_proxy.cc(623)] Failed to call method: org.freedesktop.UPower.GetDisplayDevice: object_path= /org/freedesktop/UPower: org.freedesktop.DBus.Error.ServiceUnknown: The name org.freedesktop.UPower was not provided by any .service files
[4249:4337:0301/211654.246752:ERROR:object_proxy.cc(623)] Failed to call method: org.freedesktop.UPower.EnumerateDevices: object_path= /org/freedesktop/UPower: org.freedesktop.DBus.Error.ServiceUnknown: The name org.freedesktop.UPower was not provided by any .service files
[4249:4263:0301/211654.468749:ERROR:bus.cc(399)] Failed to connect to the bus: Could not parse server address: Unknown address type (examples of valid types are "tcp" and on UNIX "unix")
[4249:4263:0301/211654.502542:ERROR:bus.cc(399)] Failed to connect to the bus: Could not parse server address: Unknown address type (examples of valid types are "tcp" and on UNIX "unix")
[4249:4276:0301/211655.184064:WARNING:render_message_filter.cc(144)] Could not find tid
[4249:4249:0301/211658.112535:INFO:optimization_guide_logger.cc(42)] ../../components/optimization_guide/content/browser/page_content_annotations_service.cc(309) PageContentAnnotationJob Result: BatchAnnotationResult{"Speedometer 2.1 Interactive Runner", type: ContentVisibility, output: nullopt}
[4249:4249:0301/211658.112697:INFO:optimization_guide_logger.cc(42)] ../../components/optimization_guide/content/browser/page_content_annotations_service.cc(309) PageContentAnnotationJob Result: BatchAnnotationResult{"Speedometer 2.1 Interactive Runner", type: PageEntities, output: nullopt}
[4249:4249:0301/211658.177303:INFO:optimization_guide_logger.cc(42)] ../../components/optimization_guide/core/hints_manager.cc(523) Hint cache initialized
[4249:4249:0301/211705.850845:INFO:CONSOLE(0)] "DEBUG: -------------------------------", source:  (0)
[4249:4249:0301/211705.851054:INFO:CONSOLE(0)] "DEBUG: Ember  : 2.6.2", source:  (0)
[4249:4249:0301/211705.851227:INFO:CONSOLE(0)] "DEBUG: jQuery : 2.2.4", source:  (0)
[4249:4249:0301/211705.851396:INFO:CONSOLE(0)] "DEBUG: -------------------------------", source:  (0)
[4249:4249:0301/211705.938777:INFO:CONSOLE(0)] "DEBUG: For more advanced debugging, install the Ember Inspector from https://chrome.google.com/webstore/detail/ember-inspector/bmdblncegkenkacieihfhpjfppoconhi", source:  (0)
[4249:4249:0301/211721.682498:INFO:CONSOLE(0)] "DEBUG: -------------------------------", source:  (0)
[4249:4249:0301/211721.682699:INFO:CONSOLE(0)] "DEBUG: Ember  : 2.6.2", source:  (0)
[4249:4249:0301/211721.682870:INFO:CONSOLE(0)] "DEBUG: jQuery : 2.2.4", source:  (0)
[4249:4249:0301/211721.683047:INFO:CONSOLE(0)] "DEBUG: -------------------------------", source:  (0)
[4249:4249:0301/211721.719753:INFO:CONSOLE(0)] "DEBUG: For more advanced debugging, install the Ember Inspector from https://chrome.google.com/webstore/detail/ember-inspector/bmdblncegkenkacieihfhpjfppoconhi", source:  (0)
[4249:4249:0301/211732.759163:INFO:CONSOLE(0)] "DEBUG: -------------------------------", source:  (0)
[4249:4249:0301/211732.759374:INFO:CONSOLE(0)] "DEBUG: Ember  : 2.6.2", source:  (0)
[4249:4249:0301/211732.759546:INFO:CONSOLE(0)] "DEBUG: jQuery : 2.2.4", source:  (0)
[4249:4249:0301/211732.759716:INFO:CONSOLE(0)] "DEBUG: -------------------------------", source:  (0)
[4249:4249:0301/211732.796364:INFO:CONSOLE(0)] "DEBUG: For more advanced debugging, install the Ember Inspector from https://chrome.google.com/webstore/detail/ember-inspector/bmdblncegkenkacieihfhpjfppoconhi", source:  (0)
[4249:4249:0301/211743.927098:INFO:CONSOLE(0)] "DEBUG: -------------------------------", source:  (0)
[4249:4249:0301/211743.927302:INFO:CONSOLE(0)] "DEBUG: Ember  : 2.6.2", source:  (0)
[4249:4249:0301/211743.927474:INFO:CONSOLE(0)] "DEBUG: jQuery : 2.2.4", source:  (0)
[4249:4249:0301/211743.927645:INFO:CONSOLE(0)] "DEBUG: -------------------------------", source:  (0)
[4249:4249:0301/211743.964415:INFO:CONSOLE(0)] "DEBUG: For more advanced debugging, install the Ember Inspector from https://chrome.google.com/webstore/detail/ember-inspector/bmdblncegkenkacieihfhpjfppoconhi", source:  (0)
[4249:4249:0301/211755.443441:INFO:CONSOLE(0)] "DEBUG: -------------------------------", source:  (0)
[4249:4249:0301/211755.443645:INFO:CONSOLE(0)] "DEBUG: Ember  : 2.6.2", source:  (0)
[4249:4249:0301/211755.443818:INFO:CONSOLE(0)] "DEBUG: jQuery : 2.2.4", source:  (0)
[4249:4249:0301/211755.443987:INFO:CONSOLE(0)] "DEBUG: -------------------------------", source:  (0)
[4249:4249:0301/211755.480643:INFO:CONSOLE(0)] "DEBUG: For more advanced debugging, install the Ember Inspector from https://chrome.google.com/webstore/detail/ember-inspector/bmdblncegkenkacieihfhpjfppoconhi", source:  (0)
[4249:4249:0301/211807.117940:INFO:CONSOLE(0)] "DEBUG: -------------------------------", source:  (0)
[4249:4249:0301/211807.118145:INFO:CONSOLE(0)] "DEBUG: Ember  : 2.6.2", source:  (0)
[4249:4249:0301/211807.118327:INFO:CONSOLE(0)] "DEBUG: jQuery : 2.2.4", source:  (0)
[4249:4249:0301/211807.118500:INFO:CONSOLE(0)] "DEBUG: -------------------------------", source:  (0)
[4249:4249:0301/211807.155500:INFO:CONSOLE(0)] "DEBUG: For more advanced debugging, install the Ember Inspector from https://chrome.google.com/webstore/detail/ember-inspector/bmdblncegkenkacieihfhpjfppoconhi", source:  (0)
[4249:4249:0301/211818.859099:INFO:CONSOLE(0)] "DEBUG: -------------------------------", source:  (0)
[4249:4249:0301/211818.859304:INFO:CONSOLE(0)] "DEBUG: Ember  : 2.6.2", source:  (0)
[4249:4249:0301/211818.859495:INFO:CONSOLE(0)] "DEBUG: jQuery : 2.2.4", source:  (0)
[4249:4249:0301/211818.859678:INFO:CONSOLE(0)] "DEBUG: -------------------------------", source:  (0)
[4249:4249:0301/211818.896827:INFO:CONSOLE(0)] "DEBUG: For more advanced debugging, install the Ember Inspector from https://chrome.google.com/webstore/detail/ember-inspector/bmdblncegkenkacieihfhpjfppoconhi", source:  (0)
[4249:4249:0301/211830.804195:INFO:CONSOLE(0)] "DEBUG: -------------------------------", source:  (0)
[4249:4249:0301/211830.804412:INFO:CONSOLE(0)] "DEBUG: Ember  : 2.6.2", source:  (0)
[4249:4249:0301/211830.804585:INFO:CONSOLE(0)] "DEBUG: jQuery : 2.2.4", source:  (0)
[4249:4249:0301/211830.804883:INFO:CONSOLE(0)] "DEBUG: -------------------------------", source:  (0)
[4249:4249:0301/211830.842086:INFO:CONSOLE(0)] "DEBUG: For more advanced debugging, install the Ember Inspector from https://chrome.google.com/webstore/detail/ember-inspector/bmdblncegkenkacieihfhpjfppoconhi", source:  (0)
[4249:4249:0301/211842.888402:INFO:CONSOLE(0)] "DEBUG: -------------------------------", source:  (0)
[4249:4249:0301/211842.888609:INFO:CONSOLE(0)] "DEBUG: Ember  : 2.6.2", source:  (0)
[4249:4249:0301/211842.888790:INFO:CONSOLE(0)] "DEBUG: jQuery : 2.2.4", source:  (0)
[4249:4249:0301/211842.888959:INFO:CONSOLE(0)] "DEBUG: -------------------------------", source:  (0)
[4249:4249:0301/211842.926309:INFO:CONSOLE(0)] "DEBUG: For more advanced debugging, install the Ember Inspector from https://chrome.google.com/webstore/detail/ember-inspector/bmdblncegkenkacieihfhpjfppoconhi", source:  (0)
[4249:4249:0301/211855.200433:INFO:CONSOLE(0)] "DEBUG: -------------------------------", source:  (0)
[4249:4249:0301/211855.200637:INFO:CONSOLE(0)] "DEBUG: Ember  : 2.6.2", source:  (0)
[4249:4249:0301/211855.200808:INFO:CONSOLE(0)] "DEBUG: jQuery : 2.2.4", source:  (0)
[4249:4249:0301/211855.200977:INFO:CONSOLE(0)] "DEBUG: -------------------------------", source:  (0)
[4249:4249:0301/211855.238408:INFO:CONSOLE(0)] "DEBUG: For more advanced debugging, install the Ember Inspector from https://chrome.google.com/webstore/detail/ember-inspector/bmdblncegkenkacieihfhpjfppoconhi", source:  (0)
