[675:675:0301/202739.935929:WARNING:chrome_main_delegate.cc(618)] This is Chrome version 112.0.5572.0 (not a warning)
[675:689:0301/202740.111530:ERROR:bus.cc(399)] Failed to connect to the bus: Could not parse server address: Unknown address type (examples of valid types are "tcp" and on UNIX "unix")
[675:689:0301/202740.111563:ERROR:bus.cc(399)] Failed to connect to the bus: Could not parse server address: Unknown address type (examples of valid types are "tcp" and on UNIX "unix")
[675:675:0301/202740.148211:WARNING:account_consistency_mode_manager.cc(70)] Desktop Identity Consistency cannot be enabled as no OAuth client ID and client secret have been configured.
[675:689:0301/202740.154663:ERROR:bus.cc(399)] Failed to connect to the bus: Could not parse server address: Unknown address type (examples of valid types are "tcp" and on UNIX "unix")
[675:689:0301/202740.154698:ERROR:bus.cc(399)] Failed to connect to the bus: Could not parse server address: Unknown address type (examples of valid types are "tcp" and on UNIX "unix")
[675:675:0301/202740.348432:WARNING:bluez_dbus_manager.cc(247)] Floss manager not present, cannot set Floss enable/disable.
[675:763:0301/202740.384564:ERROR:object_proxy.cc(623)] Failed to call method: org.freedesktop.DBus.Properties.Get: object_path= /org/freedesktop/UPower: org.freedesktop.DBus.Error.ServiceUnknown: The name org.freedesktop.UPower was not provided by any .service files
[675:763:0301/202740.391730:WARNING:property.cc(144)] DaemonVersion: GetAndBlock: failed.
[675:763:0301/202740.391952:ERROR:object_proxy.cc(623)] Failed to call method: org.freedesktop.UPower.GetDisplayDevice: object_path= /org/freedesktop/UPower: org.freedesktop.DBus.Error.ServiceUnknown: The name org.freedesktop.UPower was not provided by any .service files
[675:763:0301/202740.392073:ERROR:object_proxy.cc(623)] Failed to call method: org.freedesktop.UPower.EnumerateDevices: object_path= /org/freedesktop/UPower: org.freedesktop.DBus.Error.ServiceUnknown: The name org.freedesktop.UPower was not provided by any .service files
[675:689:0301/202740.610239:ERROR:bus.cc(399)] Failed to connect to the bus: Could not parse server address: Unknown address type (examples of valid types are "tcp" and on UNIX "unix")
[675:689:0301/202740.619071:ERROR:bus.cc(399)] Failed to connect to the bus: Could not parse server address: Unknown address type (examples of valid types are "tcp" and on UNIX "unix")
[675:675:0301/202744.000878:INFO:optimization_guide_logger.cc(42)] ../../components/optimization_guide/core/hints_manager.cc(523) Hint cache initialized
[675:675:0301/202744.389821:INFO:optimization_guide_logger.cc(42)] ../../components/optimization_guide/content/browser/page_content_annotations_service.cc(309) PageContentAnnotationJob Result: BatchAnnotationResult{"Speedometer 2.1 Interactive Runner", type: ContentVisibility, output: nullopt}
[675:675:0301/202744.389896:INFO:optimization_guide_logger.cc(42)] ../../components/optimization_guide/content/browser/page_content_annotations_service.cc(309) PageContentAnnotationJob Result: BatchAnnotationResult{"Speedometer 2.1 Interactive Runner", type: PageEntities, output: nullopt}
[675:675:0301/202752.069888:INFO:CONSOLE(0)] "DEBUG: -------------------------------", source:  (0)
[675:675:0301/202752.070096:INFO:CONSOLE(0)] "DEBUG: Ember  : 2.6.2", source:  (0)
[675:675:0301/202752.070278:INFO:CONSOLE(0)] "DEBUG: jQuery : 2.2.4", source:  (0)
[675:675:0301/202752.070452:INFO:CONSOLE(0)] "DEBUG: -------------------------------", source:  (0)
[675:675:0301/202752.157374:INFO:CONSOLE(0)] "DEBUG: For more advanced debugging, install the Ember Inspector from https://chrome.google.com/webstore/detail/ember-inspector/bmdblncegkenkacieihfhpjfppoconhi", source:  (0)
[675:675:0301/202807.561962:INFO:CONSOLE(0)] "DEBUG: -------------------------------", source:  (0)
[675:675:0301/202807.562162:INFO:CONSOLE(0)] "DEBUG: Ember  : 2.6.2", source:  (0)
[675:675:0301/202807.562342:INFO:CONSOLE(0)] "DEBUG: jQuery : 2.2.4", source:  (0)
[675:675:0301/202807.562515:INFO:CONSOLE(0)] "DEBUG: -------------------------------", source:  (0)
[675:675:0301/202807.598571:INFO:CONSOLE(0)] "DEBUG: For more advanced debugging, install the Ember Inspector from https://chrome.google.com/webstore/detail/ember-inspector/bmdblncegkenkacieihfhpjfppoconhi", source:  (0)
[675:675:0301/202818.645203:INFO:CONSOLE(0)] "DEBUG: -------------------------------", source:  (0)
[675:675:0301/202818.645411:INFO:CONSOLE(0)] "DEBUG: Ember  : 2.6.2", source:  (0)
[675:675:0301/202818.645585:INFO:CONSOLE(0)] "DEBUG: jQuery : 2.2.4", source:  (0)
[675:675:0301/202818.645765:INFO:CONSOLE(0)] "DEBUG: -------------------------------", source:  (0)
[675:675:0301/202818.681645:INFO:CONSOLE(0)] "DEBUG: For more advanced debugging, install the Ember Inspector from https://chrome.google.com/webstore/detail/ember-inspector/bmdblncegkenkacieihfhpjfppoconhi", source:  (0)
[675:675:0301/202829.739716:INFO:CONSOLE(0)] "DEBUG: -------------------------------", source:  (0)
[675:675:0301/202829.739922:INFO:CONSOLE(0)] "DEBUG: Ember  : 2.6.2", source:  (0)
[675:675:0301/202829.740096:INFO:CONSOLE(0)] "DEBUG: jQuery : 2.2.4", source:  (0)
[675:675:0301/202829.740268:INFO:CONSOLE(0)] "DEBUG: -------------------------------", source:  (0)
[675:675:0301/202829.776030:INFO:CONSOLE(0)] "DEBUG: For more advanced debugging, install the Ember Inspector from https://chrome.google.com/webstore/detail/ember-inspector/bmdblncegkenkacieihfhpjfppoconhi", source:  (0)
[675:675:0301/202840.997451:INFO:CONSOLE(0)] "DEBUG: -------------------------------", source:  (0)
[675:675:0301/202840.997661:INFO:CONSOLE(0)] "DEBUG: Ember  : 2.6.2", source:  (0)
[675:675:0301/202840.997836:INFO:CONSOLE(0)] "DEBUG: jQuery : 2.2.4", source:  (0)
[675:675:0301/202840.998007:INFO:CONSOLE(0)] "DEBUG: -------------------------------", source:  (0)
[675:675:0301/202841.034130:INFO:CONSOLE(0)] "DEBUG: For more advanced debugging, install the Ember Inspector from https://chrome.google.com/webstore/detail/ember-inspector/bmdblncegkenkacieihfhpjfppoconhi", source:  (0)
[675:675:0301/202852.354547:INFO:CONSOLE(0)] "DEBUG: -------------------------------", source:  (0)
[675:675:0301/202852.354760:INFO:CONSOLE(0)] "DEBUG: Ember  : 2.6.2", source:  (0)
[675:675:0301/202852.354935:INFO:CONSOLE(0)] "DEBUG: jQuery : 2.2.4", source:  (0)
[675:675:0301/202852.355106:INFO:CONSOLE(0)] "DEBUG: -------------------------------", source:  (0)
[675:675:0301/202852.391579:INFO:CONSOLE(0)] "DEBUG: For more advanced debugging, install the Ember Inspector from https://chrome.google.com/webstore/detail/ember-inspector/bmdblncegkenkacieihfhpjfppoconhi", source:  (0)
[675:675:0301/202903.863847:INFO:CONSOLE(0)] "DEBUG: -------------------------------", source:  (0)
[675:675:0301/202903.864055:INFO:CONSOLE(0)] "DEBUG: Ember  : 2.6.2", source:  (0)
[675:675:0301/202903.864230:INFO:CONSOLE(0)] "DEBUG: jQuery : 2.2.4", source:  (0)
[675:675:0301/202903.864402:INFO:CONSOLE(0)] "DEBUG: -------------------------------", source:  (0)
[675:675:0301/202903.900704:INFO:CONSOLE(0)] "DEBUG: For more advanced debugging, install the Ember Inspector from https://chrome.google.com/webstore/detail/ember-inspector/bmdblncegkenkacieihfhpjfppoconhi", source:  (0)
[675:675:0301/202915.527329:INFO:CONSOLE(0)] "DEBUG: -------------------------------", source:  (0)
[675:675:0301/202915.527537:INFO:CONSOLE(0)] "DEBUG: Ember  : 2.6.2", source:  (0)
[675:675:0301/202915.527712:INFO:CONSOLE(0)] "DEBUG: jQuery : 2.2.4", source:  (0)
[675:675:0301/202915.527883:INFO:CONSOLE(0)] "DEBUG: -------------------------------", source:  (0)
[675:675:0301/202915.564703:INFO:CONSOLE(0)] "DEBUG: For more advanced debugging, install the Ember Inspector from https://chrome.google.com/webstore/detail/ember-inspector/bmdblncegkenkacieihfhpjfppoconhi", source:  (0)
[675:675:0301/202927.367272:INFO:CONSOLE(0)] "DEBUG: -------------------------------", source:  (0)
[675:675:0301/202927.367479:INFO:CONSOLE(0)] "DEBUG: Ember  : 2.6.2", source:  (0)
[675:675:0301/202927.367655:INFO:CONSOLE(0)] "DEBUG: jQuery : 2.2.4", source:  (0)
[675:675:0301/202927.367826:INFO:CONSOLE(0)] "DEBUG: -------------------------------", source:  (0)
[675:675:0301/202927.404389:INFO:CONSOLE(0)] "DEBUG: For more advanced debugging, install the Ember Inspector from https://chrome.google.com/webstore/detail/ember-inspector/bmdblncegkenkacieihfhpjfppoconhi", source:  (0)
[675:675:0301/202939.366823:INFO:CONSOLE(0)] "DEBUG: -------------------------------", source:  (0)
[675:675:0301/202939.367032:INFO:CONSOLE(0)] "DEBUG: Ember  : 2.6.2", source:  (0)
[675:675:0301/202939.367207:INFO:CONSOLE(0)] "DEBUG: jQuery : 2.2.4", source:  (0)
[675:675:0301/202939.367380:INFO:CONSOLE(0)] "DEBUG: -------------------------------", source:  (0)
[675:675:0301/202939.404344:INFO:CONSOLE(0)] "DEBUG: For more advanced debugging, install the Ember Inspector from https://chrome.google.com/webstore/detail/ember-inspector/bmdblncegkenkacieihfhpjfppoconhi", source:  (0)
