[16163:16163:0301/122752.781614:WARNING:chrome_main_delegate.cc(618)] This is Chrome version 112.0.5572.0 (not a warning)
[16163:16178:0301/122752.941469:ERROR:bus.cc(399)] Failed to connect to the bus: Could not parse server address: Unknown address type (examples of valid types are "tcp" and on UNIX "unix")
[16163:16178:0301/122752.941497:ERROR:bus.cc(399)] Failed to connect to the bus: Could not parse server address: Unknown address type (examples of valid types are "tcp" and on UNIX "unix")
[16163:16163:0301/122752.977989:WARNING:account_consistency_mode_manager.cc(70)] Desktop Identity Consistency cannot be enabled as no OAuth client ID and client secret have been configured.
[16163:16178:0301/122752.985187:ERROR:bus.cc(399)] Failed to connect to the bus: Could not parse server address: Unknown address type (examples of valid types are "tcp" and on UNIX "unix")
[16163:16178:0301/122752.985224:ERROR:bus.cc(399)] Failed to connect to the bus: Could not parse server address: Unknown address type (examples of valid types are "tcp" and on UNIX "unix")
[16163:16163:0301/122753.199995:WARNING:bluez_dbus_manager.cc(247)] Floss manager not present, cannot set Floss enable/disable.
[16163:16253:0301/122753.251874:ERROR:object_proxy.cc(623)] Failed to call method: org.freedesktop.DBus.Properties.Get: object_path= /org/freedesktop/UPower: org.freedesktop.DBus.Error.ServiceUnknown: The name org.freedesktop.UPower was not provided by any .service files
[16163:16253:0301/122753.251898:WARNING:property.cc(144)] DaemonVersion: GetAndBlock: failed.
[16163:16253:0301/122753.252095:ERROR:object_proxy.cc(623)] Failed to call method: org.freedesktop.UPower.GetDisplayDevice: object_path= /org/freedesktop/UPower: org.freedesktop.DBus.Error.ServiceUnknown: The name org.freedesktop.UPower was not provided by any .service files
[16163:16253:0301/122753.252193:ERROR:object_proxy.cc(623)] Failed to call method: org.freedesktop.UPower.EnumerateDevices: object_path= /org/freedesktop/UPower: org.freedesktop.DBus.Error.ServiceUnknown: The name org.freedesktop.UPower was not provided by any .service files
[16163:16178:0301/122753.387175:ERROR:bus.cc(399)] Failed to connect to the bus: Could not parse server address: Unknown address type (examples of valid types are "tcp" and on UNIX "unix")
[16163:16178:0301/122753.395629:ERROR:bus.cc(399)] Failed to connect to the bus: Could not parse server address: Unknown address type (examples of valid types are "tcp" and on UNIX "unix")
[16163:16163:0301/122756.935613:INFO:optimization_guide_logger.cc(42)] ../../components/optimization_guide/core/hints_manager.cc(523) Hint cache initialized
[16163:16163:0301/122757.033838:INFO:optimization_guide_logger.cc(42)] ../../components/optimization_guide/content/browser/page_content_annotations_service.cc(309) PageContentAnnotationJob Result: BatchAnnotationResult{"Speedometer 2.1 Interactive Runner", type: ContentVisibility, output: nullopt}
[16163:16163:0301/122757.033911:INFO:optimization_guide_logger.cc(42)] ../../components/optimization_guide/content/browser/page_content_annotations_service.cc(309) PageContentAnnotationJob Result: BatchAnnotationResult{"Speedometer 2.1 Interactive Runner", type: PageEntities, output: nullopt}
[16163:16163:0301/122804.708342:INFO:CONSOLE(0)] "DEBUG: -------------------------------", source:  (0)
[16163:16163:0301/122804.708556:INFO:CONSOLE(0)] "DEBUG: Ember  : 2.6.2", source:  (0)
[16163:16163:0301/122804.708730:INFO:CONSOLE(0)] "DEBUG: jQuery : 2.2.4", source:  (0)
[16163:16163:0301/122804.708902:INFO:CONSOLE(0)] "DEBUG: -------------------------------", source:  (0)
[16163:16163:0301/122804.796241:INFO:CONSOLE(0)] "DEBUG: For more advanced debugging, install the Ember Inspector from https://chrome.google.com/webstore/detail/ember-inspector/bmdblncegkenkacieihfhpjfppoconhi", source:  (0)
[16163:16163:0301/122820.711540:INFO:CONSOLE(0)] "DEBUG: -------------------------------", source:  (0)
[16163:16163:0301/122820.711739:INFO:CONSOLE(0)] "DEBUG: Ember  : 2.6.2", source:  (0)
[16163:16163:0301/122820.711914:INFO:CONSOLE(0)] "DEBUG: jQuery : 2.2.4", source:  (0)
[16163:16163:0301/122820.712101:INFO:CONSOLE(0)] "DEBUG: -------------------------------", source:  (0)
[16163:16163:0301/122820.751593:INFO:CONSOLE(0)] "DEBUG: For more advanced debugging, install the Ember Inspector from https://chrome.google.com/webstore/detail/ember-inspector/bmdblncegkenkacieihfhpjfppoconhi", source:  (0)
[16163:16163:0301/122831.724221:INFO:CONSOLE(0)] "DEBUG: -------------------------------", source:  (0)
[16163:16163:0301/122831.724429:INFO:CONSOLE(0)] "DEBUG: Ember  : 2.6.2", source:  (0)
[16163:16163:0301/122831.724605:INFO:CONSOLE(0)] "DEBUG: jQuery : 2.2.4", source:  (0)
[16163:16163:0301/122831.724777:INFO:CONSOLE(0)] "DEBUG: -------------------------------", source:  (0)
[16163:16163:0301/122831.767886:INFO:CONSOLE(0)] "DEBUG: For more advanced debugging, install the Ember Inspector from https://chrome.google.com/webstore/detail/ember-inspector/bmdblncegkenkacieihfhpjfppoconhi", source:  (0)
[16163:16163:0301/122842.707392:INFO:CONSOLE(0)] "DEBUG: -------------------------------", source:  (0)
[16163:16163:0301/122842.707599:INFO:CONSOLE(0)] "DEBUG: Ember  : 2.6.2", source:  (0)
[16163:16163:0301/122842.707774:INFO:CONSOLE(0)] "DEBUG: jQuery : 2.2.4", source:  (0)
[16163:16163:0301/122842.707946:INFO:CONSOLE(0)] "DEBUG: -------------------------------", source:  (0)
[16163:16163:0301/122842.745621:INFO:CONSOLE(0)] "DEBUG: For more advanced debugging, install the Ember Inspector from https://chrome.google.com/webstore/detail/ember-inspector/bmdblncegkenkacieihfhpjfppoconhi", source:  (0)
[16163:16163:0301/122853.884320:INFO:CONSOLE(0)] "DEBUG: -------------------------------", source:  (0)
[16163:16163:0301/122853.884529:INFO:CONSOLE(0)] "DEBUG: Ember  : 2.6.2", source:  (0)
[16163:16163:0301/122853.884705:INFO:CONSOLE(0)] "DEBUG: jQuery : 2.2.4", source:  (0)
[16163:16163:0301/122853.884877:INFO:CONSOLE(0)] "DEBUG: -------------------------------", source:  (0)
[16163:16163:0301/122853.922559:INFO:CONSOLE(0)] "DEBUG: For more advanced debugging, install the Ember Inspector from https://chrome.google.com/webstore/detail/ember-inspector/bmdblncegkenkacieihfhpjfppoconhi", source:  (0)
[16163:16163:0301/122905.117410:INFO:CONSOLE(0)] "DEBUG: -------------------------------", source:  (0)
[16163:16163:0301/122905.117617:INFO:CONSOLE(0)] "DEBUG: Ember  : 2.6.2", source:  (0)
[16163:16163:0301/122905.117792:INFO:CONSOLE(0)] "DEBUG: jQuery : 2.2.4", source:  (0)
[16163:16163:0301/122905.117964:INFO:CONSOLE(0)] "DEBUG: -------------------------------", source:  (0)
[16163:16163:0301/122905.155544:INFO:CONSOLE(0)] "DEBUG: For more advanced debugging, install the Ember Inspector from https://chrome.google.com/webstore/detail/ember-inspector/bmdblncegkenkacieihfhpjfppoconhi", source:  (0)
[16163:16163:0301/122916.414559:INFO:CONSOLE(0)] "DEBUG: -------------------------------", source:  (0)
[16163:16163:0301/122916.414764:INFO:CONSOLE(0)] "DEBUG: Ember  : 2.6.2", source:  (0)
[16163:16163:0301/122916.414941:INFO:CONSOLE(0)] "DEBUG: jQuery : 2.2.4", source:  (0)
[16163:16163:0301/122916.415114:INFO:CONSOLE(0)] "DEBUG: -------------------------------", source:  (0)
[16163:16163:0301/122916.464266:INFO:CONSOLE(0)] "DEBUG: For more advanced debugging, install the Ember Inspector from https://chrome.google.com/webstore/detail/ember-inspector/bmdblncegkenkacieihfhpjfppoconhi", source:  (0)
[16163:16163:0301/122927.790863:INFO:CONSOLE(0)] "DEBUG: -------------------------------", source:  (0)
[16163:16163:0301/122927.791084:INFO:CONSOLE(0)] "DEBUG: Ember  : 2.6.2", source:  (0)
[16163:16163:0301/122927.791259:INFO:CONSOLE(0)] "DEBUG: jQuery : 2.2.4", source:  (0)
[16163:16163:0301/122927.791430:INFO:CONSOLE(0)] "DEBUG: -------------------------------", source:  (0)
[16163:16163:0301/122927.829389:INFO:CONSOLE(0)] "DEBUG: For more advanced debugging, install the Ember Inspector from https://chrome.google.com/webstore/detail/ember-inspector/bmdblncegkenkacieihfhpjfppoconhi", source:  (0)
[16163:16163:0301/122939.044705:INFO:CONSOLE(0)] "DEBUG: -------------------------------", source:  (0)
[16163:16163:0301/122939.044919:INFO:CONSOLE(0)] "DEBUG: Ember  : 2.6.2", source:  (0)
[16163:16163:0301/122939.045094:INFO:CONSOLE(0)] "DEBUG: jQuery : 2.2.4", source:  (0)
[16163:16163:0301/122939.045265:INFO:CONSOLE(0)] "DEBUG: -------------------------------", source:  (0)
[16163:16163:0301/122939.082948:INFO:CONSOLE(0)] "DEBUG: For more advanced debugging, install the Ember Inspector from https://chrome.google.com/webstore/detail/ember-inspector/bmdblncegkenkacieihfhpjfppoconhi", source:  (0)
[16163:16163:0301/122950.459820:INFO:CONSOLE(0)] "DEBUG: -------------------------------", source:  (0)
[16163:16163:0301/122950.460027:INFO:CONSOLE(0)] "DEBUG: Ember  : 2.6.2", source:  (0)
[16163:16163:0301/122950.460202:INFO:CONSOLE(0)] "DEBUG: jQuery : 2.2.4", source:  (0)
[16163:16163:0301/122950.460382:INFO:CONSOLE(0)] "DEBUG: -------------------------------", source:  (0)
[16163:16163:0301/122950.499897:INFO:CONSOLE(0)] "DEBUG: For more advanced debugging, install the Ember Inspector from https://chrome.google.com/webstore/detail/ember-inspector/bmdblncegkenkacieihfhpjfppoconhi", source:  (0)
