[2049:2049:0301/204618.890201:WARNING:chrome_main_delegate.cc(618)] This is Chrome version 112.0.5572.0 (not a warning)
[2049:2063:0301/204619.050551:ERROR:bus.cc(399)] Failed to connect to the bus: Could not parse server address: Unknown address type (examples of valid types are "tcp" and on UNIX "unix")
[2049:2063:0301/204619.050587:ERROR:bus.cc(399)] Failed to connect to the bus: Could not parse server address: Unknown address type (examples of valid types are "tcp" and on UNIX "unix")
[2049:2049:0301/204619.086022:WARNING:account_consistency_mode_manager.cc(70)] Desktop Identity Consistency cannot be enabled as no OAuth client ID and client secret have been configured.
[2049:2063:0301/204619.094148:ERROR:bus.cc(399)] Failed to connect to the bus: Could not parse server address: Unknown address type (examples of valid types are "tcp" and on UNIX "unix")
[2049:2063:0301/204619.094181:ERROR:bus.cc(399)] Failed to connect to the bus: Could not parse server address: Unknown address type (examples of valid types are "tcp" and on UNIX "unix")
[2049:2049:0301/204619.268004:WARNING:bluez_dbus_manager.cc(247)] Floss manager not present, cannot set Floss enable/disable.
[2049:2139:0301/204619.318745:ERROR:object_proxy.cc(623)] Failed to call method: org.freedesktop.DBus.Properties.Get: object_path= /org/freedesktop/UPower: org.freedesktop.DBus.Error.ServiceUnknown: The name org.freedesktop.UPower was not provided by any .service files
[2049:2139:0301/204619.318763:WARNING:property.cc(144)] DaemonVersion: GetAndBlock: failed.
[2049:2139:0301/204619.318878:ERROR:object_proxy.cc(623)] Failed to call method: org.freedesktop.UPower.GetDisplayDevice: object_path= /org/freedesktop/UPower: org.freedesktop.DBus.Error.ServiceUnknown: The name org.freedesktop.UPower was not provided by any .service files
[2049:2139:0301/204619.319049:ERROR:object_proxy.cc(623)] Failed to call method: org.freedesktop.UPower.EnumerateDevices: object_path= /org/freedesktop/UPower: org.freedesktop.DBus.Error.ServiceUnknown: The name org.freedesktop.UPower was not provided by any .service files
[2049:2063:0301/204619.590125:ERROR:bus.cc(399)] Failed to connect to the bus: Could not parse server address: Unknown address type (examples of valid types are "tcp" and on UNIX "unix")
[2049:2063:0301/204619.598725:ERROR:bus.cc(399)] Failed to connect to the bus: Could not parse server address: Unknown address type (examples of valid types are "tcp" and on UNIX "unix")
[2049:2049:0301/204623.263069:INFO:optimization_guide_logger.cc(42)] ../../components/optimization_guide/content/browser/page_content_annotations_service.cc(309) PageContentAnnotationJob Result: BatchAnnotationResult{"Speedometer 2.1 Interactive Runner", type: ContentVisibility, output: nullopt}
[2049:2049:0301/204623.263232:INFO:optimization_guide_logger.cc(42)] ../../components/optimization_guide/content/browser/page_content_annotations_service.cc(309) PageContentAnnotationJob Result: BatchAnnotationResult{"Speedometer 2.1 Interactive Runner", type: PageEntities, output: nullopt}
[2049:2049:0301/204623.332757:INFO:optimization_guide_logger.cc(42)] ../../components/optimization_guide/core/hints_manager.cc(523) Hint cache initialized
[2049:2049:0301/204634.653481:INFO:CONSOLE(0)] "DEBUG: -------------------------------", source:  (0)
[2049:2049:0301/204634.653690:INFO:CONSOLE(0)] "DEBUG: Ember  : 2.6.2", source:  (0)
[2049:2049:0301/204634.653865:INFO:CONSOLE(0)] "DEBUG: jQuery : 2.2.4", source:  (0)
[2049:2049:0301/204634.654038:INFO:CONSOLE(0)] "DEBUG: -------------------------------", source:  (0)
[2049:2049:0301/204634.741271:INFO:CONSOLE(0)] "DEBUG: For more advanced debugging, install the Ember Inspector from https://chrome.google.com/webstore/detail/ember-inspector/bmdblncegkenkacieihfhpjfppoconhi", source:  (0)
[2049:2049:0301/204650.667311:INFO:CONSOLE(0)] "DEBUG: -------------------------------", source:  (0)
[2049:2049:0301/204650.667518:INFO:CONSOLE(0)] "DEBUG: Ember  : 2.6.2", source:  (0)
[2049:2049:0301/204650.667694:INFO:CONSOLE(0)] "DEBUG: jQuery : 2.2.4", source:  (0)
[2049:2049:0301/204650.667867:INFO:CONSOLE(0)] "DEBUG: -------------------------------", source:  (0)
[2049:2049:0301/204650.703962:INFO:CONSOLE(0)] "DEBUG: For more advanced debugging, install the Ember Inspector from https://chrome.google.com/webstore/detail/ember-inspector/bmdblncegkenkacieihfhpjfppoconhi", source:  (0)
[2049:2049:0301/204701.616083:INFO:CONSOLE(0)] "DEBUG: -------------------------------", source:  (0)
[2049:2049:0301/204701.616304:INFO:CONSOLE(0)] "DEBUG: Ember  : 2.6.2", source:  (0)
[2049:2049:0301/204701.616480:INFO:CONSOLE(0)] "DEBUG: jQuery : 2.2.4", source:  (0)
[2049:2049:0301/204701.616653:INFO:CONSOLE(0)] "DEBUG: -------------------------------", source:  (0)
[2049:2049:0301/204701.652479:INFO:CONSOLE(0)] "DEBUG: For more advanced debugging, install the Ember Inspector from https://chrome.google.com/webstore/detail/ember-inspector/bmdblncegkenkacieihfhpjfppoconhi", source:  (0)
[2049:2049:0301/204712.605952:INFO:CONSOLE(0)] "DEBUG: -------------------------------", source:  (0)
[2049:2049:0301/204712.606161:INFO:CONSOLE(0)] "DEBUG: Ember  : 2.6.2", source:  (0)
[2049:2049:0301/204712.606346:INFO:CONSOLE(0)] "DEBUG: jQuery : 2.2.4", source:  (0)
[2049:2049:0301/204712.606521:INFO:CONSOLE(0)] "DEBUG: -------------------------------", source:  (0)
[2049:2049:0301/204712.642568:INFO:CONSOLE(0)] "DEBUG: For more advanced debugging, install the Ember Inspector from https://chrome.google.com/webstore/detail/ember-inspector/bmdblncegkenkacieihfhpjfppoconhi", source:  (0)
[2049:2049:0301/204723.858506:INFO:CONSOLE(0)] "DEBUG: -------------------------------", source:  (0)
[2049:2049:0301/204723.858719:INFO:CONSOLE(0)] "DEBUG: Ember  : 2.6.2", source:  (0)
[2049:2049:0301/204723.858894:INFO:CONSOLE(0)] "DEBUG: jQuery : 2.2.4", source:  (0)
[2049:2049:0301/204723.859066:INFO:CONSOLE(0)] "DEBUG: -------------------------------", source:  (0)
[2049:2049:0301/204723.895059:INFO:CONSOLE(0)] "DEBUG: For more advanced debugging, install the Ember Inspector from https://chrome.google.com/webstore/detail/ember-inspector/bmdblncegkenkacieihfhpjfppoconhi", source:  (0)
[2049:2049:0301/204735.304790:INFO:CONSOLE(0)] "DEBUG: -------------------------------", source:  (0)
[2049:2049:0301/204735.305000:INFO:CONSOLE(0)] "DEBUG: Ember  : 2.6.2", source:  (0)
[2049:2049:0301/204735.305177:INFO:CONSOLE(0)] "DEBUG: jQuery : 2.2.4", source:  (0)
[2049:2049:0301/204735.305350:INFO:CONSOLE(0)] "DEBUG: -------------------------------", source:  (0)
[2049:2049:0301/204735.341750:INFO:CONSOLE(0)] "DEBUG: For more advanced debugging, install the Ember Inspector from https://chrome.google.com/webstore/detail/ember-inspector/bmdblncegkenkacieihfhpjfppoconhi", source:  (0)
[2049:2049:0301/204746.772552:INFO:CONSOLE(0)] "DEBUG: -------------------------------", source:  (0)
[2049:2049:0301/204746.772767:INFO:CONSOLE(0)] "DEBUG: Ember  : 2.6.2", source:  (0)
[2049:2049:0301/204746.772942:INFO:CONSOLE(0)] "DEBUG: jQuery : 2.2.4", source:  (0)
[2049:2049:0301/204746.773114:INFO:CONSOLE(0)] "DEBUG: -------------------------------", source:  (0)
[2049:2049:0301/204746.810196:INFO:CONSOLE(0)] "DEBUG: For more advanced debugging, install the Ember Inspector from https://chrome.google.com/webstore/detail/ember-inspector/bmdblncegkenkacieihfhpjfppoconhi", source:  (0)
[2049:2049:0301/204758.427076:INFO:CONSOLE(0)] "DEBUG: -------------------------------", source:  (0)
[2049:2049:0301/204758.427292:INFO:CONSOLE(0)] "DEBUG: Ember  : 2.6.2", source:  (0)
[2049:2049:0301/204758.427590:INFO:CONSOLE(0)] "DEBUG: jQuery : 2.2.4", source:  (0)
[2049:2049:0301/204758.427778:INFO:CONSOLE(0)] "DEBUG: -------------------------------", source:  (0)
[2049:2049:0301/204758.464525:INFO:CONSOLE(0)] "DEBUG: For more advanced debugging, install the Ember Inspector from https://chrome.google.com/webstore/detail/ember-inspector/bmdblncegkenkacieihfhpjfppoconhi", source:  (0)
[2049:2049:0301/204810.355557:INFO:CONSOLE(0)] "DEBUG: -------------------------------", source:  (0)
[2049:2049:0301/204810.355772:INFO:CONSOLE(0)] "DEBUG: Ember  : 2.6.2", source:  (0)
[2049:2049:0301/204810.355950:INFO:CONSOLE(0)] "DEBUG: jQuery : 2.2.4", source:  (0)
[2049:2049:0301/204810.356132:INFO:CONSOLE(0)] "DEBUG: -------------------------------", source:  (0)
[2049:2049:0301/204810.392892:INFO:CONSOLE(0)] "DEBUG: For more advanced debugging, install the Ember Inspector from https://chrome.google.com/webstore/detail/ember-inspector/bmdblncegkenkacieihfhpjfppoconhi", source:  (0)
[2049:2049:0301/204822.303990:INFO:CONSOLE(0)] "DEBUG: -------------------------------", source:  (0)
[2049:2049:0301/204822.304199:INFO:CONSOLE(0)] "DEBUG: Ember  : 2.6.2", source:  (0)
[2049:2049:0301/204822.304375:INFO:CONSOLE(0)] "DEBUG: jQuery : 2.2.4", source:  (0)
[2049:2049:0301/204822.304554:INFO:CONSOLE(0)] "DEBUG: -------------------------------", source:  (0)
[2049:2049:0301/204822.341441:INFO:CONSOLE(0)] "DEBUG: For more advanced debugging, install the Ember Inspector from https://chrome.google.com/webstore/detail/ember-inspector/bmdblncegkenkacieihfhpjfppoconhi", source:  (0)
