[3756:3756:0301/210955.728951:WARNING:chrome_main_delegate.cc(618)] This is Chrome version 112.0.5572.0 (not a warning)
[3756:3770:0301/210955.911173:ERROR:bus.cc(399)] Failed to connect to the bus: Could not parse server address: Unknown address type (examples of valid types are "tcp" and on UNIX "unix")
[3756:3770:0301/210955.911209:ERROR:bus.cc(399)] Failed to connect to the bus: Could not parse server address: Unknown address type (examples of valid types are "tcp" and on UNIX "unix")
[3756:3756:0301/210955.957410:WARNING:account_consistency_mode_manager.cc(70)] Desktop Identity Consistency cannot be enabled as no OAuth client ID and client secret have been configured.
[3756:3770:0301/210955.965809:ERROR:bus.cc(399)] Failed to connect to the bus: Could not parse server address: Unknown address type (examples of valid types are "tcp" and on UNIX "unix")
[3756:3770:0301/210955.965852:ERROR:bus.cc(399)] Failed to connect to the bus: Could not parse server address: Unknown address type (examples of valid types are "tcp" and on UNIX "unix")
[3756:3756:0301/210956.134376:WARNING:bluez_dbus_manager.cc(247)] Floss manager not present, cannot set Floss enable/disable.
[3756:3847:0301/210956.192712:ERROR:object_proxy.cc(623)] Failed to call method: org.freedesktop.DBus.Properties.Get: object_path= /org/freedesktop/UPower: org.freedesktop.DBus.Error.ServiceUnknown: The name org.freedesktop.UPower was not provided by any .service files
[3756:3847:0301/210956.192734:WARNING:property.cc(144)] DaemonVersion: GetAndBlock: failed.
[3756:3847:0301/210956.192835:ERROR:object_proxy.cc(623)] Failed to call method: org.freedesktop.UPower.GetDisplayDevice: object_path= /org/freedesktop/UPower: org.freedesktop.DBus.Error.ServiceUnknown: The name org.freedesktop.UPower was not provided by any .service files
[3756:3847:0301/210956.192933:ERROR:object_proxy.cc(623)] Failed to call method: org.freedesktop.UPower.EnumerateDevices: object_path= /org/freedesktop/UPower: org.freedesktop.DBus.Error.ServiceUnknown: The name org.freedesktop.UPower was not provided by any .service files
[3756:3770:0301/210956.453534:ERROR:bus.cc(399)] Failed to connect to the bus: Could not parse server address: Unknown address type (examples of valid types are "tcp" and on UNIX "unix")
[3756:3770:0301/210956.479087:ERROR:bus.cc(399)] Failed to connect to the bus: Could not parse server address: Unknown address type (examples of valid types are "tcp" and on UNIX "unix")
[3756:3756:0301/210959.787475:INFO:optimization_guide_logger.cc(42)] ../../components/optimization_guide/core/hints_manager.cc(523) Hint cache initialized
[3756:3756:0301/211001.708472:INFO:optimization_guide_logger.cc(42)] ../../components/optimization_guide/content/browser/page_content_annotations_service.cc(309) PageContentAnnotationJob Result: BatchAnnotationResult{"Speedometer 2.1 Interactive Runner", type: ContentVisibility, output: nullopt}
[3756:3756:0301/211001.708621:INFO:optimization_guide_logger.cc(42)] ../../components/optimization_guide/content/browser/page_content_annotations_service.cc(309) PageContentAnnotationJob Result: BatchAnnotationResult{"Speedometer 2.1 Interactive Runner", type: PageEntities, output: nullopt}
[3756:3756:0301/211009.461217:INFO:CONSOLE(0)] "DEBUG: -------------------------------", source:  (0)
[3756:3756:0301/211009.461431:INFO:CONSOLE(0)] "DEBUG: Ember  : 2.6.2", source:  (0)
[3756:3756:0301/211009.461605:INFO:CONSOLE(0)] "DEBUG: jQuery : 2.2.4", source:  (0)
[3756:3756:0301/211009.461776:INFO:CONSOLE(0)] "DEBUG: -------------------------------", source:  (0)
[3756:3756:0301/211009.548510:INFO:CONSOLE(0)] "DEBUG: For more advanced debugging, install the Ember Inspector from https://chrome.google.com/webstore/detail/ember-inspector/bmdblncegkenkacieihfhpjfppoconhi", source:  (0)
[3756:3756:0301/211025.066564:INFO:CONSOLE(0)] "DEBUG: -------------------------------", source:  (0)
[3756:3756:0301/211025.066764:INFO:CONSOLE(0)] "DEBUG: Ember  : 2.6.2", source:  (0)
[3756:3756:0301/211025.066937:INFO:CONSOLE(0)] "DEBUG: jQuery : 2.2.4", source:  (0)
[3756:3756:0301/211025.067107:INFO:CONSOLE(0)] "DEBUG: -------------------------------", source:  (0)
[3756:3756:0301/211025.102911:INFO:CONSOLE(0)] "DEBUG: For more advanced debugging, install the Ember Inspector from https://chrome.google.com/webstore/detail/ember-inspector/bmdblncegkenkacieihfhpjfppoconhi", source:  (0)
[3756:3756:0301/211035.958355:INFO:CONSOLE(0)] "DEBUG: -------------------------------", source:  (0)
[3756:3756:0301/211035.958571:INFO:CONSOLE(0)] "DEBUG: Ember  : 2.6.2", source:  (0)
[3756:3756:0301/211035.958747:INFO:CONSOLE(0)] "DEBUG: jQuery : 2.2.4", source:  (0)
[3756:3756:0301/211035.958925:INFO:CONSOLE(0)] "DEBUG: -------------------------------", source:  (0)
[3756:3756:0301/211035.994796:INFO:CONSOLE(0)] "DEBUG: For more advanced debugging, install the Ember Inspector from https://chrome.google.com/webstore/detail/ember-inspector/bmdblncegkenkacieihfhpjfppoconhi", source:  (0)
[3756:3756:0301/211046.953941:INFO:CONSOLE(0)] "DEBUG: -------------------------------", source:  (0)
[3756:3756:0301/211046.954148:INFO:CONSOLE(0)] "DEBUG: Ember  : 2.6.2", source:  (0)
[3756:3756:0301/211046.954331:INFO:CONSOLE(0)] "DEBUG: jQuery : 2.2.4", source:  (0)
[3756:3756:0301/211046.954505:INFO:CONSOLE(0)] "DEBUG: -------------------------------", source:  (0)
[3756:3756:0301/211046.990428:INFO:CONSOLE(0)] "DEBUG: For more advanced debugging, install the Ember Inspector from https://chrome.google.com/webstore/detail/ember-inspector/bmdblncegkenkacieihfhpjfppoconhi", source:  (0)
[3756:3756:0301/211058.062161:INFO:CONSOLE(0)] "DEBUG: -------------------------------", source:  (0)
[3756:3756:0301/211058.062373:INFO:CONSOLE(0)] "DEBUG: Ember  : 2.6.2", source:  (0)
[3756:3756:0301/211058.062548:INFO:CONSOLE(0)] "DEBUG: jQuery : 2.2.4", source:  (0)
[3756:3756:0301/211058.062719:INFO:CONSOLE(0)] "DEBUG: -------------------------------", source:  (0)
[3756:3756:0301/211058.098619:INFO:CONSOLE(0)] "DEBUG: For more advanced debugging, install the Ember Inspector from https://chrome.google.com/webstore/detail/ember-inspector/bmdblncegkenkacieihfhpjfppoconhi", source:  (0)
[3756:3756:0301/211109.369099:INFO:CONSOLE(0)] "DEBUG: -------------------------------", source:  (0)
[3756:3756:0301/211109.369310:INFO:CONSOLE(0)] "DEBUG: Ember  : 2.6.2", source:  (0)
[3756:3756:0301/211109.369483:INFO:CONSOLE(0)] "DEBUG: jQuery : 2.2.4", source:  (0)
[3756:3756:0301/211109.369661:INFO:CONSOLE(0)] "DEBUG: -------------------------------", source:  (0)
[3756:3756:0301/211109.407264:INFO:CONSOLE(0)] "DEBUG: For more advanced debugging, install the Ember Inspector from https://chrome.google.com/webstore/detail/ember-inspector/bmdblncegkenkacieihfhpjfppoconhi", source:  (0)
[3756:3756:0301/211120.869965:INFO:CONSOLE(0)] "DEBUG: -------------------------------", source:  (0)
[3756:3756:0301/211120.870174:INFO:CONSOLE(0)] "DEBUG: Ember  : 2.6.2", source:  (0)
[3756:3756:0301/211120.870353:INFO:CONSOLE(0)] "DEBUG: jQuery : 2.2.4", source:  (0)
[3756:3756:0301/211120.870535:INFO:CONSOLE(0)] "DEBUG: -------------------------------", source:  (0)
[3756:3756:0301/211120.907007:INFO:CONSOLE(0)] "DEBUG: For more advanced debugging, install the Ember Inspector from https://chrome.google.com/webstore/detail/ember-inspector/bmdblncegkenkacieihfhpjfppoconhi", source:  (0)
[3756:3756:0301/211132.523596:INFO:CONSOLE(0)] "DEBUG: -------------------------------", source:  (0)
[3756:3756:0301/211132.523803:INFO:CONSOLE(0)] "DEBUG: Ember  : 2.6.2", source:  (0)
[3756:3756:0301/211132.523985:INFO:CONSOLE(0)] "DEBUG: jQuery : 2.2.4", source:  (0)
[3756:3756:0301/211132.524158:INFO:CONSOLE(0)] "DEBUG: -------------------------------", source:  (0)
[3756:3756:0301/211132.560785:INFO:CONSOLE(0)] "DEBUG: For more advanced debugging, install the Ember Inspector from https://chrome.google.com/webstore/detail/ember-inspector/bmdblncegkenkacieihfhpjfppoconhi", source:  (0)
[3756:3756:0301/211144.360481:INFO:CONSOLE(0)] "DEBUG: -------------------------------", source:  (0)
[3756:3756:0301/211144.360697:INFO:CONSOLE(0)] "DEBUG: Ember  : 2.6.2", source:  (0)
[3756:3756:0301/211144.360872:INFO:CONSOLE(0)] "DEBUG: jQuery : 2.2.4", source:  (0)
[3756:3756:0301/211144.361052:INFO:CONSOLE(0)] "DEBUG: -------------------------------", source:  (0)
[3756:3756:0301/211144.398298:INFO:CONSOLE(0)] "DEBUG: For more advanced debugging, install the Ember Inspector from https://chrome.google.com/webstore/detail/ember-inspector/bmdblncegkenkacieihfhpjfppoconhi", source:  (0)
[3756:3756:0301/211156.274746:INFO:CONSOLE(0)] "DEBUG: -------------------------------", source:  (0)
[3756:3756:0301/211156.274959:INFO:CONSOLE(0)] "DEBUG: Ember  : 2.6.2", source:  (0)
[3756:3756:0301/211156.275134:INFO:CONSOLE(0)] "DEBUG: jQuery : 2.2.4", source:  (0)
[3756:3756:0301/211156.275305:INFO:CONSOLE(0)] "DEBUG: -------------------------------", source:  (0)
[3756:3756:0301/211156.312022:INFO:CONSOLE(0)] "DEBUG: For more advanced debugging, install the Ember Inspector from https://chrome.google.com/webstore/detail/ember-inspector/bmdblncegkenkacieihfhpjfppoconhi", source:  (0)
