[21065:21065:0301/133224.220133:WARNING:chrome_main_delegate.cc(618)] This is Chrome version 112.0.5572.0 (not a warning)
[21065:21079:0301/133224.400951:ERROR:bus.cc(399)] Failed to connect to the bus: Could not parse server address: Unknown address type (examples of valid types are "tcp" and on UNIX "unix")
[21065:21079:0301/133224.400981:ERROR:bus.cc(399)] Failed to connect to the bus: Could not parse server address: Unknown address type (examples of valid types are "tcp" and on UNIX "unix")
[21065:21065:0301/133224.433345:WARNING:account_consistency_mode_manager.cc(70)] Desktop Identity Consistency cannot be enabled as no OAuth client ID and client secret have been configured.
[21065:21079:0301/133224.440444:ERROR:bus.cc(399)] Failed to connect to the bus: Could not parse server address: Unknown address type (examples of valid types are "tcp" and on UNIX "unix")
[21065:21079:0301/133224.440480:ERROR:bus.cc(399)] Failed to connect to the bus: Could not parse server address: Unknown address type (examples of valid types are "tcp" and on UNIX "unix")
[21065:21065:0301/133224.662664:WARNING:bluez_dbus_manager.cc(247)] Floss manager not present, cannot set Floss enable/disable.
[21065:21155:0301/133224.718205:ERROR:object_proxy.cc(623)] Failed to call method: org.freedesktop.DBus.Properties.Get: object_path= /org/freedesktop/UPower: org.freedesktop.DBus.Error.ServiceUnknown: The name org.freedesktop.UPower was not provided by any .service files
[21065:21155:0301/133224.718229:WARNING:property.cc(144)] DaemonVersion: GetAndBlock: failed.
[21065:21155:0301/133224.718343:ERROR:object_proxy.cc(623)] Failed to call method: org.freedesktop.UPower.GetDisplayDevice: object_path= /org/freedesktop/UPower: org.freedesktop.DBus.Error.ServiceUnknown: The name org.freedesktop.UPower was not provided by any .service files
[21065:21155:0301/133224.718442:ERROR:object_proxy.cc(623)] Failed to call method: org.freedesktop.UPower.EnumerateDevices: object_path= /org/freedesktop/UPower: org.freedesktop.DBus.Error.ServiceUnknown: The name org.freedesktop.UPower was not provided by any .service files
[21065:21079:0301/133224.839193:ERROR:bus.cc(399)] Failed to connect to the bus: Could not parse server address: Unknown address type (examples of valid types are "tcp" and on UNIX "unix")
[21065:21079:0301/133224.847633:ERROR:bus.cc(399)] Failed to connect to the bus: Could not parse server address: Unknown address type (examples of valid types are "tcp" and on UNIX "unix")
[21065:21065:0301/133228.139776:INFO:optimization_guide_logger.cc(42)] ../../components/optimization_guide/core/hints_manager.cc(523) Hint cache initialized
[21065:21065:0301/133228.634950:INFO:optimization_guide_logger.cc(42)] ../../components/optimization_guide/content/browser/page_content_annotations_service.cc(309) PageContentAnnotationJob Result: BatchAnnotationResult{"Speedometer 2.1 Interactive Runner", type: ContentVisibility, output: nullopt}
[21065:21065:0301/133228.635021:INFO:optimization_guide_logger.cc(42)] ../../components/optimization_guide/content/browser/page_content_annotations_service.cc(309) PageContentAnnotationJob Result: BatchAnnotationResult{"Speedometer 2.1 Interactive Runner", type: PageEntities, output: nullopt}
[21065:21065:0301/133236.284041:INFO:CONSOLE(0)] "DEBUG: -------------------------------", source:  (0)
[21065:21065:0301/133236.284251:INFO:CONSOLE(0)] "DEBUG: Ember  : 2.6.2", source:  (0)
[21065:21065:0301/133236.284424:INFO:CONSOLE(0)] "DEBUG: jQuery : 2.2.4", source:  (0)
[21065:21065:0301/133236.284600:INFO:CONSOLE(0)] "DEBUG: -------------------------------", source:  (0)
[21065:21065:0301/133236.371624:INFO:CONSOLE(0)] "DEBUG: For more advanced debugging, install the Ember Inspector from https://chrome.google.com/webstore/detail/ember-inspector/bmdblncegkenkacieihfhpjfppoconhi", source:  (0)
[21065:21065:0301/133252.203751:INFO:CONSOLE(0)] "DEBUG: -------------------------------", source:  (0)
[21065:21065:0301/133252.203954:INFO:CONSOLE(0)] "DEBUG: Ember  : 2.6.2", source:  (0)
[21065:21065:0301/133252.204128:INFO:CONSOLE(0)] "DEBUG: jQuery : 2.2.4", source:  (0)
[21065:21065:0301/133252.204313:INFO:CONSOLE(0)] "DEBUG: -------------------------------", source:  (0)
[21065:21065:0301/133252.242918:INFO:CONSOLE(0)] "DEBUG: For more advanced debugging, install the Ember Inspector from https://chrome.google.com/webstore/detail/ember-inspector/bmdblncegkenkacieihfhpjfppoconhi", source:  (0)
[21065:21065:0301/133303.369937:INFO:CONSOLE(0)] "DEBUG: -------------------------------", source:  (0)
[21065:21065:0301/133303.370146:INFO:CONSOLE(0)] "DEBUG: Ember  : 2.6.2", source:  (0)
[21065:21065:0301/133303.370328:INFO:CONSOLE(0)] "DEBUG: jQuery : 2.2.4", source:  (0)
[21065:21065:0301/133303.370501:INFO:CONSOLE(0)] "DEBUG: -------------------------------", source:  (0)
[21065:21065:0301/133303.408167:INFO:CONSOLE(0)] "DEBUG: For more advanced debugging, install the Ember Inspector from https://chrome.google.com/webstore/detail/ember-inspector/bmdblncegkenkacieihfhpjfppoconhi", source:  (0)
[21065:21065:0301/133314.612701:INFO:CONSOLE(0)] "DEBUG: -------------------------------", source:  (0)
[21065:21065:0301/133314.612911:INFO:CONSOLE(0)] "DEBUG: Ember  : 2.6.2", source:  (0)
[21065:21065:0301/133314.613086:INFO:CONSOLE(0)] "DEBUG: jQuery : 2.2.4", source:  (0)
[21065:21065:0301/133314.613257:INFO:CONSOLE(0)] "DEBUG: -------------------------------", source:  (0)
[21065:21065:0301/133314.649978:INFO:CONSOLE(0)] "DEBUG: For more advanced debugging, install the Ember Inspector from https://chrome.google.com/webstore/detail/ember-inspector/bmdblncegkenkacieihfhpjfppoconhi", source:  (0)
[21065:21065:0301/133325.880024:INFO:CONSOLE(0)] "DEBUG: -------------------------------", source:  (0)
[21065:21065:0301/133325.880233:INFO:CONSOLE(0)] "DEBUG: Ember  : 2.6.2", source:  (0)
[21065:21065:0301/133325.880407:INFO:CONSOLE(0)] "DEBUG: jQuery : 2.2.4", source:  (0)
[21065:21065:0301/133325.880578:INFO:CONSOLE(0)] "DEBUG: -------------------------------", source:  (0)
[21065:21065:0301/133325.918768:INFO:CONSOLE(0)] "DEBUG: For more advanced debugging, install the Ember Inspector from https://chrome.google.com/webstore/detail/ember-inspector/bmdblncegkenkacieihfhpjfppoconhi", source:  (0)
[21065:21065:0301/133337.593606:INFO:CONSOLE(0)] "DEBUG: -------------------------------", source:  (0)
[21065:21065:0301/133337.593817:INFO:CONSOLE(0)] "DEBUG: Ember  : 2.6.2", source:  (0)
[21065:21065:0301/133337.593991:INFO:CONSOLE(0)] "DEBUG: jQuery : 2.2.4", source:  (0)
[21065:21065:0301/133337.594162:INFO:CONSOLE(0)] "DEBUG: -------------------------------", source:  (0)
[21065:21065:0301/133337.632382:INFO:CONSOLE(0)] "DEBUG: For more advanced debugging, install the Ember Inspector from https://chrome.google.com/webstore/detail/ember-inspector/bmdblncegkenkacieihfhpjfppoconhi", source:  (0)
[21065:21065:0301/133349.791410:INFO:CONSOLE(0)] "DEBUG: -------------------------------", source:  (0)
[21065:21065:0301/133349.791812:INFO:CONSOLE(0)] "DEBUG: Ember  : 2.6.2", source:  (0)
[21065:21065:0301/133349.791991:INFO:CONSOLE(0)] "DEBUG: jQuery : 2.2.4", source:  (0)
[21065:21065:0301/133349.792160:INFO:CONSOLE(0)] "DEBUG: -------------------------------", source:  (0)
[21065:21065:0301/133349.841712:INFO:CONSOLE(0)] "DEBUG: For more advanced debugging, install the Ember Inspector from https://chrome.google.com/webstore/detail/ember-inspector/bmdblncegkenkacieihfhpjfppoconhi", source:  (0)
[21065:21065:0301/133402.019497:INFO:CONSOLE(0)] "DEBUG: -------------------------------", source:  (0)
[21065:21065:0301/133402.019711:INFO:CONSOLE(0)] "DEBUG: Ember  : 2.6.2", source:  (0)
[21065:21065:0301/133402.019885:INFO:CONSOLE(0)] "DEBUG: jQuery : 2.2.4", source:  (0)
[21065:21065:0301/133402.020056:INFO:CONSOLE(0)] "DEBUG: -------------------------------", source:  (0)
[21065:21065:0301/133402.059920:INFO:CONSOLE(0)] "DEBUG: For more advanced debugging, install the Ember Inspector from https://chrome.google.com/webstore/detail/ember-inspector/bmdblncegkenkacieihfhpjfppoconhi", source:  (0)
[21065:21065:0301/133413.683674:INFO:CONSOLE(0)] "DEBUG: -------------------------------", source:  (0)
[21065:21065:0301/133413.683896:INFO:CONSOLE(0)] "DEBUG: Ember  : 2.6.2", source:  (0)
[21065:21065:0301/133413.684071:INFO:CONSOLE(0)] "DEBUG: jQuery : 2.2.4", source:  (0)
[21065:21065:0301/133413.684242:INFO:CONSOLE(0)] "DEBUG: -------------------------------", source:  (0)
[21065:21065:0301/133413.722492:INFO:CONSOLE(0)] "DEBUG: For more advanced debugging, install the Ember Inspector from https://chrome.google.com/webstore/detail/ember-inspector/bmdblncegkenkacieihfhpjfppoconhi", source:  (0)
[21065:21065:0301/133424.884766:INFO:CONSOLE(0)] "DEBUG: -------------------------------", source:  (0)
[21065:21065:0301/133424.884975:INFO:CONSOLE(0)] "DEBUG: Ember  : 2.6.2", source:  (0)
[21065:21065:0301/133424.885149:INFO:CONSOLE(0)] "DEBUG: jQuery : 2.2.4", source:  (0)
[21065:21065:0301/133424.885557:INFO:CONSOLE(0)] "DEBUG: -------------------------------", source:  (0)
[21065:21065:0301/133424.923713:INFO:CONSOLE(0)] "DEBUG: For more advanced debugging, install the Ember Inspector from https://chrome.google.com/webstore/detail/ember-inspector/bmdblncegkenkacieihfhpjfppoconhi", source:  (0)
