[5404:5404:0301/213312.804313:WARNING:chrome_main_delegate.cc(618)] This is Chrome version 112.0.5572.0 (not a warning)
[5404:5419:0301/213312.980221:ERROR:bus.cc(399)] Failed to connect to the bus: Could not parse server address: Unknown address type (examples of valid types are "tcp" and on UNIX "unix")
[5404:5419:0301/213312.980252:ERROR:bus.cc(399)] Failed to connect to the bus: Could not parse server address: Unknown address type (examples of valid types are "tcp" and on UNIX "unix")
[5404:5404:0301/213313.021213:WARNING:account_consistency_mode_manager.cc(70)] Desktop Identity Consistency cannot be enabled as no OAuth client ID and client secret have been configured.
[5404:5419:0301/213313.029379:ERROR:bus.cc(399)] Failed to connect to the bus: Could not parse server address: Unknown address type (examples of valid types are "tcp" and on UNIX "unix")
[5404:5419:0301/213313.029415:ERROR:bus.cc(399)] Failed to connect to the bus: Could not parse server address: Unknown address type (examples of valid types are "tcp" and on UNIX "unix")
[5404:5404:0301/213313.229909:WARNING:bluez_dbus_manager.cc(247)] Floss manager not present, cannot set Floss enable/disable.
[5404:5492:0301/213313.252266:ERROR:object_proxy.cc(623)] Failed to call method: org.freedesktop.DBus.Properties.Get: object_path= /org/freedesktop/UPower: org.freedesktop.DBus.Error.ServiceUnknown: The name org.freedesktop.UPower was not provided by any .service files
[5404:5492:0301/213313.252288:WARNING:property.cc(144)] DaemonVersion: GetAndBlock: failed.
[5404:5492:0301/213313.252395:ERROR:object_proxy.cc(623)] Failed to call method: org.freedesktop.UPower.GetDisplayDevice: object_path= /org/freedesktop/UPower: org.freedesktop.DBus.Error.ServiceUnknown: The name org.freedesktop.UPower was not provided by any .service files
[5404:5492:0301/213313.252503:ERROR:object_proxy.cc(623)] Failed to call method: org.freedesktop.UPower.EnumerateDevices: object_path= /org/freedesktop/UPower: org.freedesktop.DBus.Error.ServiceUnknown: The name org.freedesktop.UPower was not provided by any .service files
[5404:5419:0301/213313.399919:ERROR:bus.cc(399)] Failed to connect to the bus: Could not parse server address: Unknown address type (examples of valid types are "tcp" and on UNIX "unix")
[5404:5419:0301/213313.408675:ERROR:bus.cc(399)] Failed to connect to the bus: Could not parse server address: Unknown address type (examples of valid types are "tcp" and on UNIX "unix")
[5404:5404:0301/213317.328027:INFO:optimization_guide_logger.cc(42)] ../../components/optimization_guide/content/browser/page_content_annotations_service.cc(309) PageContentAnnotationJob Result: BatchAnnotationResult{"Speedometer 2.1 Interactive Runner", type: ContentVisibility, output: nullopt}
[5404:5404:0301/213317.328105:INFO:optimization_guide_logger.cc(42)] ../../components/optimization_guide/content/browser/page_content_annotations_service.cc(309) PageContentAnnotationJob Result: BatchAnnotationResult{"Speedometer 2.1 Interactive Runner", type: PageEntities, output: nullopt}
[5404:5404:0301/213317.443848:INFO:optimization_guide_logger.cc(42)] ../../components/optimization_guide/core/hints_manager.cc(523) Hint cache initialized
[5404:5404:0301/213324.972819:INFO:CONSOLE(0)] "DEBUG: -------------------------------", source:  (0)
[5404:5404:0301/213324.973038:INFO:CONSOLE(0)] "DEBUG: Ember  : 2.6.2", source:  (0)
[5404:5404:0301/213324.973218:INFO:CONSOLE(0)] "DEBUG: jQuery : 2.2.4", source:  (0)
[5404:5404:0301/213324.973392:INFO:CONSOLE(0)] "DEBUG: -------------------------------", source:  (0)
[5404:5404:0301/213325.059731:INFO:CONSOLE(0)] "DEBUG: For more advanced debugging, install the Ember Inspector from https://chrome.google.com/webstore/detail/ember-inspector/bmdblncegkenkacieihfhpjfppoconhi", source:  (0)
[5404:5404:0301/213343.660097:INFO:CONSOLE(0)] "DEBUG: -------------------------------", source:  (0)
[5404:5404:0301/213343.660305:INFO:CONSOLE(0)] "DEBUG: Ember  : 2.6.2", source:  (0)
[5404:5404:0301/213343.660481:INFO:CONSOLE(0)] "DEBUG: jQuery : 2.2.4", source:  (0)
[5404:5404:0301/213343.660653:INFO:CONSOLE(0)] "DEBUG: -------------------------------", source:  (0)
[5404:5404:0301/213343.696430:INFO:CONSOLE(0)] "DEBUG: For more advanced debugging, install the Ember Inspector from https://chrome.google.com/webstore/detail/ember-inspector/bmdblncegkenkacieihfhpjfppoconhi", source:  (0)
[5404:5404:0301/213354.689456:INFO:CONSOLE(0)] "DEBUG: -------------------------------", source:  (0)
[5404:5404:0301/213354.689673:INFO:CONSOLE(0)] "DEBUG: Ember  : 2.6.2", source:  (0)
[5404:5404:0301/213354.689850:INFO:CONSOLE(0)] "DEBUG: jQuery : 2.2.4", source:  (0)
[5404:5404:0301/213354.690024:INFO:CONSOLE(0)] "DEBUG: -------------------------------", source:  (0)
[5404:5404:0301/213354.725919:INFO:CONSOLE(0)] "DEBUG: For more advanced debugging, install the Ember Inspector from https://chrome.google.com/webstore/detail/ember-inspector/bmdblncegkenkacieihfhpjfppoconhi", source:  (0)
[5404:5404:0301/213405.804404:INFO:CONSOLE(0)] "DEBUG: -------------------------------", source:  (0)
[5404:5404:0301/213405.804622:INFO:CONSOLE(0)] "DEBUG: Ember  : 2.6.2", source:  (0)
[5404:5404:0301/213405.804799:INFO:CONSOLE(0)] "DEBUG: jQuery : 2.2.4", source:  (0)
[5404:5404:0301/213405.804973:INFO:CONSOLE(0)] "DEBUG: -------------------------------", source:  (0)
[5404:5404:0301/213405.841410:INFO:CONSOLE(0)] "DEBUG: For more advanced debugging, install the Ember Inspector from https://chrome.google.com/webstore/detail/ember-inspector/bmdblncegkenkacieihfhpjfppoconhi", source:  (0)
[5404:5404:0301/213417.094597:INFO:CONSOLE(0)] "DEBUG: -------------------------------", source:  (0)
[5404:5404:0301/213417.094810:INFO:CONSOLE(0)] "DEBUG: Ember  : 2.6.2", source:  (0)
[5404:5404:0301/213417.094986:INFO:CONSOLE(0)] "DEBUG: jQuery : 2.2.4", source:  (0)
[5404:5404:0301/213417.095168:INFO:CONSOLE(0)] "DEBUG: -------------------------------", source:  (0)
[5404:5404:0301/213417.131475:INFO:CONSOLE(0)] "DEBUG: For more advanced debugging, install the Ember Inspector from https://chrome.google.com/webstore/detail/ember-inspector/bmdblncegkenkacieihfhpjfppoconhi", source:  (0)
[5404:5404:0301/213428.582653:INFO:CONSOLE(0)] "DEBUG: -------------------------------", source:  (0)
[5404:5404:0301/213428.582873:INFO:CONSOLE(0)] "DEBUG: Ember  : 2.6.2", source:  (0)
[5404:5404:0301/213428.583051:INFO:CONSOLE(0)] "DEBUG: jQuery : 2.2.4", source:  (0)
[5404:5404:0301/213428.583225:INFO:CONSOLE(0)] "DEBUG: -------------------------------", source:  (0)
[5404:5404:0301/213428.619932:INFO:CONSOLE(0)] "DEBUG: For more advanced debugging, install the Ember Inspector from https://chrome.google.com/webstore/detail/ember-inspector/bmdblncegkenkacieihfhpjfppoconhi", source:  (0)
[5404:5404:0301/213440.213108:INFO:CONSOLE(0)] "DEBUG: -------------------------------", source:  (0)
[5404:5404:0301/213440.213316:INFO:CONSOLE(0)] "DEBUG: Ember  : 2.6.2", source:  (0)
[5404:5404:0301/213440.213493:INFO:CONSOLE(0)] "DEBUG: jQuery : 2.2.4", source:  (0)
[5404:5404:0301/213440.213666:INFO:CONSOLE(0)] "DEBUG: -------------------------------", source:  (0)
[5404:5404:0301/213440.250197:INFO:CONSOLE(0)] "DEBUG: For more advanced debugging, install the Ember Inspector from https://chrome.google.com/webstore/detail/ember-inspector/bmdblncegkenkacieihfhpjfppoconhi", source:  (0)
[5404:5404:0301/213451.985534:INFO:CONSOLE(0)] "DEBUG: -------------------------------", source:  (0)
[5404:5404:0301/213451.985744:INFO:CONSOLE(0)] "DEBUG: Ember  : 2.6.2", source:  (0)
[5404:5404:0301/213451.985920:INFO:CONSOLE(0)] "DEBUG: jQuery : 2.2.4", source:  (0)
[5404:5404:0301/213451.986092:INFO:CONSOLE(0)] "DEBUG: -------------------------------", source:  (0)
[5404:5404:0301/213452.022642:INFO:CONSOLE(0)] "DEBUG: For more advanced debugging, install the Ember Inspector from https://chrome.google.com/webstore/detail/ember-inspector/bmdblncegkenkacieihfhpjfppoconhi", source:  (0)
[5404:5404:0301/213503.870921:INFO:CONSOLE(0)] "DEBUG: -------------------------------", source:  (0)
[5404:5404:0301/213503.871134:INFO:CONSOLE(0)] "DEBUG: Ember  : 2.6.2", source:  (0)
[5404:5404:0301/213503.871312:INFO:CONSOLE(0)] "DEBUG: jQuery : 2.2.4", source:  (0)
[5404:5404:0301/213503.871494:INFO:CONSOLE(0)] "DEBUG: -------------------------------", source:  (0)
[5404:5404:0301/213503.908354:INFO:CONSOLE(0)] "DEBUG: For more advanced debugging, install the Ember Inspector from https://chrome.google.com/webstore/detail/ember-inspector/bmdblncegkenkacieihfhpjfppoconhi", source:  (0)
[5404:5404:0301/213515.843574:INFO:CONSOLE(0)] "DEBUG: -------------------------------", source:  (0)
[5404:5404:0301/213515.843794:INFO:CONSOLE(0)] "DEBUG: Ember  : 2.6.2", source:  (0)
[5404:5404:0301/213515.843970:INFO:CONSOLE(0)] "DEBUG: jQuery : 2.2.4", source:  (0)
[5404:5404:0301/213515.844143:INFO:CONSOLE(0)] "DEBUG: -------------------------------", source:  (0)
[5404:5404:0301/213515.880762:INFO:CONSOLE(0)] "DEBUG: For more advanced debugging, install the Ember Inspector from https://chrome.google.com/webstore/detail/ember-inspector/bmdblncegkenkacieihfhpjfppoconhi", source:  (0)
