[10169:10169:0301/223833.278297:WARNING:chrome_main_delegate.cc(618)] This is Chrome version 112.0.5572.0 (not a warning)
[10169:10183:0301/223833.440277:ERROR:bus.cc(399)] Failed to connect to the bus: Could not parse server address: Unknown address type (examples of valid types are "tcp" and on UNIX "unix")
[10169:10183:0301/223833.440308:ERROR:bus.cc(399)] Failed to connect to the bus: Could not parse server address: Unknown address type (examples of valid types are "tcp" and on UNIX "unix")
[10169:10169:0301/223833.470848:WARNING:account_consistency_mode_manager.cc(70)] Desktop Identity Consistency cannot be enabled as no OAuth client ID and client secret have been configured.
[10169:10183:0301/223833.477894:ERROR:bus.cc(399)] Failed to connect to the bus: Could not parse server address: Unknown address type (examples of valid types are "tcp" and on UNIX "unix")
[10169:10183:0301/223833.477927:ERROR:bus.cc(399)] Failed to connect to the bus: Could not parse server address: Unknown address type (examples of valid types are "tcp" and on UNIX "unix")
[10169:10169:0301/223833.705942:WARNING:bluez_dbus_manager.cc(247)] Floss manager not present, cannot set Floss enable/disable.
[10169:10259:0301/223833.785284:ERROR:object_proxy.cc(623)] Failed to call method: org.freedesktop.DBus.Properties.Get: object_path= /org/freedesktop/UPower: org.freedesktop.DBus.Error.ServiceUnknown: The name org.freedesktop.UPower was not provided by any .service files
[10169:10259:0301/223833.793725:WARNING:property.cc(144)] DaemonVersion: GetAndBlock: failed.
[10169:10259:0301/223833.793970:ERROR:object_proxy.cc(623)] Failed to call method: org.freedesktop.UPower.GetDisplayDevice: object_path= /org/freedesktop/UPower: org.freedesktop.DBus.Error.ServiceUnknown: The name org.freedesktop.UPower was not provided by any .service files
[10169:10259:0301/223833.794074:ERROR:object_proxy.cc(623)] Failed to call method: org.freedesktop.UPower.EnumerateDevices: object_path= /org/freedesktop/UPower: org.freedesktop.DBus.Error.ServiceUnknown: The name org.freedesktop.UPower was not provided by any .service files
[10169:10183:0301/223834.054055:ERROR:bus.cc(399)] Failed to connect to the bus: Could not parse server address: Unknown address type (examples of valid types are "tcp" and on UNIX "unix")
[10169:10183:0301/223834.062726:ERROR:bus.cc(399)] Failed to connect to the bus: Could not parse server address: Unknown address type (examples of valid types are "tcp" and on UNIX "unix")
[10169:10196:0301/223834.659244:WARNING:render_message_filter.cc(144)] Could not find tid
[10169:10169:0301/223837.371478:INFO:optimization_guide_logger.cc(42)] ../../components/optimization_guide/core/hints_manager.cc(523) Hint cache initialized
[10169:10169:0301/223837.620394:INFO:optimization_guide_logger.cc(42)] ../../components/optimization_guide/content/browser/page_content_annotations_service.cc(309) PageContentAnnotationJob Result: BatchAnnotationResult{"Speedometer 2.1 Interactive Runner", type: ContentVisibility, output: nullopt}
[10169:10169:0301/223837.630686:INFO:optimization_guide_logger.cc(42)] ../../components/optimization_guide/content/browser/page_content_annotations_service.cc(309) PageContentAnnotationJob Result: BatchAnnotationResult{"Speedometer 2.1 Interactive Runner", type: PageEntities, output: nullopt}
[10169:10169:0301/223845.323982:INFO:CONSOLE(0)] "DEBUG: -------------------------------", source:  (0)
[10169:10169:0301/223845.324198:INFO:CONSOLE(0)] "DEBUG: Ember  : 2.6.2", source:  (0)
[10169:10169:0301/223845.324372:INFO:CONSOLE(0)] "DEBUG: jQuery : 2.2.4", source:  (0)
[10169:10169:0301/223845.324548:INFO:CONSOLE(0)] "DEBUG: -------------------------------", source:  (0)
[10169:10169:0301/223845.411319:INFO:CONSOLE(0)] "DEBUG: For more advanced debugging, install the Ember Inspector from https://chrome.google.com/webstore/detail/ember-inspector/bmdblncegkenkacieihfhpjfppoconhi", source:  (0)
[10169:10169:0301/223901.085248:INFO:CONSOLE(0)] "DEBUG: -------------------------------", source:  (0)
[10169:10169:0301/223901.085454:INFO:CONSOLE(0)] "DEBUG: Ember  : 2.6.2", source:  (0)
[10169:10169:0301/223901.085635:INFO:CONSOLE(0)] "DEBUG: jQuery : 2.2.4", source:  (0)
[10169:10169:0301/223901.085805:INFO:CONSOLE(0)] "DEBUG: -------------------------------", source:  (0)
[10169:10169:0301/223901.121885:INFO:CONSOLE(0)] "DEBUG: For more advanced debugging, install the Ember Inspector from https://chrome.google.com/webstore/detail/ember-inspector/bmdblncegkenkacieihfhpjfppoconhi", source:  (0)
[10169:10169:0301/223912.151702:INFO:CONSOLE(0)] "DEBUG: -------------------------------", source:  (0)
[10169:10169:0301/223912.151917:INFO:CONSOLE(0)] "DEBUG: Ember  : 2.6.2", source:  (0)
[10169:10169:0301/223912.152091:INFO:CONSOLE(0)] "DEBUG: jQuery : 2.2.4", source:  (0)
[10169:10169:0301/223912.152262:INFO:CONSOLE(0)] "DEBUG: -------------------------------", source:  (0)
[10169:10169:0301/223912.188218:INFO:CONSOLE(0)] "DEBUG: For more advanced debugging, install the Ember Inspector from https://chrome.google.com/webstore/detail/ember-inspector/bmdblncegkenkacieihfhpjfppoconhi", source:  (0)
[10169:10169:0301/223923.232284:INFO:CONSOLE(0)] "DEBUG: -------------------------------", source:  (0)
[10169:10169:0301/223923.232499:INFO:CONSOLE(0)] "DEBUG: Ember  : 2.6.2", source:  (0)
[10169:10169:0301/223923.232674:INFO:CONSOLE(0)] "DEBUG: jQuery : 2.2.4", source:  (0)
[10169:10169:0301/223923.232845:INFO:CONSOLE(0)] "DEBUG: -------------------------------", source:  (0)
[10169:10169:0301/223923.269124:INFO:CONSOLE(0)] "DEBUG: For more advanced debugging, install the Ember Inspector from https://chrome.google.com/webstore/detail/ember-inspector/bmdblncegkenkacieihfhpjfppoconhi", source:  (0)
[10169:10169:0301/223934.544414:INFO:CONSOLE(0)] "DEBUG: -------------------------------", source:  (0)
[10169:10169:0301/223934.544626:INFO:CONSOLE(0)] "DEBUG: Ember  : 2.6.2", source:  (0)
[10169:10169:0301/223934.544801:INFO:CONSOLE(0)] "DEBUG: jQuery : 2.2.4", source:  (0)
[10169:10169:0301/223934.544971:INFO:CONSOLE(0)] "DEBUG: -------------------------------", source:  (0)
[10169:10169:0301/223934.581132:INFO:CONSOLE(0)] "DEBUG: For more advanced debugging, install the Ember Inspector from https://chrome.google.com/webstore/detail/ember-inspector/bmdblncegkenkacieihfhpjfppoconhi", source:  (0)
[10169:10169:0301/223945.998719:INFO:CONSOLE(0)] "DEBUG: -------------------------------", source:  (0)
[10169:10169:0301/223945.998926:INFO:CONSOLE(0)] "DEBUG: Ember  : 2.6.2", source:  (0)
[10169:10169:0301/223945.999101:INFO:CONSOLE(0)] "DEBUG: jQuery : 2.2.4", source:  (0)
[10169:10169:0301/223945.999271:INFO:CONSOLE(0)] "DEBUG: -------------------------------", source:  (0)
[10169:10169:0301/223946.035608:INFO:CONSOLE(0)] "DEBUG: For more advanced debugging, install the Ember Inspector from https://chrome.google.com/webstore/detail/ember-inspector/bmdblncegkenkacieihfhpjfppoconhi", source:  (0)
[10169:10169:0301/223957.528353:INFO:CONSOLE(0)] "DEBUG: -------------------------------", source:  (0)
[10169:10169:0301/223957.528567:INFO:CONSOLE(0)] "DEBUG: Ember  : 2.6.2", source:  (0)
[10169:10169:0301/223957.528740:INFO:CONSOLE(0)] "DEBUG: jQuery : 2.2.4", source:  (0)
[10169:10169:0301/223957.528911:INFO:CONSOLE(0)] "DEBUG: -------------------------------", source:  (0)
[10169:10169:0301/223957.565350:INFO:CONSOLE(0)] "DEBUG: For more advanced debugging, install the Ember Inspector from https://chrome.google.com/webstore/detail/ember-inspector/bmdblncegkenkacieihfhpjfppoconhi", source:  (0)
[10169:10169:0301/224009.282652:INFO:CONSOLE(0)] "DEBUG: -------------------------------", source:  (0)
[10169:10169:0301/224009.282862:INFO:CONSOLE(0)] "DEBUG: Ember  : 2.6.2", source:  (0)
[10169:10169:0301/224009.283036:INFO:CONSOLE(0)] "DEBUG: jQuery : 2.2.4", source:  (0)
[10169:10169:0301/224009.283207:INFO:CONSOLE(0)] "DEBUG: -------------------------------", source:  (0)
[10169:10169:0301/224009.319463:INFO:CONSOLE(0)] "DEBUG: For more advanced debugging, install the Ember Inspector from https://chrome.google.com/webstore/detail/ember-inspector/bmdblncegkenkacieihfhpjfppoconhi", source:  (0)
[10169:10169:0301/224021.179979:INFO:CONSOLE(0)] "DEBUG: -------------------------------", source:  (0)
[10169:10169:0301/224021.180209:INFO:CONSOLE(0)] "DEBUG: Ember  : 2.6.2", source:  (0)
[10169:10169:0301/224021.180384:INFO:CONSOLE(0)] "DEBUG: jQuery : 2.2.4", source:  (0)
[10169:10169:0301/224021.180554:INFO:CONSOLE(0)] "DEBUG: -------------------------------", source:  (0)
[10169:10169:0301/224021.217676:INFO:CONSOLE(0)] "DEBUG: For more advanced debugging, install the Ember Inspector from https://chrome.google.com/webstore/detail/ember-inspector/bmdblncegkenkacieihfhpjfppoconhi", source:  (0)
[10169:10169:0301/224033.190373:INFO:CONSOLE(0)] "DEBUG: -------------------------------", source:  (0)
[10169:10169:0301/224033.190585:INFO:CONSOLE(0)] "DEBUG: Ember  : 2.6.2", source:  (0)
[10169:10169:0301/224033.190759:INFO:CONSOLE(0)] "DEBUG: jQuery : 2.2.4", source:  (0)
[10169:10169:0301/224033.191169:INFO:CONSOLE(0)] "DEBUG: -------------------------------", source:  (0)
[10169:10169:0301/224033.227881:INFO:CONSOLE(0)] "DEBUG: For more advanced debugging, install the Ember Inspector from https://chrome.google.com/webstore/detail/ember-inspector/bmdblncegkenkacieihfhpjfppoconhi", source:  (0)
