[24170:24170:0301/141232.186451:WARNING:chrome_main_delegate.cc(618)] This is Chrome version 112.0.5572.0 (not a warning)
[24170:24185:0301/141232.364938:ERROR:bus.cc(399)] Failed to connect to the bus: Could not parse server address: Unknown address type (examples of valid types are "tcp" and on UNIX "unix")
[24170:24185:0301/141232.364974:ERROR:bus.cc(399)] Failed to connect to the bus: Could not parse server address: Unknown address type (examples of valid types are "tcp" and on UNIX "unix")
[24170:24170:0301/141232.398269:WARNING:account_consistency_mode_manager.cc(70)] Desktop Identity Consistency cannot be enabled as no OAuth client ID and client secret have been configured.
[24170:24185:0301/141232.405500:ERROR:bus.cc(399)] Failed to connect to the bus: Could not parse server address: Unknown address type (examples of valid types are "tcp" and on UNIX "unix")
[24170:24185:0301/141232.405534:ERROR:bus.cc(399)] Failed to connect to the bus: Could not parse server address: Unknown address type (examples of valid types are "tcp" and on UNIX "unix")
[24170:24170:0301/141232.581511:WARNING:bluez_dbus_manager.cc(247)] Floss manager not present, cannot set Floss enable/disable.
[24170:24261:0301/141232.609515:ERROR:object_proxy.cc(623)] Failed to call method: org.freedesktop.DBus.Properties.Get: object_path= /org/freedesktop/UPower: org.freedesktop.DBus.Error.ServiceUnknown: The name org.freedesktop.UPower was not provided by any .service files
[24170:24261:0301/141232.615184:WARNING:property.cc(144)] DaemonVersion: GetAndBlock: failed.
[24170:24261:0301/141232.615740:ERROR:object_proxy.cc(623)] Failed to call method: org.freedesktop.UPower.GetDisplayDevice: object_path= /org/freedesktop/UPower: org.freedesktop.DBus.Error.ServiceUnknown: The name org.freedesktop.UPower was not provided by any .service files
[24170:24261:0301/141232.616789:ERROR:object_proxy.cc(623)] Failed to call method: org.freedesktop.UPower.EnumerateDevices: object_path= /org/freedesktop/UPower: org.freedesktop.DBus.Error.ServiceUnknown: The name org.freedesktop.UPower was not provided by any .service files
[24170:24185:0301/141232.842781:ERROR:bus.cc(399)] Failed to connect to the bus: Could not parse server address: Unknown address type (examples of valid types are "tcp" and on UNIX "unix")
[24170:24185:0301/141232.851026:ERROR:bus.cc(399)] Failed to connect to the bus: Could not parse server address: Unknown address type (examples of valid types are "tcp" and on UNIX "unix")
[24170:24170:0301/141236.166089:INFO:optimization_guide_logger.cc(42)] ../../components/optimization_guide/core/hints_manager.cc(523) Hint cache initialized
[24170:24170:0301/141236.504431:INFO:optimization_guide_logger.cc(42)] ../../components/optimization_guide/content/browser/page_content_annotations_service.cc(309) PageContentAnnotationJob Result: BatchAnnotationResult{"Speedometer 2.1 Interactive Runner", type: ContentVisibility, output: nullopt}
[24170:24170:0301/141236.504550:INFO:optimization_guide_logger.cc(42)] ../../components/optimization_guide/content/browser/page_content_annotations_service.cc(309) PageContentAnnotationJob Result: BatchAnnotationResult{"Speedometer 2.1 Interactive Runner", type: PageEntities, output: nullopt}
[24170:24170:0301/141244.096421:INFO:CONSOLE(0)] "DEBUG: -------------------------------", source:  (0)
[24170:24170:0301/141244.096627:INFO:CONSOLE(0)] "DEBUG: Ember  : 2.6.2", source:  (0)
[24170:24170:0301/141244.096799:INFO:CONSOLE(0)] "DEBUG: jQuery : 2.2.4", source:  (0)
[24170:24170:0301/141244.096968:INFO:CONSOLE(0)] "DEBUG: -------------------------------", source:  (0)
[24170:24170:0301/141244.183444:INFO:CONSOLE(0)] "DEBUG: For more advanced debugging, install the Ember Inspector from https://chrome.google.com/webstore/detail/ember-inspector/bmdblncegkenkacieihfhpjfppoconhi", source:  (0)
[24170:24170:0301/141259.924562:INFO:CONSOLE(0)] "DEBUG: -------------------------------", source:  (0)
[24170:24170:0301/141259.924766:INFO:CONSOLE(0)] "DEBUG: Ember  : 2.6.2", source:  (0)
[24170:24170:0301/141259.924938:INFO:CONSOLE(0)] "DEBUG: jQuery : 2.2.4", source:  (0)
[24170:24170:0301/141259.925115:INFO:CONSOLE(0)] "DEBUG: -------------------------------", source:  (0)
[24170:24170:0301/141259.964428:INFO:CONSOLE(0)] "DEBUG: For more advanced debugging, install the Ember Inspector from https://chrome.google.com/webstore/detail/ember-inspector/bmdblncegkenkacieihfhpjfppoconhi", source:  (0)
[24170:24170:0301/141311.001047:INFO:CONSOLE(0)] "DEBUG: -------------------------------", source:  (0)
[24170:24170:0301/141311.001259:INFO:CONSOLE(0)] "DEBUG: Ember  : 2.6.2", source:  (0)
[24170:24170:0301/141311.001431:INFO:CONSOLE(0)] "DEBUG: jQuery : 2.2.4", source:  (0)
[24170:24170:0301/141311.001600:INFO:CONSOLE(0)] "DEBUG: -------------------------------", source:  (0)
[24170:24170:0301/141311.050463:INFO:CONSOLE(0)] "DEBUG: For more advanced debugging, install the Ember Inspector from https://chrome.google.com/webstore/detail/ember-inspector/bmdblncegkenkacieihfhpjfppoconhi", source:  (0)
[24170:24170:0301/141322.101571:INFO:CONSOLE(0)] "DEBUG: -------------------------------", source:  (0)
[24170:24170:0301/141322.101780:INFO:CONSOLE(0)] "DEBUG: Ember  : 2.6.2", source:  (0)
[24170:24170:0301/141322.101951:INFO:CONSOLE(0)] "DEBUG: jQuery : 2.2.4", source:  (0)
[24170:24170:0301/141322.102126:INFO:CONSOLE(0)] "DEBUG: -------------------------------", source:  (0)
[24170:24170:0301/141322.140263:INFO:CONSOLE(0)] "DEBUG: For more advanced debugging, install the Ember Inspector from https://chrome.google.com/webstore/detail/ember-inspector/bmdblncegkenkacieihfhpjfppoconhi", source:  (0)
[24170:24170:0301/141333.640222:INFO:CONSOLE(0)] "DEBUG: -------------------------------", source:  (0)
[24170:24170:0301/141333.640430:INFO:CONSOLE(0)] "DEBUG: Ember  : 2.6.2", source:  (0)
[24170:24170:0301/141333.640603:INFO:CONSOLE(0)] "DEBUG: jQuery : 2.2.4", source:  (0)
[24170:24170:0301/141333.640773:INFO:CONSOLE(0)] "DEBUG: -------------------------------", source:  (0)
[24170:24170:0301/141333.678759:INFO:CONSOLE(0)] "DEBUG: For more advanced debugging, install the Ember Inspector from https://chrome.google.com/webstore/detail/ember-inspector/bmdblncegkenkacieihfhpjfppoconhi", source:  (0)
[24170:24170:0301/141344.995510:INFO:CONSOLE(0)] "DEBUG: -------------------------------", source:  (0)
[24170:24170:0301/141344.995717:INFO:CONSOLE(0)] "DEBUG: Ember  : 2.6.2", source:  (0)
[24170:24170:0301/141344.995890:INFO:CONSOLE(0)] "DEBUG: jQuery : 2.2.4", source:  (0)
[24170:24170:0301/141344.996060:INFO:CONSOLE(0)] "DEBUG: -------------------------------", source:  (0)
[24170:24170:0301/141345.033230:INFO:CONSOLE(0)] "DEBUG: For more advanced debugging, install the Ember Inspector from https://chrome.google.com/webstore/detail/ember-inspector/bmdblncegkenkacieihfhpjfppoconhi", source:  (0)
[24170:24170:0301/141356.694575:INFO:CONSOLE(0)] "DEBUG: -------------------------------", source:  (0)
[24170:24170:0301/141356.694782:INFO:CONSOLE(0)] "DEBUG: Ember  : 2.6.2", source:  (0)
[24170:24170:0301/141356.694962:INFO:CONSOLE(0)] "DEBUG: jQuery : 2.2.4", source:  (0)
[24170:24170:0301/141356.695133:INFO:CONSOLE(0)] "DEBUG: -------------------------------", source:  (0)
[24170:24170:0301/141356.732639:INFO:CONSOLE(0)] "DEBUG: For more advanced debugging, install the Ember Inspector from https://chrome.google.com/webstore/detail/ember-inspector/bmdblncegkenkacieihfhpjfppoconhi", source:  (0)
[24170:24170:0301/141408.060264:INFO:CONSOLE(0)] "DEBUG: -------------------------------", source:  (0)
[24170:24170:0301/141408.060472:INFO:CONSOLE(0)] "DEBUG: Ember  : 2.6.2", source:  (0)
[24170:24170:0301/141408.061062:INFO:CONSOLE(0)] "DEBUG: jQuery : 2.2.4", source:  (0)
[24170:24170:0301/141408.061235:INFO:CONSOLE(0)] "DEBUG: -------------------------------", source:  (0)
[24170:24170:0301/141408.104544:INFO:CONSOLE(0)] "DEBUG: For more advanced debugging, install the Ember Inspector from https://chrome.google.com/webstore/detail/ember-inspector/bmdblncegkenkacieihfhpjfppoconhi", source:  (0)
[24170:24170:0301/141419.572532:INFO:CONSOLE(0)] "DEBUG: -------------------------------", source:  (0)
[24170:24170:0301/141419.572761:INFO:CONSOLE(0)] "DEBUG: Ember  : 2.6.2", source:  (0)
[24170:24170:0301/141419.572934:INFO:CONSOLE(0)] "DEBUG: jQuery : 2.2.4", source:  (0)
[24170:24170:0301/141419.573111:INFO:CONSOLE(0)] "DEBUG: -------------------------------", source:  (0)
[24170:24170:0301/141419.611591:INFO:CONSOLE(0)] "DEBUG: For more advanced debugging, install the Ember Inspector from https://chrome.google.com/webstore/detail/ember-inspector/bmdblncegkenkacieihfhpjfppoconhi", source:  (0)
[24170:24170:0301/141431.519057:INFO:CONSOLE(0)] "DEBUG: -------------------------------", source:  (0)
[24170:24170:0301/141431.519268:INFO:CONSOLE(0)] "DEBUG: Ember  : 2.6.2", source:  (0)
[24170:24170:0301/141431.519448:INFO:CONSOLE(0)] "DEBUG: jQuery : 2.2.4", source:  (0)
[24170:24170:0301/141431.519617:INFO:CONSOLE(0)] "DEBUG: -------------------------------", source:  (0)
[24170:24170:0301/141431.559606:INFO:CONSOLE(0)] "DEBUG: For more advanced debugging, install the Ember Inspector from https://chrome.google.com/webstore/detail/ember-inspector/bmdblncegkenkacieihfhpjfppoconhi", source:  (0)
