[22793:22793:0301/135436.896978:WARNING:chrome_main_delegate.cc(618)] This is Chrome version 112.0.5572.0 (not a warning)
[22793:22809:0301/135437.057955:ERROR:bus.cc(399)] Failed to connect to the bus: Could not parse server address: Unknown address type (examples of valid types are "tcp" and on UNIX "unix")
[22793:22809:0301/135437.057988:ERROR:bus.cc(399)] Failed to connect to the bus: Could not parse server address: Unknown address type (examples of valid types are "tcp" and on UNIX "unix")
[22793:22793:0301/135437.097969:WARNING:account_consistency_mode_manager.cc(70)] Desktop Identity Consistency cannot be enabled as no OAuth client ID and client secret have been configured.
[22793:22809:0301/135437.105439:ERROR:bus.cc(399)] Failed to connect to the bus: Could not parse server address: Unknown address type (examples of valid types are "tcp" and on UNIX "unix")
[22793:22809:0301/135437.105475:ERROR:bus.cc(399)] Failed to connect to the bus: Could not parse server address: Unknown address type (examples of valid types are "tcp" and on UNIX "unix")
[22793:22793:0301/135437.260969:WARNING:bluez_dbus_manager.cc(247)] Floss manager not present, cannot set Floss enable/disable.
[22793:22885:0301/135437.313400:ERROR:object_proxy.cc(623)] Failed to call method: org.freedesktop.DBus.Properties.Get: object_path= /org/freedesktop/UPower: org.freedesktop.DBus.Error.ServiceUnknown: The name org.freedesktop.UPower was not provided by any .service files
[22793:22885:0301/135437.313418:WARNING:property.cc(144)] DaemonVersion: GetAndBlock: failed.
[22793:22885:0301/135437.313521:ERROR:object_proxy.cc(623)] Failed to call method: org.freedesktop.UPower.GetDisplayDevice: object_path= /org/freedesktop/UPower: org.freedesktop.DBus.Error.ServiceUnknown: The name org.freedesktop.UPower was not provided by any .service files
[22793:22885:0301/135437.313619:ERROR:object_proxy.cc(623)] Failed to call method: org.freedesktop.UPower.EnumerateDevices: object_path= /org/freedesktop/UPower: org.freedesktop.DBus.Error.ServiceUnknown: The name org.freedesktop.UPower was not provided by any .service files
[22793:22809:0301/135437.506642:ERROR:bus.cc(399)] Failed to connect to the bus: Could not parse server address: Unknown address type (examples of valid types are "tcp" and on UNIX "unix")
[22793:22809:0301/135437.514244:ERROR:bus.cc(399)] Failed to connect to the bus: Could not parse server address: Unknown address type (examples of valid types are "tcp" and on UNIX "unix")
[22793:22793:0301/135440.881144:INFO:optimization_guide_logger.cc(42)] ../../components/optimization_guide/core/hints_manager.cc(523) Hint cache initialized
[22793:22793:0301/135441.284349:INFO:optimization_guide_logger.cc(42)] ../../components/optimization_guide/content/browser/page_content_annotations_service.cc(309) PageContentAnnotationJob Result: BatchAnnotationResult{"Speedometer 2.1 Interactive Runner", type: ContentVisibility, output: nullopt}
[22793:22793:0301/135441.284435:INFO:optimization_guide_logger.cc(42)] ../../components/optimization_guide/content/browser/page_content_annotations_service.cc(309) PageContentAnnotationJob Result: BatchAnnotationResult{"Speedometer 2.1 Interactive Runner", type: PageEntities, output: nullopt}
[22793:22793:0301/135448.993454:INFO:CONSOLE(0)] "DEBUG: -------------------------------", source:  (0)
[22793:22793:0301/135448.993672:INFO:CONSOLE(0)] "DEBUG: Ember  : 2.6.2", source:  (0)
[22793:22793:0301/135448.993848:INFO:CONSOLE(0)] "DEBUG: jQuery : 2.2.4", source:  (0)
[22793:22793:0301/135448.994018:INFO:CONSOLE(0)] "DEBUG: -------------------------------", source:  (0)
[22793:22793:0301/135449.080786:INFO:CONSOLE(0)] "DEBUG: For more advanced debugging, install the Ember Inspector from https://chrome.google.com/webstore/detail/ember-inspector/bmdblncegkenkacieihfhpjfppoconhi", source:  (0)
[22793:22793:0301/135505.123719:INFO:CONSOLE(0)] "DEBUG: -------------------------------", source:  (0)
[22793:22793:0301/135505.123920:INFO:CONSOLE(0)] "DEBUG: Ember  : 2.6.2", source:  (0)
[22793:22793:0301/135505.124094:INFO:CONSOLE(0)] "DEBUG: jQuery : 2.2.4", source:  (0)
[22793:22793:0301/135505.124271:INFO:CONSOLE(0)] "DEBUG: -------------------------------", source:  (0)
[22793:22793:0301/135505.163794:INFO:CONSOLE(0)] "DEBUG: For more advanced debugging, install the Ember Inspector from https://chrome.google.com/webstore/detail/ember-inspector/bmdblncegkenkacieihfhpjfppoconhi", source:  (0)
[22793:22793:0301/135516.330595:INFO:CONSOLE(0)] "DEBUG: -------------------------------", source:  (0)
[22793:22793:0301/135516.330802:INFO:CONSOLE(0)] "DEBUG: Ember  : 2.6.2", source:  (0)
[22793:22793:0301/135516.330975:INFO:CONSOLE(0)] "DEBUG: jQuery : 2.2.4", source:  (0)
[22793:22793:0301/135516.331157:INFO:CONSOLE(0)] "DEBUG: -------------------------------", source:  (0)
[22793:22793:0301/135516.368959:INFO:CONSOLE(0)] "DEBUG: For more advanced debugging, install the Ember Inspector from https://chrome.google.com/webstore/detail/ember-inspector/bmdblncegkenkacieihfhpjfppoconhi", source:  (0)
[22793:22793:0301/135527.549461:INFO:CONSOLE(0)] "DEBUG: -------------------------------", source:  (0)
[22793:22793:0301/135527.549674:INFO:CONSOLE(0)] "DEBUG: Ember  : 2.6.2", source:  (0)
[22793:22793:0301/135527.549848:INFO:CONSOLE(0)] "DEBUG: jQuery : 2.2.4", source:  (0)
[22793:22793:0301/135527.550020:INFO:CONSOLE(0)] "DEBUG: -------------------------------", source:  (0)
[22793:22793:0301/135527.587233:INFO:CONSOLE(0)] "DEBUG: For more advanced debugging, install the Ember Inspector from https://chrome.google.com/webstore/detail/ember-inspector/bmdblncegkenkacieihfhpjfppoconhi", source:  (0)
[22793:22793:0301/135538.869999:INFO:CONSOLE(0)] "DEBUG: -------------------------------", source:  (0)
[22793:22793:0301/135538.870204:INFO:CONSOLE(0)] "DEBUG: Ember  : 2.6.2", source:  (0)
[22793:22793:0301/135538.870381:INFO:CONSOLE(0)] "DEBUG: jQuery : 2.2.4", source:  (0)
[22793:22793:0301/135538.870553:INFO:CONSOLE(0)] "DEBUG: -------------------------------", source:  (0)
[22793:22793:0301/135538.911286:INFO:CONSOLE(0)] "DEBUG: For more advanced debugging, install the Ember Inspector from https://chrome.google.com/webstore/detail/ember-inspector/bmdblncegkenkacieihfhpjfppoconhi", source:  (0)
[22793:22793:0301/135549.820303:INFO:CONSOLE(0)] "DEBUG: -------------------------------", source:  (0)
[22793:22793:0301/135549.820513:INFO:CONSOLE(0)] "DEBUG: Ember  : 2.6.2", source:  (0)
[22793:22793:0301/135549.820686:INFO:CONSOLE(0)] "DEBUG: jQuery : 2.2.4", source:  (0)
[22793:22793:0301/135549.820857:INFO:CONSOLE(0)] "DEBUG: -------------------------------", source:  (0)
[22793:22793:0301/135549.859323:INFO:CONSOLE(0)] "DEBUG: For more advanced debugging, install the Ember Inspector from https://chrome.google.com/webstore/detail/ember-inspector/bmdblncegkenkacieihfhpjfppoconhi", source:  (0)
[22793:22793:0301/135601.628936:INFO:CONSOLE(0)] "DEBUG: -------------------------------", source:  (0)
[22793:22793:0301/135601.629143:INFO:CONSOLE(0)] "DEBUG: Ember  : 2.6.2", source:  (0)
[22793:22793:0301/135601.629317:INFO:CONSOLE(0)] "DEBUG: jQuery : 2.2.4", source:  (0)
[22793:22793:0301/135601.629488:INFO:CONSOLE(0)] "DEBUG: -------------------------------", source:  (0)
[22793:22793:0301/135601.670141:INFO:CONSOLE(0)] "DEBUG: For more advanced debugging, install the Ember Inspector from https://chrome.google.com/webstore/detail/ember-inspector/bmdblncegkenkacieihfhpjfppoconhi", source:  (0)
[22793:22793:0301/135613.520341:INFO:CONSOLE(0)] "DEBUG: -------------------------------", source:  (0)
[22793:22793:0301/135613.520554:INFO:CONSOLE(0)] "DEBUG: Ember  : 2.6.2", source:  (0)
[22793:22793:0301/135613.520727:INFO:CONSOLE(0)] "DEBUG: jQuery : 2.2.4", source:  (0)
[22793:22793:0301/135613.520897:INFO:CONSOLE(0)] "DEBUG: -------------------------------", source:  (0)
[22793:22793:0301/135613.559295:INFO:CONSOLE(0)] "DEBUG: For more advanced debugging, install the Ember Inspector from https://chrome.google.com/webstore/detail/ember-inspector/bmdblncegkenkacieihfhpjfppoconhi", source:  (0)
[22793:22793:0301/135624.642011:INFO:CONSOLE(0)] "DEBUG: -------------------------------", source:  (0)
[22793:22793:0301/135624.642238:INFO:CONSOLE(0)] "DEBUG: Ember  : 2.6.2", source:  (0)
[22793:22793:0301/135624.642414:INFO:CONSOLE(0)] "DEBUG: jQuery : 2.2.4", source:  (0)
[22793:22793:0301/135624.642585:INFO:CONSOLE(0)] "DEBUG: -------------------------------", source:  (0)
[22793:22793:0301/135624.679945:INFO:CONSOLE(0)] "DEBUG: For more advanced debugging, install the Ember Inspector from https://chrome.google.com/webstore/detail/ember-inspector/bmdblncegkenkacieihfhpjfppoconhi", source:  (0)
[22793:22793:0301/135635.921892:INFO:CONSOLE(0)] "DEBUG: -------------------------------", source:  (0)
[22793:22793:0301/135635.922106:INFO:CONSOLE(0)] "DEBUG: Ember  : 2.6.2", source:  (0)
[22793:22793:0301/135635.922285:INFO:CONSOLE(0)] "DEBUG: jQuery : 2.2.4", source:  (0)
[22793:22793:0301/135635.922458:INFO:CONSOLE(0)] "DEBUG: -------------------------------", source:  (0)
[22793:22793:0301/135635.959914:INFO:CONSOLE(0)] "DEBUG: For more advanced debugging, install the Ember Inspector from https://chrome.google.com/webstore/detail/ember-inspector/bmdblncegkenkacieihfhpjfppoconhi", source:  (0)
