[1724:1724:0301/204142.242744:WARNING:chrome_main_delegate.cc(618)] This is Chrome version 112.0.5572.0 (not a warning)
[1724:1739:0301/204142.402818:ERROR:bus.cc(399)] Failed to connect to the bus: Could not parse server address: Unknown address type (examples of valid types are "tcp" and on UNIX "unix")
[1724:1739:0301/204142.402852:ERROR:bus.cc(399)] Failed to connect to the bus: Could not parse server address: Unknown address type (examples of valid types are "tcp" and on UNIX "unix")
[1724:1724:0301/204142.435594:WARNING:account_consistency_mode_manager.cc(70)] Desktop Identity Consistency cannot be enabled as no OAuth client ID and client secret have been configured.
[1724:1739:0301/204142.444065:ERROR:bus.cc(399)] Failed to connect to the bus: Could not parse server address: Unknown address type (examples of valid types are "tcp" and on UNIX "unix")
[1724:1739:0301/204142.444098:ERROR:bus.cc(399)] Failed to connect to the bus: Could not parse server address: Unknown address type (examples of valid types are "tcp" and on UNIX "unix")
[1724:1724:0301/204142.635827:WARNING:bluez_dbus_manager.cc(247)] Floss manager not present, cannot set Floss enable/disable.
[1724:1815:0301/204142.697498:ERROR:object_proxy.cc(623)] Failed to call method: org.freedesktop.DBus.Properties.Get: object_path= /org/freedesktop/UPower: org.freedesktop.DBus.Error.ServiceUnknown: The name org.freedesktop.UPower was not provided by any .service files
[1724:1815:0301/204142.697519:WARNING:property.cc(144)] DaemonVersion: GetAndBlock: failed.
[1724:1815:0301/204142.697653:ERROR:object_proxy.cc(623)] Failed to call method: org.freedesktop.UPower.GetDisplayDevice: object_path= /org/freedesktop/UPower: org.freedesktop.DBus.Error.ServiceUnknown: The name org.freedesktop.UPower was not provided by any .service files
[1724:1815:0301/204142.697984:ERROR:object_proxy.cc(623)] Failed to call method: org.freedesktop.UPower.EnumerateDevices: object_path= /org/freedesktop/UPower: org.freedesktop.DBus.Error.ServiceUnknown: The name org.freedesktop.UPower was not provided by any .service files
[1724:1739:0301/204142.905959:ERROR:bus.cc(399)] Failed to connect to the bus: Could not parse server address: Unknown address type (examples of valid types are "tcp" and on UNIX "unix")
[1724:1739:0301/204142.914654:ERROR:bus.cc(399)] Failed to connect to the bus: Could not parse server address: Unknown address type (examples of valid types are "tcp" and on UNIX "unix")
[1724:1724:0301/204146.449061:INFO:optimization_guide_logger.cc(42)] ../../components/optimization_guide/core/hints_manager.cc(523) Hint cache initialized
[1724:1724:0301/204146.721440:INFO:optimization_guide_logger.cc(42)] ../../components/optimization_guide/content/browser/page_content_annotations_service.cc(309) PageContentAnnotationJob Result: BatchAnnotationResult{"Speedometer 2.1 Interactive Runner", type: ContentVisibility, output: nullopt}
[1724:1724:0301/204146.721511:INFO:optimization_guide_logger.cc(42)] ../../components/optimization_guide/content/browser/page_content_annotations_service.cc(309) PageContentAnnotationJob Result: BatchAnnotationResult{"Speedometer 2.1 Interactive Runner", type: PageEntities, output: nullopt}
[1724:1724:0301/204154.455401:INFO:CONSOLE(0)] "DEBUG: -------------------------------", source:  (0)
[1724:1724:0301/204154.455621:INFO:CONSOLE(0)] "DEBUG: Ember  : 2.6.2", source:  (0)
[1724:1724:0301/204154.455797:INFO:CONSOLE(0)] "DEBUG: jQuery : 2.2.4", source:  (0)
[1724:1724:0301/204154.455969:INFO:CONSOLE(0)] "DEBUG: -------------------------------", source:  (0)
[1724:1724:0301/204154.542315:INFO:CONSOLE(0)] "DEBUG: For more advanced debugging, install the Ember Inspector from https://chrome.google.com/webstore/detail/ember-inspector/bmdblncegkenkacieihfhpjfppoconhi", source:  (0)
[1724:1724:0301/204212.161688:INFO:CONSOLE(0)] "DEBUG: -------------------------------", source:  (0)
[1724:1724:0301/204212.161891:INFO:CONSOLE(0)] "DEBUG: Ember  : 2.6.2", source:  (0)
[1724:1724:0301/204212.162064:INFO:CONSOLE(0)] "DEBUG: jQuery : 2.2.4", source:  (0)
[1724:1724:0301/204212.162239:INFO:CONSOLE(0)] "DEBUG: -------------------------------", source:  (0)
[1724:1724:0301/204212.198114:INFO:CONSOLE(0)] "DEBUG: For more advanced debugging, install the Ember Inspector from https://chrome.google.com/webstore/detail/ember-inspector/bmdblncegkenkacieihfhpjfppoconhi", source:  (0)
[1724:1724:0301/204223.100553:INFO:CONSOLE(0)] "DEBUG: -------------------------------", source:  (0)
[1724:1724:0301/204223.100761:INFO:CONSOLE(0)] "DEBUG: Ember  : 2.6.2", source:  (0)
[1724:1724:0301/204223.100936:INFO:CONSOLE(0)] "DEBUG: jQuery : 2.2.4", source:  (0)
[1724:1724:0301/204223.101108:INFO:CONSOLE(0)] "DEBUG: -------------------------------", source:  (0)
[1724:1724:0301/204223.137107:INFO:CONSOLE(0)] "DEBUG: For more advanced debugging, install the Ember Inspector from https://chrome.google.com/webstore/detail/ember-inspector/bmdblncegkenkacieihfhpjfppoconhi", source:  (0)
[1724:1724:0301/204234.109784:INFO:CONSOLE(0)] "DEBUG: -------------------------------", source:  (0)
[1724:1724:0301/204234.110008:INFO:CONSOLE(0)] "DEBUG: Ember  : 2.6.2", source:  (0)
[1724:1724:0301/204234.110186:INFO:CONSOLE(0)] "DEBUG: jQuery : 2.2.4", source:  (0)
[1724:1724:0301/204234.110366:INFO:CONSOLE(0)] "DEBUG: -------------------------------", source:  (0)
[1724:1724:0301/204234.146505:INFO:CONSOLE(0)] "DEBUG: For more advanced debugging, install the Ember Inspector from https://chrome.google.com/webstore/detail/ember-inspector/bmdblncegkenkacieihfhpjfppoconhi", source:  (0)
[1724:1724:0301/204245.314346:INFO:CONSOLE(0)] "DEBUG: -------------------------------", source:  (0)
[1724:1724:0301/204245.314552:INFO:CONSOLE(0)] "DEBUG: Ember  : 2.6.2", source:  (0)
[1724:1724:0301/204245.314727:INFO:CONSOLE(0)] "DEBUG: jQuery : 2.2.4", source:  (0)
[1724:1724:0301/204245.314907:INFO:CONSOLE(0)] "DEBUG: -------------------------------", source:  (0)
[1724:1724:0301/204245.351051:INFO:CONSOLE(0)] "DEBUG: For more advanced debugging, install the Ember Inspector from https://chrome.google.com/webstore/detail/ember-inspector/bmdblncegkenkacieihfhpjfppoconhi", source:  (0)
[1724:1724:0301/204256.603621:INFO:CONSOLE(0)] "DEBUG: -------------------------------", source:  (0)
[1724:1724:0301/204256.603832:INFO:CONSOLE(0)] "DEBUG: Ember  : 2.6.2", source:  (0)
[1724:1724:0301/204256.604014:INFO:CONSOLE(0)] "DEBUG: jQuery : 2.2.4", source:  (0)
[1724:1724:0301/204256.604188:INFO:CONSOLE(0)] "DEBUG: -------------------------------", source:  (0)
[1724:1724:0301/204256.640303:INFO:CONSOLE(0)] "DEBUG: For more advanced debugging, install the Ember Inspector from https://chrome.google.com/webstore/detail/ember-inspector/bmdblncegkenkacieihfhpjfppoconhi", source:  (0)
[1724:1724:0301/204308.020712:INFO:CONSOLE(0)] "DEBUG: -------------------------------", source:  (0)
[1724:1724:0301/204308.020918:INFO:CONSOLE(0)] "DEBUG: Ember  : 2.6.2", source:  (0)
[1724:1724:0301/204308.021093:INFO:CONSOLE(0)] "DEBUG: jQuery : 2.2.4", source:  (0)
[1724:1724:0301/204308.021265:INFO:CONSOLE(0)] "DEBUG: -------------------------------", source:  (0)
[1724:1724:0301/204308.057392:INFO:CONSOLE(0)] "DEBUG: For more advanced debugging, install the Ember Inspector from https://chrome.google.com/webstore/detail/ember-inspector/bmdblncegkenkacieihfhpjfppoconhi", source:  (0)
[1724:1724:0301/204319.630099:INFO:CONSOLE(0)] "DEBUG: -------------------------------", source:  (0)
[1724:1724:0301/204319.630310:INFO:CONSOLE(0)] "DEBUG: Ember  : 2.6.2", source:  (0)
[1724:1724:0301/204319.630486:INFO:CONSOLE(0)] "DEBUG: jQuery : 2.2.4", source:  (0)
[1724:1724:0301/204319.630659:INFO:CONSOLE(0)] "DEBUG: -------------------------------", source:  (0)
[1724:1724:0301/204319.666780:INFO:CONSOLE(0)] "DEBUG: For more advanced debugging, install the Ember Inspector from https://chrome.google.com/webstore/detail/ember-inspector/bmdblncegkenkacieihfhpjfppoconhi", source:  (0)
[1724:1724:0301/204331.530329:INFO:CONSOLE(0)] "DEBUG: -------------------------------", source:  (0)
[1724:1724:0301/204331.530538:INFO:CONSOLE(0)] "DEBUG: Ember  : 2.6.2", source:  (0)
[1724:1724:0301/204331.530713:INFO:CONSOLE(0)] "DEBUG: jQuery : 2.2.4", source:  (0)
[1724:1724:0301/204331.530906:INFO:CONSOLE(0)] "DEBUG: -------------------------------", source:  (0)
[1724:1724:0301/204331.567413:INFO:CONSOLE(0)] "DEBUG: For more advanced debugging, install the Ember Inspector from https://chrome.google.com/webstore/detail/ember-inspector/bmdblncegkenkacieihfhpjfppoconhi", source:  (0)
[1724:1724:0301/204343.521921:INFO:CONSOLE(0)] "DEBUG: -------------------------------", source:  (0)
[1724:1724:0301/204343.522132:INFO:CONSOLE(0)] "DEBUG: Ember  : 2.6.2", source:  (0)
[1724:1724:0301/204343.522316:INFO:CONSOLE(0)] "DEBUG: jQuery : 2.2.4", source:  (0)
[1724:1724:0301/204343.522491:INFO:CONSOLE(0)] "DEBUG: -------------------------------", source:  (0)
[1724:1724:0301/204343.559440:INFO:CONSOLE(0)] "DEBUG: For more advanced debugging, install the Ember Inspector from https://chrome.google.com/webstore/detail/ember-inspector/bmdblncegkenkacieihfhpjfppoconhi", source:  (0)
