[4908:4908:0301/212608.628146:WARNING:chrome_main_delegate.cc(618)] This is Chrome version 112.0.5572.0 (not a warning)
[4908:4922:0301/212608.803717:ERROR:bus.cc(399)] Failed to connect to the bus: Could not parse server address: Unknown address type (examples of valid types are "tcp" and on UNIX "unix")
[4908:4922:0301/212608.803747:ERROR:bus.cc(399)] Failed to connect to the bus: Could not parse server address: Unknown address type (examples of valid types are "tcp" and on UNIX "unix")
[4908:4908:0301/212608.835282:WARNING:account_consistency_mode_manager.cc(70)] Desktop Identity Consistency cannot be enabled as no OAuth client ID and client secret have been configured.
[4908:4922:0301/212608.843454:ERROR:bus.cc(399)] Failed to connect to the bus: Could not parse server address: Unknown address type (examples of valid types are "tcp" and on UNIX "unix")
[4908:4922:0301/212608.843489:ERROR:bus.cc(399)] Failed to connect to the bus: Could not parse server address: Unknown address type (examples of valid types are "tcp" and on UNIX "unix")
[4908:4908:0301/212609.019781:WARNING:bluez_dbus_manager.cc(247)] Floss manager not present, cannot set Floss enable/disable.
[4908:4998:0301/212609.081902:ERROR:object_proxy.cc(623)] Failed to call method: org.freedesktop.DBus.Properties.Get: object_path= /org/freedesktop/UPower: org.freedesktop.DBus.Error.ServiceUnknown: The name org.freedesktop.UPower was not provided by any .service files
[4908:4998:0301/212609.081923:WARNING:property.cc(144)] DaemonVersion: GetAndBlock: failed.
[4908:4998:0301/212609.082066:ERROR:object_proxy.cc(623)] Failed to call method: org.freedesktop.UPower.GetDisplayDevice: object_path= /org/freedesktop/UPower: org.freedesktop.DBus.Error.ServiceUnknown: The name org.freedesktop.UPower was not provided by any .service files
[4908:4998:0301/212609.082187:ERROR:object_proxy.cc(623)] Failed to call method: org.freedesktop.UPower.EnumerateDevices: object_path= /org/freedesktop/UPower: org.freedesktop.DBus.Error.ServiceUnknown: The name org.freedesktop.UPower was not provided by any .service files
[4908:4922:0301/212609.305251:ERROR:bus.cc(399)] Failed to connect to the bus: Could not parse server address: Unknown address type (examples of valid types are "tcp" and on UNIX "unix")
[4908:4922:0301/212609.322660:ERROR:bus.cc(399)] Failed to connect to the bus: Could not parse server address: Unknown address type (examples of valid types are "tcp" and on UNIX "unix")
[4908:4908:0301/212612.948388:INFO:optimization_guide_logger.cc(42)] ../../components/optimization_guide/content/browser/page_content_annotations_service.cc(309) PageContentAnnotationJob Result: BatchAnnotationResult{"Speedometer 2.1 Interactive Runner", type: ContentVisibility, output: nullopt}
[4908:4908:0301/212612.948458:INFO:optimization_guide_logger.cc(42)] ../../components/optimization_guide/content/browser/page_content_annotations_service.cc(309) PageContentAnnotationJob Result: BatchAnnotationResult{"Speedometer 2.1 Interactive Runner", type: PageEntities, output: nullopt}
[4908:4908:0301/212613.047994:INFO:optimization_guide_logger.cc(42)] ../../components/optimization_guide/core/hints_manager.cc(523) Hint cache initialized
[4908:4908:0301/212622.166277:INFO:CONSOLE(0)] "DEBUG: -------------------------------", source:  (0)
[4908:4908:0301/212622.166484:INFO:CONSOLE(0)] "DEBUG: Ember  : 2.6.2", source:  (0)
[4908:4908:0301/212622.166664:INFO:CONSOLE(0)] "DEBUG: jQuery : 2.2.4", source:  (0)
[4908:4908:0301/212622.166833:INFO:CONSOLE(0)] "DEBUG: -------------------------------", source:  (0)
[4908:4908:0301/212622.253570:INFO:CONSOLE(0)] "DEBUG: For more advanced debugging, install the Ember Inspector from https://chrome.google.com/webstore/detail/ember-inspector/bmdblncegkenkacieihfhpjfppoconhi", source:  (0)
[4908:4908:0301/212637.901629:INFO:CONSOLE(0)] "DEBUG: -------------------------------", source:  (0)
[4908:4908:0301/212637.901825:INFO:CONSOLE(0)] "DEBUG: Ember  : 2.6.2", source:  (0)
[4908:4908:0301/212637.901996:INFO:CONSOLE(0)] "DEBUG: jQuery : 2.2.4", source:  (0)
[4908:4908:0301/212637.902165:INFO:CONSOLE(0)] "DEBUG: -------------------------------", source:  (0)
[4908:4908:0301/212637.938926:INFO:CONSOLE(0)] "DEBUG: For more advanced debugging, install the Ember Inspector from https://chrome.google.com/webstore/detail/ember-inspector/bmdblncegkenkacieihfhpjfppoconhi", source:  (0)
[4908:4908:0301/212649.026677:INFO:CONSOLE(0)] "DEBUG: -------------------------------", source:  (0)
[4908:4908:0301/212649.031131:INFO:CONSOLE(0)] "DEBUG: Ember  : 2.6.2", source:  (0)
[4908:4908:0301/212649.031317:INFO:CONSOLE(0)] "DEBUG: jQuery : 2.2.4", source:  (0)
[4908:4908:0301/212649.031489:INFO:CONSOLE(0)] "DEBUG: -------------------------------", source:  (0)
[4908:4908:0301/212649.063967:INFO:CONSOLE(0)] "DEBUG: For more advanced debugging, install the Ember Inspector from https://chrome.google.com/webstore/detail/ember-inspector/bmdblncegkenkacieihfhpjfppoconhi", source:  (0)
[4908:4908:0301/212700.246640:INFO:CONSOLE(0)] "DEBUG: -------------------------------", source:  (0)
[4908:4908:0301/212700.246847:INFO:CONSOLE(0)] "DEBUG: Ember  : 2.6.2", source:  (0)
[4908:4908:0301/212700.247020:INFO:CONSOLE(0)] "DEBUG: jQuery : 2.2.4", source:  (0)
[4908:4908:0301/212700.247190:INFO:CONSOLE(0)] "DEBUG: -------------------------------", source:  (0)
[4908:4908:0301/212700.283769:INFO:CONSOLE(0)] "DEBUG: For more advanced debugging, install the Ember Inspector from https://chrome.google.com/webstore/detail/ember-inspector/bmdblncegkenkacieihfhpjfppoconhi", source:  (0)
[4908:4908:0301/212711.802041:INFO:CONSOLE(0)] "DEBUG: -------------------------------", source:  (0)
[4908:4908:0301/212711.817217:INFO:CONSOLE(0)] "DEBUG: Ember  : 2.6.2", source:  (0)
[4908:4908:0301/212711.817439:INFO:CONSOLE(0)] "DEBUG: jQuery : 2.2.4", source:  (0)
[4908:4908:0301/212711.817920:INFO:CONSOLE(0)] "DEBUG: -------------------------------", source:  (0)
[4908:4908:0301/212711.839353:INFO:CONSOLE(0)] "DEBUG: For more advanced debugging, install the Ember Inspector from https://chrome.google.com/webstore/detail/ember-inspector/bmdblncegkenkacieihfhpjfppoconhi", source:  (0)
[4908:4908:0301/212723.510444:INFO:CONSOLE(0)] "DEBUG: -------------------------------", source:  (0)
[4908:4908:0301/212723.510651:INFO:CONSOLE(0)] "DEBUG: Ember  : 2.6.2", source:  (0)
[4908:4908:0301/212723.510824:INFO:CONSOLE(0)] "DEBUG: jQuery : 2.2.4", source:  (0)
[4908:4908:0301/212723.511002:INFO:CONSOLE(0)] "DEBUG: -------------------------------", source:  (0)
[4908:4908:0301/212723.547974:INFO:CONSOLE(0)] "DEBUG: For more advanced debugging, install the Ember Inspector from https://chrome.google.com/webstore/detail/ember-inspector/bmdblncegkenkacieihfhpjfppoconhi", source:  (0)
[4908:4908:0301/212735.341290:INFO:CONSOLE(0)] "DEBUG: -------------------------------", source:  (0)
[4908:4908:0301/212735.341496:INFO:CONSOLE(0)] "DEBUG: Ember  : 2.6.2", source:  (0)
[4908:4908:0301/212735.341670:INFO:CONSOLE(0)] "DEBUG: jQuery : 2.2.4", source:  (0)
[4908:4908:0301/212735.341842:INFO:CONSOLE(0)] "DEBUG: -------------------------------", source:  (0)
[4908:4908:0301/212735.379062:INFO:CONSOLE(0)] "DEBUG: For more advanced debugging, install the Ember Inspector from https://chrome.google.com/webstore/detail/ember-inspector/bmdblncegkenkacieihfhpjfppoconhi", source:  (0)
[4908:4908:0301/212747.297954:INFO:CONSOLE(0)] "DEBUG: -------------------------------", source:  (0)
[4908:4908:0301/212747.298161:INFO:CONSOLE(0)] "DEBUG: Ember  : 2.6.2", source:  (0)
[4908:4908:0301/212747.298339:INFO:CONSOLE(0)] "DEBUG: jQuery : 2.2.4", source:  (0)
[4908:4908:0301/212747.298747:INFO:CONSOLE(0)] "DEBUG: -------------------------------", source:  (0)
[4908:4908:0301/212747.335493:INFO:CONSOLE(0)] "DEBUG: For more advanced debugging, install the Ember Inspector from https://chrome.google.com/webstore/detail/ember-inspector/bmdblncegkenkacieihfhpjfppoconhi", source:  (0)
[4908:4908:0301/212759.467888:INFO:CONSOLE(0)] "DEBUG: -------------------------------", source:  (0)
[4908:4908:0301/212759.468100:INFO:CONSOLE(0)] "DEBUG: Ember  : 2.6.2", source:  (0)
[4908:4908:0301/212759.468273:INFO:CONSOLE(0)] "DEBUG: jQuery : 2.2.4", source:  (0)
[4908:4908:0301/212759.468451:INFO:CONSOLE(0)] "DEBUG: -------------------------------", source:  (0)
[4908:4908:0301/212759.505932:INFO:CONSOLE(0)] "DEBUG: For more advanced debugging, install the Ember Inspector from https://chrome.google.com/webstore/detail/ember-inspector/bmdblncegkenkacieihfhpjfppoconhi", source:  (0)
[4908:4908:0301/212811.852131:INFO:CONSOLE(0)] "DEBUG: -------------------------------", source:  (0)
[4908:4908:0301/212811.852336:INFO:CONSOLE(0)] "DEBUG: Ember  : 2.6.2", source:  (0)
[4908:4908:0301/212811.852510:INFO:CONSOLE(0)] "DEBUG: jQuery : 2.2.4", source:  (0)
[4908:4908:0301/212811.852680:INFO:CONSOLE(0)] "DEBUG: -------------------------------", source:  (0)
[4908:4908:0301/212811.890565:INFO:CONSOLE(0)] "DEBUG: For more advanced debugging, install the Ember Inspector from https://chrome.google.com/webstore/detail/ember-inspector/bmdblncegkenkacieihfhpjfppoconhi", source:  (0)
