[6119:6119:0301/214235.720994:WARNING:chrome_main_delegate.cc(618)] This is Chrome version 112.0.5572.0 (not a warning)
[6119:6133:0301/214235.898324:ERROR:bus.cc(399)] Failed to connect to the bus: Could not parse server address: Unknown address type (examples of valid types are "tcp" and on UNIX "unix")
[6119:6133:0301/214235.898352:ERROR:bus.cc(399)] Failed to connect to the bus: Could not parse server address: Unknown address type (examples of valid types are "tcp" and on UNIX "unix")
[6119:6119:0301/214235.933125:WARNING:account_consistency_mode_manager.cc(70)] Desktop Identity Consistency cannot be enabled as no OAuth client ID and client secret have been configured.
[6119:6133:0301/214235.940103:ERROR:bus.cc(399)] Failed to connect to the bus: Could not parse server address: Unknown address type (examples of valid types are "tcp" and on UNIX "unix")
[6119:6133:0301/214235.940138:ERROR:bus.cc(399)] Failed to connect to the bus: Could not parse server address: Unknown address type (examples of valid types are "tcp" and on UNIX "unix")
[6119:6119:0301/214236.140324:WARNING:bluez_dbus_manager.cc(247)] Floss manager not present, cannot set Floss enable/disable.
[6119:6210:0301/214236.199276:ERROR:object_proxy.cc(623)] Failed to call method: org.freedesktop.DBus.Properties.Get: object_path= /org/freedesktop/UPower: org.freedesktop.DBus.Error.ServiceUnknown: The name org.freedesktop.UPower was not provided by any .service files
[6119:6210:0301/214236.199296:WARNING:property.cc(144)] DaemonVersion: GetAndBlock: failed.
[6119:6210:0301/214236.199406:ERROR:object_proxy.cc(623)] Failed to call method: org.freedesktop.UPower.GetDisplayDevice: object_path= /org/freedesktop/UPower: org.freedesktop.DBus.Error.ServiceUnknown: The name org.freedesktop.UPower was not provided by any .service files
[6119:6210:0301/214236.199514:ERROR:object_proxy.cc(623)] Failed to call method: org.freedesktop.UPower.EnumerateDevices: object_path= /org/freedesktop/UPower: org.freedesktop.DBus.Error.ServiceUnknown: The name org.freedesktop.UPower was not provided by any .service files
[6119:6133:0301/214236.442912:ERROR:bus.cc(399)] Failed to connect to the bus: Could not parse server address: Unknown address type (examples of valid types are "tcp" and on UNIX "unix")
[6119:6133:0301/214236.468214:ERROR:bus.cc(399)] Failed to connect to the bus: Could not parse server address: Unknown address type (examples of valid types are "tcp" and on UNIX "unix")
[6119:6147:0301/214237.173252:WARNING:render_message_filter.cc(144)] Could not find tid
[6119:6119:0301/214240.105624:INFO:optimization_guide_logger.cc(42)] ../../components/optimization_guide/content/browser/page_content_annotations_service.cc(309) PageContentAnnotationJob Result: BatchAnnotationResult{"Speedometer 2.1 Interactive Runner", type: ContentVisibility, output: nullopt}
[6119:6119:0301/214240.105706:INFO:optimization_guide_logger.cc(42)] ../../components/optimization_guide/content/browser/page_content_annotations_service.cc(309) PageContentAnnotationJob Result: BatchAnnotationResult{"Speedometer 2.1 Interactive Runner", type: PageEntities, output: nullopt}
[6119:6119:0301/214240.175756:INFO:optimization_guide_logger.cc(42)] ../../components/optimization_guide/core/hints_manager.cc(523) Hint cache initialized
[6119:6119:0301/214247.616959:INFO:CONSOLE(0)] "DEBUG: -------------------------------", source:  (0)
[6119:6119:0301/214247.617189:INFO:CONSOLE(0)] "DEBUG: Ember  : 2.6.2", source:  (0)
[6119:6119:0301/214247.617363:INFO:CONSOLE(0)] "DEBUG: jQuery : 2.2.4", source:  (0)
[6119:6119:0301/214247.617535:INFO:CONSOLE(0)] "DEBUG: -------------------------------", source:  (0)
[6119:6119:0301/214247.703656:INFO:CONSOLE(0)] "DEBUG: For more advanced debugging, install the Ember Inspector from https://chrome.google.com/webstore/detail/ember-inspector/bmdblncegkenkacieihfhpjfppoconhi", source:  (0)
[6119:6119:0301/214303.210312:INFO:CONSOLE(0)] "DEBUG: -------------------------------", source:  (0)
[6119:6119:0301/214303.210515:INFO:CONSOLE(0)] "DEBUG: Ember  : 2.6.2", source:  (0)
[6119:6119:0301/214303.210689:INFO:CONSOLE(0)] "DEBUG: jQuery : 2.2.4", source:  (0)
[6119:6119:0301/214303.210868:INFO:CONSOLE(0)] "DEBUG: -------------------------------", source:  (0)
[6119:6119:0301/214303.246731:INFO:CONSOLE(0)] "DEBUG: For more advanced debugging, install the Ember Inspector from https://chrome.google.com/webstore/detail/ember-inspector/bmdblncegkenkacieihfhpjfppoconhi", source:  (0)
[6119:6119:0301/214314.168840:INFO:CONSOLE(0)] "DEBUG: -------------------------------", source:  (0)
[6119:6119:0301/214314.169048:INFO:CONSOLE(0)] "DEBUG: Ember  : 2.6.2", source:  (0)
[6119:6119:0301/214314.169223:INFO:CONSOLE(0)] "DEBUG: jQuery : 2.2.4", source:  (0)
[6119:6119:0301/214314.169396:INFO:CONSOLE(0)] "DEBUG: -------------------------------", source:  (0)
[6119:6119:0301/214314.205360:INFO:CONSOLE(0)] "DEBUG: For more advanced debugging, install the Ember Inspector from https://chrome.google.com/webstore/detail/ember-inspector/bmdblncegkenkacieihfhpjfppoconhi", source:  (0)
[6119:6119:0301/214325.222104:INFO:CONSOLE(0)] "DEBUG: -------------------------------", source:  (0)
[6119:6119:0301/214325.222317:INFO:CONSOLE(0)] "DEBUG: Ember  : 2.6.2", source:  (0)
[6119:6119:0301/214325.222495:INFO:CONSOLE(0)] "DEBUG: jQuery : 2.2.4", source:  (0)
[6119:6119:0301/214325.222667:INFO:CONSOLE(0)] "DEBUG: -------------------------------", source:  (0)
[6119:6119:0301/214325.258861:INFO:CONSOLE(0)] "DEBUG: For more advanced debugging, install the Ember Inspector from https://chrome.google.com/webstore/detail/ember-inspector/bmdblncegkenkacieihfhpjfppoconhi", source:  (0)
[6119:6119:0301/214336.358008:INFO:CONSOLE(0)] "DEBUG: -------------------------------", source:  (0)
[6119:6119:0301/214336.358220:INFO:CONSOLE(0)] "DEBUG: Ember  : 2.6.2", source:  (0)
[6119:6119:0301/214336.358401:INFO:CONSOLE(0)] "DEBUG: jQuery : 2.2.4", source:  (0)
[6119:6119:0301/214336.358573:INFO:CONSOLE(0)] "DEBUG: -------------------------------", source:  (0)
[6119:6119:0301/214336.394572:INFO:CONSOLE(0)] "DEBUG: For more advanced debugging, install the Ember Inspector from https://chrome.google.com/webstore/detail/ember-inspector/bmdblncegkenkacieihfhpjfppoconhi", source:  (0)
[6119:6119:0301/214347.722811:INFO:CONSOLE(0)] "DEBUG: -------------------------------", source:  (0)
[6119:6119:0301/214347.723022:INFO:CONSOLE(0)] "DEBUG: Ember  : 2.6.2", source:  (0)
[6119:6119:0301/214347.723197:INFO:CONSOLE(0)] "DEBUG: jQuery : 2.2.4", source:  (0)
[6119:6119:0301/214347.723369:INFO:CONSOLE(0)] "DEBUG: -------------------------------", source:  (0)
[6119:6119:0301/214347.759619:INFO:CONSOLE(0)] "DEBUG: For more advanced debugging, install the Ember Inspector from https://chrome.google.com/webstore/detail/ember-inspector/bmdblncegkenkacieihfhpjfppoconhi", source:  (0)
[6119:6119:0301/214359.232751:INFO:CONSOLE(0)] "DEBUG: -------------------------------", source:  (0)
[6119:6119:0301/214359.232960:INFO:CONSOLE(0)] "DEBUG: Ember  : 2.6.2", source:  (0)
[6119:6119:0301/214359.233135:INFO:CONSOLE(0)] "DEBUG: jQuery : 2.2.4", source:  (0)
[6119:6119:0301/214359.233306:INFO:CONSOLE(0)] "DEBUG: -------------------------------", source:  (0)
[6119:6119:0301/214359.269966:INFO:CONSOLE(0)] "DEBUG: For more advanced debugging, install the Ember Inspector from https://chrome.google.com/webstore/detail/ember-inspector/bmdblncegkenkacieihfhpjfppoconhi", source:  (0)
[6119:6119:0301/214410.852269:INFO:CONSOLE(0)] "DEBUG: -------------------------------", source:  (0)
[6119:6119:0301/214410.852477:INFO:CONSOLE(0)] "DEBUG: Ember  : 2.6.2", source:  (0)
[6119:6119:0301/214410.852652:INFO:CONSOLE(0)] "DEBUG: jQuery : 2.2.4", source:  (0)
[6119:6119:0301/214410.852831:INFO:CONSOLE(0)] "DEBUG: -------------------------------", source:  (0)
[6119:6119:0301/214410.889375:INFO:CONSOLE(0)] "DEBUG: For more advanced debugging, install the Ember Inspector from https://chrome.google.com/webstore/detail/ember-inspector/bmdblncegkenkacieihfhpjfppoconhi", source:  (0)
[6119:6119:0301/214422.669454:INFO:CONSOLE(0)] "DEBUG: -------------------------------", source:  (0)
[6119:6119:0301/214422.669665:INFO:CONSOLE(0)] "DEBUG: Ember  : 2.6.2", source:  (0)
[6119:6119:0301/214422.669848:INFO:CONSOLE(0)] "DEBUG: jQuery : 2.2.4", source:  (0)
[6119:6119:0301/214422.670019:INFO:CONSOLE(0)] "DEBUG: -------------------------------", source:  (0)
[6119:6119:0301/214422.706764:INFO:CONSOLE(0)] "DEBUG: For more advanced debugging, install the Ember Inspector from https://chrome.google.com/webstore/detail/ember-inspector/bmdblncegkenkacieihfhpjfppoconhi", source:  (0)
[6119:6119:0301/214434.676853:INFO:CONSOLE(0)] "DEBUG: -------------------------------", source:  (0)
[6119:6119:0301/214434.677059:INFO:CONSOLE(0)] "DEBUG: Ember  : 2.6.2", source:  (0)
[6119:6119:0301/214434.677233:INFO:CONSOLE(0)] "DEBUG: jQuery : 2.2.4", source:  (0)
[6119:6119:0301/214434.677411:INFO:CONSOLE(0)] "DEBUG: -------------------------------", source:  (0)
[6119:6119:0301/214434.714374:INFO:CONSOLE(0)] "DEBUG: For more advanced debugging, install the Ember Inspector from https://chrome.google.com/webstore/detail/ember-inspector/bmdblncegkenkacieihfhpjfppoconhi", source:  (0)
