[23125:23125:0301/135901.532866:WARNING:chrome_main_delegate.cc(618)] This is Chrome version 112.0.5572.0 (not a warning)
[23125:23140:0301/135901.710552:ERROR:bus.cc(399)] Failed to connect to the bus: Could not parse server address: Unknown address type (examples of valid types are "tcp" and on UNIX "unix")
[23125:23140:0301/135901.710690:ERROR:bus.cc(399)] Failed to connect to the bus: Could not parse server address: Unknown address type (examples of valid types are "tcp" and on UNIX "unix")
[23125:23125:0301/135901.745849:WARNING:account_consistency_mode_manager.cc(70)] Desktop Identity Consistency cannot be enabled as no OAuth client ID and client secret have been configured.
[23125:23140:0301/135901.752665:ERROR:bus.cc(399)] Failed to connect to the bus: Could not parse server address: Unknown address type (examples of valid types are "tcp" and on UNIX "unix")
[23125:23140:0301/135901.752699:ERROR:bus.cc(399)] Failed to connect to the bus: Could not parse server address: Unknown address type (examples of valid types are "tcp" and on UNIX "unix")
[23125:23125:0301/135901.955027:WARNING:bluez_dbus_manager.cc(247)] Floss manager not present, cannot set Floss enable/disable.
[23125:23217:0301/135902.019333:ERROR:object_proxy.cc(623)] Failed to call method: org.freedesktop.DBus.Properties.Get: object_path= /org/freedesktop/UPower: org.freedesktop.DBus.Error.ServiceUnknown: The name org.freedesktop.UPower was not provided by any .service files
[23125:23217:0301/135902.019355:WARNING:property.cc(144)] DaemonVersion: GetAndBlock: failed.
[23125:23217:0301/135902.020240:ERROR:object_proxy.cc(623)] Failed to call method: org.freedesktop.UPower.GetDisplayDevice: object_path= /org/freedesktop/UPower: org.freedesktop.DBus.Error.ServiceUnknown: The name org.freedesktop.UPower was not provided by any .service files
[23125:23217:0301/135902.020450:ERROR:object_proxy.cc(623)] Failed to call method: org.freedesktop.UPower.EnumerateDevices: object_path= /org/freedesktop/UPower: org.freedesktop.DBus.Error.ServiceUnknown: The name org.freedesktop.UPower was not provided by any .service files
[23125:23140:0301/135902.170531:ERROR:bus.cc(399)] Failed to connect to the bus: Could not parse server address: Unknown address type (examples of valid types are "tcp" and on UNIX "unix")
[23125:23140:0301/135902.178918:ERROR:bus.cc(399)] Failed to connect to the bus: Could not parse server address: Unknown address type (examples of valid types are "tcp" and on UNIX "unix")
[23125:23125:0301/135905.387697:INFO:optimization_guide_logger.cc(42)] ../../components/optimization_guide/core/hints_manager.cc(523) Hint cache initialized
[23125:23125:0301/135905.742475:INFO:optimization_guide_logger.cc(42)] ../../components/optimization_guide/content/browser/page_content_annotations_service.cc(309) PageContentAnnotationJob Result: BatchAnnotationResult{"Speedometer 2.1 Interactive Runner", type: ContentVisibility, output: nullopt}
[23125:23125:0301/135905.747199:INFO:optimization_guide_logger.cc(42)] ../../components/optimization_guide/content/browser/page_content_annotations_service.cc(309) PageContentAnnotationJob Result: BatchAnnotationResult{"Speedometer 2.1 Interactive Runner", type: PageEntities, output: nullopt}
[23125:23125:0301/135915.724727:INFO:CONSOLE(0)] "DEBUG: -------------------------------", source:  (0)
[23125:23125:0301/135915.724939:INFO:CONSOLE(0)] "DEBUG: Ember  : 2.6.2", source:  (0)
[23125:23125:0301/135915.725126:INFO:CONSOLE(0)] "DEBUG: jQuery : 2.2.4", source:  (0)
[23125:23125:0301/135915.725297:INFO:CONSOLE(0)] "DEBUG: -------------------------------", source:  (0)
[23125:23125:0301/135915.811859:INFO:CONSOLE(0)] "DEBUG: For more advanced debugging, install the Ember Inspector from https://chrome.google.com/webstore/detail/ember-inspector/bmdblncegkenkacieihfhpjfppoconhi", source:  (0)
[23125:23125:0301/135931.528639:INFO:CONSOLE(0)] "DEBUG: -------------------------------", source:  (0)
[23125:23125:0301/135931.528837:INFO:CONSOLE(0)] "DEBUG: Ember  : 2.6.2", source:  (0)
[23125:23125:0301/135931.529010:INFO:CONSOLE(0)] "DEBUG: jQuery : 2.2.4", source:  (0)
[23125:23125:0301/135931.529187:INFO:CONSOLE(0)] "DEBUG: -------------------------------", source:  (0)
[23125:23125:0301/135931.568497:INFO:CONSOLE(0)] "DEBUG: For more advanced debugging, install the Ember Inspector from https://chrome.google.com/webstore/detail/ember-inspector/bmdblncegkenkacieihfhpjfppoconhi", source:  (0)
[23125:23125:0301/135942.860405:INFO:CONSOLE(0)] "DEBUG: -------------------------------", source:  (0)
[23125:23125:0301/135942.860620:INFO:CONSOLE(0)] "DEBUG: Ember  : 2.6.2", source:  (0)
[23125:23125:0301/135942.860795:INFO:CONSOLE(0)] "DEBUG: jQuery : 2.2.4", source:  (0)
[23125:23125:0301/135942.860966:INFO:CONSOLE(0)] "DEBUG: -------------------------------", source:  (0)
[23125:23125:0301/135942.898806:INFO:CONSOLE(0)] "DEBUG: For more advanced debugging, install the Ember Inspector from https://chrome.google.com/webstore/detail/ember-inspector/bmdblncegkenkacieihfhpjfppoconhi", source:  (0)
[23125:23125:0301/135953.842026:INFO:CONSOLE(0)] "DEBUG: -------------------------------", source:  (0)
[23125:23125:0301/135953.842237:INFO:CONSOLE(0)] "DEBUG: Ember  : 2.6.2", source:  (0)
[23125:23125:0301/135953.842427:INFO:CONSOLE(0)] "DEBUG: jQuery : 2.2.4", source:  (0)
[23125:23125:0301/135953.842605:INFO:CONSOLE(0)] "DEBUG: -------------------------------", source:  (0)
[23125:23125:0301/135953.879445:INFO:CONSOLE(0)] "DEBUG: For more advanced debugging, install the Ember Inspector from https://chrome.google.com/webstore/detail/ember-inspector/bmdblncegkenkacieihfhpjfppoconhi", source:  (0)
[23125:23125:0301/140004.794410:INFO:CONSOLE(0)] "DEBUG: -------------------------------", source:  (0)
[23125:23125:0301/140004.794619:INFO:CONSOLE(0)] "DEBUG: Ember  : 2.6.2", source:  (0)
[23125:23125:0301/140004.794793:INFO:CONSOLE(0)] "DEBUG: jQuery : 2.2.4", source:  (0)
[23125:23125:0301/140004.794984:INFO:CONSOLE(0)] "DEBUG: -------------------------------", source:  (0)
[23125:23125:0301/140004.832053:INFO:CONSOLE(0)] "DEBUG: For more advanced debugging, install the Ember Inspector from https://chrome.google.com/webstore/detail/ember-inspector/bmdblncegkenkacieihfhpjfppoconhi", source:  (0)
[23125:23125:0301/140016.227479:INFO:CONSOLE(0)] "DEBUG: -------------------------------", source:  (0)
[23125:23125:0301/140016.227690:INFO:CONSOLE(0)] "DEBUG: Ember  : 2.6.2", source:  (0)
[23125:23125:0301/140016.227863:INFO:CONSOLE(0)] "DEBUG: jQuery : 2.2.4", source:  (0)
[23125:23125:0301/140016.228033:INFO:CONSOLE(0)] "DEBUG: -------------------------------", source:  (0)
[23125:23125:0301/140016.266045:INFO:CONSOLE(0)] "DEBUG: For more advanced debugging, install the Ember Inspector from https://chrome.google.com/webstore/detail/ember-inspector/bmdblncegkenkacieihfhpjfppoconhi", source:  (0)
[23125:23125:0301/140027.821915:INFO:CONSOLE(0)] "DEBUG: -------------------------------", source:  (0)
[23125:23125:0301/140027.822131:INFO:CONSOLE(0)] "DEBUG: Ember  : 2.6.2", source:  (0)
[23125:23125:0301/140027.822308:INFO:CONSOLE(0)] "DEBUG: jQuery : 2.2.4", source:  (0)
[23125:23125:0301/140027.822487:INFO:CONSOLE(0)] "DEBUG: -------------------------------", source:  (0)
[23125:23125:0301/140027.860360:INFO:CONSOLE(0)] "DEBUG: For more advanced debugging, install the Ember Inspector from https://chrome.google.com/webstore/detail/ember-inspector/bmdblncegkenkacieihfhpjfppoconhi", source:  (0)
[23125:23125:0301/140039.509771:INFO:CONSOLE(0)] "DEBUG: -------------------------------", source:  (0)
[23125:23125:0301/140039.509980:INFO:CONSOLE(0)] "DEBUG: Ember  : 2.6.2", source:  (0)
[23125:23125:0301/140039.510154:INFO:CONSOLE(0)] "DEBUG: jQuery : 2.2.4", source:  (0)
[23125:23125:0301/140039.510332:INFO:CONSOLE(0)] "DEBUG: -------------------------------", source:  (0)
[23125:23125:0301/140039.547843:INFO:CONSOLE(0)] "DEBUG: For more advanced debugging, install the Ember Inspector from https://chrome.google.com/webstore/detail/ember-inspector/bmdblncegkenkacieihfhpjfppoconhi", source:  (0)
[23125:23125:0301/140051.017839:INFO:CONSOLE(0)] "DEBUG: -------------------------------", source:  (0)
[23125:23125:0301/140051.018058:INFO:CONSOLE(0)] "DEBUG: Ember  : 2.6.2", source:  (0)
[23125:23125:0301/140051.018235:INFO:CONSOLE(0)] "DEBUG: jQuery : 2.2.4", source:  (0)
[23125:23125:0301/140051.018407:INFO:CONSOLE(0)] "DEBUG: -------------------------------", source:  (0)
[23125:23125:0301/140051.056506:INFO:CONSOLE(0)] "DEBUG: For more advanced debugging, install the Ember Inspector from https://chrome.google.com/webstore/detail/ember-inspector/bmdblncegkenkacieihfhpjfppoconhi", source:  (0)
[23125:23125:0301/140102.522532:INFO:CONSOLE(0)] "DEBUG: -------------------------------", source:  (0)
[23125:23125:0301/140102.522739:INFO:CONSOLE(0)] "DEBUG: Ember  : 2.6.2", source:  (0)
[23125:23125:0301/140102.522913:INFO:CONSOLE(0)] "DEBUG: jQuery : 2.2.4", source:  (0)
[23125:23125:0301/140102.523083:INFO:CONSOLE(0)] "DEBUG: -------------------------------", source:  (0)
[23125:23125:0301/140102.560555:INFO:CONSOLE(0)] "DEBUG: For more advanced debugging, install the Ember Inspector from https://chrome.google.com/webstore/detail/ember-inspector/bmdblncegkenkacieihfhpjfppoconhi", source:  (0)
