[16004:16004:0301/122539.536428:WARNING:chrome_main_delegate.cc(618)] This is Chrome version 112.0.5572.0 (not a warning)
[16004:16019:0301/122539.716284:ERROR:bus.cc(399)] Failed to connect to the bus: Could not parse server address: Unknown address type (examples of valid types are "tcp" and on UNIX "unix")
[16004:16019:0301/122539.716384:ERROR:bus.cc(399)] Failed to connect to the bus: Could not parse server address: Unknown address type (examples of valid types are "tcp" and on UNIX "unix")
[16004:16004:0301/122539.761765:WARNING:account_consistency_mode_manager.cc(70)] Desktop Identity Consistency cannot be enabled as no OAuth client ID and client secret have been configured.
[16004:16019:0301/122539.768781:ERROR:bus.cc(399)] Failed to connect to the bus: Could not parse server address: Unknown address type (examples of valid types are "tcp" and on UNIX "unix")
[16004:16019:0301/122539.768814:ERROR:bus.cc(399)] Failed to connect to the bus: Could not parse server address: Unknown address type (examples of valid types are "tcp" and on UNIX "unix")
[16004:16004:0301/122540.014557:WARNING:bluez_dbus_manager.cc(247)] Floss manager not present, cannot set Floss enable/disable.
[16004:16090:0301/122540.037492:ERROR:object_proxy.cc(623)] Failed to call method: org.freedesktop.DBus.Properties.Get: object_path= /org/freedesktop/UPower: org.freedesktop.DBus.Error.ServiceUnknown: The name org.freedesktop.UPower was not provided by any .service files
[16004:16090:0301/122540.058581:WARNING:property.cc(144)] DaemonVersion: GetAndBlock: failed.
[16004:16090:0301/122540.059513:ERROR:object_proxy.cc(623)] Failed to call method: org.freedesktop.UPower.GetDisplayDevice: object_path= /org/freedesktop/UPower: org.freedesktop.DBus.Error.ServiceUnknown: The name org.freedesktop.UPower was not provided by any .service files
[16004:16090:0301/122540.059647:ERROR:object_proxy.cc(623)] Failed to call method: org.freedesktop.UPower.EnumerateDevices: object_path= /org/freedesktop/UPower: org.freedesktop.DBus.Error.ServiceUnknown: The name org.freedesktop.UPower was not provided by any .service files
[16004:16019:0301/122540.209792:ERROR:bus.cc(399)] Failed to connect to the bus: Could not parse server address: Unknown address type (examples of valid types are "tcp" and on UNIX "unix")
[16004:16019:0301/122540.218206:ERROR:bus.cc(399)] Failed to connect to the bus: Could not parse server address: Unknown address type (examples of valid types are "tcp" and on UNIX "unix")
[16004:16004:0301/122543.525576:INFO:optimization_guide_logger.cc(42)] ../../components/optimization_guide/core/hints_manager.cc(523) Hint cache initialized
[16004:16004:0301/122543.895888:INFO:optimization_guide_logger.cc(42)] ../../components/optimization_guide/content/browser/page_content_annotations_service.cc(309) PageContentAnnotationJob Result: BatchAnnotationResult{"Speedometer 2.1 Interactive Runner", type: ContentVisibility, output: nullopt}
[16004:16004:0301/122543.895960:INFO:optimization_guide_logger.cc(42)] ../../components/optimization_guide/content/browser/page_content_annotations_service.cc(309) PageContentAnnotationJob Result: BatchAnnotationResult{"Speedometer 2.1 Interactive Runner", type: PageEntities, output: nullopt}
[16004:16004:0301/122551.562774:INFO:CONSOLE(0)] "DEBUG: -------------------------------", source:  (0)
[16004:16004:0301/122551.562991:INFO:CONSOLE(0)] "DEBUG: Ember  : 2.6.2", source:  (0)
[16004:16004:0301/122551.563165:INFO:CONSOLE(0)] "DEBUG: jQuery : 2.2.4", source:  (0)
[16004:16004:0301/122551.563334:INFO:CONSOLE(0)] "DEBUG: -------------------------------", source:  (0)
[16004:16004:0301/122551.650176:INFO:CONSOLE(0)] "DEBUG: For more advanced debugging, install the Ember Inspector from https://chrome.google.com/webstore/detail/ember-inspector/bmdblncegkenkacieihfhpjfppoconhi", source:  (0)
[16004:16004:0301/122607.542478:INFO:CONSOLE(0)] "DEBUG: -------------------------------", source:  (0)
[16004:16004:0301/122607.542686:INFO:CONSOLE(0)] "DEBUG: Ember  : 2.6.2", source:  (0)
[16004:16004:0301/122607.542870:INFO:CONSOLE(0)] "DEBUG: jQuery : 2.2.4", source:  (0)
[16004:16004:0301/122607.543047:INFO:CONSOLE(0)] "DEBUG: -------------------------------", source:  (0)
[16004:16004:0301/122607.581754:INFO:CONSOLE(0)] "DEBUG: For more advanced debugging, install the Ember Inspector from https://chrome.google.com/webstore/detail/ember-inspector/bmdblncegkenkacieihfhpjfppoconhi", source:  (0)
[16004:16004:0301/122618.843731:INFO:CONSOLE(0)] "DEBUG: -------------------------------", source:  (0)
[16004:16004:0301/122618.843942:INFO:CONSOLE(0)] "DEBUG: Ember  : 2.6.2", source:  (0)
[16004:16004:0301/122618.844116:INFO:CONSOLE(0)] "DEBUG: jQuery : 2.2.4", source:  (0)
[16004:16004:0301/122618.844287:INFO:CONSOLE(0)] "DEBUG: -------------------------------", source:  (0)
[16004:16004:0301/122618.882269:INFO:CONSOLE(0)] "DEBUG: For more advanced debugging, install the Ember Inspector from https://chrome.google.com/webstore/detail/ember-inspector/bmdblncegkenkacieihfhpjfppoconhi", source:  (0)
[16004:16004:0301/122629.996319:INFO:CONSOLE(0)] "DEBUG: -------------------------------", source:  (0)
[16004:16004:0301/122629.996540:INFO:CONSOLE(0)] "DEBUG: Ember  : 2.6.2", source:  (0)
[16004:16004:0301/122629.996712:INFO:CONSOLE(0)] "DEBUG: jQuery : 2.2.4", source:  (0)
[16004:16004:0301/122629.996888:INFO:CONSOLE(0)] "DEBUG: -------------------------------", source:  (0)
[16004:16004:0301/122630.033703:INFO:CONSOLE(0)] "DEBUG: For more advanced debugging, install the Ember Inspector from https://chrome.google.com/webstore/detail/ember-inspector/bmdblncegkenkacieihfhpjfppoconhi", source:  (0)
[16004:16004:0301/122641.334020:INFO:CONSOLE(0)] "DEBUG: -------------------------------", source:  (0)
[16004:16004:0301/122641.334242:INFO:CONSOLE(0)] "DEBUG: Ember  : 2.6.2", source:  (0)
[16004:16004:0301/122641.334417:INFO:CONSOLE(0)] "DEBUG: jQuery : 2.2.4", source:  (0)
[16004:16004:0301/122641.334585:INFO:CONSOLE(0)] "DEBUG: -------------------------------", source:  (0)
[16004:16004:0301/122641.373178:INFO:CONSOLE(0)] "DEBUG: For more advanced debugging, install the Ember Inspector from https://chrome.google.com/webstore/detail/ember-inspector/bmdblncegkenkacieihfhpjfppoconhi", source:  (0)
[16004:16004:0301/122652.925785:INFO:CONSOLE(0)] "DEBUG: -------------------------------", source:  (0)
[16004:16004:0301/122652.925993:INFO:CONSOLE(0)] "DEBUG: Ember  : 2.6.2", source:  (0)
[16004:16004:0301/122652.926165:INFO:CONSOLE(0)] "DEBUG: jQuery : 2.2.4", source:  (0)
[16004:16004:0301/122652.926338:INFO:CONSOLE(0)] "DEBUG: -------------------------------", source:  (0)
[16004:16004:0301/122652.965222:INFO:CONSOLE(0)] "DEBUG: For more advanced debugging, install the Ember Inspector from https://chrome.google.com/webstore/detail/ember-inspector/bmdblncegkenkacieihfhpjfppoconhi", source:  (0)
[16004:16004:0301/122704.280784:INFO:CONSOLE(0)] "DEBUG: -------------------------------", source:  (0)
[16004:16004:0301/122704.280988:INFO:CONSOLE(0)] "DEBUG: Ember  : 2.6.2", source:  (0)
[16004:16004:0301/122704.281161:INFO:CONSOLE(0)] "DEBUG: jQuery : 2.2.4", source:  (0)
[16004:16004:0301/122704.281338:INFO:CONSOLE(0)] "DEBUG: -------------------------------", source:  (0)
[16004:16004:0301/122704.320894:INFO:CONSOLE(0)] "DEBUG: For more advanced debugging, install the Ember Inspector from https://chrome.google.com/webstore/detail/ember-inspector/bmdblncegkenkacieihfhpjfppoconhi", source:  (0)
[16004:16004:0301/122715.744814:INFO:CONSOLE(0)] "DEBUG: -------------------------------", source:  (0)
[16004:16004:0301/122715.745022:INFO:CONSOLE(0)] "DEBUG: Ember  : 2.6.2", source:  (0)
[16004:16004:0301/122715.745195:INFO:CONSOLE(0)] "DEBUG: jQuery : 2.2.4", source:  (0)
[16004:16004:0301/122715.745366:INFO:CONSOLE(0)] "DEBUG: -------------------------------", source:  (0)
[16004:16004:0301/122715.783472:INFO:CONSOLE(0)] "DEBUG: For more advanced debugging, install the Ember Inspector from https://chrome.google.com/webstore/detail/ember-inspector/bmdblncegkenkacieihfhpjfppoconhi", source:  (0)
[16004:16004:0301/122727.617107:INFO:CONSOLE(0)] "DEBUG: -------------------------------", source:  (0)
[16004:16004:0301/122727.617319:INFO:CONSOLE(0)] "DEBUG: Ember  : 2.6.2", source:  (0)
[16004:16004:0301/122727.617499:INFO:CONSOLE(0)] "DEBUG: jQuery : 2.2.4", source:  (0)
[16004:16004:0301/122727.617675:INFO:CONSOLE(0)] "DEBUG: -------------------------------", source:  (0)
[16004:16004:0301/122727.655298:INFO:CONSOLE(0)] "DEBUG: For more advanced debugging, install the Ember Inspector from https://chrome.google.com/webstore/detail/ember-inspector/bmdblncegkenkacieihfhpjfppoconhi", source:  (0)
[16004:16004:0301/122738.974575:INFO:CONSOLE(0)] "DEBUG: -------------------------------", source:  (0)
[16004:16004:0301/122738.974784:INFO:CONSOLE(0)] "DEBUG: Ember  : 2.6.2", source:  (0)
[16004:16004:0301/122738.974957:INFO:CONSOLE(0)] "DEBUG: jQuery : 2.2.4", source:  (0)
[16004:16004:0301/122738.975127:INFO:CONSOLE(0)] "DEBUG: -------------------------------", source:  (0)
[16004:16004:0301/122739.013682:INFO:CONSOLE(0)] "DEBUG: For more advanced debugging, install the Ember Inspector from https://chrome.google.com/webstore/detail/ember-inspector/bmdblncegkenkacieihfhpjfppoconhi", source:  (0)
