[7780:7780:0301/220602.507413:WARNING:chrome_main_delegate.cc(618)] This is Chrome version 112.0.5572.0 (not a warning)
[7780:7795:0301/220602.665005:ERROR:bus.cc(399)] Failed to connect to the bus: Could not parse server address: Unknown address type (examples of valid types are "tcp" and on UNIX "unix")
[7780:7795:0301/220602.665040:ERROR:bus.cc(399)] Failed to connect to the bus: Could not parse server address: Unknown address type (examples of valid types are "tcp" and on UNIX "unix")
[7780:7780:0301/220602.702279:WARNING:account_consistency_mode_manager.cc(70)] Desktop Identity Consistency cannot be enabled as no OAuth client ID and client secret have been configured.
[7780:7795:0301/220602.710446:ERROR:bus.cc(399)] Failed to connect to the bus: Could not parse server address: Unknown address type (examples of valid types are "tcp" and on UNIX "unix")
[7780:7795:0301/220602.710478:ERROR:bus.cc(399)] Failed to connect to the bus: Could not parse server address: Unknown address type (examples of valid types are "tcp" and on UNIX "unix")
[7780:7780:0301/220602.904241:WARNING:bluez_dbus_manager.cc(247)] Floss manager not present, cannot set Floss enable/disable.
[7780:7873:0301/220602.973703:ERROR:object_proxy.cc(623)] Failed to call method: org.freedesktop.DBus.Properties.Get: object_path= /org/freedesktop/UPower: org.freedesktop.DBus.Error.ServiceUnknown: The name org.freedesktop.UPower was not provided by any .service files
[7780:7873:0301/220602.973725:WARNING:property.cc(144)] DaemonVersion: GetAndBlock: failed.
[7780:7873:0301/220602.974122:ERROR:object_proxy.cc(623)] Failed to call method: org.freedesktop.UPower.GetDisplayDevice: object_path= /org/freedesktop/UPower: org.freedesktop.DBus.Error.ServiceUnknown: The name org.freedesktop.UPower was not provided by any .service files
[7780:7873:0301/220602.974431:ERROR:object_proxy.cc(623)] Failed to call method: org.freedesktop.UPower.EnumerateDevices: object_path= /org/freedesktop/UPower: org.freedesktop.DBus.Error.ServiceUnknown: The name org.freedesktop.UPower was not provided by any .service files
[7780:7795:0301/220603.176164:ERROR:bus.cc(399)] Failed to connect to the bus: Could not parse server address: Unknown address type (examples of valid types are "tcp" and on UNIX "unix")
[7780:7795:0301/220603.218389:ERROR:bus.cc(399)] Failed to connect to the bus: Could not parse server address: Unknown address type (examples of valid types are "tcp" and on UNIX "unix")
[7780:7780:0301/220606.635604:INFO:optimization_guide_logger.cc(42)] ../../components/optimization_guide/core/hints_manager.cc(523) Hint cache initialized
[7780:7780:0301/220606.906861:INFO:optimization_guide_logger.cc(42)] ../../components/optimization_guide/content/browser/page_content_annotations_service.cc(309) PageContentAnnotationJob Result: BatchAnnotationResult{"Speedometer 2.1 Interactive Runner", type: ContentVisibility, output: nullopt}
[7780:7780:0301/220606.906934:INFO:optimization_guide_logger.cc(42)] ../../components/optimization_guide/content/browser/page_content_annotations_service.cc(309) PageContentAnnotationJob Result: BatchAnnotationResult{"Speedometer 2.1 Interactive Runner", type: PageEntities, output: nullopt}
[7780:7780:0301/220614.661582:INFO:CONSOLE(0)] "DEBUG: -------------------------------", source:  (0)
[7780:7780:0301/220614.661790:INFO:CONSOLE(0)] "DEBUG: Ember  : 2.6.2", source:  (0)
[7780:7780:0301/220614.661966:INFO:CONSOLE(0)] "DEBUG: jQuery : 2.2.4", source:  (0)
[7780:7780:0301/220614.662138:INFO:CONSOLE(0)] "DEBUG: -------------------------------", source:  (0)
[7780:7780:0301/220614.748720:INFO:CONSOLE(0)] "DEBUG: For more advanced debugging, install the Ember Inspector from https://chrome.google.com/webstore/detail/ember-inspector/bmdblncegkenkacieihfhpjfppoconhi", source:  (0)
[7780:7780:0301/220630.395841:INFO:CONSOLE(0)] "DEBUG: -------------------------------", source:  (0)
[7780:7780:0301/220630.396043:INFO:CONSOLE(0)] "DEBUG: Ember  : 2.6.2", source:  (0)
[7780:7780:0301/220630.396217:INFO:CONSOLE(0)] "DEBUG: jQuery : 2.2.4", source:  (0)
[7780:7780:0301/220630.396389:INFO:CONSOLE(0)] "DEBUG: -------------------------------", source:  (0)
[7780:7780:0301/220630.432176:INFO:CONSOLE(0)] "DEBUG: For more advanced debugging, install the Ember Inspector from https://chrome.google.com/webstore/detail/ember-inspector/bmdblncegkenkacieihfhpjfppoconhi", source:  (0)
[7780:7780:0301/220641.282526:INFO:CONSOLE(0)] "DEBUG: -------------------------------", source:  (0)
[7780:7780:0301/220641.282734:INFO:CONSOLE(0)] "DEBUG: Ember  : 2.6.2", source:  (0)
[7780:7780:0301/220641.282909:INFO:CONSOLE(0)] "DEBUG: jQuery : 2.2.4", source:  (0)
[7780:7780:0301/220641.283081:INFO:CONSOLE(0)] "DEBUG: -------------------------------", source:  (0)
[7780:7780:0301/220641.319406:INFO:CONSOLE(0)] "DEBUG: For more advanced debugging, install the Ember Inspector from https://chrome.google.com/webstore/detail/ember-inspector/bmdblncegkenkacieihfhpjfppoconhi", source:  (0)
[7780:7780:0301/220652.304884:INFO:CONSOLE(0)] "DEBUG: -------------------------------", source:  (0)
[7780:7780:0301/220652.305096:INFO:CONSOLE(0)] "DEBUG: Ember  : 2.6.2", source:  (0)
[7780:7780:0301/220652.305272:INFO:CONSOLE(0)] "DEBUG: jQuery : 2.2.4", source:  (0)
[7780:7780:0301/220652.305445:INFO:CONSOLE(0)] "DEBUG: -------------------------------", source:  (0)
[7780:7780:0301/220652.341663:INFO:CONSOLE(0)] "DEBUG: For more advanced debugging, install the Ember Inspector from https://chrome.google.com/webstore/detail/ember-inspector/bmdblncegkenkacieihfhpjfppoconhi", source:  (0)
[7780:7780:0301/220703.580652:INFO:CONSOLE(0)] "DEBUG: -------------------------------", source:  (0)
[7780:7780:0301/220703.580861:INFO:CONSOLE(0)] "DEBUG: Ember  : 2.6.2", source:  (0)
[7780:7780:0301/220703.581044:INFO:CONSOLE(0)] "DEBUG: jQuery : 2.2.4", source:  (0)
[7780:7780:0301/220703.581217:INFO:CONSOLE(0)] "DEBUG: -------------------------------", source:  (0)
[7780:7780:0301/220703.617523:INFO:CONSOLE(0)] "DEBUG: For more advanced debugging, install the Ember Inspector from https://chrome.google.com/webstore/detail/ember-inspector/bmdblncegkenkacieihfhpjfppoconhi", source:  (0)
[7780:7780:0301/220714.882838:INFO:CONSOLE(0)] "DEBUG: -------------------------------", source:  (0)
[7780:7780:0301/220714.883053:INFO:CONSOLE(0)] "DEBUG: Ember  : 2.6.2", source:  (0)
[7780:7780:0301/220714.883230:INFO:CONSOLE(0)] "DEBUG: jQuery : 2.2.4", source:  (0)
[7780:7780:0301/220714.883402:INFO:CONSOLE(0)] "DEBUG: -------------------------------", source:  (0)
[7780:7780:0301/220714.920240:INFO:CONSOLE(0)] "DEBUG: For more advanced debugging, install the Ember Inspector from https://chrome.google.com/webstore/detail/ember-inspector/bmdblncegkenkacieihfhpjfppoconhi", source:  (0)
[7780:7780:0301/220726.303269:INFO:CONSOLE(0)] "DEBUG: -------------------------------", source:  (0)
[7780:7780:0301/220726.303480:INFO:CONSOLE(0)] "DEBUG: Ember  : 2.6.2", source:  (0)
[7780:7780:0301/220726.303656:INFO:CONSOLE(0)] "DEBUG: jQuery : 2.2.4", source:  (0)
[7780:7780:0301/220726.303950:INFO:CONSOLE(0)] "DEBUG: -------------------------------", source:  (0)
[7780:7780:0301/220726.340397:INFO:CONSOLE(0)] "DEBUG: For more advanced debugging, install the Ember Inspector from https://chrome.google.com/webstore/detail/ember-inspector/bmdblncegkenkacieihfhpjfppoconhi", source:  (0)
[7780:7780:0301/220737.906420:INFO:CONSOLE(0)] "DEBUG: -------------------------------", source:  (0)
[7780:7780:0301/220737.906628:INFO:CONSOLE(0)] "DEBUG: Ember  : 2.6.2", source:  (0)
[7780:7780:0301/220737.906803:INFO:CONSOLE(0)] "DEBUG: jQuery : 2.2.4", source:  (0)
[7780:7780:0301/220737.906975:INFO:CONSOLE(0)] "DEBUG: -------------------------------", source:  (0)
[7780:7780:0301/220737.943557:INFO:CONSOLE(0)] "DEBUG: For more advanced debugging, install the Ember Inspector from https://chrome.google.com/webstore/detail/ember-inspector/bmdblncegkenkacieihfhpjfppoconhi", source:  (0)
[7780:7780:0301/220749.783298:INFO:CONSOLE(0)] "DEBUG: -------------------------------", source:  (0)
[7780:7780:0301/220749.783505:INFO:CONSOLE(0)] "DEBUG: Ember  : 2.6.2", source:  (0)
[7780:7780:0301/220749.783680:INFO:CONSOLE(0)] "DEBUG: jQuery : 2.2.4", source:  (0)
[7780:7780:0301/220749.783862:INFO:CONSOLE(0)] "DEBUG: -------------------------------", source:  (0)
[7780:7780:0301/220749.820516:INFO:CONSOLE(0)] "DEBUG: For more advanced debugging, install the Ember Inspector from https://chrome.google.com/webstore/detail/ember-inspector/bmdblncegkenkacieihfhpjfppoconhi", source:  (0)
[7780:7780:0301/220801.638536:INFO:CONSOLE(0)] "DEBUG: -------------------------------", source:  (0)
[7780:7780:0301/220801.638748:INFO:CONSOLE(0)] "DEBUG: Ember  : 2.6.2", source:  (0)
[7780:7780:0301/220801.638932:INFO:CONSOLE(0)] "DEBUG: jQuery : 2.2.4", source:  (0)
[7780:7780:0301/220801.639105:INFO:CONSOLE(0)] "DEBUG: -------------------------------", source:  (0)
[7780:7780:0301/220801.675934:INFO:CONSOLE(0)] "DEBUG: For more advanced debugging, install the Ember Inspector from https://chrome.google.com/webstore/detail/ember-inspector/bmdblncegkenkacieihfhpjfppoconhi", source:  (0)
