[8176:8176:0301/221036.948553:WARNING:chrome_main_delegate.cc(618)] This is Chrome version 112.0.5572.0 (not a warning)
[8176:8190:0301/221037.107693:ERROR:bus.cc(399)] Failed to connect to the bus: Could not parse server address: Unknown address type (examples of valid types are "tcp" and on UNIX "unix")
[8176:8190:0301/221037.107924:ERROR:bus.cc(399)] Failed to connect to the bus: Could not parse server address: Unknown address type (examples of valid types are "tcp" and on UNIX "unix")
[8176:8176:0301/221037.145461:WARNING:account_consistency_mode_manager.cc(70)] Desktop Identity Consistency cannot be enabled as no OAuth client ID and client secret have been configured.
[8176:8190:0301/221037.152264:ERROR:bus.cc(399)] Failed to connect to the bus: Could not parse server address: Unknown address type (examples of valid types are "tcp" and on UNIX "unix")
[8176:8190:0301/221037.152297:ERROR:bus.cc(399)] Failed to connect to the bus: Could not parse server address: Unknown address type (examples of valid types are "tcp" and on UNIX "unix")
[8176:8176:0301/221037.345356:WARNING:bluez_dbus_manager.cc(247)] Floss manager not present, cannot set Floss enable/disable.
[8176:8267:0301/221037.399550:ERROR:object_proxy.cc(623)] Failed to call method: org.freedesktop.DBus.Properties.Get: object_path= /org/freedesktop/UPower: org.freedesktop.DBus.Error.ServiceUnknown: The name org.freedesktop.UPower was not provided by any .service files
[8176:8267:0301/221037.399574:WARNING:property.cc(144)] DaemonVersion: GetAndBlock: failed.
[8176:8267:0301/221037.399688:ERROR:object_proxy.cc(623)] Failed to call method: org.freedesktop.UPower.GetDisplayDevice: object_path= /org/freedesktop/UPower: org.freedesktop.DBus.Error.ServiceUnknown: The name org.freedesktop.UPower was not provided by any .service files
[8176:8267:0301/221037.399783:ERROR:object_proxy.cc(623)] Failed to call method: org.freedesktop.UPower.EnumerateDevices: object_path= /org/freedesktop/UPower: org.freedesktop.DBus.Error.ServiceUnknown: The name org.freedesktop.UPower was not provided by any .service files
[8176:8190:0301/221037.566757:ERROR:bus.cc(399)] Failed to connect to the bus: Could not parse server address: Unknown address type (examples of valid types are "tcp" and on UNIX "unix")
[8176:8190:0301/221037.566795:ERROR:bus.cc(399)] Failed to connect to the bus: Could not parse server address: Unknown address type (examples of valid types are "tcp" and on UNIX "unix")
[8176:8176:0301/221041.018292:INFO:optimization_guide_logger.cc(42)] ../../components/optimization_guide/core/hints_manager.cc(523) Hint cache initialized
[8176:8176:0301/221041.304996:INFO:optimization_guide_logger.cc(42)] ../../components/optimization_guide/content/browser/page_content_annotations_service.cc(309) PageContentAnnotationJob Result: BatchAnnotationResult{"Speedometer 2.1 Interactive Runner", type: ContentVisibility, output: nullopt}
[8176:8176:0301/221041.305060:INFO:optimization_guide_logger.cc(42)] ../../components/optimization_guide/content/browser/page_content_annotations_service.cc(309) PageContentAnnotationJob Result: BatchAnnotationResult{"Speedometer 2.1 Interactive Runner", type: PageEntities, output: nullopt}
[8176:8176:0301/221049.923329:INFO:CONSOLE(0)] "DEBUG: -------------------------------", source:  (0)
[8176:8176:0301/221049.923533:INFO:CONSOLE(0)] "DEBUG: Ember  : 2.6.2", source:  (0)
[8176:8176:0301/221049.923716:INFO:CONSOLE(0)] "DEBUG: jQuery : 2.2.4", source:  (0)
[8176:8176:0301/221049.923893:INFO:CONSOLE(0)] "DEBUG: -------------------------------", source:  (0)
[8176:8176:0301/221050.010892:INFO:CONSOLE(0)] "DEBUG: For more advanced debugging, install the Ember Inspector from https://chrome.google.com/webstore/detail/ember-inspector/bmdblncegkenkacieihfhpjfppoconhi", source:  (0)
[8176:8176:0301/221106.830677:INFO:CONSOLE(0)] "DEBUG: -------------------------------", source:  (0)
[8176:8176:0301/221106.830882:INFO:CONSOLE(0)] "DEBUG: Ember  : 2.6.2", source:  (0)
[8176:8176:0301/221106.831056:INFO:CONSOLE(0)] "DEBUG: jQuery : 2.2.4", source:  (0)
[8176:8176:0301/221106.831228:INFO:CONSOLE(0)] "DEBUG: -------------------------------", source:  (0)
[8176:8176:0301/221106.867106:INFO:CONSOLE(0)] "DEBUG: For more advanced debugging, install the Ember Inspector from https://chrome.google.com/webstore/detail/ember-inspector/bmdblncegkenkacieihfhpjfppoconhi", source:  (0)
[8176:8176:0301/221117.755248:INFO:CONSOLE(0)] "DEBUG: -------------------------------", source:  (0)
[8176:8176:0301/221117.755460:INFO:CONSOLE(0)] "DEBUG: Ember  : 2.6.2", source:  (0)
[8176:8176:0301/221117.755635:INFO:CONSOLE(0)] "DEBUG: jQuery : 2.2.4", source:  (0)
[8176:8176:0301/221117.755806:INFO:CONSOLE(0)] "DEBUG: -------------------------------", source:  (0)
[8176:8176:0301/221117.791966:INFO:CONSOLE(0)] "DEBUG: For more advanced debugging, install the Ember Inspector from https://chrome.google.com/webstore/detail/ember-inspector/bmdblncegkenkacieihfhpjfppoconhi", source:  (0)
[8176:8176:0301/221128.732094:INFO:CONSOLE(0)] "DEBUG: -------------------------------", source:  (0)
[8176:8176:0301/221128.732301:INFO:CONSOLE(0)] "DEBUG: Ember  : 2.6.2", source:  (0)
[8176:8176:0301/221128.732476:INFO:CONSOLE(0)] "DEBUG: jQuery : 2.2.4", source:  (0)
[8176:8176:0301/221128.732648:INFO:CONSOLE(0)] "DEBUG: -------------------------------", source:  (0)
[8176:8176:0301/221128.768686:INFO:CONSOLE(0)] "DEBUG: For more advanced debugging, install the Ember Inspector from https://chrome.google.com/webstore/detail/ember-inspector/bmdblncegkenkacieihfhpjfppoconhi", source:  (0)
[8176:8176:0301/221139.805578:INFO:CONSOLE(0)] "DEBUG: -------------------------------", source:  (0)
[8176:8176:0301/221139.805786:INFO:CONSOLE(0)] "DEBUG: Ember  : 2.6.2", source:  (0)
[8176:8176:0301/221139.805961:INFO:CONSOLE(0)] "DEBUG: jQuery : 2.2.4", source:  (0)
[8176:8176:0301/221139.806133:INFO:CONSOLE(0)] "DEBUG: -------------------------------", source:  (0)
[8176:8176:0301/221139.842178:INFO:CONSOLE(0)] "DEBUG: For more advanced debugging, install the Ember Inspector from https://chrome.google.com/webstore/detail/ember-inspector/bmdblncegkenkacieihfhpjfppoconhi", source:  (0)
[8176:8176:0301/221151.146040:INFO:CONSOLE(0)] "DEBUG: -------------------------------", source:  (0)
[8176:8176:0301/221151.146253:INFO:CONSOLE(0)] "DEBUG: Ember  : 2.6.2", source:  (0)
[8176:8176:0301/221151.146429:INFO:CONSOLE(0)] "DEBUG: jQuery : 2.2.4", source:  (0)
[8176:8176:0301/221151.146601:INFO:CONSOLE(0)] "DEBUG: -------------------------------", source:  (0)
[8176:8176:0301/221151.183046:INFO:CONSOLE(0)] "DEBUG: For more advanced debugging, install the Ember Inspector from https://chrome.google.com/webstore/detail/ember-inspector/bmdblncegkenkacieihfhpjfppoconhi", source:  (0)
[8176:8176:0301/221202.606566:INFO:CONSOLE(0)] "DEBUG: -------------------------------", source:  (0)
[8176:8176:0301/221202.606779:INFO:CONSOLE(0)] "DEBUG: Ember  : 2.6.2", source:  (0)
[8176:8176:0301/221202.606953:INFO:CONSOLE(0)] "DEBUG: jQuery : 2.2.4", source:  (0)
[8176:8176:0301/221202.607125:INFO:CONSOLE(0)] "DEBUG: -------------------------------", source:  (0)
[8176:8176:0301/221202.643765:INFO:CONSOLE(0)] "DEBUG: For more advanced debugging, install the Ember Inspector from https://chrome.google.com/webstore/detail/ember-inspector/bmdblncegkenkacieihfhpjfppoconhi", source:  (0)
[8176:8176:0301/221214.279769:INFO:CONSOLE(0)] "DEBUG: -------------------------------", source:  (0)
[8176:8176:0301/221214.279977:INFO:CONSOLE(0)] "DEBUG: Ember  : 2.6.2", source:  (0)
[8176:8176:0301/221214.280153:INFO:CONSOLE(0)] "DEBUG: jQuery : 2.2.4", source:  (0)
[8176:8176:0301/221214.280326:INFO:CONSOLE(0)] "DEBUG: -------------------------------", source:  (0)
[8176:8176:0301/221214.317044:INFO:CONSOLE(0)] "DEBUG: For more advanced debugging, install the Ember Inspector from https://chrome.google.com/webstore/detail/ember-inspector/bmdblncegkenkacieihfhpjfppoconhi", source:  (0)
[8176:8176:0301/221226.127342:INFO:CONSOLE(0)] "DEBUG: -------------------------------", source:  (0)
[8176:8176:0301/221226.127546:INFO:CONSOLE(0)] "DEBUG: Ember  : 2.6.2", source:  (0)
[8176:8176:0301/221226.127721:INFO:CONSOLE(0)] "DEBUG: jQuery : 2.2.4", source:  (0)
[8176:8176:0301/221226.127907:INFO:CONSOLE(0)] "DEBUG: -------------------------------", source:  (0)
[8176:8176:0301/221226.164743:INFO:CONSOLE(0)] "DEBUG: For more advanced debugging, install the Ember Inspector from https://chrome.google.com/webstore/detail/ember-inspector/bmdblncegkenkacieihfhpjfppoconhi", source:  (0)
[8176:8176:0301/221238.049124:INFO:CONSOLE(0)] "DEBUG: -------------------------------", source:  (0)
[8176:8176:0301/221238.049331:INFO:CONSOLE(0)] "DEBUG: Ember  : 2.6.2", source:  (0)
[8176:8176:0301/221238.049506:INFO:CONSOLE(0)] "DEBUG: jQuery : 2.2.4", source:  (0)
[8176:8176:0301/221238.049678:INFO:CONSOLE(0)] "DEBUG: -------------------------------", source:  (0)
[8176:8176:0301/221238.087631:INFO:CONSOLE(0)] "DEBUG: For more advanced debugging, install the Ember Inspector from https://chrome.google.com/webstore/detail/ember-inspector/bmdblncegkenkacieihfhpjfppoconhi", source:  (0)
