[7948:7948:0301/220820.645729:WARNING:chrome_main_delegate.cc(618)] This is Chrome version 112.0.5572.0 (not a warning)
[7948:7963:0301/220820.822465:ERROR:bus.cc(399)] Failed to connect to the bus: Could not parse server address: Unknown address type (examples of valid types are "tcp" and on UNIX "unix")
[7948:7963:0301/220820.822498:ERROR:bus.cc(399)] Failed to connect to the bus: Could not parse server address: Unknown address type (examples of valid types are "tcp" and on UNIX "unix")
[7948:7948:0301/220820.854711:WARNING:account_consistency_mode_manager.cc(70)] Desktop Identity Consistency cannot be enabled as no OAuth client ID and client secret have been configured.
[7948:7963:0301/220820.861733:ERROR:bus.cc(399)] Failed to connect to the bus: Could not parse server address: Unknown address type (examples of valid types are "tcp" and on UNIX "unix")
[7948:7963:0301/220820.861770:ERROR:bus.cc(399)] Failed to connect to the bus: Could not parse server address: Unknown address type (examples of valid types are "tcp" and on UNIX "unix")
[7948:7948:0301/220821.071099:WARNING:bluez_dbus_manager.cc(247)] Floss manager not present, cannot set Floss enable/disable.
[7948:8039:0301/220821.109575:ERROR:object_proxy.cc(623)] Failed to call method: org.freedesktop.DBus.Properties.Get: object_path= /org/freedesktop/UPower: org.freedesktop.DBus.Error.ServiceUnknown: The name org.freedesktop.UPower was not provided by any .service files
[7948:8039:0301/220821.124132:WARNING:property.cc(144)] DaemonVersion: GetAndBlock: failed.
[7948:8039:0301/220821.124467:ERROR:object_proxy.cc(623)] Failed to call method: org.freedesktop.UPower.GetDisplayDevice: object_path= /org/freedesktop/UPower: org.freedesktop.DBus.Error.ServiceUnknown: The name org.freedesktop.UPower was not provided by any .service files
[7948:8039:0301/220821.124657:ERROR:object_proxy.cc(623)] Failed to call method: org.freedesktop.UPower.EnumerateDevices: object_path= /org/freedesktop/UPower: org.freedesktop.DBus.Error.ServiceUnknown: The name org.freedesktop.UPower was not provided by any .service files
[7948:7963:0301/220821.342391:ERROR:bus.cc(399)] Failed to connect to the bus: Could not parse server address: Unknown address type (examples of valid types are "tcp" and on UNIX "unix")
[7948:7963:0301/220821.359436:ERROR:bus.cc(399)] Failed to connect to the bus: Could not parse server address: Unknown address type (examples of valid types are "tcp" and on UNIX "unix")
[7948:7948:0301/220824.998215:INFO:optimization_guide_logger.cc(42)] ../../components/optimization_guide/content/browser/page_content_annotations_service.cc(309) PageContentAnnotationJob Result: BatchAnnotationResult{"Speedometer 2.1 Interactive Runner", type: ContentVisibility, output: nullopt}
[7948:7948:0301/220825.001556:INFO:optimization_guide_logger.cc(42)] ../../components/optimization_guide/content/browser/page_content_annotations_service.cc(309) PageContentAnnotationJob Result: BatchAnnotationResult{"Speedometer 2.1 Interactive Runner", type: PageEntities, output: nullopt}
[7948:7948:0301/220825.076994:INFO:optimization_guide_logger.cc(42)] ../../components/optimization_guide/core/hints_manager.cc(523) Hint cache initialized
[7948:7948:0301/220832.722888:INFO:CONSOLE(0)] "DEBUG: -------------------------------", source:  (0)
[7948:7948:0301/220832.723099:INFO:CONSOLE(0)] "DEBUG: Ember  : 2.6.2", source:  (0)
[7948:7948:0301/220832.723280:INFO:CONSOLE(0)] "DEBUG: jQuery : 2.2.4", source:  (0)
[7948:7948:0301/220832.723451:INFO:CONSOLE(0)] "DEBUG: -------------------------------", source:  (0)
[7948:7948:0301/220832.810487:INFO:CONSOLE(0)] "DEBUG: For more advanced debugging, install the Ember Inspector from https://chrome.google.com/webstore/detail/ember-inspector/bmdblncegkenkacieihfhpjfppoconhi", source:  (0)
[7948:7948:0301/220848.495460:INFO:CONSOLE(0)] "DEBUG: -------------------------------", source:  (0)
[7948:7948:0301/220848.495669:INFO:CONSOLE(0)] "DEBUG: Ember  : 2.6.2", source:  (0)
[7948:7948:0301/220848.495841:INFO:CONSOLE(0)] "DEBUG: jQuery : 2.2.4", source:  (0)
[7948:7948:0301/220848.496011:INFO:CONSOLE(0)] "DEBUG: -------------------------------", source:  (0)
[7948:7948:0301/220848.532789:INFO:CONSOLE(0)] "DEBUG: For more advanced debugging, install the Ember Inspector from https://chrome.google.com/webstore/detail/ember-inspector/bmdblncegkenkacieihfhpjfppoconhi", source:  (0)
[7948:7948:0301/220859.580824:INFO:CONSOLE(0)] "DEBUG: -------------------------------", source:  (0)
[7948:7948:0301/220859.581036:INFO:CONSOLE(0)] "DEBUG: Ember  : 2.6.2", source:  (0)
[7948:7948:0301/220859.581210:INFO:CONSOLE(0)] "DEBUG: jQuery : 2.2.4", source:  (0)
[7948:7948:0301/220859.581381:INFO:CONSOLE(0)] "DEBUG: -------------------------------", source:  (0)
[7948:7948:0301/220859.617553:INFO:CONSOLE(0)] "DEBUG: For more advanced debugging, install the Ember Inspector from https://chrome.google.com/webstore/detail/ember-inspector/bmdblncegkenkacieihfhpjfppoconhi", source:  (0)
[7948:7948:0301/220910.836006:INFO:CONSOLE(0)] "DEBUG: -------------------------------", source:  (0)
[7948:7948:0301/220910.836218:INFO:CONSOLE(0)] "DEBUG: Ember  : 2.6.2", source:  (0)
[7948:7948:0301/220910.836392:INFO:CONSOLE(0)] "DEBUG: jQuery : 2.2.4", source:  (0)
[7948:7948:0301/220910.836562:INFO:CONSOLE(0)] "DEBUG: -------------------------------", source:  (0)
[7948:7948:0301/220910.873155:INFO:CONSOLE(0)] "DEBUG: For more advanced debugging, install the Ember Inspector from https://chrome.google.com/webstore/detail/ember-inspector/bmdblncegkenkacieihfhpjfppoconhi", source:  (0)
[7948:7948:0301/220922.231151:INFO:CONSOLE(0)] "DEBUG: -------------------------------", source:  (0)
[7948:7948:0301/220922.231366:INFO:CONSOLE(0)] "DEBUG: Ember  : 2.6.2", source:  (0)
[7948:7948:0301/220922.231541:INFO:CONSOLE(0)] "DEBUG: jQuery : 2.2.4", source:  (0)
[7948:7948:0301/220922.231712:INFO:CONSOLE(0)] "DEBUG: -------------------------------", source:  (0)
[7948:7948:0301/220922.268406:INFO:CONSOLE(0)] "DEBUG: For more advanced debugging, install the Ember Inspector from https://chrome.google.com/webstore/detail/ember-inspector/bmdblncegkenkacieihfhpjfppoconhi", source:  (0)
[7948:7948:0301/220933.799336:INFO:CONSOLE(0)] "DEBUG: -------------------------------", source:  (0)
[7948:7948:0301/220933.799549:INFO:CONSOLE(0)] "DEBUG: Ember  : 2.6.2", source:  (0)
[7948:7948:0301/220933.799723:INFO:CONSOLE(0)] "DEBUG: jQuery : 2.2.4", source:  (0)
[7948:7948:0301/220933.799893:INFO:CONSOLE(0)] "DEBUG: -------------------------------", source:  (0)
[7948:7948:0301/220933.836671:INFO:CONSOLE(0)] "DEBUG: For more advanced debugging, install the Ember Inspector from https://chrome.google.com/webstore/detail/ember-inspector/bmdblncegkenkacieihfhpjfppoconhi", source:  (0)
[7948:7948:0301/220945.525109:INFO:CONSOLE(0)] "DEBUG: -------------------------------", source:  (0)
[7948:7948:0301/220945.525329:INFO:CONSOLE(0)] "DEBUG: Ember  : 2.6.2", source:  (0)
[7948:7948:0301/220945.525503:INFO:CONSOLE(0)] "DEBUG: jQuery : 2.2.4", source:  (0)
[7948:7948:0301/220945.525673:INFO:CONSOLE(0)] "DEBUG: -------------------------------", source:  (0)
[7948:7948:0301/220945.562673:INFO:CONSOLE(0)] "DEBUG: For more advanced debugging, install the Ember Inspector from https://chrome.google.com/webstore/detail/ember-inspector/bmdblncegkenkacieihfhpjfppoconhi", source:  (0)
[7948:7948:0301/220957.413700:INFO:CONSOLE(0)] "DEBUG: -------------------------------", source:  (0)
[7948:7948:0301/220957.413912:INFO:CONSOLE(0)] "DEBUG: Ember  : 2.6.2", source:  (0)
[7948:7948:0301/220957.414087:INFO:CONSOLE(0)] "DEBUG: jQuery : 2.2.4", source:  (0)
[7948:7948:0301/220957.414383:INFO:CONSOLE(0)] "DEBUG: -------------------------------", source:  (0)
[7948:7948:0301/220957.451683:INFO:CONSOLE(0)] "DEBUG: For more advanced debugging, install the Ember Inspector from https://chrome.google.com/webstore/detail/ember-inspector/bmdblncegkenkacieihfhpjfppoconhi", source:  (0)
[7948:7948:0301/221009.682575:INFO:CONSOLE(0)] "DEBUG: -------------------------------", source:  (0)
[7948:7948:0301/221009.682788:INFO:CONSOLE(0)] "DEBUG: Ember  : 2.6.2", source:  (0)
[7948:7948:0301/221009.682963:INFO:CONSOLE(0)] "DEBUG: jQuery : 2.2.4", source:  (0)
[7948:7948:0301/221009.683149:INFO:CONSOLE(0)] "DEBUG: -------------------------------", source:  (0)
[7948:7948:0301/221009.720297:INFO:CONSOLE(0)] "DEBUG: For more advanced debugging, install the Ember Inspector from https://chrome.google.com/webstore/detail/ember-inspector/bmdblncegkenkacieihfhpjfppoconhi", source:  (0)
[7948:7948:0301/221021.959865:INFO:CONSOLE(0)] "DEBUG: -------------------------------", source:  (0)
[7948:7948:0301/221021.960078:INFO:CONSOLE(0)] "DEBUG: Ember  : 2.6.2", source:  (0)
[7948:7948:0301/221021.960253:INFO:CONSOLE(0)] "DEBUG: jQuery : 2.2.4", source:  (0)
[7948:7948:0301/221021.960423:INFO:CONSOLE(0)] "DEBUG: -------------------------------", source:  (0)
[7948:7948:0301/221021.998206:INFO:CONSOLE(0)] "DEBUG: For more advanced debugging, install the Ember Inspector from https://chrome.google.com/webstore/detail/ember-inspector/bmdblncegkenkacieihfhpjfppoconhi", source:  (0)
