[9500:9500:0301/222922.996562:WARNING:chrome_main_delegate.cc(618)] This is Chrome version 112.0.5572.0 (not a warning)
[9500:9514:0301/222923.174618:ERROR:bus.cc(399)] Failed to connect to the bus: Could not parse server address: Unknown address type (examples of valid types are "tcp" and on UNIX "unix")
[9500:9514:0301/222923.174652:ERROR:bus.cc(399)] Failed to connect to the bus: Could not parse server address: Unknown address type (examples of valid types are "tcp" and on UNIX "unix")
[9500:9500:0301/222923.210276:WARNING:account_consistency_mode_manager.cc(70)] Desktop Identity Consistency cannot be enabled as no OAuth client ID and client secret have been configured.
[9500:9514:0301/222923.217465:ERROR:bus.cc(399)] Failed to connect to the bus: Could not parse server address: Unknown address type (examples of valid types are "tcp" and on UNIX "unix")
[9500:9514:0301/222923.217498:ERROR:bus.cc(399)] Failed to connect to the bus: Could not parse server address: Unknown address type (examples of valid types are "tcp" and on UNIX "unix")
[9500:9500:0301/222923.375029:WARNING:bluez_dbus_manager.cc(247)] Floss manager not present, cannot set Floss enable/disable.
[9500:9590:0301/222923.419427:ERROR:object_proxy.cc(623)] Failed to call method: org.freedesktop.DBus.Properties.Get: object_path= /org/freedesktop/UPower: org.freedesktop.DBus.Error.ServiceUnknown: The name org.freedesktop.UPower was not provided by any .service files
[9500:9590:0301/222923.419449:WARNING:property.cc(144)] DaemonVersion: GetAndBlock: failed.
[9500:9590:0301/222923.419586:ERROR:object_proxy.cc(623)] Failed to call method: org.freedesktop.UPower.GetDisplayDevice: object_path= /org/freedesktop/UPower: org.freedesktop.DBus.Error.ServiceUnknown: The name org.freedesktop.UPower was not provided by any .service files
[9500:9590:0301/222923.419833:ERROR:object_proxy.cc(623)] Failed to call method: org.freedesktop.UPower.EnumerateDevices: object_path= /org/freedesktop/UPower: org.freedesktop.DBus.Error.ServiceUnknown: The name org.freedesktop.UPower was not provided by any .service files
[9500:9514:0301/222923.663219:ERROR:bus.cc(399)] Failed to connect to the bus: Could not parse server address: Unknown address type (examples of valid types are "tcp" and on UNIX "unix")
[9500:9514:0301/222923.671713:ERROR:bus.cc(399)] Failed to connect to the bus: Could not parse server address: Unknown address type (examples of valid types are "tcp" and on UNIX "unix")
[9500:9500:0301/222927.323762:INFO:optimization_guide_logger.cc(42)] ../../components/optimization_guide/content/browser/page_content_annotations_service.cc(309) PageContentAnnotationJob Result: BatchAnnotationResult{"Speedometer 2.1 Interactive Runner", type: ContentVisibility, output: nullopt}
[9500:9500:0301/222927.323851:INFO:optimization_guide_logger.cc(42)] ../../components/optimization_guide/content/browser/page_content_annotations_service.cc(309) PageContentAnnotationJob Result: BatchAnnotationResult{"Speedometer 2.1 Interactive Runner", type: PageEntities, output: nullopt}
[9500:9500:0301/222927.354227:INFO:optimization_guide_logger.cc(42)] ../../components/optimization_guide/core/hints_manager.cc(523) Hint cache initialized
[9500:9500:0301/222934.974650:INFO:CONSOLE(0)] "DEBUG: -------------------------------", source:  (0)
[9500:9500:0301/222934.974871:INFO:CONSOLE(0)] "DEBUG: Ember  : 2.6.2", source:  (0)
[9500:9500:0301/222934.975047:INFO:CONSOLE(0)] "DEBUG: jQuery : 2.2.4", source:  (0)
[9500:9500:0301/222934.975219:INFO:CONSOLE(0)] "DEBUG: -------------------------------", source:  (0)
[9500:9500:0301/222935.062325:INFO:CONSOLE(0)] "DEBUG: For more advanced debugging, install the Ember Inspector from https://chrome.google.com/webstore/detail/ember-inspector/bmdblncegkenkacieihfhpjfppoconhi", source:  (0)
[9500:9500:0301/222950.674939:INFO:CONSOLE(0)] "DEBUG: -------------------------------", source:  (0)
[9500:9500:0301/222950.675144:INFO:CONSOLE(0)] "DEBUG: Ember  : 2.6.2", source:  (0)
[9500:9500:0301/222950.675319:INFO:CONSOLE(0)] "DEBUG: jQuery : 2.2.4", source:  (0)
[9500:9500:0301/222950.675491:INFO:CONSOLE(0)] "DEBUG: -------------------------------", source:  (0)
[9500:9500:0301/222950.711310:INFO:CONSOLE(0)] "DEBUG: For more advanced debugging, install the Ember Inspector from https://chrome.google.com/webstore/detail/ember-inspector/bmdblncegkenkacieihfhpjfppoconhi", source:  (0)
[9500:9500:0301/223001.607107:INFO:CONSOLE(0)] "DEBUG: -------------------------------", source:  (0)
[9500:9500:0301/223001.607321:INFO:CONSOLE(0)] "DEBUG: Ember  : 2.6.2", source:  (0)
[9500:9500:0301/223001.607495:INFO:CONSOLE(0)] "DEBUG: jQuery : 2.2.4", source:  (0)
[9500:9500:0301/223001.607667:INFO:CONSOLE(0)] "DEBUG: -------------------------------", source:  (0)
[9500:9500:0301/223001.643435:INFO:CONSOLE(0)] "DEBUG: For more advanced debugging, install the Ember Inspector from https://chrome.google.com/webstore/detail/ember-inspector/bmdblncegkenkacieihfhpjfppoconhi", source:  (0)
[9500:9500:0301/223012.582811:INFO:CONSOLE(0)] "DEBUG: -------------------------------", source:  (0)
[9500:9500:0301/223012.583023:INFO:CONSOLE(0)] "DEBUG: Ember  : 2.6.2", source:  (0)
[9500:9500:0301/223012.583199:INFO:CONSOLE(0)] "DEBUG: jQuery : 2.2.4", source:  (0)
[9500:9500:0301/223012.583371:INFO:CONSOLE(0)] "DEBUG: -------------------------------", source:  (0)
[9500:9500:0301/223012.619183:INFO:CONSOLE(0)] "DEBUG: For more advanced debugging, install the Ember Inspector from https://chrome.google.com/webstore/detail/ember-inspector/bmdblncegkenkacieihfhpjfppoconhi", source:  (0)
[9500:9500:0301/223023.763340:INFO:CONSOLE(0)] "DEBUG: -------------------------------", source:  (0)
[9500:9500:0301/223023.763556:INFO:CONSOLE(0)] "DEBUG: Ember  : 2.6.2", source:  (0)
[9500:9500:0301/223023.763731:INFO:CONSOLE(0)] "DEBUG: jQuery : 2.2.4", source:  (0)
[9500:9500:0301/223023.763903:INFO:CONSOLE(0)] "DEBUG: -------------------------------", source:  (0)
[9500:9500:0301/223023.799930:INFO:CONSOLE(0)] "DEBUG: For more advanced debugging, install the Ember Inspector from https://chrome.google.com/webstore/detail/ember-inspector/bmdblncegkenkacieihfhpjfppoconhi", source:  (0)
[9500:9500:0301/223035.142323:INFO:CONSOLE(0)] "DEBUG: -------------------------------", source:  (0)
[9500:9500:0301/223035.142540:INFO:CONSOLE(0)] "DEBUG: Ember  : 2.6.2", source:  (0)
[9500:9500:0301/223035.142716:INFO:CONSOLE(0)] "DEBUG: jQuery : 2.2.4", source:  (0)
[9500:9500:0301/223035.142890:INFO:CONSOLE(0)] "DEBUG: -------------------------------", source:  (0)
[9500:9500:0301/223035.179301:INFO:CONSOLE(0)] "DEBUG: For more advanced debugging, install the Ember Inspector from https://chrome.google.com/webstore/detail/ember-inspector/bmdblncegkenkacieihfhpjfppoconhi", source:  (0)
[9500:9500:0301/223046.657352:INFO:CONSOLE(0)] "DEBUG: -------------------------------", source:  (0)
[9500:9500:0301/223046.657568:INFO:CONSOLE(0)] "DEBUG: Ember  : 2.6.2", source:  (0)
[9500:9500:0301/223046.657743:INFO:CONSOLE(0)] "DEBUG: jQuery : 2.2.4", source:  (0)
[9500:9500:0301/223046.657915:INFO:CONSOLE(0)] "DEBUG: -------------------------------", source:  (0)
[9500:9500:0301/223046.694213:INFO:CONSOLE(0)] "DEBUG: For more advanced debugging, install the Ember Inspector from https://chrome.google.com/webstore/detail/ember-inspector/bmdblncegkenkacieihfhpjfppoconhi", source:  (0)
[9500:9500:0301/223058.247021:INFO:CONSOLE(0)] "DEBUG: -------------------------------", source:  (0)
[9500:9500:0301/223058.247292:INFO:CONSOLE(0)] "DEBUG: Ember  : 2.6.2", source:  (0)
[9500:9500:0301/223058.247470:INFO:CONSOLE(0)] "DEBUG: jQuery : 2.2.4", source:  (0)
[9500:9500:0301/223058.247643:INFO:CONSOLE(0)] "DEBUG: -------------------------------", source:  (0)
[9500:9500:0301/223058.284004:INFO:CONSOLE(0)] "DEBUG: For more advanced debugging, install the Ember Inspector from https://chrome.google.com/webstore/detail/ember-inspector/bmdblncegkenkacieihfhpjfppoconhi", source:  (0)
[9500:9500:0301/223110.007648:INFO:CONSOLE(0)] "DEBUG: -------------------------------", source:  (0)
[9500:9500:0301/223110.007862:INFO:CONSOLE(0)] "DEBUG: Ember  : 2.6.2", source:  (0)
[9500:9500:0301/223110.008037:INFO:CONSOLE(0)] "DEBUG: jQuery : 2.2.4", source:  (0)
[9500:9500:0301/223110.008217:INFO:CONSOLE(0)] "DEBUG: -------------------------------", source:  (0)
[9500:9500:0301/223110.044842:INFO:CONSOLE(0)] "DEBUG: For more advanced debugging, install the Ember Inspector from https://chrome.google.com/webstore/detail/ember-inspector/bmdblncegkenkacieihfhpjfppoconhi", source:  (0)
[9500:9500:0301/223121.944121:INFO:CONSOLE(0)] "DEBUG: -------------------------------", source:  (0)
[9500:9500:0301/223121.944330:INFO:CONSOLE(0)] "DEBUG: Ember  : 2.6.2", source:  (0)
[9500:9500:0301/223121.944506:INFO:CONSOLE(0)] "DEBUG: jQuery : 2.2.4", source:  (0)
[9500:9500:0301/223121.944685:INFO:CONSOLE(0)] "DEBUG: -------------------------------", source:  (0)
[9500:9500:0301/223121.981089:INFO:CONSOLE(0)] "DEBUG: For more advanced debugging, install the Ember Inspector from https://chrome.google.com/webstore/detail/ember-inspector/bmdblncegkenkacieihfhpjfppoconhi", source:  (0)
