[25978:25978:0301/143703.706020:WARNING:chrome_main_delegate.cc(618)] This is Chrome version 112.0.5572.0 (not a warning)
[25978:25993:0301/143703.882448:ERROR:bus.cc(399)] Failed to connect to the bus: Could not parse server address: Unknown address type (examples of valid types are "tcp" and on UNIX "unix")
[25978:25993:0301/143703.882481:ERROR:bus.cc(399)] Failed to connect to the bus: Could not parse server address: Unknown address type (examples of valid types are "tcp" and on UNIX "unix")
[25978:25978:0301/143703.921304:WARNING:account_consistency_mode_manager.cc(70)] Desktop Identity Consistency cannot be enabled as no OAuth client ID and client secret have been configured.
[25978:25993:0301/143703.929293:ERROR:bus.cc(399)] Failed to connect to the bus: Could not parse server address: Unknown address type (examples of valid types are "tcp" and on UNIX "unix")
[25978:25993:0301/143703.929328:ERROR:bus.cc(399)] Failed to connect to the bus: Could not parse server address: Unknown address type (examples of valid types are "tcp" and on UNIX "unix")
[25978:25978:0301/143704.158486:WARNING:bluez_dbus_manager.cc(247)] Floss manager not present, cannot set Floss enable/disable.
[25978:26066:0301/143704.274883:ERROR:object_proxy.cc(623)] Failed to call method: org.freedesktop.DBus.Properties.Get: object_path= /org/freedesktop/UPower: org.freedesktop.DBus.Error.ServiceUnknown: The name org.freedesktop.UPower was not provided by any .service files
[25978:26066:0301/143704.274904:WARNING:property.cc(144)] DaemonVersion: GetAndBlock: failed.
[25978:26066:0301/143704.275845:ERROR:object_proxy.cc(623)] Failed to call method: org.freedesktop.UPower.GetDisplayDevice: object_path= /org/freedesktop/UPower: org.freedesktop.DBus.Error.ServiceUnknown: The name org.freedesktop.UPower was not provided by any .service files
[25978:26066:0301/143704.276619:ERROR:object_proxy.cc(623)] Failed to call method: org.freedesktop.UPower.EnumerateDevices: object_path= /org/freedesktop/UPower: org.freedesktop.DBus.Error.ServiceUnknown: The name org.freedesktop.UPower was not provided by any .service files
[25978:25993:0301/143704.310874:ERROR:bus.cc(399)] Failed to connect to the bus: Could not parse server address: Unknown address type (examples of valid types are "tcp" and on UNIX "unix")
[25978:25993:0301/143704.319390:ERROR:bus.cc(399)] Failed to connect to the bus: Could not parse server address: Unknown address type (examples of valid types are "tcp" and on UNIX "unix")
[25978:25978:0301/143710.576196:INFO:optimization_guide_logger.cc(42)] ../../components/optimization_guide/content/browser/page_content_annotations_service.cc(309) PageContentAnnotationJob Result: BatchAnnotationResult{"Speedometer 2.1 Interactive Runner", type: ContentVisibility, output: nullopt}
[25978:25978:0301/143710.576258:INFO:optimization_guide_logger.cc(42)] ../../components/optimization_guide/content/browser/page_content_annotations_service.cc(309) PageContentAnnotationJob Result: BatchAnnotationResult{"Speedometer 2.1 Interactive Runner", type: PageEntities, output: nullopt}
[25978:25978:0301/143710.912077:INFO:optimization_guide_logger.cc(42)] ../../components/optimization_guide/core/hints_manager.cc(523) Hint cache initialized
[25978:25978:0301/143715.640122:INFO:CONSOLE(0)] "DEBUG: -------------------------------", source:  (0)
[25978:25978:0301/143715.640349:INFO:CONSOLE(0)] "DEBUG: Ember  : 2.6.2", source:  (0)
[25978:25978:0301/143715.640735:INFO:CONSOLE(0)] "DEBUG: jQuery : 2.2.4", source:  (0)
[25978:25978:0301/143715.640918:INFO:CONSOLE(0)] "DEBUG: -------------------------------", source:  (0)
[25978:25978:0301/143715.727604:INFO:CONSOLE(0)] "DEBUG: For more advanced debugging, install the Ember Inspector from https://chrome.google.com/webstore/detail/ember-inspector/bmdblncegkenkacieihfhpjfppoconhi", source:  (0)
[25978:25978:0301/143735.221492:INFO:CONSOLE(0)] "DEBUG: -------------------------------", source:  (0)
[25978:25978:0301/143735.221695:INFO:CONSOLE(0)] "DEBUG: Ember  : 2.6.2", source:  (0)
[25978:25978:0301/143735.221870:INFO:CONSOLE(0)] "DEBUG: jQuery : 2.2.4", source:  (0)
[25978:25978:0301/143735.222049:INFO:CONSOLE(0)] "DEBUG: -------------------------------", source:  (0)
[25978:25978:0301/143735.261605:INFO:CONSOLE(0)] "DEBUG: For more advanced debugging, install the Ember Inspector from https://chrome.google.com/webstore/detail/ember-inspector/bmdblncegkenkacieihfhpjfppoconhi", source:  (0)
[25978:25978:0301/143746.473791:INFO:CONSOLE(0)] "DEBUG: -------------------------------", source:  (0)
[25978:25978:0301/143746.474001:INFO:CONSOLE(0)] "DEBUG: Ember  : 2.6.2", source:  (0)
[25978:25978:0301/143746.474176:INFO:CONSOLE(0)] "DEBUG: jQuery : 2.2.4", source:  (0)
[25978:25978:0301/143746.474353:INFO:CONSOLE(0)] "DEBUG: -------------------------------", source:  (0)
[25978:25978:0301/143746.511909:INFO:CONSOLE(0)] "DEBUG: For more advanced debugging, install the Ember Inspector from https://chrome.google.com/webstore/detail/ember-inspector/bmdblncegkenkacieihfhpjfppoconhi", source:  (0)
[25978:25978:0301/143757.762277:INFO:CONSOLE(0)] "DEBUG: -------------------------------", source:  (0)
[25978:25978:0301/143757.762491:INFO:CONSOLE(0)] "DEBUG: Ember  : 2.6.2", source:  (0)
[25978:25978:0301/143757.762665:INFO:CONSOLE(0)] "DEBUG: jQuery : 2.2.4", source:  (0)
[25978:25978:0301/143757.762836:INFO:CONSOLE(0)] "DEBUG: -------------------------------", source:  (0)
[25978:25978:0301/143757.799984:INFO:CONSOLE(0)] "DEBUG: For more advanced debugging, install the Ember Inspector from https://chrome.google.com/webstore/detail/ember-inspector/bmdblncegkenkacieihfhpjfppoconhi", source:  (0)
[25978:25978:0301/143808.894467:INFO:CONSOLE(0)] "DEBUG: -------------------------------", source:  (0)
[25978:25978:0301/143808.894683:INFO:CONSOLE(0)] "DEBUG: Ember  : 2.6.2", source:  (0)
[25978:25978:0301/143808.894858:INFO:CONSOLE(0)] "DEBUG: jQuery : 2.2.4", source:  (0)
[25978:25978:0301/143808.895030:INFO:CONSOLE(0)] "DEBUG: -------------------------------", source:  (0)
[25978:25978:0301/143808.932543:INFO:CONSOLE(0)] "DEBUG: For more advanced debugging, install the Ember Inspector from https://chrome.google.com/webstore/detail/ember-inspector/bmdblncegkenkacieihfhpjfppoconhi", source:  (0)
[25978:25978:0301/143820.105322:INFO:CONSOLE(0)] "DEBUG: -------------------------------", source:  (0)
[25978:25978:0301/143820.105528:INFO:CONSOLE(0)] "DEBUG: Ember  : 2.6.2", source:  (0)
[25978:25978:0301/143820.105703:INFO:CONSOLE(0)] "DEBUG: jQuery : 2.2.4", source:  (0)
[25978:25978:0301/143820.105875:INFO:CONSOLE(0)] "DEBUG: -------------------------------", source:  (0)
[25978:25978:0301/143820.143726:INFO:CONSOLE(0)] "DEBUG: For more advanced debugging, install the Ember Inspector from https://chrome.google.com/webstore/detail/ember-inspector/bmdblncegkenkacieihfhpjfppoconhi", source:  (0)
[25978:25978:0301/143831.346517:INFO:CONSOLE(0)] "DEBUG: -------------------------------", source:  (0)
[25978:25978:0301/143831.346726:INFO:CONSOLE(0)] "DEBUG: Ember  : 2.6.2", source:  (0)
[25978:25978:0301/143831.346902:INFO:CONSOLE(0)] "DEBUG: jQuery : 2.2.4", source:  (0)
[25978:25978:0301/143831.347075:INFO:CONSOLE(0)] "DEBUG: -------------------------------", source:  (0)
[25978:25978:0301/143831.384927:INFO:CONSOLE(0)] "DEBUG: For more advanced debugging, install the Ember Inspector from https://chrome.google.com/webstore/detail/ember-inspector/bmdblncegkenkacieihfhpjfppoconhi", source:  (0)
[25978:25978:0301/143843.115035:INFO:CONSOLE(0)] "DEBUG: -------------------------------", source:  (0)
[25978:25978:0301/143843.115251:INFO:CONSOLE(0)] "DEBUG: Ember  : 2.6.2", source:  (0)
[25978:25978:0301/143843.115427:INFO:CONSOLE(0)] "DEBUG: jQuery : 2.2.4", source:  (0)
[25978:25978:0301/143843.115607:INFO:CONSOLE(0)] "DEBUG: -------------------------------", source:  (0)
[25978:25978:0301/143843.154262:INFO:CONSOLE(0)] "DEBUG: For more advanced debugging, install the Ember Inspector from https://chrome.google.com/webstore/detail/ember-inspector/bmdblncegkenkacieihfhpjfppoconhi", source:  (0)
[25978:25978:0301/143854.870293:INFO:CONSOLE(0)] "DEBUG: -------------------------------", source:  (0)
[25978:25978:0301/143854.870508:INFO:CONSOLE(0)] "DEBUG: Ember  : 2.6.2", source:  (0)
[25978:25978:0301/143854.870683:INFO:CONSOLE(0)] "DEBUG: jQuery : 2.2.4", source:  (0)
[25978:25978:0301/143854.870855:INFO:CONSOLE(0)] "DEBUG: -------------------------------", source:  (0)
[25978:25978:0301/143854.908966:INFO:CONSOLE(0)] "DEBUG: For more advanced debugging, install the Ember Inspector from https://chrome.google.com/webstore/detail/ember-inspector/bmdblncegkenkacieihfhpjfppoconhi", source:  (0)
[25978:25978:0301/143906.808705:INFO:CONSOLE(0)] "DEBUG: -------------------------------", source:  (0)
[25978:25978:0301/143906.808915:INFO:CONSOLE(0)] "DEBUG: Ember  : 2.6.2", source:  (0)
[25978:25978:0301/143906.809096:INFO:CONSOLE(0)] "DEBUG: jQuery : 2.2.4", source:  (0)
[25978:25978:0301/143906.809267:INFO:CONSOLE(0)] "DEBUG: -------------------------------", source:  (0)
[25978:25978:0301/143906.846918:INFO:CONSOLE(0)] "DEBUG: For more advanced debugging, install the Ember Inspector from https://chrome.google.com/webstore/detail/ember-inspector/bmdblncegkenkacieihfhpjfppoconhi", source:  (0)
