[25488:25488:0301/143026.357606:WARNING:chrome_main_delegate.cc(618)] This is Chrome version 112.0.5572.0 (not a warning)
[25488:25502:0301/143026.535768:ERROR:bus.cc(399)] Failed to connect to the bus: Could not parse server address: Unknown address type (examples of valid types are "tcp" and on UNIX "unix")
[25488:25502:0301/143026.535799:ERROR:bus.cc(399)] Failed to connect to the bus: Could not parse server address: Unknown address type (examples of valid types are "tcp" and on UNIX "unix")
[25488:25488:0301/143026.573552:WARNING:account_consistency_mode_manager.cc(70)] Desktop Identity Consistency cannot be enabled as no OAuth client ID and client secret have been configured.
[25488:25502:0301/143026.585774:ERROR:bus.cc(399)] Failed to connect to the bus: Could not parse server address: Unknown address type (examples of valid types are "tcp" and on UNIX "unix")
[25488:25502:0301/143026.585808:ERROR:bus.cc(399)] Failed to connect to the bus: Could not parse server address: Unknown address type (examples of valid types are "tcp" and on UNIX "unix")
[25488:25488:0301/143026.796395:WARNING:bluez_dbus_manager.cc(247)] Floss manager not present, cannot set Floss enable/disable.
[25488:25577:0301/143026.840110:ERROR:object_proxy.cc(623)] Failed to call method: org.freedesktop.DBus.Properties.Get: object_path= /org/freedesktop/UPower: org.freedesktop.DBus.Error.ServiceUnknown: The name org.freedesktop.UPower was not provided by any .service files
[25488:25577:0301/143026.840134:WARNING:property.cc(144)] DaemonVersion: GetAndBlock: failed.
[25488:25577:0301/143026.840233:ERROR:object_proxy.cc(623)] Failed to call method: org.freedesktop.UPower.GetDisplayDevice: object_path= /org/freedesktop/UPower: org.freedesktop.DBus.Error.ServiceUnknown: The name org.freedesktop.UPower was not provided by any .service files
[25488:25577:0301/143026.840328:ERROR:object_proxy.cc(623)] Failed to call method: org.freedesktop.UPower.EnumerateDevices: object_path= /org/freedesktop/UPower: org.freedesktop.DBus.Error.ServiceUnknown: The name org.freedesktop.UPower was not provided by any .service files
[25488:25502:0301/143027.006671:ERROR:bus.cc(399)] Failed to connect to the bus: Could not parse server address: Unknown address type (examples of valid types are "tcp" and on UNIX "unix")
[25488:25502:0301/143027.015302:ERROR:bus.cc(399)] Failed to connect to the bus: Could not parse server address: Unknown address type (examples of valid types are "tcp" and on UNIX "unix")
[25488:25488:0301/143030.716806:INFO:optimization_guide_logger.cc(42)] ../../components/optimization_guide/content/browser/page_content_annotations_service.cc(309) PageContentAnnotationJob Result: BatchAnnotationResult{"Speedometer 2.1 Interactive Runner", type: ContentVisibility, output: nullopt}
[25488:25488:0301/143030.716900:INFO:optimization_guide_logger.cc(42)] ../../components/optimization_guide/content/browser/page_content_annotations_service.cc(309) PageContentAnnotationJob Result: BatchAnnotationResult{"Speedometer 2.1 Interactive Runner", type: PageEntities, output: nullopt}
[25488:25488:0301/143030.940751:INFO:optimization_guide_logger.cc(42)] ../../components/optimization_guide/core/hints_manager.cc(523) Hint cache initialized
[25488:25488:0301/143040.328416:INFO:CONSOLE(0)] "DEBUG: -------------------------------", source:  (0)
[25488:25488:0301/143040.328636:INFO:CONSOLE(0)] "DEBUG: Ember  : 2.6.2", source:  (0)
[25488:25488:0301/143040.328811:INFO:CONSOLE(0)] "DEBUG: jQuery : 2.2.4", source:  (0)
[25488:25488:0301/143040.328992:INFO:CONSOLE(0)] "DEBUG: -------------------------------", source:  (0)
[25488:25488:0301/143040.416021:INFO:CONSOLE(0)] "DEBUG: For more advanced debugging, install the Ember Inspector from https://chrome.google.com/webstore/detail/ember-inspector/bmdblncegkenkacieihfhpjfppoconhi", source:  (0)
[25488:25488:0301/143056.907848:INFO:CONSOLE(0)] "DEBUG: -------------------------------", source:  (0)
[25488:25488:0301/143056.908053:INFO:CONSOLE(0)] "DEBUG: Ember  : 2.6.2", source:  (0)
[25488:25488:0301/143056.908226:INFO:CONSOLE(0)] "DEBUG: jQuery : 2.2.4", source:  (0)
[25488:25488:0301/143056.908405:INFO:CONSOLE(0)] "DEBUG: -------------------------------", source:  (0)
[25488:25488:0301/143056.947222:INFO:CONSOLE(0)] "DEBUG: For more advanced debugging, install the Ember Inspector from https://chrome.google.com/webstore/detail/ember-inspector/bmdblncegkenkacieihfhpjfppoconhi", source:  (0)
[25488:25488:0301/143108.098240:INFO:CONSOLE(0)] "DEBUG: -------------------------------", source:  (0)
[25488:25488:0301/143108.098451:INFO:CONSOLE(0)] "DEBUG: Ember  : 2.6.2", source:  (0)
[25488:25488:0301/143108.098624:INFO:CONSOLE(0)] "DEBUG: jQuery : 2.2.4", source:  (0)
[25488:25488:0301/143108.098802:INFO:CONSOLE(0)] "DEBUG: -------------------------------", source:  (0)
[25488:25488:0301/143108.136660:INFO:CONSOLE(0)] "DEBUG: For more advanced debugging, install the Ember Inspector from https://chrome.google.com/webstore/detail/ember-inspector/bmdblncegkenkacieihfhpjfppoconhi", source:  (0)
[25488:25488:0301/143119.041106:INFO:CONSOLE(0)] "DEBUG: -------------------------------", source:  (0)
[25488:25488:0301/143119.041316:INFO:CONSOLE(0)] "DEBUG: Ember  : 2.6.2", source:  (0)
[25488:25488:0301/143119.041496:INFO:CONSOLE(0)] "DEBUG: jQuery : 2.2.4", source:  (0)
[25488:25488:0301/143119.041666:INFO:CONSOLE(0)] "DEBUG: -------------------------------", source:  (0)
[25488:25488:0301/143119.079336:INFO:CONSOLE(0)] "DEBUG: For more advanced debugging, install the Ember Inspector from https://chrome.google.com/webstore/detail/ember-inspector/bmdblncegkenkacieihfhpjfppoconhi", source:  (0)
[25488:25488:0301/143130.396906:INFO:CONSOLE(0)] "DEBUG: -------------------------------", source:  (0)
[25488:25488:0301/143130.397131:INFO:CONSOLE(0)] "DEBUG: Ember  : 2.6.2", source:  (0)
[25488:25488:0301/143130.397305:INFO:CONSOLE(0)] "DEBUG: jQuery : 2.2.4", source:  (0)
[25488:25488:0301/143130.397487:INFO:CONSOLE(0)] "DEBUG: -------------------------------", source:  (0)
[25488:25488:0301/143130.434836:INFO:CONSOLE(0)] "DEBUG: For more advanced debugging, install the Ember Inspector from https://chrome.google.com/webstore/detail/ember-inspector/bmdblncegkenkacieihfhpjfppoconhi", source:  (0)
[25488:25488:0301/143141.898409:INFO:CONSOLE(0)] "DEBUG: -------------------------------", source:  (0)
[25488:25488:0301/143141.898614:INFO:CONSOLE(0)] "DEBUG: Ember  : 2.6.2", source:  (0)
[25488:25488:0301/143141.898788:INFO:CONSOLE(0)] "DEBUG: jQuery : 2.2.4", source:  (0)
[25488:25488:0301/143141.898966:INFO:CONSOLE(0)] "DEBUG: -------------------------------", source:  (0)
[25488:25488:0301/143141.937168:INFO:CONSOLE(0)] "DEBUG: For more advanced debugging, install the Ember Inspector from https://chrome.google.com/webstore/detail/ember-inspector/bmdblncegkenkacieihfhpjfppoconhi", source:  (0)
[25488:25488:0301/143153.862803:INFO:CONSOLE(0)] "DEBUG: -------------------------------", source:  (0)
[25488:25488:0301/143153.863013:INFO:CONSOLE(0)] "DEBUG: Ember  : 2.6.2", source:  (0)
[25488:25488:0301/143153.863188:INFO:CONSOLE(0)] "DEBUG: jQuery : 2.2.4", source:  (0)
[25488:25488:0301/143153.863584:INFO:CONSOLE(0)] "DEBUG: -------------------------------", source:  (0)
[25488:25488:0301/143153.902112:INFO:CONSOLE(0)] "DEBUG: For more advanced debugging, install the Ember Inspector from https://chrome.google.com/webstore/detail/ember-inspector/bmdblncegkenkacieihfhpjfppoconhi", source:  (0)
[25488:25488:0301/143205.328362:INFO:CONSOLE(0)] "DEBUG: -------------------------------", source:  (0)
[25488:25488:0301/143205.328570:INFO:CONSOLE(0)] "DEBUG: Ember  : 2.6.2", source:  (0)
[25488:25488:0301/143205.328753:INFO:CONSOLE(0)] "DEBUG: jQuery : 2.2.4", source:  (0)
[25488:25488:0301/143205.328924:INFO:CONSOLE(0)] "DEBUG: -------------------------------", source:  (0)
[25488:25488:0301/143205.381716:INFO:CONSOLE(0)] "DEBUG: For more advanced debugging, install the Ember Inspector from https://chrome.google.com/webstore/detail/ember-inspector/bmdblncegkenkacieihfhpjfppoconhi", source:  (0)
[25488:25488:0301/143216.546821:INFO:CONSOLE(0)] "DEBUG: -------------------------------", source:  (0)
[25488:25488:0301/143216.547112:INFO:CONSOLE(0)] "DEBUG: Ember  : 2.6.2", source:  (0)
[25488:25488:0301/143216.547286:INFO:CONSOLE(0)] "DEBUG: jQuery : 2.2.4", source:  (0)
[25488:25488:0301/143216.547457:INFO:CONSOLE(0)] "DEBUG: -------------------------------", source:  (0)
[25488:25488:0301/143216.584781:INFO:CONSOLE(0)] "DEBUG: For more advanced debugging, install the Ember Inspector from https://chrome.google.com/webstore/detail/ember-inspector/bmdblncegkenkacieihfhpjfppoconhi", source:  (0)
[25488:25488:0301/143228.139558:INFO:CONSOLE(0)] "DEBUG: -------------------------------", source:  (0)
[25488:25488:0301/143228.139786:INFO:CONSOLE(0)] "DEBUG: Ember  : 2.6.2", source:  (0)
[25488:25488:0301/143228.139960:INFO:CONSOLE(0)] "DEBUG: jQuery : 2.2.4", source:  (0)
[25488:25488:0301/143228.140138:INFO:CONSOLE(0)] "DEBUG: -------------------------------", source:  (0)
[25488:25488:0301/143228.179769:INFO:CONSOLE(0)] "DEBUG: For more advanced debugging, install the Ember Inspector from https://chrome.google.com/webstore/detail/ember-inspector/bmdblncegkenkacieihfhpjfppoconhi", source:  (0)
