[22285:22285:0301/134754.956464:WARNING:chrome_main_delegate.cc(618)] This is Chrome version 112.0.5572.0 (not a warning)
[22285:22300:0301/134755.129910:ERROR:bus.cc(399)] Failed to connect to the bus: Could not parse server address: Unknown address type (examples of valid types are "tcp" and on UNIX "unix")
[22285:22300:0301/134755.129943:ERROR:bus.cc(399)] Failed to connect to the bus: Could not parse server address: Unknown address type (examples of valid types are "tcp" and on UNIX "unix")
[22285:22285:0301/134755.165376:WARNING:account_consistency_mode_manager.cc(70)] Desktop Identity Consistency cannot be enabled as no OAuth client ID and client secret have been configured.
[22285:22300:0301/134755.172509:ERROR:bus.cc(399)] Failed to connect to the bus: Could not parse server address: Unknown address type (examples of valid types are "tcp" and on UNIX "unix")
[22285:22300:0301/134755.172542:ERROR:bus.cc(399)] Failed to connect to the bus: Could not parse server address: Unknown address type (examples of valid types are "tcp" and on UNIX "unix")
[22285:22285:0301/134755.364685:WARNING:bluez_dbus_manager.cc(247)] Floss manager not present, cannot set Floss enable/disable.
[22285:22374:0301/134755.425270:ERROR:object_proxy.cc(623)] Failed to call method: org.freedesktop.DBus.Properties.Get: object_path= /org/freedesktop/UPower: org.freedesktop.DBus.Error.ServiceUnknown: The name org.freedesktop.UPower was not provided by any .service files
[22285:22374:0301/134755.425294:WARNING:property.cc(144)] DaemonVersion: GetAndBlock: failed.
[22285:22374:0301/134755.425401:ERROR:object_proxy.cc(623)] Failed to call method: org.freedesktop.UPower.GetDisplayDevice: object_path= /org/freedesktop/UPower: org.freedesktop.DBus.Error.ServiceUnknown: The name org.freedesktop.UPower was not provided by any .service files
[22285:22374:0301/134755.425507:ERROR:object_proxy.cc(623)] Failed to call method: org.freedesktop.UPower.EnumerateDevices: object_path= /org/freedesktop/UPower: org.freedesktop.DBus.Error.ServiceUnknown: The name org.freedesktop.UPower was not provided by any .service files
[22285:22300:0301/134755.577815:ERROR:bus.cc(399)] Failed to connect to the bus: Could not parse server address: Unknown address type (examples of valid types are "tcp" and on UNIX "unix")
[22285:22300:0301/134755.586481:ERROR:bus.cc(399)] Failed to connect to the bus: Could not parse server address: Unknown address type (examples of valid types are "tcp" and on UNIX "unix")
[22285:22285:0301/134759.036960:INFO:optimization_guide_logger.cc(42)] ../../components/optimization_guide/core/hints_manager.cc(523) Hint cache initialized
[22285:22285:0301/134759.278168:INFO:optimization_guide_logger.cc(42)] ../../components/optimization_guide/content/browser/page_content_annotations_service.cc(309) PageContentAnnotationJob Result: BatchAnnotationResult{"Speedometer 2.1 Interactive Runner", type: ContentVisibility, output: nullopt}
[22285:22285:0301/134759.278248:INFO:optimization_guide_logger.cc(42)] ../../components/optimization_guide/content/browser/page_content_annotations_service.cc(309) PageContentAnnotationJob Result: BatchAnnotationResult{"Speedometer 2.1 Interactive Runner", type: PageEntities, output: nullopt}
[22285:22285:0301/134806.886304:INFO:CONSOLE(0)] "DEBUG: -------------------------------", source:  (0)
[22285:22285:0301/134806.886519:INFO:CONSOLE(0)] "DEBUG: Ember  : 2.6.2", source:  (0)
[22285:22285:0301/134806.886691:INFO:CONSOLE(0)] "DEBUG: jQuery : 2.2.4", source:  (0)
[22285:22285:0301/134806.886862:INFO:CONSOLE(0)] "DEBUG: -------------------------------", source:  (0)
[22285:22285:0301/134806.973290:INFO:CONSOLE(0)] "DEBUG: For more advanced debugging, install the Ember Inspector from https://chrome.google.com/webstore/detail/ember-inspector/bmdblncegkenkacieihfhpjfppoconhi", source:  (0)
[22285:22285:0301/134822.608773:INFO:CONSOLE(0)] "DEBUG: -------------------------------", source:  (0)
[22285:22285:0301/134822.608981:INFO:CONSOLE(0)] "DEBUG: Ember  : 2.6.2", source:  (0)
[22285:22285:0301/134822.609153:INFO:CONSOLE(0)] "DEBUG: jQuery : 2.2.4", source:  (0)
[22285:22285:0301/134822.609330:INFO:CONSOLE(0)] "DEBUG: -------------------------------", source:  (0)
[22285:22285:0301/134822.647543:INFO:CONSOLE(0)] "DEBUG: For more advanced debugging, install the Ember Inspector from https://chrome.google.com/webstore/detail/ember-inspector/bmdblncegkenkacieihfhpjfppoconhi", source:  (0)
[22285:22285:0301/134833.597661:INFO:CONSOLE(0)] "DEBUG: -------------------------------", source:  (0)
[22285:22285:0301/134833.597877:INFO:CONSOLE(0)] "DEBUG: Ember  : 2.6.2", source:  (0)
[22285:22285:0301/134833.598052:INFO:CONSOLE(0)] "DEBUG: jQuery : 2.2.4", source:  (0)
[22285:22285:0301/134833.598233:INFO:CONSOLE(0)] "DEBUG: -------------------------------", source:  (0)
[22285:22285:0301/134833.635749:INFO:CONSOLE(0)] "DEBUG: For more advanced debugging, install the Ember Inspector from https://chrome.google.com/webstore/detail/ember-inspector/bmdblncegkenkacieihfhpjfppoconhi", source:  (0)
[22285:22285:0301/134844.471553:INFO:CONSOLE(0)] "DEBUG: -------------------------------", source:  (0)
[22285:22285:0301/134844.471759:INFO:CONSOLE(0)] "DEBUG: Ember  : 2.6.2", source:  (0)
[22285:22285:0301/134844.471933:INFO:CONSOLE(0)] "DEBUG: jQuery : 2.2.4", source:  (0)
[22285:22285:0301/134844.472112:INFO:CONSOLE(0)] "DEBUG: -------------------------------", source:  (0)
[22285:22285:0301/134844.509202:INFO:CONSOLE(0)] "DEBUG: For more advanced debugging, install the Ember Inspector from https://chrome.google.com/webstore/detail/ember-inspector/bmdblncegkenkacieihfhpjfppoconhi", source:  (0)
[22285:22285:0301/134855.457887:INFO:CONSOLE(0)] "DEBUG: -------------------------------", source:  (0)
[22285:22285:0301/134855.458101:INFO:CONSOLE(0)] "DEBUG: Ember  : 2.6.2", source:  (0)
[22285:22285:0301/134855.458298:INFO:CONSOLE(0)] "DEBUG: jQuery : 2.2.4", source:  (0)
[22285:22285:0301/134855.458478:INFO:CONSOLE(0)] "DEBUG: -------------------------------", source:  (0)
[22285:22285:0301/134855.495944:INFO:CONSOLE(0)] "DEBUG: For more advanced debugging, install the Ember Inspector from https://chrome.google.com/webstore/detail/ember-inspector/bmdblncegkenkacieihfhpjfppoconhi", source:  (0)
[22285:22285:0301/134906.929836:INFO:CONSOLE(0)] "DEBUG: -------------------------------", source:  (0)
[22285:22285:0301/134906.930050:INFO:CONSOLE(0)] "DEBUG: Ember  : 2.6.2", source:  (0)
[22285:22285:0301/134906.930231:INFO:CONSOLE(0)] "DEBUG: jQuery : 2.2.4", source:  (0)
[22285:22285:0301/134906.930404:INFO:CONSOLE(0)] "DEBUG: -------------------------------", source:  (0)
[22285:22285:0301/134906.978964:INFO:CONSOLE(0)] "DEBUG: For more advanced debugging, install the Ember Inspector from https://chrome.google.com/webstore/detail/ember-inspector/bmdblncegkenkacieihfhpjfppoconhi", source:  (0)
[22285:22285:0301/134918.125528:INFO:CONSOLE(0)] "DEBUG: -------------------------------", source:  (0)
[22285:22285:0301/134918.125744:INFO:CONSOLE(0)] "DEBUG: Ember  : 2.6.2", source:  (0)
[22285:22285:0301/134918.125926:INFO:CONSOLE(0)] "DEBUG: jQuery : 2.2.4", source:  (0)
[22285:22285:0301/134918.126097:INFO:CONSOLE(0)] "DEBUG: -------------------------------", source:  (0)
[22285:22285:0301/134918.164223:INFO:CONSOLE(0)] "DEBUG: For more advanced debugging, install the Ember Inspector from https://chrome.google.com/webstore/detail/ember-inspector/bmdblncegkenkacieihfhpjfppoconhi", source:  (0)
[22285:22285:0301/134929.265793:INFO:CONSOLE(0)] "DEBUG: -------------------------------", source:  (0)
[22285:22285:0301/134929.266006:INFO:CONSOLE(0)] "DEBUG: Ember  : 2.6.2", source:  (0)
[22285:22285:0301/134929.266179:INFO:CONSOLE(0)] "DEBUG: jQuery : 2.2.4", source:  (0)
[22285:22285:0301/134929.266352:INFO:CONSOLE(0)] "DEBUG: -------------------------------", source:  (0)
[22285:22285:0301/134929.304109:INFO:CONSOLE(0)] "DEBUG: For more advanced debugging, install the Ember Inspector from https://chrome.google.com/webstore/detail/ember-inspector/bmdblncegkenkacieihfhpjfppoconhi", source:  (0)
[22285:22285:0301/134941.057083:INFO:CONSOLE(0)] "DEBUG: -------------------------------", source:  (0)
[22285:22285:0301/134941.057293:INFO:CONSOLE(0)] "DEBUG: Ember  : 2.6.2", source:  (0)
[22285:22285:0301/134941.057466:INFO:CONSOLE(0)] "DEBUG: jQuery : 2.2.4", source:  (0)
[22285:22285:0301/134941.057635:INFO:CONSOLE(0)] "DEBUG: -------------------------------", source:  (0)
[22285:22285:0301/134941.096832:INFO:CONSOLE(0)] "DEBUG: For more advanced debugging, install the Ember Inspector from https://chrome.google.com/webstore/detail/ember-inspector/bmdblncegkenkacieihfhpjfppoconhi", source:  (0)
[22285:22285:0301/134952.355719:INFO:CONSOLE(0)] "DEBUG: -------------------------------", source:  (0)
[22285:22285:0301/134952.355929:INFO:CONSOLE(0)] "DEBUG: Ember  : 2.6.2", source:  (0)
[22285:22285:0301/134952.356103:INFO:CONSOLE(0)] "DEBUG: jQuery : 2.2.4", source:  (0)
[22285:22285:0301/134952.356272:INFO:CONSOLE(0)] "DEBUG: -------------------------------", source:  (0)
[22285:22285:0301/134952.394515:INFO:CONSOLE(0)] "DEBUG: For more advanced debugging, install the Ember Inspector from https://chrome.google.com/webstore/detail/ember-inspector/bmdblncegkenkacieihfhpjfppoconhi", source:  (0)
