[32642:32642:0301/202035.782910:WARNING:chrome_main_delegate.cc(618)] This is Chrome version 112.0.5572.0 (not a warning)
[32642:32657:0301/202035.958086:ERROR:bus.cc(399)] Failed to connect to the bus: Could not parse server address: Unknown address type (examples of valid types are "tcp" and on UNIX "unix")
[32642:32657:0301/202035.958119:ERROR:bus.cc(399)] Failed to connect to the bus: Could not parse server address: Unknown address type (examples of valid types are "tcp" and on UNIX "unix")
[32642:32642:0301/202035.992908:WARNING:account_consistency_mode_manager.cc(70)] Desktop Identity Consistency cannot be enabled as no OAuth client ID and client secret have been configured.
[32642:32657:0301/202035.999863:ERROR:bus.cc(399)] Failed to connect to the bus: Could not parse server address: Unknown address type (examples of valid types are "tcp" and on UNIX "unix")
[32642:32657:0301/202035.999895:ERROR:bus.cc(399)] Failed to connect to the bus: Could not parse server address: Unknown address type (examples of valid types are "tcp" and on UNIX "unix")
[32642:32642:0301/202036.201623:WARNING:bluez_dbus_manager.cc(247)] Floss manager not present, cannot set Floss enable/disable.
[32642:32730:0301/202036.231991:ERROR:object_proxy.cc(623)] Failed to call method: org.freedesktop.DBus.Properties.Get: object_path= /org/freedesktop/UPower: org.freedesktop.DBus.Error.ServiceUnknown: The name org.freedesktop.UPower was not provided by any .service files
[32642:32730:0301/202036.232007:WARNING:property.cc(144)] DaemonVersion: GetAndBlock: failed.
[32642:32730:0301/202036.232354:ERROR:object_proxy.cc(623)] Failed to call method: org.freedesktop.UPower.GetDisplayDevice: object_path= /org/freedesktop/UPower: org.freedesktop.DBus.Error.ServiceUnknown: The name org.freedesktop.UPower was not provided by any .service files
[32642:32730:0301/202036.234305:ERROR:object_proxy.cc(623)] Failed to call method: org.freedesktop.UPower.EnumerateDevices: object_path= /org/freedesktop/UPower: org.freedesktop.DBus.Error.ServiceUnknown: The name org.freedesktop.UPower was not provided by any .service files
[32642:32657:0301/202036.536260:ERROR:bus.cc(399)] Failed to connect to the bus: Could not parse server address: Unknown address type (examples of valid types are "tcp" and on UNIX "unix")
[32642:32657:0301/202036.544743:ERROR:bus.cc(399)] Failed to connect to the bus: Could not parse server address: Unknown address type (examples of valid types are "tcp" and on UNIX "unix")
[32642:32642:0301/202039.977515:INFO:optimization_guide_logger.cc(42)] ../../components/optimization_guide/core/hints_manager.cc(523) Hint cache initialized
[32642:32642:0301/202040.293084:INFO:optimization_guide_logger.cc(42)] ../../components/optimization_guide/content/browser/page_content_annotations_service.cc(309) PageContentAnnotationJob Result: BatchAnnotationResult{"Speedometer 2.1 Interactive Runner", type: ContentVisibility, output: nullopt}
[32642:32642:0301/202040.293157:INFO:optimization_guide_logger.cc(42)] ../../components/optimization_guide/content/browser/page_content_annotations_service.cc(309) PageContentAnnotationJob Result: BatchAnnotationResult{"Speedometer 2.1 Interactive Runner", type: PageEntities, output: nullopt}
[32642:32642:0301/202049.891764:INFO:CONSOLE(0)] "DEBUG: -------------------------------", source:  (0)
[32642:32642:0301/202049.891970:INFO:CONSOLE(0)] "DEBUG: Ember  : 2.6.2", source:  (0)
[32642:32642:0301/202049.892144:INFO:CONSOLE(0)] "DEBUG: jQuery : 2.2.4", source:  (0)
[32642:32642:0301/202049.892315:INFO:CONSOLE(0)] "DEBUG: -------------------------------", source:  (0)
[32642:32642:0301/202049.978188:INFO:CONSOLE(0)] "DEBUG: For more advanced debugging, install the Ember Inspector from https://chrome.google.com/webstore/detail/ember-inspector/bmdblncegkenkacieihfhpjfppoconhi", source:  (0)
[32642:32642:0301/202105.608169:INFO:CONSOLE(0)] "DEBUG: -------------------------------", source:  (0)
[32642:32642:0301/202105.608372:INFO:CONSOLE(0)] "DEBUG: Ember  : 2.6.2", source:  (0)
[32642:32642:0301/202105.608546:INFO:CONSOLE(0)] "DEBUG: jQuery : 2.2.4", source:  (0)
[32642:32642:0301/202105.608725:INFO:CONSOLE(0)] "DEBUG: -------------------------------", source:  (0)
[32642:32642:0301/202105.644998:INFO:CONSOLE(0)] "DEBUG: For more advanced debugging, install the Ember Inspector from https://chrome.google.com/webstore/detail/ember-inspector/bmdblncegkenkacieihfhpjfppoconhi", source:  (0)
[32642:32642:0301/202116.770297:INFO:CONSOLE(0)] "DEBUG: -------------------------------", source:  (0)
[32642:32642:0301/202116.770504:INFO:CONSOLE(0)] "DEBUG: Ember  : 2.6.2", source:  (0)
[32642:32642:0301/202116.770688:INFO:CONSOLE(0)] "DEBUG: jQuery : 2.2.4", source:  (0)
[32642:32642:0301/202116.770859:INFO:CONSOLE(0)] "DEBUG: -------------------------------", source:  (0)
[32642:32642:0301/202116.807037:INFO:CONSOLE(0)] "DEBUG: For more advanced debugging, install the Ember Inspector from https://chrome.google.com/webstore/detail/ember-inspector/bmdblncegkenkacieihfhpjfppoconhi", source:  (0)
[32642:32642:0301/202127.961946:INFO:CONSOLE(0)] "DEBUG: -------------------------------", source:  (0)
[32642:32642:0301/202127.962154:INFO:CONSOLE(0)] "DEBUG: Ember  : 2.6.2", source:  (0)
[32642:32642:0301/202127.962338:INFO:CONSOLE(0)] "DEBUG: jQuery : 2.2.4", source:  (0)
[32642:32642:0301/202127.962520:INFO:CONSOLE(0)] "DEBUG: -------------------------------", source:  (0)
[32642:32642:0301/202127.999288:INFO:CONSOLE(0)] "DEBUG: For more advanced debugging, install the Ember Inspector from https://chrome.google.com/webstore/detail/ember-inspector/bmdblncegkenkacieihfhpjfppoconhi", source:  (0)
[32642:32642:0301/202139.482594:INFO:CONSOLE(0)] "DEBUG: -------------------------------", source:  (0)
[32642:32642:0301/202139.482801:INFO:CONSOLE(0)] "DEBUG: Ember  : 2.6.2", source:  (0)
[32642:32642:0301/202139.482975:INFO:CONSOLE(0)] "DEBUG: jQuery : 2.2.4", source:  (0)
[32642:32642:0301/202139.483148:INFO:CONSOLE(0)] "DEBUG: -------------------------------", source:  (0)
[32642:32642:0301/202139.520053:INFO:CONSOLE(0)] "DEBUG: For more advanced debugging, install the Ember Inspector from https://chrome.google.com/webstore/detail/ember-inspector/bmdblncegkenkacieihfhpjfppoconhi", source:  (0)
[32642:32642:0301/202151.183873:INFO:CONSOLE(0)] "DEBUG: -------------------------------", source:  (0)
[32642:32642:0301/202151.184084:INFO:CONSOLE(0)] "DEBUG: Ember  : 2.6.2", source:  (0)
[32642:32642:0301/202151.184258:INFO:CONSOLE(0)] "DEBUG: jQuery : 2.2.4", source:  (0)
[32642:32642:0301/202151.184431:INFO:CONSOLE(0)] "DEBUG: -------------------------------", source:  (0)
[32642:32642:0301/202151.221564:INFO:CONSOLE(0)] "DEBUG: For more advanced debugging, install the Ember Inspector from https://chrome.google.com/webstore/detail/ember-inspector/bmdblncegkenkacieihfhpjfppoconhi", source:  (0)
[32642:32642:0301/202202.978689:INFO:CONSOLE(0)] "DEBUG: -------------------------------", source:  (0)
[32642:32642:0301/202202.978902:INFO:CONSOLE(0)] "DEBUG: Ember  : 2.6.2", source:  (0)
[32642:32642:0301/202202.979079:INFO:CONSOLE(0)] "DEBUG: jQuery : 2.2.4", source:  (0)
[32642:32642:0301/202202.979250:INFO:CONSOLE(0)] "DEBUG: -------------------------------", source:  (0)
[32642:32642:0301/202203.016402:INFO:CONSOLE(0)] "DEBUG: For more advanced debugging, install the Ember Inspector from https://chrome.google.com/webstore/detail/ember-inspector/bmdblncegkenkacieihfhpjfppoconhi", source:  (0)
[32642:32642:0301/202214.973274:INFO:CONSOLE(0)] "DEBUG: -------------------------------", source:  (0)
[32642:32642:0301/202214.973484:INFO:CONSOLE(0)] "DEBUG: Ember  : 2.6.2", source:  (0)
[32642:32642:0301/202214.973660:INFO:CONSOLE(0)] "DEBUG: jQuery : 2.2.4", source:  (0)
[32642:32642:0301/202214.973832:INFO:CONSOLE(0)] "DEBUG: -------------------------------", source:  (0)
[32642:32642:0301/202215.011060:INFO:CONSOLE(0)] "DEBUG: For more advanced debugging, install the Ember Inspector from https://chrome.google.com/webstore/detail/ember-inspector/bmdblncegkenkacieihfhpjfppoconhi", source:  (0)
[32642:32642:0301/202227.217377:INFO:CONSOLE(0)] "DEBUG: -------------------------------", source:  (0)
[32642:32642:0301/202227.217591:INFO:CONSOLE(0)] "DEBUG: Ember  : 2.6.2", source:  (0)
[32642:32642:0301/202227.217766:INFO:CONSOLE(0)] "DEBUG: jQuery : 2.2.4", source:  (0)
[32642:32642:0301/202227.217938:INFO:CONSOLE(0)] "DEBUG: -------------------------------", source:  (0)
[32642:32642:0301/202227.255880:INFO:CONSOLE(0)] "DEBUG: For more advanced debugging, install the Ember Inspector from https://chrome.google.com/webstore/detail/ember-inspector/bmdblncegkenkacieihfhpjfppoconhi", source:  (0)
[32642:32642:0301/202239.683793:INFO:CONSOLE(0)] "DEBUG: -------------------------------", source:  (0)
[32642:32642:0301/202239.684000:INFO:CONSOLE(0)] "DEBUG: Ember  : 2.6.2", source:  (0)
[32642:32642:0301/202239.684175:INFO:CONSOLE(0)] "DEBUG: jQuery : 2.2.4", source:  (0)
[32642:32642:0301/202239.684356:INFO:CONSOLE(0)] "DEBUG: -------------------------------", source:  (0)
[32642:32642:0301/202239.722203:INFO:CONSOLE(0)] "DEBUG: For more advanced debugging, install the Ember Inspector from https://chrome.google.com/webstore/detail/ember-inspector/bmdblncegkenkacieihfhpjfppoconhi", source:  (0)
