[23780:23780:0301/140802.550850:WARNING:chrome_main_delegate.cc(618)] This is Chrome version 112.0.5572.0 (not a warning)
[23780:23794:0301/140802.728016:ERROR:bus.cc(399)] Failed to connect to the bus: Could not parse server address: Unknown address type (examples of valid types are "tcp" and on UNIX "unix")
[23780:23794:0301/140802.728050:ERROR:bus.cc(399)] Failed to connect to the bus: Could not parse server address: Unknown address type (examples of valid types are "tcp" and on UNIX "unix")
[23780:23780:0301/140802.773653:WARNING:account_consistency_mode_manager.cc(70)] Desktop Identity Consistency cannot be enabled as no OAuth client ID and client secret have been configured.
[23780:23794:0301/140802.788857:ERROR:bus.cc(399)] Failed to connect to the bus: Could not parse server address: Unknown address type (examples of valid types are "tcp" and on UNIX "unix")
[23780:23794:0301/140802.788895:ERROR:bus.cc(399)] Failed to connect to the bus: Could not parse server address: Unknown address type (examples of valid types are "tcp" and on UNIX "unix")
[23780:23780:0301/140802.981720:WARNING:bluez_dbus_manager.cc(247)] Floss manager not present, cannot set Floss enable/disable.
[23780:23869:0301/140803.022941:ERROR:object_proxy.cc(623)] Failed to call method: org.freedesktop.DBus.Properties.Get: object_path= /org/freedesktop/UPower: org.freedesktop.DBus.Error.ServiceUnknown: The name org.freedesktop.UPower was not provided by any .service files
[23780:23869:0301/140803.035499:WARNING:property.cc(144)] DaemonVersion: GetAndBlock: failed.
[23780:23869:0301/140803.035651:ERROR:object_proxy.cc(623)] Failed to call method: org.freedesktop.UPower.GetDisplayDevice: object_path= /org/freedesktop/UPower: org.freedesktop.DBus.Error.ServiceUnknown: The name org.freedesktop.UPower was not provided by any .service files
[23780:23869:0301/140803.035753:ERROR:object_proxy.cc(623)] Failed to call method: org.freedesktop.UPower.EnumerateDevices: object_path= /org/freedesktop/UPower: org.freedesktop.DBus.Error.ServiceUnknown: The name org.freedesktop.UPower was not provided by any .service files
[23780:23794:0301/140803.220104:ERROR:bus.cc(399)] Failed to connect to the bus: Could not parse server address: Unknown address type (examples of valid types are "tcp" and on UNIX "unix")
[23780:23794:0301/140803.228850:ERROR:bus.cc(399)] Failed to connect to the bus: Could not parse server address: Unknown address type (examples of valid types are "tcp" and on UNIX "unix")
[23780:23780:0301/140806.410445:INFO:optimization_guide_logger.cc(42)] ../../components/optimization_guide/core/hints_manager.cc(523) Hint cache initialized
[23780:23780:0301/140806.863448:INFO:optimization_guide_logger.cc(42)] ../../components/optimization_guide/content/browser/page_content_annotations_service.cc(309) PageContentAnnotationJob Result: BatchAnnotationResult{"Speedometer 2.1 Interactive Runner", type: ContentVisibility, output: nullopt}
[23780:23780:0301/140806.871151:INFO:optimization_guide_logger.cc(42)] ../../components/optimization_guide/content/browser/page_content_annotations_service.cc(309) PageContentAnnotationJob Result: BatchAnnotationResult{"Speedometer 2.1 Interactive Runner", type: PageEntities, output: nullopt}
[23780:23780:0301/140814.490718:INFO:CONSOLE(0)] "DEBUG: -------------------------------", source:  (0)
[23780:23780:0301/140814.490934:INFO:CONSOLE(0)] "DEBUG: Ember  : 2.6.2", source:  (0)
[23780:23780:0301/140814.491107:INFO:CONSOLE(0)] "DEBUG: jQuery : 2.2.4", source:  (0)
[23780:23780:0301/140814.491277:INFO:CONSOLE(0)] "DEBUG: -------------------------------", source:  (0)
[23780:23780:0301/140814.577313:INFO:CONSOLE(0)] "DEBUG: For more advanced debugging, install the Ember Inspector from https://chrome.google.com/webstore/detail/ember-inspector/bmdblncegkenkacieihfhpjfppoconhi", source:  (0)
[23780:23780:0301/140830.450606:INFO:CONSOLE(0)] "DEBUG: -------------------------------", source:  (0)
[23780:23780:0301/140830.450805:INFO:CONSOLE(0)] "DEBUG: Ember  : 2.6.2", source:  (0)
[23780:23780:0301/140830.450985:INFO:CONSOLE(0)] "DEBUG: jQuery : 2.2.4", source:  (0)
[23780:23780:0301/140830.451161:INFO:CONSOLE(0)] "DEBUG: -------------------------------", source:  (0)
[23780:23780:0301/140830.489569:INFO:CONSOLE(0)] "DEBUG: For more advanced debugging, install the Ember Inspector from https://chrome.google.com/webstore/detail/ember-inspector/bmdblncegkenkacieihfhpjfppoconhi", source:  (0)
[23780:23780:0301/140841.593240:INFO:CONSOLE(0)] "DEBUG: -------------------------------", source:  (0)
[23780:23780:0301/140841.593450:INFO:CONSOLE(0)] "DEBUG: Ember  : 2.6.2", source:  (0)
[23780:23780:0301/140841.593622:INFO:CONSOLE(0)] "DEBUG: jQuery : 2.2.4", source:  (0)
[23780:23780:0301/140841.593792:INFO:CONSOLE(0)] "DEBUG: -------------------------------", source:  (0)
[23780:23780:0301/140841.631387:INFO:CONSOLE(0)] "DEBUG: For more advanced debugging, install the Ember Inspector from https://chrome.google.com/webstore/detail/ember-inspector/bmdblncegkenkacieihfhpjfppoconhi", source:  (0)
[23780:23780:0301/140852.798494:INFO:CONSOLE(0)] "DEBUG: -------------------------------", source:  (0)
[23780:23780:0301/140852.798708:INFO:CONSOLE(0)] "DEBUG: Ember  : 2.6.2", source:  (0)
[23780:23780:0301/140852.798881:INFO:CONSOLE(0)] "DEBUG: jQuery : 2.2.4", source:  (0)
[23780:23780:0301/140852.799051:INFO:CONSOLE(0)] "DEBUG: -------------------------------", source:  (0)
[23780:23780:0301/140852.836893:INFO:CONSOLE(0)] "DEBUG: For more advanced debugging, install the Ember Inspector from https://chrome.google.com/webstore/detail/ember-inspector/bmdblncegkenkacieihfhpjfppoconhi", source:  (0)
[23780:23780:0301/140904.069385:INFO:CONSOLE(0)] "DEBUG: -------------------------------", source:  (0)
[23780:23780:0301/140904.069600:INFO:CONSOLE(0)] "DEBUG: Ember  : 2.6.2", source:  (0)
[23780:23780:0301/140904.069773:INFO:CONSOLE(0)] "DEBUG: jQuery : 2.2.4", source:  (0)
[23780:23780:0301/140904.069944:INFO:CONSOLE(0)] "DEBUG: -------------------------------", source:  (0)
[23780:23780:0301/140904.109148:INFO:CONSOLE(0)] "DEBUG: For more advanced debugging, install the Ember Inspector from https://chrome.google.com/webstore/detail/ember-inspector/bmdblncegkenkacieihfhpjfppoconhi", source:  (0)
[23780:23780:0301/140915.794319:INFO:CONSOLE(0)] "DEBUG: -------------------------------", source:  (0)
[23780:23780:0301/140915.794533:INFO:CONSOLE(0)] "DEBUG: Ember  : 2.6.2", source:  (0)
[23780:23780:0301/140915.794707:INFO:CONSOLE(0)] "DEBUG: jQuery : 2.2.4", source:  (0)
[23780:23780:0301/140915.794877:INFO:CONSOLE(0)] "DEBUG: -------------------------------", source:  (0)
[23780:23780:0301/140915.832789:INFO:CONSOLE(0)] "DEBUG: For more advanced debugging, install the Ember Inspector from https://chrome.google.com/webstore/detail/ember-inspector/bmdblncegkenkacieihfhpjfppoconhi", source:  (0)
[23780:23780:0301/140926.897497:INFO:CONSOLE(0)] "DEBUG: -------------------------------", source:  (0)
[23780:23780:0301/140926.897702:INFO:CONSOLE(0)] "DEBUG: Ember  : 2.6.2", source:  (0)
[23780:23780:0301/140926.897882:INFO:CONSOLE(0)] "DEBUG: jQuery : 2.2.4", source:  (0)
[23780:23780:0301/140926.898053:INFO:CONSOLE(0)] "DEBUG: -------------------------------", source:  (0)
[23780:23780:0301/140926.935554:INFO:CONSOLE(0)] "DEBUG: For more advanced debugging, install the Ember Inspector from https://chrome.google.com/webstore/detail/ember-inspector/bmdblncegkenkacieihfhpjfppoconhi", source:  (0)
[23780:23780:0301/140938.153021:INFO:CONSOLE(0)] "DEBUG: -------------------------------", source:  (0)
[23780:23780:0301/140938.153227:INFO:CONSOLE(0)] "DEBUG: Ember  : 2.6.2", source:  (0)
[23780:23780:0301/140938.153399:INFO:CONSOLE(0)] "DEBUG: jQuery : 2.2.4", source:  (0)
[23780:23780:0301/140938.153577:INFO:CONSOLE(0)] "DEBUG: -------------------------------", source:  (0)
[23780:23780:0301/140938.191082:INFO:CONSOLE(0)] "DEBUG: For more advanced debugging, install the Ember Inspector from https://chrome.google.com/webstore/detail/ember-inspector/bmdblncegkenkacieihfhpjfppoconhi", source:  (0)
[23780:23780:0301/140949.727274:INFO:CONSOLE(0)] "DEBUG: -------------------------------", source:  (0)
[23780:23780:0301/140949.727492:INFO:CONSOLE(0)] "DEBUG: Ember  : 2.6.2", source:  (0)
[23780:23780:0301/140949.727679:INFO:CONSOLE(0)] "DEBUG: jQuery : 2.2.4", source:  (0)
[23780:23780:0301/140949.727850:INFO:CONSOLE(0)] "DEBUG: -------------------------------", source:  (0)
[23780:23780:0301/140949.773404:INFO:CONSOLE(0)] "DEBUG: For more advanced debugging, install the Ember Inspector from https://chrome.google.com/webstore/detail/ember-inspector/bmdblncegkenkacieihfhpjfppoconhi", source:  (0)
[23780:23780:0301/141001.033558:INFO:CONSOLE(0)] "DEBUG: -------------------------------", source:  (0)
[23780:23780:0301/141001.033771:INFO:CONSOLE(0)] "DEBUG: Ember  : 2.6.2", source:  (0)
[23780:23780:0301/141001.033946:INFO:CONSOLE(0)] "DEBUG: jQuery : 2.2.4", source:  (0)
[23780:23780:0301/141001.034116:INFO:CONSOLE(0)] "DEBUG: -------------------------------", source:  (0)
[23780:23780:0301/141001.079488:INFO:CONSOLE(0)] "DEBUG: For more advanced debugging, install the Ember Inspector from https://chrome.google.com/webstore/detail/ember-inspector/bmdblncegkenkacieihfhpjfppoconhi", source:  (0)
