[21392:21392:0301/133650.273429:WARNING:chrome_main_delegate.cc(618)] This is Chrome version 112.0.5572.0 (not a warning)
[21392:21406:0301/133650.450198:ERROR:bus.cc(399)] Failed to connect to the bus: Could not parse server address: Unknown address type (examples of valid types are "tcp" and on UNIX "unix")
[21392:21406:0301/133650.450237:ERROR:bus.cc(399)] Failed to connect to the bus: Could not parse server address: Unknown address type (examples of valid types are "tcp" and on UNIX "unix")
[21392:21392:0301/133650.489944:WARNING:account_consistency_mode_manager.cc(70)] Desktop Identity Consistency cannot be enabled as no OAuth client ID and client secret have been configured.
[21392:21406:0301/133650.497065:ERROR:bus.cc(399)] Failed to connect to the bus: Could not parse server address: Unknown address type (examples of valid types are "tcp" and on UNIX "unix")
[21392:21406:0301/133650.497101:ERROR:bus.cc(399)] Failed to connect to the bus: Could not parse server address: Unknown address type (examples of valid types are "tcp" and on UNIX "unix")
[21392:21392:0301/133650.750151:WARNING:bluez_dbus_manager.cc(247)] Floss manager not present, cannot set Floss enable/disable.
[21392:21483:0301/133650.806051:ERROR:object_proxy.cc(623)] Failed to call method: org.freedesktop.DBus.Properties.Get: object_path= /org/freedesktop/UPower: org.freedesktop.DBus.Error.ServiceUnknown: The name org.freedesktop.UPower was not provided by any .service files
[21392:21483:0301/133650.806069:WARNING:property.cc(144)] DaemonVersion: GetAndBlock: failed.
[21392:21483:0301/133650.806182:ERROR:object_proxy.cc(623)] Failed to call method: org.freedesktop.UPower.GetDisplayDevice: object_path= /org/freedesktop/UPower: org.freedesktop.DBus.Error.ServiceUnknown: The name org.freedesktop.UPower was not provided by any .service files
[21392:21483:0301/133650.806388:ERROR:object_proxy.cc(623)] Failed to call method: org.freedesktop.UPower.EnumerateDevices: object_path= /org/freedesktop/UPower: org.freedesktop.DBus.Error.ServiceUnknown: The name org.freedesktop.UPower was not provided by any .service files
[21392:21406:0301/133650.927519:ERROR:bus.cc(399)] Failed to connect to the bus: Could not parse server address: Unknown address type (examples of valid types are "tcp" and on UNIX "unix")
[21392:21406:0301/133650.961141:ERROR:bus.cc(399)] Failed to connect to the bus: Could not parse server address: Unknown address type (examples of valid types are "tcp" and on UNIX "unix")
[21392:21392:0301/133654.590517:INFO:optimization_guide_logger.cc(42)] ../../components/optimization_guide/content/browser/page_content_annotations_service.cc(309) PageContentAnnotationJob Result: BatchAnnotationResult{"Speedometer 2.1 Interactive Runner", type: ContentVisibility, output: nullopt}
[21392:21392:0301/133654.590584:INFO:optimization_guide_logger.cc(42)] ../../components/optimization_guide/content/browser/page_content_annotations_service.cc(309) PageContentAnnotationJob Result: BatchAnnotationResult{"Speedometer 2.1 Interactive Runner", type: PageEntities, output: nullopt}
[21392:21392:0301/133654.653142:INFO:optimization_guide_logger.cc(42)] ../../components/optimization_guide/core/hints_manager.cc(523) Hint cache initialized
[21392:21392:0301/133702.204498:INFO:CONSOLE(0)] "DEBUG: -------------------------------", source:  (0)
[21392:21392:0301/133702.204710:INFO:CONSOLE(0)] "DEBUG: Ember  : 2.6.2", source:  (0)
[21392:21392:0301/133702.204883:INFO:CONSOLE(0)] "DEBUG: jQuery : 2.2.4", source:  (0)
[21392:21392:0301/133702.205052:INFO:CONSOLE(0)] "DEBUG: -------------------------------", source:  (0)
[21392:21392:0301/133702.292753:INFO:CONSOLE(0)] "DEBUG: For more advanced debugging, install the Ember Inspector from https://chrome.google.com/webstore/detail/ember-inspector/bmdblncegkenkacieihfhpjfppoconhi", source:  (0)
[21392:21392:0301/133718.099130:INFO:CONSOLE(0)] "DEBUG: -------------------------------", source:  (0)
[21392:21392:0301/133718.099331:INFO:CONSOLE(0)] "DEBUG: Ember  : 2.6.2", source:  (0)
[21392:21392:0301/133718.099504:INFO:CONSOLE(0)] "DEBUG: jQuery : 2.2.4", source:  (0)
[21392:21392:0301/133718.099689:INFO:CONSOLE(0)] "DEBUG: -------------------------------", source:  (0)
[21392:21392:0301/133718.138864:INFO:CONSOLE(0)] "DEBUG: For more advanced debugging, install the Ember Inspector from https://chrome.google.com/webstore/detail/ember-inspector/bmdblncegkenkacieihfhpjfppoconhi", source:  (0)
[21392:21392:0301/133729.510547:INFO:CONSOLE(0)] "DEBUG: -------------------------------", source:  (0)
[21392:21392:0301/133729.510756:INFO:CONSOLE(0)] "DEBUG: Ember  : 2.6.2", source:  (0)
[21392:21392:0301/133729.510930:INFO:CONSOLE(0)] "DEBUG: jQuery : 2.2.4", source:  (0)
[21392:21392:0301/133729.511100:INFO:CONSOLE(0)] "DEBUG: -------------------------------", source:  (0)
[21392:21392:0301/133729.549042:INFO:CONSOLE(0)] "DEBUG: For more advanced debugging, install the Ember Inspector from https://chrome.google.com/webstore/detail/ember-inspector/bmdblncegkenkacieihfhpjfppoconhi", source:  (0)
[21392:21392:0301/133740.508681:INFO:CONSOLE(0)] "DEBUG: -------------------------------", source:  (0)
[21392:21392:0301/133740.508885:INFO:CONSOLE(0)] "DEBUG: Ember  : 2.6.2", source:  (0)
[21392:21392:0301/133740.509059:INFO:CONSOLE(0)] "DEBUG: jQuery : 2.2.4", source:  (0)
[21392:21392:0301/133740.509229:INFO:CONSOLE(0)] "DEBUG: -------------------------------", source:  (0)
[21392:21392:0301/133740.545915:INFO:CONSOLE(0)] "DEBUG: For more advanced debugging, install the Ember Inspector from https://chrome.google.com/webstore/detail/ember-inspector/bmdblncegkenkacieihfhpjfppoconhi", source:  (0)
[21392:21392:0301/133751.725119:INFO:CONSOLE(0)] "DEBUG: -------------------------------", source:  (0)
[21392:21392:0301/133751.725328:INFO:CONSOLE(0)] "DEBUG: Ember  : 2.6.2", source:  (0)
[21392:21392:0301/133751.725502:INFO:CONSOLE(0)] "DEBUG: jQuery : 2.2.4", source:  (0)
[21392:21392:0301/133751.725672:INFO:CONSOLE(0)] "DEBUG: -------------------------------", source:  (0)
[21392:21392:0301/133751.763794:INFO:CONSOLE(0)] "DEBUG: For more advanced debugging, install the Ember Inspector from https://chrome.google.com/webstore/detail/ember-inspector/bmdblncegkenkacieihfhpjfppoconhi", source:  (0)
[21392:21392:0301/133803.078383:INFO:CONSOLE(0)] "DEBUG: -------------------------------", source:  (0)
[21392:21392:0301/133803.078593:INFO:CONSOLE(0)] "DEBUG: Ember  : 2.6.2", source:  (0)
[21392:21392:0301/133803.078766:INFO:CONSOLE(0)] "DEBUG: jQuery : 2.2.4", source:  (0)
[21392:21392:0301/133803.078936:INFO:CONSOLE(0)] "DEBUG: -------------------------------", source:  (0)
[21392:21392:0301/133803.116923:INFO:CONSOLE(0)] "DEBUG: For more advanced debugging, install the Ember Inspector from https://chrome.google.com/webstore/detail/ember-inspector/bmdblncegkenkacieihfhpjfppoconhi", source:  (0)
[21392:21392:0301/133814.641241:INFO:CONSOLE(0)] "DEBUG: -------------------------------", source:  (0)
[21392:21392:0301/133814.641444:INFO:CONSOLE(0)] "DEBUG: Ember  : 2.6.2", source:  (0)
[21392:21392:0301/133814.641617:INFO:CONSOLE(0)] "DEBUG: jQuery : 2.2.4", source:  (0)
[21392:21392:0301/133814.641793:INFO:CONSOLE(0)] "DEBUG: -------------------------------", source:  (0)
[21392:21392:0301/133814.679197:INFO:CONSOLE(0)] "DEBUG: For more advanced debugging, install the Ember Inspector from https://chrome.google.com/webstore/detail/ember-inspector/bmdblncegkenkacieihfhpjfppoconhi", source:  (0)
[21392:21392:0301/133826.003620:INFO:CONSOLE(0)] "DEBUG: -------------------------------", source:  (0)
[21392:21392:0301/133826.003828:INFO:CONSOLE(0)] "DEBUG: Ember  : 2.6.2", source:  (0)
[21392:21392:0301/133826.004003:INFO:CONSOLE(0)] "DEBUG: jQuery : 2.2.4", source:  (0)
[21392:21392:0301/133826.004174:INFO:CONSOLE(0)] "DEBUG: -------------------------------", source:  (0)
[21392:21392:0301/133826.041409:INFO:CONSOLE(0)] "DEBUG: For more advanced debugging, install the Ember Inspector from https://chrome.google.com/webstore/detail/ember-inspector/bmdblncegkenkacieihfhpjfppoconhi", source:  (0)
[21392:21392:0301/133837.276826:INFO:CONSOLE(0)] "DEBUG: -------------------------------", source:  (0)
[21392:21392:0301/133837.277043:INFO:CONSOLE(0)] "DEBUG: Ember  : 2.6.2", source:  (0)
[21392:21392:0301/133837.277217:INFO:CONSOLE(0)] "DEBUG: jQuery : 2.2.4", source:  (0)
[21392:21392:0301/133837.277387:INFO:CONSOLE(0)] "DEBUG: -------------------------------", source:  (0)
[21392:21392:0301/133837.314788:INFO:CONSOLE(0)] "DEBUG: For more advanced debugging, install the Ember Inspector from https://chrome.google.com/webstore/detail/ember-inspector/bmdblncegkenkacieihfhpjfppoconhi", source:  (0)
[21392:21392:0301/133848.577592:INFO:CONSOLE(0)] "DEBUG: -------------------------------", source:  (0)
[21392:21392:0301/133848.577796:INFO:CONSOLE(0)] "DEBUG: Ember  : 2.6.2", source:  (0)
[21392:21392:0301/133848.577978:INFO:CONSOLE(0)] "DEBUG: jQuery : 2.2.4", source:  (0)
[21392:21392:0301/133848.578155:INFO:CONSOLE(0)] "DEBUG: -------------------------------", source:  (0)
[21392:21392:0301/133848.615131:INFO:CONSOLE(0)] "DEBUG: For more advanced debugging, install the Ember Inspector from https://chrome.google.com/webstore/detail/ember-inspector/bmdblncegkenkacieihfhpjfppoconhi", source:  (0)
