[3203:3203:0301/210250.613081:WARNING:chrome_main_delegate.cc(618)] This is Chrome version 112.0.5572.0 (not a warning)
[3203:3217:0301/210250.791065:ERROR:bus.cc(399)] Failed to connect to the bus: Could not parse server address: Unknown address type (examples of valid types are "tcp" and on UNIX "unix")
[3203:3217:0301/210250.791099:ERROR:bus.cc(399)] Failed to connect to the bus: Could not parse server address: Unknown address type (examples of valid types are "tcp" and on UNIX "unix")
[3203:3203:0301/210250.829114:WARNING:account_consistency_mode_manager.cc(70)] Desktop Identity Consistency cannot be enabled as no OAuth client ID and client secret have been configured.
[3203:3217:0301/210250.836585:ERROR:bus.cc(399)] Failed to connect to the bus: Could not parse server address: Unknown address type (examples of valid types are "tcp" and on UNIX "unix")
[3203:3217:0301/210250.836617:ERROR:bus.cc(399)] Failed to connect to the bus: Could not parse server address: Unknown address type (examples of valid types are "tcp" and on UNIX "unix")
[3203:3203:0301/210251.054786:WARNING:bluez_dbus_manager.cc(247)] Floss manager not present, cannot set Floss enable/disable.
[3203:3293:0301/210251.079830:ERROR:object_proxy.cc(623)] Failed to call method: org.freedesktop.DBus.Properties.Get: object_path= /org/freedesktop/UPower: org.freedesktop.DBus.Error.ServiceUnknown: The name org.freedesktop.UPower was not provided by any .service files
[3203:3293:0301/210251.079850:WARNING:property.cc(144)] DaemonVersion: GetAndBlock: failed.
[3203:3293:0301/210251.085465:ERROR:object_proxy.cc(623)] Failed to call method: org.freedesktop.UPower.GetDisplayDevice: object_path= /org/freedesktop/UPower: org.freedesktop.DBus.Error.ServiceUnknown: The name org.freedesktop.UPower was not provided by any .service files
[3203:3293:0301/210251.085587:ERROR:object_proxy.cc(623)] Failed to call method: org.freedesktop.UPower.EnumerateDevices: object_path= /org/freedesktop/UPower: org.freedesktop.DBus.Error.ServiceUnknown: The name org.freedesktop.UPower was not provided by any .service files
[3203:3217:0301/210251.369192:ERROR:bus.cc(399)] Failed to connect to the bus: Could not parse server address: Unknown address type (examples of valid types are "tcp" and on UNIX "unix")
[3203:3217:0301/210251.369227:ERROR:bus.cc(399)] Failed to connect to the bus: Could not parse server address: Unknown address type (examples of valid types are "tcp" and on UNIX "unix")
[3203:3203:0301/210254.985279:INFO:optimization_guide_logger.cc(42)] ../../components/optimization_guide/core/hints_manager.cc(523) Hint cache initialized
[3203:3203:0301/210255.054754:INFO:optimization_guide_logger.cc(42)] ../../components/optimization_guide/content/browser/page_content_annotations_service.cc(309) PageContentAnnotationJob Result: BatchAnnotationResult{"Speedometer 2.1 Interactive Runner", type: ContentVisibility, output: nullopt}
[3203:3203:0301/210255.054829:INFO:optimization_guide_logger.cc(42)] ../../components/optimization_guide/content/browser/page_content_annotations_service.cc(309) PageContentAnnotationJob Result: BatchAnnotationResult{"Speedometer 2.1 Interactive Runner", type: PageEntities, output: nullopt}
[3203:3203:0301/210303.440946:INFO:CONSOLE(0)] "DEBUG: -------------------------------", source:  (0)
[3203:3203:0301/210303.441152:INFO:CONSOLE(0)] "DEBUG: Ember  : 2.6.2", source:  (0)
[3203:3203:0301/210303.441325:INFO:CONSOLE(0)] "DEBUG: jQuery : 2.2.4", source:  (0)
[3203:3203:0301/210303.441495:INFO:CONSOLE(0)] "DEBUG: -------------------------------", source:  (0)
[3203:3203:0301/210303.528701:INFO:CONSOLE(0)] "DEBUG: For more advanced debugging, install the Ember Inspector from https://chrome.google.com/webstore/detail/ember-inspector/bmdblncegkenkacieihfhpjfppoconhi", source:  (0)
[3203:3203:0301/210319.540582:INFO:CONSOLE(0)] "DEBUG: -------------------------------", source:  (0)
[3203:3203:0301/210319.540782:INFO:CONSOLE(0)] "DEBUG: Ember  : 2.6.2", source:  (0)
[3203:3203:0301/210319.540961:INFO:CONSOLE(0)] "DEBUG: jQuery : 2.2.4", source:  (0)
[3203:3203:0301/210319.541132:INFO:CONSOLE(0)] "DEBUG: -------------------------------", source:  (0)
[3203:3203:0301/210319.577683:INFO:CONSOLE(0)] "DEBUG: For more advanced debugging, install the Ember Inspector from https://chrome.google.com/webstore/detail/ember-inspector/bmdblncegkenkacieihfhpjfppoconhi", source:  (0)
[3203:3203:0301/210330.663206:INFO:CONSOLE(0)] "DEBUG: -------------------------------", source:  (0)
[3203:3203:0301/210330.663416:INFO:CONSOLE(0)] "DEBUG: Ember  : 2.6.2", source:  (0)
[3203:3203:0301/210330.663589:INFO:CONSOLE(0)] "DEBUG: jQuery : 2.2.4", source:  (0)
[3203:3203:0301/210330.663759:INFO:CONSOLE(0)] "DEBUG: -------------------------------", source:  (0)
[3203:3203:0301/210330.700187:INFO:CONSOLE(0)] "DEBUG: For more advanced debugging, install the Ember Inspector from https://chrome.google.com/webstore/detail/ember-inspector/bmdblncegkenkacieihfhpjfppoconhi", source:  (0)
[3203:3203:0301/210341.930171:INFO:CONSOLE(0)] "DEBUG: -------------------------------", source:  (0)
[3203:3203:0301/210341.930381:INFO:CONSOLE(0)] "DEBUG: Ember  : 2.6.2", source:  (0)
[3203:3203:0301/210341.930555:INFO:CONSOLE(0)] "DEBUG: jQuery : 2.2.4", source:  (0)
[3203:3203:0301/210341.930728:INFO:CONSOLE(0)] "DEBUG: -------------------------------", source:  (0)
[3203:3203:0301/210341.967574:INFO:CONSOLE(0)] "DEBUG: For more advanced debugging, install the Ember Inspector from https://chrome.google.com/webstore/detail/ember-inspector/bmdblncegkenkacieihfhpjfppoconhi", source:  (0)
[3203:3203:0301/210353.331180:INFO:CONSOLE(0)] "DEBUG: -------------------------------", source:  (0)
[3203:3203:0301/210353.331386:INFO:CONSOLE(0)] "DEBUG: Ember  : 2.6.2", source:  (0)
[3203:3203:0301/210353.331558:INFO:CONSOLE(0)] "DEBUG: jQuery : 2.2.4", source:  (0)
[3203:3203:0301/210353.331735:INFO:CONSOLE(0)] "DEBUG: -------------------------------", source:  (0)
[3203:3203:0301/210353.368284:INFO:CONSOLE(0)] "DEBUG: For more advanced debugging, install the Ember Inspector from https://chrome.google.com/webstore/detail/ember-inspector/bmdblncegkenkacieihfhpjfppoconhi", source:  (0)
[3203:3203:0301/210404.968076:INFO:CONSOLE(0)] "DEBUG: -------------------------------", source:  (0)
[3203:3203:0301/210404.968283:INFO:CONSOLE(0)] "DEBUG: Ember  : 2.6.2", source:  (0)
[3203:3203:0301/210404.968456:INFO:CONSOLE(0)] "DEBUG: jQuery : 2.2.4", source:  (0)
[3203:3203:0301/210404.968627:INFO:CONSOLE(0)] "DEBUG: -------------------------------", source:  (0)
[3203:3203:0301/210405.006013:INFO:CONSOLE(0)] "DEBUG: For more advanced debugging, install the Ember Inspector from https://chrome.google.com/webstore/detail/ember-inspector/bmdblncegkenkacieihfhpjfppoconhi", source:  (0)
[3203:3203:0301/210416.836596:INFO:CONSOLE(0)] "DEBUG: -------------------------------", source:  (0)
[3203:3203:0301/210416.836804:INFO:CONSOLE(0)] "DEBUG: Ember  : 2.6.2", source:  (0)
[3203:3203:0301/210416.836978:INFO:CONSOLE(0)] "DEBUG: jQuery : 2.2.4", source:  (0)
[3203:3203:0301/210416.837149:INFO:CONSOLE(0)] "DEBUG: -------------------------------", source:  (0)
[3203:3203:0301/210416.874181:INFO:CONSOLE(0)] "DEBUG: For more advanced debugging, install the Ember Inspector from https://chrome.google.com/webstore/detail/ember-inspector/bmdblncegkenkacieihfhpjfppoconhi", source:  (0)
[3203:3203:0301/210428.855695:INFO:CONSOLE(0)] "DEBUG: -------------------------------", source:  (0)
[3203:3203:0301/210428.855908:INFO:CONSOLE(0)] "DEBUG: Ember  : 2.6.2", source:  (0)
[3203:3203:0301/210428.856082:INFO:CONSOLE(0)] "DEBUG: jQuery : 2.2.4", source:  (0)
[3203:3203:0301/210428.856252:INFO:CONSOLE(0)] "DEBUG: -------------------------------", source:  (0)
[3203:3203:0301/210428.893572:INFO:CONSOLE(0)] "DEBUG: For more advanced debugging, install the Ember Inspector from https://chrome.google.com/webstore/detail/ember-inspector/bmdblncegkenkacieihfhpjfppoconhi", source:  (0)
[3203:3203:0301/210441.151493:INFO:CONSOLE(0)] "DEBUG: -------------------------------", source:  (0)
[3203:3203:0301/210441.151717:INFO:CONSOLE(0)] "DEBUG: Ember  : 2.6.2", source:  (0)
[3203:3203:0301/210441.151891:INFO:CONSOLE(0)] "DEBUG: jQuery : 2.2.4", source:  (0)
[3203:3203:0301/210441.152072:INFO:CONSOLE(0)] "DEBUG: -------------------------------", source:  (0)
[3203:3203:0301/210441.189285:INFO:CONSOLE(0)] "DEBUG: For more advanced debugging, install the Ember Inspector from https://chrome.google.com/webstore/detail/ember-inspector/bmdblncegkenkacieihfhpjfppoconhi", source:  (0)
[3203:3203:0301/210453.443074:INFO:CONSOLE(0)] "DEBUG: -------------------------------", source:  (0)
[3203:3203:0301/210453.443280:INFO:CONSOLE(0)] "DEBUG: Ember  : 2.6.2", source:  (0)
[3203:3203:0301/210453.443468:INFO:CONSOLE(0)] "DEBUG: jQuery : 2.2.4", source:  (0)
[3203:3203:0301/210453.443639:INFO:CONSOLE(0)] "DEBUG: -------------------------------", source:  (0)
[3203:3203:0301/210453.481111:INFO:CONSOLE(0)] "DEBUG: For more advanced debugging, install the Ember Inspector from https://chrome.google.com/webstore/detail/ember-inspector/bmdblncegkenkacieihfhpjfppoconhi", source:  (0)
