[1888:1888:0301/204402.376896:WARNING:chrome_main_delegate.cc(618)] This is Chrome version 112.0.5572.0 (not a warning)
[1888:1902:0301/204402.535373:ERROR:bus.cc(399)] Failed to connect to the bus: Could not parse server address: Unknown address type (examples of valid types are "tcp" and on UNIX "unix")
[1888:1902:0301/204402.535405:ERROR:bus.cc(399)] Failed to connect to the bus: Could not parse server address: Unknown address type (examples of valid types are "tcp" and on UNIX "unix")
[1888:1888:0301/204402.579854:WARNING:account_consistency_mode_manager.cc(70)] Desktop Identity Consistency cannot be enabled as no OAuth client ID and client secret have been configured.
[1888:1902:0301/204402.587721:ERROR:bus.cc(399)] Failed to connect to the bus: Could not parse server address: Unknown address type (examples of valid types are "tcp" and on UNIX "unix")
[1888:1902:0301/204402.587752:ERROR:bus.cc(399)] Failed to connect to the bus: Could not parse server address: Unknown address type (examples of valid types are "tcp" and on UNIX "unix")
[1888:1888:0301/204402.761160:WARNING:bluez_dbus_manager.cc(247)] Floss manager not present, cannot set Floss enable/disable.
[1888:1977:0301/204402.819095:ERROR:object_proxy.cc(623)] Failed to call method: org.freedesktop.DBus.Properties.Get: object_path= /org/freedesktop/UPower: org.freedesktop.DBus.Error.ServiceUnknown: The name org.freedesktop.UPower was not provided by any .service files
[1888:1977:0301/204402.819121:WARNING:property.cc(144)] DaemonVersion: GetAndBlock: failed.
[1888:1977:0301/204402.819225:ERROR:object_proxy.cc(623)] Failed to call method: org.freedesktop.UPower.GetDisplayDevice: object_path= /org/freedesktop/UPower: org.freedesktop.DBus.Error.ServiceUnknown: The name org.freedesktop.UPower was not provided by any .service files
[1888:1977:0301/204402.819316:ERROR:object_proxy.cc(623)] Failed to call method: org.freedesktop.UPower.EnumerateDevices: object_path= /org/freedesktop/UPower: org.freedesktop.DBus.Error.ServiceUnknown: The name org.freedesktop.UPower was not provided by any .service files
[1888:1902:0301/204402.966105:ERROR:bus.cc(399)] Failed to connect to the bus: Could not parse server address: Unknown address type (examples of valid types are "tcp" and on UNIX "unix")
[1888:1902:0301/204402.974681:ERROR:bus.cc(399)] Failed to connect to the bus: Could not parse server address: Unknown address type (examples of valid types are "tcp" and on UNIX "unix")
[1888:1888:0301/204409.273482:INFO:optimization_guide_logger.cc(42)] ../../components/optimization_guide/content/browser/page_content_annotations_service.cc(309) PageContentAnnotationJob Result: BatchAnnotationResult{"Speedometer 2.1 Interactive Runner", type: ContentVisibility, output: nullopt}
[1888:1888:0301/204409.273542:INFO:optimization_guide_logger.cc(42)] ../../components/optimization_guide/content/browser/page_content_annotations_service.cc(309) PageContentAnnotationJob Result: BatchAnnotationResult{"Speedometer 2.1 Interactive Runner", type: PageEntities, output: nullopt}
[1888:1888:0301/204409.701377:INFO:optimization_guide_logger.cc(42)] ../../components/optimization_guide/core/hints_manager.cc(523) Hint cache initialized
[1888:1888:0301/204414.273437:INFO:CONSOLE(0)] "DEBUG: -------------------------------", source:  (0)
[1888:1888:0301/204414.273653:INFO:CONSOLE(0)] "DEBUG: Ember  : 2.6.2", source:  (0)
[1888:1888:0301/204414.273826:INFO:CONSOLE(0)] "DEBUG: jQuery : 2.2.4", source:  (0)
[1888:1888:0301/204414.273996:INFO:CONSOLE(0)] "DEBUG: -------------------------------", source:  (0)
[1888:1888:0301/204414.361013:INFO:CONSOLE(0)] "DEBUG: For more advanced debugging, install the Ember Inspector from https://chrome.google.com/webstore/detail/ember-inspector/bmdblncegkenkacieihfhpjfppoconhi", source:  (0)
[1888:1888:0301/204430.049567:INFO:CONSOLE(0)] "DEBUG: -------------------------------", source:  (0)
[1888:1888:0301/204430.049766:INFO:CONSOLE(0)] "DEBUG: Ember  : 2.6.2", source:  (0)
[1888:1888:0301/204430.049938:INFO:CONSOLE(0)] "DEBUG: jQuery : 2.2.4", source:  (0)
[1888:1888:0301/204430.050108:INFO:CONSOLE(0)] "DEBUG: -------------------------------", source:  (0)
[1888:1888:0301/204430.086199:INFO:CONSOLE(0)] "DEBUG: For more advanced debugging, install the Ember Inspector from https://chrome.google.com/webstore/detail/ember-inspector/bmdblncegkenkacieihfhpjfppoconhi", source:  (0)
[1888:1888:0301/204441.149388:INFO:CONSOLE(0)] "DEBUG: -------------------------------", source:  (0)
[1888:1888:0301/204441.149596:INFO:CONSOLE(0)] "DEBUG: Ember  : 2.6.2", source:  (0)
[1888:1888:0301/204441.149770:INFO:CONSOLE(0)] "DEBUG: jQuery : 2.2.4", source:  (0)
[1888:1888:0301/204441.149941:INFO:CONSOLE(0)] "DEBUG: -------------------------------", source:  (0)
[1888:1888:0301/204441.186357:INFO:CONSOLE(0)] "DEBUG: For more advanced debugging, install the Ember Inspector from https://chrome.google.com/webstore/detail/ember-inspector/bmdblncegkenkacieihfhpjfppoconhi", source:  (0)
[1888:1888:0301/204452.403926:INFO:CONSOLE(0)] "DEBUG: -------------------------------", source:  (0)
[1888:1888:0301/204452.404132:INFO:CONSOLE(0)] "DEBUG: Ember  : 2.6.2", source:  (0)
[1888:1888:0301/204452.404304:INFO:CONSOLE(0)] "DEBUG: jQuery : 2.2.4", source:  (0)
[1888:1888:0301/204452.404475:INFO:CONSOLE(0)] "DEBUG: -------------------------------", source:  (0)
[1888:1888:0301/204452.440742:INFO:CONSOLE(0)] "DEBUG: For more advanced debugging, install the Ember Inspector from https://chrome.google.com/webstore/detail/ember-inspector/bmdblncegkenkacieihfhpjfppoconhi", source:  (0)
[1888:1888:0301/204503.787013:INFO:CONSOLE(0)] "DEBUG: -------------------------------", source:  (0)
[1888:1888:0301/204503.787221:INFO:CONSOLE(0)] "DEBUG: Ember  : 2.6.2", source:  (0)
[1888:1888:0301/204503.787394:INFO:CONSOLE(0)] "DEBUG: jQuery : 2.2.4", source:  (0)
[1888:1888:0301/204503.787563:INFO:CONSOLE(0)] "DEBUG: -------------------------------", source:  (0)
[1888:1888:0301/204503.823796:INFO:CONSOLE(0)] "DEBUG: For more advanced debugging, install the Ember Inspector from https://chrome.google.com/webstore/detail/ember-inspector/bmdblncegkenkacieihfhpjfppoconhi", source:  (0)
[1888:1888:0301/204515.383967:INFO:CONSOLE(0)] "DEBUG: -------------------------------", source:  (0)
[1888:1888:0301/204515.384175:INFO:CONSOLE(0)] "DEBUG: Ember  : 2.6.2", source:  (0)
[1888:1888:0301/204515.384349:INFO:CONSOLE(0)] "DEBUG: jQuery : 2.2.4", source:  (0)
[1888:1888:0301/204515.384642:INFO:CONSOLE(0)] "DEBUG: -------------------------------", source:  (0)
[1888:1888:0301/204515.421063:INFO:CONSOLE(0)] "DEBUG: For more advanced debugging, install the Ember Inspector from https://chrome.google.com/webstore/detail/ember-inspector/bmdblncegkenkacieihfhpjfppoconhi", source:  (0)
[1888:1888:0301/204527.190249:INFO:CONSOLE(0)] "DEBUG: -------------------------------", source:  (0)
[1888:1888:0301/204527.190454:INFO:CONSOLE(0)] "DEBUG: Ember  : 2.6.2", source:  (0)
[1888:1888:0301/204527.190627:INFO:CONSOLE(0)] "DEBUG: jQuery : 2.2.4", source:  (0)
[1888:1888:0301/204527.190797:INFO:CONSOLE(0)] "DEBUG: -------------------------------", source:  (0)
[1888:1888:0301/204527.227614:INFO:CONSOLE(0)] "DEBUG: For more advanced debugging, install the Ember Inspector from https://chrome.google.com/webstore/detail/ember-inspector/bmdblncegkenkacieihfhpjfppoconhi", source:  (0)
[1888:1888:0301/204539.287342:INFO:CONSOLE(0)] "DEBUG: -------------------------------", source:  (0)
[1888:1888:0301/204539.287549:INFO:CONSOLE(0)] "DEBUG: Ember  : 2.6.2", source:  (0)
[1888:1888:0301/204539.287723:INFO:CONSOLE(0)] "DEBUG: jQuery : 2.2.4", source:  (0)
[1888:1888:0301/204539.287893:INFO:CONSOLE(0)] "DEBUG: -------------------------------", source:  (0)
[1888:1888:0301/204539.324602:INFO:CONSOLE(0)] "DEBUG: For more advanced debugging, install the Ember Inspector from https://chrome.google.com/webstore/detail/ember-inspector/bmdblncegkenkacieihfhpjfppoconhi", source:  (0)
[1888:1888:0301/204551.559488:INFO:CONSOLE(0)] "DEBUG: -------------------------------", source:  (0)
[1888:1888:0301/204551.559698:INFO:CONSOLE(0)] "DEBUG: Ember  : 2.6.2", source:  (0)
[1888:1888:0301/204551.559871:INFO:CONSOLE(0)] "DEBUG: jQuery : 2.2.4", source:  (0)
[1888:1888:0301/204551.560049:INFO:CONSOLE(0)] "DEBUG: -------------------------------", source:  (0)
[1888:1888:0301/204551.596915:INFO:CONSOLE(0)] "DEBUG: For more advanced debugging, install the Ember Inspector from https://chrome.google.com/webstore/detail/ember-inspector/bmdblncegkenkacieihfhpjfppoconhi", source:  (0)
[1888:1888:0301/204603.813938:INFO:CONSOLE(0)] "DEBUG: -------------------------------", source:  (0)
[1888:1888:0301/204603.814144:INFO:CONSOLE(0)] "DEBUG: Ember  : 2.6.2", source:  (0)
[1888:1888:0301/204603.814321:INFO:CONSOLE(0)] "DEBUG: jQuery : 2.2.4", source:  (0)
[1888:1888:0301/204603.814492:INFO:CONSOLE(0)] "DEBUG: -------------------------------", source:  (0)
[1888:1888:0301/204603.851629:INFO:CONSOLE(0)] "DEBUG: For more advanced debugging, install the Ember Inspector from https://chrome.google.com/webstore/detail/ember-inspector/bmdblncegkenkacieihfhpjfppoconhi", source:  (0)
