[1171:1171:0301/203438.406753:WARNING:chrome_main_delegate.cc(618)] This is Chrome version 112.0.5572.0 (not a warning)
[1171:1186:0301/203438.582198:ERROR:bus.cc(399)] Failed to connect to the bus: Could not parse server address: Unknown address type (examples of valid types are "tcp" and on UNIX "unix")
[1171:1186:0301/203438.582236:ERROR:bus.cc(399)] Failed to connect to the bus: Could not parse server address: Unknown address type (examples of valid types are "tcp" and on UNIX "unix")
[1171:1171:0301/203438.617857:WARNING:account_consistency_mode_manager.cc(70)] Desktop Identity Consistency cannot be enabled as no OAuth client ID and client secret have been configured.
[1171:1186:0301/203438.625194:ERROR:bus.cc(399)] Failed to connect to the bus: Could not parse server address: Unknown address type (examples of valid types are "tcp" and on UNIX "unix")
[1171:1186:0301/203438.625226:ERROR:bus.cc(399)] Failed to connect to the bus: Could not parse server address: Unknown address type (examples of valid types are "tcp" and on UNIX "unix")
[1171:1171:0301/203438.841669:WARNING:bluez_dbus_manager.cc(247)] Floss manager not present, cannot set Floss enable/disable.
[1171:1261:0301/203438.896678:ERROR:object_proxy.cc(623)] Failed to call method: org.freedesktop.DBus.Properties.Get: object_path= /org/freedesktop/UPower: org.freedesktop.DBus.Error.ServiceUnknown: The name org.freedesktop.UPower was not provided by any .service files
[1171:1261:0301/203438.896706:WARNING:property.cc(144)] DaemonVersion: GetAndBlock: failed.
[1171:1261:0301/203438.896814:ERROR:object_proxy.cc(623)] Failed to call method: org.freedesktop.UPower.GetDisplayDevice: object_path= /org/freedesktop/UPower: org.freedesktop.DBus.Error.ServiceUnknown: The name org.freedesktop.UPower was not provided by any .service files
[1171:1261:0301/203438.896921:ERROR:object_proxy.cc(623)] Failed to call method: org.freedesktop.UPower.EnumerateDevices: object_path= /org/freedesktop/UPower: org.freedesktop.DBus.Error.ServiceUnknown: The name org.freedesktop.UPower was not provided by any .service files
[1171:1186:0301/203439.064676:ERROR:bus.cc(399)] Failed to connect to the bus: Could not parse server address: Unknown address type (examples of valid types are "tcp" and on UNIX "unix")
[1171:1186:0301/203439.073212:ERROR:bus.cc(399)] Failed to connect to the bus: Could not parse server address: Unknown address type (examples of valid types are "tcp" and on UNIX "unix")
[1171:1199:0301/203439.773653:WARNING:render_message_filter.cc(144)] Could not find tid
[1171:1171:0301/203442.448106:INFO:optimization_guide_logger.cc(42)] ../../components/optimization_guide/core/hints_manager.cc(523) Hint cache initialized
[1171:1171:0301/203442.745465:INFO:optimization_guide_logger.cc(42)] ../../components/optimization_guide/content/browser/page_content_annotations_service.cc(309) PageContentAnnotationJob Result: BatchAnnotationResult{"Speedometer 2.1 Interactive Runner", type: ContentVisibility, output: nullopt}
[1171:1171:0301/203442.745540:INFO:optimization_guide_logger.cc(42)] ../../components/optimization_guide/content/browser/page_content_annotations_service.cc(309) PageContentAnnotationJob Result: BatchAnnotationResult{"Speedometer 2.1 Interactive Runner", type: PageEntities, output: nullopt}
[1171:1171:0301/203455.384669:INFO:CONSOLE(0)] "DEBUG: -------------------------------", source:  (0)
[1171:1171:0301/203455.384881:INFO:CONSOLE(0)] "DEBUG: Ember  : 2.6.2", source:  (0)
[1171:1171:0301/203455.385054:INFO:CONSOLE(0)] "DEBUG: jQuery : 2.2.4", source:  (0)
[1171:1171:0301/203455.385231:INFO:CONSOLE(0)] "DEBUG: -------------------------------", source:  (0)
[1171:1171:0301/203455.473519:INFO:CONSOLE(0)] "DEBUG: For more advanced debugging, install the Ember Inspector from https://chrome.google.com/webstore/detail/ember-inspector/bmdblncegkenkacieihfhpjfppoconhi", source:  (0)
[1171:1171:0301/203512.370890:INFO:CONSOLE(0)] "DEBUG: -------------------------------", source:  (0)
[1171:1171:0301/203512.371091:INFO:CONSOLE(0)] "DEBUG: Ember  : 2.6.2", source:  (0)
[1171:1171:0301/203512.371263:INFO:CONSOLE(0)] "DEBUG: jQuery : 2.2.4", source:  (0)
[1171:1171:0301/203512.371440:INFO:CONSOLE(0)] "DEBUG: -------------------------------", source:  (0)
[1171:1171:0301/203512.408108:INFO:CONSOLE(0)] "DEBUG: For more advanced debugging, install the Ember Inspector from https://chrome.google.com/webstore/detail/ember-inspector/bmdblncegkenkacieihfhpjfppoconhi", source:  (0)
[1171:1171:0301/203523.597967:INFO:CONSOLE(0)] "DEBUG: -------------------------------", source:  (0)
[1171:1171:0301/203523.598173:INFO:CONSOLE(0)] "DEBUG: Ember  : 2.6.2", source:  (0)
[1171:1171:0301/203523.598351:INFO:CONSOLE(0)] "DEBUG: jQuery : 2.2.4", source:  (0)
[1171:1171:0301/203523.598523:INFO:CONSOLE(0)] "DEBUG: -------------------------------", source:  (0)
[1171:1171:0301/203523.634979:INFO:CONSOLE(0)] "DEBUG: For more advanced debugging, install the Ember Inspector from https://chrome.google.com/webstore/detail/ember-inspector/bmdblncegkenkacieihfhpjfppoconhi", source:  (0)
[1171:1171:0301/203534.821910:INFO:CONSOLE(0)] "DEBUG: -------------------------------", source:  (0)
[1171:1171:0301/203534.822114:INFO:CONSOLE(0)] "DEBUG: Ember  : 2.6.2", source:  (0)
[1171:1171:0301/203534.822295:INFO:CONSOLE(0)] "DEBUG: jQuery : 2.2.4", source:  (0)
[1171:1171:0301/203534.822468:INFO:CONSOLE(0)] "DEBUG: -------------------------------", source:  (0)
[1171:1171:0301/203534.859276:INFO:CONSOLE(0)] "DEBUG: For more advanced debugging, install the Ember Inspector from https://chrome.google.com/webstore/detail/ember-inspector/bmdblncegkenkacieihfhpjfppoconhi", source:  (0)
[1171:1171:0301/203546.232223:INFO:CONSOLE(0)] "DEBUG: -------------------------------", source:  (0)
[1171:1171:0301/203546.232427:INFO:CONSOLE(0)] "DEBUG: Ember  : 2.6.2", source:  (0)
[1171:1171:0301/203546.232601:INFO:CONSOLE(0)] "DEBUG: jQuery : 2.2.4", source:  (0)
[1171:1171:0301/203546.232772:INFO:CONSOLE(0)] "DEBUG: -------------------------------", source:  (0)
[1171:1171:0301/203546.269809:INFO:CONSOLE(0)] "DEBUG: For more advanced debugging, install the Ember Inspector from https://chrome.google.com/webstore/detail/ember-inspector/bmdblncegkenkacieihfhpjfppoconhi", source:  (0)
[1171:1171:0301/203557.892986:INFO:CONSOLE(0)] "DEBUG: -------------------------------", source:  (0)
[1171:1171:0301/203557.893192:INFO:CONSOLE(0)] "DEBUG: Ember  : 2.6.2", source:  (0)
[1171:1171:0301/203557.893365:INFO:CONSOLE(0)] "DEBUG: jQuery : 2.2.4", source:  (0)
[1171:1171:0301/203557.893536:INFO:CONSOLE(0)] "DEBUG: -------------------------------", source:  (0)
[1171:1171:0301/203557.930624:INFO:CONSOLE(0)] "DEBUG: For more advanced debugging, install the Ember Inspector from https://chrome.google.com/webstore/detail/ember-inspector/bmdblncegkenkacieihfhpjfppoconhi", source:  (0)
[1171:1171:0301/203609.633579:INFO:CONSOLE(0)] "DEBUG: -------------------------------", source:  (0)
[1171:1171:0301/203609.633786:INFO:CONSOLE(0)] "DEBUG: Ember  : 2.6.2", source:  (0)
[1171:1171:0301/203609.633958:INFO:CONSOLE(0)] "DEBUG: jQuery : 2.2.4", source:  (0)
[1171:1171:0301/203609.634138:INFO:CONSOLE(0)] "DEBUG: -------------------------------", source:  (0)
[1171:1171:0301/203609.671317:INFO:CONSOLE(0)] "DEBUG: For more advanced debugging, install the Ember Inspector from https://chrome.google.com/webstore/detail/ember-inspector/bmdblncegkenkacieihfhpjfppoconhi", source:  (0)
[1171:1171:0301/203621.642545:INFO:CONSOLE(0)] "DEBUG: -------------------------------", source:  (0)
[1171:1171:0301/203621.642749:INFO:CONSOLE(0)] "DEBUG: Ember  : 2.6.2", source:  (0)
[1171:1171:0301/203621.642922:INFO:CONSOLE(0)] "DEBUG: jQuery : 2.2.4", source:  (0)
[1171:1171:0301/203621.643100:INFO:CONSOLE(0)] "DEBUG: -------------------------------", source:  (0)
[1171:1171:0301/203621.680252:INFO:CONSOLE(0)] "DEBUG: For more advanced debugging, install the Ember Inspector from https://chrome.google.com/webstore/detail/ember-inspector/bmdblncegkenkacieihfhpjfppoconhi", source:  (0)
[1171:1171:0301/203633.833634:INFO:CONSOLE(0)] "DEBUG: -------------------------------", source:  (0)
[1171:1171:0301/203633.833841:INFO:CONSOLE(0)] "DEBUG: Ember  : 2.6.2", source:  (0)
[1171:1171:0301/203633.834023:INFO:CONSOLE(0)] "DEBUG: jQuery : 2.2.4", source:  (0)
[1171:1171:0301/203633.834200:INFO:CONSOLE(0)] "DEBUG: -------------------------------", source:  (0)
[1171:1171:0301/203633.871729:INFO:CONSOLE(0)] "DEBUG: For more advanced debugging, install the Ember Inspector from https://chrome.google.com/webstore/detail/ember-inspector/bmdblncegkenkacieihfhpjfppoconhi", source:  (0)
[1171:1171:0301/203646.262526:INFO:CONSOLE(0)] "DEBUG: -------------------------------", source:  (0)
[1171:1171:0301/203646.262734:INFO:CONSOLE(0)] "DEBUG: Ember  : 2.6.2", source:  (0)
[1171:1171:0301/203646.262908:INFO:CONSOLE(0)] "DEBUG: jQuery : 2.2.4", source:  (0)
[1171:1171:0301/203646.263081:INFO:CONSOLE(0)] "DEBUG: -------------------------------", source:  (0)
[1171:1171:0301/203646.300726:INFO:CONSOLE(0)] "DEBUG: For more advanced debugging, install the Ember Inspector from https://chrome.google.com/webstore/detail/ember-inspector/bmdblncegkenkacieihfhpjfppoconhi", source:  (0)
