[6958:6958:0301/215418.758110:WARNING:chrome_main_delegate.cc(618)] This is Chrome version 112.0.5572.0 (not a warning)
[6958:6972:0301/215418.916004:ERROR:bus.cc(399)] Failed to connect to the bus: Could not parse server address: Unknown address type (examples of valid types are "tcp" and on UNIX "unix")
[6958:6972:0301/215418.916038:ERROR:bus.cc(399)] Failed to connect to the bus: Could not parse server address: Unknown address type (examples of valid types are "tcp" and on UNIX "unix")
[6958:6958:0301/215418.955640:WARNING:account_consistency_mode_manager.cc(70)] Desktop Identity Consistency cannot be enabled as no OAuth client ID and client secret have been configured.
[6958:6972:0301/215418.962648:ERROR:bus.cc(399)] Failed to connect to the bus: Could not parse server address: Unknown address type (examples of valid types are "tcp" and on UNIX "unix")
[6958:6972:0301/215418.962680:ERROR:bus.cc(399)] Failed to connect to the bus: Could not parse server address: Unknown address type (examples of valid types are "tcp" and on UNIX "unix")
[6958:6958:0301/215419.198117:WARNING:bluez_dbus_manager.cc(247)] Floss manager not present, cannot set Floss enable/disable.
[6958:7048:0301/215419.231218:ERROR:object_proxy.cc(623)] Failed to call method: org.freedesktop.DBus.Properties.Get: object_path= /org/freedesktop/UPower: org.freedesktop.DBus.Error.ServiceUnknown: The name org.freedesktop.UPower was not provided by any .service files
[6958:7048:0301/215419.231240:WARNING:property.cc(144)] DaemonVersion: GetAndBlock: failed.
[6958:7048:0301/215419.231343:ERROR:object_proxy.cc(623)] Failed to call method: org.freedesktop.UPower.GetDisplayDevice: object_path= /org/freedesktop/UPower: org.freedesktop.DBus.Error.ServiceUnknown: The name org.freedesktop.UPower was not provided by any .service files
[6958:7048:0301/215419.231448:ERROR:object_proxy.cc(623)] Failed to call method: org.freedesktop.UPower.EnumerateDevices: object_path= /org/freedesktop/UPower: org.freedesktop.DBus.Error.ServiceUnknown: The name org.freedesktop.UPower was not provided by any .service files
[6958:6972:0301/215419.460545:ERROR:bus.cc(399)] Failed to connect to the bus: Could not parse server address: Unknown address type (examples of valid types are "tcp" and on UNIX "unix")
[6958:6972:0301/215419.469391:ERROR:bus.cc(399)] Failed to connect to the bus: Could not parse server address: Unknown address type (examples of valid types are "tcp" and on UNIX "unix")
[6958:6958:0301/215422.844530:INFO:optimization_guide_logger.cc(42)] ../../components/optimization_guide/core/hints_manager.cc(523) Hint cache initialized
[6958:6958:0301/215423.224672:INFO:optimization_guide_logger.cc(42)] ../../components/optimization_guide/content/browser/page_content_annotations_service.cc(309) PageContentAnnotationJob Result: BatchAnnotationResult{"Speedometer 2.1 Interactive Runner", type: ContentVisibility, output: nullopt}
[6958:6958:0301/215423.237450:INFO:optimization_guide_logger.cc(42)] ../../components/optimization_guide/content/browser/page_content_annotations_service.cc(309) PageContentAnnotationJob Result: BatchAnnotationResult{"Speedometer 2.1 Interactive Runner", type: PageEntities, output: nullopt}
[6958:6958:0301/215431.087830:INFO:CONSOLE(0)] "DEBUG: -------------------------------", source:  (0)
[6958:6958:0301/215431.088036:INFO:CONSOLE(0)] "DEBUG: Ember  : 2.6.2", source:  (0)
[6958:6958:0301/215431.088211:INFO:CONSOLE(0)] "DEBUG: jQuery : 2.2.4", source:  (0)
[6958:6958:0301/215431.088380:INFO:CONSOLE(0)] "DEBUG: -------------------------------", source:  (0)
[6958:6958:0301/215431.175297:INFO:CONSOLE(0)] "DEBUG: For more advanced debugging, install the Ember Inspector from https://chrome.google.com/webstore/detail/ember-inspector/bmdblncegkenkacieihfhpjfppoconhi", source:  (0)
[6958:6958:0301/215449.948480:INFO:CONSOLE(0)] "DEBUG: -------------------------------", source:  (0)
[6958:6958:0301/215449.948684:INFO:CONSOLE(0)] "DEBUG: Ember  : 2.6.2", source:  (0)
[6958:6958:0301/215449.948859:INFO:CONSOLE(0)] "DEBUG: jQuery : 2.2.4", source:  (0)
[6958:6958:0301/215449.949028:INFO:CONSOLE(0)] "DEBUG: -------------------------------", source:  (0)
[6958:6958:0301/215449.985402:INFO:CONSOLE(0)] "DEBUG: For more advanced debugging, install the Ember Inspector from https://chrome.google.com/webstore/detail/ember-inspector/bmdblncegkenkacieihfhpjfppoconhi", source:  (0)
[6958:6958:0301/215500.945834:INFO:CONSOLE(0)] "DEBUG: -------------------------------", source:  (0)
[6958:6958:0301/215500.946043:INFO:CONSOLE(0)] "DEBUG: Ember  : 2.6.2", source:  (0)
[6958:6958:0301/215500.946227:INFO:CONSOLE(0)] "DEBUG: jQuery : 2.2.4", source:  (0)
[6958:6958:0301/215500.946400:INFO:CONSOLE(0)] "DEBUG: -------------------------------", source:  (0)
[6958:6958:0301/215500.982519:INFO:CONSOLE(0)] "DEBUG: For more advanced debugging, install the Ember Inspector from https://chrome.google.com/webstore/detail/ember-inspector/bmdblncegkenkacieihfhpjfppoconhi", source:  (0)
[6958:6958:0301/215512.163728:INFO:CONSOLE(0)] "DEBUG: -------------------------------", source:  (0)
[6958:6958:0301/215512.163936:INFO:CONSOLE(0)] "DEBUG: Ember  : 2.6.2", source:  (0)
[6958:6958:0301/215512.164110:INFO:CONSOLE(0)] "DEBUG: jQuery : 2.2.4", source:  (0)
[6958:6958:0301/215512.164279:INFO:CONSOLE(0)] "DEBUG: -------------------------------", source:  (0)
[6958:6958:0301/215512.202039:INFO:CONSOLE(0)] "DEBUG: For more advanced debugging, install the Ember Inspector from https://chrome.google.com/webstore/detail/ember-inspector/bmdblncegkenkacieihfhpjfppoconhi", source:  (0)
[6958:6958:0301/215523.583763:INFO:CONSOLE(0)] "DEBUG: -------------------------------", source:  (0)
[6958:6958:0301/215523.583978:INFO:CONSOLE(0)] "DEBUG: Ember  : 2.6.2", source:  (0)
[6958:6958:0301/215523.584155:INFO:CONSOLE(0)] "DEBUG: jQuery : 2.2.4", source:  (0)
[6958:6958:0301/215523.584326:INFO:CONSOLE(0)] "DEBUG: -------------------------------", source:  (0)
[6958:6958:0301/215523.602475:INFO:CONSOLE(0)] "DEBUG: For more advanced debugging, install the Ember Inspector from https://chrome.google.com/webstore/detail/ember-inspector/bmdblncegkenkacieihfhpjfppoconhi", source:  (0)
[6958:6958:0301/215535.067380:INFO:CONSOLE(0)] "DEBUG: -------------------------------", source:  (0)
[6958:6958:0301/215535.067587:INFO:CONSOLE(0)] "DEBUG: Ember  : 2.6.2", source:  (0)
[6958:6958:0301/215535.067760:INFO:CONSOLE(0)] "DEBUG: jQuery : 2.2.4", source:  (0)
[6958:6958:0301/215535.067939:INFO:CONSOLE(0)] "DEBUG: -------------------------------", source:  (0)
[6958:6958:0301/215535.104681:INFO:CONSOLE(0)] "DEBUG: For more advanced debugging, install the Ember Inspector from https://chrome.google.com/webstore/detail/ember-inspector/bmdblncegkenkacieihfhpjfppoconhi", source:  (0)
[6958:6958:0301/215546.823462:INFO:CONSOLE(0)] "DEBUG: -------------------------------", source:  (0)
[6958:6958:0301/215546.823670:INFO:CONSOLE(0)] "DEBUG: Ember  : 2.6.2", source:  (0)
[6958:6958:0301/215546.823844:INFO:CONSOLE(0)] "DEBUG: jQuery : 2.2.4", source:  (0)
[6958:6958:0301/215546.824014:INFO:CONSOLE(0)] "DEBUG: -------------------------------", source:  (0)
[6958:6958:0301/215546.860721:INFO:CONSOLE(0)] "DEBUG: For more advanced debugging, install the Ember Inspector from https://chrome.google.com/webstore/detail/ember-inspector/bmdblncegkenkacieihfhpjfppoconhi", source:  (0)
[6958:6958:0301/215558.757764:INFO:CONSOLE(0)] "DEBUG: -------------------------------", source:  (0)
[6958:6958:0301/215558.757977:INFO:CONSOLE(0)] "DEBUG: Ember  : 2.6.2", source:  (0)
[6958:6958:0301/215558.758150:INFO:CONSOLE(0)] "DEBUG: jQuery : 2.2.4", source:  (0)
[6958:6958:0301/215558.758324:INFO:CONSOLE(0)] "DEBUG: -------------------------------", source:  (0)
[6958:6958:0301/215558.795382:INFO:CONSOLE(0)] "DEBUG: For more advanced debugging, install the Ember Inspector from https://chrome.google.com/webstore/detail/ember-inspector/bmdblncegkenkacieihfhpjfppoconhi", source:  (0)
[6958:6958:0301/215610.838519:INFO:CONSOLE(0)] "DEBUG: -------------------------------", source:  (0)
[6958:6958:0301/215610.838726:INFO:CONSOLE(0)] "DEBUG: Ember  : 2.6.2", source:  (0)
[6958:6958:0301/215610.838899:INFO:CONSOLE(0)] "DEBUG: jQuery : 2.2.4", source:  (0)
[6958:6958:0301/215610.839083:INFO:CONSOLE(0)] "DEBUG: -------------------------------", source:  (0)
[6958:6958:0301/215610.875939:INFO:CONSOLE(0)] "DEBUG: For more advanced debugging, install the Ember Inspector from https://chrome.google.com/webstore/detail/ember-inspector/bmdblncegkenkacieihfhpjfppoconhi", source:  (0)
[6958:6958:0301/215623.139701:INFO:CONSOLE(0)] "DEBUG: -------------------------------", source:  (0)
[6958:6958:0301/215623.139910:INFO:CONSOLE(0)] "DEBUG: Ember  : 2.6.2", source:  (0)
[6958:6958:0301/215623.140083:INFO:CONSOLE(0)] "DEBUG: jQuery : 2.2.4", source:  (0)
[6958:6958:0301/215623.140251:INFO:CONSOLE(0)] "DEBUG: -------------------------------", source:  (0)
[6958:6958:0301/215623.177791:INFO:CONSOLE(0)] "DEBUG: For more advanced debugging, install the Ember Inspector from https://chrome.google.com/webstore/detail/ember-inspector/bmdblncegkenkacieihfhpjfppoconhi", source:  (0)
