[7285:7285:0301/215901.424452:WARNING:chrome_main_delegate.cc(618)] This is Chrome version 112.0.5572.0 (not a warning)
[7285:7299:0301/215901.599884:ERROR:bus.cc(399)] Failed to connect to the bus: Could not parse server address: Unknown address type (examples of valid types are "tcp" and on UNIX "unix")
[7285:7299:0301/215901.599922:ERROR:bus.cc(399)] Failed to connect to the bus: Could not parse server address: Unknown address type (examples of valid types are "tcp" and on UNIX "unix")
[7285:7285:0301/215901.640276:WARNING:account_consistency_mode_manager.cc(70)] Desktop Identity Consistency cannot be enabled as no OAuth client ID and client secret have been configured.
[7285:7299:0301/215901.647316:ERROR:bus.cc(399)] Failed to connect to the bus: Could not parse server address: Unknown address type (examples of valid types are "tcp" and on UNIX "unix")
[7285:7299:0301/215901.647349:ERROR:bus.cc(399)] Failed to connect to the bus: Could not parse server address: Unknown address type (examples of valid types are "tcp" and on UNIX "unix")
[7285:7285:0301/215901.823545:WARNING:bluez_dbus_manager.cc(247)] Floss manager not present, cannot set Floss enable/disable.
[7285:7378:0301/215901.859671:ERROR:object_proxy.cc(623)] Failed to call method: org.freedesktop.DBus.Properties.Get: object_path= /org/freedesktop/UPower: org.freedesktop.DBus.Error.ServiceUnknown: The name org.freedesktop.UPower was not provided by any .service files
[7285:7378:0301/215901.885172:WARNING:property.cc(144)] DaemonVersion: GetAndBlock: failed.
[7285:7378:0301/215901.885348:ERROR:object_proxy.cc(623)] Failed to call method: org.freedesktop.UPower.GetDisplayDevice: object_path= /org/freedesktop/UPower: org.freedesktop.DBus.Error.ServiceUnknown: The name org.freedesktop.UPower was not provided by any .service files
[7285:7378:0301/215901.885462:ERROR:object_proxy.cc(623)] Failed to call method: org.freedesktop.UPower.EnumerateDevices: object_path= /org/freedesktop/UPower: org.freedesktop.DBus.Error.ServiceUnknown: The name org.freedesktop.UPower was not provided by any .service files
[7285:7299:0301/215902.086199:ERROR:bus.cc(399)] Failed to connect to the bus: Could not parse server address: Unknown address type (examples of valid types are "tcp" and on UNIX "unix")
[7285:7299:0301/215902.103290:ERROR:bus.cc(399)] Failed to connect to the bus: Could not parse server address: Unknown address type (examples of valid types are "tcp" and on UNIX "unix")
[7285:7285:0301/215905.554493:INFO:optimization_guide_logger.cc(42)] ../../components/optimization_guide/core/hints_manager.cc(523) Hint cache initialized
[7285:7285:0301/215905.832763:INFO:optimization_guide_logger.cc(42)] ../../components/optimization_guide/content/browser/page_content_annotations_service.cc(309) PageContentAnnotationJob Result: BatchAnnotationResult{"Speedometer 2.1 Interactive Runner", type: ContentVisibility, output: nullopt}
[7285:7285:0301/215905.832836:INFO:optimization_guide_logger.cc(42)] ../../components/optimization_guide/content/browser/page_content_annotations_service.cc(309) PageContentAnnotationJob Result: BatchAnnotationResult{"Speedometer 2.1 Interactive Runner", type: PageEntities, output: nullopt}
[7285:7285:0301/215913.403297:INFO:CONSOLE(0)] "DEBUG: -------------------------------", source:  (0)
[7285:7285:0301/215913.403509:INFO:CONSOLE(0)] "DEBUG: Ember  : 2.6.2", source:  (0)
[7285:7285:0301/215913.403681:INFO:CONSOLE(0)] "DEBUG: jQuery : 2.2.4", source:  (0)
[7285:7285:0301/215913.403850:INFO:CONSOLE(0)] "DEBUG: -------------------------------", source:  (0)
[7285:7285:0301/215913.491855:INFO:CONSOLE(0)] "DEBUG: For more advanced debugging, install the Ember Inspector from https://chrome.google.com/webstore/detail/ember-inspector/bmdblncegkenkacieihfhpjfppoconhi", source:  (0)
[7285:7285:0301/215930.417469:INFO:CONSOLE(0)] "DEBUG: -------------------------------", source:  (0)
[7285:7285:0301/215930.417669:INFO:CONSOLE(0)] "DEBUG: Ember  : 2.6.2", source:  (0)
[7285:7285:0301/215930.417839:INFO:CONSOLE(0)] "DEBUG: jQuery : 2.2.4", source:  (0)
[7285:7285:0301/215930.418007:INFO:CONSOLE(0)] "DEBUG: -------------------------------", source:  (0)
[7285:7285:0301/215930.454377:INFO:CONSOLE(0)] "DEBUG: For more advanced debugging, install the Ember Inspector from https://chrome.google.com/webstore/detail/ember-inspector/bmdblncegkenkacieihfhpjfppoconhi", source:  (0)
[7285:7285:0301/215941.573022:INFO:CONSOLE(0)] "DEBUG: -------------------------------", source:  (0)
[7285:7285:0301/215941.573234:INFO:CONSOLE(0)] "DEBUG: Ember  : 2.6.2", source:  (0)
[7285:7285:0301/215941.573406:INFO:CONSOLE(0)] "DEBUG: jQuery : 2.2.4", source:  (0)
[7285:7285:0301/215941.573575:INFO:CONSOLE(0)] "DEBUG: -------------------------------", source:  (0)
[7285:7285:0301/215941.609800:INFO:CONSOLE(0)] "DEBUG: For more advanced debugging, install the Ember Inspector from https://chrome.google.com/webstore/detail/ember-inspector/bmdblncegkenkacieihfhpjfppoconhi", source:  (0)
[7285:7285:0301/215952.918087:INFO:CONSOLE(0)] "DEBUG: -------------------------------", source:  (0)
[7285:7285:0301/215952.918296:INFO:CONSOLE(0)] "DEBUG: Ember  : 2.6.2", source:  (0)
[7285:7285:0301/215952.918469:INFO:CONSOLE(0)] "DEBUG: jQuery : 2.2.4", source:  (0)
[7285:7285:0301/215952.918639:INFO:CONSOLE(0)] "DEBUG: -------------------------------", source:  (0)
[7285:7285:0301/215952.955455:INFO:CONSOLE(0)] "DEBUG: For more advanced debugging, install the Ember Inspector from https://chrome.google.com/webstore/detail/ember-inspector/bmdblncegkenkacieihfhpjfppoconhi", source:  (0)
[7285:7285:0301/220004.355911:INFO:CONSOLE(0)] "DEBUG: -------------------------------", source:  (0)
[7285:7285:0301/220004.356116:INFO:CONSOLE(0)] "DEBUG: Ember  : 2.6.2", source:  (0)
[7285:7285:0301/220004.356287:INFO:CONSOLE(0)] "DEBUG: jQuery : 2.2.4", source:  (0)
[7285:7285:0301/220004.356456:INFO:CONSOLE(0)] "DEBUG: -------------------------------", source:  (0)
[7285:7285:0301/220004.392890:INFO:CONSOLE(0)] "DEBUG: For more advanced debugging, install the Ember Inspector from https://chrome.google.com/webstore/detail/ember-inspector/bmdblncegkenkacieihfhpjfppoconhi", source:  (0)
[7285:7285:0301/220015.964594:INFO:CONSOLE(0)] "DEBUG: -------------------------------", source:  (0)
[7285:7285:0301/220015.964791:INFO:CONSOLE(0)] "DEBUG: Ember  : 2.6.2", source:  (0)
[7285:7285:0301/220015.964964:INFO:CONSOLE(0)] "DEBUG: jQuery : 2.2.4", source:  (0)
[7285:7285:0301/220015.965133:INFO:CONSOLE(0)] "DEBUG: -------------------------------", source:  (0)
[7285:7285:0301/220016.001711:INFO:CONSOLE(0)] "DEBUG: For more advanced debugging, install the Ember Inspector from https://chrome.google.com/webstore/detail/ember-inspector/bmdblncegkenkacieihfhpjfppoconhi", source:  (0)
[7285:7285:0301/220027.733591:INFO:CONSOLE(0)] "DEBUG: -------------------------------", source:  (0)
[7285:7285:0301/220027.733796:INFO:CONSOLE(0)] "DEBUG: Ember  : 2.6.2", source:  (0)
[7285:7285:0301/220027.733968:INFO:CONSOLE(0)] "DEBUG: jQuery : 2.2.4", source:  (0)
[7285:7285:0301/220027.734137:INFO:CONSOLE(0)] "DEBUG: -------------------------------", source:  (0)
[7285:7285:0301/220027.771017:INFO:CONSOLE(0)] "DEBUG: For more advanced debugging, install the Ember Inspector from https://chrome.google.com/webstore/detail/ember-inspector/bmdblncegkenkacieihfhpjfppoconhi", source:  (0)
[7285:7285:0301/220039.809060:INFO:CONSOLE(0)] "DEBUG: -------------------------------", source:  (0)
[7285:7285:0301/220039.809263:INFO:CONSOLE(0)] "DEBUG: Ember  : 2.6.2", source:  (0)
[7285:7285:0301/220039.809434:INFO:CONSOLE(0)] "DEBUG: jQuery : 2.2.4", source:  (0)
[7285:7285:0301/220039.809603:INFO:CONSOLE(0)] "DEBUG: -------------------------------", source:  (0)
[7285:7285:0301/220039.846520:INFO:CONSOLE(0)] "DEBUG: For more advanced debugging, install the Ember Inspector from https://chrome.google.com/webstore/detail/ember-inspector/bmdblncegkenkacieihfhpjfppoconhi", source:  (0)
[7285:7285:0301/220051.968208:INFO:CONSOLE(0)] "DEBUG: -------------------------------", source:  (0)
[7285:7285:0301/220051.968414:INFO:CONSOLE(0)] "DEBUG: Ember  : 2.6.2", source:  (0)
[7285:7285:0301/220051.968586:INFO:CONSOLE(0)] "DEBUG: jQuery : 2.2.4", source:  (0)
[7285:7285:0301/220051.968764:INFO:CONSOLE(0)] "DEBUG: -------------------------------", source:  (0)
[7285:7285:0301/220052.006013:INFO:CONSOLE(0)] "DEBUG: For more advanced debugging, install the Ember Inspector from https://chrome.google.com/webstore/detail/ember-inspector/bmdblncegkenkacieihfhpjfppoconhi", source:  (0)
[7285:7285:0301/220104.303701:INFO:CONSOLE(0)] "DEBUG: -------------------------------", source:  (0)
[7285:7285:0301/220104.303906:INFO:CONSOLE(0)] "DEBUG: Ember  : 2.6.2", source:  (0)
[7285:7285:0301/220104.304078:INFO:CONSOLE(0)] "DEBUG: jQuery : 2.2.4", source:  (0)
[7285:7285:0301/220104.304249:INFO:CONSOLE(0)] "DEBUG: -------------------------------", source:  (0)
[7285:7285:0301/220104.341674:INFO:CONSOLE(0)] "DEBUG: For more advanced debugging, install the Ember Inspector from https://chrome.google.com/webstore/detail/ember-inspector/bmdblncegkenkacieihfhpjfppoconhi", source:  (0)
