[23455:23455:0301/140334.549777:WARNING:chrome_main_delegate.cc(618)] This is Chrome version 112.0.5572.0 (not a warning)
[23455:23469:0301/140334.726898:ERROR:bus.cc(399)] Failed to connect to the bus: Could not parse server address: Unknown address type (examples of valid types are "tcp" and on UNIX "unix")
[23455:23469:0301/140334.727018:ERROR:bus.cc(399)] Failed to connect to the bus: Could not parse server address: Unknown address type (examples of valid types are "tcp" and on UNIX "unix")
[23455:23455:0301/140334.762419:WARNING:account_consistency_mode_manager.cc(70)] Desktop Identity Consistency cannot be enabled as no OAuth client ID and client secret have been configured.
[23455:23469:0301/140334.769478:ERROR:bus.cc(399)] Failed to connect to the bus: Could not parse server address: Unknown address type (examples of valid types are "tcp" and on UNIX "unix")
[23455:23469:0301/140334.769514:ERROR:bus.cc(399)] Failed to connect to the bus: Could not parse server address: Unknown address type (examples of valid types are "tcp" and on UNIX "unix")
[23455:23455:0301/140334.963896:WARNING:bluez_dbus_manager.cc(247)] Floss manager not present, cannot set Floss enable/disable.
[23455:23545:0301/140335.024117:ERROR:object_proxy.cc(623)] Failed to call method: org.freedesktop.DBus.Properties.Get: object_path= /org/freedesktop/UPower: org.freedesktop.DBus.Error.ServiceUnknown: The name org.freedesktop.UPower was not provided by any .service files
[23455:23545:0301/140335.024141:WARNING:property.cc(144)] DaemonVersion: GetAndBlock: failed.
[23455:23545:0301/140335.024241:ERROR:object_proxy.cc(623)] Failed to call method: org.freedesktop.UPower.GetDisplayDevice: object_path= /org/freedesktop/UPower: org.freedesktop.DBus.Error.ServiceUnknown: The name org.freedesktop.UPower was not provided by any .service files
[23455:23545:0301/140335.024338:ERROR:object_proxy.cc(623)] Failed to call method: org.freedesktop.UPower.EnumerateDevices: object_path= /org/freedesktop/UPower: org.freedesktop.DBus.Error.ServiceUnknown: The name org.freedesktop.UPower was not provided by any .service files
[23455:23469:0301/140335.185704:ERROR:bus.cc(399)] Failed to connect to the bus: Could not parse server address: Unknown address type (examples of valid types are "tcp" and on UNIX "unix")
[23455:23469:0301/140335.194559:ERROR:bus.cc(399)] Failed to connect to the bus: Could not parse server address: Unknown address type (examples of valid types are "tcp" and on UNIX "unix")
[23455:23455:0301/140341.402455:INFO:optimization_guide_logger.cc(42)] ../../components/optimization_guide/content/browser/page_content_annotations_service.cc(309) PageContentAnnotationJob Result: BatchAnnotationResult{"Speedometer 2.1 Interactive Runner", type: ContentVisibility, output: nullopt}
[23455:23455:0301/140341.402515:INFO:optimization_guide_logger.cc(42)] ../../components/optimization_guide/content/browser/page_content_annotations_service.cc(309) PageContentAnnotationJob Result: BatchAnnotationResult{"Speedometer 2.1 Interactive Runner", type: PageEntities, output: nullopt}
[23455:23455:0301/140341.754374:INFO:optimization_guide_logger.cc(42)] ../../components/optimization_guide/core/hints_manager.cc(523) Hint cache initialized
[23455:23455:0301/140349.476958:INFO:CONSOLE(0)] "DEBUG: -------------------------------", source:  (0)
[23455:23455:0301/140349.477170:INFO:CONSOLE(0)] "DEBUG: Ember  : 2.6.2", source:  (0)
[23455:23455:0301/140349.477344:INFO:CONSOLE(0)] "DEBUG: jQuery : 2.2.4", source:  (0)
[23455:23455:0301/140349.477514:INFO:CONSOLE(0)] "DEBUG: -------------------------------", source:  (0)
[23455:23455:0301/140349.564413:INFO:CONSOLE(0)] "DEBUG: For more advanced debugging, install the Ember Inspector from https://chrome.google.com/webstore/detail/ember-inspector/bmdblncegkenkacieihfhpjfppoconhi", source:  (0)
[23455:23455:0301/140407.508853:INFO:CONSOLE(0)] "DEBUG: -------------------------------", source:  (0)
[23455:23455:0301/140407.509058:INFO:CONSOLE(0)] "DEBUG: Ember  : 2.6.2", source:  (0)
[23455:23455:0301/140407.509231:INFO:CONSOLE(0)] "DEBUG: jQuery : 2.2.4", source:  (0)
[23455:23455:0301/140407.509409:INFO:CONSOLE(0)] "DEBUG: -------------------------------", source:  (0)
[23455:23455:0301/140407.547975:INFO:CONSOLE(0)] "DEBUG: For more advanced debugging, install the Ember Inspector from https://chrome.google.com/webstore/detail/ember-inspector/bmdblncegkenkacieihfhpjfppoconhi", source:  (0)
[23455:23455:0301/140418.660940:INFO:CONSOLE(0)] "DEBUG: -------------------------------", source:  (0)
[23455:23455:0301/140418.661148:INFO:CONSOLE(0)] "DEBUG: Ember  : 2.6.2", source:  (0)
[23455:23455:0301/140418.661322:INFO:CONSOLE(0)] "DEBUG: jQuery : 2.2.4", source:  (0)
[23455:23455:0301/140418.661492:INFO:CONSOLE(0)] "DEBUG: -------------------------------", source:  (0)
[23455:23455:0301/140418.700730:INFO:CONSOLE(0)] "DEBUG: For more advanced debugging, install the Ember Inspector from https://chrome.google.com/webstore/detail/ember-inspector/bmdblncegkenkacieihfhpjfppoconhi", source:  (0)
[23455:23455:0301/140429.860548:INFO:CONSOLE(0)] "DEBUG: -------------------------------", source:  (0)
[23455:23455:0301/140429.860777:INFO:CONSOLE(0)] "DEBUG: Ember  : 2.6.2", source:  (0)
[23455:23455:0301/140429.860951:INFO:CONSOLE(0)] "DEBUG: jQuery : 2.2.4", source:  (0)
[23455:23455:0301/140429.861121:INFO:CONSOLE(0)] "DEBUG: -------------------------------", source:  (0)
[23455:23455:0301/140429.898303:INFO:CONSOLE(0)] "DEBUG: For more advanced debugging, install the Ember Inspector from https://chrome.google.com/webstore/detail/ember-inspector/bmdblncegkenkacieihfhpjfppoconhi", source:  (0)
[23455:23455:0301/140440.835280:INFO:CONSOLE(0)] "DEBUG: -------------------------------", source:  (0)
[23455:23455:0301/140440.835488:INFO:CONSOLE(0)] "DEBUG: Ember  : 2.6.2", source:  (0)
[23455:23455:0301/140440.835663:INFO:CONSOLE(0)] "DEBUG: jQuery : 2.2.4", source:  (0)
[23455:23455:0301/140440.835833:INFO:CONSOLE(0)] "DEBUG: -------------------------------", source:  (0)
[23455:23455:0301/140440.873784:INFO:CONSOLE(0)] "DEBUG: For more advanced debugging, install the Ember Inspector from https://chrome.google.com/webstore/detail/ember-inspector/bmdblncegkenkacieihfhpjfppoconhi", source:  (0)
[23455:23455:0301/140452.217385:INFO:CONSOLE(0)] "DEBUG: -------------------------------", source:  (0)
[23455:23455:0301/140452.217596:INFO:CONSOLE(0)] "DEBUG: Ember  : 2.6.2", source:  (0)
[23455:23455:0301/140452.217769:INFO:CONSOLE(0)] "DEBUG: jQuery : 2.2.4", source:  (0)
[23455:23455:0301/140452.217939:INFO:CONSOLE(0)] "DEBUG: -------------------------------", source:  (0)
[23455:23455:0301/140452.255388:INFO:CONSOLE(0)] "DEBUG: For more advanced debugging, install the Ember Inspector from https://chrome.google.com/webstore/detail/ember-inspector/bmdblncegkenkacieihfhpjfppoconhi", source:  (0)
[23455:23455:0301/140503.242950:INFO:CONSOLE(0)] "DEBUG: -------------------------------", source:  (0)
[23455:23455:0301/140503.243156:INFO:CONSOLE(0)] "DEBUG: Ember  : 2.6.2", source:  (0)
[23455:23455:0301/140503.243329:INFO:CONSOLE(0)] "DEBUG: jQuery : 2.2.4", source:  (0)
[23455:23455:0301/140503.243499:INFO:CONSOLE(0)] "DEBUG: -------------------------------", source:  (0)
[23455:23455:0301/140503.281412:INFO:CONSOLE(0)] "DEBUG: For more advanced debugging, install the Ember Inspector from https://chrome.google.com/webstore/detail/ember-inspector/bmdblncegkenkacieihfhpjfppoconhi", source:  (0)
[23455:23455:0301/140514.741325:INFO:CONSOLE(0)] "DEBUG: -------------------------------", source:  (0)
[23455:23455:0301/140514.741621:INFO:CONSOLE(0)] "DEBUG: Ember  : 2.6.2", source:  (0)
[23455:23455:0301/140514.741804:INFO:CONSOLE(0)] "DEBUG: jQuery : 2.2.4", source:  (0)
[23455:23455:0301/140514.741971:INFO:CONSOLE(0)] "DEBUG: -------------------------------", source:  (0)
[23455:23455:0301/140514.784448:INFO:CONSOLE(0)] "DEBUG: For more advanced debugging, install the Ember Inspector from https://chrome.google.com/webstore/detail/ember-inspector/bmdblncegkenkacieihfhpjfppoconhi", source:  (0)
[23455:23455:0301/140526.162210:INFO:CONSOLE(0)] "DEBUG: -------------------------------", source:  (0)
[23455:23455:0301/140526.162438:INFO:CONSOLE(0)] "DEBUG: Ember  : 2.6.2", source:  (0)
[23455:23455:0301/140526.162610:INFO:CONSOLE(0)] "DEBUG: jQuery : 2.2.4", source:  (0)
[23455:23455:0301/140526.162779:INFO:CONSOLE(0)] "DEBUG: -------------------------------", source:  (0)
[23455:23455:0301/140526.201072:INFO:CONSOLE(0)] "DEBUG: For more advanced debugging, install the Ember Inspector from https://chrome.google.com/webstore/detail/ember-inspector/bmdblncegkenkacieihfhpjfppoconhi", source:  (0)
[23455:23455:0301/140537.474204:INFO:CONSOLE(0)] "DEBUG: -------------------------------", source:  (0)
[23455:23455:0301/140537.474421:INFO:CONSOLE(0)] "DEBUG: Ember  : 2.6.2", source:  (0)
[23455:23455:0301/140537.474594:INFO:CONSOLE(0)] "DEBUG: jQuery : 2.2.4", source:  (0)
[23455:23455:0301/140537.474764:INFO:CONSOLE(0)] "DEBUG: -------------------------------", source:  (0)
[23455:23455:0301/140537.512125:INFO:CONSOLE(0)] "DEBUG: For more advanced debugging, install the Ember Inspector from https://chrome.google.com/webstore/detail/ember-inspector/bmdblncegkenkacieihfhpjfppoconhi", source:  (0)
