[1006:1006:0301/203219.712766:WARNING:chrome_main_delegate.cc(618)] This is Chrome version 112.0.5572.0 (not a warning)
[1006:1021:0301/203219.892523:ERROR:bus.cc(399)] Failed to connect to the bus: Could not parse server address: Unknown address type (examples of valid types are "tcp" and on UNIX "unix")
[1006:1021:0301/203219.892557:ERROR:bus.cc(399)] Failed to connect to the bus: Could not parse server address: Unknown address type (examples of valid types are "tcp" and on UNIX "unix")
[1006:1006:0301/203219.933643:WARNING:account_consistency_mode_manager.cc(70)] Desktop Identity Consistency cannot be enabled as no OAuth client ID and client secret have been configured.
[1006:1021:0301/203219.941951:ERROR:bus.cc(399)] Failed to connect to the bus: Could not parse server address: Unknown address type (examples of valid types are "tcp" and on UNIX "unix")
[1006:1021:0301/203219.941994:ERROR:bus.cc(399)] Failed to connect to the bus: Could not parse server address: Unknown address type (examples of valid types are "tcp" and on UNIX "unix")
[1006:1006:0301/203220.127956:WARNING:bluez_dbus_manager.cc(247)] Floss manager not present, cannot set Floss enable/disable.
[1006:1098:0301/203220.172822:ERROR:object_proxy.cc(623)] Failed to call method: org.freedesktop.DBus.Properties.Get: object_path= /org/freedesktop/UPower: org.freedesktop.DBus.Error.ServiceUnknown: The name org.freedesktop.UPower was not provided by any .service files
[1006:1098:0301/203220.172846:WARNING:property.cc(144)] DaemonVersion: GetAndBlock: failed.
[1006:1098:0301/203220.172949:ERROR:object_proxy.cc(623)] Failed to call method: org.freedesktop.UPower.GetDisplayDevice: object_path= /org/freedesktop/UPower: org.freedesktop.DBus.Error.ServiceUnknown: The name org.freedesktop.UPower was not provided by any .service files
[1006:1098:0301/203220.173045:ERROR:object_proxy.cc(623)] Failed to call method: org.freedesktop.UPower.EnumerateDevices: object_path= /org/freedesktop/UPower: org.freedesktop.DBus.Error.ServiceUnknown: The name org.freedesktop.UPower was not provided by any .service files
[1006:1021:0301/203220.381552:ERROR:bus.cc(399)] Failed to connect to the bus: Could not parse server address: Unknown address type (examples of valid types are "tcp" and on UNIX "unix")
[1006:1021:0301/203220.390539:ERROR:bus.cc(399)] Failed to connect to the bus: Could not parse server address: Unknown address type (examples of valid types are "tcp" and on UNIX "unix")
[1006:1006:0301/203223.714858:INFO:optimization_guide_logger.cc(42)] ../../components/optimization_guide/core/hints_manager.cc(523) Hint cache initialized
[1006:1006:0301/203224.051281:INFO:optimization_guide_logger.cc(42)] ../../components/optimization_guide/content/browser/page_content_annotations_service.cc(309) PageContentAnnotationJob Result: BatchAnnotationResult{"Speedometer 2.1 Interactive Runner", type: ContentVisibility, output: nullopt}
[1006:1006:0301/203224.051363:INFO:optimization_guide_logger.cc(42)] ../../components/optimization_guide/content/browser/page_content_annotations_service.cc(309) PageContentAnnotationJob Result: BatchAnnotationResult{"Speedometer 2.1 Interactive Runner", type: PageEntities, output: nullopt}
[1006:1006:0301/203231.786106:INFO:CONSOLE(0)] "DEBUG: -------------------------------", source:  (0)
[1006:1006:0301/203231.786322:INFO:CONSOLE(0)] "DEBUG: Ember  : 2.6.2", source:  (0)
[1006:1006:0301/203231.786507:INFO:CONSOLE(0)] "DEBUG: jQuery : 2.2.4", source:  (0)
[1006:1006:0301/203231.786688:INFO:CONSOLE(0)] "DEBUG: -------------------------------", source:  (0)
[1006:1006:0301/203231.872961:INFO:CONSOLE(0)] "DEBUG: For more advanced debugging, install the Ember Inspector from https://chrome.google.com/webstore/detail/ember-inspector/bmdblncegkenkacieihfhpjfppoconhi", source:  (0)
[1006:1006:0301/203247.956301:INFO:CONSOLE(0)] "DEBUG: -------------------------------", source:  (0)
[1006:1006:0301/203247.956512:INFO:CONSOLE(0)] "DEBUG: Ember  : 2.6.2", source:  (0)
[1006:1006:0301/203247.956702:INFO:CONSOLE(0)] "DEBUG: jQuery : 2.2.4", source:  (0)
[1006:1006:0301/203247.956877:INFO:CONSOLE(0)] "DEBUG: -------------------------------", source:  (0)
[1006:1006:0301/203247.992915:INFO:CONSOLE(0)] "DEBUG: For more advanced debugging, install the Ember Inspector from https://chrome.google.com/webstore/detail/ember-inspector/bmdblncegkenkacieihfhpjfppoconhi", source:  (0)
[1006:1006:0301/203258.947182:INFO:CONSOLE(0)] "DEBUG: -------------------------------", source:  (0)
[1006:1006:0301/203258.947452:INFO:CONSOLE(0)] "DEBUG: Ember  : 2.6.2", source:  (0)
[1006:1006:0301/203258.947632:INFO:CONSOLE(0)] "DEBUG: jQuery : 2.2.4", source:  (0)
[1006:1006:0301/203258.947807:INFO:CONSOLE(0)] "DEBUG: -------------------------------", source:  (0)
[1006:1006:0301/203258.983640:INFO:CONSOLE(0)] "DEBUG: For more advanced debugging, install the Ember Inspector from https://chrome.google.com/webstore/detail/ember-inspector/bmdblncegkenkacieihfhpjfppoconhi", source:  (0)
[1006:1006:0301/203310.081440:INFO:CONSOLE(0)] "DEBUG: -------------------------------", source:  (0)
[1006:1006:0301/203310.081649:INFO:CONSOLE(0)] "DEBUG: Ember  : 2.6.2", source:  (0)
[1006:1006:0301/203310.081827:INFO:CONSOLE(0)] "DEBUG: jQuery : 2.2.4", source:  (0)
[1006:1006:0301/203310.082001:INFO:CONSOLE(0)] "DEBUG: -------------------------------", source:  (0)
[1006:1006:0301/203310.118090:INFO:CONSOLE(0)] "DEBUG: For more advanced debugging, install the Ember Inspector from https://chrome.google.com/webstore/detail/ember-inspector/bmdblncegkenkacieihfhpjfppoconhi", source:  (0)
[1006:1006:0301/203321.278096:INFO:CONSOLE(0)] "DEBUG: -------------------------------", source:  (0)
[1006:1006:0301/203321.278313:INFO:CONSOLE(0)] "DEBUG: Ember  : 2.6.2", source:  (0)
[1006:1006:0301/203321.278492:INFO:CONSOLE(0)] "DEBUG: jQuery : 2.2.4", source:  (0)
[1006:1006:0301/203321.278667:INFO:CONSOLE(0)] "DEBUG: -------------------------------", source:  (0)
[1006:1006:0301/203321.314842:INFO:CONSOLE(0)] "DEBUG: For more advanced debugging, install the Ember Inspector from https://chrome.google.com/webstore/detail/ember-inspector/bmdblncegkenkacieihfhpjfppoconhi", source:  (0)
[1006:1006:0301/203332.667347:INFO:CONSOLE(0)] "DEBUG: -------------------------------", source:  (0)
[1006:1006:0301/203332.667566:INFO:CONSOLE(0)] "DEBUG: Ember  : 2.6.2", source:  (0)
[1006:1006:0301/203332.667745:INFO:CONSOLE(0)] "DEBUG: jQuery : 2.2.4", source:  (0)
[1006:1006:0301/203332.667920:INFO:CONSOLE(0)] "DEBUG: -------------------------------", source:  (0)
[1006:1006:0301/203332.704232:INFO:CONSOLE(0)] "DEBUG: For more advanced debugging, install the Ember Inspector from https://chrome.google.com/webstore/detail/ember-inspector/bmdblncegkenkacieihfhpjfppoconhi", source:  (0)
[1006:1006:0301/203344.193389:INFO:CONSOLE(0)] "DEBUG: -------------------------------", source:  (0)
[1006:1006:0301/203344.193601:INFO:CONSOLE(0)] "DEBUG: Ember  : 2.6.2", source:  (0)
[1006:1006:0301/203344.193781:INFO:CONSOLE(0)] "DEBUG: jQuery : 2.2.4", source:  (0)
[1006:1006:0301/203344.193956:INFO:CONSOLE(0)] "DEBUG: -------------------------------", source:  (0)
[1006:1006:0301/203344.230434:INFO:CONSOLE(0)] "DEBUG: For more advanced debugging, install the Ember Inspector from https://chrome.google.com/webstore/detail/ember-inspector/bmdblncegkenkacieihfhpjfppoconhi", source:  (0)
[1006:1006:0301/203355.836422:INFO:CONSOLE(0)] "DEBUG: -------------------------------", source:  (0)
[1006:1006:0301/203355.836629:INFO:CONSOLE(0)] "DEBUG: Ember  : 2.6.2", source:  (0)
[1006:1006:0301/203355.836808:INFO:CONSOLE(0)] "DEBUG: jQuery : 2.2.4", source:  (0)
[1006:1006:0301/203355.837005:INFO:CONSOLE(0)] "DEBUG: -------------------------------", source:  (0)
[1006:1006:0301/203355.873835:INFO:CONSOLE(0)] "DEBUG: For more advanced debugging, install the Ember Inspector from https://chrome.google.com/webstore/detail/ember-inspector/bmdblncegkenkacieihfhpjfppoconhi", source:  (0)
[1006:1006:0301/203407.627545:INFO:CONSOLE(0)] "DEBUG: -------------------------------", source:  (0)
[1006:1006:0301/203407.627924:INFO:CONSOLE(0)] "DEBUG: Ember  : 2.6.2", source:  (0)
[1006:1006:0301/203407.628109:INFO:CONSOLE(0)] "DEBUG: jQuery : 2.2.4", source:  (0)
[1006:1006:0301/203407.628292:INFO:CONSOLE(0)] "DEBUG: -------------------------------", source:  (0)
[1006:1006:0301/203407.664773:INFO:CONSOLE(0)] "DEBUG: For more advanced debugging, install the Ember Inspector from https://chrome.google.com/webstore/detail/ember-inspector/bmdblncegkenkacieihfhpjfppoconhi", source:  (0)
[1006:1006:0301/203419.597002:INFO:CONSOLE(0)] "DEBUG: -------------------------------", source:  (0)
[1006:1006:0301/203419.597218:INFO:CONSOLE(0)] "DEBUG: Ember  : 2.6.2", source:  (0)
[1006:1006:0301/203419.597397:INFO:CONSOLE(0)] "DEBUG: jQuery : 2.2.4", source:  (0)
[1006:1006:0301/203419.597572:INFO:CONSOLE(0)] "DEBUG: -------------------------------", source:  (0)
[1006:1006:0301/203419.634336:INFO:CONSOLE(0)] "DEBUG: For more advanced debugging, install the Ember Inspector from https://chrome.google.com/webstore/detail/ember-inspector/bmdblncegkenkacieihfhpjfppoconhi", source:  (0)
