[9664:9664:0301/223140.781077:WARNING:chrome_main_delegate.cc(618)] This is Chrome version 112.0.5572.0 (not a warning)
[9664:9678:0301/223140.959440:ERROR:bus.cc(399)] Failed to connect to the bus: Could not parse server address: Unknown address type (examples of valid types are "tcp" and on UNIX "unix")
[9664:9678:0301/223140.959473:ERROR:bus.cc(399)] Failed to connect to the bus: Could not parse server address: Unknown address type (examples of valid types are "tcp" and on UNIX "unix")
[9664:9664:0301/223140.992187:WARNING:account_consistency_mode_manager.cc(70)] Desktop Identity Consistency cannot be enabled as no OAuth client ID and client secret have been configured.
[9664:9678:0301/223140.999177:ERROR:bus.cc(399)] Failed to connect to the bus: Could not parse server address: Unknown address type (examples of valid types are "tcp" and on UNIX "unix")
[9664:9678:0301/223140.999211:ERROR:bus.cc(399)] Failed to connect to the bus: Could not parse server address: Unknown address type (examples of valid types are "tcp" and on UNIX "unix")
[9664:9664:0301/223141.194844:WARNING:bluez_dbus_manager.cc(247)] Floss manager not present, cannot set Floss enable/disable.
[9664:9755:0301/223141.223364:ERROR:object_proxy.cc(623)] Failed to call method: org.freedesktop.DBus.Properties.Get: object_path= /org/freedesktop/UPower: org.freedesktop.DBus.Error.ServiceUnknown: The name org.freedesktop.UPower was not provided by any .service files
[9664:9755:0301/223141.223387:WARNING:property.cc(144)] DaemonVersion: GetAndBlock: failed.
[9664:9755:0301/223141.223492:ERROR:object_proxy.cc(623)] Failed to call method: org.freedesktop.UPower.GetDisplayDevice: object_path= /org/freedesktop/UPower: org.freedesktop.DBus.Error.ServiceUnknown: The name org.freedesktop.UPower was not provided by any .service files
[9664:9755:0301/223141.223588:ERROR:object_proxy.cc(623)] Failed to call method: org.freedesktop.UPower.EnumerateDevices: object_path= /org/freedesktop/UPower: org.freedesktop.DBus.Error.ServiceUnknown: The name org.freedesktop.UPower was not provided by any .service files
[9664:9678:0301/223141.395428:ERROR:bus.cc(399)] Failed to connect to the bus: Could not parse server address: Unknown address type (examples of valid types are "tcp" and on UNIX "unix")
[9664:9678:0301/223141.403928:ERROR:bus.cc(399)] Failed to connect to the bus: Could not parse server address: Unknown address type (examples of valid types are "tcp" and on UNIX "unix")
[9664:9664:0301/223145.228168:INFO:optimization_guide_logger.cc(42)] ../../components/optimization_guide/content/browser/page_content_annotations_service.cc(309) PageContentAnnotationJob Result: BatchAnnotationResult{"Speedometer 2.1 Interactive Runner", type: ContentVisibility, output: nullopt}
[9664:9664:0301/223145.228246:INFO:optimization_guide_logger.cc(42)] ../../components/optimization_guide/content/browser/page_content_annotations_service.cc(309) PageContentAnnotationJob Result: BatchAnnotationResult{"Speedometer 2.1 Interactive Runner", type: PageEntities, output: nullopt}
[9664:9664:0301/223145.228742:INFO:optimization_guide_logger.cc(42)] ../../components/optimization_guide/core/hints_manager.cc(523) Hint cache initialized
[9664:9664:0301/223153.637674:INFO:CONSOLE(0)] "DEBUG: -------------------------------", source:  (0)
[9664:9664:0301/223153.637879:INFO:CONSOLE(0)] "DEBUG: Ember  : 2.6.2", source:  (0)
[9664:9664:0301/223153.638052:INFO:CONSOLE(0)] "DEBUG: jQuery : 2.2.4", source:  (0)
[9664:9664:0301/223153.638228:INFO:CONSOLE(0)] "DEBUG: -------------------------------", source:  (0)
[9664:9664:0301/223153.724812:INFO:CONSOLE(0)] "DEBUG: For more advanced debugging, install the Ember Inspector from https://chrome.google.com/webstore/detail/ember-inspector/bmdblncegkenkacieihfhpjfppoconhi", source:  (0)
[9664:9664:0301/223209.178554:INFO:CONSOLE(0)] "DEBUG: -------------------------------", source:  (0)
[9664:9664:0301/223209.178757:INFO:CONSOLE(0)] "DEBUG: Ember  : 2.6.2", source:  (0)
[9664:9664:0301/223209.178929:INFO:CONSOLE(0)] "DEBUG: jQuery : 2.2.4", source:  (0)
[9664:9664:0301/223209.179099:INFO:CONSOLE(0)] "DEBUG: -------------------------------", source:  (0)
[9664:9664:0301/223209.215104:INFO:CONSOLE(0)] "DEBUG: For more advanced debugging, install the Ember Inspector from https://chrome.google.com/webstore/detail/ember-inspector/bmdblncegkenkacieihfhpjfppoconhi", source:  (0)
[9664:9664:0301/223220.275061:INFO:CONSOLE(0)] "DEBUG: -------------------------------", source:  (0)
[9664:9664:0301/223220.275264:INFO:CONSOLE(0)] "DEBUG: Ember  : 2.6.2", source:  (0)
[9664:9664:0301/223220.275437:INFO:CONSOLE(0)] "DEBUG: jQuery : 2.2.4", source:  (0)
[9664:9664:0301/223220.275607:INFO:CONSOLE(0)] "DEBUG: -------------------------------", source:  (0)
[9664:9664:0301/223220.312447:INFO:CONSOLE(0)] "DEBUG: For more advanced debugging, install the Ember Inspector from https://chrome.google.com/webstore/detail/ember-inspector/bmdblncegkenkacieihfhpjfppoconhi", source:  (0)
[9664:9664:0301/223231.437490:INFO:CONSOLE(0)] "DEBUG: -------------------------------", source:  (0)
[9664:9664:0301/223231.437697:INFO:CONSOLE(0)] "DEBUG: Ember  : 2.6.2", source:  (0)
[9664:9664:0301/223231.437870:INFO:CONSOLE(0)] "DEBUG: jQuery : 2.2.4", source:  (0)
[9664:9664:0301/223231.438041:INFO:CONSOLE(0)] "DEBUG: -------------------------------", source:  (0)
[9664:9664:0301/223231.474615:INFO:CONSOLE(0)] "DEBUG: For more advanced debugging, install the Ember Inspector from https://chrome.google.com/webstore/detail/ember-inspector/bmdblncegkenkacieihfhpjfppoconhi", source:  (0)
[9664:9664:0301/223242.851126:INFO:CONSOLE(0)] "DEBUG: -------------------------------", source:  (0)
[9664:9664:0301/223242.851331:INFO:CONSOLE(0)] "DEBUG: Ember  : 2.6.2", source:  (0)
[9664:9664:0301/223242.851505:INFO:CONSOLE(0)] "DEBUG: jQuery : 2.2.4", source:  (0)
[9664:9664:0301/223242.851676:INFO:CONSOLE(0)] "DEBUG: -------------------------------", source:  (0)
[9664:9664:0301/223242.888145:INFO:CONSOLE(0)] "DEBUG: For more advanced debugging, install the Ember Inspector from https://chrome.google.com/webstore/detail/ember-inspector/bmdblncegkenkacieihfhpjfppoconhi", source:  (0)
[9664:9664:0301/223254.400321:INFO:CONSOLE(0)] "DEBUG: -------------------------------", source:  (0)
[9664:9664:0301/223254.400528:INFO:CONSOLE(0)] "DEBUG: Ember  : 2.6.2", source:  (0)
[9664:9664:0301/223254.400702:INFO:CONSOLE(0)] "DEBUG: jQuery : 2.2.4", source:  (0)
[9664:9664:0301/223254.400872:INFO:CONSOLE(0)] "DEBUG: -------------------------------", source:  (0)
[9664:9664:0301/223254.437540:INFO:CONSOLE(0)] "DEBUG: For more advanced debugging, install the Ember Inspector from https://chrome.google.com/webstore/detail/ember-inspector/bmdblncegkenkacieihfhpjfppoconhi", source:  (0)
[9664:9664:0301/223306.100740:INFO:CONSOLE(0)] "DEBUG: -------------------------------", source:  (0)
[9664:9664:0301/223306.100947:INFO:CONSOLE(0)] "DEBUG: Ember  : 2.6.2", source:  (0)
[9664:9664:0301/223306.101121:INFO:CONSOLE(0)] "DEBUG: jQuery : 2.2.4", source:  (0)
[9664:9664:0301/223306.101292:INFO:CONSOLE(0)] "DEBUG: -------------------------------", source:  (0)
[9664:9664:0301/223306.138771:INFO:CONSOLE(0)] "DEBUG: For more advanced debugging, install the Ember Inspector from https://chrome.google.com/webstore/detail/ember-inspector/bmdblncegkenkacieihfhpjfppoconhi", source:  (0)
[9664:9664:0301/223318.023580:INFO:CONSOLE(0)] "DEBUG: -------------------------------", source:  (0)
[9664:9664:0301/223318.023786:INFO:CONSOLE(0)] "DEBUG: Ember  : 2.6.2", source:  (0)
[9664:9664:0301/223318.023959:INFO:CONSOLE(0)] "DEBUG: jQuery : 2.2.4", source:  (0)
[9664:9664:0301/223318.024129:INFO:CONSOLE(0)] "DEBUG: -------------------------------", source:  (0)
[9664:9664:0301/223318.061307:INFO:CONSOLE(0)] "DEBUG: For more advanced debugging, install the Ember Inspector from https://chrome.google.com/webstore/detail/ember-inspector/bmdblncegkenkacieihfhpjfppoconhi", source:  (0)
[9664:9664:0301/223330.065825:INFO:CONSOLE(0)] "DEBUG: -------------------------------", source:  (0)
[9664:9664:0301/223330.066031:INFO:CONSOLE(0)] "DEBUG: Ember  : 2.6.2", source:  (0)
[9664:9664:0301/223330.066205:INFO:CONSOLE(0)] "DEBUG: jQuery : 2.2.4", source:  (0)
[9664:9664:0301/223330.066388:INFO:CONSOLE(0)] "DEBUG: -------------------------------", source:  (0)
[9664:9664:0301/223330.103833:INFO:CONSOLE(0)] "DEBUG: For more advanced debugging, install the Ember Inspector from https://chrome.google.com/webstore/detail/ember-inspector/bmdblncegkenkacieihfhpjfppoconhi", source:  (0)
[9664:9664:0301/223342.416014:INFO:CONSOLE(0)] "DEBUG: -------------------------------", source:  (0)
[9664:9664:0301/223342.416215:INFO:CONSOLE(0)] "DEBUG: Ember  : 2.6.2", source:  (0)
[9664:9664:0301/223342.416388:INFO:CONSOLE(0)] "DEBUG: jQuery : 2.2.4", source:  (0)
[9664:9664:0301/223342.416558:INFO:CONSOLE(0)] "DEBUG: -------------------------------", source:  (0)
[9664:9664:0301/223342.453581:INFO:CONSOLE(0)] "DEBUG: For more advanced debugging, install the Ember Inspector from https://chrome.google.com/webstore/detail/ember-inspector/bmdblncegkenkacieihfhpjfppoconhi", source:  (0)
