[4419:4419:0301/211910.288134:WARNING:chrome_main_delegate.cc(618)] This is Chrome version 112.0.5572.0 (not a warning)
[4419:4434:0301/211910.462249:ERROR:bus.cc(399)] Failed to connect to the bus: Could not parse server address: Unknown address type (examples of valid types are "tcp" and on UNIX "unix")
[4419:4434:0301/211910.462344:ERROR:bus.cc(399)] Failed to connect to the bus: Could not parse server address: Unknown address type (examples of valid types are "tcp" and on UNIX "unix")
[4419:4419:0301/211910.501460:WARNING:account_consistency_mode_manager.cc(70)] Desktop Identity Consistency cannot be enabled as no OAuth client ID and client secret have been configured.
[4419:4434:0301/211910.508562:ERROR:bus.cc(399)] Failed to connect to the bus: Could not parse server address: Unknown address type (examples of valid types are "tcp" and on UNIX "unix")
[4419:4434:0301/211910.508594:ERROR:bus.cc(399)] Failed to connect to the bus: Could not parse server address: Unknown address type (examples of valid types are "tcp" and on UNIX "unix")
[4419:4419:0301/211910.672099:WARNING:bluez_dbus_manager.cc(247)] Floss manager not present, cannot set Floss enable/disable.
[4419:4509:0301/211910.718575:ERROR:object_proxy.cc(623)] Failed to call method: org.freedesktop.DBus.Properties.Get: object_path= /org/freedesktop/UPower: org.freedesktop.DBus.Error.ServiceUnknown: The name org.freedesktop.UPower was not provided by any .service files
[4419:4509:0301/211910.723250:WARNING:property.cc(144)] DaemonVersion: GetAndBlock: failed.
[4419:4509:0301/211910.723410:ERROR:object_proxy.cc(623)] Failed to call method: org.freedesktop.UPower.GetDisplayDevice: object_path= /org/freedesktop/UPower: org.freedesktop.DBus.Error.ServiceUnknown: The name org.freedesktop.UPower was not provided by any .service files
[4419:4509:0301/211910.723529:ERROR:object_proxy.cc(623)] Failed to call method: org.freedesktop.UPower.EnumerateDevices: object_path= /org/freedesktop/UPower: org.freedesktop.DBus.Error.ServiceUnknown: The name org.freedesktop.UPower was not provided by any .service files
[4419:4434:0301/211910.966643:ERROR:bus.cc(399)] Failed to connect to the bus: Could not parse server address: Unknown address type (examples of valid types are "tcp" and on UNIX "unix")
[4419:4434:0301/211910.975172:ERROR:bus.cc(399)] Failed to connect to the bus: Could not parse server address: Unknown address type (examples of valid types are "tcp" and on UNIX "unix")
[4419:4419:0301/211914.651126:INFO:optimization_guide_logger.cc(42)] ../../components/optimization_guide/content/browser/page_content_annotations_service.cc(309) PageContentAnnotationJob Result: BatchAnnotationResult{"Speedometer 2.1 Interactive Runner", type: ContentVisibility, output: nullopt}
[4419:4419:0301/211914.651199:INFO:optimization_guide_logger.cc(42)] ../../components/optimization_guide/content/browser/page_content_annotations_service.cc(309) PageContentAnnotationJob Result: BatchAnnotationResult{"Speedometer 2.1 Interactive Runner", type: PageEntities, output: nullopt}
[4419:4419:0301/211914.708321:INFO:optimization_guide_logger.cc(42)] ../../components/optimization_guide/core/hints_manager.cc(523) Hint cache initialized
[4419:4419:0301/211922.550946:INFO:CONSOLE(0)] "DEBUG: -------------------------------", source:  (0)
[4419:4419:0301/211922.551162:INFO:CONSOLE(0)] "DEBUG: Ember  : 2.6.2", source:  (0)
[4419:4419:0301/211922.551340:INFO:CONSOLE(0)] "DEBUG: jQuery : 2.2.4", source:  (0)
[4419:4419:0301/211922.551515:INFO:CONSOLE(0)] "DEBUG: -------------------------------", source:  (0)
[4419:4419:0301/211922.638352:INFO:CONSOLE(0)] "DEBUG: For more advanced debugging, install the Ember Inspector from https://chrome.google.com/webstore/detail/ember-inspector/bmdblncegkenkacieihfhpjfppoconhi", source:  (0)
[4419:4419:0301/211940.465574:INFO:CONSOLE(0)] "DEBUG: -------------------------------", source:  (0)
[4419:4419:0301/211940.465783:INFO:CONSOLE(0)] "DEBUG: Ember  : 2.6.2", source:  (0)
[4419:4419:0301/211940.465960:INFO:CONSOLE(0)] "DEBUG: jQuery : 2.2.4", source:  (0)
[4419:4419:0301/211940.466134:INFO:CONSOLE(0)] "DEBUG: -------------------------------", source:  (0)
[4419:4419:0301/211940.501917:INFO:CONSOLE(0)] "DEBUG: For more advanced debugging, install the Ember Inspector from https://chrome.google.com/webstore/detail/ember-inspector/bmdblncegkenkacieihfhpjfppoconhi", source:  (0)
[4419:4419:0301/211951.384274:INFO:CONSOLE(0)] "DEBUG: -------------------------------", source:  (0)
[4419:4419:0301/211951.384630:INFO:CONSOLE(0)] "DEBUG: Ember  : 2.6.2", source:  (0)
[4419:4419:0301/211951.384819:INFO:CONSOLE(0)] "DEBUG: jQuery : 2.2.4", source:  (0)
[4419:4419:0301/211951.384994:INFO:CONSOLE(0)] "DEBUG: -------------------------------", source:  (0)
[4419:4419:0301/211951.421087:INFO:CONSOLE(0)] "DEBUG: For more advanced debugging, install the Ember Inspector from https://chrome.google.com/webstore/detail/ember-inspector/bmdblncegkenkacieihfhpjfppoconhi", source:  (0)
[4419:4419:0301/212002.411389:INFO:CONSOLE(0)] "DEBUG: -------------------------------", source:  (0)
[4419:4419:0301/212002.411606:INFO:CONSOLE(0)] "DEBUG: Ember  : 2.6.2", source:  (0)
[4419:4419:0301/212002.411784:INFO:CONSOLE(0)] "DEBUG: jQuery : 2.2.4", source:  (0)
[4419:4419:0301/212002.411959:INFO:CONSOLE(0)] "DEBUG: -------------------------------", source:  (0)
[4419:4419:0301/212002.448117:INFO:CONSOLE(0)] "DEBUG: For more advanced debugging, install the Ember Inspector from https://chrome.google.com/webstore/detail/ember-inspector/bmdblncegkenkacieihfhpjfppoconhi", source:  (0)
[4419:4419:0301/212013.659426:INFO:CONSOLE(0)] "DEBUG: -------------------------------", source:  (0)
[4419:4419:0301/212013.659637:INFO:CONSOLE(0)] "DEBUG: Ember  : 2.6.2", source:  (0)
[4419:4419:0301/212013.659815:INFO:CONSOLE(0)] "DEBUG: jQuery : 2.2.4", source:  (0)
[4419:4419:0301/212013.659989:INFO:CONSOLE(0)] "DEBUG: -------------------------------", source:  (0)
[4419:4419:0301/212013.696032:INFO:CONSOLE(0)] "DEBUG: For more advanced debugging, install the Ember Inspector from https://chrome.google.com/webstore/detail/ember-inspector/bmdblncegkenkacieihfhpjfppoconhi", source:  (0)
[4419:4419:0301/212025.078298:INFO:CONSOLE(0)] "DEBUG: -------------------------------", source:  (0)
[4419:4419:0301/212025.078509:INFO:CONSOLE(0)] "DEBUG: Ember  : 2.6.2", source:  (0)
[4419:4419:0301/212025.078686:INFO:CONSOLE(0)] "DEBUG: jQuery : 2.2.4", source:  (0)
[4419:4419:0301/212025.078860:INFO:CONSOLE(0)] "DEBUG: -------------------------------", source:  (0)
[4419:4419:0301/212025.115447:INFO:CONSOLE(0)] "DEBUG: For more advanced debugging, install the Ember Inspector from https://chrome.google.com/webstore/detail/ember-inspector/bmdblncegkenkacieihfhpjfppoconhi", source:  (0)
[4419:4419:0301/212036.536476:INFO:CONSOLE(0)] "DEBUG: -------------------------------", source:  (0)
[4419:4419:0301/212036.536683:INFO:CONSOLE(0)] "DEBUG: Ember  : 2.6.2", source:  (0)
[4419:4419:0301/212036.536860:INFO:CONSOLE(0)] "DEBUG: jQuery : 2.2.4", source:  (0)
[4419:4419:0301/212036.537035:INFO:CONSOLE(0)] "DEBUG: -------------------------------", source:  (0)
[4419:4419:0301/212036.573739:INFO:CONSOLE(0)] "DEBUG: For more advanced debugging, install the Ember Inspector from https://chrome.google.com/webstore/detail/ember-inspector/bmdblncegkenkacieihfhpjfppoconhi", source:  (0)
[4419:4419:0301/212048.217099:INFO:CONSOLE(0)] "DEBUG: -------------------------------", source:  (0)
[4419:4419:0301/212048.217313:INFO:CONSOLE(0)] "DEBUG: Ember  : 2.6.2", source:  (0)
[4419:4419:0301/212048.217490:INFO:CONSOLE(0)] "DEBUG: jQuery : 2.2.4", source:  (0)
[4419:4419:0301/212048.217665:INFO:CONSOLE(0)] "DEBUG: -------------------------------", source:  (0)
[4419:4419:0301/212048.254234:INFO:CONSOLE(0)] "DEBUG: For more advanced debugging, install the Ember Inspector from https://chrome.google.com/webstore/detail/ember-inspector/bmdblncegkenkacieihfhpjfppoconhi", source:  (0)
[4419:4419:0301/212059.999237:INFO:CONSOLE(0)] "DEBUG: -------------------------------", source:  (0)
[4419:4419:0301/212059.999459:INFO:CONSOLE(0)] "DEBUG: Ember  : 2.6.2", source:  (0)
[4419:4419:0301/212059.999638:INFO:CONSOLE(0)] "DEBUG: jQuery : 2.2.4", source:  (0)
[4419:4419:0301/212059.999821:INFO:CONSOLE(0)] "DEBUG: -------------------------------", source:  (0)
[4419:4419:0301/212100.036613:INFO:CONSOLE(0)] "DEBUG: For more advanced debugging, install the Ember Inspector from https://chrome.google.com/webstore/detail/ember-inspector/bmdblncegkenkacieihfhpjfppoconhi", source:  (0)
[4419:4419:0301/212111.930781:INFO:CONSOLE(0)] "DEBUG: -------------------------------", source:  (0)
[4419:4419:0301/212111.930990:INFO:CONSOLE(0)] "DEBUG: Ember  : 2.6.2", source:  (0)
[4419:4419:0301/212111.931174:INFO:CONSOLE(0)] "DEBUG: jQuery : 2.2.4", source:  (0)
[4419:4419:0301/212111.931360:INFO:CONSOLE(0)] "DEBUG: -------------------------------", source:  (0)
[4419:4419:0301/212111.968157:INFO:CONSOLE(0)] "DEBUG: For more advanced debugging, install the Ember Inspector from https://chrome.google.com/webstore/detail/ember-inspector/bmdblncegkenkacieihfhpjfppoconhi", source:  (0)
