[2876:2876:0301/205810.002892:WARNING:chrome_main_delegate.cc(618)] This is Chrome version 112.0.5572.0 (not a warning)
[2876:2890:0301/205810.178522:ERROR:bus.cc(399)] Failed to connect to the bus: Could not parse server address: Unknown address type (examples of valid types are "tcp" and on UNIX "unix")
[2876:2890:0301/205810.178553:ERROR:bus.cc(399)] Failed to connect to the bus: Could not parse server address: Unknown address type (examples of valid types are "tcp" and on UNIX "unix")
[2876:2876:0301/205810.216238:WARNING:account_consistency_mode_manager.cc(70)] Desktop Identity Consistency cannot be enabled as no OAuth client ID and client secret have been configured.
[2876:2890:0301/205810.224217:ERROR:bus.cc(399)] Failed to connect to the bus: Could not parse server address: Unknown address type (examples of valid types are "tcp" and on UNIX "unix")
[2876:2890:0301/205810.224250:ERROR:bus.cc(399)] Failed to connect to the bus: Could not parse server address: Unknown address type (examples of valid types are "tcp" and on UNIX "unix")
[2876:2876:0301/205810.448660:WARNING:bluez_dbus_manager.cc(247)] Floss manager not present, cannot set Floss enable/disable.
[2876:2965:0301/205810.514240:ERROR:object_proxy.cc(623)] Failed to call method: org.freedesktop.DBus.Properties.Get: object_path= /org/freedesktop/UPower: org.freedesktop.DBus.Error.ServiceUnknown: The name org.freedesktop.UPower was not provided by any .service files
[2876:2965:0301/205810.514263:WARNING:property.cc(144)] DaemonVersion: GetAndBlock: failed.
[2876:2965:0301/205810.514376:ERROR:object_proxy.cc(623)] Failed to call method: org.freedesktop.UPower.GetDisplayDevice: object_path= /org/freedesktop/UPower: org.freedesktop.DBus.Error.ServiceUnknown: The name org.freedesktop.UPower was not provided by any .service files
[2876:2965:0301/205810.514621:ERROR:object_proxy.cc(623)] Failed to call method: org.freedesktop.UPower.EnumerateDevices: object_path= /org/freedesktop/UPower: org.freedesktop.DBus.Error.ServiceUnknown: The name org.freedesktop.UPower was not provided by any .service files
[2876:2890:0301/205810.702822:ERROR:bus.cc(399)] Failed to connect to the bus: Could not parse server address: Unknown address type (examples of valid types are "tcp" and on UNIX "unix")
[2876:2890:0301/205810.769679:ERROR:bus.cc(399)] Failed to connect to the bus: Could not parse server address: Unknown address type (examples of valid types are "tcp" and on UNIX "unix")
[2876:2876:0301/205814.376723:INFO:optimization_guide_logger.cc(42)] ../../components/optimization_guide/content/browser/page_content_annotations_service.cc(309) PageContentAnnotationJob Result: BatchAnnotationResult{"Speedometer 2.1 Interactive Runner", type: ContentVisibility, output: nullopt}
[2876:2876:0301/205814.376794:INFO:optimization_guide_logger.cc(42)] ../../components/optimization_guide/content/browser/page_content_annotations_service.cc(309) PageContentAnnotationJob Result: BatchAnnotationResult{"Speedometer 2.1 Interactive Runner", type: PageEntities, output: nullopt}
[2876:2876:0301/205814.436779:INFO:optimization_guide_logger.cc(42)] ../../components/optimization_guide/core/hints_manager.cc(523) Hint cache initialized
[2876:2876:0301/205822.104084:INFO:CONSOLE(0)] "DEBUG: -------------------------------", source:  (0)
[2876:2876:0301/205822.104292:INFO:CONSOLE(0)] "DEBUG: Ember  : 2.6.2", source:  (0)
[2876:2876:0301/205822.104466:INFO:CONSOLE(0)] "DEBUG: jQuery : 2.2.4", source:  (0)
[2876:2876:0301/205822.104637:INFO:CONSOLE(0)] "DEBUG: -------------------------------", source:  (0)
[2876:2876:0301/205822.191923:INFO:CONSOLE(0)] "DEBUG: For more advanced debugging, install the Ember Inspector from https://chrome.google.com/webstore/detail/ember-inspector/bmdblncegkenkacieihfhpjfppoconhi", source:  (0)
[2876:2876:0301/205838.979335:INFO:CONSOLE(0)] "DEBUG: -------------------------------", source:  (0)
[2876:2876:0301/205838.979535:INFO:CONSOLE(0)] "DEBUG: Ember  : 2.6.2", source:  (0)
[2876:2876:0301/205838.979709:INFO:CONSOLE(0)] "DEBUG: jQuery : 2.2.4", source:  (0)
[2876:2876:0301/205838.979879:INFO:CONSOLE(0)] "DEBUG: -------------------------------", source:  (0)
[2876:2876:0301/205839.016774:INFO:CONSOLE(0)] "DEBUG: For more advanced debugging, install the Ember Inspector from https://chrome.google.com/webstore/detail/ember-inspector/bmdblncegkenkacieihfhpjfppoconhi", source:  (0)
[2876:2876:0301/205850.195682:INFO:CONSOLE(0)] "DEBUG: -------------------------------", source:  (0)
[2876:2876:0301/205850.195889:INFO:CONSOLE(0)] "DEBUG: Ember  : 2.6.2", source:  (0)
[2876:2876:0301/205850.196070:INFO:CONSOLE(0)] "DEBUG: jQuery : 2.2.4", source:  (0)
[2876:2876:0301/205850.196241:INFO:CONSOLE(0)] "DEBUG: -------------------------------", source:  (0)
[2876:2876:0301/205850.232991:INFO:CONSOLE(0)] "DEBUG: For more advanced debugging, install the Ember Inspector from https://chrome.google.com/webstore/detail/ember-inspector/bmdblncegkenkacieihfhpjfppoconhi", source:  (0)
[2876:2876:0301/205901.485455:INFO:CONSOLE(0)] "DEBUG: -------------------------------", source:  (0)
[2876:2876:0301/205901.485661:INFO:CONSOLE(0)] "DEBUG: Ember  : 2.6.2", source:  (0)
[2876:2876:0301/205901.485835:INFO:CONSOLE(0)] "DEBUG: jQuery : 2.2.4", source:  (0)
[2876:2876:0301/205901.486006:INFO:CONSOLE(0)] "DEBUG: -------------------------------", source:  (0)
[2876:2876:0301/205901.522681:INFO:CONSOLE(0)] "DEBUG: For more advanced debugging, install the Ember Inspector from https://chrome.google.com/webstore/detail/ember-inspector/bmdblncegkenkacieihfhpjfppoconhi", source:  (0)
[2876:2876:0301/205912.862923:INFO:CONSOLE(0)] "DEBUG: -------------------------------", source:  (0)
[2876:2876:0301/205912.863131:INFO:CONSOLE(0)] "DEBUG: Ember  : 2.6.2", source:  (0)
[2876:2876:0301/205912.863304:INFO:CONSOLE(0)] "DEBUG: jQuery : 2.2.4", source:  (0)
[2876:2876:0301/205912.863475:INFO:CONSOLE(0)] "DEBUG: -------------------------------", source:  (0)
[2876:2876:0301/205912.900480:INFO:CONSOLE(0)] "DEBUG: For more advanced debugging, install the Ember Inspector from https://chrome.google.com/webstore/detail/ember-inspector/bmdblncegkenkacieihfhpjfppoconhi", source:  (0)
[2876:2876:0301/205924.518622:INFO:CONSOLE(0)] "DEBUG: -------------------------------", source:  (0)
[2876:2876:0301/205924.518834:INFO:CONSOLE(0)] "DEBUG: Ember  : 2.6.2", source:  (0)
[2876:2876:0301/205924.519008:INFO:CONSOLE(0)] "DEBUG: jQuery : 2.2.4", source:  (0)
[2876:2876:0301/205924.519178:INFO:CONSOLE(0)] "DEBUG: -------------------------------", source:  (0)
[2876:2876:0301/205924.556570:INFO:CONSOLE(0)] "DEBUG: For more advanced debugging, install the Ember Inspector from https://chrome.google.com/webstore/detail/ember-inspector/bmdblncegkenkacieihfhpjfppoconhi", source:  (0)
[2876:2876:0301/205936.306260:INFO:CONSOLE(0)] "DEBUG: -------------------------------", source:  (0)
[2876:2876:0301/205936.306464:INFO:CONSOLE(0)] "DEBUG: Ember  : 2.6.2", source:  (0)
[2876:2876:0301/205936.306638:INFO:CONSOLE(0)] "DEBUG: jQuery : 2.2.4", source:  (0)
[2876:2876:0301/205936.306809:INFO:CONSOLE(0)] "DEBUG: -------------------------------", source:  (0)
[2876:2876:0301/205936.344065:INFO:CONSOLE(0)] "DEBUG: For more advanced debugging, install the Ember Inspector from https://chrome.google.com/webstore/detail/ember-inspector/bmdblncegkenkacieihfhpjfppoconhi", source:  (0)
[2876:2876:0301/205948.337890:INFO:CONSOLE(0)] "DEBUG: -------------------------------", source:  (0)
[2876:2876:0301/205948.338106:INFO:CONSOLE(0)] "DEBUG: Ember  : 2.6.2", source:  (0)
[2876:2876:0301/205948.338285:INFO:CONSOLE(0)] "DEBUG: jQuery : 2.2.4", source:  (0)
[2876:2876:0301/205948.338458:INFO:CONSOLE(0)] "DEBUG: -------------------------------", source:  (0)
[2876:2876:0301/205948.376099:INFO:CONSOLE(0)] "DEBUG: For more advanced debugging, install the Ember Inspector from https://chrome.google.com/webstore/detail/ember-inspector/bmdblncegkenkacieihfhpjfppoconhi", source:  (0)
[2876:2876:0301/210000.554056:INFO:CONSOLE(0)] "DEBUG: -------------------------------", source:  (0)
[2876:2876:0301/210000.554271:INFO:CONSOLE(0)] "DEBUG: Ember  : 2.6.2", source:  (0)
[2876:2876:0301/210000.554456:INFO:CONSOLE(0)] "DEBUG: jQuery : 2.2.4", source:  (0)
[2876:2876:0301/210000.554636:INFO:CONSOLE(0)] "DEBUG: -------------------------------", source:  (0)
[2876:2876:0301/210000.591762:INFO:CONSOLE(0)] "DEBUG: For more advanced debugging, install the Ember Inspector from https://chrome.google.com/webstore/detail/ember-inspector/bmdblncegkenkacieihfhpjfppoconhi", source:  (0)
[2876:2876:0301/210012.892399:INFO:CONSOLE(0)] "DEBUG: -------------------------------", source:  (0)
[2876:2876:0301/210012.892608:INFO:CONSOLE(0)] "DEBUG: Ember  : 2.6.2", source:  (0)
[2876:2876:0301/210012.892784:INFO:CONSOLE(0)] "DEBUG: jQuery : 2.2.4", source:  (0)
[2876:2876:0301/210012.892956:INFO:CONSOLE(0)] "DEBUG: -------------------------------", source:  (0)
[2876:2876:0301/210012.930649:INFO:CONSOLE(0)] "DEBUG: For more advanced debugging, install the Ember Inspector from https://chrome.google.com/webstore/detail/ember-inspector/bmdblncegkenkacieihfhpjfppoconhi", source:  (0)
