[16656:16656:0301/123431.668979:WARNING:chrome_main_delegate.cc(618)] This is Chrome version 112.0.5572.0 (not a warning)
[16656:16671:0301/123431.829503:ERROR:bus.cc(399)] Failed to connect to the bus: Could not parse server address: Unknown address type (examples of valid types are "tcp" and on UNIX "unix")
[16656:16671:0301/123431.829533:ERROR:bus.cc(399)] Failed to connect to the bus: Could not parse server address: Unknown address type (examples of valid types are "tcp" and on UNIX "unix")
[16656:16656:0301/123431.869225:WARNING:account_consistency_mode_manager.cc(70)] Desktop Identity Consistency cannot be enabled as no OAuth client ID and client secret have been configured.
[16656:16671:0301/123431.875728:ERROR:bus.cc(399)] Failed to connect to the bus: Could not parse server address: Unknown address type (examples of valid types are "tcp" and on UNIX "unix")
[16656:16671:0301/123431.875762:ERROR:bus.cc(399)] Failed to connect to the bus: Could not parse server address: Unknown address type (examples of valid types are "tcp" and on UNIX "unix")
[16656:16656:0301/123432.063110:WARNING:bluez_dbus_manager.cc(247)] Floss manager not present, cannot set Floss enable/disable.
[16656:16744:0301/123432.087326:ERROR:object_proxy.cc(623)] Failed to call method: org.freedesktop.DBus.Properties.Get: object_path= /org/freedesktop/UPower: org.freedesktop.DBus.Error.ServiceUnknown: The name org.freedesktop.UPower was not provided by any .service files
[16656:16744:0301/123432.087348:WARNING:property.cc(144)] DaemonVersion: GetAndBlock: failed.
[16656:16744:0301/123432.087452:ERROR:object_proxy.cc(623)] Failed to call method: org.freedesktop.UPower.GetDisplayDevice: object_path= /org/freedesktop/UPower: org.freedesktop.DBus.Error.ServiceUnknown: The name org.freedesktop.UPower was not provided by any .service files
[16656:16744:0301/123432.087621:ERROR:object_proxy.cc(623)] Failed to call method: org.freedesktop.UPower.EnumerateDevices: object_path= /org/freedesktop/UPower: org.freedesktop.DBus.Error.ServiceUnknown: The name org.freedesktop.UPower was not provided by any .service files
[16656:16671:0301/123432.224781:ERROR:bus.cc(399)] Failed to connect to the bus: Could not parse server address: Unknown address type (examples of valid types are "tcp" and on UNIX "unix")
[16656:16671:0301/123432.234222:ERROR:bus.cc(399)] Failed to connect to the bus: Could not parse server address: Unknown address type (examples of valid types are "tcp" and on UNIX "unix")
[16656:16656:0301/123435.891793:INFO:optimization_guide_logger.cc(42)] ../../components/optimization_guide/core/hints_manager.cc(523) Hint cache initialized
[16656:16656:0301/123436.062782:INFO:optimization_guide_logger.cc(42)] ../../components/optimization_guide/content/browser/page_content_annotations_service.cc(309) PageContentAnnotationJob Result: BatchAnnotationResult{"Speedometer 2.1 Interactive Runner", type: ContentVisibility, output: nullopt}
[16656:16656:0301/123436.062854:INFO:optimization_guide_logger.cc(42)] ../../components/optimization_guide/content/browser/page_content_annotations_service.cc(309) PageContentAnnotationJob Result: BatchAnnotationResult{"Speedometer 2.1 Interactive Runner", type: PageEntities, output: nullopt}
[16656:16656:0301/123443.703834:INFO:CONSOLE(0)] "DEBUG: -------------------------------", source:  (0)
[16656:16656:0301/123443.704036:INFO:CONSOLE(0)] "DEBUG: Ember  : 2.6.2", source:  (0)
[16656:16656:0301/123443.704215:INFO:CONSOLE(0)] "DEBUG: jQuery : 2.2.4", source:  (0)
[16656:16656:0301/123443.704384:INFO:CONSOLE(0)] "DEBUG: -------------------------------", source:  (0)
[16656:16656:0301/123443.791294:INFO:CONSOLE(0)] "DEBUG: For more advanced debugging, install the Ember Inspector from https://chrome.google.com/webstore/detail/ember-inspector/bmdblncegkenkacieihfhpjfppoconhi", source:  (0)
[16656:16656:0301/123504.709966:INFO:CONSOLE(0)] "DEBUG: -------------------------------", source:  (0)
[16656:16656:0301/123504.710179:INFO:CONSOLE(0)] "DEBUG: Ember  : 2.6.2", source:  (0)
[16656:16656:0301/123504.710359:INFO:CONSOLE(0)] "DEBUG: jQuery : 2.2.4", source:  (0)
[16656:16656:0301/123504.710680:INFO:CONSOLE(0)] "DEBUG: -------------------------------", source:  (0)
[16656:16656:0301/123504.749781:INFO:CONSOLE(0)] "DEBUG: For more advanced debugging, install the Ember Inspector from https://chrome.google.com/webstore/detail/ember-inspector/bmdblncegkenkacieihfhpjfppoconhi", source:  (0)
[16656:16656:0301/123515.984418:INFO:CONSOLE(0)] "DEBUG: -------------------------------", source:  (0)
[16656:16656:0301/123515.984621:INFO:CONSOLE(0)] "DEBUG: Ember  : 2.6.2", source:  (0)
[16656:16656:0301/123515.984793:INFO:CONSOLE(0)] "DEBUG: jQuery : 2.2.4", source:  (0)
[16656:16656:0301/123515.984963:INFO:CONSOLE(0)] "DEBUG: -------------------------------", source:  (0)
[16656:16656:0301/123516.023212:INFO:CONSOLE(0)] "DEBUG: For more advanced debugging, install the Ember Inspector from https://chrome.google.com/webstore/detail/ember-inspector/bmdblncegkenkacieihfhpjfppoconhi", source:  (0)
[16656:16656:0301/123527.342621:INFO:CONSOLE(0)] "DEBUG: -------------------------------", source:  (0)
[16656:16656:0301/123527.342822:INFO:CONSOLE(0)] "DEBUG: Ember  : 2.6.2", source:  (0)
[16656:16656:0301/123527.342994:INFO:CONSOLE(0)] "DEBUG: jQuery : 2.2.4", source:  (0)
[16656:16656:0301/123527.343163:INFO:CONSOLE(0)] "DEBUG: -------------------------------", source:  (0)
[16656:16656:0301/123527.380590:INFO:CONSOLE(0)] "DEBUG: For more advanced debugging, install the Ember Inspector from https://chrome.google.com/webstore/detail/ember-inspector/bmdblncegkenkacieihfhpjfppoconhi", source:  (0)
[16656:16656:0301/123538.678656:INFO:CONSOLE(0)] "DEBUG: -------------------------------", source:  (0)
[16656:16656:0301/123538.678861:INFO:CONSOLE(0)] "DEBUG: Ember  : 2.6.2", source:  (0)
[16656:16656:0301/123538.679035:INFO:CONSOLE(0)] "DEBUG: jQuery : 2.2.4", source:  (0)
[16656:16656:0301/123538.679205:INFO:CONSOLE(0)] "DEBUG: -------------------------------", source:  (0)
[16656:16656:0301/123538.717428:INFO:CONSOLE(0)] "DEBUG: For more advanced debugging, install the Ember Inspector from https://chrome.google.com/webstore/detail/ember-inspector/bmdblncegkenkacieihfhpjfppoconhi", source:  (0)
[16656:16656:0301/123550.038310:INFO:CONSOLE(0)] "DEBUG: -------------------------------", source:  (0)
[16656:16656:0301/123550.038515:INFO:CONSOLE(0)] "DEBUG: Ember  : 2.6.2", source:  (0)
[16656:16656:0301/123550.038687:INFO:CONSOLE(0)] "DEBUG: jQuery : 2.2.4", source:  (0)
[16656:16656:0301/123550.038856:INFO:CONSOLE(0)] "DEBUG: -------------------------------", source:  (0)
[16656:16656:0301/123550.086301:INFO:CONSOLE(0)] "DEBUG: For more advanced debugging, install the Ember Inspector from https://chrome.google.com/webstore/detail/ember-inspector/bmdblncegkenkacieihfhpjfppoconhi", source:  (0)
[16656:16656:0301/123601.791053:INFO:CONSOLE(0)] "DEBUG: -------------------------------", source:  (0)
[16656:16656:0301/123601.791254:INFO:CONSOLE(0)] "DEBUG: Ember  : 2.6.2", source:  (0)
[16656:16656:0301/123601.791426:INFO:CONSOLE(0)] "DEBUG: jQuery : 2.2.4", source:  (0)
[16656:16656:0301/123601.791596:INFO:CONSOLE(0)] "DEBUG: -------------------------------", source:  (0)
[16656:16656:0301/123601.831382:INFO:CONSOLE(0)] "DEBUG: For more advanced debugging, install the Ember Inspector from https://chrome.google.com/webstore/detail/ember-inspector/bmdblncegkenkacieihfhpjfppoconhi", source:  (0)
[16656:16656:0301/123613.845680:INFO:CONSOLE(0)] "DEBUG: -------------------------------", source:  (0)
[16656:16656:0301/123613.845886:INFO:CONSOLE(0)] "DEBUG: Ember  : 2.6.2", source:  (0)
[16656:16656:0301/123613.846059:INFO:CONSOLE(0)] "DEBUG: jQuery : 2.2.4", source:  (0)
[16656:16656:0301/123613.846234:INFO:CONSOLE(0)] "DEBUG: -------------------------------", source:  (0)
[16656:16656:0301/123613.887522:INFO:CONSOLE(0)] "DEBUG: For more advanced debugging, install the Ember Inspector from https://chrome.google.com/webstore/detail/ember-inspector/bmdblncegkenkacieihfhpjfppoconhi", source:  (0)
[16656:16656:0301/123625.958980:INFO:CONSOLE(0)] "DEBUG: -------------------------------", source:  (0)
[16656:16656:0301/123625.959190:INFO:CONSOLE(0)] "DEBUG: Ember  : 2.6.2", source:  (0)
[16656:16656:0301/123625.959362:INFO:CONSOLE(0)] "DEBUG: jQuery : 2.2.4", source:  (0)
[16656:16656:0301/123625.959552:INFO:CONSOLE(0)] "DEBUG: -------------------------------", source:  (0)
[16656:16656:0301/123625.996929:INFO:CONSOLE(0)] "DEBUG: For more advanced debugging, install the Ember Inspector from https://chrome.google.com/webstore/detail/ember-inspector/bmdblncegkenkacieihfhpjfppoconhi", source:  (0)
[16656:16656:0301/123637.205773:INFO:CONSOLE(0)] "DEBUG: -------------------------------", source:  (0)
[16656:16656:0301/123637.205977:INFO:CONSOLE(0)] "DEBUG: Ember  : 2.6.2", source:  (0)
[16656:16656:0301/123637.206149:INFO:CONSOLE(0)] "DEBUG: jQuery : 2.2.4", source:  (0)
[16656:16656:0301/123637.206323:INFO:CONSOLE(0)] "DEBUG: -------------------------------", source:  (0)
[16656:16656:0301/123637.244587:INFO:CONSOLE(0)] "DEBUG: For more advanced debugging, install the Ember Inspector from https://chrome.google.com/webstore/detail/ember-inspector/bmdblncegkenkacieihfhpjfppoconhi", source:  (0)
