[17380:17380:0301/124335.390452:WARNING:chrome_main_delegate.cc(618)] This is Chrome version 112.0.5572.0 (not a warning)
[17380:17394:0301/124335.551892:ERROR:bus.cc(399)] Failed to connect to the bus: Could not parse server address: Unknown address type (examples of valid types are "tcp" and on UNIX "unix")
[17380:17394:0301/124335.551935:ERROR:bus.cc(399)] Failed to connect to the bus: Could not parse server address: Unknown address type (examples of valid types are "tcp" and on UNIX "unix")
[17380:17380:0301/124335.585240:WARNING:account_consistency_mode_manager.cc(70)] Desktop Identity Consistency cannot be enabled as no OAuth client ID and client secret have been configured.
[17380:17394:0301/124335.591757:ERROR:bus.cc(399)] Failed to connect to the bus: Could not parse server address: Unknown address type (examples of valid types are "tcp" and on UNIX "unix")
[17380:17394:0301/124335.591794:ERROR:bus.cc(399)] Failed to connect to the bus: Could not parse server address: Unknown address type (examples of valid types are "tcp" and on UNIX "unix")
[17380:17380:0301/124335.790550:WARNING:bluez_dbus_manager.cc(247)] Floss manager not present, cannot set Floss enable/disable.
[17380:17469:0301/124335.856278:ERROR:object_proxy.cc(623)] Failed to call method: org.freedesktop.DBus.Properties.Get: object_path= /org/freedesktop/UPower: org.freedesktop.DBus.Error.ServiceUnknown: The name org.freedesktop.UPower was not provided by any .service files
[17380:17469:0301/124335.856296:WARNING:property.cc(144)] DaemonVersion: GetAndBlock: failed.
[17380:17469:0301/124335.856407:ERROR:object_proxy.cc(623)] Failed to call method: org.freedesktop.UPower.GetDisplayDevice: object_path= /org/freedesktop/UPower: org.freedesktop.DBus.Error.ServiceUnknown: The name org.freedesktop.UPower was not provided by any .service files
[17380:17469:0301/124335.856500:ERROR:object_proxy.cc(623)] Failed to call method: org.freedesktop.UPower.EnumerateDevices: object_path= /org/freedesktop/UPower: org.freedesktop.DBus.Error.ServiceUnknown: The name org.freedesktop.UPower was not provided by any .service files
[17380:17394:0301/124336.032679:ERROR:bus.cc(399)] Failed to connect to the bus: Could not parse server address: Unknown address type (examples of valid types are "tcp" and on UNIX "unix")
[17380:17394:0301/124336.042437:ERROR:bus.cc(399)] Failed to connect to the bus: Could not parse server address: Unknown address type (examples of valid types are "tcp" and on UNIX "unix")
[17380:17380:0301/124339.574892:INFO:optimization_guide_logger.cc(42)] ../../components/optimization_guide/core/hints_manager.cc(523) Hint cache initialized
[17380:17380:0301/124339.780798:INFO:optimization_guide_logger.cc(42)] ../../components/optimization_guide/content/browser/page_content_annotations_service.cc(309) PageContentAnnotationJob Result: BatchAnnotationResult{"Speedometer 2.1 Interactive Runner", type: ContentVisibility, output: nullopt}
[17380:17380:0301/124339.780874:INFO:optimization_guide_logger.cc(42)] ../../components/optimization_guide/content/browser/page_content_annotations_service.cc(309) PageContentAnnotationJob Result: BatchAnnotationResult{"Speedometer 2.1 Interactive Runner", type: PageEntities, output: nullopt}
[17380:17380:0301/124347.391583:INFO:CONSOLE(0)] "DEBUG: -------------------------------", source:  (0)
[17380:17380:0301/124347.391781:INFO:CONSOLE(0)] "DEBUG: Ember  : 2.6.2", source:  (0)
[17380:17380:0301/124347.391955:INFO:CONSOLE(0)] "DEBUG: jQuery : 2.2.4", source:  (0)
[17380:17380:0301/124347.392125:INFO:CONSOLE(0)] "DEBUG: -------------------------------", source:  (0)
[17380:17380:0301/124347.478966:INFO:CONSOLE(0)] "DEBUG: For more advanced debugging, install the Ember Inspector from https://chrome.google.com/webstore/detail/ember-inspector/bmdblncegkenkacieihfhpjfppoconhi", source:  (0)
[17380:17380:0301/124403.503681:INFO:CONSOLE(0)] "DEBUG: -------------------------------", source:  (0)
[17380:17380:0301/124403.503884:INFO:CONSOLE(0)] "DEBUG: Ember  : 2.6.2", source:  (0)
[17380:17380:0301/124403.504060:INFO:CONSOLE(0)] "DEBUG: jQuery : 2.2.4", source:  (0)
[17380:17380:0301/124403.504240:INFO:CONSOLE(0)] "DEBUG: -------------------------------", source:  (0)
[17380:17380:0301/124403.543268:INFO:CONSOLE(0)] "DEBUG: For more advanced debugging, install the Ember Inspector from https://chrome.google.com/webstore/detail/ember-inspector/bmdblncegkenkacieihfhpjfppoconhi", source:  (0)
[17380:17380:0301/124414.739134:INFO:CONSOLE(0)] "DEBUG: -------------------------------", source:  (0)
[17380:17380:0301/124414.739525:INFO:CONSOLE(0)] "DEBUG: Ember  : 2.6.2", source:  (0)
[17380:17380:0301/124414.739702:INFO:CONSOLE(0)] "DEBUG: jQuery : 2.2.4", source:  (0)
[17380:17380:0301/124414.739874:INFO:CONSOLE(0)] "DEBUG: -------------------------------", source:  (0)
[17380:17380:0301/124414.788918:INFO:CONSOLE(0)] "DEBUG: For more advanced debugging, install the Ember Inspector from https://chrome.google.com/webstore/detail/ember-inspector/bmdblncegkenkacieihfhpjfppoconhi", source:  (0)
[17380:17380:0301/124425.730921:INFO:CONSOLE(0)] "DEBUG: -------------------------------", source:  (0)
[17380:17380:0301/124425.731132:INFO:CONSOLE(0)] "DEBUG: Ember  : 2.6.2", source:  (0)
[17380:17380:0301/124425.731310:INFO:CONSOLE(0)] "DEBUG: jQuery : 2.2.4", source:  (0)
[17380:17380:0301/124425.731483:INFO:CONSOLE(0)] "DEBUG: -------------------------------", source:  (0)
[17380:17380:0301/124425.771325:INFO:CONSOLE(0)] "DEBUG: For more advanced debugging, install the Ember Inspector from https://chrome.google.com/webstore/detail/ember-inspector/bmdblncegkenkacieihfhpjfppoconhi", source:  (0)
[17380:17380:0301/124437.199646:INFO:CONSOLE(0)] "DEBUG: -------------------------------", source:  (0)
[17380:17380:0301/124437.199856:INFO:CONSOLE(0)] "DEBUG: Ember  : 2.6.2", source:  (0)
[17380:17380:0301/124437.200030:INFO:CONSOLE(0)] "DEBUG: jQuery : 2.2.4", source:  (0)
[17380:17380:0301/124437.200202:INFO:CONSOLE(0)] "DEBUG: -------------------------------", source:  (0)
[17380:17380:0301/124437.238014:INFO:CONSOLE(0)] "DEBUG: For more advanced debugging, install the Ember Inspector from https://chrome.google.com/webstore/detail/ember-inspector/bmdblncegkenkacieihfhpjfppoconhi", source:  (0)
[17380:17380:0301/124448.645609:INFO:CONSOLE(0)] "DEBUG: -------------------------------", source:  (0)
[17380:17380:0301/124448.645824:INFO:CONSOLE(0)] "DEBUG: Ember  : 2.6.2", source:  (0)
[17380:17380:0301/124448.645998:INFO:CONSOLE(0)] "DEBUG: jQuery : 2.2.4", source:  (0)
[17380:17380:0301/124448.646169:INFO:CONSOLE(0)] "DEBUG: -------------------------------", source:  (0)
[17380:17380:0301/124448.684592:INFO:CONSOLE(0)] "DEBUG: For more advanced debugging, install the Ember Inspector from https://chrome.google.com/webstore/detail/ember-inspector/bmdblncegkenkacieihfhpjfppoconhi", source:  (0)
[17380:17380:0301/124459.988482:INFO:CONSOLE(0)] "DEBUG: -------------------------------", source:  (0)
[17380:17380:0301/124459.988685:INFO:CONSOLE(0)] "DEBUG: Ember  : 2.6.2", source:  (0)
[17380:17380:0301/124459.988859:INFO:CONSOLE(0)] "DEBUG: jQuery : 2.2.4", source:  (0)
[17380:17380:0301/124459.989029:INFO:CONSOLE(0)] "DEBUG: -------------------------------", source:  (0)
[17380:17380:0301/124500.027588:INFO:CONSOLE(0)] "DEBUG: For more advanced debugging, install the Ember Inspector from https://chrome.google.com/webstore/detail/ember-inspector/bmdblncegkenkacieihfhpjfppoconhi", source:  (0)
[17380:17380:0301/124511.327604:INFO:CONSOLE(0)] "DEBUG: -------------------------------", source:  (0)
[17380:17380:0301/124511.327810:INFO:CONSOLE(0)] "DEBUG: Ember  : 2.6.2", source:  (0)
[17380:17380:0301/124511.327984:INFO:CONSOLE(0)] "DEBUG: jQuery : 2.2.4", source:  (0)
[17380:17380:0301/124511.328164:INFO:CONSOLE(0)] "DEBUG: -------------------------------", source:  (0)
[17380:17380:0301/124511.365901:INFO:CONSOLE(0)] "DEBUG: For more advanced debugging, install the Ember Inspector from https://chrome.google.com/webstore/detail/ember-inspector/bmdblncegkenkacieihfhpjfppoconhi", source:  (0)
[17380:17380:0301/124522.457967:INFO:CONSOLE(0)] "DEBUG: -------------------------------", source:  (0)
[17380:17380:0301/124522.458182:INFO:CONSOLE(0)] "DEBUG: Ember  : 2.6.2", source:  (0)
[17380:17380:0301/124522.458382:INFO:CONSOLE(0)] "DEBUG: jQuery : 2.2.4", source:  (0)
[17380:17380:0301/124522.458555:INFO:CONSOLE(0)] "DEBUG: -------------------------------", source:  (0)
[17380:17380:0301/124522.495833:INFO:CONSOLE(0)] "DEBUG: For more advanced debugging, install the Ember Inspector from https://chrome.google.com/webstore/detail/ember-inspector/bmdblncegkenkacieihfhpjfppoconhi", source:  (0)
[17380:17380:0301/124533.600915:INFO:CONSOLE(0)] "DEBUG: -------------------------------", source:  (0)
[17380:17380:0301/124533.601124:INFO:CONSOLE(0)] "DEBUG: Ember  : 2.6.2", source:  (0)
[17380:17380:0301/124533.601297:INFO:CONSOLE(0)] "DEBUG: jQuery : 2.2.4", source:  (0)
[17380:17380:0301/124533.601468:INFO:CONSOLE(0)] "DEBUG: -------------------------------", source:  (0)
[17380:17380:0301/124533.639678:INFO:CONSOLE(0)] "DEBUG: For more advanced debugging, install the Ember Inspector from https://chrome.google.com/webstore/detail/ember-inspector/bmdblncegkenkacieihfhpjfppoconhi", source:  (0)
