[6788:6788:0301/215159.499668:WARNING:chrome_main_delegate.cc(618)] This is Chrome version 112.0.5572.0 (not a warning)
[6788:6802:0301/215159.675356:ERROR:bus.cc(399)] Failed to connect to the bus: Could not parse server address: Unknown address type (examples of valid types are "tcp" and on UNIX "unix")
[6788:6802:0301/215159.675390:ERROR:bus.cc(399)] Failed to connect to the bus: Could not parse server address: Unknown address type (examples of valid types are "tcp" and on UNIX "unix")
[6788:6788:0301/215159.706556:WARNING:account_consistency_mode_manager.cc(70)] Desktop Identity Consistency cannot be enabled as no OAuth client ID and client secret have been configured.
[6788:6802:0301/215159.713607:ERROR:bus.cc(399)] Failed to connect to the bus: Could not parse server address: Unknown address type (examples of valid types are "tcp" and on UNIX "unix")
[6788:6802:0301/215159.713642:ERROR:bus.cc(399)] Failed to connect to the bus: Could not parse server address: Unknown address type (examples of valid types are "tcp" and on UNIX "unix")
[6788:6788:0301/215159.876329:WARNING:bluez_dbus_manager.cc(247)] Floss manager not present, cannot set Floss enable/disable.
[6788:6879:0301/215159.905310:ERROR:object_proxy.cc(623)] Failed to call method: org.freedesktop.DBus.Properties.Get: object_path= /org/freedesktop/UPower: org.freedesktop.DBus.Error.ServiceUnknown: The name org.freedesktop.UPower was not provided by any .service files
[6788:6879:0301/215159.905334:WARNING:property.cc(144)] DaemonVersion: GetAndBlock: failed.
[6788:6879:0301/215159.905447:ERROR:object_proxy.cc(623)] Failed to call method: org.freedesktop.UPower.GetDisplayDevice: object_path= /org/freedesktop/UPower: org.freedesktop.DBus.Error.ServiceUnknown: The name org.freedesktop.UPower was not provided by any .service files
[6788:6879:0301/215159.905563:ERROR:object_proxy.cc(623)] Failed to call method: org.freedesktop.UPower.EnumerateDevices: object_path= /org/freedesktop/UPower: org.freedesktop.DBus.Error.ServiceUnknown: The name org.freedesktop.UPower was not provided by any .service files
[6788:6802:0301/215200.227100:ERROR:bus.cc(399)] Failed to connect to the bus: Could not parse server address: Unknown address type (examples of valid types are "tcp" and on UNIX "unix")
[6788:6802:0301/215200.227138:ERROR:bus.cc(399)] Failed to connect to the bus: Could not parse server address: Unknown address type (examples of valid types are "tcp" and on UNIX "unix")
[6788:6788:0301/215203.577830:INFO:optimization_guide_logger.cc(42)] ../../components/optimization_guide/core/hints_manager.cc(523) Hint cache initialized
[6788:6788:0301/215203.950310:INFO:optimization_guide_logger.cc(42)] ../../components/optimization_guide/content/browser/page_content_annotations_service.cc(309) PageContentAnnotationJob Result: BatchAnnotationResult{"Speedometer 2.1 Interactive Runner", type: ContentVisibility, output: nullopt}
[6788:6788:0301/215203.950401:INFO:optimization_guide_logger.cc(42)] ../../components/optimization_guide/content/browser/page_content_annotations_service.cc(309) PageContentAnnotationJob Result: BatchAnnotationResult{"Speedometer 2.1 Interactive Runner", type: PageEntities, output: nullopt}
[6788:6788:0301/215211.626523:INFO:CONSOLE(0)] "DEBUG: -------------------------------", source:  (0)
[6788:6788:0301/215211.626743:INFO:CONSOLE(0)] "DEBUG: Ember  : 2.6.2", source:  (0)
[6788:6788:0301/215211.626919:INFO:CONSOLE(0)] "DEBUG: jQuery : 2.2.4", source:  (0)
[6788:6788:0301/215211.627090:INFO:CONSOLE(0)] "DEBUG: -------------------------------", source:  (0)
[6788:6788:0301/215211.713509:INFO:CONSOLE(0)] "DEBUG: For more advanced debugging, install the Ember Inspector from https://chrome.google.com/webstore/detail/ember-inspector/bmdblncegkenkacieihfhpjfppoconhi", source:  (0)
[6788:6788:0301/215228.966237:INFO:CONSOLE(0)] "DEBUG: -------------------------------", source:  (0)
[6788:6788:0301/215228.966444:INFO:CONSOLE(0)] "DEBUG: Ember  : 2.6.2", source:  (0)
[6788:6788:0301/215228.966618:INFO:CONSOLE(0)] "DEBUG: jQuery : 2.2.4", source:  (0)
[6788:6788:0301/215228.966788:INFO:CONSOLE(0)] "DEBUG: -------------------------------", source:  (0)
[6788:6788:0301/215229.002514:INFO:CONSOLE(0)] "DEBUG: For more advanced debugging, install the Ember Inspector from https://chrome.google.com/webstore/detail/ember-inspector/bmdblncegkenkacieihfhpjfppoconhi", source:  (0)
[6788:6788:0301/215239.937164:INFO:CONSOLE(0)] "DEBUG: -------------------------------", source:  (0)
[6788:6788:0301/215239.937378:INFO:CONSOLE(0)] "DEBUG: Ember  : 2.6.2", source:  (0)
[6788:6788:0301/215239.937553:INFO:CONSOLE(0)] "DEBUG: jQuery : 2.2.4", source:  (0)
[6788:6788:0301/215239.937724:INFO:CONSOLE(0)] "DEBUG: -------------------------------", source:  (0)
[6788:6788:0301/215239.973581:INFO:CONSOLE(0)] "DEBUG: For more advanced debugging, install the Ember Inspector from https://chrome.google.com/webstore/detail/ember-inspector/bmdblncegkenkacieihfhpjfppoconhi", source:  (0)
[6788:6788:0301/215250.916236:INFO:CONSOLE(0)] "DEBUG: -------------------------------", source:  (0)
[6788:6788:0301/215250.916453:INFO:CONSOLE(0)] "DEBUG: Ember  : 2.6.2", source:  (0)
[6788:6788:0301/215250.916627:INFO:CONSOLE(0)] "DEBUG: jQuery : 2.2.4", source:  (0)
[6788:6788:0301/215250.916797:INFO:CONSOLE(0)] "DEBUG: -------------------------------", source:  (0)
[6788:6788:0301/215250.953045:INFO:CONSOLE(0)] "DEBUG: For more advanced debugging, install the Ember Inspector from https://chrome.google.com/webstore/detail/ember-inspector/bmdblncegkenkacieihfhpjfppoconhi", source:  (0)
[6788:6788:0301/215301.991460:INFO:CONSOLE(0)] "DEBUG: -------------------------------", source:  (0)
[6788:6788:0301/215301.991676:INFO:CONSOLE(0)] "DEBUG: Ember  : 2.6.2", source:  (0)
[6788:6788:0301/215301.991852:INFO:CONSOLE(0)] "DEBUG: jQuery : 2.2.4", source:  (0)
[6788:6788:0301/215301.992024:INFO:CONSOLE(0)] "DEBUG: -------------------------------", source:  (0)
[6788:6788:0301/215302.028429:INFO:CONSOLE(0)] "DEBUG: For more advanced debugging, install the Ember Inspector from https://chrome.google.com/webstore/detail/ember-inspector/bmdblncegkenkacieihfhpjfppoconhi", source:  (0)
[6788:6788:0301/215313.220959:INFO:CONSOLE(0)] "DEBUG: -------------------------------", source:  (0)
[6788:6788:0301/215313.221183:INFO:CONSOLE(0)] "DEBUG: Ember  : 2.6.2", source:  (0)
[6788:6788:0301/215313.221359:INFO:CONSOLE(0)] "DEBUG: jQuery : 2.2.4", source:  (0)
[6788:6788:0301/215313.221531:INFO:CONSOLE(0)] "DEBUG: -------------------------------", source:  (0)
[6788:6788:0301/215313.257859:INFO:CONSOLE(0)] "DEBUG: For more advanced debugging, install the Ember Inspector from https://chrome.google.com/webstore/detail/ember-inspector/bmdblncegkenkacieihfhpjfppoconhi", source:  (0)
[6788:6788:0301/215324.689807:INFO:CONSOLE(0)] "DEBUG: -------------------------------", source:  (0)
[6788:6788:0301/215324.690018:INFO:CONSOLE(0)] "DEBUG: Ember  : 2.6.2", source:  (0)
[6788:6788:0301/215324.690199:INFO:CONSOLE(0)] "DEBUG: jQuery : 2.2.4", source:  (0)
[6788:6788:0301/215324.690374:INFO:CONSOLE(0)] "DEBUG: -------------------------------", source:  (0)
[6788:6788:0301/215324.726964:INFO:CONSOLE(0)] "DEBUG: For more advanced debugging, install the Ember Inspector from https://chrome.google.com/webstore/detail/ember-inspector/bmdblncegkenkacieihfhpjfppoconhi", source:  (0)
[6788:6788:0301/215336.342076:INFO:CONSOLE(0)] "DEBUG: -------------------------------", source:  (0)
[6788:6788:0301/215336.342295:INFO:CONSOLE(0)] "DEBUG: Ember  : 2.6.2", source:  (0)
[6788:6788:0301/215336.342471:INFO:CONSOLE(0)] "DEBUG: jQuery : 2.2.4", source:  (0)
[6788:6788:0301/215336.342641:INFO:CONSOLE(0)] "DEBUG: -------------------------------", source:  (0)
[6788:6788:0301/215336.379439:INFO:CONSOLE(0)] "DEBUG: For more advanced debugging, install the Ember Inspector from https://chrome.google.com/webstore/detail/ember-inspector/bmdblncegkenkacieihfhpjfppoconhi", source:  (0)
[6788:6788:0301/215348.166056:INFO:CONSOLE(0)] "DEBUG: -------------------------------", source:  (0)
[6788:6788:0301/215348.166273:INFO:CONSOLE(0)] "DEBUG: Ember  : 2.6.2", source:  (0)
[6788:6788:0301/215348.166449:INFO:CONSOLE(0)] "DEBUG: jQuery : 2.2.4", source:  (0)
[6788:6788:0301/215348.166635:INFO:CONSOLE(0)] "DEBUG: -------------------------------", source:  (0)
[6788:6788:0301/215348.203449:INFO:CONSOLE(0)] "DEBUG: For more advanced debugging, install the Ember Inspector from https://chrome.google.com/webstore/detail/ember-inspector/bmdblncegkenkacieihfhpjfppoconhi", source:  (0)
[6788:6788:0301/215400.087148:INFO:CONSOLE(0)] "DEBUG: -------------------------------", source:  (0)
[6788:6788:0301/215400.087359:INFO:CONSOLE(0)] "DEBUG: Ember  : 2.6.2", source:  (0)
[6788:6788:0301/215400.087532:INFO:CONSOLE(0)] "DEBUG: jQuery : 2.2.4", source:  (0)
[6788:6788:0301/215400.087703:INFO:CONSOLE(0)] "DEBUG: -------------------------------", source:  (0)
[6788:6788:0301/215400.124677:INFO:CONSOLE(0)] "DEBUG: For more advanced debugging, install the Ember Inspector from https://chrome.google.com/webstore/detail/ember-inspector/bmdblncegkenkacieihfhpjfppoconhi", source:  (0)
