[25651:25651:0301/143240.308642:WARNING:chrome_main_delegate.cc(618)] This is Chrome version 112.0.5572.0 (not a warning)
[25651:25666:0301/143240.484099:ERROR:bus.cc(399)] Failed to connect to the bus: Could not parse server address: Unknown address type (examples of valid types are "tcp" and on UNIX "unix")
[25651:25666:0301/143240.484132:ERROR:bus.cc(399)] Failed to connect to the bus: Could not parse server address: Unknown address type (examples of valid types are "tcp" and on UNIX "unix")
[25651:25651:0301/143240.521540:WARNING:account_consistency_mode_manager.cc(70)] Desktop Identity Consistency cannot be enabled as no OAuth client ID and client secret have been configured.
[25651:25666:0301/143240.529663:ERROR:bus.cc(399)] Failed to connect to the bus: Could not parse server address: Unknown address type (examples of valid types are "tcp" and on UNIX "unix")
[25651:25666:0301/143240.529696:ERROR:bus.cc(399)] Failed to connect to the bus: Could not parse server address: Unknown address type (examples of valid types are "tcp" and on UNIX "unix")
[25651:25651:0301/143240.713063:WARNING:bluez_dbus_manager.cc(247)] Floss manager not present, cannot set Floss enable/disable.
[25651:25741:0301/143240.761220:ERROR:object_proxy.cc(623)] Failed to call method: org.freedesktop.DBus.Properties.Get: object_path= /org/freedesktop/UPower: org.freedesktop.DBus.Error.ServiceUnknown: The name org.freedesktop.UPower was not provided by any .service files
[25651:25741:0301/143240.761240:WARNING:property.cc(144)] DaemonVersion: GetAndBlock: failed.
[25651:25741:0301/143240.761337:ERROR:object_proxy.cc(623)] Failed to call method: org.freedesktop.UPower.GetDisplayDevice: object_path= /org/freedesktop/UPower: org.freedesktop.DBus.Error.ServiceUnknown: The name org.freedesktop.UPower was not provided by any .service files
[25651:25741:0301/143240.761550:ERROR:object_proxy.cc(623)] Failed to call method: org.freedesktop.UPower.EnumerateDevices: object_path= /org/freedesktop/UPower: org.freedesktop.DBus.Error.ServiceUnknown: The name org.freedesktop.UPower was not provided by any .service files
[25651:25666:0301/143240.977038:ERROR:bus.cc(399)] Failed to connect to the bus: Could not parse server address: Unknown address type (examples of valid types are "tcp" and on UNIX "unix")
[25651:25666:0301/143240.985737:ERROR:bus.cc(399)] Failed to connect to the bus: Could not parse server address: Unknown address type (examples of valid types are "tcp" and on UNIX "unix")
[25651:25651:0301/143244.721415:INFO:optimization_guide_logger.cc(42)] ../../components/optimization_guide/core/hints_manager.cc(523) Hint cache initialized
[25651:25651:0301/143244.730074:INFO:optimization_guide_logger.cc(42)] ../../components/optimization_guide/content/browser/page_content_annotations_service.cc(309) PageContentAnnotationJob Result: BatchAnnotationResult{"Speedometer 2.1 Interactive Runner", type: ContentVisibility, output: nullopt}
[25651:25651:0301/143244.730149:INFO:optimization_guide_logger.cc(42)] ../../components/optimization_guide/content/browser/page_content_annotations_service.cc(309) PageContentAnnotationJob Result: BatchAnnotationResult{"Speedometer 2.1 Interactive Runner", type: PageEntities, output: nullopt}
[25651:25651:0301/143252.571086:INFO:CONSOLE(0)] "DEBUG: -------------------------------", source:  (0)
[25651:25651:0301/143252.571299:INFO:CONSOLE(0)] "DEBUG: Ember  : 2.6.2", source:  (0)
[25651:25651:0301/143252.571475:INFO:CONSOLE(0)] "DEBUG: jQuery : 2.2.4", source:  (0)
[25651:25651:0301/143252.571647:INFO:CONSOLE(0)] "DEBUG: -------------------------------", source:  (0)
[25651:25651:0301/143252.657911:INFO:CONSOLE(0)] "DEBUG: For more advanced debugging, install the Ember Inspector from https://chrome.google.com/webstore/detail/ember-inspector/bmdblncegkenkacieihfhpjfppoconhi", source:  (0)
[25651:25651:0301/143308.485696:INFO:CONSOLE(0)] "DEBUG: -------------------------------", source:  (0)
[25651:25651:0301/143308.485911:INFO:CONSOLE(0)] "DEBUG: Ember  : 2.6.2", source:  (0)
[25651:25651:0301/143308.486087:INFO:CONSOLE(0)] "DEBUG: jQuery : 2.2.4", source:  (0)
[25651:25651:0301/143308.486273:INFO:CONSOLE(0)] "DEBUG: -------------------------------", source:  (0)
[25651:25651:0301/143308.524339:INFO:CONSOLE(0)] "DEBUG: For more advanced debugging, install the Ember Inspector from https://chrome.google.com/webstore/detail/ember-inspector/bmdblncegkenkacieihfhpjfppoconhi", source:  (0)
[25651:25651:0301/143319.499129:INFO:CONSOLE(0)] "DEBUG: -------------------------------", source:  (0)
[25651:25651:0301/143319.499336:INFO:CONSOLE(0)] "DEBUG: Ember  : 2.6.2", source:  (0)
[25651:25651:0301/143319.499511:INFO:CONSOLE(0)] "DEBUG: jQuery : 2.2.4", source:  (0)
[25651:25651:0301/143319.499682:INFO:CONSOLE(0)] "DEBUG: -------------------------------", source:  (0)
[25651:25651:0301/143319.537000:INFO:CONSOLE(0)] "DEBUG: For more advanced debugging, install the Ember Inspector from https://chrome.google.com/webstore/detail/ember-inspector/bmdblncegkenkacieihfhpjfppoconhi", source:  (0)
[25651:25651:0301/143330.513005:INFO:CONSOLE(0)] "DEBUG: -------------------------------", source:  (0)
[25651:25651:0301/143330.513213:INFO:CONSOLE(0)] "DEBUG: Ember  : 2.6.2", source:  (0)
[25651:25651:0301/143330.513388:INFO:CONSOLE(0)] "DEBUG: jQuery : 2.2.4", source:  (0)
[25651:25651:0301/143330.513575:INFO:CONSOLE(0)] "DEBUG: -------------------------------", source:  (0)
[25651:25651:0301/143330.551185:INFO:CONSOLE(0)] "DEBUG: For more advanced debugging, install the Ember Inspector from https://chrome.google.com/webstore/detail/ember-inspector/bmdblncegkenkacieihfhpjfppoconhi", source:  (0)
[25651:25651:0301/143341.525924:INFO:CONSOLE(0)] "DEBUG: -------------------------------", source:  (0)
[25651:25651:0301/143341.526133:INFO:CONSOLE(0)] "DEBUG: Ember  : 2.6.2", source:  (0)
[25651:25651:0301/143341.526441:INFO:CONSOLE(0)] "DEBUG: jQuery : 2.2.4", source:  (0)
[25651:25651:0301/143341.526628:INFO:CONSOLE(0)] "DEBUG: -------------------------------", source:  (0)
[25651:25651:0301/143341.565882:INFO:CONSOLE(0)] "DEBUG: For more advanced debugging, install the Ember Inspector from https://chrome.google.com/webstore/detail/ember-inspector/bmdblncegkenkacieihfhpjfppoconhi", source:  (0)
[25651:25651:0301/143352.753430:INFO:CONSOLE(0)] "DEBUG: -------------------------------", source:  (0)
[25651:25651:0301/143352.753642:INFO:CONSOLE(0)] "DEBUG: Ember  : 2.6.2", source:  (0)
[25651:25651:0301/143352.753818:INFO:CONSOLE(0)] "DEBUG: jQuery : 2.2.4", source:  (0)
[25651:25651:0301/143352.753990:INFO:CONSOLE(0)] "DEBUG: -------------------------------", source:  (0)
[25651:25651:0301/143352.792244:INFO:CONSOLE(0)] "DEBUG: For more advanced debugging, install the Ember Inspector from https://chrome.google.com/webstore/detail/ember-inspector/bmdblncegkenkacieihfhpjfppoconhi", source:  (0)
[25651:25651:0301/143403.897884:INFO:CONSOLE(0)] "DEBUG: -------------------------------", source:  (0)
[25651:25651:0301/143403.898096:INFO:CONSOLE(0)] "DEBUG: Ember  : 2.6.2", source:  (0)
[25651:25651:0301/143403.898274:INFO:CONSOLE(0)] "DEBUG: jQuery : 2.2.4", source:  (0)
[25651:25651:0301/143403.898457:INFO:CONSOLE(0)] "DEBUG: -------------------------------", source:  (0)
[25651:25651:0301/143403.936271:INFO:CONSOLE(0)] "DEBUG: For more advanced debugging, install the Ember Inspector from https://chrome.google.com/webstore/detail/ember-inspector/bmdblncegkenkacieihfhpjfppoconhi", source:  (0)
[25651:25651:0301/143415.141444:INFO:CONSOLE(0)] "DEBUG: -------------------------------", source:  (0)
[25651:25651:0301/143415.141671:INFO:CONSOLE(0)] "DEBUG: Ember  : 2.6.2", source:  (0)
[25651:25651:0301/143415.141847:INFO:CONSOLE(0)] "DEBUG: jQuery : 2.2.4", source:  (0)
[25651:25651:0301/143415.142018:INFO:CONSOLE(0)] "DEBUG: -------------------------------", source:  (0)
[25651:25651:0301/143415.179740:INFO:CONSOLE(0)] "DEBUG: For more advanced debugging, install the Ember Inspector from https://chrome.google.com/webstore/detail/ember-inspector/bmdblncegkenkacieihfhpjfppoconhi", source:  (0)
[25651:25651:0301/143426.447010:INFO:CONSOLE(0)] "DEBUG: -------------------------------", source:  (0)
[25651:25651:0301/143426.447228:INFO:CONSOLE(0)] "DEBUG: Ember  : 2.6.2", source:  (0)
[25651:25651:0301/143426.447404:INFO:CONSOLE(0)] "DEBUG: jQuery : 2.2.4", source:  (0)
[25651:25651:0301/143426.447575:INFO:CONSOLE(0)] "DEBUG: -------------------------------", source:  (0)
[25651:25651:0301/143426.485041:INFO:CONSOLE(0)] "DEBUG: For more advanced debugging, install the Ember Inspector from https://chrome.google.com/webstore/detail/ember-inspector/bmdblncegkenkacieihfhpjfppoconhi", source:  (0)
[25651:25651:0301/143437.766321:INFO:CONSOLE(0)] "DEBUG: -------------------------------", source:  (0)
[25651:25651:0301/143437.766528:INFO:CONSOLE(0)] "DEBUG: Ember  : 2.6.2", source:  (0)
[25651:25651:0301/143437.766711:INFO:CONSOLE(0)] "DEBUG: jQuery : 2.2.4", source:  (0)
[25651:25651:0301/143437.766883:INFO:CONSOLE(0)] "DEBUG: -------------------------------", source:  (0)
[25651:25651:0301/143437.804576:INFO:CONSOLE(0)] "DEBUG: For more advanced debugging, install the Ember Inspector from https://chrome.google.com/webstore/detail/ember-inspector/bmdblncegkenkacieihfhpjfppoconhi", source:  (0)
