[21785:21785:0301/134115.337317:WARNING:chrome_main_delegate.cc(618)] This is Chrome version 112.0.5572.0 (not a warning)
[21785:21800:0301/134115.497628:ERROR:bus.cc(399)] Failed to connect to the bus: Could not parse server address: Unknown address type (examples of valid types are "tcp" and on UNIX "unix")
[21785:21800:0301/134115.497660:ERROR:bus.cc(399)] Failed to connect to the bus: Could not parse server address: Unknown address type (examples of valid types are "tcp" and on UNIX "unix")
[21785:21785:0301/134115.533914:WARNING:account_consistency_mode_manager.cc(70)] Desktop Identity Consistency cannot be enabled as no OAuth client ID and client secret have been configured.
[21785:21800:0301/134115.540952:ERROR:bus.cc(399)] Failed to connect to the bus: Could not parse server address: Unknown address type (examples of valid types are "tcp" and on UNIX "unix")
[21785:21800:0301/134115.540986:ERROR:bus.cc(399)] Failed to connect to the bus: Could not parse server address: Unknown address type (examples of valid types are "tcp" and on UNIX "unix")
[21785:21785:0301/134115.788824:WARNING:bluez_dbus_manager.cc(247)] Floss manager not present, cannot set Floss enable/disable.
[21785:21877:0301/134115.826921:ERROR:object_proxy.cc(623)] Failed to call method: org.freedesktop.DBus.Properties.Get: object_path= /org/freedesktop/UPower: org.freedesktop.DBus.Error.ServiceUnknown: The name org.freedesktop.UPower was not provided by any .service files
[21785:21877:0301/134115.848794:WARNING:property.cc(144)] DaemonVersion: GetAndBlock: failed.
[21785:21877:0301/134115.850454:ERROR:object_proxy.cc(623)] Failed to call method: org.freedesktop.UPower.GetDisplayDevice: object_path= /org/freedesktop/UPower: org.freedesktop.DBus.Error.ServiceUnknown: The name org.freedesktop.UPower was not provided by any .service files
[21785:21877:0301/134115.850622:ERROR:object_proxy.cc(623)] Failed to call method: org.freedesktop.UPower.EnumerateDevices: object_path= /org/freedesktop/UPower: org.freedesktop.DBus.Error.ServiceUnknown: The name org.freedesktop.UPower was not provided by any .service files
[21785:21800:0301/134115.982957:ERROR:bus.cc(399)] Failed to connect to the bus: Could not parse server address: Unknown address type (examples of valid types are "tcp" and on UNIX "unix")
[21785:21800:0301/134116.016607:ERROR:bus.cc(399)] Failed to connect to the bus: Could not parse server address: Unknown address type (examples of valid types are "tcp" and on UNIX "unix")
[21785:21785:0301/134119.466578:INFO:optimization_guide_logger.cc(42)] ../../components/optimization_guide/core/hints_manager.cc(523) Hint cache initialized
[21785:21785:0301/134119.871185:INFO:optimization_guide_logger.cc(42)] ../../components/optimization_guide/content/browser/page_content_annotations_service.cc(309) PageContentAnnotationJob Result: BatchAnnotationResult{"Speedometer 2.1 Interactive Runner", type: ContentVisibility, output: nullopt}
[21785:21785:0301/134119.871260:INFO:optimization_guide_logger.cc(42)] ../../components/optimization_guide/content/browser/page_content_annotations_service.cc(309) PageContentAnnotationJob Result: BatchAnnotationResult{"Speedometer 2.1 Interactive Runner", type: PageEntities, output: nullopt}
[21785:21785:0301/134127.594310:INFO:CONSOLE(0)] "DEBUG: -------------------------------", source:  (0)
[21785:21785:0301/134127.594526:INFO:CONSOLE(0)] "DEBUG: Ember  : 2.6.2", source:  (0)
[21785:21785:0301/134127.594705:INFO:CONSOLE(0)] "DEBUG: jQuery : 2.2.4", source:  (0)
[21785:21785:0301/134127.594882:INFO:CONSOLE(0)] "DEBUG: -------------------------------", source:  (0)
[21785:21785:0301/134127.682302:INFO:CONSOLE(0)] "DEBUG: For more advanced debugging, install the Ember Inspector from https://chrome.google.com/webstore/detail/ember-inspector/bmdblncegkenkacieihfhpjfppoconhi", source:  (0)
[21785:21785:0301/134144.904607:INFO:CONSOLE(0)] "DEBUG: -------------------------------", source:  (0)
[21785:21785:0301/134144.904816:INFO:CONSOLE(0)] "DEBUG: Ember  : 2.6.2", source:  (0)
[21785:21785:0301/134144.904995:INFO:CONSOLE(0)] "DEBUG: jQuery : 2.2.4", source:  (0)
[21785:21785:0301/134144.905178:INFO:CONSOLE(0)] "DEBUG: -------------------------------", source:  (0)
[21785:21785:0301/134144.945700:INFO:CONSOLE(0)] "DEBUG: For more advanced debugging, install the Ember Inspector from https://chrome.google.com/webstore/detail/ember-inspector/bmdblncegkenkacieihfhpjfppoconhi", source:  (0)
[21785:21785:0301/134156.130272:INFO:CONSOLE(0)] "DEBUG: -------------------------------", source:  (0)
[21785:21785:0301/134156.130483:INFO:CONSOLE(0)] "DEBUG: Ember  : 2.6.2", source:  (0)
[21785:21785:0301/134156.130663:INFO:CONSOLE(0)] "DEBUG: jQuery : 2.2.4", source:  (0)
[21785:21785:0301/134156.130844:INFO:CONSOLE(0)] "DEBUG: -------------------------------", source:  (0)
[21785:21785:0301/134156.168820:INFO:CONSOLE(0)] "DEBUG: For more advanced debugging, install the Ember Inspector from https://chrome.google.com/webstore/detail/ember-inspector/bmdblncegkenkacieihfhpjfppoconhi", source:  (0)
[21785:21785:0301/134207.083925:INFO:CONSOLE(0)] "DEBUG: -------------------------------", source:  (0)
[21785:21785:0301/134207.084141:INFO:CONSOLE(0)] "DEBUG: Ember  : 2.6.2", source:  (0)
[21785:21785:0301/134207.084321:INFO:CONSOLE(0)] "DEBUG: jQuery : 2.2.4", source:  (0)
[21785:21785:0301/134207.084504:INFO:CONSOLE(0)] "DEBUG: -------------------------------", source:  (0)
[21785:21785:0301/134207.121655:INFO:CONSOLE(0)] "DEBUG: For more advanced debugging, install the Ember Inspector from https://chrome.google.com/webstore/detail/ember-inspector/bmdblncegkenkacieihfhpjfppoconhi", source:  (0)
[21785:21785:0301/134218.419462:INFO:CONSOLE(0)] "DEBUG: -------------------------------", source:  (0)
[21785:21785:0301/134218.419678:INFO:CONSOLE(0)] "DEBUG: Ember  : 2.6.2", source:  (0)
[21785:21785:0301/134218.419858:INFO:CONSOLE(0)] "DEBUG: jQuery : 2.2.4", source:  (0)
[21785:21785:0301/134218.420035:INFO:CONSOLE(0)] "DEBUG: -------------------------------", source:  (0)
[21785:21785:0301/134218.459680:INFO:CONSOLE(0)] "DEBUG: For more advanced debugging, install the Ember Inspector from https://chrome.google.com/webstore/detail/ember-inspector/bmdblncegkenkacieihfhpjfppoconhi", source:  (0)
[21785:21785:0301/134229.866274:INFO:CONSOLE(0)] "DEBUG: -------------------------------", source:  (0)
[21785:21785:0301/134229.866489:INFO:CONSOLE(0)] "DEBUG: Ember  : 2.6.2", source:  (0)
[21785:21785:0301/134229.866675:INFO:CONSOLE(0)] "DEBUG: jQuery : 2.2.4", source:  (0)
[21785:21785:0301/134229.866851:INFO:CONSOLE(0)] "DEBUG: -------------------------------", source:  (0)
[21785:21785:0301/134229.904109:INFO:CONSOLE(0)] "DEBUG: For more advanced debugging, install the Ember Inspector from https://chrome.google.com/webstore/detail/ember-inspector/bmdblncegkenkacieihfhpjfppoconhi", source:  (0)
[21785:21785:0301/134241.098266:INFO:CONSOLE(0)] "DEBUG: -------------------------------", source:  (0)
[21785:21785:0301/134241.098628:INFO:CONSOLE(0)] "DEBUG: Ember  : 2.6.2", source:  (0)
[21785:21785:0301/134241.098818:INFO:CONSOLE(0)] "DEBUG: jQuery : 2.2.4", source:  (0)
[21785:21785:0301/134241.098995:INFO:CONSOLE(0)] "DEBUG: -------------------------------", source:  (0)
[21785:21785:0301/134241.136159:INFO:CONSOLE(0)] "DEBUG: For more advanced debugging, install the Ember Inspector from https://chrome.google.com/webstore/detail/ember-inspector/bmdblncegkenkacieihfhpjfppoconhi", source:  (0)
[21785:21785:0301/134252.396623:INFO:CONSOLE(0)] "DEBUG: -------------------------------", source:  (0)
[21785:21785:0301/134252.396837:INFO:CONSOLE(0)] "DEBUG: Ember  : 2.6.2", source:  (0)
[21785:21785:0301/134252.397016:INFO:CONSOLE(0)] "DEBUG: jQuery : 2.2.4", source:  (0)
[21785:21785:0301/134252.397192:INFO:CONSOLE(0)] "DEBUG: -------------------------------", source:  (0)
[21785:21785:0301/134252.435041:INFO:CONSOLE(0)] "DEBUG: For more advanced debugging, install the Ember Inspector from https://chrome.google.com/webstore/detail/ember-inspector/bmdblncegkenkacieihfhpjfppoconhi", source:  (0)
[21785:21785:0301/134303.632052:INFO:CONSOLE(0)] "DEBUG: -------------------------------", source:  (0)
[21785:21785:0301/134303.632273:INFO:CONSOLE(0)] "DEBUG: Ember  : 2.6.2", source:  (0)
[21785:21785:0301/134303.632451:INFO:CONSOLE(0)] "DEBUG: jQuery : 2.2.4", source:  (0)
[21785:21785:0301/134303.632626:INFO:CONSOLE(0)] "DEBUG: -------------------------------", source:  (0)
[21785:21785:0301/134303.670185:INFO:CONSOLE(0)] "DEBUG: For more advanced debugging, install the Ember Inspector from https://chrome.google.com/webstore/detail/ember-inspector/bmdblncegkenkacieihfhpjfppoconhi", source:  (0)
[21785:21785:0301/134315.170518:INFO:CONSOLE(0)] "DEBUG: -------------------------------", source:  (0)
[21785:21785:0301/134315.170741:INFO:CONSOLE(0)] "DEBUG: Ember  : 2.6.2", source:  (0)
[21785:21785:0301/134315.170920:INFO:CONSOLE(0)] "DEBUG: jQuery : 2.2.4", source:  (0)
[21785:21785:0301/134315.171095:INFO:CONSOLE(0)] "DEBUG: -------------------------------", source:  (0)
[21785:21785:0301/134315.209675:INFO:CONSOLE(0)] "DEBUG: For more advanced debugging, install the Ember Inspector from https://chrome.google.com/webstore/detail/ember-inspector/bmdblncegkenkacieihfhpjfppoconhi", source:  (0)
