[1562:1562:0301/203924.786727:WARNING:chrome_main_delegate.cc(618)] This is Chrome version 112.0.5572.0 (not a warning)
[1562:1576:0301/203924.965482:ERROR:bus.cc(399)] Failed to connect to the bus: Could not parse server address: Unknown address type (examples of valid types are "tcp" and on UNIX "unix")
[1562:1576:0301/203924.965747:ERROR:bus.cc(399)] Failed to connect to the bus: Could not parse server address: Unknown address type (examples of valid types are "tcp" and on UNIX "unix")
[1562:1562:0301/203925.005470:WARNING:account_consistency_mode_manager.cc(70)] Desktop Identity Consistency cannot be enabled as no OAuth client ID and client secret have been configured.
[1562:1576:0301/203925.012688:ERROR:bus.cc(399)] Failed to connect to the bus: Could not parse server address: Unknown address type (examples of valid types are "tcp" and on UNIX "unix")
[1562:1576:0301/203925.012727:ERROR:bus.cc(399)] Failed to connect to the bus: Could not parse server address: Unknown address type (examples of valid types are "tcp" and on UNIX "unix")
[1562:1562:0301/203925.226163:WARNING:bluez_dbus_manager.cc(247)] Floss manager not present, cannot set Floss enable/disable.
[1562:1651:0301/203925.284574:ERROR:object_proxy.cc(623)] Failed to call method: org.freedesktop.DBus.Properties.Get: object_path= /org/freedesktop/UPower: org.freedesktop.DBus.Error.ServiceUnknown: The name org.freedesktop.UPower was not provided by any .service files
[1562:1651:0301/203925.284595:WARNING:property.cc(144)] DaemonVersion: GetAndBlock: failed.
[1562:1651:0301/203925.284704:ERROR:object_proxy.cc(623)] Failed to call method: org.freedesktop.UPower.GetDisplayDevice: object_path= /org/freedesktop/UPower: org.freedesktop.DBus.Error.ServiceUnknown: The name org.freedesktop.UPower was not provided by any .service files
[1562:1651:0301/203925.284841:ERROR:object_proxy.cc(623)] Failed to call method: org.freedesktop.UPower.EnumerateDevices: object_path= /org/freedesktop/UPower: org.freedesktop.DBus.Error.ServiceUnknown: The name org.freedesktop.UPower was not provided by any .service files
[1562:1576:0301/203925.498339:ERROR:bus.cc(399)] Failed to connect to the bus: Could not parse server address: Unknown address type (examples of valid types are "tcp" and on UNIX "unix")
[1562:1576:0301/203925.531945:ERROR:bus.cc(399)] Failed to connect to the bus: Could not parse server address: Unknown address type (examples of valid types are "tcp" and on UNIX "unix")
[1562:1562:0301/203929.106759:INFO:optimization_guide_logger.cc(42)] ../../components/optimization_guide/content/browser/page_content_annotations_service.cc(309) PageContentAnnotationJob Result: BatchAnnotationResult{"Speedometer 2.1 Interactive Runner", type: ContentVisibility, output: nullopt}
[1562:1562:0301/203929.106834:INFO:optimization_guide_logger.cc(42)] ../../components/optimization_guide/content/browser/page_content_annotations_service.cc(309) PageContentAnnotationJob Result: BatchAnnotationResult{"Speedometer 2.1 Interactive Runner", type: PageEntities, output: nullopt}
[1562:1562:0301/203929.223673:INFO:optimization_guide_logger.cc(42)] ../../components/optimization_guide/core/hints_manager.cc(523) Hint cache initialized
[1562:1562:0301/203936.839171:INFO:CONSOLE(0)] "DEBUG: -------------------------------", source:  (0)
[1562:1562:0301/203936.839384:INFO:CONSOLE(0)] "DEBUG: Ember  : 2.6.2", source:  (0)
[1562:1562:0301/203936.839556:INFO:CONSOLE(0)] "DEBUG: jQuery : 2.2.4", source:  (0)
[1562:1562:0301/203936.839731:INFO:CONSOLE(0)] "DEBUG: -------------------------------", source:  (0)
[1562:1562:0301/203936.927522:INFO:CONSOLE(0)] "DEBUG: For more advanced debugging, install the Ember Inspector from https://chrome.google.com/webstore/detail/ember-inspector/bmdblncegkenkacieihfhpjfppoconhi", source:  (0)
[1562:1562:0301/203952.811729:INFO:CONSOLE(0)] "DEBUG: -------------------------------", source:  (0)
[1562:1562:0301/203952.811931:INFO:CONSOLE(0)] "DEBUG: Ember  : 2.6.2", source:  (0)
[1562:1562:0301/203952.812104:INFO:CONSOLE(0)] "DEBUG: jQuery : 2.2.4", source:  (0)
[1562:1562:0301/203952.812273:INFO:CONSOLE(0)] "DEBUG: -------------------------------", source:  (0)
[1562:1562:0301/203952.848958:INFO:CONSOLE(0)] "DEBUG: For more advanced debugging, install the Ember Inspector from https://chrome.google.com/webstore/detail/ember-inspector/bmdblncegkenkacieihfhpjfppoconhi", source:  (0)
[1562:1562:0301/204003.939058:INFO:CONSOLE(0)] "DEBUG: -------------------------------", source:  (0)
[1562:1562:0301/204003.939264:INFO:CONSOLE(0)] "DEBUG: Ember  : 2.6.2", source:  (0)
[1562:1562:0301/204003.939437:INFO:CONSOLE(0)] "DEBUG: jQuery : 2.2.4", source:  (0)
[1562:1562:0301/204003.939607:INFO:CONSOLE(0)] "DEBUG: -------------------------------", source:  (0)
[1562:1562:0301/204003.976300:INFO:CONSOLE(0)] "DEBUG: For more advanced debugging, install the Ember Inspector from https://chrome.google.com/webstore/detail/ember-inspector/bmdblncegkenkacieihfhpjfppoconhi", source:  (0)
[1562:1562:0301/204015.356736:INFO:CONSOLE(0)] "DEBUG: -------------------------------", source:  (0)
[1562:1562:0301/204015.356941:INFO:CONSOLE(0)] "DEBUG: Ember  : 2.6.2", source:  (0)
[1562:1562:0301/204015.357115:INFO:CONSOLE(0)] "DEBUG: jQuery : 2.2.4", source:  (0)
[1562:1562:0301/204015.357284:INFO:CONSOLE(0)] "DEBUG: -------------------------------", source:  (0)
[1562:1562:0301/204015.394412:INFO:CONSOLE(0)] "DEBUG: For more advanced debugging, install the Ember Inspector from https://chrome.google.com/webstore/detail/ember-inspector/bmdblncegkenkacieihfhpjfppoconhi", source:  (0)
[1562:1562:0301/204026.838876:INFO:CONSOLE(0)] "DEBUG: -------------------------------", source:  (0)
[1562:1562:0301/204026.839079:INFO:CONSOLE(0)] "DEBUG: Ember  : 2.6.2", source:  (0)
[1562:1562:0301/204026.839251:INFO:CONSOLE(0)] "DEBUG: jQuery : 2.2.4", source:  (0)
[1562:1562:0301/204026.839422:INFO:CONSOLE(0)] "DEBUG: -------------------------------", source:  (0)
[1562:1562:0301/204026.876623:INFO:CONSOLE(0)] "DEBUG: For more advanced debugging, install the Ember Inspector from https://chrome.google.com/webstore/detail/ember-inspector/bmdblncegkenkacieihfhpjfppoconhi", source:  (0)
[1562:1562:0301/204038.532595:INFO:CONSOLE(0)] "DEBUG: -------------------------------", source:  (0)
[1562:1562:0301/204038.532803:INFO:CONSOLE(0)] "DEBUG: Ember  : 2.6.2", source:  (0)
[1562:1562:0301/204038.532977:INFO:CONSOLE(0)] "DEBUG: jQuery : 2.2.4", source:  (0)
[1562:1562:0301/204038.533147:INFO:CONSOLE(0)] "DEBUG: -------------------------------", source:  (0)
[1562:1562:0301/204038.570733:INFO:CONSOLE(0)] "DEBUG: For more advanced debugging, install the Ember Inspector from https://chrome.google.com/webstore/detail/ember-inspector/bmdblncegkenkacieihfhpjfppoconhi", source:  (0)
[1562:1562:0301/204050.447113:INFO:CONSOLE(0)] "DEBUG: -------------------------------", source:  (0)
[1562:1562:0301/204050.447313:INFO:CONSOLE(0)] "DEBUG: Ember  : 2.6.2", source:  (0)
[1562:1562:0301/204050.447486:INFO:CONSOLE(0)] "DEBUG: jQuery : 2.2.4", source:  (0)
[1562:1562:0301/204050.447656:INFO:CONSOLE(0)] "DEBUG: -------------------------------", source:  (0)
[1562:1562:0301/204050.484719:INFO:CONSOLE(0)] "DEBUG: For more advanced debugging, install the Ember Inspector from https://chrome.google.com/webstore/detail/ember-inspector/bmdblncegkenkacieihfhpjfppoconhi", source:  (0)
[1562:1562:0301/204102.521064:INFO:CONSOLE(0)] "DEBUG: -------------------------------", source:  (0)
[1562:1562:0301/204102.521276:INFO:CONSOLE(0)] "DEBUG: Ember  : 2.6.2", source:  (0)
[1562:1562:0301/204102.521448:INFO:CONSOLE(0)] "DEBUG: jQuery : 2.2.4", source:  (0)
[1562:1562:0301/204102.521618:INFO:CONSOLE(0)] "DEBUG: -------------------------------", source:  (0)
[1562:1562:0301/204102.559271:INFO:CONSOLE(0)] "DEBUG: For more advanced debugging, install the Ember Inspector from https://chrome.google.com/webstore/detail/ember-inspector/bmdblncegkenkacieihfhpjfppoconhi", source:  (0)
[1562:1562:0301/204114.782164:INFO:CONSOLE(0)] "DEBUG: -------------------------------", source:  (0)
[1562:1562:0301/204114.782370:INFO:CONSOLE(0)] "DEBUG: Ember  : 2.6.2", source:  (0)
[1562:1562:0301/204114.782543:INFO:CONSOLE(0)] "DEBUG: jQuery : 2.2.4", source:  (0)
[1562:1562:0301/204114.782727:INFO:CONSOLE(0)] "DEBUG: -------------------------------", source:  (0)
[1562:1562:0301/204114.820849:INFO:CONSOLE(0)] "DEBUG: For more advanced debugging, install the Ember Inspector from https://chrome.google.com/webstore/detail/ember-inspector/bmdblncegkenkacieihfhpjfppoconhi", source:  (0)
[1562:1562:0301/204127.166262:INFO:CONSOLE(0)] "DEBUG: -------------------------------", source:  (0)
[1562:1562:0301/204127.166463:INFO:CONSOLE(0)] "DEBUG: Ember  : 2.6.2", source:  (0)
[1562:1562:0301/204127.166635:INFO:CONSOLE(0)] "DEBUG: jQuery : 2.2.4", source:  (0)
[1562:1562:0301/204127.166812:INFO:CONSOLE(0)] "DEBUG: -------------------------------", source:  (0)
[1562:1562:0301/204127.204709:INFO:CONSOLE(0)] "DEBUG: For more advanced debugging, install the Ember Inspector from https://chrome.google.com/webstore/detail/ember-inspector/bmdblncegkenkacieihfhpjfppoconhi", source:  (0)
