[7122:7122:0301/215642.148361:WARNING:chrome_main_delegate.cc(618)] This is Chrome version 112.0.5572.0 (not a warning)
[7122:7136:0301/215642.322385:ERROR:bus.cc(399)] Failed to connect to the bus: Could not parse server address: Unknown address type (examples of valid types are "tcp" and on UNIX "unix")
[7122:7136:0301/215642.322628:ERROR:bus.cc(399)] Failed to connect to the bus: Could not parse server address: Unknown address type (examples of valid types are "tcp" and on UNIX "unix")
[7122:7122:0301/215642.357849:WARNING:account_consistency_mode_manager.cc(70)] Desktop Identity Consistency cannot be enabled as no OAuth client ID and client secret have been configured.
[7122:7136:0301/215642.364873:ERROR:bus.cc(399)] Failed to connect to the bus: Could not parse server address: Unknown address type (examples of valid types are "tcp" and on UNIX "unix")
[7122:7136:0301/215642.364908:ERROR:bus.cc(399)] Failed to connect to the bus: Could not parse server address: Unknown address type (examples of valid types are "tcp" and on UNIX "unix")
[7122:7122:0301/215642.556062:WARNING:bluez_dbus_manager.cc(247)] Floss manager not present, cannot set Floss enable/disable.
[7122:7213:0301/215642.602618:ERROR:object_proxy.cc(623)] Failed to call method: org.freedesktop.DBus.Properties.Get: object_path= /org/freedesktop/UPower: org.freedesktop.DBus.Error.ServiceUnknown: The name org.freedesktop.UPower was not provided by any .service files
[7122:7213:0301/215642.602639:WARNING:property.cc(144)] DaemonVersion: GetAndBlock: failed.
[7122:7213:0301/215642.602806:ERROR:object_proxy.cc(623)] Failed to call method: org.freedesktop.UPower.GetDisplayDevice: object_path= /org/freedesktop/UPower: org.freedesktop.DBus.Error.ServiceUnknown: The name org.freedesktop.UPower was not provided by any .service files
[7122:7213:0301/215642.602938:ERROR:object_proxy.cc(623)] Failed to call method: org.freedesktop.UPower.EnumerateDevices: object_path= /org/freedesktop/UPower: org.freedesktop.DBus.Error.ServiceUnknown: The name org.freedesktop.UPower was not provided by any .service files
[7122:7136:0301/215642.887210:ERROR:bus.cc(399)] Failed to connect to the bus: Could not parse server address: Unknown address type (examples of valid types are "tcp" and on UNIX "unix")
[7122:7136:0301/215642.895781:ERROR:bus.cc(399)] Failed to connect to the bus: Could not parse server address: Unknown address type (examples of valid types are "tcp" and on UNIX "unix")
[7122:7122:0301/215646.514207:INFO:optimization_guide_logger.cc(42)] ../../components/optimization_guide/content/browser/page_content_annotations_service.cc(309) PageContentAnnotationJob Result: BatchAnnotationResult{"Speedometer 2.1 Interactive Runner", type: ContentVisibility, output: nullopt}
[7122:7122:0301/215646.514287:INFO:optimization_guide_logger.cc(42)] ../../components/optimization_guide/content/browser/page_content_annotations_service.cc(309) PageContentAnnotationJob Result: BatchAnnotationResult{"Speedometer 2.1 Interactive Runner", type: PageEntities, output: nullopt}
[7122:7122:0301/215646.569968:INFO:optimization_guide_logger.cc(42)] ../../components/optimization_guide/core/hints_manager.cc(523) Hint cache initialized
[7122:7122:0301/215655.186383:INFO:CONSOLE(0)] "DEBUG: -------------------------------", source:  (0)
[7122:7122:0301/215655.186595:INFO:CONSOLE(0)] "DEBUG: Ember  : 2.6.2", source:  (0)
[7122:7122:0301/215655.186772:INFO:CONSOLE(0)] "DEBUG: jQuery : 2.2.4", source:  (0)
[7122:7122:0301/215655.186944:INFO:CONSOLE(0)] "DEBUG: -------------------------------", source:  (0)
[7122:7122:0301/215655.273529:INFO:CONSOLE(0)] "DEBUG: For more advanced debugging, install the Ember Inspector from https://chrome.google.com/webstore/detail/ember-inspector/bmdblncegkenkacieihfhpjfppoconhi", source:  (0)
[7122:7122:0301/215712.100702:INFO:CONSOLE(0)] "DEBUG: -------------------------------", source:  (0)
[7122:7122:0301/215712.100905:INFO:CONSOLE(0)] "DEBUG: Ember  : 2.6.2", source:  (0)
[7122:7122:0301/215712.101079:INFO:CONSOLE(0)] "DEBUG: jQuery : 2.2.4", source:  (0)
[7122:7122:0301/215712.101251:INFO:CONSOLE(0)] "DEBUG: -------------------------------", source:  (0)
[7122:7122:0301/215712.137460:INFO:CONSOLE(0)] "DEBUG: For more advanced debugging, install the Ember Inspector from https://chrome.google.com/webstore/detail/ember-inspector/bmdblncegkenkacieihfhpjfppoconhi", source:  (0)
[7122:7122:0301/215722.980442:INFO:CONSOLE(0)] "DEBUG: -------------------------------", source:  (0)
[7122:7122:0301/215722.980654:INFO:CONSOLE(0)] "DEBUG: Ember  : 2.6.2", source:  (0)
[7122:7122:0301/215722.980830:INFO:CONSOLE(0)] "DEBUG: jQuery : 2.2.4", source:  (0)
[7122:7122:0301/215722.981003:INFO:CONSOLE(0)] "DEBUG: -------------------------------", source:  (0)
[7122:7122:0301/215723.017298:INFO:CONSOLE(0)] "DEBUG: For more advanced debugging, install the Ember Inspector from https://chrome.google.com/webstore/detail/ember-inspector/bmdblncegkenkacieihfhpjfppoconhi", source:  (0)
[7122:7122:0301/215734.144569:INFO:CONSOLE(0)] "DEBUG: -------------------------------", source:  (0)
[7122:7122:0301/215734.144779:INFO:CONSOLE(0)] "DEBUG: Ember  : 2.6.2", source:  (0)
[7122:7122:0301/215734.144955:INFO:CONSOLE(0)] "DEBUG: jQuery : 2.2.4", source:  (0)
[7122:7122:0301/215734.145128:INFO:CONSOLE(0)] "DEBUG: -------------------------------", source:  (0)
[7122:7122:0301/215734.180955:INFO:CONSOLE(0)] "DEBUG: For more advanced debugging, install the Ember Inspector from https://chrome.google.com/webstore/detail/ember-inspector/bmdblncegkenkacieihfhpjfppoconhi", source:  (0)
[7122:7122:0301/215745.190868:INFO:CONSOLE(0)] "DEBUG: -------------------------------", source:  (0)
[7122:7122:0301/215745.191078:INFO:CONSOLE(0)] "DEBUG: Ember  : 2.6.2", source:  (0)
[7122:7122:0301/215745.191260:INFO:CONSOLE(0)] "DEBUG: jQuery : 2.2.4", source:  (0)
[7122:7122:0301/215745.191432:INFO:CONSOLE(0)] "DEBUG: -------------------------------", source:  (0)
[7122:7122:0301/215745.227860:INFO:CONSOLE(0)] "DEBUG: For more advanced debugging, install the Ember Inspector from https://chrome.google.com/webstore/detail/ember-inspector/bmdblncegkenkacieihfhpjfppoconhi", source:  (0)
[7122:7122:0301/215756.518334:INFO:CONSOLE(0)] "DEBUG: -------------------------------", source:  (0)
[7122:7122:0301/215756.518550:INFO:CONSOLE(0)] "DEBUG: Ember  : 2.6.2", source:  (0)
[7122:7122:0301/215756.518726:INFO:CONSOLE(0)] "DEBUG: jQuery : 2.2.4", source:  (0)
[7122:7122:0301/215756.518898:INFO:CONSOLE(0)] "DEBUG: -------------------------------", source:  (0)
[7122:7122:0301/215756.555495:INFO:CONSOLE(0)] "DEBUG: For more advanced debugging, install the Ember Inspector from https://chrome.google.com/webstore/detail/ember-inspector/bmdblncegkenkacieihfhpjfppoconhi", source:  (0)
[7122:7122:0301/215807.943166:INFO:CONSOLE(0)] "DEBUG: -------------------------------", source:  (0)
[7122:7122:0301/215807.943376:INFO:CONSOLE(0)] "DEBUG: Ember  : 2.6.2", source:  (0)
[7122:7122:0301/215807.943551:INFO:CONSOLE(0)] "DEBUG: jQuery : 2.2.4", source:  (0)
[7122:7122:0301/215807.943723:INFO:CONSOLE(0)] "DEBUG: -------------------------------", source:  (0)
[7122:7122:0301/215807.980325:INFO:CONSOLE(0)] "DEBUG: For more advanced debugging, install the Ember Inspector from https://chrome.google.com/webstore/detail/ember-inspector/bmdblncegkenkacieihfhpjfppoconhi", source:  (0)
[7122:7122:0301/215819.547838:INFO:CONSOLE(0)] "DEBUG: -------------------------------", source:  (0)
[7122:7122:0301/215819.548055:INFO:CONSOLE(0)] "DEBUG: Ember  : 2.6.2", source:  (0)
[7122:7122:0301/215819.548232:INFO:CONSOLE(0)] "DEBUG: jQuery : 2.2.4", source:  (0)
[7122:7122:0301/215819.548411:INFO:CONSOLE(0)] "DEBUG: -------------------------------", source:  (0)
[7122:7122:0301/215819.585253:INFO:CONSOLE(0)] "DEBUG: For more advanced debugging, install the Ember Inspector from https://chrome.google.com/webstore/detail/ember-inspector/bmdblncegkenkacieihfhpjfppoconhi", source:  (0)
[7122:7122:0301/215831.345895:INFO:CONSOLE(0)] "DEBUG: -------------------------------", source:  (0)
[7122:7122:0301/215831.346103:INFO:CONSOLE(0)] "DEBUG: Ember  : 2.6.2", source:  (0)
[7122:7122:0301/215831.346289:INFO:CONSOLE(0)] "DEBUG: jQuery : 2.2.4", source:  (0)
[7122:7122:0301/215831.346472:INFO:CONSOLE(0)] "DEBUG: -------------------------------", source:  (0)
[7122:7122:0301/215831.383199:INFO:CONSOLE(0)] "DEBUG: For more advanced debugging, install the Ember Inspector from https://chrome.google.com/webstore/detail/ember-inspector/bmdblncegkenkacieihfhpjfppoconhi", source:  (0)
[7122:7122:0301/215843.190623:INFO:CONSOLE(0)] "DEBUG: -------------------------------", source:  (0)
[7122:7122:0301/215843.190837:INFO:CONSOLE(0)] "DEBUG: Ember  : 2.6.2", source:  (0)
[7122:7122:0301/215843.191012:INFO:CONSOLE(0)] "DEBUG: jQuery : 2.2.4", source:  (0)
[7122:7122:0301/215843.191310:INFO:CONSOLE(0)] "DEBUG: -------------------------------", source:  (0)
[7122:7122:0301/215843.228284:INFO:CONSOLE(0)] "DEBUG: For more advanced debugging, install the Ember Inspector from https://chrome.google.com/webstore/detail/ember-inspector/bmdblncegkenkacieihfhpjfppoconhi", source:  (0)
