[16492:16492:0301/123219.828951:WARNING:chrome_main_delegate.cc(618)] This is Chrome version 112.0.5572.0 (not a warning)
[16492:16506:0301/123219.985892:ERROR:bus.cc(399)] Failed to connect to the bus: Could not parse server address: Unknown address type (examples of valid types are "tcp" and on UNIX "unix")
[16492:16506:0301/123219.985923:ERROR:bus.cc(399)] Failed to connect to the bus: Could not parse server address: Unknown address type (examples of valid types are "tcp" and on UNIX "unix")
[16492:16492:0301/123220.022655:WARNING:account_consistency_mode_manager.cc(70)] Desktop Identity Consistency cannot be enabled as no OAuth client ID and client secret have been configured.
[16492:16506:0301/123220.029872:ERROR:bus.cc(399)] Failed to connect to the bus: Could not parse server address: Unknown address type (examples of valid types are "tcp" and on UNIX "unix")
[16492:16506:0301/123220.029906:ERROR:bus.cc(399)] Failed to connect to the bus: Could not parse server address: Unknown address type (examples of valid types are "tcp" and on UNIX "unix")
[16492:16492:0301/123220.213513:WARNING:bluez_dbus_manager.cc(247)] Floss manager not present, cannot set Floss enable/disable.
[16492:16583:0301/123220.282067:ERROR:object_proxy.cc(623)] Failed to call method: org.freedesktop.DBus.Properties.Get: object_path= /org/freedesktop/UPower: org.freedesktop.DBus.Error.ServiceUnknown: The name org.freedesktop.UPower was not provided by any .service files
[16492:16583:0301/123220.282089:WARNING:property.cc(144)] DaemonVersion: GetAndBlock: failed.
[16492:16583:0301/123220.282190:ERROR:object_proxy.cc(623)] Failed to call method: org.freedesktop.UPower.GetDisplayDevice: object_path= /org/freedesktop/UPower: org.freedesktop.DBus.Error.ServiceUnknown: The name org.freedesktop.UPower was not provided by any .service files
[16492:16583:0301/123220.282563:ERROR:object_proxy.cc(623)] Failed to call method: org.freedesktop.UPower.EnumerateDevices: object_path= /org/freedesktop/UPower: org.freedesktop.DBus.Error.ServiceUnknown: The name org.freedesktop.UPower was not provided by any .service files
[16492:16506:0301/123220.481452:ERROR:bus.cc(399)] Failed to connect to the bus: Could not parse server address: Unknown address type (examples of valid types are "tcp" and on UNIX "unix")
[16492:16506:0301/123220.490294:ERROR:bus.cc(399)] Failed to connect to the bus: Could not parse server address: Unknown address type (examples of valid types are "tcp" and on UNIX "unix")
[16492:16492:0301/123224.123469:INFO:optimization_guide_logger.cc(42)] ../../components/optimization_guide/content/browser/page_content_annotations_service.cc(309) PageContentAnnotationJob Result: BatchAnnotationResult{"Speedometer 2.1 Interactive Runner", type: ContentVisibility, output: nullopt}
[16492:16492:0301/123224.123540:INFO:optimization_guide_logger.cc(42)] ../../components/optimization_guide/content/browser/page_content_annotations_service.cc(309) PageContentAnnotationJob Result: BatchAnnotationResult{"Speedometer 2.1 Interactive Runner", type: PageEntities, output: nullopt}
[16492:16492:0301/123224.134786:INFO:optimization_guide_logger.cc(42)] ../../components/optimization_guide/core/hints_manager.cc(523) Hint cache initialized
[16492:16492:0301/123231.796084:INFO:CONSOLE(0)] "DEBUG: -------------------------------", source:  (0)
[16492:16492:0301/123231.796306:INFO:CONSOLE(0)] "DEBUG: Ember  : 2.6.2", source:  (0)
[16492:16492:0301/123231.796482:INFO:CONSOLE(0)] "DEBUG: jQuery : 2.2.4", source:  (0)
[16492:16492:0301/123231.796654:INFO:CONSOLE(0)] "DEBUG: -------------------------------", source:  (0)
[16492:16492:0301/123231.883318:INFO:CONSOLE(0)] "DEBUG: For more advanced debugging, install the Ember Inspector from https://chrome.google.com/webstore/detail/ember-inspector/bmdblncegkenkacieihfhpjfppoconhi", source:  (0)
[16492:16492:0301/123247.700476:INFO:CONSOLE(0)] "DEBUG: -------------------------------", source:  (0)
[16492:16492:0301/123247.700677:INFO:CONSOLE(0)] "DEBUG: Ember  : 2.6.2", source:  (0)
[16492:16492:0301/123247.700860:INFO:CONSOLE(0)] "DEBUG: jQuery : 2.2.4", source:  (0)
[16492:16492:0301/123247.701039:INFO:CONSOLE(0)] "DEBUG: -------------------------------", source:  (0)
[16492:16492:0301/123247.740384:INFO:CONSOLE(0)] "DEBUG: For more advanced debugging, install the Ember Inspector from https://chrome.google.com/webstore/detail/ember-inspector/bmdblncegkenkacieihfhpjfppoconhi", source:  (0)
[16492:16492:0301/123258.904309:INFO:CONSOLE(0)] "DEBUG: -------------------------------", source:  (0)
[16492:16492:0301/123258.904515:INFO:CONSOLE(0)] "DEBUG: Ember  : 2.6.2", source:  (0)
[16492:16492:0301/123258.904690:INFO:CONSOLE(0)] "DEBUG: jQuery : 2.2.4", source:  (0)
[16492:16492:0301/123258.904867:INFO:CONSOLE(0)] "DEBUG: -------------------------------", source:  (0)
[16492:16492:0301/123258.944599:INFO:CONSOLE(0)] "DEBUG: For more advanced debugging, install the Ember Inspector from https://chrome.google.com/webstore/detail/ember-inspector/bmdblncegkenkacieihfhpjfppoconhi", source:  (0)
[16492:16492:0301/123310.132345:INFO:CONSOLE(0)] "DEBUG: -------------------------------", source:  (0)
[16492:16492:0301/123310.132678:INFO:CONSOLE(0)] "DEBUG: Ember  : 2.6.2", source:  (0)
[16492:16492:0301/123310.132857:INFO:CONSOLE(0)] "DEBUG: jQuery : 2.2.4", source:  (0)
[16492:16492:0301/123310.133030:INFO:CONSOLE(0)] "DEBUG: -------------------------------", source:  (0)
[16492:16492:0301/123310.177053:INFO:CONSOLE(0)] "DEBUG: For more advanced debugging, install the Ember Inspector from https://chrome.google.com/webstore/detail/ember-inspector/bmdblncegkenkacieihfhpjfppoconhi", source:  (0)
[16492:16492:0301/123321.299570:INFO:CONSOLE(0)] "DEBUG: -------------------------------", source:  (0)
[16492:16492:0301/123321.299775:INFO:CONSOLE(0)] "DEBUG: Ember  : 2.6.2", source:  (0)
[16492:16492:0301/123321.299949:INFO:CONSOLE(0)] "DEBUG: jQuery : 2.2.4", source:  (0)
[16492:16492:0301/123321.300122:INFO:CONSOLE(0)] "DEBUG: -------------------------------", source:  (0)
[16492:16492:0301/123321.337893:INFO:CONSOLE(0)] "DEBUG: For more advanced debugging, install the Ember Inspector from https://chrome.google.com/webstore/detail/ember-inspector/bmdblncegkenkacieihfhpjfppoconhi", source:  (0)
[16492:16492:0301/123332.582585:INFO:CONSOLE(0)] "DEBUG: -------------------------------", source:  (0)
[16492:16492:0301/123332.582796:INFO:CONSOLE(0)] "DEBUG: Ember  : 2.6.2", source:  (0)
[16492:16492:0301/123332.582972:INFO:CONSOLE(0)] "DEBUG: jQuery : 2.2.4", source:  (0)
[16492:16492:0301/123332.583144:INFO:CONSOLE(0)] "DEBUG: -------------------------------", source:  (0)
[16492:16492:0301/123332.621100:INFO:CONSOLE(0)] "DEBUG: For more advanced debugging, install the Ember Inspector from https://chrome.google.com/webstore/detail/ember-inspector/bmdblncegkenkacieihfhpjfppoconhi", source:  (0)
[16492:16492:0301/123344.001514:INFO:CONSOLE(0)] "DEBUG: -------------------------------", source:  (0)
[16492:16492:0301/123344.001728:INFO:CONSOLE(0)] "DEBUG: Ember  : 2.6.2", source:  (0)
[16492:16492:0301/123344.001903:INFO:CONSOLE(0)] "DEBUG: jQuery : 2.2.4", source:  (0)
[16492:16492:0301/123344.002075:INFO:CONSOLE(0)] "DEBUG: -------------------------------", source:  (0)
[16492:16492:0301/123344.040558:INFO:CONSOLE(0)] "DEBUG: For more advanced debugging, install the Ember Inspector from https://chrome.google.com/webstore/detail/ember-inspector/bmdblncegkenkacieihfhpjfppoconhi", source:  (0)
[16492:16492:0301/123355.323408:INFO:CONSOLE(0)] "DEBUG: -------------------------------", source:  (0)
[16492:16492:0301/123355.323615:INFO:CONSOLE(0)] "DEBUG: Ember  : 2.6.2", source:  (0)
[16492:16492:0301/123355.323790:INFO:CONSOLE(0)] "DEBUG: jQuery : 2.2.4", source:  (0)
[16492:16492:0301/123355.323973:INFO:CONSOLE(0)] "DEBUG: -------------------------------", source:  (0)
[16492:16492:0301/123355.362321:INFO:CONSOLE(0)] "DEBUG: For more advanced debugging, install the Ember Inspector from https://chrome.google.com/webstore/detail/ember-inspector/bmdblncegkenkacieihfhpjfppoconhi", source:  (0)
[16492:16492:0301/123406.575137:INFO:CONSOLE(0)] "DEBUG: -------------------------------", source:  (0)
[16492:16492:0301/123406.575352:INFO:CONSOLE(0)] "DEBUG: Ember  : 2.6.2", source:  (0)
[16492:16492:0301/123406.575527:INFO:CONSOLE(0)] "DEBUG: jQuery : 2.2.4", source:  (0)
[16492:16492:0301/123406.575706:INFO:CONSOLE(0)] "DEBUG: -------------------------------", source:  (0)
[16492:16492:0301/123406.613311:INFO:CONSOLE(0)] "DEBUG: For more advanced debugging, install the Ember Inspector from https://chrome.google.com/webstore/detail/ember-inspector/bmdblncegkenkacieihfhpjfppoconhi", source:  (0)
[16492:16492:0301/123417.757321:INFO:CONSOLE(0)] "DEBUG: -------------------------------", source:  (0)
[16492:16492:0301/123417.757531:INFO:CONSOLE(0)] "DEBUG: Ember  : 2.6.2", source:  (0)
[16492:16492:0301/123417.757706:INFO:CONSOLE(0)] "DEBUG: jQuery : 2.2.4", source:  (0)
[16492:16492:0301/123417.757884:INFO:CONSOLE(0)] "DEBUG: -------------------------------", source:  (0)
[16492:16492:0301/123417.796267:INFO:CONSOLE(0)] "DEBUG: For more advanced debugging, install the Ember Inspector from https://chrome.google.com/webstore/detail/ember-inspector/bmdblncegkenkacieihfhpjfppoconhi", source:  (0)
