[18862:18862:0301/130335.508687:WARNING:chrome_main_delegate.cc(618)] This is Chrome version 112.0.5572.0 (not a warning)
[18862:18876:0301/130335.683968:ERROR:bus.cc(399)] Failed to connect to the bus: Could not parse server address: Unknown address type (examples of valid types are "tcp" and on UNIX "unix")
[18862:18876:0301/130335.683998:ERROR:bus.cc(399)] Failed to connect to the bus: Could not parse server address: Unknown address type (examples of valid types are "tcp" and on UNIX "unix")
[18862:18862:0301/130335.724501:WARNING:account_consistency_mode_manager.cc(70)] Desktop Identity Consistency cannot be enabled as no OAuth client ID and client secret have been configured.
[18862:18876:0301/130335.731542:ERROR:bus.cc(399)] Failed to connect to the bus: Could not parse server address: Unknown address type (examples of valid types are "tcp" and on UNIX "unix")
[18862:18876:0301/130335.731576:ERROR:bus.cc(399)] Failed to connect to the bus: Could not parse server address: Unknown address type (examples of valid types are "tcp" and on UNIX "unix")
[18862:18862:0301/130335.919248:WARNING:bluez_dbus_manager.cc(247)] Floss manager not present, cannot set Floss enable/disable.
[18862:18952:0301/130335.947395:ERROR:object_proxy.cc(623)] Failed to call method: org.freedesktop.DBus.Properties.Get: object_path= /org/freedesktop/UPower: org.freedesktop.DBus.Error.ServiceUnknown: The name org.freedesktop.UPower was not provided by any .service files
[18862:18952:0301/130335.972188:WARNING:property.cc(144)] DaemonVersion: GetAndBlock: failed.
[18862:18952:0301/130335.972632:ERROR:object_proxy.cc(623)] Failed to call method: org.freedesktop.UPower.GetDisplayDevice: object_path= /org/freedesktop/UPower: org.freedesktop.DBus.Error.ServiceUnknown: The name org.freedesktop.UPower was not provided by any .service files
[18862:18952:0301/130335.972907:ERROR:object_proxy.cc(623)] Failed to call method: org.freedesktop.UPower.EnumerateDevices: object_path= /org/freedesktop/UPower: org.freedesktop.DBus.Error.ServiceUnknown: The name org.freedesktop.UPower was not provided by any .service files
[18862:18876:0301/130336.157960:ERROR:bus.cc(399)] Failed to connect to the bus: Could not parse server address: Unknown address type (examples of valid types are "tcp" and on UNIX "unix")
[18862:18876:0301/130336.166689:ERROR:bus.cc(399)] Failed to connect to the bus: Could not parse server address: Unknown address type (examples of valid types are "tcp" and on UNIX "unix")
[18862:18862:0301/130342.365970:INFO:optimization_guide_logger.cc(42)] ../../components/optimization_guide/content/browser/page_content_annotations_service.cc(309) PageContentAnnotationJob Result: BatchAnnotationResult{"Speedometer 2.1 Interactive Runner", type: ContentVisibility, output: nullopt}
[18862:18862:0301/130342.366031:INFO:optimization_guide_logger.cc(42)] ../../components/optimization_guide/content/browser/page_content_annotations_service.cc(309) PageContentAnnotationJob Result: BatchAnnotationResult{"Speedometer 2.1 Interactive Runner", type: PageEntities, output: nullopt}
[18862:18862:0301/130342.710284:INFO:optimization_guide_logger.cc(42)] ../../components/optimization_guide/core/hints_manager.cc(523) Hint cache initialized
[18862:18862:0301/130347.392053:INFO:CONSOLE(0)] "DEBUG: -------------------------------", source:  (0)
[18862:18862:0301/130347.392279:INFO:CONSOLE(0)] "DEBUG: Ember  : 2.6.2", source:  (0)
[18862:18862:0301/130347.392455:INFO:CONSOLE(0)] "DEBUG: jQuery : 2.2.4", source:  (0)
[18862:18862:0301/130347.392911:INFO:CONSOLE(0)] "DEBUG: -------------------------------", source:  (0)
[18862:18862:0301/130347.479247:INFO:CONSOLE(0)] "DEBUG: For more advanced debugging, install the Ember Inspector from https://chrome.google.com/webstore/detail/ember-inspector/bmdblncegkenkacieihfhpjfppoconhi", source:  (0)
[18862:18862:0301/130406.033116:INFO:CONSOLE(0)] "DEBUG: -------------------------------", source:  (0)
[18862:18862:0301/130406.033320:INFO:CONSOLE(0)] "DEBUG: Ember  : 2.6.2", source:  (0)
[18862:18862:0301/130406.033495:INFO:CONSOLE(0)] "DEBUG: jQuery : 2.2.4", source:  (0)
[18862:18862:0301/130406.033674:INFO:CONSOLE(0)] "DEBUG: -------------------------------", source:  (0)
[18862:18862:0301/130406.071833:INFO:CONSOLE(0)] "DEBUG: For more advanced debugging, install the Ember Inspector from https://chrome.google.com/webstore/detail/ember-inspector/bmdblncegkenkacieihfhpjfppoconhi", source:  (0)
[18862:18862:0301/130417.352185:INFO:CONSOLE(0)] "DEBUG: -------------------------------", source:  (0)
[18862:18862:0301/130417.352392:INFO:CONSOLE(0)] "DEBUG: Ember  : 2.6.2", source:  (0)
[18862:18862:0301/130417.352567:INFO:CONSOLE(0)] "DEBUG: jQuery : 2.2.4", source:  (0)
[18862:18862:0301/130417.352740:INFO:CONSOLE(0)] "DEBUG: -------------------------------", source:  (0)
[18862:18862:0301/130417.392756:INFO:CONSOLE(0)] "DEBUG: For more advanced debugging, install the Ember Inspector from https://chrome.google.com/webstore/detail/ember-inspector/bmdblncegkenkacieihfhpjfppoconhi", source:  (0)
[18862:18862:0301/130428.387698:INFO:CONSOLE(0)] "DEBUG: -------------------------------", source:  (0)
[18862:18862:0301/130428.387910:INFO:CONSOLE(0)] "DEBUG: Ember  : 2.6.2", source:  (0)
[18862:18862:0301/130428.388085:INFO:CONSOLE(0)] "DEBUG: jQuery : 2.2.4", source:  (0)
[18862:18862:0301/130428.388264:INFO:CONSOLE(0)] "DEBUG: -------------------------------", source:  (0)
[18862:18862:0301/130428.429188:INFO:CONSOLE(0)] "DEBUG: For more advanced debugging, install the Ember Inspector from https://chrome.google.com/webstore/detail/ember-inspector/bmdblncegkenkacieihfhpjfppoconhi", source:  (0)
[18862:18862:0301/130439.471656:INFO:CONSOLE(0)] "DEBUG: -------------------------------", source:  (0)
[18862:18862:0301/130439.471868:INFO:CONSOLE(0)] "DEBUG: Ember  : 2.6.2", source:  (0)
[18862:18862:0301/130439.472044:INFO:CONSOLE(0)] "DEBUG: jQuery : 2.2.4", source:  (0)
[18862:18862:0301/130439.472225:INFO:CONSOLE(0)] "DEBUG: -------------------------------", source:  (0)
[18862:18862:0301/130439.510401:INFO:CONSOLE(0)] "DEBUG: For more advanced debugging, install the Ember Inspector from https://chrome.google.com/webstore/detail/ember-inspector/bmdblncegkenkacieihfhpjfppoconhi", source:  (0)
[18862:18862:0301/130450.569025:INFO:CONSOLE(0)] "DEBUG: -------------------------------", source:  (0)
[18862:18862:0301/130450.569239:INFO:CONSOLE(0)] "DEBUG: Ember  : 2.6.2", source:  (0)
[18862:18862:0301/130450.569423:INFO:CONSOLE(0)] "DEBUG: jQuery : 2.2.4", source:  (0)
[18862:18862:0301/130450.569596:INFO:CONSOLE(0)] "DEBUG: -------------------------------", source:  (0)
[18862:18862:0301/130450.607419:INFO:CONSOLE(0)] "DEBUG: For more advanced debugging, install the Ember Inspector from https://chrome.google.com/webstore/detail/ember-inspector/bmdblncegkenkacieihfhpjfppoconhi", source:  (0)
[18862:18862:0301/130501.622973:INFO:CONSOLE(0)] "DEBUG: -------------------------------", source:  (0)
[18862:18862:0301/130501.623188:INFO:CONSOLE(0)] "DEBUG: Ember  : 2.6.2", source:  (0)
[18862:18862:0301/130501.623365:INFO:CONSOLE(0)] "DEBUG: jQuery : 2.2.4", source:  (0)
[18862:18862:0301/130501.623537:INFO:CONSOLE(0)] "DEBUG: -------------------------------", source:  (0)
[18862:18862:0301/130501.661124:INFO:CONSOLE(0)] "DEBUG: For more advanced debugging, install the Ember Inspector from https://chrome.google.com/webstore/detail/ember-inspector/bmdblncegkenkacieihfhpjfppoconhi", source:  (0)
[18862:18862:0301/130513.145345:INFO:CONSOLE(0)] "DEBUG: -------------------------------", source:  (0)
[18862:18862:0301/130513.145555:INFO:CONSOLE(0)] "DEBUG: Ember  : 2.6.2", source:  (0)
[18862:18862:0301/130513.145739:INFO:CONSOLE(0)] "DEBUG: jQuery : 2.2.4", source:  (0)
[18862:18862:0301/130513.145912:INFO:CONSOLE(0)] "DEBUG: -------------------------------", source:  (0)
[18862:18862:0301/130513.184672:INFO:CONSOLE(0)] "DEBUG: For more advanced debugging, install the Ember Inspector from https://chrome.google.com/webstore/detail/ember-inspector/bmdblncegkenkacieihfhpjfppoconhi", source:  (0)
[18862:18862:0301/130524.425928:INFO:CONSOLE(0)] "DEBUG: -------------------------------", source:  (0)
[18862:18862:0301/130524.426154:INFO:CONSOLE(0)] "DEBUG: Ember  : 2.6.2", source:  (0)
[18862:18862:0301/130524.426337:INFO:CONSOLE(0)] "DEBUG: jQuery : 2.2.4", source:  (0)
[18862:18862:0301/130524.426511:INFO:CONSOLE(0)] "DEBUG: -------------------------------", source:  (0)
[18862:18862:0301/130524.464734:INFO:CONSOLE(0)] "DEBUG: For more advanced debugging, install the Ember Inspector from https://chrome.google.com/webstore/detail/ember-inspector/bmdblncegkenkacieihfhpjfppoconhi", source:  (0)
[18862:18862:0301/130535.681884:INFO:CONSOLE(0)] "DEBUG: -------------------------------", source:  (0)
[18862:18862:0301/130535.682092:INFO:CONSOLE(0)] "DEBUG: Ember  : 2.6.2", source:  (0)
[18862:18862:0301/130535.682275:INFO:CONSOLE(0)] "DEBUG: jQuery : 2.2.4", source:  (0)
[18862:18862:0301/130535.682450:INFO:CONSOLE(0)] "DEBUG: -------------------------------", source:  (0)
[18862:18862:0301/130535.720082:INFO:CONSOLE(0)] "DEBUG: For more advanced debugging, install the Ember Inspector from https://chrome.google.com/webstore/detail/ember-inspector/bmdblncegkenkacieihfhpjfppoconhi", source:  (0)
