[3366:3366:0301/210513.589573:WARNING:chrome_main_delegate.cc(618)] This is Chrome version 112.0.5572.0 (not a warning)
[3366:3381:0301/210513.768427:ERROR:bus.cc(399)] Failed to connect to the bus: Could not parse server address: Unknown address type (examples of valid types are "tcp" and on UNIX "unix")
[3366:3381:0301/210513.768461:ERROR:bus.cc(399)] Failed to connect to the bus: Could not parse server address: Unknown address type (examples of valid types are "tcp" and on UNIX "unix")
[3366:3366:0301/210513.800147:WARNING:account_consistency_mode_manager.cc(70)] Desktop Identity Consistency cannot be enabled as no OAuth client ID and client secret have been configured.
[3366:3381:0301/210513.807111:ERROR:bus.cc(399)] Failed to connect to the bus: Could not parse server address: Unknown address type (examples of valid types are "tcp" and on UNIX "unix")
[3366:3381:0301/210513.807143:ERROR:bus.cc(399)] Failed to connect to the bus: Could not parse server address: Unknown address type (examples of valid types are "tcp" and on UNIX "unix")
[3366:3366:0301/210514.010285:WARNING:bluez_dbus_manager.cc(247)] Floss manager not present, cannot set Floss enable/disable.
[3366:3454:0301/210514.041944:ERROR:object_proxy.cc(623)] Failed to call method: org.freedesktop.DBus.Properties.Get: object_path= /org/freedesktop/UPower: org.freedesktop.DBus.Error.ServiceUnknown: The name org.freedesktop.UPower was not provided by any .service files
[3366:3454:0301/210514.041966:WARNING:property.cc(144)] DaemonVersion: GetAndBlock: failed.
[3366:3454:0301/210514.042077:ERROR:object_proxy.cc(623)] Failed to call method: org.freedesktop.UPower.GetDisplayDevice: object_path= /org/freedesktop/UPower: org.freedesktop.DBus.Error.ServiceUnknown: The name org.freedesktop.UPower was not provided by any .service files
[3366:3454:0301/210514.042192:ERROR:object_proxy.cc(623)] Failed to call method: org.freedesktop.UPower.EnumerateDevices: object_path= /org/freedesktop/UPower: org.freedesktop.DBus.Error.ServiceUnknown: The name org.freedesktop.UPower was not provided by any .service files
[3366:3381:0301/210514.294878:ERROR:bus.cc(399)] Failed to connect to the bus: Could not parse server address: Unknown address type (examples of valid types are "tcp" and on UNIX "unix")
[3366:3381:0301/210514.320345:ERROR:bus.cc(399)] Failed to connect to the bus: Could not parse server address: Unknown address type (examples of valid types are "tcp" and on UNIX "unix")
[3366:3366:0301/210517.720356:INFO:optimization_guide_logger.cc(42)] ../../components/optimization_guide/core/hints_manager.cc(523) Hint cache initialized
[3366:3366:0301/210518.057696:INFO:optimization_guide_logger.cc(42)] ../../components/optimization_guide/content/browser/page_content_annotations_service.cc(309) PageContentAnnotationJob Result: BatchAnnotationResult{"Speedometer 2.1 Interactive Runner", type: ContentVisibility, output: nullopt}
[3366:3366:0301/210518.057780:INFO:optimization_guide_logger.cc(42)] ../../components/optimization_guide/content/browser/page_content_annotations_service.cc(309) PageContentAnnotationJob Result: BatchAnnotationResult{"Speedometer 2.1 Interactive Runner", type: PageEntities, output: nullopt}
[3366:3366:0301/210527.187747:INFO:CONSOLE(0)] "DEBUG: -------------------------------", source:  (0)
[3366:3366:0301/210527.187962:INFO:CONSOLE(0)] "DEBUG: Ember  : 2.6.2", source:  (0)
[3366:3366:0301/210527.188139:INFO:CONSOLE(0)] "DEBUG: jQuery : 2.2.4", source:  (0)
[3366:3366:0301/210527.188312:INFO:CONSOLE(0)] "DEBUG: -------------------------------", source:  (0)
[3366:3366:0301/210527.275443:INFO:CONSOLE(0)] "DEBUG: For more advanced debugging, install the Ember Inspector from https://chrome.google.com/webstore/detail/ember-inspector/bmdblncegkenkacieihfhpjfppoconhi", source:  (0)
[3366:3366:0301/210543.217481:INFO:CONSOLE(0)] "DEBUG: -------------------------------", source:  (0)
[3366:3366:0301/210543.217685:INFO:CONSOLE(0)] "DEBUG: Ember  : 2.6.2", source:  (0)
[3366:3366:0301/210543.217860:INFO:CONSOLE(0)] "DEBUG: jQuery : 2.2.4", source:  (0)
[3366:3366:0301/210543.218033:INFO:CONSOLE(0)] "DEBUG: -------------------------------", source:  (0)
[3366:3366:0301/210543.254260:INFO:CONSOLE(0)] "DEBUG: For more advanced debugging, install the Ember Inspector from https://chrome.google.com/webstore/detail/ember-inspector/bmdblncegkenkacieihfhpjfppoconhi", source:  (0)
[3366:3366:0301/210554.136461:INFO:CONSOLE(0)] "DEBUG: -------------------------------", source:  (0)
[3366:3366:0301/210554.136686:INFO:CONSOLE(0)] "DEBUG: Ember  : 2.6.2", source:  (0)
[3366:3366:0301/210554.136862:INFO:CONSOLE(0)] "DEBUG: jQuery : 2.2.4", source:  (0)
[3366:3366:0301/210554.137035:INFO:CONSOLE(0)] "DEBUG: -------------------------------", source:  (0)
[3366:3366:0301/210554.172851:INFO:CONSOLE(0)] "DEBUG: For more advanced debugging, install the Ember Inspector from https://chrome.google.com/webstore/detail/ember-inspector/bmdblncegkenkacieihfhpjfppoconhi", source:  (0)
[3366:3366:0301/210605.137139:INFO:CONSOLE(0)] "DEBUG: -------------------------------", source:  (0)
[3366:3366:0301/210605.137354:INFO:CONSOLE(0)] "DEBUG: Ember  : 2.6.2", source:  (0)
[3366:3366:0301/210605.137529:INFO:CONSOLE(0)] "DEBUG: jQuery : 2.2.4", source:  (0)
[3366:3366:0301/210605.137702:INFO:CONSOLE(0)] "DEBUG: -------------------------------", source:  (0)
[3366:3366:0301/210605.173731:INFO:CONSOLE(0)] "DEBUG: For more advanced debugging, install the Ember Inspector from https://chrome.google.com/webstore/detail/ember-inspector/bmdblncegkenkacieihfhpjfppoconhi", source:  (0)
[3366:3366:0301/210616.405217:INFO:CONSOLE(0)] "DEBUG: -------------------------------", source:  (0)
[3366:3366:0301/210616.405429:INFO:CONSOLE(0)] "DEBUG: Ember  : 2.6.2", source:  (0)
[3366:3366:0301/210616.405604:INFO:CONSOLE(0)] "DEBUG: jQuery : 2.2.4", source:  (0)
[3366:3366:0301/210616.405777:INFO:CONSOLE(0)] "DEBUG: -------------------------------", source:  (0)
[3366:3366:0301/210616.441777:INFO:CONSOLE(0)] "DEBUG: For more advanced debugging, install the Ember Inspector from https://chrome.google.com/webstore/detail/ember-inspector/bmdblncegkenkacieihfhpjfppoconhi", source:  (0)
[3366:3366:0301/210627.835191:INFO:CONSOLE(0)] "DEBUG: -------------------------------", source:  (0)
[3366:3366:0301/210627.835413:INFO:CONSOLE(0)] "DEBUG: Ember  : 2.6.2", source:  (0)
[3366:3366:0301/210627.835590:INFO:CONSOLE(0)] "DEBUG: jQuery : 2.2.4", source:  (0)
[3366:3366:0301/210627.835771:INFO:CONSOLE(0)] "DEBUG: -------------------------------", source:  (0)
[3366:3366:0301/210627.872396:INFO:CONSOLE(0)] "DEBUG: For more advanced debugging, install the Ember Inspector from https://chrome.google.com/webstore/detail/ember-inspector/bmdblncegkenkacieihfhpjfppoconhi", source:  (0)
[3366:3366:0301/210639.363595:INFO:CONSOLE(0)] "DEBUG: -------------------------------", source:  (0)
[3366:3366:0301/210639.363806:INFO:CONSOLE(0)] "DEBUG: Ember  : 2.6.2", source:  (0)
[3366:3366:0301/210639.363980:INFO:CONSOLE(0)] "DEBUG: jQuery : 2.2.4", source:  (0)
[3366:3366:0301/210639.364160:INFO:CONSOLE(0)] "DEBUG: -------------------------------", source:  (0)
[3366:3366:0301/210639.401937:INFO:CONSOLE(0)] "DEBUG: For more advanced debugging, install the Ember Inspector from https://chrome.google.com/webstore/detail/ember-inspector/bmdblncegkenkacieihfhpjfppoconhi", source:  (0)
[3366:3366:0301/210650.964696:INFO:CONSOLE(0)] "DEBUG: -------------------------------", source:  (0)
[3366:3366:0301/210650.964909:INFO:CONSOLE(0)] "DEBUG: Ember  : 2.6.2", source:  (0)
[3366:3366:0301/210650.965086:INFO:CONSOLE(0)] "DEBUG: jQuery : 2.2.4", source:  (0)
[3366:3366:0301/210650.965386:INFO:CONSOLE(0)] "DEBUG: -------------------------------", source:  (0)
[3366:3366:0301/210651.001771:INFO:CONSOLE(0)] "DEBUG: For more advanced debugging, install the Ember Inspector from https://chrome.google.com/webstore/detail/ember-inspector/bmdblncegkenkacieihfhpjfppoconhi", source:  (0)
[3366:3366:0301/210702.754463:INFO:CONSOLE(0)] "DEBUG: -------------------------------", source:  (0)
[3366:3366:0301/210702.754682:INFO:CONSOLE(0)] "DEBUG: Ember  : 2.6.2", source:  (0)
[3366:3366:0301/210702.754858:INFO:CONSOLE(0)] "DEBUG: jQuery : 2.2.4", source:  (0)
[3366:3366:0301/210702.755036:INFO:CONSOLE(0)] "DEBUG: -------------------------------", source:  (0)
[3366:3366:0301/210702.792063:INFO:CONSOLE(0)] "DEBUG: For more advanced debugging, install the Ember Inspector from https://chrome.google.com/webstore/detail/ember-inspector/bmdblncegkenkacieihfhpjfppoconhi", source:  (0)
[3366:3366:0301/210714.708469:INFO:CONSOLE(0)] "DEBUG: -------------------------------", source:  (0)
[3366:3366:0301/210714.708679:INFO:CONSOLE(0)] "DEBUG: Ember  : 2.6.2", source:  (0)
[3366:3366:0301/210714.708852:INFO:CONSOLE(0)] "DEBUG: jQuery : 2.2.4", source:  (0)
[3366:3366:0301/210714.709031:INFO:CONSOLE(0)] "DEBUG: -------------------------------", source:  (0)
[3366:3366:0301/210714.746106:INFO:CONSOLE(0)] "DEBUG: For more advanced debugging, install the Ember Inspector from https://chrome.google.com/webstore/detail/ember-inspector/bmdblncegkenkacieihfhpjfppoconhi", source:  (0)
