[24673:24673:0301/141921.296199:WARNING:chrome_main_delegate.cc(618)] This is Chrome version 112.0.5572.0 (not a warning)
[24673:24687:0301/141921.471228:ERROR:bus.cc(399)] Failed to connect to the bus: Could not parse server address: Unknown address type (examples of valid types are "tcp" and on UNIX "unix")
[24673:24687:0301/141921.471262:ERROR:bus.cc(399)] Failed to connect to the bus: Could not parse server address: Unknown address type (examples of valid types are "tcp" and on UNIX "unix")
[24673:24673:0301/141921.517520:WARNING:account_consistency_mode_manager.cc(70)] Desktop Identity Consistency cannot be enabled as no OAuth client ID and client secret have been configured.
[24673:24687:0301/141921.524609:ERROR:bus.cc(399)] Failed to connect to the bus: Could not parse server address: Unknown address type (examples of valid types are "tcp" and on UNIX "unix")
[24673:24687:0301/141921.524647:ERROR:bus.cc(399)] Failed to connect to the bus: Could not parse server address: Unknown address type (examples of valid types are "tcp" and on UNIX "unix")
[24673:24673:0301/141921.710472:WARNING:bluez_dbus_manager.cc(247)] Floss manager not present, cannot set Floss enable/disable.
[24673:24763:0301/141921.750507:ERROR:object_proxy.cc(623)] Failed to call method: org.freedesktop.DBus.Properties.Get: object_path= /org/freedesktop/UPower: org.freedesktop.DBus.Error.ServiceUnknown: The name org.freedesktop.UPower was not provided by any .service files
[24673:24763:0301/141921.752367:WARNING:property.cc(144)] DaemonVersion: GetAndBlock: failed.
[24673:24763:0301/141921.752493:ERROR:object_proxy.cc(623)] Failed to call method: org.freedesktop.UPower.GetDisplayDevice: object_path= /org/freedesktop/UPower: org.freedesktop.DBus.Error.ServiceUnknown: The name org.freedesktop.UPower was not provided by any .service files
[24673:24763:0301/141921.752606:ERROR:object_proxy.cc(623)] Failed to call method: org.freedesktop.UPower.EnumerateDevices: object_path= /org/freedesktop/UPower: org.freedesktop.DBus.Error.ServiceUnknown: The name org.freedesktop.UPower was not provided by any .service files
[24673:24687:0301/141921.945664:ERROR:bus.cc(399)] Failed to connect to the bus: Could not parse server address: Unknown address type (examples of valid types are "tcp" and on UNIX "unix")
[24673:24687:0301/141921.970926:ERROR:bus.cc(399)] Failed to connect to the bus: Could not parse server address: Unknown address type (examples of valid types are "tcp" and on UNIX "unix")
[24673:24673:0301/141925.278589:INFO:optimization_guide_logger.cc(42)] ../../components/optimization_guide/core/hints_manager.cc(523) Hint cache initialized
[24673:24673:0301/141925.692261:INFO:optimization_guide_logger.cc(42)] ../../components/optimization_guide/content/browser/page_content_annotations_service.cc(309) PageContentAnnotationJob Result: BatchAnnotationResult{"Speedometer 2.1 Interactive Runner", type: ContentVisibility, output: nullopt}
[24673:24673:0301/141925.705079:INFO:optimization_guide_logger.cc(42)] ../../components/optimization_guide/content/browser/page_content_annotations_service.cc(309) PageContentAnnotationJob Result: BatchAnnotationResult{"Speedometer 2.1 Interactive Runner", type: PageEntities, output: nullopt}
[24673:24673:0301/141934.384249:INFO:CONSOLE(0)] "DEBUG: -------------------------------", source:  (0)
[24673:24673:0301/141934.384461:INFO:CONSOLE(0)] "DEBUG: Ember  : 2.6.2", source:  (0)
[24673:24673:0301/141934.384639:INFO:CONSOLE(0)] "DEBUG: jQuery : 2.2.4", source:  (0)
[24673:24673:0301/141934.384814:INFO:CONSOLE(0)] "DEBUG: -------------------------------", source:  (0)
[24673:24673:0301/141934.471290:INFO:CONSOLE(0)] "DEBUG: For more advanced debugging, install the Ember Inspector from https://chrome.google.com/webstore/detail/ember-inspector/bmdblncegkenkacieihfhpjfppoconhi", source:  (0)
[24673:24673:0301/141950.319014:INFO:CONSOLE(0)] "DEBUG: -------------------------------", source:  (0)
[24673:24673:0301/141950.319216:INFO:CONSOLE(0)] "DEBUG: Ember  : 2.6.2", source:  (0)
[24673:24673:0301/141950.319390:INFO:CONSOLE(0)] "DEBUG: jQuery : 2.2.4", source:  (0)
[24673:24673:0301/141950.319569:INFO:CONSOLE(0)] "DEBUG: -------------------------------", source:  (0)
[24673:24673:0301/141950.357957:INFO:CONSOLE(0)] "DEBUG: For more advanced debugging, install the Ember Inspector from https://chrome.google.com/webstore/detail/ember-inspector/bmdblncegkenkacieihfhpjfppoconhi", source:  (0)
[24673:24673:0301/142001.240029:INFO:CONSOLE(0)] "DEBUG: -------------------------------", source:  (0)
[24673:24673:0301/142001.240248:INFO:CONSOLE(0)] "DEBUG: Ember  : 2.6.2", source:  (0)
[24673:24673:0301/142001.240425:INFO:CONSOLE(0)] "DEBUG: jQuery : 2.2.4", source:  (0)
[24673:24673:0301/142001.240597:INFO:CONSOLE(0)] "DEBUG: -------------------------------", source:  (0)
[24673:24673:0301/142001.278275:INFO:CONSOLE(0)] "DEBUG: For more advanced debugging, install the Ember Inspector from https://chrome.google.com/webstore/detail/ember-inspector/bmdblncegkenkacieihfhpjfppoconhi", source:  (0)
[24673:24673:0301/142012.304247:INFO:CONSOLE(0)] "DEBUG: -------------------------------", source:  (0)
[24673:24673:0301/142012.304454:INFO:CONSOLE(0)] "DEBUG: Ember  : 2.6.2", source:  (0)
[24673:24673:0301/142012.304637:INFO:CONSOLE(0)] "DEBUG: jQuery : 2.2.4", source:  (0)
[24673:24673:0301/142012.304809:INFO:CONSOLE(0)] "DEBUG: -------------------------------", source:  (0)
[24673:24673:0301/142012.342888:INFO:CONSOLE(0)] "DEBUG: For more advanced debugging, install the Ember Inspector from https://chrome.google.com/webstore/detail/ember-inspector/bmdblncegkenkacieihfhpjfppoconhi", source:  (0)
[24673:24673:0301/142023.322294:INFO:CONSOLE(0)] "DEBUG: -------------------------------", source:  (0)
[24673:24673:0301/142023.322509:INFO:CONSOLE(0)] "DEBUG: Ember  : 2.6.2", source:  (0)
[24673:24673:0301/142023.322688:INFO:CONSOLE(0)] "DEBUG: jQuery : 2.2.4", source:  (0)
[24673:24673:0301/142023.322864:INFO:CONSOLE(0)] "DEBUG: -------------------------------", source:  (0)
[24673:24673:0301/142023.360573:INFO:CONSOLE(0)] "DEBUG: For more advanced debugging, install the Ember Inspector from https://chrome.google.com/webstore/detail/ember-inspector/bmdblncegkenkacieihfhpjfppoconhi", source:  (0)
[24673:24673:0301/142034.427917:INFO:CONSOLE(0)] "DEBUG: -------------------------------", source:  (0)
[24673:24673:0301/142034.428126:INFO:CONSOLE(0)] "DEBUG: Ember  : 2.6.2", source:  (0)
[24673:24673:0301/142034.428308:INFO:CONSOLE(0)] "DEBUG: jQuery : 2.2.4", source:  (0)
[24673:24673:0301/142034.428486:INFO:CONSOLE(0)] "DEBUG: -------------------------------", source:  (0)
[24673:24673:0301/142034.466196:INFO:CONSOLE(0)] "DEBUG: For more advanced debugging, install the Ember Inspector from https://chrome.google.com/webstore/detail/ember-inspector/bmdblncegkenkacieihfhpjfppoconhi", source:  (0)
[24673:24673:0301/142045.847948:INFO:CONSOLE(0)] "DEBUG: -------------------------------", source:  (0)
[24673:24673:0301/142045.848159:INFO:CONSOLE(0)] "DEBUG: Ember  : 2.6.2", source:  (0)
[24673:24673:0301/142045.848336:INFO:CONSOLE(0)] "DEBUG: jQuery : 2.2.4", source:  (0)
[24673:24673:0301/142045.848515:INFO:CONSOLE(0)] "DEBUG: -------------------------------", source:  (0)
[24673:24673:0301/142045.888356:INFO:CONSOLE(0)] "DEBUG: For more advanced debugging, install the Ember Inspector from https://chrome.google.com/webstore/detail/ember-inspector/bmdblncegkenkacieihfhpjfppoconhi", source:  (0)
[24673:24673:0301/142056.980937:INFO:CONSOLE(0)] "DEBUG: -------------------------------", source:  (0)
[24673:24673:0301/142056.981148:INFO:CONSOLE(0)] "DEBUG: Ember  : 2.6.2", source:  (0)
[24673:24673:0301/142056.981323:INFO:CONSOLE(0)] "DEBUG: jQuery : 2.2.4", source:  (0)
[24673:24673:0301/142056.981494:INFO:CONSOLE(0)] "DEBUG: -------------------------------", source:  (0)
[24673:24673:0301/142057.019816:INFO:CONSOLE(0)] "DEBUG: For more advanced debugging, install the Ember Inspector from https://chrome.google.com/webstore/detail/ember-inspector/bmdblncegkenkacieihfhpjfppoconhi", source:  (0)
[24673:24673:0301/142108.357361:INFO:CONSOLE(0)] "DEBUG: -------------------------------", source:  (0)
[24673:24673:0301/142108.357580:INFO:CONSOLE(0)] "DEBUG: Ember  : 2.6.2", source:  (0)
[24673:24673:0301/142108.357756:INFO:CONSOLE(0)] "DEBUG: jQuery : 2.2.4", source:  (0)
[24673:24673:0301/142108.357927:INFO:CONSOLE(0)] "DEBUG: -------------------------------", source:  (0)
[24673:24673:0301/142108.395665:INFO:CONSOLE(0)] "DEBUG: For more advanced debugging, install the Ember Inspector from https://chrome.google.com/webstore/detail/ember-inspector/bmdblncegkenkacieihfhpjfppoconhi", source:  (0)
[24673:24673:0301/142120.036154:INFO:CONSOLE(0)] "DEBUG: -------------------------------", source:  (0)
[24673:24673:0301/142120.036380:INFO:CONSOLE(0)] "DEBUG: Ember  : 2.6.2", source:  (0)
[24673:24673:0301/142120.036568:INFO:CONSOLE(0)] "DEBUG: jQuery : 2.2.4", source:  (0)
[24673:24673:0301/142120.036744:INFO:CONSOLE(0)] "DEBUG: -------------------------------", source:  (0)
[24673:24673:0301/142120.075581:INFO:CONSOLE(0)] "DEBUG: For more advanced debugging, install the Ember Inspector from https://chrome.google.com/webstore/detail/ember-inspector/bmdblncegkenkacieihfhpjfppoconhi", source:  (0)
