[8677:8677:0301/221736.701673:WARNING:chrome_main_delegate.cc(618)] This is Chrome version 112.0.5572.0 (not a warning)
[8677:8692:0301/221736.861515:ERROR:bus.cc(399)] Failed to connect to the bus: Could not parse server address: Unknown address type (examples of valid types are "tcp" and on UNIX "unix")
[8677:8692:0301/221736.861553:ERROR:bus.cc(399)] Failed to connect to the bus: Could not parse server address: Unknown address type (examples of valid types are "tcp" and on UNIX "unix")
[8677:8677:0301/221736.905622:WARNING:account_consistency_mode_manager.cc(70)] Desktop Identity Consistency cannot be enabled as no OAuth client ID and client secret have been configured.
[8677:8692:0301/221736.913929:ERROR:bus.cc(399)] Failed to connect to the bus: Could not parse server address: Unknown address type (examples of valid types are "tcp" and on UNIX "unix")
[8677:8692:0301/221736.913965:ERROR:bus.cc(399)] Failed to connect to the bus: Could not parse server address: Unknown address type (examples of valid types are "tcp" and on UNIX "unix")
[8677:8677:0301/221737.109621:WARNING:bluez_dbus_manager.cc(247)] Floss manager not present, cannot set Floss enable/disable.
[8677:8767:0301/221737.162593:ERROR:object_proxy.cc(623)] Failed to call method: org.freedesktop.DBus.Properties.Get: object_path= /org/freedesktop/UPower: org.freedesktop.DBus.Error.ServiceUnknown: The name org.freedesktop.UPower was not provided by any .service files
[8677:8767:0301/221737.162612:WARNING:property.cc(144)] DaemonVersion: GetAndBlock: failed.
[8677:8767:0301/221737.162871:ERROR:object_proxy.cc(623)] Failed to call method: org.freedesktop.UPower.GetDisplayDevice: object_path= /org/freedesktop/UPower: org.freedesktop.DBus.Error.ServiceUnknown: The name org.freedesktop.UPower was not provided by any .service files
[8677:8767:0301/221737.162984:ERROR:object_proxy.cc(623)] Failed to call method: org.freedesktop.UPower.EnumerateDevices: object_path= /org/freedesktop/UPower: org.freedesktop.DBus.Error.ServiceUnknown: The name org.freedesktop.UPower was not provided by any .service files
[8677:8692:0301/221737.359797:ERROR:bus.cc(399)] Failed to connect to the bus: Could not parse server address: Unknown address type (examples of valid types are "tcp" and on UNIX "unix")
[8677:8692:0301/221737.369574:ERROR:bus.cc(399)] Failed to connect to the bus: Could not parse server address: Unknown address type (examples of valid types are "tcp" and on UNIX "unix")
[8677:8677:0301/221740.643189:INFO:optimization_guide_logger.cc(42)] ../../components/optimization_guide/core/hints_manager.cc(523) Hint cache initialized
[8677:8677:0301/221740.902706:INFO:optimization_guide_logger.cc(42)] ../../components/optimization_guide/content/browser/page_content_annotations_service.cc(309) PageContentAnnotationJob Result: BatchAnnotationResult{"Speedometer 2.1 Interactive Runner", type: ContentVisibility, output: nullopt}
[8677:8677:0301/221740.902822:INFO:optimization_guide_logger.cc(42)] ../../components/optimization_guide/content/browser/page_content_annotations_service.cc(309) PageContentAnnotationJob Result: BatchAnnotationResult{"Speedometer 2.1 Interactive Runner", type: PageEntities, output: nullopt}
[8677:8677:0301/221748.541121:INFO:CONSOLE(0)] "DEBUG: -------------------------------", source:  (0)
[8677:8677:0301/221748.551502:INFO:CONSOLE(0)] "DEBUG: Ember  : 2.6.2", source:  (0)
[8677:8677:0301/221748.551679:INFO:CONSOLE(0)] "DEBUG: jQuery : 2.2.4", source:  (0)
[8677:8677:0301/221748.551845:INFO:CONSOLE(0)] "DEBUG: -------------------------------", source:  (0)
[8677:8677:0301/221748.628871:INFO:CONSOLE(0)] "DEBUG: For more advanced debugging, install the Ember Inspector from https://chrome.google.com/webstore/detail/ember-inspector/bmdblncegkenkacieihfhpjfppoconhi", source:  (0)
[8677:8677:0301/221804.454424:INFO:CONSOLE(0)] "DEBUG: -------------------------------", source:  (0)
[8677:8677:0301/221804.454623:INFO:CONSOLE(0)] "DEBUG: Ember  : 2.6.2", source:  (0)
[8677:8677:0301/221804.454794:INFO:CONSOLE(0)] "DEBUG: jQuery : 2.2.4", source:  (0)
[8677:8677:0301/221804.454963:INFO:CONSOLE(0)] "DEBUG: -------------------------------", source:  (0)
[8677:8677:0301/221804.491307:INFO:CONSOLE(0)] "DEBUG: For more advanced debugging, install the Ember Inspector from https://chrome.google.com/webstore/detail/ember-inspector/bmdblncegkenkacieihfhpjfppoconhi", source:  (0)
[8677:8677:0301/221815.548943:INFO:CONSOLE(0)] "DEBUG: -------------------------------", source:  (0)
[8677:8677:0301/221815.549159:INFO:CONSOLE(0)] "DEBUG: Ember  : 2.6.2", source:  (0)
[8677:8677:0301/221815.549331:INFO:CONSOLE(0)] "DEBUG: jQuery : 2.2.4", source:  (0)
[8677:8677:0301/221815.549501:INFO:CONSOLE(0)] "DEBUG: -------------------------------", source:  (0)
[8677:8677:0301/221815.586187:INFO:CONSOLE(0)] "DEBUG: For more advanced debugging, install the Ember Inspector from https://chrome.google.com/webstore/detail/ember-inspector/bmdblncegkenkacieihfhpjfppoconhi", source:  (0)
[8677:8677:0301/221826.717164:INFO:CONSOLE(0)] "DEBUG: -------------------------------", source:  (0)
[8677:8677:0301/221826.717366:INFO:CONSOLE(0)] "DEBUG: Ember  : 2.6.2", source:  (0)
[8677:8677:0301/221826.717539:INFO:CONSOLE(0)] "DEBUG: jQuery : 2.2.4", source:  (0)
[8677:8677:0301/221826.717709:INFO:CONSOLE(0)] "DEBUG: -------------------------------", source:  (0)
[8677:8677:0301/221826.754346:INFO:CONSOLE(0)] "DEBUG: For more advanced debugging, install the Ember Inspector from https://chrome.google.com/webstore/detail/ember-inspector/bmdblncegkenkacieihfhpjfppoconhi", source:  (0)
[8677:8677:0301/221838.222622:INFO:CONSOLE(0)] "DEBUG: -------------------------------", source:  (0)
[8677:8677:0301/221838.222828:INFO:CONSOLE(0)] "DEBUG: Ember  : 2.6.2", source:  (0)
[8677:8677:0301/221838.223001:INFO:CONSOLE(0)] "DEBUG: jQuery : 2.2.4", source:  (0)
[8677:8677:0301/221838.223171:INFO:CONSOLE(0)] "DEBUG: -------------------------------", source:  (0)
[8677:8677:0301/221838.260023:INFO:CONSOLE(0)] "DEBUG: For more advanced debugging, install the Ember Inspector from https://chrome.google.com/webstore/detail/ember-inspector/bmdblncegkenkacieihfhpjfppoconhi", source:  (0)
[8677:8677:0301/221849.791068:INFO:CONSOLE(0)] "DEBUG: -------------------------------", source:  (0)
[8677:8677:0301/221849.791273:INFO:CONSOLE(0)] "DEBUG: Ember  : 2.6.2", source:  (0)
[8677:8677:0301/221849.791445:INFO:CONSOLE(0)] "DEBUG: jQuery : 2.2.4", source:  (0)
[8677:8677:0301/221849.791614:INFO:CONSOLE(0)] "DEBUG: -------------------------------", source:  (0)
[8677:8677:0301/221849.828661:INFO:CONSOLE(0)] "DEBUG: For more advanced debugging, install the Ember Inspector from https://chrome.google.com/webstore/detail/ember-inspector/bmdblncegkenkacieihfhpjfppoconhi", source:  (0)
[8677:8677:0301/221901.619090:INFO:CONSOLE(0)] "DEBUG: -------------------------------", source:  (0)
[8677:8677:0301/221901.619296:INFO:CONSOLE(0)] "DEBUG: Ember  : 2.6.2", source:  (0)
[8677:8677:0301/221901.619468:INFO:CONSOLE(0)] "DEBUG: jQuery : 2.2.4", source:  (0)
[8677:8677:0301/221901.619639:INFO:CONSOLE(0)] "DEBUG: -------------------------------", source:  (0)
[8677:8677:0301/221901.656750:INFO:CONSOLE(0)] "DEBUG: For more advanced debugging, install the Ember Inspector from https://chrome.google.com/webstore/detail/ember-inspector/bmdblncegkenkacieihfhpjfppoconhi", source:  (0)
[8677:8677:0301/221913.697093:INFO:CONSOLE(0)] "DEBUG: -------------------------------", source:  (0)
[8677:8677:0301/221913.697296:INFO:CONSOLE(0)] "DEBUG: Ember  : 2.6.2", source:  (0)
[8677:8677:0301/221913.697469:INFO:CONSOLE(0)] "DEBUG: jQuery : 2.2.4", source:  (0)
[8677:8677:0301/221913.697639:INFO:CONSOLE(0)] "DEBUG: -------------------------------", source:  (0)
[8677:8677:0301/221913.735276:INFO:CONSOLE(0)] "DEBUG: For more advanced debugging, install the Ember Inspector from https://chrome.google.com/webstore/detail/ember-inspector/bmdblncegkenkacieihfhpjfppoconhi", source:  (0)
[8677:8677:0301/221925.903234:INFO:CONSOLE(0)] "DEBUG: -------------------------------", source:  (0)
[8677:8677:0301/221925.903439:INFO:CONSOLE(0)] "DEBUG: Ember  : 2.6.2", source:  (0)
[8677:8677:0301/221925.903620:INFO:CONSOLE(0)] "DEBUG: jQuery : 2.2.4", source:  (0)
[8677:8677:0301/221925.903796:INFO:CONSOLE(0)] "DEBUG: -------------------------------", source:  (0)
[8677:8677:0301/221925.942436:INFO:CONSOLE(0)] "DEBUG: For more advanced debugging, install the Ember Inspector from https://chrome.google.com/webstore/detail/ember-inspector/bmdblncegkenkacieihfhpjfppoconhi", source:  (0)
[8677:8677:0301/221938.281159:INFO:CONSOLE(0)] "DEBUG: -------------------------------", source:  (0)
[8677:8677:0301/221938.281366:INFO:CONSOLE(0)] "DEBUG: Ember  : 2.6.2", source:  (0)
[8677:8677:0301/221938.281540:INFO:CONSOLE(0)] "DEBUG: jQuery : 2.2.4", source:  (0)
[8677:8677:0301/221938.281710:INFO:CONSOLE(0)] "DEBUG: -------------------------------", source:  (0)
[8677:8677:0301/221938.319331:INFO:CONSOLE(0)] "DEBUG: For more advanced debugging, install the Ember Inspector from https://chrome.google.com/webstore/detail/ember-inspector/bmdblncegkenkacieihfhpjfppoconhi", source:  (0)
