[21228:21228:0301/133438.612655:WARNING:chrome_main_delegate.cc(618)] This is Chrome version 112.0.5572.0 (not a warning)
[21228:21242:0301/133438.788833:ERROR:bus.cc(399)] Failed to connect to the bus: Could not parse server address: Unknown address type (examples of valid types are "tcp" and on UNIX "unix")
[21228:21242:0301/133438.788867:ERROR:bus.cc(399)] Failed to connect to the bus: Could not parse server address: Unknown address type (examples of valid types are "tcp" and on UNIX "unix")
[21228:21228:0301/133438.825803:WARNING:account_consistency_mode_manager.cc(70)] Desktop Identity Consistency cannot be enabled as no OAuth client ID and client secret have been configured.
[21228:21242:0301/133438.832451:ERROR:bus.cc(399)] Failed to connect to the bus: Could not parse server address: Unknown address type (examples of valid types are "tcp" and on UNIX "unix")
[21228:21242:0301/133438.832483:ERROR:bus.cc(399)] Failed to connect to the bus: Could not parse server address: Unknown address type (examples of valid types are "tcp" and on UNIX "unix")
[21228:21228:0301/133439.049313:WARNING:bluez_dbus_manager.cc(247)] Floss manager not present, cannot set Floss enable/disable.
[21228:21317:0301/133439.100486:ERROR:object_proxy.cc(623)] Failed to call method: org.freedesktop.DBus.Properties.Get: object_path= /org/freedesktop/UPower: org.freedesktop.DBus.Error.ServiceUnknown: The name org.freedesktop.UPower was not provided by any .service files
[21228:21317:0301/133439.100507:WARNING:property.cc(144)] DaemonVersion: GetAndBlock: failed.
[21228:21317:0301/133439.100621:ERROR:object_proxy.cc(623)] Failed to call method: org.freedesktop.UPower.GetDisplayDevice: object_path= /org/freedesktop/UPower: org.freedesktop.DBus.Error.ServiceUnknown: The name org.freedesktop.UPower was not provided by any .service files
[21228:21317:0301/133439.100729:ERROR:object_proxy.cc(623)] Failed to call method: org.freedesktop.UPower.EnumerateDevices: object_path= /org/freedesktop/UPower: org.freedesktop.DBus.Error.ServiceUnknown: The name org.freedesktop.UPower was not provided by any .service files
[21228:21242:0301/133439.203911:ERROR:bus.cc(399)] Failed to connect to the bus: Could not parse server address: Unknown address type (examples of valid types are "tcp" and on UNIX "unix")
[21228:21242:0301/133439.212602:ERROR:bus.cc(399)] Failed to connect to the bus: Could not parse server address: Unknown address type (examples of valid types are "tcp" and on UNIX "unix")
[21228:21228:0301/133442.973621:INFO:optimization_guide_logger.cc(42)] ../../components/optimization_guide/content/browser/page_content_annotations_service.cc(309) PageContentAnnotationJob Result: BatchAnnotationResult{"Speedometer 2.1 Interactive Runner", type: ContentVisibility, output: nullopt}
[21228:21228:0301/133442.973695:INFO:optimization_guide_logger.cc(42)] ../../components/optimization_guide/content/browser/page_content_annotations_service.cc(309) PageContentAnnotationJob Result: BatchAnnotationResult{"Speedometer 2.1 Interactive Runner", type: PageEntities, output: nullopt}
[21228:21228:0301/133443.273098:INFO:optimization_guide_logger.cc(42)] ../../components/optimization_guide/core/hints_manager.cc(523) Hint cache initialized
[21228:21228:0301/133450.679477:INFO:CONSOLE(0)] "DEBUG: -------------------------------", source:  (0)
[21228:21228:0301/133450.679688:INFO:CONSOLE(0)] "DEBUG: Ember  : 2.6.2", source:  (0)
[21228:21228:0301/133450.679874:INFO:CONSOLE(0)] "DEBUG: jQuery : 2.2.4", source:  (0)
[21228:21228:0301/133450.680048:INFO:CONSOLE(0)] "DEBUG: -------------------------------", source:  (0)
[21228:21228:0301/133450.766726:INFO:CONSOLE(0)] "DEBUG: For more advanced debugging, install the Ember Inspector from https://chrome.google.com/webstore/detail/ember-inspector/bmdblncegkenkacieihfhpjfppoconhi", source:  (0)
[21228:21228:0301/133506.754386:INFO:CONSOLE(0)] "DEBUG: -------------------------------", source:  (0)
[21228:21228:0301/133506.754591:INFO:CONSOLE(0)] "DEBUG: Ember  : 2.6.2", source:  (0)
[21228:21228:0301/133506.754767:INFO:CONSOLE(0)] "DEBUG: jQuery : 2.2.4", source:  (0)
[21228:21228:0301/133506.754950:INFO:CONSOLE(0)] "DEBUG: -------------------------------", source:  (0)
[21228:21228:0301/133506.794286:INFO:CONSOLE(0)] "DEBUG: For more advanced debugging, install the Ember Inspector from https://chrome.google.com/webstore/detail/ember-inspector/bmdblncegkenkacieihfhpjfppoconhi", source:  (0)
[21228:21228:0301/133517.896239:INFO:CONSOLE(0)] "DEBUG: -------------------------------", source:  (0)
[21228:21228:0301/133517.896451:INFO:CONSOLE(0)] "DEBUG: Ember  : 2.6.2", source:  (0)
[21228:21228:0301/133517.896630:INFO:CONSOLE(0)] "DEBUG: jQuery : 2.2.4", source:  (0)
[21228:21228:0301/133517.896806:INFO:CONSOLE(0)] "DEBUG: -------------------------------", source:  (0)
[21228:21228:0301/133517.934612:INFO:CONSOLE(0)] "DEBUG: For more advanced debugging, install the Ember Inspector from https://chrome.google.com/webstore/detail/ember-inspector/bmdblncegkenkacieihfhpjfppoconhi", source:  (0)
[21228:21228:0301/133528.972466:INFO:CONSOLE(0)] "DEBUG: -------------------------------", source:  (0)
[21228:21228:0301/133528.972741:INFO:CONSOLE(0)] "DEBUG: Ember  : 2.6.2", source:  (0)
[21228:21228:0301/133528.972922:INFO:CONSOLE(0)] "DEBUG: jQuery : 2.2.4", source:  (0)
[21228:21228:0301/133528.973096:INFO:CONSOLE(0)] "DEBUG: -------------------------------", source:  (0)
[21228:21228:0301/133529.010960:INFO:CONSOLE(0)] "DEBUG: For more advanced debugging, install the Ember Inspector from https://chrome.google.com/webstore/detail/ember-inspector/bmdblncegkenkacieihfhpjfppoconhi", source:  (0)
[21228:21228:0301/133540.078658:INFO:CONSOLE(0)] "DEBUG: -------------------------------", source:  (0)
[21228:21228:0301/133540.078867:INFO:CONSOLE(0)] "DEBUG: Ember  : 2.6.2", source:  (0)
[21228:21228:0301/133540.079045:INFO:CONSOLE(0)] "DEBUG: jQuery : 2.2.4", source:  (0)
[21228:21228:0301/133540.079227:INFO:CONSOLE(0)] "DEBUG: -------------------------------", source:  (0)
[21228:21228:0301/133540.117295:INFO:CONSOLE(0)] "DEBUG: For more advanced debugging, install the Ember Inspector from https://chrome.google.com/webstore/detail/ember-inspector/bmdblncegkenkacieihfhpjfppoconhi", source:  (0)
[21228:21228:0301/133551.262625:INFO:CONSOLE(0)] "DEBUG: -------------------------------", source:  (0)
[21228:21228:0301/133551.262832:INFO:CONSOLE(0)] "DEBUG: Ember  : 2.6.2", source:  (0)
[21228:21228:0301/133551.263009:INFO:CONSOLE(0)] "DEBUG: jQuery : 2.2.4", source:  (0)
[21228:21228:0301/133551.263184:INFO:CONSOLE(0)] "DEBUG: -------------------------------", source:  (0)
[21228:21228:0301/133551.300709:INFO:CONSOLE(0)] "DEBUG: For more advanced debugging, install the Ember Inspector from https://chrome.google.com/webstore/detail/ember-inspector/bmdblncegkenkacieihfhpjfppoconhi", source:  (0)
[21228:21228:0301/133602.758983:INFO:CONSOLE(0)] "DEBUG: -------------------------------", source:  (0)
[21228:21228:0301/133602.759193:INFO:CONSOLE(0)] "DEBUG: Ember  : 2.6.2", source:  (0)
[21228:21228:0301/133602.759371:INFO:CONSOLE(0)] "DEBUG: jQuery : 2.2.4", source:  (0)
[21228:21228:0301/133602.759545:INFO:CONSOLE(0)] "DEBUG: -------------------------------", source:  (0)
[21228:21228:0301/133602.804705:INFO:CONSOLE(0)] "DEBUG: For more advanced debugging, install the Ember Inspector from https://chrome.google.com/webstore/detail/ember-inspector/bmdblncegkenkacieihfhpjfppoconhi", source:  (0)
[21228:21228:0301/133613.859839:INFO:CONSOLE(0)] "DEBUG: -------------------------------", source:  (0)
[21228:21228:0301/133613.860048:INFO:CONSOLE(0)] "DEBUG: Ember  : 2.6.2", source:  (0)
[21228:21228:0301/133613.860224:INFO:CONSOLE(0)] "DEBUG: jQuery : 2.2.4", source:  (0)
[21228:21228:0301/133613.860400:INFO:CONSOLE(0)] "DEBUG: -------------------------------", source:  (0)
[21228:21228:0301/133613.898496:INFO:CONSOLE(0)] "DEBUG: For more advanced debugging, install the Ember Inspector from https://chrome.google.com/webstore/detail/ember-inspector/bmdblncegkenkacieihfhpjfppoconhi", source:  (0)
[21228:21228:0301/133625.049295:INFO:CONSOLE(0)] "DEBUG: -------------------------------", source:  (0)
[21228:21228:0301/133625.049513:INFO:CONSOLE(0)] "DEBUG: Ember  : 2.6.2", source:  (0)
[21228:21228:0301/133625.049690:INFO:CONSOLE(0)] "DEBUG: jQuery : 2.2.4", source:  (0)
[21228:21228:0301/133625.049863:INFO:CONSOLE(0)] "DEBUG: -------------------------------", source:  (0)
[21228:21228:0301/133625.087274:INFO:CONSOLE(0)] "DEBUG: For more advanced debugging, install the Ember Inspector from https://chrome.google.com/webstore/detail/ember-inspector/bmdblncegkenkacieihfhpjfppoconhi", source:  (0)
[21228:21228:0301/133636.109450:INFO:CONSOLE(0)] "DEBUG: -------------------------------", source:  (0)
[21228:21228:0301/133636.109668:INFO:CONSOLE(0)] "DEBUG: Ember  : 2.6.2", source:  (0)
[21228:21228:0301/133636.109843:INFO:CONSOLE(0)] "DEBUG: jQuery : 2.2.4", source:  (0)
[21228:21228:0301/133636.110015:INFO:CONSOLE(0)] "DEBUG: -------------------------------", source:  (0)
[21228:21228:0301/133636.147878:INFO:CONSOLE(0)] "DEBUG: For more advanced debugging, install the Ember Inspector from https://chrome.google.com/webstore/detail/ember-inspector/bmdblncegkenkacieihfhpjfppoconhi", source:  (0)
