[514:514:0301/202517.923141:WARNING:chrome_main_delegate.cc(618)] This is Chrome version 112.0.5572.0 (not a warning)
[514:528:0301/202518.082284:ERROR:bus.cc(399)] Failed to connect to the bus: Could not parse server address: Unknown address type (examples of valid types are "tcp" and on UNIX "unix")
[514:528:0301/202518.082316:ERROR:bus.cc(399)] Failed to connect to the bus: Could not parse server address: Unknown address type (examples of valid types are "tcp" and on UNIX "unix")
[514:514:0301/202518.121550:WARNING:account_consistency_mode_manager.cc(70)] Desktop Identity Consistency cannot be enabled as no OAuth client ID and client secret have been configured.
[514:528:0301/202518.128648:ERROR:bus.cc(399)] Failed to connect to the bus: Could not parse server address: Unknown address type (examples of valid types are "tcp" and on UNIX "unix")
[514:528:0301/202518.128683:ERROR:bus.cc(399)] Failed to connect to the bus: Could not parse server address: Unknown address type (examples of valid types are "tcp" and on UNIX "unix")
[514:514:0301/202518.324775:WARNING:bluez_dbus_manager.cc(247)] Floss manager not present, cannot set Floss enable/disable.
[514:603:0301/202518.367099:ERROR:object_proxy.cc(623)] Failed to call method: org.freedesktop.DBus.Properties.Get: object_path= /org/freedesktop/UPower: org.freedesktop.DBus.Error.ServiceUnknown: The name org.freedesktop.UPower was not provided by any .service files
[514:603:0301/202518.374123:WARNING:property.cc(144)] DaemonVersion: GetAndBlock: failed.
[514:603:0301/202518.374289:ERROR:object_proxy.cc(623)] Failed to call method: org.freedesktop.UPower.GetDisplayDevice: object_path= /org/freedesktop/UPower: org.freedesktop.DBus.Error.ServiceUnknown: The name org.freedesktop.UPower was not provided by any .service files
[514:603:0301/202518.374401:ERROR:object_proxy.cc(623)] Failed to call method: org.freedesktop.UPower.EnumerateDevices: object_path= /org/freedesktop/UPower: org.freedesktop.DBus.Error.ServiceUnknown: The name org.freedesktop.UPower was not provided by any .service files
[514:528:0301/202518.575986:ERROR:bus.cc(399)] Failed to connect to the bus: Could not parse server address: Unknown address type (examples of valid types are "tcp" and on UNIX "unix")
[514:528:0301/202518.601568:ERROR:bus.cc(399)] Failed to connect to the bus: Could not parse server address: Unknown address type (examples of valid types are "tcp" and on UNIX "unix")
[514:514:0301/202522.254553:INFO:optimization_guide_logger.cc(42)] ../../components/optimization_guide/content/browser/page_content_annotations_service.cc(309) PageContentAnnotationJob Result: BatchAnnotationResult{"Speedometer 2.1 Interactive Runner", type: ContentVisibility, output: nullopt}
[514:514:0301/202522.254631:INFO:optimization_guide_logger.cc(42)] ../../components/optimization_guide/content/browser/page_content_annotations_service.cc(309) PageContentAnnotationJob Result: BatchAnnotationResult{"Speedometer 2.1 Interactive Runner", type: PageEntities, output: nullopt}
[514:514:0301/202522.277198:INFO:optimization_guide_logger.cc(42)] ../../components/optimization_guide/core/hints_manager.cc(523) Hint cache initialized
[514:514:0301/202529.991094:INFO:CONSOLE(0)] "DEBUG: -------------------------------", source:  (0)
[514:514:0301/202529.991300:INFO:CONSOLE(0)] "DEBUG: Ember  : 2.6.2", source:  (0)
[514:514:0301/202529.991480:INFO:CONSOLE(0)] "DEBUG: jQuery : 2.2.4", source:  (0)
[514:514:0301/202529.991650:INFO:CONSOLE(0)] "DEBUG: -------------------------------", source:  (0)
[514:514:0301/202530.079640:INFO:CONSOLE(0)] "DEBUG: For more advanced debugging, install the Ember Inspector from https://chrome.google.com/webstore/detail/ember-inspector/bmdblncegkenkacieihfhpjfppoconhi", source:  (0)
[514:514:0301/202545.859068:INFO:CONSOLE(0)] "DEBUG: -------------------------------", source:  (0)
[514:514:0301/202545.859268:INFO:CONSOLE(0)] "DEBUG: Ember  : 2.6.2", source:  (0)
[514:514:0301/202545.859440:INFO:CONSOLE(0)] "DEBUG: jQuery : 2.2.4", source:  (0)
[514:514:0301/202545.859611:INFO:CONSOLE(0)] "DEBUG: -------------------------------", source:  (0)
[514:514:0301/202545.896145:INFO:CONSOLE(0)] "DEBUG: For more advanced debugging, install the Ember Inspector from https://chrome.google.com/webstore/detail/ember-inspector/bmdblncegkenkacieihfhpjfppoconhi", source:  (0)
[514:514:0301/202556.948637:INFO:CONSOLE(0)] "DEBUG: -------------------------------", source:  (0)
[514:514:0301/202556.948845:INFO:CONSOLE(0)] "DEBUG: Ember  : 2.6.2", source:  (0)
[514:514:0301/202556.949019:INFO:CONSOLE(0)] "DEBUG: jQuery : 2.2.4", source:  (0)
[514:514:0301/202556.949190:INFO:CONSOLE(0)] "DEBUG: -------------------------------", source:  (0)
[514:514:0301/202556.985869:INFO:CONSOLE(0)] "DEBUG: For more advanced debugging, install the Ember Inspector from https://chrome.google.com/webstore/detail/ember-inspector/bmdblncegkenkacieihfhpjfppoconhi", source:  (0)
[514:514:0301/202608.201650:INFO:CONSOLE(0)] "DEBUG: -------------------------------", source:  (0)
[514:514:0301/202608.201857:INFO:CONSOLE(0)] "DEBUG: Ember  : 2.6.2", source:  (0)
[514:514:0301/202608.202029:INFO:CONSOLE(0)] "DEBUG: jQuery : 2.2.4", source:  (0)
[514:514:0301/202608.202199:INFO:CONSOLE(0)] "DEBUG: -------------------------------", source:  (0)
[514:514:0301/202608.239031:INFO:CONSOLE(0)] "DEBUG: For more advanced debugging, install the Ember Inspector from https://chrome.google.com/webstore/detail/ember-inspector/bmdblncegkenkacieihfhpjfppoconhi", source:  (0)
[514:514:0301/202619.789603:INFO:CONSOLE(0)] "DEBUG: -------------------------------", source:  (0)
[514:514:0301/202619.789815:INFO:CONSOLE(0)] "DEBUG: Ember  : 2.6.2", source:  (0)
[514:514:0301/202619.789989:INFO:CONSOLE(0)] "DEBUG: jQuery : 2.2.4", source:  (0)
[514:514:0301/202619.790158:INFO:CONSOLE(0)] "DEBUG: -------------------------------", source:  (0)
[514:514:0301/202619.826838:INFO:CONSOLE(0)] "DEBUG: For more advanced debugging, install the Ember Inspector from https://chrome.google.com/webstore/detail/ember-inspector/bmdblncegkenkacieihfhpjfppoconhi", source:  (0)
[514:514:0301/202631.480008:INFO:CONSOLE(0)] "DEBUG: -------------------------------", source:  (0)
[514:514:0301/202631.480264:INFO:CONSOLE(0)] "DEBUG: Ember  : 2.6.2", source:  (0)
[514:514:0301/202631.480440:INFO:CONSOLE(0)] "DEBUG: jQuery : 2.2.4", source:  (0)
[514:514:0301/202631.480608:INFO:CONSOLE(0)] "DEBUG: -------------------------------", source:  (0)
[514:514:0301/202631.517943:INFO:CONSOLE(0)] "DEBUG: For more advanced debugging, install the Ember Inspector from https://chrome.google.com/webstore/detail/ember-inspector/bmdblncegkenkacieihfhpjfppoconhi", source:  (0)
[514:514:0301/202643.202253:INFO:CONSOLE(0)] "DEBUG: -------------------------------", source:  (0)
[514:514:0301/202643.202464:INFO:CONSOLE(0)] "DEBUG: Ember  : 2.6.2", source:  (0)
[514:514:0301/202643.202638:INFO:CONSOLE(0)] "DEBUG: jQuery : 2.2.4", source:  (0)
[514:514:0301/202643.202809:INFO:CONSOLE(0)] "DEBUG: -------------------------------", source:  (0)
[514:514:0301/202643.239801:INFO:CONSOLE(0)] "DEBUG: For more advanced debugging, install the Ember Inspector from https://chrome.google.com/webstore/detail/ember-inspector/bmdblncegkenkacieihfhpjfppoconhi", source:  (0)
[514:514:0301/202655.189411:INFO:CONSOLE(0)] "DEBUG: -------------------------------", source:  (0)
[514:514:0301/202655.189626:INFO:CONSOLE(0)] "DEBUG: Ember  : 2.6.2", source:  (0)
[514:514:0301/202655.189801:INFO:CONSOLE(0)] "DEBUG: jQuery : 2.2.4", source:  (0)
[514:514:0301/202655.189972:INFO:CONSOLE(0)] "DEBUG: -------------------------------", source:  (0)
[514:514:0301/202655.227336:INFO:CONSOLE(0)] "DEBUG: For more advanced debugging, install the Ember Inspector from https://chrome.google.com/webstore/detail/ember-inspector/bmdblncegkenkacieihfhpjfppoconhi", source:  (0)
[514:514:0301/202707.413498:INFO:CONSOLE(0)] "DEBUG: -------------------------------", source:  (0)
[514:514:0301/202707.413709:INFO:CONSOLE(0)] "DEBUG: Ember  : 2.6.2", source:  (0)
[514:514:0301/202707.413883:INFO:CONSOLE(0)] "DEBUG: jQuery : 2.2.4", source:  (0)
[514:514:0301/202707.414053:INFO:CONSOLE(0)] "DEBUG: -------------------------------", source:  (0)
[514:514:0301/202707.451696:INFO:CONSOLE(0)] "DEBUG: For more advanced debugging, install the Ember Inspector from https://chrome.google.com/webstore/detail/ember-inspector/bmdblncegkenkacieihfhpjfppoconhi", source:  (0)
[514:514:0301/202719.779963:INFO:CONSOLE(0)] "DEBUG: -------------------------------", source:  (0)
[514:514:0301/202719.780172:INFO:CONSOLE(0)] "DEBUG: Ember  : 2.6.2", source:  (0)
[514:514:0301/202719.780346:INFO:CONSOLE(0)] "DEBUG: jQuery : 2.2.4", source:  (0)
[514:514:0301/202719.780516:INFO:CONSOLE(0)] "DEBUG: -------------------------------", source:  (0)
[514:514:0301/202719.817814:INFO:CONSOLE(0)] "DEBUG: For more advanced debugging, install the Ember Inspector from https://chrome.google.com/webstore/detail/ember-inspector/bmdblncegkenkacieihfhpjfppoconhi", source:  (0)
