[20404:20404:0301/132330.959922:WARNING:chrome_main_delegate.cc(618)] This is Chrome version 112.0.5572.0 (not a warning)
[20404:20418:0301/132331.136771:ERROR:bus.cc(399)] Failed to connect to the bus: Could not parse server address: Unknown address type (examples of valid types are "tcp" and on UNIX "unix")
[20404:20418:0301/132331.136803:ERROR:bus.cc(399)] Failed to connect to the bus: Could not parse server address: Unknown address type (examples of valid types are "tcp" and on UNIX "unix")
[20404:20404:0301/132331.177949:WARNING:account_consistency_mode_manager.cc(70)] Desktop Identity Consistency cannot be enabled as no OAuth client ID and client secret have been configured.
[20404:20418:0301/132331.185235:ERROR:bus.cc(399)] Failed to connect to the bus: Could not parse server address: Unknown address type (examples of valid types are "tcp" and on UNIX "unix")
[20404:20418:0301/132331.185270:ERROR:bus.cc(399)] Failed to connect to the bus: Could not parse server address: Unknown address type (examples of valid types are "tcp" and on UNIX "unix")
[20404:20404:0301/132331.402700:WARNING:bluez_dbus_manager.cc(247)] Floss manager not present, cannot set Floss enable/disable.
[20404:20494:0301/132331.433524:ERROR:object_proxy.cc(623)] Failed to call method: org.freedesktop.DBus.Properties.Get: object_path= /org/freedesktop/UPower: org.freedesktop.DBus.Error.ServiceUnknown: The name org.freedesktop.UPower was not provided by any .service files
[20404:20494:0301/132331.433545:WARNING:property.cc(144)] DaemonVersion: GetAndBlock: failed.
[20404:20494:0301/132331.434176:ERROR:object_proxy.cc(623)] Failed to call method: org.freedesktop.UPower.GetDisplayDevice: object_path= /org/freedesktop/UPower: org.freedesktop.DBus.Error.ServiceUnknown: The name org.freedesktop.UPower was not provided by any .service files
[20404:20494:0301/132331.434307:ERROR:object_proxy.cc(623)] Failed to call method: org.freedesktop.UPower.EnumerateDevices: object_path= /org/freedesktop/UPower: org.freedesktop.DBus.Error.ServiceUnknown: The name org.freedesktop.UPower was not provided by any .service files
[20404:20418:0301/132331.578208:ERROR:bus.cc(399)] Failed to connect to the bus: Could not parse server address: Unknown address type (examples of valid types are "tcp" and on UNIX "unix")
[20404:20418:0301/132331.578249:ERROR:bus.cc(399)] Failed to connect to the bus: Could not parse server address: Unknown address type (examples of valid types are "tcp" and on UNIX "unix")
[20404:20404:0301/132334.938008:INFO:optimization_guide_logger.cc(42)] ../../components/optimization_guide/core/hints_manager.cc(523) Hint cache initialized
[20404:20404:0301/132335.307758:INFO:optimization_guide_logger.cc(42)] ../../components/optimization_guide/content/browser/page_content_annotations_service.cc(309) PageContentAnnotationJob Result: BatchAnnotationResult{"Speedometer 2.1 Interactive Runner", type: ContentVisibility, output: nullopt}
[20404:20404:0301/132335.307830:INFO:optimization_guide_logger.cc(42)] ../../components/optimization_guide/content/browser/page_content_annotations_service.cc(309) PageContentAnnotationJob Result: BatchAnnotationResult{"Speedometer 2.1 Interactive Runner", type: PageEntities, output: nullopt}
[20404:20404:0301/132342.935876:INFO:CONSOLE(0)] "DEBUG: -------------------------------", source:  (0)
[20404:20404:0301/132342.936091:INFO:CONSOLE(0)] "DEBUG: Ember  : 2.6.2", source:  (0)
[20404:20404:0301/132342.936264:INFO:CONSOLE(0)] "DEBUG: jQuery : 2.2.4", source:  (0)
[20404:20404:0301/132342.936433:INFO:CONSOLE(0)] "DEBUG: -------------------------------", source:  (0)
[20404:20404:0301/132343.023656:INFO:CONSOLE(0)] "DEBUG: For more advanced debugging, install the Ember Inspector from https://chrome.google.com/webstore/detail/ember-inspector/bmdblncegkenkacieihfhpjfppoconhi", source:  (0)
[20404:20404:0301/132400.055454:INFO:CONSOLE(0)] "DEBUG: -------------------------------", source:  (0)
[20404:20404:0301/132400.055661:INFO:CONSOLE(0)] "DEBUG: Ember  : 2.6.2", source:  (0)
[20404:20404:0301/132400.055834:INFO:CONSOLE(0)] "DEBUG: jQuery : 2.2.4", source:  (0)
[20404:20404:0301/132400.056011:INFO:CONSOLE(0)] "DEBUG: -------------------------------", source:  (0)
[20404:20404:0301/132400.094821:INFO:CONSOLE(0)] "DEBUG: For more advanced debugging, install the Ember Inspector from https://chrome.google.com/webstore/detail/ember-inspector/bmdblncegkenkacieihfhpjfppoconhi", source:  (0)
[20404:20404:0301/132411.384275:INFO:CONSOLE(0)] "DEBUG: -------------------------------", source:  (0)
[20404:20404:0301/132411.384488:INFO:CONSOLE(0)] "DEBUG: Ember  : 2.6.2", source:  (0)
[20404:20404:0301/132411.384661:INFO:CONSOLE(0)] "DEBUG: jQuery : 2.2.4", source:  (0)
[20404:20404:0301/132411.384831:INFO:CONSOLE(0)] "DEBUG: -------------------------------", source:  (0)
[20404:20404:0301/132411.422833:INFO:CONSOLE(0)] "DEBUG: For more advanced debugging, install the Ember Inspector from https://chrome.google.com/webstore/detail/ember-inspector/bmdblncegkenkacieihfhpjfppoconhi", source:  (0)
[20404:20404:0301/132422.322546:INFO:CONSOLE(0)] "DEBUG: -------------------------------", source:  (0)
[20404:20404:0301/132422.322758:INFO:CONSOLE(0)] "DEBUG: Ember  : 2.6.2", source:  (0)
[20404:20404:0301/132422.322933:INFO:CONSOLE(0)] "DEBUG: jQuery : 2.2.4", source:  (0)
[20404:20404:0301/132422.323104:INFO:CONSOLE(0)] "DEBUG: -------------------------------", source:  (0)
[20404:20404:0301/132422.360219:INFO:CONSOLE(0)] "DEBUG: For more advanced debugging, install the Ember Inspector from https://chrome.google.com/webstore/detail/ember-inspector/bmdblncegkenkacieihfhpjfppoconhi", source:  (0)
[20404:20404:0301/132433.501553:INFO:CONSOLE(0)] "DEBUG: -------------------------------", source:  (0)
[20404:20404:0301/132433.501760:INFO:CONSOLE(0)] "DEBUG: Ember  : 2.6.2", source:  (0)
[20404:20404:0301/132433.501933:INFO:CONSOLE(0)] "DEBUG: jQuery : 2.2.4", source:  (0)
[20404:20404:0301/132433.502101:INFO:CONSOLE(0)] "DEBUG: -------------------------------", source:  (0)
[20404:20404:0301/132433.539675:INFO:CONSOLE(0)] "DEBUG: For more advanced debugging, install the Ember Inspector from https://chrome.google.com/webstore/detail/ember-inspector/bmdblncegkenkacieihfhpjfppoconhi", source:  (0)
[20404:20404:0301/132444.847148:INFO:CONSOLE(0)] "DEBUG: -------------------------------", source:  (0)
[20404:20404:0301/132444.847367:INFO:CONSOLE(0)] "DEBUG: Ember  : 2.6.2", source:  (0)
[20404:20404:0301/132444.847548:INFO:CONSOLE(0)] "DEBUG: jQuery : 2.2.4", source:  (0)
[20404:20404:0301/132444.847718:INFO:CONSOLE(0)] "DEBUG: -------------------------------", source:  (0)
[20404:20404:0301/132444.891588:INFO:CONSOLE(0)] "DEBUG: For more advanced debugging, install the Ember Inspector from https://chrome.google.com/webstore/detail/ember-inspector/bmdblncegkenkacieihfhpjfppoconhi", source:  (0)
[20404:20404:0301/132456.196254:INFO:CONSOLE(0)] "DEBUG: -------------------------------", source:  (0)
[20404:20404:0301/132456.196464:INFO:CONSOLE(0)] "DEBUG: Ember  : 2.6.2", source:  (0)
[20404:20404:0301/132456.196640:INFO:CONSOLE(0)] "DEBUG: jQuery : 2.2.4", source:  (0)
[20404:20404:0301/132456.196812:INFO:CONSOLE(0)] "DEBUG: -------------------------------", source:  (0)
[20404:20404:0301/132456.234295:INFO:CONSOLE(0)] "DEBUG: For more advanced debugging, install the Ember Inspector from https://chrome.google.com/webstore/detail/ember-inspector/bmdblncegkenkacieihfhpjfppoconhi", source:  (0)
[20404:20404:0301/132507.716032:INFO:CONSOLE(0)] "DEBUG: -------------------------------", source:  (0)
[20404:20404:0301/132507.716243:INFO:CONSOLE(0)] "DEBUG: Ember  : 2.6.2", source:  (0)
[20404:20404:0301/132507.716417:INFO:CONSOLE(0)] "DEBUG: jQuery : 2.2.4", source:  (0)
[20404:20404:0301/132507.716587:INFO:CONSOLE(0)] "DEBUG: -------------------------------", source:  (0)
[20404:20404:0301/132507.755229:INFO:CONSOLE(0)] "DEBUG: For more advanced debugging, install the Ember Inspector from https://chrome.google.com/webstore/detail/ember-inspector/bmdblncegkenkacieihfhpjfppoconhi", source:  (0)
[20404:20404:0301/132519.660168:INFO:CONSOLE(0)] "DEBUG: -------------------------------", source:  (0)
[20404:20404:0301/132519.660393:INFO:CONSOLE(0)] "DEBUG: Ember  : 2.6.2", source:  (0)
[20404:20404:0301/132519.660581:INFO:CONSOLE(0)] "DEBUG: jQuery : 2.2.4", source:  (0)
[20404:20404:0301/132519.660751:INFO:CONSOLE(0)] "DEBUG: -------------------------------", source:  (0)
[20404:20404:0301/132519.698935:INFO:CONSOLE(0)] "DEBUG: For more advanced debugging, install the Ember Inspector from https://chrome.google.com/webstore/detail/ember-inspector/bmdblncegkenkacieihfhpjfppoconhi", source:  (0)
[20404:20404:0301/132531.036887:INFO:CONSOLE(0)] "DEBUG: -------------------------------", source:  (0)
[20404:20404:0301/132531.037093:INFO:CONSOLE(0)] "DEBUG: Ember  : 2.6.2", source:  (0)
[20404:20404:0301/132531.037266:INFO:CONSOLE(0)] "DEBUG: jQuery : 2.2.4", source:  (0)
[20404:20404:0301/132531.037444:INFO:CONSOLE(0)] "DEBUG: -------------------------------", source:  (0)
[20404:20404:0301/132531.075585:INFO:CONSOLE(0)] "DEBUG: For more advanced debugging, install the Ember Inspector from https://chrome.google.com/webstore/detail/ember-inspector/bmdblncegkenkacieihfhpjfppoconhi", source:  (0)
