[21621:21621:0301/133902.848975:WARNING:chrome_main_delegate.cc(618)] This is Chrome version 112.0.5572.0 (not a warning)
[21621:21635:0301/133903.008240:ERROR:bus.cc(399)] Failed to connect to the bus: Could not parse server address: Unknown address type (examples of valid types are "tcp" and on UNIX "unix")
[21621:21635:0301/133903.008345:ERROR:bus.cc(399)] Failed to connect to the bus: Could not parse server address: Unknown address type (examples of valid types are "tcp" and on UNIX "unix")
[21621:21621:0301/133903.045755:WARNING:account_consistency_mode_manager.cc(70)] Desktop Identity Consistency cannot be enabled as no OAuth client ID and client secret have been configured.
[21621:21635:0301/133903.052773:ERROR:bus.cc(399)] Failed to connect to the bus: Could not parse server address: Unknown address type (examples of valid types are "tcp" and on UNIX "unix")
[21621:21635:0301/133903.052809:ERROR:bus.cc(399)] Failed to connect to the bus: Could not parse server address: Unknown address type (examples of valid types are "tcp" and on UNIX "unix")
[21621:21621:0301/133903.245177:WARNING:bluez_dbus_manager.cc(247)] Floss manager not present, cannot set Floss enable/disable.
[21621:21710:0301/133903.314834:ERROR:object_proxy.cc(623)] Failed to call method: org.freedesktop.DBus.Properties.Get: object_path= /org/freedesktop/UPower: org.freedesktop.DBus.Error.ServiceUnknown: The name org.freedesktop.UPower was not provided by any .service files
[21621:21710:0301/133903.314856:WARNING:property.cc(144)] DaemonVersion: GetAndBlock: failed.
[21621:21710:0301/133903.314956:ERROR:object_proxy.cc(623)] Failed to call method: org.freedesktop.UPower.GetDisplayDevice: object_path= /org/freedesktop/UPower: org.freedesktop.DBus.Error.ServiceUnknown: The name org.freedesktop.UPower was not provided by any .service files
[21621:21710:0301/133903.315050:ERROR:object_proxy.cc(623)] Failed to call method: org.freedesktop.UPower.EnumerateDevices: object_path= /org/freedesktop/UPower: org.freedesktop.DBus.Error.ServiceUnknown: The name org.freedesktop.UPower was not provided by any .service files
[21621:21635:0301/133903.493345:ERROR:bus.cc(399)] Failed to connect to the bus: Could not parse server address: Unknown address type (examples of valid types are "tcp" and on UNIX "unix")
[21621:21635:0301/133903.502278:ERROR:bus.cc(399)] Failed to connect to the bus: Could not parse server address: Unknown address type (examples of valid types are "tcp" and on UNIX "unix")
[21621:21621:0301/133909.793548:INFO:optimization_guide_logger.cc(42)] ../../components/optimization_guide/content/browser/page_content_annotations_service.cc(309) PageContentAnnotationJob Result: BatchAnnotationResult{"Speedometer 2.1 Interactive Runner", type: ContentVisibility, output: nullopt}
[21621:21621:0301/133909.801227:INFO:optimization_guide_logger.cc(42)] ../../components/optimization_guide/content/browser/page_content_annotations_service.cc(309) PageContentAnnotationJob Result: BatchAnnotationResult{"Speedometer 2.1 Interactive Runner", type: PageEntities, output: nullopt}
[21621:21621:0301/133910.228876:INFO:optimization_guide_logger.cc(42)] ../../components/optimization_guide/core/hints_manager.cc(523) Hint cache initialized
[21621:21621:0301/133914.678503:INFO:CONSOLE(0)] "DEBUG: -------------------------------", source:  (0)
[21621:21621:0301/133914.678708:INFO:CONSOLE(0)] "DEBUG: Ember  : 2.6.2", source:  (0)
[21621:21621:0301/133914.678883:INFO:CONSOLE(0)] "DEBUG: jQuery : 2.2.4", source:  (0)
[21621:21621:0301/133914.679056:INFO:CONSOLE(0)] "DEBUG: -------------------------------", source:  (0)
[21621:21621:0301/133914.765560:INFO:CONSOLE(0)] "DEBUG: For more advanced debugging, install the Ember Inspector from https://chrome.google.com/webstore/detail/ember-inspector/bmdblncegkenkacieihfhpjfppoconhi", source:  (0)
[21621:21621:0301/133930.526672:INFO:CONSOLE(0)] "DEBUG: -------------------------------", source:  (0)
[21621:21621:0301/133930.526875:INFO:CONSOLE(0)] "DEBUG: Ember  : 2.6.2", source:  (0)
[21621:21621:0301/133930.527050:INFO:CONSOLE(0)] "DEBUG: jQuery : 2.2.4", source:  (0)
[21621:21621:0301/133930.527228:INFO:CONSOLE(0)] "DEBUG: -------------------------------", source:  (0)
[21621:21621:0301/133930.566350:INFO:CONSOLE(0)] "DEBUG: For more advanced debugging, install the Ember Inspector from https://chrome.google.com/webstore/detail/ember-inspector/bmdblncegkenkacieihfhpjfppoconhi", source:  (0)
[21621:21621:0301/133941.576699:INFO:CONSOLE(0)] "DEBUG: -------------------------------", source:  (0)
[21621:21621:0301/133941.576903:INFO:CONSOLE(0)] "DEBUG: Ember  : 2.6.2", source:  (0)
[21621:21621:0301/133941.577075:INFO:CONSOLE(0)] "DEBUG: jQuery : 2.2.4", source:  (0)
[21621:21621:0301/133941.577245:INFO:CONSOLE(0)] "DEBUG: -------------------------------", source:  (0)
[21621:21621:0301/133941.614996:INFO:CONSOLE(0)] "DEBUG: For more advanced debugging, install the Ember Inspector from https://chrome.google.com/webstore/detail/ember-inspector/bmdblncegkenkacieihfhpjfppoconhi", source:  (0)
[21621:21621:0301/133952.470812:INFO:CONSOLE(0)] "DEBUG: -------------------------------", source:  (0)
[21621:21621:0301/133952.471021:INFO:CONSOLE(0)] "DEBUG: Ember  : 2.6.2", source:  (0)
[21621:21621:0301/133952.471195:INFO:CONSOLE(0)] "DEBUG: jQuery : 2.2.4", source:  (0)
[21621:21621:0301/133952.471365:INFO:CONSOLE(0)] "DEBUG: -------------------------------", source:  (0)
[21621:21621:0301/133952.509905:INFO:CONSOLE(0)] "DEBUG: For more advanced debugging, install the Ember Inspector from https://chrome.google.com/webstore/detail/ember-inspector/bmdblncegkenkacieihfhpjfppoconhi", source:  (0)
[21621:21621:0301/134003.482853:INFO:CONSOLE(0)] "DEBUG: -------------------------------", source:  (0)
[21621:21621:0301/134003.483056:INFO:CONSOLE(0)] "DEBUG: Ember  : 2.6.2", source:  (0)
[21621:21621:0301/134003.483241:INFO:CONSOLE(0)] "DEBUG: jQuery : 2.2.4", source:  (0)
[21621:21621:0301/134003.483412:INFO:CONSOLE(0)] "DEBUG: -------------------------------", source:  (0)
[21621:21621:0301/134003.521889:INFO:CONSOLE(0)] "DEBUG: For more advanced debugging, install the Ember Inspector from https://chrome.google.com/webstore/detail/ember-inspector/bmdblncegkenkacieihfhpjfppoconhi", source:  (0)
[21621:21621:0301/134014.690186:INFO:CONSOLE(0)] "DEBUG: -------------------------------", source:  (0)
[21621:21621:0301/134014.690397:INFO:CONSOLE(0)] "DEBUG: Ember  : 2.6.2", source:  (0)
[21621:21621:0301/134014.690572:INFO:CONSOLE(0)] "DEBUG: jQuery : 2.2.4", source:  (0)
[21621:21621:0301/134014.690743:INFO:CONSOLE(0)] "DEBUG: -------------------------------", source:  (0)
[21621:21621:0301/134014.728231:INFO:CONSOLE(0)] "DEBUG: For more advanced debugging, install the Ember Inspector from https://chrome.google.com/webstore/detail/ember-inspector/bmdblncegkenkacieihfhpjfppoconhi", source:  (0)
[21621:21621:0301/134025.831865:INFO:CONSOLE(0)] "DEBUG: -------------------------------", source:  (0)
[21621:21621:0301/134025.832074:INFO:CONSOLE(0)] "DEBUG: Ember  : 2.6.2", source:  (0)
[21621:21621:0301/134025.832249:INFO:CONSOLE(0)] "DEBUG: jQuery : 2.2.4", source:  (0)
[21621:21621:0301/134025.832420:INFO:CONSOLE(0)] "DEBUG: -------------------------------", source:  (0)
[21621:21621:0301/134025.869896:INFO:CONSOLE(0)] "DEBUG: For more advanced debugging, install the Ember Inspector from https://chrome.google.com/webstore/detail/ember-inspector/bmdblncegkenkacieihfhpjfppoconhi", source:  (0)
[21621:21621:0301/134036.990806:INFO:CONSOLE(0)] "DEBUG: -------------------------------", source:  (0)
[21621:21621:0301/134036.991017:INFO:CONSOLE(0)] "DEBUG: Ember  : 2.6.2", source:  (0)
[21621:21621:0301/134036.991193:INFO:CONSOLE(0)] "DEBUG: jQuery : 2.2.4", source:  (0)
[21621:21621:0301/134036.991367:INFO:CONSOLE(0)] "DEBUG: -------------------------------", source:  (0)
[21621:21621:0301/134037.029091:INFO:CONSOLE(0)] "DEBUG: For more advanced debugging, install the Ember Inspector from https://chrome.google.com/webstore/detail/ember-inspector/bmdblncegkenkacieihfhpjfppoconhi", source:  (0)
[21621:21621:0301/134048.519179:INFO:CONSOLE(0)] "DEBUG: -------------------------------", source:  (0)
[21621:21621:0301/134048.519400:INFO:CONSOLE(0)] "DEBUG: Ember  : 2.6.2", source:  (0)
[21621:21621:0301/134048.519574:INFO:CONSOLE(0)] "DEBUG: jQuery : 2.2.4", source:  (0)
[21621:21621:0301/134048.519745:INFO:CONSOLE(0)] "DEBUG: -------------------------------", source:  (0)
[21621:21621:0301/134048.561936:INFO:CONSOLE(0)] "DEBUG: For more advanced debugging, install the Ember Inspector from https://chrome.google.com/webstore/detail/ember-inspector/bmdblncegkenkacieihfhpjfppoconhi", source:  (0)
[21621:21621:0301/134100.141760:INFO:CONSOLE(0)] "DEBUG: -------------------------------", source:  (0)
[21621:21621:0301/134100.141965:INFO:CONSOLE(0)] "DEBUG: Ember  : 2.6.2", source:  (0)
[21621:21621:0301/134100.142146:INFO:CONSOLE(0)] "DEBUG: jQuery : 2.2.4", source:  (0)
[21621:21621:0301/134100.142321:INFO:CONSOLE(0)] "DEBUG: -------------------------------", source:  (0)
[21621:21621:0301/134100.180381:INFO:CONSOLE(0)] "DEBUG: For more advanced debugging, install the Ember Inspector from https://chrome.google.com/webstore/detail/ember-inspector/bmdblncegkenkacieihfhpjfppoconhi", source:  (0)
