[23619:23619:0301/140550.003839:WARNING:chrome_main_delegate.cc(618)] This is Chrome version 112.0.5572.0 (not a warning)
[23619:23634:0301/140550.162171:ERROR:bus.cc(399)] Failed to connect to the bus: Could not parse server address: Unknown address type (examples of valid types are "tcp" and on UNIX "unix")
[23619:23634:0301/140550.162201:ERROR:bus.cc(399)] Failed to connect to the bus: Could not parse server address: Unknown address type (examples of valid types are "tcp" and on UNIX "unix")
[23619:23619:0301/140550.197585:WARNING:account_consistency_mode_manager.cc(70)] Desktop Identity Consistency cannot be enabled as no OAuth client ID and client secret have been configured.
[23619:23634:0301/140550.205629:ERROR:bus.cc(399)] Failed to connect to the bus: Could not parse server address: Unknown address type (examples of valid types are "tcp" and on UNIX "unix")
[23619:23634:0301/140550.205661:ERROR:bus.cc(399)] Failed to connect to the bus: Could not parse server address: Unknown address type (examples of valid types are "tcp" and on UNIX "unix")
[23619:23619:0301/140550.392120:WARNING:bluez_dbus_manager.cc(247)] Floss manager not present, cannot set Floss enable/disable.
[23619:23707:0301/140550.430989:ERROR:object_proxy.cc(623)] Failed to call method: org.freedesktop.DBus.Properties.Get: object_path= /org/freedesktop/UPower: org.freedesktop.DBus.Error.ServiceUnknown: The name org.freedesktop.UPower was not provided by any .service files
[23619:23707:0301/140550.440292:WARNING:property.cc(144)] DaemonVersion: GetAndBlock: failed.
[23619:23707:0301/140550.440557:ERROR:object_proxy.cc(623)] Failed to call method: org.freedesktop.UPower.GetDisplayDevice: object_path= /org/freedesktop/UPower: org.freedesktop.DBus.Error.ServiceUnknown: The name org.freedesktop.UPower was not provided by any .service files
[23619:23707:0301/140550.440670:ERROR:object_proxy.cc(623)] Failed to call method: org.freedesktop.UPower.EnumerateDevices: object_path= /org/freedesktop/UPower: org.freedesktop.DBus.Error.ServiceUnknown: The name org.freedesktop.UPower was not provided by any .service files
[23619:23634:0301/140550.666630:ERROR:bus.cc(399)] Failed to connect to the bus: Could not parse server address: Unknown address type (examples of valid types are "tcp" and on UNIX "unix")
[23619:23634:0301/140550.675434:ERROR:bus.cc(399)] Failed to connect to the bus: Could not parse server address: Unknown address type (examples of valid types are "tcp" and on UNIX "unix")
[23619:23619:0301/140554.257656:INFO:optimization_guide_logger.cc(42)] ../../components/optimization_guide/core/hints_manager.cc(523) Hint cache initialized
[23619:23619:0301/140554.293306:INFO:optimization_guide_logger.cc(42)] ../../components/optimization_guide/content/browser/page_content_annotations_service.cc(309) PageContentAnnotationJob Result: BatchAnnotationResult{"Speedometer 2.1 Interactive Runner", type: ContentVisibility, output: nullopt}
[23619:23619:0301/140554.293375:INFO:optimization_guide_logger.cc(42)] ../../components/optimization_guide/content/browser/page_content_annotations_service.cc(309) PageContentAnnotationJob Result: BatchAnnotationResult{"Speedometer 2.1 Interactive Runner", type: PageEntities, output: nullopt}
[23619:23619:0301/140601.966796:INFO:CONSOLE(0)] "DEBUG: -------------------------------", source:  (0)
[23619:23619:0301/140601.967004:INFO:CONSOLE(0)] "DEBUG: Ember  : 2.6.2", source:  (0)
[23619:23619:0301/140601.967180:INFO:CONSOLE(0)] "DEBUG: jQuery : 2.2.4", source:  (0)
[23619:23619:0301/140601.967351:INFO:CONSOLE(0)] "DEBUG: -------------------------------", source:  (0)
[23619:23619:0301/140602.053940:INFO:CONSOLE(0)] "DEBUG: For more advanced debugging, install the Ember Inspector from https://chrome.google.com/webstore/detail/ember-inspector/bmdblncegkenkacieihfhpjfppoconhi", source:  (0)
[23619:23619:0301/140619.608122:INFO:CONSOLE(0)] "DEBUG: -------------------------------", source:  (0)
[23619:23619:0301/140619.608325:INFO:CONSOLE(0)] "DEBUG: Ember  : 2.6.2", source:  (0)
[23619:23619:0301/140619.608501:INFO:CONSOLE(0)] "DEBUG: jQuery : 2.2.4", source:  (0)
[23619:23619:0301/140619.608800:INFO:CONSOLE(0)] "DEBUG: -------------------------------", source:  (0)
[23619:23619:0301/140619.647169:INFO:CONSOLE(0)] "DEBUG: For more advanced debugging, install the Ember Inspector from https://chrome.google.com/webstore/detail/ember-inspector/bmdblncegkenkacieihfhpjfppoconhi", source:  (0)
[23619:23619:0301/140630.585528:INFO:CONSOLE(0)] "DEBUG: -------------------------------", source:  (0)
[23619:23619:0301/140630.585738:INFO:CONSOLE(0)] "DEBUG: Ember  : 2.6.2", source:  (0)
[23619:23619:0301/140630.585914:INFO:CONSOLE(0)] "DEBUG: jQuery : 2.2.4", source:  (0)
[23619:23619:0301/140630.586092:INFO:CONSOLE(0)] "DEBUG: -------------------------------", source:  (0)
[23619:23619:0301/140630.629360:INFO:CONSOLE(0)] "DEBUG: For more advanced debugging, install the Ember Inspector from https://chrome.google.com/webstore/detail/ember-inspector/bmdblncegkenkacieihfhpjfppoconhi", source:  (0)
[23619:23619:0301/140641.549061:INFO:CONSOLE(0)] "DEBUG: -------------------------------", source:  (0)
[23619:23619:0301/140641.549269:INFO:CONSOLE(0)] "DEBUG: Ember  : 2.6.2", source:  (0)
[23619:23619:0301/140641.549445:INFO:CONSOLE(0)] "DEBUG: jQuery : 2.2.4", source:  (0)
[23619:23619:0301/140641.549616:INFO:CONSOLE(0)] "DEBUG: -------------------------------", source:  (0)
[23619:23619:0301/140641.590148:INFO:CONSOLE(0)] "DEBUG: For more advanced debugging, install the Ember Inspector from https://chrome.google.com/webstore/detail/ember-inspector/bmdblncegkenkacieihfhpjfppoconhi", source:  (0)
[23619:23619:0301/140652.584229:INFO:CONSOLE(0)] "DEBUG: -------------------------------", source:  (0)
[23619:23619:0301/140652.584433:INFO:CONSOLE(0)] "DEBUG: Ember  : 2.6.2", source:  (0)
[23619:23619:0301/140652.584607:INFO:CONSOLE(0)] "DEBUG: jQuery : 2.2.4", source:  (0)
[23619:23619:0301/140652.584778:INFO:CONSOLE(0)] "DEBUG: -------------------------------", source:  (0)
[23619:23619:0301/140652.622190:INFO:CONSOLE(0)] "DEBUG: For more advanced debugging, install the Ember Inspector from https://chrome.google.com/webstore/detail/ember-inspector/bmdblncegkenkacieihfhpjfppoconhi", source:  (0)
[23619:23619:0301/140703.657306:INFO:CONSOLE(0)] "DEBUG: -------------------------------", source:  (0)
[23619:23619:0301/140703.657514:INFO:CONSOLE(0)] "DEBUG: Ember  : 2.6.2", source:  (0)
[23619:23619:0301/140703.657689:INFO:CONSOLE(0)] "DEBUG: jQuery : 2.2.4", source:  (0)
[23619:23619:0301/140703.657860:INFO:CONSOLE(0)] "DEBUG: -------------------------------", source:  (0)
[23619:23619:0301/140703.695112:INFO:CONSOLE(0)] "DEBUG: For more advanced debugging, install the Ember Inspector from https://chrome.google.com/webstore/detail/ember-inspector/bmdblncegkenkacieihfhpjfppoconhi", source:  (0)
[23619:23619:0301/140714.729565:INFO:CONSOLE(0)] "DEBUG: -------------------------------", source:  (0)
[23619:23619:0301/140714.729771:INFO:CONSOLE(0)] "DEBUG: Ember  : 2.6.2", source:  (0)
[23619:23619:0301/140714.729945:INFO:CONSOLE(0)] "DEBUG: jQuery : 2.2.4", source:  (0)
[23619:23619:0301/140714.730117:INFO:CONSOLE(0)] "DEBUG: -------------------------------", source:  (0)
[23619:23619:0301/140714.767612:INFO:CONSOLE(0)] "DEBUG: For more advanced debugging, install the Ember Inspector from https://chrome.google.com/webstore/detail/ember-inspector/bmdblncegkenkacieihfhpjfppoconhi", source:  (0)
[23619:23619:0301/140726.229517:INFO:CONSOLE(0)] "DEBUG: -------------------------------", source:  (0)
[23619:23619:0301/140726.229725:INFO:CONSOLE(0)] "DEBUG: Ember  : 2.6.2", source:  (0)
[23619:23619:0301/140726.229900:INFO:CONSOLE(0)] "DEBUG: jQuery : 2.2.4", source:  (0)
[23619:23619:0301/140726.230072:INFO:CONSOLE(0)] "DEBUG: -------------------------------", source:  (0)
[23619:23619:0301/140726.268179:INFO:CONSOLE(0)] "DEBUG: For more advanced debugging, install the Ember Inspector from https://chrome.google.com/webstore/detail/ember-inspector/bmdblncegkenkacieihfhpjfppoconhi", source:  (0)
[23619:23619:0301/140737.438207:INFO:CONSOLE(0)] "DEBUG: -------------------------------", source:  (0)
[23619:23619:0301/140737.438426:INFO:CONSOLE(0)] "DEBUG: Ember  : 2.6.2", source:  (0)
[23619:23619:0301/140737.438600:INFO:CONSOLE(0)] "DEBUG: jQuery : 2.2.4", source:  (0)
[23619:23619:0301/140737.438772:INFO:CONSOLE(0)] "DEBUG: -------------------------------", source:  (0)
[23619:23619:0301/140737.476000:INFO:CONSOLE(0)] "DEBUG: For more advanced debugging, install the Ember Inspector from https://chrome.google.com/webstore/detail/ember-inspector/bmdblncegkenkacieihfhpjfppoconhi", source:  (0)
[23619:23619:0301/140748.595470:INFO:CONSOLE(0)] "DEBUG: -------------------------------", source:  (0)
[23619:23619:0301/140748.595677:INFO:CONSOLE(0)] "DEBUG: Ember  : 2.6.2", source:  (0)
[23619:23619:0301/140748.595851:INFO:CONSOLE(0)] "DEBUG: jQuery : 2.2.4", source:  (0)
[23619:23619:0301/140748.596022:INFO:CONSOLE(0)] "DEBUG: -------------------------------", source:  (0)
[23619:23619:0301/140748.633334:INFO:CONSOLE(0)] "DEBUG: For more advanced debugging, install the Ember Inspector from https://chrome.google.com/webstore/detail/ember-inspector/bmdblncegkenkacieihfhpjfppoconhi", source:  (0)
