[20077:20077:0301/131906.606411:WARNING:chrome_main_delegate.cc(618)] This is Chrome version 112.0.5572.0 (not a warning)
[20077:20092:0301/131906.783817:ERROR:bus.cc(399)] Failed to connect to the bus: Could not parse server address: Unknown address type (examples of valid types are "tcp" and on UNIX "unix")
[20077:20092:0301/131906.783874:ERROR:bus.cc(399)] Failed to connect to the bus: Could not parse server address: Unknown address type (examples of valid types are "tcp" and on UNIX "unix")
[20077:20077:0301/131906.826209:WARNING:account_consistency_mode_manager.cc(70)] Desktop Identity Consistency cannot be enabled as no OAuth client ID and client secret have been configured.
[20077:20092:0301/131906.832597:ERROR:bus.cc(399)] Failed to connect to the bus: Could not parse server address: Unknown address type (examples of valid types are "tcp" and on UNIX "unix")
[20077:20092:0301/131906.832627:ERROR:bus.cc(399)] Failed to connect to the bus: Could not parse server address: Unknown address type (examples of valid types are "tcp" and on UNIX "unix")
[20077:20077:0301/131907.023825:WARNING:bluez_dbus_manager.cc(247)] Floss manager not present, cannot set Floss enable/disable.
[20077:20168:0301/131907.058930:ERROR:object_proxy.cc(623)] Failed to call method: org.freedesktop.DBus.Properties.Get: object_path= /org/freedesktop/UPower: org.freedesktop.DBus.Error.ServiceUnknown: The name org.freedesktop.UPower was not provided by any .service files
[20077:20168:0301/131907.058952:WARNING:property.cc(144)] DaemonVersion: GetAndBlock: failed.
[20077:20168:0301/131907.059061:ERROR:object_proxy.cc(623)] Failed to call method: org.freedesktop.UPower.GetDisplayDevice: object_path= /org/freedesktop/UPower: org.freedesktop.DBus.Error.ServiceUnknown: The name org.freedesktop.UPower was not provided by any .service files
[20077:20168:0301/131907.059168:ERROR:object_proxy.cc(623)] Failed to call method: org.freedesktop.UPower.EnumerateDevices: object_path= /org/freedesktop/UPower: org.freedesktop.DBus.Error.ServiceUnknown: The name org.freedesktop.UPower was not provided by any .service files
[20077:20092:0301/131907.228084:ERROR:bus.cc(399)] Failed to connect to the bus: Could not parse server address: Unknown address type (examples of valid types are "tcp" and on UNIX "unix")
[20077:20092:0301/131907.254517:ERROR:bus.cc(399)] Failed to connect to the bus: Could not parse server address: Unknown address type (examples of valid types are "tcp" and on UNIX "unix")
[20077:20077:0301/131910.831325:INFO:optimization_guide_logger.cc(42)] ../../components/optimization_guide/core/hints_manager.cc(523) Hint cache initialized
[20077:20077:0301/131911.045002:INFO:optimization_guide_logger.cc(42)] ../../components/optimization_guide/content/browser/page_content_annotations_service.cc(309) PageContentAnnotationJob Result: BatchAnnotationResult{"Speedometer 2.1 Interactive Runner", type: ContentVisibility, output: nullopt}
[20077:20077:0301/131911.045125:INFO:optimization_guide_logger.cc(42)] ../../components/optimization_guide/content/browser/page_content_annotations_service.cc(309) PageContentAnnotationJob Result: BatchAnnotationResult{"Speedometer 2.1 Interactive Runner", type: PageEntities, output: nullopt}
[20077:20077:0301/131918.657147:INFO:CONSOLE(0)] "DEBUG: -------------------------------", source:  (0)
[20077:20077:0301/131918.657358:INFO:CONSOLE(0)] "DEBUG: Ember  : 2.6.2", source:  (0)
[20077:20077:0301/131918.657531:INFO:CONSOLE(0)] "DEBUG: jQuery : 2.2.4", source:  (0)
[20077:20077:0301/131918.657708:INFO:CONSOLE(0)] "DEBUG: -------------------------------", source:  (0)
[20077:20077:0301/131918.745515:INFO:CONSOLE(0)] "DEBUG: For more advanced debugging, install the Ember Inspector from https://chrome.google.com/webstore/detail/ember-inspector/bmdblncegkenkacieihfhpjfppoconhi", source:  (0)
[20077:20077:0301/131934.570452:INFO:CONSOLE(0)] "DEBUG: -------------------------------", source:  (0)
[20077:20077:0301/131934.570653:INFO:CONSOLE(0)] "DEBUG: Ember  : 2.6.2", source:  (0)
[20077:20077:0301/131934.570834:INFO:CONSOLE(0)] "DEBUG: jQuery : 2.2.4", source:  (0)
[20077:20077:0301/131934.571156:INFO:CONSOLE(0)] "DEBUG: -------------------------------", source:  (0)
[20077:20077:0301/131934.610440:INFO:CONSOLE(0)] "DEBUG: For more advanced debugging, install the Ember Inspector from https://chrome.google.com/webstore/detail/ember-inspector/bmdblncegkenkacieihfhpjfppoconhi", source:  (0)
[20077:20077:0301/131945.802817:INFO:CONSOLE(0)] "DEBUG: -------------------------------", source:  (0)
[20077:20077:0301/131945.803026:INFO:CONSOLE(0)] "DEBUG: Ember  : 2.6.2", source:  (0)
[20077:20077:0301/131945.803199:INFO:CONSOLE(0)] "DEBUG: jQuery : 2.2.4", source:  (0)
[20077:20077:0301/131945.803377:INFO:CONSOLE(0)] "DEBUG: -------------------------------", source:  (0)
[20077:20077:0301/131945.841701:INFO:CONSOLE(0)] "DEBUG: For more advanced debugging, install the Ember Inspector from https://chrome.google.com/webstore/detail/ember-inspector/bmdblncegkenkacieihfhpjfppoconhi", source:  (0)
[20077:20077:0301/131956.897439:INFO:CONSOLE(0)] "DEBUG: -------------------------------", source:  (0)
[20077:20077:0301/131956.897648:INFO:CONSOLE(0)] "DEBUG: Ember  : 2.6.2", source:  (0)
[20077:20077:0301/131956.897822:INFO:CONSOLE(0)] "DEBUG: jQuery : 2.2.4", source:  (0)
[20077:20077:0301/131956.897993:INFO:CONSOLE(0)] "DEBUG: -------------------------------", source:  (0)
[20077:20077:0301/131956.934991:INFO:CONSOLE(0)] "DEBUG: For more advanced debugging, install the Ember Inspector from https://chrome.google.com/webstore/detail/ember-inspector/bmdblncegkenkacieihfhpjfppoconhi", source:  (0)
[20077:20077:0301/132008.060002:INFO:CONSOLE(0)] "DEBUG: -------------------------------", source:  (0)
[20077:20077:0301/132008.060211:INFO:CONSOLE(0)] "DEBUG: Ember  : 2.6.2", source:  (0)
[20077:20077:0301/132008.060386:INFO:CONSOLE(0)] "DEBUG: jQuery : 2.2.4", source:  (0)
[20077:20077:0301/132008.060557:INFO:CONSOLE(0)] "DEBUG: -------------------------------", source:  (0)
[20077:20077:0301/132008.100848:INFO:CONSOLE(0)] "DEBUG: For more advanced debugging, install the Ember Inspector from https://chrome.google.com/webstore/detail/ember-inspector/bmdblncegkenkacieihfhpjfppoconhi", source:  (0)
[20077:20077:0301/132019.111141:INFO:CONSOLE(0)] "DEBUG: -------------------------------", source:  (0)
[20077:20077:0301/132019.111354:INFO:CONSOLE(0)] "DEBUG: Ember  : 2.6.2", source:  (0)
[20077:20077:0301/132019.111526:INFO:CONSOLE(0)] "DEBUG: jQuery : 2.2.4", source:  (0)
[20077:20077:0301/132019.111703:INFO:CONSOLE(0)] "DEBUG: -------------------------------", source:  (0)
[20077:20077:0301/132019.149162:INFO:CONSOLE(0)] "DEBUG: For more advanced debugging, install the Ember Inspector from https://chrome.google.com/webstore/detail/ember-inspector/bmdblncegkenkacieihfhpjfppoconhi", source:  (0)
[20077:20077:0301/132030.684734:INFO:CONSOLE(0)] "DEBUG: -------------------------------", source:  (0)
[20077:20077:0301/132030.684946:INFO:CONSOLE(0)] "DEBUG: Ember  : 2.6.2", source:  (0)
[20077:20077:0301/132030.685377:INFO:CONSOLE(0)] "DEBUG: jQuery : 2.2.4", source:  (0)
[20077:20077:0301/132030.685553:INFO:CONSOLE(0)] "DEBUG: -------------------------------", source:  (0)
[20077:20077:0301/132030.725667:INFO:CONSOLE(0)] "DEBUG: For more advanced debugging, install the Ember Inspector from https://chrome.google.com/webstore/detail/ember-inspector/bmdblncegkenkacieihfhpjfppoconhi", source:  (0)
[20077:20077:0301/132041.997715:INFO:CONSOLE(0)] "DEBUG: -------------------------------", source:  (0)
[20077:20077:0301/132041.997924:INFO:CONSOLE(0)] "DEBUG: Ember  : 2.6.2", source:  (0)
[20077:20077:0301/132041.998097:INFO:CONSOLE(0)] "DEBUG: jQuery : 2.2.4", source:  (0)
[20077:20077:0301/132041.998280:INFO:CONSOLE(0)] "DEBUG: -------------------------------", source:  (0)
[20077:20077:0301/132042.036545:INFO:CONSOLE(0)] "DEBUG: For more advanced debugging, install the Ember Inspector from https://chrome.google.com/webstore/detail/ember-inspector/bmdblncegkenkacieihfhpjfppoconhi", source:  (0)
[20077:20077:0301/132053.278128:INFO:CONSOLE(0)] "DEBUG: -------------------------------", source:  (0)
[20077:20077:0301/132053.278349:INFO:CONSOLE(0)] "DEBUG: Ember  : 2.6.2", source:  (0)
[20077:20077:0301/132053.278524:INFO:CONSOLE(0)] "DEBUG: jQuery : 2.2.4", source:  (0)
[20077:20077:0301/132053.278694:INFO:CONSOLE(0)] "DEBUG: -------------------------------", source:  (0)
[20077:20077:0301/132053.316652:INFO:CONSOLE(0)] "DEBUG: For more advanced debugging, install the Ember Inspector from https://chrome.google.com/webstore/detail/ember-inspector/bmdblncegkenkacieihfhpjfppoconhi", source:  (0)
[20077:20077:0301/132104.509873:INFO:CONSOLE(0)] "DEBUG: -------------------------------", source:  (0)
[20077:20077:0301/132104.510088:INFO:CONSOLE(0)] "DEBUG: Ember  : 2.6.2", source:  (0)
[20077:20077:0301/132104.510267:INFO:CONSOLE(0)] "DEBUG: jQuery : 2.2.4", source:  (0)
[20077:20077:0301/132104.510439:INFO:CONSOLE(0)] "DEBUG: -------------------------------", source:  (0)
[20077:20077:0301/132104.548422:INFO:CONSOLE(0)] "DEBUG: For more advanced debugging, install the Ember Inspector from https://chrome.google.com/webstore/detail/ember-inspector/bmdblncegkenkacieihfhpjfppoconhi", source:  (0)
