[5072:5072:0301/212831.191862:WARNING:chrome_main_delegate.cc(618)] This is Chrome version 112.0.5572.0 (not a warning)
[5072:5087:0301/212831.366709:ERROR:bus.cc(399)] Failed to connect to the bus: Could not parse server address: Unknown address type (examples of valid types are "tcp" and on UNIX "unix")
[5072:5087:0301/212831.366739:ERROR:bus.cc(399)] Failed to connect to the bus: Could not parse server address: Unknown address type (examples of valid types are "tcp" and on UNIX "unix")
[5072:5072:0301/212831.405857:WARNING:account_consistency_mode_manager.cc(70)] Desktop Identity Consistency cannot be enabled as no OAuth client ID and client secret have been configured.
[5072:5087:0301/212831.413932:ERROR:bus.cc(399)] Failed to connect to the bus: Could not parse server address: Unknown address type (examples of valid types are "tcp" and on UNIX "unix")
[5072:5087:0301/212831.413965:ERROR:bus.cc(399)] Failed to connect to the bus: Could not parse server address: Unknown address type (examples of valid types are "tcp" and on UNIX "unix")
[5072:5072:0301/212831.582477:WARNING:bluez_dbus_manager.cc(247)] Floss manager not present, cannot set Floss enable/disable.
[5072:5163:0301/212831.644121:ERROR:object_proxy.cc(623)] Failed to call method: org.freedesktop.DBus.Properties.Get: object_path= /org/freedesktop/UPower: org.freedesktop.DBus.Error.ServiceUnknown: The name org.freedesktop.UPower was not provided by any .service files
[5072:5163:0301/212831.644143:WARNING:property.cc(144)] DaemonVersion: GetAndBlock: failed.
[5072:5163:0301/212831.644251:ERROR:object_proxy.cc(623)] Failed to call method: org.freedesktop.UPower.GetDisplayDevice: object_path= /org/freedesktop/UPower: org.freedesktop.DBus.Error.ServiceUnknown: The name org.freedesktop.UPower was not provided by any .service files
[5072:5163:0301/212831.644363:ERROR:object_proxy.cc(623)] Failed to call method: org.freedesktop.UPower.EnumerateDevices: object_path= /org/freedesktop/UPower: org.freedesktop.DBus.Error.ServiceUnknown: The name org.freedesktop.UPower was not provided by any .service files
[5072:5087:0301/212831.913753:ERROR:bus.cc(399)] Failed to connect to the bus: Could not parse server address: Unknown address type (examples of valid types are "tcp" and on UNIX "unix")
[5072:5087:0301/212831.913792:ERROR:bus.cc(399)] Failed to connect to the bus: Could not parse server address: Unknown address type (examples of valid types are "tcp" and on UNIX "unix")
[5072:5072:0301/212835.156166:INFO:optimization_guide_logger.cc(42)] ../../components/optimization_guide/core/hints_manager.cc(523) Hint cache initialized
[5072:5072:0301/212835.536325:INFO:optimization_guide_logger.cc(42)] ../../components/optimization_guide/content/browser/page_content_annotations_service.cc(309) PageContentAnnotationJob Result: BatchAnnotationResult{"Speedometer 2.1 Interactive Runner", type: ContentVisibility, output: nullopt}
[5072:5072:0301/212835.549120:INFO:optimization_guide_logger.cc(42)] ../../components/optimization_guide/content/browser/page_content_annotations_service.cc(309) PageContentAnnotationJob Result: BatchAnnotationResult{"Speedometer 2.1 Interactive Runner", type: PageEntities, output: nullopt}
[5072:5072:0301/212843.185483:INFO:CONSOLE(0)] "DEBUG: -------------------------------", source:  (0)
[5072:5072:0301/212843.185689:INFO:CONSOLE(0)] "DEBUG: Ember  : 2.6.2", source:  (0)
[5072:5072:0301/212843.185864:INFO:CONSOLE(0)] "DEBUG: jQuery : 2.2.4", source:  (0)
[5072:5072:0301/212843.186037:INFO:CONSOLE(0)] "DEBUG: -------------------------------", source:  (0)
[5072:5072:0301/212843.272766:INFO:CONSOLE(0)] "DEBUG: For more advanced debugging, install the Ember Inspector from https://chrome.google.com/webstore/detail/ember-inspector/bmdblncegkenkacieihfhpjfppoconhi", source:  (0)
[5072:5072:0301/212858.929324:INFO:CONSOLE(0)] "DEBUG: -------------------------------", source:  (0)
[5072:5072:0301/212858.929523:INFO:CONSOLE(0)] "DEBUG: Ember  : 2.6.2", source:  (0)
[5072:5072:0301/212858.929696:INFO:CONSOLE(0)] "DEBUG: jQuery : 2.2.4", source:  (0)
[5072:5072:0301/212858.930017:INFO:CONSOLE(0)] "DEBUG: -------------------------------", source:  (0)
[5072:5072:0301/212858.966275:INFO:CONSOLE(0)] "DEBUG: For more advanced debugging, install the Ember Inspector from https://chrome.google.com/webstore/detail/ember-inspector/bmdblncegkenkacieihfhpjfppoconhi", source:  (0)
[5072:5072:0301/212909.993295:INFO:CONSOLE(0)] "DEBUG: -------------------------------", source:  (0)
[5072:5072:0301/212909.993499:INFO:CONSOLE(0)] "DEBUG: Ember  : 2.6.2", source:  (0)
[5072:5072:0301/212909.993674:INFO:CONSOLE(0)] "DEBUG: jQuery : 2.2.4", source:  (0)
[5072:5072:0301/212909.993846:INFO:CONSOLE(0)] "DEBUG: -------------------------------", source:  (0)
[5072:5072:0301/212910.030195:INFO:CONSOLE(0)] "DEBUG: For more advanced debugging, install the Ember Inspector from https://chrome.google.com/webstore/detail/ember-inspector/bmdblncegkenkacieihfhpjfppoconhi", source:  (0)
[5072:5072:0301/212920.993942:INFO:CONSOLE(0)] "DEBUG: -------------------------------", source:  (0)
[5072:5072:0301/212920.994148:INFO:CONSOLE(0)] "DEBUG: Ember  : 2.6.2", source:  (0)
[5072:5072:0301/212920.994327:INFO:CONSOLE(0)] "DEBUG: jQuery : 2.2.4", source:  (0)
[5072:5072:0301/212920.994501:INFO:CONSOLE(0)] "DEBUG: -------------------------------", source:  (0)
[5072:5072:0301/212921.031024:INFO:CONSOLE(0)] "DEBUG: For more advanced debugging, install the Ember Inspector from https://chrome.google.com/webstore/detail/ember-inspector/bmdblncegkenkacieihfhpjfppoconhi", source:  (0)
[5072:5072:0301/212932.239197:INFO:CONSOLE(0)] "DEBUG: -------------------------------", source:  (0)
[5072:5072:0301/212932.239403:INFO:CONSOLE(0)] "DEBUG: Ember  : 2.6.2", source:  (0)
[5072:5072:0301/212932.239579:INFO:CONSOLE(0)] "DEBUG: jQuery : 2.2.4", source:  (0)
[5072:5072:0301/212932.239760:INFO:CONSOLE(0)] "DEBUG: -------------------------------", source:  (0)
[5072:5072:0301/212932.276205:INFO:CONSOLE(0)] "DEBUG: For more advanced debugging, install the Ember Inspector from https://chrome.google.com/webstore/detail/ember-inspector/bmdblncegkenkacieihfhpjfppoconhi", source:  (0)
[5072:5072:0301/212943.647281:INFO:CONSOLE(0)] "DEBUG: -------------------------------", source:  (0)
[5072:5072:0301/212943.647496:INFO:CONSOLE(0)] "DEBUG: Ember  : 2.6.2", source:  (0)
[5072:5072:0301/212943.647672:INFO:CONSOLE(0)] "DEBUG: jQuery : 2.2.4", source:  (0)
[5072:5072:0301/212943.647846:INFO:CONSOLE(0)] "DEBUG: -------------------------------", source:  (0)
[5072:5072:0301/212943.684738:INFO:CONSOLE(0)] "DEBUG: For more advanced debugging, install the Ember Inspector from https://chrome.google.com/webstore/detail/ember-inspector/bmdblncegkenkacieihfhpjfppoconhi", source:  (0)
[5072:5072:0301/212955.132800:INFO:CONSOLE(0)] "DEBUG: -------------------------------", source:  (0)
[5072:5072:0301/212955.133006:INFO:CONSOLE(0)] "DEBUG: Ember  : 2.6.2", source:  (0)
[5072:5072:0301/212955.133181:INFO:CONSOLE(0)] "DEBUG: jQuery : 2.2.4", source:  (0)
[5072:5072:0301/212955.133360:INFO:CONSOLE(0)] "DEBUG: -------------------------------", source:  (0)
[5072:5072:0301/212955.170810:INFO:CONSOLE(0)] "DEBUG: For more advanced debugging, install the Ember Inspector from https://chrome.google.com/webstore/detail/ember-inspector/bmdblncegkenkacieihfhpjfppoconhi", source:  (0)
[5072:5072:0301/213006.777032:INFO:CONSOLE(0)] "DEBUG: -------------------------------", source:  (0)
[5072:5072:0301/213006.777242:INFO:CONSOLE(0)] "DEBUG: Ember  : 2.6.2", source:  (0)
[5072:5072:0301/213006.777417:INFO:CONSOLE(0)] "DEBUG: jQuery : 2.2.4", source:  (0)
[5072:5072:0301/213006.777589:INFO:CONSOLE(0)] "DEBUG: -------------------------------", source:  (0)
[5072:5072:0301/213006.814355:INFO:CONSOLE(0)] "DEBUG: For more advanced debugging, install the Ember Inspector from https://chrome.google.com/webstore/detail/ember-inspector/bmdblncegkenkacieihfhpjfppoconhi", source:  (0)
[5072:5072:0301/213018.630517:INFO:CONSOLE(0)] "DEBUG: -------------------------------", source:  (0)
[5072:5072:0301/213018.630726:INFO:CONSOLE(0)] "DEBUG: Ember  : 2.6.2", source:  (0)
[5072:5072:0301/213018.630907:INFO:CONSOLE(0)] "DEBUG: jQuery : 2.2.4", source:  (0)
[5072:5072:0301/213018.631092:INFO:CONSOLE(0)] "DEBUG: -------------------------------", source:  (0)
[5072:5072:0301/213018.668075:INFO:CONSOLE(0)] "DEBUG: For more advanced debugging, install the Ember Inspector from https://chrome.google.com/webstore/detail/ember-inspector/bmdblncegkenkacieihfhpjfppoconhi", source:  (0)
[5072:5072:0301/213030.527534:INFO:CONSOLE(0)] "DEBUG: -------------------------------", source:  (0)
[5072:5072:0301/213030.527747:INFO:CONSOLE(0)] "DEBUG: Ember  : 2.6.2", source:  (0)
[5072:5072:0301/213030.527927:INFO:CONSOLE(0)] "DEBUG: jQuery : 2.2.4", source:  (0)
[5072:5072:0301/213030.528099:INFO:CONSOLE(0)] "DEBUG: -------------------------------", source:  (0)
[5072:5072:0301/213030.565468:INFO:CONSOLE(0)] "DEBUG: For more advanced debugging, install the Ember Inspector from https://chrome.google.com/webstore/detail/ember-inspector/bmdblncegkenkacieihfhpjfppoconhi", source:  (0)
