[21953:21953:0301/134329.017560:WARNING:chrome_main_delegate.cc(618)] This is Chrome version 112.0.5572.0 (not a warning)
[21953:21968:0301/134329.195109:ERROR:bus.cc(399)] Failed to connect to the bus: Could not parse server address: Unknown address type (examples of valid types are "tcp" and on UNIX "unix")
[21953:21968:0301/134329.195139:ERROR:bus.cc(399)] Failed to connect to the bus: Could not parse server address: Unknown address type (examples of valid types are "tcp" and on UNIX "unix")
[21953:21953:0301/134329.260401:WARNING:account_consistency_mode_manager.cc(70)] Desktop Identity Consistency cannot be enabled as no OAuth client ID and client secret have been configured.
[21953:21968:0301/134329.267394:ERROR:bus.cc(399)] Failed to connect to the bus: Could not parse server address: Unknown address type (examples of valid types are "tcp" and on UNIX "unix")
[21953:21968:0301/134329.267427:ERROR:bus.cc(399)] Failed to connect to the bus: Could not parse server address: Unknown address type (examples of valid types are "tcp" and on UNIX "unix")
[21953:21953:0301/134329.469224:WARNING:bluez_dbus_manager.cc(247)] Floss manager not present, cannot set Floss enable/disable.
[21953:22043:0301/134329.496678:ERROR:object_proxy.cc(623)] Failed to call method: org.freedesktop.DBus.Properties.Get: object_path= /org/freedesktop/UPower: org.freedesktop.DBus.Error.ServiceUnknown: The name org.freedesktop.UPower was not provided by any .service files
[21953:22043:0301/134329.496705:WARNING:property.cc(144)] DaemonVersion: GetAndBlock: failed.
[21953:22043:0301/134329.496815:ERROR:object_proxy.cc(623)] Failed to call method: org.freedesktop.UPower.GetDisplayDevice: object_path= /org/freedesktop/UPower: org.freedesktop.DBus.Error.ServiceUnknown: The name org.freedesktop.UPower was not provided by any .service files
[21953:22043:0301/134329.496921:ERROR:object_proxy.cc(623)] Failed to call method: org.freedesktop.UPower.EnumerateDevices: object_path= /org/freedesktop/UPower: org.freedesktop.DBus.Error.ServiceUnknown: The name org.freedesktop.UPower was not provided by any .service files
[21953:21968:0301/134329.657740:ERROR:bus.cc(399)] Failed to connect to the bus: Could not parse server address: Unknown address type (examples of valid types are "tcp" and on UNIX "unix")
[21953:21968:0301/134329.666512:ERROR:bus.cc(399)] Failed to connect to the bus: Could not parse server address: Unknown address type (examples of valid types are "tcp" and on UNIX "unix")
[21953:21953:0301/134333.100312:INFO:optimization_guide_logger.cc(42)] ../../components/optimization_guide/core/hints_manager.cc(523) Hint cache initialized
[21953:21953:0301/134333.457897:INFO:optimization_guide_logger.cc(42)] ../../components/optimization_guide/content/browser/page_content_annotations_service.cc(309) PageContentAnnotationJob Result: BatchAnnotationResult{"Speedometer 2.1 Interactive Runner", type: ContentVisibility, output: nullopt}
[21953:21953:0301/134333.457979:INFO:optimization_guide_logger.cc(42)] ../../components/optimization_guide/content/browser/page_content_annotations_service.cc(309) PageContentAnnotationJob Result: BatchAnnotationResult{"Speedometer 2.1 Interactive Runner", type: PageEntities, output: nullopt}
[21953:21953:0301/134341.300631:INFO:CONSOLE(0)] "DEBUG: -------------------------------", source:  (0)
[21953:21953:0301/134341.300839:INFO:CONSOLE(0)] "DEBUG: Ember  : 2.6.2", source:  (0)
[21953:21953:0301/134341.301015:INFO:CONSOLE(0)] "DEBUG: jQuery : 2.2.4", source:  (0)
[21953:21953:0301/134341.301186:INFO:CONSOLE(0)] "DEBUG: -------------------------------", source:  (0)
[21953:21953:0301/134341.389437:INFO:CONSOLE(0)] "DEBUG: For more advanced debugging, install the Ember Inspector from https://chrome.google.com/webstore/detail/ember-inspector/bmdblncegkenkacieihfhpjfppoconhi", source:  (0)
[21953:21953:0301/134357.445944:INFO:CONSOLE(0)] "DEBUG: -------------------------------", source:  (0)
[21953:21953:0301/134357.446153:INFO:CONSOLE(0)] "DEBUG: Ember  : 2.6.2", source:  (0)
[21953:21953:0301/134357.446339:INFO:CONSOLE(0)] "DEBUG: jQuery : 2.2.4", source:  (0)
[21953:21953:0301/134357.446523:INFO:CONSOLE(0)] "DEBUG: -------------------------------", source:  (0)
[21953:21953:0301/134357.485909:INFO:CONSOLE(0)] "DEBUG: For more advanced debugging, install the Ember Inspector from https://chrome.google.com/webstore/detail/ember-inspector/bmdblncegkenkacieihfhpjfppoconhi", source:  (0)
[21953:21953:0301/134408.645653:INFO:CONSOLE(0)] "DEBUG: -------------------------------", source:  (0)
[21953:21953:0301/134408.645864:INFO:CONSOLE(0)] "DEBUG: Ember  : 2.6.2", source:  (0)
[21953:21953:0301/134408.646039:INFO:CONSOLE(0)] "DEBUG: jQuery : 2.2.4", source:  (0)
[21953:21953:0301/134408.646223:INFO:CONSOLE(0)] "DEBUG: -------------------------------", source:  (0)
[21953:21953:0301/134408.684247:INFO:CONSOLE(0)] "DEBUG: For more advanced debugging, install the Ember Inspector from https://chrome.google.com/webstore/detail/ember-inspector/bmdblncegkenkacieihfhpjfppoconhi", source:  (0)
[21953:21953:0301/134419.625416:INFO:CONSOLE(0)] "DEBUG: -------------------------------", source:  (0)
[21953:21953:0301/134419.625626:INFO:CONSOLE(0)] "DEBUG: Ember  : 2.6.2", source:  (0)
[21953:21953:0301/134419.625808:INFO:CONSOLE(0)] "DEBUG: jQuery : 2.2.4", source:  (0)
[21953:21953:0301/134419.625993:INFO:CONSOLE(0)] "DEBUG: -------------------------------", source:  (0)
[21953:21953:0301/134419.662632:INFO:CONSOLE(0)] "DEBUG: For more advanced debugging, install the Ember Inspector from https://chrome.google.com/webstore/detail/ember-inspector/bmdblncegkenkacieihfhpjfppoconhi", source:  (0)
[21953:21953:0301/134430.994125:INFO:CONSOLE(0)] "DEBUG: -------------------------------", source:  (0)
[21953:21953:0301/134430.994337:INFO:CONSOLE(0)] "DEBUG: Ember  : 2.6.2", source:  (0)
[21953:21953:0301/134430.994531:INFO:CONSOLE(0)] "DEBUG: jQuery : 2.2.4", source:  (0)
[21953:21953:0301/134430.994703:INFO:CONSOLE(0)] "DEBUG: -------------------------------", source:  (0)
[21953:21953:0301/134431.032333:INFO:CONSOLE(0)] "DEBUG: For more advanced debugging, install the Ember Inspector from https://chrome.google.com/webstore/detail/ember-inspector/bmdblncegkenkacieihfhpjfppoconhi", source:  (0)
[21953:21953:0301/134442.211578:INFO:CONSOLE(0)] "DEBUG: -------------------------------", source:  (0)
[21953:21953:0301/134442.211783:INFO:CONSOLE(0)] "DEBUG: Ember  : 2.6.2", source:  (0)
[21953:21953:0301/134442.211959:INFO:CONSOLE(0)] "DEBUG: jQuery : 2.2.4", source:  (0)
[21953:21953:0301/134442.212131:INFO:CONSOLE(0)] "DEBUG: -------------------------------", source:  (0)
[21953:21953:0301/134442.249368:INFO:CONSOLE(0)] "DEBUG: For more advanced debugging, install the Ember Inspector from https://chrome.google.com/webstore/detail/ember-inspector/bmdblncegkenkacieihfhpjfppoconhi", source:  (0)
[21953:21953:0301/134453.620016:INFO:CONSOLE(0)] "DEBUG: -------------------------------", source:  (0)
[21953:21953:0301/134453.620221:INFO:CONSOLE(0)] "DEBUG: Ember  : 2.6.2", source:  (0)
[21953:21953:0301/134453.620396:INFO:CONSOLE(0)] "DEBUG: jQuery : 2.2.4", source:  (0)
[21953:21953:0301/134453.620568:INFO:CONSOLE(0)] "DEBUG: -------------------------------", source:  (0)
[21953:21953:0301/134453.658925:INFO:CONSOLE(0)] "DEBUG: For more advanced debugging, install the Ember Inspector from https://chrome.google.com/webstore/detail/ember-inspector/bmdblncegkenkacieihfhpjfppoconhi", source:  (0)
[21953:21953:0301/134505.162454:INFO:CONSOLE(0)] "DEBUG: -------------------------------", source:  (0)
[21953:21953:0301/134505.162663:INFO:CONSOLE(0)] "DEBUG: Ember  : 2.6.2", source:  (0)
[21953:21953:0301/134505.162838:INFO:CONSOLE(0)] "DEBUG: jQuery : 2.2.4", source:  (0)
[21953:21953:0301/134505.163009:INFO:CONSOLE(0)] "DEBUG: -------------------------------", source:  (0)
[21953:21953:0301/134505.201681:INFO:CONSOLE(0)] "DEBUG: For more advanced debugging, install the Ember Inspector from https://chrome.google.com/webstore/detail/ember-inspector/bmdblncegkenkacieihfhpjfppoconhi", source:  (0)
[21953:21953:0301/134516.651688:INFO:CONSOLE(0)] "DEBUG: -------------------------------", source:  (0)
[21953:21953:0301/134516.651908:INFO:CONSOLE(0)] "DEBUG: Ember  : 2.6.2", source:  (0)
[21953:21953:0301/134516.652083:INFO:CONSOLE(0)] "DEBUG: jQuery : 2.2.4", source:  (0)
[21953:21953:0301/134516.652255:INFO:CONSOLE(0)] "DEBUG: -------------------------------", source:  (0)
[21953:21953:0301/134516.692426:INFO:CONSOLE(0)] "DEBUG: For more advanced debugging, install the Ember Inspector from https://chrome.google.com/webstore/detail/ember-inspector/bmdblncegkenkacieihfhpjfppoconhi", source:  (0)
[21953:21953:0301/134527.748038:INFO:CONSOLE(0)] "DEBUG: -------------------------------", source:  (0)
[21953:21953:0301/134527.748244:INFO:CONSOLE(0)] "DEBUG: Ember  : 2.6.2", source:  (0)
[21953:21953:0301/134527.748418:INFO:CONSOLE(0)] "DEBUG: jQuery : 2.2.4", source:  (0)
[21953:21953:0301/134527.748589:INFO:CONSOLE(0)] "DEBUG: -------------------------------", source:  (0)
[21953:21953:0301/134527.786519:INFO:CONSOLE(0)] "DEBUG: For more advanced debugging, install the Ember Inspector from https://chrome.google.com/webstore/detail/ember-inspector/bmdblncegkenkacieihfhpjfppoconhi", source:  (0)
