[840:840:0301/202958.506668:WARNING:chrome_main_delegate.cc(618)] This is Chrome version 112.0.5572.0 (not a warning)
[840:854:0301/202958.683532:ERROR:bus.cc(399)] Failed to connect to the bus: Could not parse server address: Unknown address type (examples of valid types are "tcp" and on UNIX "unix")
[840:854:0301/202958.683570:ERROR:bus.cc(399)] Failed to connect to the bus: Could not parse server address: Unknown address type (examples of valid types are "tcp" and on UNIX "unix")
[840:840:0301/202958.714026:WARNING:account_consistency_mode_manager.cc(70)] Desktop Identity Consistency cannot be enabled as no OAuth client ID and client secret have been configured.
[840:854:0301/202958.721007:ERROR:bus.cc(399)] Failed to connect to the bus: Could not parse server address: Unknown address type (examples of valid types are "tcp" and on UNIX "unix")
[840:854:0301/202958.721040:ERROR:bus.cc(399)] Failed to connect to the bus: Could not parse server address: Unknown address type (examples of valid types are "tcp" and on UNIX "unix")
[840:840:0301/202958.923688:WARNING:bluez_dbus_manager.cc(247)] Floss manager not present, cannot set Floss enable/disable.
[840:932:0301/202958.947379:ERROR:object_proxy.cc(623)] Failed to call method: org.freedesktop.DBus.Properties.Get: object_path= /org/freedesktop/UPower: org.freedesktop.DBus.Error.ServiceUnknown: The name org.freedesktop.UPower was not provided by any .service files
[840:932:0301/202958.947402:WARNING:property.cc(144)] DaemonVersion: GetAndBlock: failed.
[840:932:0301/202958.947506:ERROR:object_proxy.cc(623)] Failed to call method: org.freedesktop.UPower.GetDisplayDevice: object_path= /org/freedesktop/UPower: org.freedesktop.DBus.Error.ServiceUnknown: The name org.freedesktop.UPower was not provided by any .service files
[840:932:0301/202958.947604:ERROR:object_proxy.cc(623)] Failed to call method: org.freedesktop.UPower.EnumerateDevices: object_path= /org/freedesktop/UPower: org.freedesktop.DBus.Error.ServiceUnknown: The name org.freedesktop.UPower was not provided by any .service files
[840:854:0301/202959.133544:ERROR:bus.cc(399)] Failed to connect to the bus: Could not parse server address: Unknown address type (examples of valid types are "tcp" and on UNIX "unix")
[840:854:0301/202959.142464:ERROR:bus.cc(399)] Failed to connect to the bus: Could not parse server address: Unknown address type (examples of valid types are "tcp" and on UNIX "unix")
[840:840:0301/203002.634037:INFO:optimization_guide_logger.cc(42)] ../../components/optimization_guide/core/hints_manager.cc(523) Hint cache initialized
[840:840:0301/203002.974581:INFO:optimization_guide_logger.cc(42)] ../../components/optimization_guide/content/browser/page_content_annotations_service.cc(309) PageContentAnnotationJob Result: BatchAnnotationResult{"Speedometer 2.1 Interactive Runner", type: ContentVisibility, output: nullopt}
[840:840:0301/203002.974654:INFO:optimization_guide_logger.cc(42)] ../../components/optimization_guide/content/browser/page_content_annotations_service.cc(309) PageContentAnnotationJob Result: BatchAnnotationResult{"Speedometer 2.1 Interactive Runner", type: PageEntities, output: nullopt}
[840:840:0301/203010.703859:INFO:CONSOLE(0)] "DEBUG: -------------------------------", source:  (0)
[840:840:0301/203010.704070:INFO:CONSOLE(0)] "DEBUG: Ember  : 2.6.2", source:  (0)
[840:840:0301/203010.704246:INFO:CONSOLE(0)] "DEBUG: jQuery : 2.2.4", source:  (0)
[840:840:0301/203010.704415:INFO:CONSOLE(0)] "DEBUG: -------------------------------", source:  (0)
[840:840:0301/203010.791858:INFO:CONSOLE(0)] "DEBUG: For more advanced debugging, install the Ember Inspector from https://chrome.google.com/webstore/detail/ember-inspector/bmdblncegkenkacieihfhpjfppoconhi", source:  (0)
[840:840:0301/203026.612455:INFO:CONSOLE(0)] "DEBUG: -------------------------------", source:  (0)
[840:840:0301/203026.612659:INFO:CONSOLE(0)] "DEBUG: Ember  : 2.6.2", source:  (0)
[840:840:0301/203026.612832:INFO:CONSOLE(0)] "DEBUG: jQuery : 2.2.4", source:  (0)
[840:840:0301/203026.613002:INFO:CONSOLE(0)] "DEBUG: -------------------------------", source:  (0)
[840:840:0301/203026.649498:INFO:CONSOLE(0)] "DEBUG: For more advanced debugging, install the Ember Inspector from https://chrome.google.com/webstore/detail/ember-inspector/bmdblncegkenkacieihfhpjfppoconhi", source:  (0)
[840:840:0301/203037.672249:INFO:CONSOLE(0)] "DEBUG: -------------------------------", source:  (0)
[840:840:0301/203037.672461:INFO:CONSOLE(0)] "DEBUG: Ember  : 2.6.2", source:  (0)
[840:840:0301/203037.672634:INFO:CONSOLE(0)] "DEBUG: jQuery : 2.2.4", source:  (0)
[840:840:0301/203037.672803:INFO:CONSOLE(0)] "DEBUG: -------------------------------", source:  (0)
[840:840:0301/203037.709006:INFO:CONSOLE(0)] "DEBUG: For more advanced debugging, install the Ember Inspector from https://chrome.google.com/webstore/detail/ember-inspector/bmdblncegkenkacieihfhpjfppoconhi", source:  (0)
[840:840:0301/203048.899367:INFO:CONSOLE(0)] "DEBUG: -------------------------------", source:  (0)
[840:840:0301/203048.899573:INFO:CONSOLE(0)] "DEBUG: Ember  : 2.6.2", source:  (0)
[840:840:0301/203048.899746:INFO:CONSOLE(0)] "DEBUG: jQuery : 2.2.4", source:  (0)
[840:840:0301/203048.899924:INFO:CONSOLE(0)] "DEBUG: -------------------------------", source:  (0)
[840:840:0301/203048.936654:INFO:CONSOLE(0)] "DEBUG: For more advanced debugging, install the Ember Inspector from https://chrome.google.com/webstore/detail/ember-inspector/bmdblncegkenkacieihfhpjfppoconhi", source:  (0)
[840:840:0301/203100.315977:INFO:CONSOLE(0)] "DEBUG: -------------------------------", source:  (0)
[840:840:0301/203100.316186:INFO:CONSOLE(0)] "DEBUG: Ember  : 2.6.2", source:  (0)
[840:840:0301/203100.316359:INFO:CONSOLE(0)] "DEBUG: jQuery : 2.2.4", source:  (0)
[840:840:0301/203100.316530:INFO:CONSOLE(0)] "DEBUG: -------------------------------", source:  (0)
[840:840:0301/203100.353357:INFO:CONSOLE(0)] "DEBUG: For more advanced debugging, install the Ember Inspector from https://chrome.google.com/webstore/detail/ember-inspector/bmdblncegkenkacieihfhpjfppoconhi", source:  (0)
[840:840:0301/203111.995896:INFO:CONSOLE(0)] "DEBUG: -------------------------------", source:  (0)
[840:840:0301/203111.996108:INFO:CONSOLE(0)] "DEBUG: Ember  : 2.6.2", source:  (0)
[840:840:0301/203111.996281:INFO:CONSOLE(0)] "DEBUG: jQuery : 2.2.4", source:  (0)
[840:840:0301/203111.996451:INFO:CONSOLE(0)] "DEBUG: -------------------------------", source:  (0)
[840:840:0301/203112.033603:INFO:CONSOLE(0)] "DEBUG: For more advanced debugging, install the Ember Inspector from https://chrome.google.com/webstore/detail/ember-inspector/bmdblncegkenkacieihfhpjfppoconhi", source:  (0)
[840:840:0301/203123.750597:INFO:CONSOLE(0)] "DEBUG: -------------------------------", source:  (0)
[840:840:0301/203123.750806:INFO:CONSOLE(0)] "DEBUG: Ember  : 2.6.2", source:  (0)
[840:840:0301/203123.750979:INFO:CONSOLE(0)] "DEBUG: jQuery : 2.2.4", source:  (0)
[840:840:0301/203123.751274:INFO:CONSOLE(0)] "DEBUG: -------------------------------", source:  (0)
[840:840:0301/203123.788068:INFO:CONSOLE(0)] "DEBUG: For more advanced debugging, install the Ember Inspector from https://chrome.google.com/webstore/detail/ember-inspector/bmdblncegkenkacieihfhpjfppoconhi", source:  (0)
[840:840:0301/203135.734908:INFO:CONSOLE(0)] "DEBUG: -------------------------------", source:  (0)
[840:840:0301/203135.735116:INFO:CONSOLE(0)] "DEBUG: Ember  : 2.6.2", source:  (0)
[840:840:0301/203135.735289:INFO:CONSOLE(0)] "DEBUG: jQuery : 2.2.4", source:  (0)
[840:840:0301/203135.735466:INFO:CONSOLE(0)] "DEBUG: -------------------------------", source:  (0)
[840:840:0301/203135.772328:INFO:CONSOLE(0)] "DEBUG: For more advanced debugging, install the Ember Inspector from https://chrome.google.com/webstore/detail/ember-inspector/bmdblncegkenkacieihfhpjfppoconhi", source:  (0)
[840:840:0301/203147.973386:INFO:CONSOLE(0)] "DEBUG: -------------------------------", source:  (0)
[840:840:0301/203147.973593:INFO:CONSOLE(0)] "DEBUG: Ember  : 2.6.2", source:  (0)
[840:840:0301/203147.973766:INFO:CONSOLE(0)] "DEBUG: jQuery : 2.2.4", source:  (0)
[840:840:0301/203147.973936:INFO:CONSOLE(0)] "DEBUG: -------------------------------", source:  (0)
[840:840:0301/203148.011007:INFO:CONSOLE(0)] "DEBUG: For more advanced debugging, install the Ember Inspector from https://chrome.google.com/webstore/detail/ember-inspector/bmdblncegkenkacieihfhpjfppoconhi", source:  (0)
[840:840:0301/203200.420372:INFO:CONSOLE(0)] "DEBUG: -------------------------------", source:  (0)
[840:840:0301/203200.420579:INFO:CONSOLE(0)] "DEBUG: Ember  : 2.6.2", source:  (0)
[840:840:0301/203200.420752:INFO:CONSOLE(0)] "DEBUG: jQuery : 2.2.4", source:  (0)
[840:840:0301/203200.420922:INFO:CONSOLE(0)] "DEBUG: -------------------------------", source:  (0)
[840:840:0301/203200.458191:INFO:CONSOLE(0)] "DEBUG: For more advanced debugging, install the Ember Inspector from https://chrome.google.com/webstore/detail/ember-inspector/bmdblncegkenkacieihfhpjfppoconhi", source:  (0)
