[19743:19743:0301/131443.086396:WARNING:chrome_main_delegate.cc(618)] This is Chrome version 112.0.5572.0 (not a warning)
[19743:19757:0301/131443.263894:ERROR:bus.cc(399)] Failed to connect to the bus: Could not parse server address: Unknown address type (examples of valid types are "tcp" and on UNIX "unix")
[19743:19757:0301/131443.263924:ERROR:bus.cc(399)] Failed to connect to the bus: Could not parse server address: Unknown address type (examples of valid types are "tcp" and on UNIX "unix")
[19743:19743:0301/131443.297929:WARNING:account_consistency_mode_manager.cc(70)] Desktop Identity Consistency cannot be enabled as no OAuth client ID and client secret have been configured.
[19743:19757:0301/131443.304396:ERROR:bus.cc(399)] Failed to connect to the bus: Could not parse server address: Unknown address type (examples of valid types are "tcp" and on UNIX "unix")
[19743:19757:0301/131443.304425:ERROR:bus.cc(399)] Failed to connect to the bus: Could not parse server address: Unknown address type (examples of valid types are "tcp" and on UNIX "unix")
[19743:19743:0301/131443.502569:WARNING:bluez_dbus_manager.cc(247)] Floss manager not present, cannot set Floss enable/disable.
[19743:19833:0301/131443.542548:ERROR:object_proxy.cc(623)] Failed to call method: org.freedesktop.DBus.Properties.Get: object_path= /org/freedesktop/UPower: org.freedesktop.DBus.Error.ServiceUnknown: The name org.freedesktop.UPower was not provided by any .service files
[19743:19833:0301/131443.546443:WARNING:property.cc(144)] DaemonVersion: GetAndBlock: failed.
[19743:19833:0301/131443.547452:ERROR:object_proxy.cc(623)] Failed to call method: org.freedesktop.UPower.GetDisplayDevice: object_path= /org/freedesktop/UPower: org.freedesktop.DBus.Error.ServiceUnknown: The name org.freedesktop.UPower was not provided by any .service files
[19743:19833:0301/131443.548220:ERROR:object_proxy.cc(623)] Failed to call method: org.freedesktop.UPower.EnumerateDevices: object_path= /org/freedesktop/UPower: org.freedesktop.DBus.Error.ServiceUnknown: The name org.freedesktop.UPower was not provided by any .service files
[19743:19757:0301/131443.790643:ERROR:bus.cc(399)] Failed to connect to the bus: Could not parse server address: Unknown address type (examples of valid types are "tcp" and on UNIX "unix")
[19743:19757:0301/131443.798661:ERROR:bus.cc(399)] Failed to connect to the bus: Could not parse server address: Unknown address type (examples of valid types are "tcp" and on UNIX "unix")
[19743:19743:0301/131447.418112:INFO:optimization_guide_logger.cc(42)] ../../components/optimization_guide/core/hints_manager.cc(523) Hint cache initialized
[19743:19743:0301/131447.426573:INFO:optimization_guide_logger.cc(42)] ../../components/optimization_guide/content/browser/page_content_annotations_service.cc(309) PageContentAnnotationJob Result: BatchAnnotationResult{"Speedometer 2.1 Interactive Runner", type: ContentVisibility, output: nullopt}
[19743:19743:0301/131447.426645:INFO:optimization_guide_logger.cc(42)] ../../components/optimization_guide/content/browser/page_content_annotations_service.cc(309) PageContentAnnotationJob Result: BatchAnnotationResult{"Speedometer 2.1 Interactive Runner", type: PageEntities, output: nullopt}
[19743:19743:0301/131455.159383:INFO:CONSOLE(0)] "DEBUG: -------------------------------", source:  (0)
[19743:19743:0301/131455.159595:INFO:CONSOLE(0)] "DEBUG: Ember  : 2.6.2", source:  (0)
[19743:19743:0301/131455.159767:INFO:CONSOLE(0)] "DEBUG: jQuery : 2.2.4", source:  (0)
[19743:19743:0301/131455.159944:INFO:CONSOLE(0)] "DEBUG: -------------------------------", source:  (0)
[19743:19743:0301/131455.246355:INFO:CONSOLE(0)] "DEBUG: For more advanced debugging, install the Ember Inspector from https://chrome.google.com/webstore/detail/ember-inspector/bmdblncegkenkacieihfhpjfppoconhi", source:  (0)
[19743:19743:0301/131511.224920:INFO:CONSOLE(0)] "DEBUG: -------------------------------", source:  (0)
[19743:19743:0301/131511.225123:INFO:CONSOLE(0)] "DEBUG: Ember  : 2.6.2", source:  (0)
[19743:19743:0301/131511.225301:INFO:CONSOLE(0)] "DEBUG: jQuery : 2.2.4", source:  (0)
[19743:19743:0301/131511.225477:INFO:CONSOLE(0)] "DEBUG: -------------------------------", source:  (0)
[19743:19743:0301/131511.264175:INFO:CONSOLE(0)] "DEBUG: For more advanced debugging, install the Ember Inspector from https://chrome.google.com/webstore/detail/ember-inspector/bmdblncegkenkacieihfhpjfppoconhi", source:  (0)
[19743:19743:0301/131522.534646:INFO:CONSOLE(0)] "DEBUG: -------------------------------", source:  (0)
[19743:19743:0301/131522.534857:INFO:CONSOLE(0)] "DEBUG: Ember  : 2.6.2", source:  (0)
[19743:19743:0301/131522.535033:INFO:CONSOLE(0)] "DEBUG: jQuery : 2.2.4", source:  (0)
[19743:19743:0301/131522.535203:INFO:CONSOLE(0)] "DEBUG: -------------------------------", source:  (0)
[19743:19743:0301/131522.572949:INFO:CONSOLE(0)] "DEBUG: For more advanced debugging, install the Ember Inspector from https://chrome.google.com/webstore/detail/ember-inspector/bmdblncegkenkacieihfhpjfppoconhi", source:  (0)
[19743:19743:0301/131533.793198:INFO:CONSOLE(0)] "DEBUG: -------------------------------", source:  (0)
[19743:19743:0301/131533.793400:INFO:CONSOLE(0)] "DEBUG: Ember  : 2.6.2", source:  (0)
[19743:19743:0301/131533.793573:INFO:CONSOLE(0)] "DEBUG: jQuery : 2.2.4", source:  (0)
[19743:19743:0301/131533.793743:INFO:CONSOLE(0)] "DEBUG: -------------------------------", source:  (0)
[19743:19743:0301/131533.830850:INFO:CONSOLE(0)] "DEBUG: For more advanced debugging, install the Ember Inspector from https://chrome.google.com/webstore/detail/ember-inspector/bmdblncegkenkacieihfhpjfppoconhi", source:  (0)
[19743:19743:0301/131545.080404:INFO:CONSOLE(0)] "DEBUG: -------------------------------", source:  (0)
[19743:19743:0301/131545.080622:INFO:CONSOLE(0)] "DEBUG: Ember  : 2.6.2", source:  (0)
[19743:19743:0301/131545.080795:INFO:CONSOLE(0)] "DEBUG: jQuery : 2.2.4", source:  (0)
[19743:19743:0301/131545.080971:INFO:CONSOLE(0)] "DEBUG: -------------------------------", source:  (0)
[19743:19743:0301/131545.118736:INFO:CONSOLE(0)] "DEBUG: For more advanced debugging, install the Ember Inspector from https://chrome.google.com/webstore/detail/ember-inspector/bmdblncegkenkacieihfhpjfppoconhi", source:  (0)
[19743:19743:0301/131556.158049:INFO:CONSOLE(0)] "DEBUG: -------------------------------", source:  (0)
[19743:19743:0301/131556.158268:INFO:CONSOLE(0)] "DEBUG: Ember  : 2.6.2", source:  (0)
[19743:19743:0301/131556.158444:INFO:CONSOLE(0)] "DEBUG: jQuery : 2.2.4", source:  (0)
[19743:19743:0301/131556.158622:INFO:CONSOLE(0)] "DEBUG: -------------------------------", source:  (0)
[19743:19743:0301/131556.196517:INFO:CONSOLE(0)] "DEBUG: For more advanced debugging, install the Ember Inspector from https://chrome.google.com/webstore/detail/ember-inspector/bmdblncegkenkacieihfhpjfppoconhi", source:  (0)
[19743:19743:0301/131607.950404:INFO:CONSOLE(0)] "DEBUG: -------------------------------", source:  (0)
[19743:19743:0301/131607.950619:INFO:CONSOLE(0)] "DEBUG: Ember  : 2.6.2", source:  (0)
[19743:19743:0301/131607.950793:INFO:CONSOLE(0)] "DEBUG: jQuery : 2.2.4", source:  (0)
[19743:19743:0301/131607.950963:INFO:CONSOLE(0)] "DEBUG: -------------------------------", source:  (0)
[19743:19743:0301/131607.991609:INFO:CONSOLE(0)] "DEBUG: For more advanced debugging, install the Ember Inspector from https://chrome.google.com/webstore/detail/ember-inspector/bmdblncegkenkacieihfhpjfppoconhi", source:  (0)
[19743:19743:0301/131619.700332:INFO:CONSOLE(0)] "DEBUG: -------------------------------", source:  (0)
[19743:19743:0301/131619.700545:INFO:CONSOLE(0)] "DEBUG: Ember  : 2.6.2", source:  (0)
[19743:19743:0301/131619.700718:INFO:CONSOLE(0)] "DEBUG: jQuery : 2.2.4", source:  (0)
[19743:19743:0301/131619.700887:INFO:CONSOLE(0)] "DEBUG: -------------------------------", source:  (0)
[19743:19743:0301/131619.739262:INFO:CONSOLE(0)] "DEBUG: For more advanced debugging, install the Ember Inspector from https://chrome.google.com/webstore/detail/ember-inspector/bmdblncegkenkacieihfhpjfppoconhi", source:  (0)
[19743:19743:0301/131632.001868:INFO:CONSOLE(0)] "DEBUG: -------------------------------", source:  (0)
[19743:19743:0301/131632.002084:INFO:CONSOLE(0)] "DEBUG: Ember  : 2.6.2", source:  (0)
[19743:19743:0301/131632.002262:INFO:CONSOLE(0)] "DEBUG: jQuery : 2.2.4", source:  (0)
[19743:19743:0301/131632.002440:INFO:CONSOLE(0)] "DEBUG: -------------------------------", source:  (0)
[19743:19743:0301/131632.048514:INFO:CONSOLE(0)] "DEBUG: For more advanced debugging, install the Ember Inspector from https://chrome.google.com/webstore/detail/ember-inspector/bmdblncegkenkacieihfhpjfppoconhi", source:  (0)
[19743:19743:0301/131643.177940:INFO:CONSOLE(0)] "DEBUG: -------------------------------", source:  (0)
[19743:19743:0301/131643.178329:INFO:CONSOLE(0)] "DEBUG: Ember  : 2.6.2", source:  (0)
[19743:19743:0301/131643.178520:INFO:CONSOLE(0)] "DEBUG: jQuery : 2.2.4", source:  (0)
[19743:19743:0301/131643.178691:INFO:CONSOLE(0)] "DEBUG: -------------------------------", source:  (0)
[19743:19743:0301/131643.215744:INFO:CONSOLE(0)] "DEBUG: For more advanced debugging, install the Ember Inspector from https://chrome.google.com/webstore/detail/ember-inspector/bmdblncegkenkacieihfhpjfppoconhi", source:  (0)
