[16818:16818:0301/123653.301427:WARNING:chrome_main_delegate.cc(618)] This is Chrome version 112.0.5572.0 (not a warning)
[16818:16832:0301/123653.473189:ERROR:bus.cc(399)] Failed to connect to the bus: Could not parse server address: Unknown address type (examples of valid types are "tcp" and on UNIX "unix")
[16818:16832:0301/123653.473220:ERROR:bus.cc(399)] Failed to connect to the bus: Could not parse server address: Unknown address type (examples of valid types are "tcp" and on UNIX "unix")
[16818:16818:0301/123653.513442:WARNING:account_consistency_mode_manager.cc(70)] Desktop Identity Consistency cannot be enabled as no OAuth client ID and client secret have been configured.
[16818:16832:0301/123653.529983:ERROR:bus.cc(399)] Failed to connect to the bus: Could not parse server address: Unknown address type (examples of valid types are "tcp" and on UNIX "unix")
[16818:16832:0301/123653.530018:ERROR:bus.cc(399)] Failed to connect to the bus: Could not parse server address: Unknown address type (examples of valid types are "tcp" and on UNIX "unix")
[16818:16818:0301/123653.736093:WARNING:bluez_dbus_manager.cc(247)] Floss manager not present, cannot set Floss enable/disable.
[16818:16907:0301/123653.792825:ERROR:object_proxy.cc(623)] Failed to call method: org.freedesktop.DBus.Properties.Get: object_path= /org/freedesktop/UPower: org.freedesktop.DBus.Error.ServiceUnknown: The name org.freedesktop.UPower was not provided by any .service files
[16818:16907:0301/123653.792848:WARNING:property.cc(144)] DaemonVersion: GetAndBlock: failed.
[16818:16907:0301/123653.792955:ERROR:object_proxy.cc(623)] Failed to call method: org.freedesktop.UPower.GetDisplayDevice: object_path= /org/freedesktop/UPower: org.freedesktop.DBus.Error.ServiceUnknown: The name org.freedesktop.UPower was not provided by any .service files
[16818:16907:0301/123653.793061:ERROR:object_proxy.cc(623)] Failed to call method: org.freedesktop.UPower.EnumerateDevices: object_path= /org/freedesktop/UPower: org.freedesktop.DBus.Error.ServiceUnknown: The name org.freedesktop.UPower was not provided by any .service files
[16818:16832:0301/123653.937308:ERROR:bus.cc(399)] Failed to connect to the bus: Could not parse server address: Unknown address type (examples of valid types are "tcp" and on UNIX "unix")
[16818:16832:0301/123653.962841:ERROR:bus.cc(399)] Failed to connect to the bus: Could not parse server address: Unknown address type (examples of valid types are "tcp" and on UNIX "unix")
[16818:16818:0301/123700.128313:INFO:optimization_guide_logger.cc(42)] ../../components/optimization_guide/content/browser/page_content_annotations_service.cc(309) PageContentAnnotationJob Result: BatchAnnotationResult{"Speedometer 2.1 Interactive Runner", type: ContentVisibility, output: nullopt}
[16818:16818:0301/123700.128375:INFO:optimization_guide_logger.cc(42)] ../../components/optimization_guide/content/browser/page_content_annotations_service.cc(309) PageContentAnnotationJob Result: BatchAnnotationResult{"Speedometer 2.1 Interactive Runner", type: PageEntities, output: nullopt}
[16818:16818:0301/123700.438222:INFO:optimization_guide_logger.cc(42)] ../../components/optimization_guide/core/hints_manager.cc(523) Hint cache initialized
[16818:16818:0301/123705.204186:INFO:CONSOLE(0)] "DEBUG: -------------------------------", source:  (0)
[16818:16818:0301/123705.204404:INFO:CONSOLE(0)] "DEBUG: Ember  : 2.6.2", source:  (0)
[16818:16818:0301/123705.204589:INFO:CONSOLE(0)] "DEBUG: jQuery : 2.2.4", source:  (0)
[16818:16818:0301/123705.204762:INFO:CONSOLE(0)] "DEBUG: -------------------------------", source:  (0)
[16818:16818:0301/123705.291681:INFO:CONSOLE(0)] "DEBUG: For more advanced debugging, install the Ember Inspector from https://chrome.google.com/webstore/detail/ember-inspector/bmdblncegkenkacieihfhpjfppoconhi", source:  (0)
[16818:16818:0301/123723.290531:INFO:CONSOLE(0)] "DEBUG: -------------------------------", source:  (0)
[16818:16818:0301/123723.290743:INFO:CONSOLE(0)] "DEBUG: Ember  : 2.6.2", source:  (0)
[16818:16818:0301/123723.290918:INFO:CONSOLE(0)] "DEBUG: jQuery : 2.2.4", source:  (0)
[16818:16818:0301/123723.291098:INFO:CONSOLE(0)] "DEBUG: -------------------------------", source:  (0)
[16818:16818:0301/123723.330056:INFO:CONSOLE(0)] "DEBUG: For more advanced debugging, install the Ember Inspector from https://chrome.google.com/webstore/detail/ember-inspector/bmdblncegkenkacieihfhpjfppoconhi", source:  (0)
[16818:16818:0301/123734.268481:INFO:CONSOLE(0)] "DEBUG: -------------------------------", source:  (0)
[16818:16818:0301/123734.268690:INFO:CONSOLE(0)] "DEBUG: Ember  : 2.6.2", source:  (0)
[16818:16818:0301/123734.268867:INFO:CONSOLE(0)] "DEBUG: jQuery : 2.2.4", source:  (0)
[16818:16818:0301/123734.269041:INFO:CONSOLE(0)] "DEBUG: -------------------------------", source:  (0)
[16818:16818:0301/123734.306432:INFO:CONSOLE(0)] "DEBUG: For more advanced debugging, install the Ember Inspector from https://chrome.google.com/webstore/detail/ember-inspector/bmdblncegkenkacieihfhpjfppoconhi", source:  (0)
[16818:16818:0301/123745.441437:INFO:CONSOLE(0)] "DEBUG: -------------------------------", source:  (0)
[16818:16818:0301/123745.441649:INFO:CONSOLE(0)] "DEBUG: Ember  : 2.6.2", source:  (0)
[16818:16818:0301/123745.441826:INFO:CONSOLE(0)] "DEBUG: jQuery : 2.2.4", source:  (0)
[16818:16818:0301/123745.441999:INFO:CONSOLE(0)] "DEBUG: -------------------------------", source:  (0)
[16818:16818:0301/123745.480912:INFO:CONSOLE(0)] "DEBUG: For more advanced debugging, install the Ember Inspector from https://chrome.google.com/webstore/detail/ember-inspector/bmdblncegkenkacieihfhpjfppoconhi", source:  (0)
[16818:16818:0301/123756.581846:INFO:CONSOLE(0)] "DEBUG: -------------------------------", source:  (0)
[16818:16818:0301/123756.582054:INFO:CONSOLE(0)] "DEBUG: Ember  : 2.6.2", source:  (0)
[16818:16818:0301/123756.582240:INFO:CONSOLE(0)] "DEBUG: jQuery : 2.2.4", source:  (0)
[16818:16818:0301/123756.582417:INFO:CONSOLE(0)] "DEBUG: -------------------------------", source:  (0)
[16818:16818:0301/123756.620286:INFO:CONSOLE(0)] "DEBUG: For more advanced debugging, install the Ember Inspector from https://chrome.google.com/webstore/detail/ember-inspector/bmdblncegkenkacieihfhpjfppoconhi", source:  (0)
[16818:16818:0301/123808.423816:INFO:CONSOLE(0)] "DEBUG: -------------------------------", source:  (0)
[16818:16818:0301/123808.424031:INFO:CONSOLE(0)] "DEBUG: Ember  : 2.6.2", source:  (0)
[16818:16818:0301/123808.424208:INFO:CONSOLE(0)] "DEBUG: jQuery : 2.2.4", source:  (0)
[16818:16818:0301/123808.424381:INFO:CONSOLE(0)] "DEBUG: -------------------------------", source:  (0)
[16818:16818:0301/123808.470817:INFO:CONSOLE(0)] "DEBUG: For more advanced debugging, install the Ember Inspector from https://chrome.google.com/webstore/detail/ember-inspector/bmdblncegkenkacieihfhpjfppoconhi", source:  (0)
[16818:16818:0301/123819.462174:INFO:CONSOLE(0)] "DEBUG: -------------------------------", source:  (0)
[16818:16818:0301/123819.462442:INFO:CONSOLE(0)] "DEBUG: Ember  : 2.6.2", source:  (0)
[16818:16818:0301/123819.462631:INFO:CONSOLE(0)] "DEBUG: jQuery : 2.2.4", source:  (0)
[16818:16818:0301/123819.462806:INFO:CONSOLE(0)] "DEBUG: -------------------------------", source:  (0)
[16818:16818:0301/123819.501107:INFO:CONSOLE(0)] "DEBUG: For more advanced debugging, install the Ember Inspector from https://chrome.google.com/webstore/detail/ember-inspector/bmdblncegkenkacieihfhpjfppoconhi", source:  (0)
[16818:16818:0301/123830.755650:INFO:CONSOLE(0)] "DEBUG: -------------------------------", source:  (0)
[16818:16818:0301/123830.755856:INFO:CONSOLE(0)] "DEBUG: Ember  : 2.6.2", source:  (0)
[16818:16818:0301/123830.756031:INFO:CONSOLE(0)] "DEBUG: jQuery : 2.2.4", source:  (0)
[16818:16818:0301/123830.756204:INFO:CONSOLE(0)] "DEBUG: -------------------------------", source:  (0)
[16818:16818:0301/123830.794596:INFO:CONSOLE(0)] "DEBUG: For more advanced debugging, install the Ember Inspector from https://chrome.google.com/webstore/detail/ember-inspector/bmdblncegkenkacieihfhpjfppoconhi", source:  (0)
[16818:16818:0301/123841.889131:INFO:CONSOLE(0)] "DEBUG: -------------------------------", source:  (0)
[16818:16818:0301/123841.889347:INFO:CONSOLE(0)] "DEBUG: Ember  : 2.6.2", source:  (0)
[16818:16818:0301/123841.889530:INFO:CONSOLE(0)] "DEBUG: jQuery : 2.2.4", source:  (0)
[16818:16818:0301/123841.889710:INFO:CONSOLE(0)] "DEBUG: -------------------------------", source:  (0)
[16818:16818:0301/123841.927289:INFO:CONSOLE(0)] "DEBUG: For more advanced debugging, install the Ember Inspector from https://chrome.google.com/webstore/detail/ember-inspector/bmdblncegkenkacieihfhpjfppoconhi", source:  (0)
[16818:16818:0301/123853.567333:INFO:CONSOLE(0)] "DEBUG: -------------------------------", source:  (0)
[16818:16818:0301/123853.567538:INFO:CONSOLE(0)] "DEBUG: Ember  : 2.6.2", source:  (0)
[16818:16818:0301/123853.567714:INFO:CONSOLE(0)] "DEBUG: jQuery : 2.2.4", source:  (0)
[16818:16818:0301/123853.568023:INFO:CONSOLE(0)] "DEBUG: -------------------------------", source:  (0)
[16818:16818:0301/123853.613689:INFO:CONSOLE(0)] "DEBUG: For more advanced debugging, install the Ember Inspector from https://chrome.google.com/webstore/detail/ember-inspector/bmdblncegkenkacieihfhpjfppoconhi", source:  (0)
