[17051:17051:0301/123904.989119:WARNING:chrome_main_delegate.cc(618)] This is Chrome version 112.0.5572.0 (not a warning)
[17051:17065:0301/123905.165610:ERROR:bus.cc(399)] Failed to connect to the bus: Could not parse server address: Unknown address type (examples of valid types are "tcp" and on UNIX "unix")
[17051:17065:0301/123905.165641:ERROR:bus.cc(399)] Failed to connect to the bus: Could not parse server address: Unknown address type (examples of valid types are "tcp" and on UNIX "unix")
[17051:17051:0301/123905.213851:WARNING:account_consistency_mode_manager.cc(70)] Desktop Identity Consistency cannot be enabled as no OAuth client ID and client secret have been configured.
[17051:17065:0301/123905.222054:ERROR:bus.cc(399)] Failed to connect to the bus: Could not parse server address: Unknown address type (examples of valid types are "tcp" and on UNIX "unix")
[17051:17065:0301/123905.222092:ERROR:bus.cc(399)] Failed to connect to the bus: Could not parse server address: Unknown address type (examples of valid types are "tcp" and on UNIX "unix")
[17051:17051:0301/123905.391501:WARNING:bluez_dbus_manager.cc(247)] Floss manager not present, cannot set Floss enable/disable.
[17051:17141:0301/123905.430938:ERROR:object_proxy.cc(623)] Failed to call method: org.freedesktop.DBus.Properties.Get: object_path= /org/freedesktop/UPower: org.freedesktop.DBus.Error.ServiceUnknown: The name org.freedesktop.UPower was not provided by any .service files
[17051:17141:0301/123905.430961:WARNING:property.cc(144)] DaemonVersion: GetAndBlock: failed.
[17051:17141:0301/123905.431055:ERROR:object_proxy.cc(623)] Failed to call method: org.freedesktop.UPower.GetDisplayDevice: object_path= /org/freedesktop/UPower: org.freedesktop.DBus.Error.ServiceUnknown: The name org.freedesktop.UPower was not provided by any .service files
[17051:17141:0301/123905.431145:ERROR:object_proxy.cc(623)] Failed to call method: org.freedesktop.UPower.EnumerateDevices: object_path= /org/freedesktop/UPower: org.freedesktop.DBus.Error.ServiceUnknown: The name org.freedesktop.UPower was not provided by any .service files
[17051:17065:0301/123905.683961:ERROR:bus.cc(399)] Failed to connect to the bus: Could not parse server address: Unknown address type (examples of valid types are "tcp" and on UNIX "unix")
[17051:17065:0301/123905.709397:ERROR:bus.cc(399)] Failed to connect to the bus: Could not parse server address: Unknown address type (examples of valid types are "tcp" and on UNIX "unix")
[17051:17051:0301/123909.335403:INFO:optimization_guide_logger.cc(42)] ../../components/optimization_guide/core/hints_manager.cc(523) Hint cache initialized
[17051:17051:0301/123909.336977:INFO:optimization_guide_logger.cc(42)] ../../components/optimization_guide/content/browser/page_content_annotations_service.cc(309) PageContentAnnotationJob Result: BatchAnnotationResult{"Speedometer 2.1 Interactive Runner", type: ContentVisibility, output: nullopt}
[17051:17051:0301/123909.337045:INFO:optimization_guide_logger.cc(42)] ../../components/optimization_guide/content/browser/page_content_annotations_service.cc(309) PageContentAnnotationJob Result: BatchAnnotationResult{"Speedometer 2.1 Interactive Runner", type: PageEntities, output: nullopt}
[17051:17051:0301/123918.739383:INFO:CONSOLE(0)] "DEBUG: -------------------------------", source:  (0)
[17051:17051:0301/123918.739589:INFO:CONSOLE(0)] "DEBUG: Ember  : 2.6.2", source:  (0)
[17051:17051:0301/123918.739762:INFO:CONSOLE(0)] "DEBUG: jQuery : 2.2.4", source:  (0)
[17051:17051:0301/123918.739932:INFO:CONSOLE(0)] "DEBUG: -------------------------------", source:  (0)
[17051:17051:0301/123918.826651:INFO:CONSOLE(0)] "DEBUG: For more advanced debugging, install the Ember Inspector from https://chrome.google.com/webstore/detail/ember-inspector/bmdblncegkenkacieihfhpjfppoconhi", source:  (0)
[17051:17051:0301/123934.691495:INFO:CONSOLE(0)] "DEBUG: -------------------------------", source:  (0)
[17051:17051:0301/123934.691705:INFO:CONSOLE(0)] "DEBUG: Ember  : 2.6.2", source:  (0)
[17051:17051:0301/123934.691879:INFO:CONSOLE(0)] "DEBUG: jQuery : 2.2.4", source:  (0)
[17051:17051:0301/123934.692056:INFO:CONSOLE(0)] "DEBUG: -------------------------------", source:  (0)
[17051:17051:0301/123934.730301:INFO:CONSOLE(0)] "DEBUG: For more advanced debugging, install the Ember Inspector from https://chrome.google.com/webstore/detail/ember-inspector/bmdblncegkenkacieihfhpjfppoconhi", source:  (0)
[17051:17051:0301/123945.835345:INFO:CONSOLE(0)] "DEBUG: -------------------------------", source:  (0)
[17051:17051:0301/123945.835559:INFO:CONSOLE(0)] "DEBUG: Ember  : 2.6.2", source:  (0)
[17051:17051:0301/123945.835732:INFO:CONSOLE(0)] "DEBUG: jQuery : 2.2.4", source:  (0)
[17051:17051:0301/123945.835902:INFO:CONSOLE(0)] "DEBUG: -------------------------------", source:  (0)
[17051:17051:0301/123945.873416:INFO:CONSOLE(0)] "DEBUG: For more advanced debugging, install the Ember Inspector from https://chrome.google.com/webstore/detail/ember-inspector/bmdblncegkenkacieihfhpjfppoconhi", source:  (0)
[17051:17051:0301/123956.935989:INFO:CONSOLE(0)] "DEBUG: -------------------------------", source:  (0)
[17051:17051:0301/123956.936200:INFO:CONSOLE(0)] "DEBUG: Ember  : 2.6.2", source:  (0)
[17051:17051:0301/123956.936374:INFO:CONSOLE(0)] "DEBUG: jQuery : 2.2.4", source:  (0)
[17051:17051:0301/123956.936564:INFO:CONSOLE(0)] "DEBUG: -------------------------------", source:  (0)
[17051:17051:0301/123956.973521:INFO:CONSOLE(0)] "DEBUG: For more advanced debugging, install the Ember Inspector from https://chrome.google.com/webstore/detail/ember-inspector/bmdblncegkenkacieihfhpjfppoconhi", source:  (0)
[17051:17051:0301/124008.254835:INFO:CONSOLE(0)] "DEBUG: -------------------------------", source:  (0)
[17051:17051:0301/124008.255041:INFO:CONSOLE(0)] "DEBUG: Ember  : 2.6.2", source:  (0)
[17051:17051:0301/124008.255214:INFO:CONSOLE(0)] "DEBUG: jQuery : 2.2.4", source:  (0)
[17051:17051:0301/124008.255391:INFO:CONSOLE(0)] "DEBUG: -------------------------------", source:  (0)
[17051:17051:0301/124008.293288:INFO:CONSOLE(0)] "DEBUG: For more advanced debugging, install the Ember Inspector from https://chrome.google.com/webstore/detail/ember-inspector/bmdblncegkenkacieihfhpjfppoconhi", source:  (0)
[17051:17051:0301/124019.864447:INFO:CONSOLE(0)] "DEBUG: -------------------------------", source:  (0)
[17051:17051:0301/124019.864656:INFO:CONSOLE(0)] "DEBUG: Ember  : 2.6.2", source:  (0)
[17051:17051:0301/124019.864829:INFO:CONSOLE(0)] "DEBUG: jQuery : 2.2.4", source:  (0)
[17051:17051:0301/124019.865134:INFO:CONSOLE(0)] "DEBUG: -------------------------------", source:  (0)
[17051:17051:0301/124019.904451:INFO:CONSOLE(0)] "DEBUG: For more advanced debugging, install the Ember Inspector from https://chrome.google.com/webstore/detail/ember-inspector/bmdblncegkenkacieihfhpjfppoconhi", source:  (0)
[17051:17051:0301/124031.878988:INFO:CONSOLE(0)] "DEBUG: -------------------------------", source:  (0)
[17051:17051:0301/124031.879198:INFO:CONSOLE(0)] "DEBUG: Ember  : 2.6.2", source:  (0)
[17051:17051:0301/124031.879371:INFO:CONSOLE(0)] "DEBUG: jQuery : 2.2.4", source:  (0)
[17051:17051:0301/124031.879556:INFO:CONSOLE(0)] "DEBUG: -------------------------------", source:  (0)
[17051:17051:0301/124031.917184:INFO:CONSOLE(0)] "DEBUG: For more advanced debugging, install the Ember Inspector from https://chrome.google.com/webstore/detail/ember-inspector/bmdblncegkenkacieihfhpjfppoconhi", source:  (0)
[17051:17051:0301/124043.159004:INFO:CONSOLE(0)] "DEBUG: -------------------------------", source:  (0)
[17051:17051:0301/124043.159217:INFO:CONSOLE(0)] "DEBUG: Ember  : 2.6.2", source:  (0)
[17051:17051:0301/124043.159391:INFO:CONSOLE(0)] "DEBUG: jQuery : 2.2.4", source:  (0)
[17051:17051:0301/124043.159569:INFO:CONSOLE(0)] "DEBUG: -------------------------------", source:  (0)
[17051:17051:0301/124043.196700:INFO:CONSOLE(0)] "DEBUG: For more advanced debugging, install the Ember Inspector from https://chrome.google.com/webstore/detail/ember-inspector/bmdblncegkenkacieihfhpjfppoconhi", source:  (0)
[17051:17051:0301/124054.549136:INFO:CONSOLE(0)] "DEBUG: -------------------------------", source:  (0)
[17051:17051:0301/124054.549353:INFO:CONSOLE(0)] "DEBUG: Ember  : 2.6.2", source:  (0)
[17051:17051:0301/124054.549527:INFO:CONSOLE(0)] "DEBUG: jQuery : 2.2.4", source:  (0)
[17051:17051:0301/124054.549705:INFO:CONSOLE(0)] "DEBUG: -------------------------------", source:  (0)
[17051:17051:0301/124054.588009:INFO:CONSOLE(0)] "DEBUG: For more advanced debugging, install the Ember Inspector from https://chrome.google.com/webstore/detail/ember-inspector/bmdblncegkenkacieihfhpjfppoconhi", source:  (0)
[17051:17051:0301/124105.661970:INFO:CONSOLE(0)] "DEBUG: -------------------------------", source:  (0)
[17051:17051:0301/124105.662170:INFO:CONSOLE(0)] "DEBUG: Ember  : 2.6.2", source:  (0)
[17051:17051:0301/124105.662356:INFO:CONSOLE(0)] "DEBUG: jQuery : 2.2.4", source:  (0)
[17051:17051:0301/124105.662534:INFO:CONSOLE(0)] "DEBUG: -------------------------------", source:  (0)
[17051:17051:0301/124105.700310:INFO:CONSOLE(0)] "DEBUG: For more advanced debugging, install the Ember Inspector from https://chrome.google.com/webstore/detail/ember-inspector/bmdblncegkenkacieihfhpjfppoconhi", source:  (0)
