[16325:16325:0301/123004.486796:WARNING:chrome_main_delegate.cc(618)] This is Chrome version 112.0.5572.0 (not a warning)
[16325:16340:0301/123004.662017:ERROR:bus.cc(399)] Failed to connect to the bus: Could not parse server address: Unknown address type (examples of valid types are "tcp" and on UNIX "unix")
[16325:16340:0301/123004.662063:ERROR:bus.cc(399)] Failed to connect to the bus: Could not parse server address: Unknown address type (examples of valid types are "tcp" and on UNIX "unix")
[16325:16325:0301/123004.700019:WARNING:account_consistency_mode_manager.cc(70)] Desktop Identity Consistency cannot be enabled as no OAuth client ID and client secret have been configured.
[16325:16340:0301/123004.707068:ERROR:bus.cc(399)] Failed to connect to the bus: Could not parse server address: Unknown address type (examples of valid types are "tcp" and on UNIX "unix")
[16325:16340:0301/123004.707102:ERROR:bus.cc(399)] Failed to connect to the bus: Could not parse server address: Unknown address type (examples of valid types are "tcp" and on UNIX "unix")
[16325:16325:0301/123004.893458:WARNING:bluez_dbus_manager.cc(247)] Floss manager not present, cannot set Floss enable/disable.
[16325:16417:0301/123004.979649:ERROR:object_proxy.cc(623)] Failed to call method: org.freedesktop.DBus.Properties.Get: object_path= /org/freedesktop/UPower: org.freedesktop.DBus.Error.ServiceUnknown: The name org.freedesktop.UPower was not provided by any .service files
[16325:16417:0301/123004.979671:WARNING:property.cc(144)] DaemonVersion: GetAndBlock: failed.
[16325:16417:0301/123004.979816:ERROR:object_proxy.cc(623)] Failed to call method: org.freedesktop.UPower.GetDisplayDevice: object_path= /org/freedesktop/UPower: org.freedesktop.DBus.Error.ServiceUnknown: The name org.freedesktop.UPower was not provided by any .service files
[16325:16417:0301/123004.980004:ERROR:object_proxy.cc(623)] Failed to call method: org.freedesktop.UPower.EnumerateDevices: object_path= /org/freedesktop/UPower: org.freedesktop.DBus.Error.ServiceUnknown: The name org.freedesktop.UPower was not provided by any .service files
[16325:16340:0301/123005.110939:ERROR:bus.cc(399)] Failed to connect to the bus: Could not parse server address: Unknown address type (examples of valid types are "tcp" and on UNIX "unix")
[16325:16340:0301/123005.119421:ERROR:bus.cc(399)] Failed to connect to the bus: Could not parse server address: Unknown address type (examples of valid types are "tcp" and on UNIX "unix")
[16325:16325:0301/123008.452387:INFO:optimization_guide_logger.cc(42)] ../../components/optimization_guide/core/hints_manager.cc(523) Hint cache initialized
[16325:16325:0301/123008.732877:INFO:optimization_guide_logger.cc(42)] ../../components/optimization_guide/content/browser/page_content_annotations_service.cc(309) PageContentAnnotationJob Result: BatchAnnotationResult{"Speedometer 2.1 Interactive Runner", type: ContentVisibility, output: nullopt}
[16325:16325:0301/123008.732960:INFO:optimization_guide_logger.cc(42)] ../../components/optimization_guide/content/browser/page_content_annotations_service.cc(309) PageContentAnnotationJob Result: BatchAnnotationResult{"Speedometer 2.1 Interactive Runner", type: PageEntities, output: nullopt}
[16325:16325:0301/123018.209025:INFO:CONSOLE(0)] "DEBUG: -------------------------------", source:  (0)
[16325:16325:0301/123018.209228:INFO:CONSOLE(0)] "DEBUG: Ember  : 2.6.2", source:  (0)
[16325:16325:0301/123018.209402:INFO:CONSOLE(0)] "DEBUG: jQuery : 2.2.4", source:  (0)
[16325:16325:0301/123018.209574:INFO:CONSOLE(0)] "DEBUG: -------------------------------", source:  (0)
[16325:16325:0301/123018.296673:INFO:CONSOLE(0)] "DEBUG: For more advanced debugging, install the Ember Inspector from https://chrome.google.com/webstore/detail/ember-inspector/bmdblncegkenkacieihfhpjfppoconhi", source:  (0)
[16325:16325:0301/123034.206140:INFO:CONSOLE(0)] "DEBUG: -------------------------------", source:  (0)
[16325:16325:0301/123034.206349:INFO:CONSOLE(0)] "DEBUG: Ember  : 2.6.2", source:  (0)
[16325:16325:0301/123034.206525:INFO:CONSOLE(0)] "DEBUG: jQuery : 2.2.4", source:  (0)
[16325:16325:0301/123034.206704:INFO:CONSOLE(0)] "DEBUG: -------------------------------", source:  (0)
[16325:16325:0301/123034.245948:INFO:CONSOLE(0)] "DEBUG: For more advanced debugging, install the Ember Inspector from https://chrome.google.com/webstore/detail/ember-inspector/bmdblncegkenkacieihfhpjfppoconhi", source:  (0)
[16325:16325:0301/123045.426117:INFO:CONSOLE(0)] "DEBUG: -------------------------------", source:  (0)
[16325:16325:0301/123045.426331:INFO:CONSOLE(0)] "DEBUG: Ember  : 2.6.2", source:  (0)
[16325:16325:0301/123045.426507:INFO:CONSOLE(0)] "DEBUG: jQuery : 2.2.4", source:  (0)
[16325:16325:0301/123045.426679:INFO:CONSOLE(0)] "DEBUG: -------------------------------", source:  (0)
[16325:16325:0301/123045.474023:INFO:CONSOLE(0)] "DEBUG: For more advanced debugging, install the Ember Inspector from https://chrome.google.com/webstore/detail/ember-inspector/bmdblncegkenkacieihfhpjfppoconhi", source:  (0)
[16325:16325:0301/123056.485115:INFO:CONSOLE(0)] "DEBUG: -------------------------------", source:  (0)
[16325:16325:0301/123056.485321:INFO:CONSOLE(0)] "DEBUG: Ember  : 2.6.2", source:  (0)
[16325:16325:0301/123056.485495:INFO:CONSOLE(0)] "DEBUG: jQuery : 2.2.4", source:  (0)
[16325:16325:0301/123056.485667:INFO:CONSOLE(0)] "DEBUG: -------------------------------", source:  (0)
[16325:16325:0301/123056.523341:INFO:CONSOLE(0)] "DEBUG: For more advanced debugging, install the Ember Inspector from https://chrome.google.com/webstore/detail/ember-inspector/bmdblncegkenkacieihfhpjfppoconhi", source:  (0)
[16325:16325:0301/123108.413677:INFO:CONSOLE(0)] "DEBUG: -------------------------------", source:  (0)
[16325:16325:0301/123108.413887:INFO:CONSOLE(0)] "DEBUG: Ember  : 2.6.2", source:  (0)
[16325:16325:0301/123108.414070:INFO:CONSOLE(0)] "DEBUG: jQuery : 2.2.4", source:  (0)
[16325:16325:0301/123108.414249:INFO:CONSOLE(0)] "DEBUG: -------------------------------", source:  (0)
[16325:16325:0301/123108.452868:INFO:CONSOLE(0)] "DEBUG: For more advanced debugging, install the Ember Inspector from https://chrome.google.com/webstore/detail/ember-inspector/bmdblncegkenkacieihfhpjfppoconhi", source:  (0)
[16325:16325:0301/123120.332899:INFO:CONSOLE(0)] "DEBUG: -------------------------------", source:  (0)
[16325:16325:0301/123120.333113:INFO:CONSOLE(0)] "DEBUG: Ember  : 2.6.2", source:  (0)
[16325:16325:0301/123120.333303:INFO:CONSOLE(0)] "DEBUG: jQuery : 2.2.4", source:  (0)
[16325:16325:0301/123120.333477:INFO:CONSOLE(0)] "DEBUG: -------------------------------", source:  (0)
[16325:16325:0301/123120.371169:INFO:CONSOLE(0)] "DEBUG: For more advanced debugging, install the Ember Inspector from https://chrome.google.com/webstore/detail/ember-inspector/bmdblncegkenkacieihfhpjfppoconhi", source:  (0)
[16325:16325:0301/123131.604780:INFO:CONSOLE(0)] "DEBUG: -------------------------------", source:  (0)
[16325:16325:0301/123131.604987:INFO:CONSOLE(0)] "DEBUG: Ember  : 2.6.2", source:  (0)
[16325:16325:0301/123131.605163:INFO:CONSOLE(0)] "DEBUG: jQuery : 2.2.4", source:  (0)
[16325:16325:0301/123131.605335:INFO:CONSOLE(0)] "DEBUG: -------------------------------", source:  (0)
[16325:16325:0301/123131.643236:INFO:CONSOLE(0)] "DEBUG: For more advanced debugging, install the Ember Inspector from https://chrome.google.com/webstore/detail/ember-inspector/bmdblncegkenkacieihfhpjfppoconhi", source:  (0)
[16325:16325:0301/123143.227371:INFO:CONSOLE(0)] "DEBUG: -------------------------------", source:  (0)
[16325:16325:0301/123143.227586:INFO:CONSOLE(0)] "DEBUG: Ember  : 2.6.2", source:  (0)
[16325:16325:0301/123143.227776:INFO:CONSOLE(0)] "DEBUG: jQuery : 2.2.4", source:  (0)
[16325:16325:0301/123143.227954:INFO:CONSOLE(0)] "DEBUG: -------------------------------", source:  (0)
[16325:16325:0301/123143.267453:INFO:CONSOLE(0)] "DEBUG: For more advanced debugging, install the Ember Inspector from https://chrome.google.com/webstore/detail/ember-inspector/bmdblncegkenkacieihfhpjfppoconhi", source:  (0)
[16325:16325:0301/123154.458091:INFO:CONSOLE(0)] "DEBUG: -------------------------------", source:  (0)
[16325:16325:0301/123154.458310:INFO:CONSOLE(0)] "DEBUG: Ember  : 2.6.2", source:  (0)
[16325:16325:0301/123154.458486:INFO:CONSOLE(0)] "DEBUG: jQuery : 2.2.4", source:  (0)
[16325:16325:0301/123154.458658:INFO:CONSOLE(0)] "DEBUG: -------------------------------", source:  (0)
[16325:16325:0301/123154.496415:INFO:CONSOLE(0)] "DEBUG: For more advanced debugging, install the Ember Inspector from https://chrome.google.com/webstore/detail/ember-inspector/bmdblncegkenkacieihfhpjfppoconhi", source:  (0)
[16325:16325:0301/123205.926510:INFO:CONSOLE(0)] "DEBUG: -------------------------------", source:  (0)
[16325:16325:0301/123205.926715:INFO:CONSOLE(0)] "DEBUG: Ember  : 2.6.2", source:  (0)
[16325:16325:0301/123205.926889:INFO:CONSOLE(0)] "DEBUG: jQuery : 2.2.4", source:  (0)
[16325:16325:0301/123205.927068:INFO:CONSOLE(0)] "DEBUG: -------------------------------", source:  (0)
[16325:16325:0301/123205.965623:INFO:CONSOLE(0)] "DEBUG: For more advanced debugging, install the Ember Inspector from https://chrome.google.com/webstore/detail/ember-inspector/bmdblncegkenkacieihfhpjfppoconhi", source:  (0)
