[22448:22448:0301/135006.134245:WARNING:chrome_main_delegate.cc(618)] This is Chrome version 112.0.5572.0 (not a warning)
[22448:22463:0301/135006.310209:ERROR:bus.cc(399)] Failed to connect to the bus: Could not parse server address: Unknown address type (examples of valid types are "tcp" and on UNIX "unix")
[22448:22463:0301/135006.310260:ERROR:bus.cc(399)] Failed to connect to the bus: Could not parse server address: Unknown address type (examples of valid types are "tcp" and on UNIX "unix")
[22448:22448:0301/135006.354084:WARNING:account_consistency_mode_manager.cc(70)] Desktop Identity Consistency cannot be enabled as no OAuth client ID and client secret have been configured.
[22448:22463:0301/135006.361199:ERROR:bus.cc(399)] Failed to connect to the bus: Could not parse server address: Unknown address type (examples of valid types are "tcp" and on UNIX "unix")
[22448:22463:0301/135006.361233:ERROR:bus.cc(399)] Failed to connect to the bus: Could not parse server address: Unknown address type (examples of valid types are "tcp" and on UNIX "unix")
[22448:22448:0301/135006.557376:WARNING:bluez_dbus_manager.cc(247)] Floss manager not present, cannot set Floss enable/disable.
[22448:22539:0301/135006.591140:ERROR:object_proxy.cc(623)] Failed to call method: org.freedesktop.DBus.Properties.Get: object_path= /org/freedesktop/UPower: org.freedesktop.DBus.Error.ServiceUnknown: The name org.freedesktop.UPower was not provided by any .service files
[22448:22539:0301/135006.591165:WARNING:property.cc(144)] DaemonVersion: GetAndBlock: failed.
[22448:22539:0301/135006.591270:ERROR:object_proxy.cc(623)] Failed to call method: org.freedesktop.UPower.GetDisplayDevice: object_path= /org/freedesktop/UPower: org.freedesktop.DBus.Error.ServiceUnknown: The name org.freedesktop.UPower was not provided by any .service files
[22448:22539:0301/135006.591374:ERROR:object_proxy.cc(623)] Failed to call method: org.freedesktop.UPower.EnumerateDevices: object_path= /org/freedesktop/UPower: org.freedesktop.DBus.Error.ServiceUnknown: The name org.freedesktop.UPower was not provided by any .service files
[22448:22463:0301/135006.768266:ERROR:bus.cc(399)] Failed to connect to the bus: Could not parse server address: Unknown address type (examples of valid types are "tcp" and on UNIX "unix")
[22448:22463:0301/135006.776976:ERROR:bus.cc(399)] Failed to connect to the bus: Could not parse server address: Unknown address type (examples of valid types are "tcp" and on UNIX "unix")
[22448:22448:0301/135010.444783:INFO:optimization_guide_logger.cc(42)] ../../components/optimization_guide/content/browser/page_content_annotations_service.cc(309) PageContentAnnotationJob Result: BatchAnnotationResult{"Speedometer 2.1 Interactive Runner", type: ContentVisibility, output: nullopt}
[22448:22448:0301/135010.444852:INFO:optimization_guide_logger.cc(42)] ../../components/optimization_guide/content/browser/page_content_annotations_service.cc(309) PageContentAnnotationJob Result: BatchAnnotationResult{"Speedometer 2.1 Interactive Runner", type: PageEntities, output: nullopt}
[22448:22448:0301/135010.446154:INFO:optimization_guide_logger.cc(42)] ../../components/optimization_guide/core/hints_manager.cc(523) Hint cache initialized
[22448:22448:0301/135018.158215:INFO:CONSOLE(0)] "DEBUG: -------------------------------", source:  (0)
[22448:22448:0301/135018.158429:INFO:CONSOLE(0)] "DEBUG: Ember  : 2.6.2", source:  (0)
[22448:22448:0301/135018.158602:INFO:CONSOLE(0)] "DEBUG: jQuery : 2.2.4", source:  (0)
[22448:22448:0301/135018.158779:INFO:CONSOLE(0)] "DEBUG: -------------------------------", source:  (0)
[22448:22448:0301/135018.245513:INFO:CONSOLE(0)] "DEBUG: For more advanced debugging, install the Ember Inspector from https://chrome.google.com/webstore/detail/ember-inspector/bmdblncegkenkacieihfhpjfppoconhi", source:  (0)
[22448:22448:0301/135034.364389:INFO:CONSOLE(0)] "DEBUG: -------------------------------", source:  (0)
[22448:22448:0301/135034.364598:INFO:CONSOLE(0)] "DEBUG: Ember  : 2.6.2", source:  (0)
[22448:22448:0301/135034.364773:INFO:CONSOLE(0)] "DEBUG: jQuery : 2.2.4", source:  (0)
[22448:22448:0301/135034.364952:INFO:CONSOLE(0)] "DEBUG: -------------------------------", source:  (0)
[22448:22448:0301/135034.404152:INFO:CONSOLE(0)] "DEBUG: For more advanced debugging, install the Ember Inspector from https://chrome.google.com/webstore/detail/ember-inspector/bmdblncegkenkacieihfhpjfppoconhi", source:  (0)
[22448:22448:0301/135045.624100:INFO:CONSOLE(0)] "DEBUG: -------------------------------", source:  (0)
[22448:22448:0301/135045.624306:INFO:CONSOLE(0)] "DEBUG: Ember  : 2.6.2", source:  (0)
[22448:22448:0301/135045.624480:INFO:CONSOLE(0)] "DEBUG: jQuery : 2.2.4", source:  (0)
[22448:22448:0301/135045.624657:INFO:CONSOLE(0)] "DEBUG: -------------------------------", source:  (0)
[22448:22448:0301/135045.664512:INFO:CONSOLE(0)] "DEBUG: For more advanced debugging, install the Ember Inspector from https://chrome.google.com/webstore/detail/ember-inspector/bmdblncegkenkacieihfhpjfppoconhi", source:  (0)
[22448:22448:0301/135056.851280:INFO:CONSOLE(0)] "DEBUG: -------------------------------", source:  (0)
[22448:22448:0301/135056.851485:INFO:CONSOLE(0)] "DEBUG: Ember  : 2.6.2", source:  (0)
[22448:22448:0301/135056.851658:INFO:CONSOLE(0)] "DEBUG: jQuery : 2.2.4", source:  (0)
[22448:22448:0301/135056.851828:INFO:CONSOLE(0)] "DEBUG: -------------------------------", source:  (0)
[22448:22448:0301/135056.890419:INFO:CONSOLE(0)] "DEBUG: For more advanced debugging, install the Ember Inspector from https://chrome.google.com/webstore/detail/ember-inspector/bmdblncegkenkacieihfhpjfppoconhi", source:  (0)
[22448:22448:0301/135108.025209:INFO:CONSOLE(0)] "DEBUG: -------------------------------", source:  (0)
[22448:22448:0301/135108.025417:INFO:CONSOLE(0)] "DEBUG: Ember  : 2.6.2", source:  (0)
[22448:22448:0301/135108.025590:INFO:CONSOLE(0)] "DEBUG: jQuery : 2.2.4", source:  (0)
[22448:22448:0301/135108.025761:INFO:CONSOLE(0)] "DEBUG: -------------------------------", source:  (0)
[22448:22448:0301/135108.063317:INFO:CONSOLE(0)] "DEBUG: For more advanced debugging, install the Ember Inspector from https://chrome.google.com/webstore/detail/ember-inspector/bmdblncegkenkacieihfhpjfppoconhi", source:  (0)
[22448:22448:0301/135119.233174:INFO:CONSOLE(0)] "DEBUG: -------------------------------", source:  (0)
[22448:22448:0301/135119.233388:INFO:CONSOLE(0)] "DEBUG: Ember  : 2.6.2", source:  (0)
[22448:22448:0301/135119.233562:INFO:CONSOLE(0)] "DEBUG: jQuery : 2.2.4", source:  (0)
[22448:22448:0301/135119.233734:INFO:CONSOLE(0)] "DEBUG: -------------------------------", source:  (0)
[22448:22448:0301/135119.271698:INFO:CONSOLE(0)] "DEBUG: For more advanced debugging, install the Ember Inspector from https://chrome.google.com/webstore/detail/ember-inspector/bmdblncegkenkacieihfhpjfppoconhi", source:  (0)
[22448:22448:0301/135130.832640:INFO:CONSOLE(0)] "DEBUG: -------------------------------", source:  (0)
[22448:22448:0301/135130.832846:INFO:CONSOLE(0)] "DEBUG: Ember  : 2.6.2", source:  (0)
[22448:22448:0301/135130.833019:INFO:CONSOLE(0)] "DEBUG: jQuery : 2.2.4", source:  (0)
[22448:22448:0301/135130.833189:INFO:CONSOLE(0)] "DEBUG: -------------------------------", source:  (0)
[22448:22448:0301/135130.871494:INFO:CONSOLE(0)] "DEBUG: For more advanced debugging, install the Ember Inspector from https://chrome.google.com/webstore/detail/ember-inspector/bmdblncegkenkacieihfhpjfppoconhi", source:  (0)
[22448:22448:0301/135142.094958:INFO:CONSOLE(0)] "DEBUG: -------------------------------", source:  (0)
[22448:22448:0301/135142.095167:INFO:CONSOLE(0)] "DEBUG: Ember  : 2.6.2", source:  (0)
[22448:22448:0301/135142.095341:INFO:CONSOLE(0)] "DEBUG: jQuery : 2.2.4", source:  (0)
[22448:22448:0301/135142.095511:INFO:CONSOLE(0)] "DEBUG: -------------------------------", source:  (0)
[22448:22448:0301/135142.132963:INFO:CONSOLE(0)] "DEBUG: For more advanced debugging, install the Ember Inspector from https://chrome.google.com/webstore/detail/ember-inspector/bmdblncegkenkacieihfhpjfppoconhi", source:  (0)
[22448:22448:0301/135153.678694:INFO:CONSOLE(0)] "DEBUG: -------------------------------", source:  (0)
[22448:22448:0301/135153.678906:INFO:CONSOLE(0)] "DEBUG: Ember  : 2.6.2", source:  (0)
[22448:22448:0301/135153.679079:INFO:CONSOLE(0)] "DEBUG: jQuery : 2.2.4", source:  (0)
[22448:22448:0301/135153.679256:INFO:CONSOLE(0)] "DEBUG: -------------------------------", source:  (0)
[22448:22448:0301/135153.724977:INFO:CONSOLE(0)] "DEBUG: For more advanced debugging, install the Ember Inspector from https://chrome.google.com/webstore/detail/ember-inspector/bmdblncegkenkacieihfhpjfppoconhi", source:  (0)
[22448:22448:0301/135205.175680:INFO:CONSOLE(0)] "DEBUG: -------------------------------", source:  (0)
[22448:22448:0301/135205.175961:INFO:CONSOLE(0)] "DEBUG: Ember  : 2.6.2", source:  (0)
[22448:22448:0301/135205.176136:INFO:CONSOLE(0)] "DEBUG: jQuery : 2.2.4", source:  (0)
[22448:22448:0301/135205.176314:INFO:CONSOLE(0)] "DEBUG: -------------------------------", source:  (0)
[22448:22448:0301/135205.213487:INFO:CONSOLE(0)] "DEBUG: For more advanced debugging, install the Ember Inspector from https://chrome.google.com/webstore/detail/ember-inspector/bmdblncegkenkacieihfhpjfppoconhi", source:  (0)
