[22611:22611:0301/135218.999458:WARNING:chrome_main_delegate.cc(618)] This is Chrome version 112.0.5572.0 (not a warning)
[22611:22625:0301/135219.174004:ERROR:bus.cc(399)] Failed to connect to the bus: Could not parse server address: Unknown address type (examples of valid types are "tcp" and on UNIX "unix")
[22611:22625:0301/135219.174037:ERROR:bus.cc(399)] Failed to connect to the bus: Could not parse server address: Unknown address type (examples of valid types are "tcp" and on UNIX "unix")
[22611:22611:0301/135219.206299:WARNING:account_consistency_mode_manager.cc(70)] Desktop Identity Consistency cannot be enabled as no OAuth client ID and client secret have been configured.
[22611:22625:0301/135219.213269:ERROR:bus.cc(399)] Failed to connect to the bus: Could not parse server address: Unknown address type (examples of valid types are "tcp" and on UNIX "unix")
[22611:22625:0301/135219.213299:ERROR:bus.cc(399)] Failed to connect to the bus: Could not parse server address: Unknown address type (examples of valid types are "tcp" and on UNIX "unix")
[22611:22611:0301/135219.403759:WARNING:bluez_dbus_manager.cc(247)] Floss manager not present, cannot set Floss enable/disable.
[22611:22702:0301/135219.428956:ERROR:object_proxy.cc(623)] Failed to call method: org.freedesktop.DBus.Properties.Get: object_path= /org/freedesktop/UPower: org.freedesktop.DBus.Error.ServiceUnknown: The name org.freedesktop.UPower was not provided by any .service files
[22611:22702:0301/135219.428978:WARNING:property.cc(144)] DaemonVersion: GetAndBlock: failed.
[22611:22702:0301/135219.429076:ERROR:object_proxy.cc(623)] Failed to call method: org.freedesktop.UPower.GetDisplayDevice: object_path= /org/freedesktop/UPower: org.freedesktop.DBus.Error.ServiceUnknown: The name org.freedesktop.UPower was not provided by any .service files
[22611:22702:0301/135219.429168:ERROR:object_proxy.cc(623)] Failed to call method: org.freedesktop.UPower.EnumerateDevices: object_path= /org/freedesktop/UPower: org.freedesktop.DBus.Error.ServiceUnknown: The name org.freedesktop.UPower was not provided by any .service files
[22611:22625:0301/135219.692848:ERROR:bus.cc(399)] Failed to connect to the bus: Could not parse server address: Unknown address type (examples of valid types are "tcp" and on UNIX "unix")
[22611:22625:0301/135219.701793:ERROR:bus.cc(399)] Failed to connect to the bus: Could not parse server address: Unknown address type (examples of valid types are "tcp" and on UNIX "unix")
[22611:22611:0301/135222.792528:INFO:optimization_guide_logger.cc(42)] ../../components/optimization_guide/core/hints_manager.cc(523) Hint cache initialized
[22611:22611:0301/135223.285172:INFO:optimization_guide_logger.cc(42)] ../../components/optimization_guide/content/browser/page_content_annotations_service.cc(309) PageContentAnnotationJob Result: BatchAnnotationResult{"Speedometer 2.1 Interactive Runner", type: ContentVisibility, output: nullopt}
[22611:22611:0301/135223.285241:INFO:optimization_guide_logger.cc(42)] ../../components/optimization_guide/content/browser/page_content_annotations_service.cc(309) PageContentAnnotationJob Result: BatchAnnotationResult{"Speedometer 2.1 Interactive Runner", type: PageEntities, output: nullopt}
[22611:22611:0301/135230.911431:INFO:CONSOLE(0)] "DEBUG: -------------------------------", source:  (0)
[22611:22611:0301/135230.911645:INFO:CONSOLE(0)] "DEBUG: Ember  : 2.6.2", source:  (0)
[22611:22611:0301/135230.911820:INFO:CONSOLE(0)] "DEBUG: jQuery : 2.2.4", source:  (0)
[22611:22611:0301/135230.911992:INFO:CONSOLE(0)] "DEBUG: -------------------------------", source:  (0)
[22611:22611:0301/135230.997786:INFO:CONSOLE(0)] "DEBUG: For more advanced debugging, install the Ember Inspector from https://chrome.google.com/webstore/detail/ember-inspector/bmdblncegkenkacieihfhpjfppoconhi", source:  (0)
[22611:22611:0301/135246.847872:INFO:CONSOLE(0)] "DEBUG: -------------------------------", source:  (0)
[22611:22611:0301/135246.848078:INFO:CONSOLE(0)] "DEBUG: Ember  : 2.6.2", source:  (0)
[22611:22611:0301/135246.848261:INFO:CONSOLE(0)] "DEBUG: jQuery : 2.2.4", source:  (0)
[22611:22611:0301/135246.848441:INFO:CONSOLE(0)] "DEBUG: -------------------------------", source:  (0)
[22611:22611:0301/135246.886354:INFO:CONSOLE(0)] "DEBUG: For more advanced debugging, install the Ember Inspector from https://chrome.google.com/webstore/detail/ember-inspector/bmdblncegkenkacieihfhpjfppoconhi", source:  (0)
[22611:22611:0301/135257.881194:INFO:CONSOLE(0)] "DEBUG: -------------------------------", source:  (0)
[22611:22611:0301/135257.881614:INFO:CONSOLE(0)] "DEBUG: Ember  : 2.6.2", source:  (0)
[22611:22611:0301/135257.881794:INFO:CONSOLE(0)] "DEBUG: jQuery : 2.2.4", source:  (0)
[22611:22611:0301/135257.881967:INFO:CONSOLE(0)] "DEBUG: -------------------------------", source:  (0)
[22611:22611:0301/135257.933662:INFO:CONSOLE(0)] "DEBUG: For more advanced debugging, install the Ember Inspector from https://chrome.google.com/webstore/detail/ember-inspector/bmdblncegkenkacieihfhpjfppoconhi", source:  (0)
[22611:22611:0301/135308.886528:INFO:CONSOLE(0)] "DEBUG: -------------------------------", source:  (0)
[22611:22611:0301/135308.886736:INFO:CONSOLE(0)] "DEBUG: Ember  : 2.6.2", source:  (0)
[22611:22611:0301/135308.886911:INFO:CONSOLE(0)] "DEBUG: jQuery : 2.2.4", source:  (0)
[22611:22611:0301/135308.887084:INFO:CONSOLE(0)] "DEBUG: -------------------------------", source:  (0)
[22611:22611:0301/135308.924286:INFO:CONSOLE(0)] "DEBUG: For more advanced debugging, install the Ember Inspector from https://chrome.google.com/webstore/detail/ember-inspector/bmdblncegkenkacieihfhpjfppoconhi", source:  (0)
[22611:22611:0301/135320.270094:INFO:CONSOLE(0)] "DEBUG: -------------------------------", source:  (0)
[22611:22611:0301/135320.270309:INFO:CONSOLE(0)] "DEBUG: Ember  : 2.6.2", source:  (0)
[22611:22611:0301/135320.270486:INFO:CONSOLE(0)] "DEBUG: jQuery : 2.2.4", source:  (0)
[22611:22611:0301/135320.270659:INFO:CONSOLE(0)] "DEBUG: -------------------------------", source:  (0)
[22611:22611:0301/135320.307947:INFO:CONSOLE(0)] "DEBUG: For more advanced debugging, install the Ember Inspector from https://chrome.google.com/webstore/detail/ember-inspector/bmdblncegkenkacieihfhpjfppoconhi", source:  (0)
[22611:22611:0301/135331.860283:INFO:CONSOLE(0)] "DEBUG: -------------------------------", source:  (0)
[22611:22611:0301/135331.860501:INFO:CONSOLE(0)] "DEBUG: Ember  : 2.6.2", source:  (0)
[22611:22611:0301/135331.860677:INFO:CONSOLE(0)] "DEBUG: jQuery : 2.2.4", source:  (0)
[22611:22611:0301/135331.860850:INFO:CONSOLE(0)] "DEBUG: -------------------------------", source:  (0)
[22611:22611:0301/135331.898334:INFO:CONSOLE(0)] "DEBUG: For more advanced debugging, install the Ember Inspector from https://chrome.google.com/webstore/detail/ember-inspector/bmdblncegkenkacieihfhpjfppoconhi", source:  (0)
[22611:22611:0301/135344.103004:INFO:CONSOLE(0)] "DEBUG: -------------------------------", source:  (0)
[22611:22611:0301/135344.103215:INFO:CONSOLE(0)] "DEBUG: Ember  : 2.6.2", source:  (0)
[22611:22611:0301/135344.103393:INFO:CONSOLE(0)] "DEBUG: jQuery : 2.2.4", source:  (0)
[22611:22611:0301/135344.103567:INFO:CONSOLE(0)] "DEBUG: -------------------------------", source:  (0)
[22611:22611:0301/135344.148117:INFO:CONSOLE(0)] "DEBUG: For more advanced debugging, install the Ember Inspector from https://chrome.google.com/webstore/detail/ember-inspector/bmdblncegkenkacieihfhpjfppoconhi", source:  (0)
[22611:22611:0301/135355.636417:INFO:CONSOLE(0)] "DEBUG: -------------------------------", source:  (0)
[22611:22611:0301/135355.636628:INFO:CONSOLE(0)] "DEBUG: Ember  : 2.6.2", source:  (0)
[22611:22611:0301/135355.636804:INFO:CONSOLE(0)] "DEBUG: jQuery : 2.2.4", source:  (0)
[22611:22611:0301/135355.636977:INFO:CONSOLE(0)] "DEBUG: -------------------------------", source:  (0)
[22611:22611:0301/135355.682798:INFO:CONSOLE(0)] "DEBUG: For more advanced debugging, install the Ember Inspector from https://chrome.google.com/webstore/detail/ember-inspector/bmdblncegkenkacieihfhpjfppoconhi", source:  (0)
[22611:22611:0301/135408.185289:INFO:CONSOLE(0)] "DEBUG: -------------------------------", source:  (0)
[22611:22611:0301/135408.185516:INFO:CONSOLE(0)] "DEBUG: Ember  : 2.6.2", source:  (0)
[22611:22611:0301/135408.185694:INFO:CONSOLE(0)] "DEBUG: jQuery : 2.2.4", source:  (0)
[22611:22611:0301/135408.185868:INFO:CONSOLE(0)] "DEBUG: -------------------------------", source:  (0)
[22611:22611:0301/135408.224977:INFO:CONSOLE(0)] "DEBUG: For more advanced debugging, install the Ember Inspector from https://chrome.google.com/webstore/detail/ember-inspector/bmdblncegkenkacieihfhpjfppoconhi", source:  (0)
[22611:22611:0301/135420.367436:INFO:CONSOLE(0)] "DEBUG: -------------------------------", source:  (0)
[22611:22611:0301/135420.367642:INFO:CONSOLE(0)] "DEBUG: Ember  : 2.6.2", source:  (0)
[22611:22611:0301/135420.367817:INFO:CONSOLE(0)] "DEBUG: jQuery : 2.2.4", source:  (0)
[22611:22611:0301/135420.367998:INFO:CONSOLE(0)] "DEBUG: -------------------------------", source:  (0)
[22611:22611:0301/135420.406146:INFO:CONSOLE(0)] "DEBUG: For more advanced debugging, install the Ember Inspector from https://chrome.google.com/webstore/detail/ember-inspector/bmdblncegkenkacieihfhpjfppoconhi", source:  (0)
