[19579:19579:0301/131229.740667:WARNING:chrome_main_delegate.cc(618)] This is Chrome version 112.0.5572.0 (not a warning)
[19579:19594:0301/131229.899262:ERROR:bus.cc(399)] Failed to connect to the bus: Could not parse server address: Unknown address type (examples of valid types are "tcp" and on UNIX "unix")
[19579:19594:0301/131229.899297:ERROR:bus.cc(399)] Failed to connect to the bus: Could not parse server address: Unknown address type (examples of valid types are "tcp" and on UNIX "unix")
[19579:19579:0301/131229.937417:WARNING:account_consistency_mode_manager.cc(70)] Desktop Identity Consistency cannot be enabled as no OAuth client ID and client secret have been configured.
[19579:19594:0301/131229.944394:ERROR:bus.cc(399)] Failed to connect to the bus: Could not parse server address: Unknown address type (examples of valid types are "tcp" and on UNIX "unix")
[19579:19594:0301/131229.944433:ERROR:bus.cc(399)] Failed to connect to the bus: Could not parse server address: Unknown address type (examples of valid types are "tcp" and on UNIX "unix")
[19579:19579:0301/131230.105441:WARNING:bluez_dbus_manager.cc(247)] Floss manager not present, cannot set Floss enable/disable.
[19579:19674:0301/131230.201123:ERROR:object_proxy.cc(623)] Failed to call method: org.freedesktop.DBus.Properties.Get: object_path= /org/freedesktop/UPower: org.freedesktop.DBus.Error.ServiceUnknown: The name org.freedesktop.UPower was not provided by any .service files
[19579:19674:0301/131230.201146:WARNING:property.cc(144)] DaemonVersion: GetAndBlock: failed.
[19579:19674:0301/131230.201265:ERROR:object_proxy.cc(623)] Failed to call method: org.freedesktop.UPower.GetDisplayDevice: object_path= /org/freedesktop/UPower: org.freedesktop.DBus.Error.ServiceUnknown: The name org.freedesktop.UPower was not provided by any .service files
[19579:19674:0301/131230.201434:ERROR:object_proxy.cc(623)] Failed to call method: org.freedesktop.UPower.EnumerateDevices: object_path= /org/freedesktop/UPower: org.freedesktop.DBus.Error.ServiceUnknown: The name org.freedesktop.UPower was not provided by any .service files
[19579:19594:0301/131230.416213:ERROR:bus.cc(399)] Failed to connect to the bus: Could not parse server address: Unknown address type (examples of valid types are "tcp" and on UNIX "unix")
[19579:19594:0301/131230.424751:ERROR:bus.cc(399)] Failed to connect to the bus: Could not parse server address: Unknown address type (examples of valid types are "tcp" and on UNIX "unix")
[19579:19579:0301/131234.091345:INFO:optimization_guide_logger.cc(42)] ../../components/optimization_guide/core/hints_manager.cc(523) Hint cache initialized
[19579:19579:0301/131234.150520:INFO:optimization_guide_logger.cc(42)] ../../components/optimization_guide/content/browser/page_content_annotations_service.cc(309) PageContentAnnotationJob Result: BatchAnnotationResult{"Speedometer 2.1 Interactive Runner", type: ContentVisibility, output: nullopt}
[19579:19579:0301/131234.150589:INFO:optimization_guide_logger.cc(42)] ../../components/optimization_guide/content/browser/page_content_annotations_service.cc(309) PageContentAnnotationJob Result: BatchAnnotationResult{"Speedometer 2.1 Interactive Runner", type: PageEntities, output: nullopt}
[19579:19579:0301/131243.397001:INFO:CONSOLE(0)] "DEBUG: -------------------------------", source:  (0)
[19579:19579:0301/131243.397213:INFO:CONSOLE(0)] "DEBUG: Ember  : 2.6.2", source:  (0)
[19579:19579:0301/131243.397389:INFO:CONSOLE(0)] "DEBUG: jQuery : 2.2.4", source:  (0)
[19579:19579:0301/131243.397561:INFO:CONSOLE(0)] "DEBUG: -------------------------------", source:  (0)
[19579:19579:0301/131243.483907:INFO:CONSOLE(0)] "DEBUG: For more advanced debugging, install the Ember Inspector from https://chrome.google.com/webstore/detail/ember-inspector/bmdblncegkenkacieihfhpjfppoconhi", source:  (0)
[19579:19579:0301/131300.120088:INFO:CONSOLE(0)] "DEBUG: -------------------------------", source:  (0)
[19579:19579:0301/131300.120299:INFO:CONSOLE(0)] "DEBUG: Ember  : 2.6.2", source:  (0)
[19579:19579:0301/131300.120473:INFO:CONSOLE(0)] "DEBUG: jQuery : 2.2.4", source:  (0)
[19579:19579:0301/131300.120717:INFO:CONSOLE(0)] "DEBUG: -------------------------------", source:  (0)
[19579:19579:0301/131300.160060:INFO:CONSOLE(0)] "DEBUG: For more advanced debugging, install the Ember Inspector from https://chrome.google.com/webstore/detail/ember-inspector/bmdblncegkenkacieihfhpjfppoconhi", source:  (0)
[19579:19579:0301/131311.207419:INFO:CONSOLE(0)] "DEBUG: -------------------------------", source:  (0)
[19579:19579:0301/131311.207625:INFO:CONSOLE(0)] "DEBUG: Ember  : 2.6.2", source:  (0)
[19579:19579:0301/131311.207800:INFO:CONSOLE(0)] "DEBUG: jQuery : 2.2.4", source:  (0)
[19579:19579:0301/131311.207971:INFO:CONSOLE(0)] "DEBUG: -------------------------------", source:  (0)
[19579:19579:0301/131311.252676:INFO:CONSOLE(0)] "DEBUG: For more advanced debugging, install the Ember Inspector from https://chrome.google.com/webstore/detail/ember-inspector/bmdblncegkenkacieihfhpjfppoconhi", source:  (0)
[19579:19579:0301/131322.320770:INFO:CONSOLE(0)] "DEBUG: -------------------------------", source:  (0)
[19579:19579:0301/131322.320985:INFO:CONSOLE(0)] "DEBUG: Ember  : 2.6.2", source:  (0)
[19579:19579:0301/131322.321164:INFO:CONSOLE(0)] "DEBUG: jQuery : 2.2.4", source:  (0)
[19579:19579:0301/131322.321340:INFO:CONSOLE(0)] "DEBUG: -------------------------------", source:  (0)
[19579:19579:0301/131322.362525:INFO:CONSOLE(0)] "DEBUG: For more advanced debugging, install the Ember Inspector from https://chrome.google.com/webstore/detail/ember-inspector/bmdblncegkenkacieihfhpjfppoconhi", source:  (0)
[19579:19579:0301/131333.383639:INFO:CONSOLE(0)] "DEBUG: -------------------------------", source:  (0)
[19579:19579:0301/131333.383850:INFO:CONSOLE(0)] "DEBUG: Ember  : 2.6.2", source:  (0)
[19579:19579:0301/131333.384025:INFO:CONSOLE(0)] "DEBUG: jQuery : 2.2.4", source:  (0)
[19579:19579:0301/131333.384197:INFO:CONSOLE(0)] "DEBUG: -------------------------------", source:  (0)
[19579:19579:0301/131333.422321:INFO:CONSOLE(0)] "DEBUG: For more advanced debugging, install the Ember Inspector from https://chrome.google.com/webstore/detail/ember-inspector/bmdblncegkenkacieihfhpjfppoconhi", source:  (0)
[19579:19579:0301/131344.754185:INFO:CONSOLE(0)] "DEBUG: -------------------------------", source:  (0)
[19579:19579:0301/131344.754402:INFO:CONSOLE(0)] "DEBUG: Ember  : 2.6.2", source:  (0)
[19579:19579:0301/131344.754587:INFO:CONSOLE(0)] "DEBUG: jQuery : 2.2.4", source:  (0)
[19579:19579:0301/131344.754758:INFO:CONSOLE(0)] "DEBUG: -------------------------------", source:  (0)
[19579:19579:0301/131344.792761:INFO:CONSOLE(0)] "DEBUG: For more advanced debugging, install the Ember Inspector from https://chrome.google.com/webstore/detail/ember-inspector/bmdblncegkenkacieihfhpjfppoconhi", source:  (0)
[19579:19579:0301/131355.964505:INFO:CONSOLE(0)] "DEBUG: -------------------------------", source:  (0)
[19579:19579:0301/131355.964713:INFO:CONSOLE(0)] "DEBUG: Ember  : 2.6.2", source:  (0)
[19579:19579:0301/131355.964888:INFO:CONSOLE(0)] "DEBUG: jQuery : 2.2.4", source:  (0)
[19579:19579:0301/131355.965060:INFO:CONSOLE(0)] "DEBUG: -------------------------------", source:  (0)
[19579:19579:0301/131356.002428:INFO:CONSOLE(0)] "DEBUG: For more advanced debugging, install the Ember Inspector from https://chrome.google.com/webstore/detail/ember-inspector/bmdblncegkenkacieihfhpjfppoconhi", source:  (0)
[19579:19579:0301/131407.100261:INFO:CONSOLE(0)] "DEBUG: -------------------------------", source:  (0)
[19579:19579:0301/131407.100486:INFO:CONSOLE(0)] "DEBUG: Ember  : 2.6.2", source:  (0)
[19579:19579:0301/131407.100663:INFO:CONSOLE(0)] "DEBUG: jQuery : 2.2.4", source:  (0)
[19579:19579:0301/131407.100835:INFO:CONSOLE(0)] "DEBUG: -------------------------------", source:  (0)
[19579:19579:0301/131407.138061:INFO:CONSOLE(0)] "DEBUG: For more advanced debugging, install the Ember Inspector from https://chrome.google.com/webstore/detail/ember-inspector/bmdblncegkenkacieihfhpjfppoconhi", source:  (0)
[19579:19579:0301/131418.358449:INFO:CONSOLE(0)] "DEBUG: -------------------------------", source:  (0)
[19579:19579:0301/131418.358668:INFO:CONSOLE(0)] "DEBUG: Ember  : 2.6.2", source:  (0)
[19579:19579:0301/131418.358842:INFO:CONSOLE(0)] "DEBUG: jQuery : 2.2.4", source:  (0)
[19579:19579:0301/131418.359014:INFO:CONSOLE(0)] "DEBUG: -------------------------------", source:  (0)
[19579:19579:0301/131418.396468:INFO:CONSOLE(0)] "DEBUG: For more advanced debugging, install the Ember Inspector from https://chrome.google.com/webstore/detail/ember-inspector/bmdblncegkenkacieihfhpjfppoconhi", source:  (0)
[19579:19579:0301/131429.910138:INFO:CONSOLE(0)] "DEBUG: -------------------------------", source:  (0)
[19579:19579:0301/131429.910347:INFO:CONSOLE(0)] "DEBUG: Ember  : 2.6.2", source:  (0)
[19579:19579:0301/131429.910523:INFO:CONSOLE(0)] "DEBUG: jQuery : 2.2.4", source:  (0)
[19579:19579:0301/131429.910694:INFO:CONSOLE(0)] "DEBUG: -------------------------------", source:  (0)
[19579:19579:0301/131429.949720:INFO:CONSOLE(0)] "DEBUG: For more advanced debugging, install the Ember Inspector from https://chrome.google.com/webstore/detail/ember-inspector/bmdblncegkenkacieihfhpjfppoconhi", source:  (0)
