[7617:7617:0301/220338.482389:WARNING:chrome_main_delegate.cc(618)] This is Chrome version 112.0.5572.0 (not a warning)
[7617:7632:0301/220338.658186:ERROR:bus.cc(399)] Failed to connect to the bus: Could not parse server address: Unknown address type (examples of valid types are "tcp" and on UNIX "unix")
[7617:7632:0301/220338.658222:ERROR:bus.cc(399)] Failed to connect to the bus: Could not parse server address: Unknown address type (examples of valid types are "tcp" and on UNIX "unix")
[7617:7617:0301/220338.693283:WARNING:account_consistency_mode_manager.cc(70)] Desktop Identity Consistency cannot be enabled as no OAuth client ID and client secret have been configured.
[7617:7632:0301/220338.700217:ERROR:bus.cc(399)] Failed to connect to the bus: Could not parse server address: Unknown address type (examples of valid types are "tcp" and on UNIX "unix")
[7617:7632:0301/220338.700249:ERROR:bus.cc(399)] Failed to connect to the bus: Could not parse server address: Unknown address type (examples of valid types are "tcp" and on UNIX "unix")
[7617:7617:0301/220338.870811:WARNING:bluez_dbus_manager.cc(247)] Floss manager not present, cannot set Floss enable/disable.
[7617:7706:0301/220338.900209:ERROR:object_proxy.cc(623)] Failed to call method: org.freedesktop.DBus.Properties.Get: object_path= /org/freedesktop/UPower: org.freedesktop.DBus.Error.ServiceUnknown: The name org.freedesktop.UPower was not provided by any .service files
[7617:7706:0301/220338.900232:WARNING:property.cc(144)] DaemonVersion: GetAndBlock: failed.
[7617:7706:0301/220338.900326:ERROR:object_proxy.cc(623)] Failed to call method: org.freedesktop.UPower.GetDisplayDevice: object_path= /org/freedesktop/UPower: org.freedesktop.DBus.Error.ServiceUnknown: The name org.freedesktop.UPower was not provided by any .service files
[7617:7706:0301/220338.900425:ERROR:object_proxy.cc(623)] Failed to call method: org.freedesktop.UPower.EnumerateDevices: object_path= /org/freedesktop/UPower: org.freedesktop.DBus.Error.ServiceUnknown: The name org.freedesktop.UPower was not provided by any .service files
[7617:7632:0301/220339.175249:ERROR:bus.cc(399)] Failed to connect to the bus: Could not parse server address: Unknown address type (examples of valid types are "tcp" and on UNIX "unix")
[7617:7632:0301/220339.184188:ERROR:bus.cc(399)] Failed to connect to the bus: Could not parse server address: Unknown address type (examples of valid types are "tcp" and on UNIX "unix")
[7617:7617:0301/220342.872292:INFO:optimization_guide_logger.cc(42)] ../../components/optimization_guide/content/browser/page_content_annotations_service.cc(309) PageContentAnnotationJob Result: BatchAnnotationResult{"Speedometer 2.1 Interactive Runner", type: ContentVisibility, output: nullopt}
[7617:7617:0301/220342.872381:INFO:optimization_guide_logger.cc(42)] ../../components/optimization_guide/content/browser/page_content_annotations_service.cc(309) PageContentAnnotationJob Result: BatchAnnotationResult{"Speedometer 2.1 Interactive Runner", type: PageEntities, output: nullopt}
[7617:7617:0301/220342.880746:INFO:optimization_guide_logger.cc(42)] ../../components/optimization_guide/core/hints_manager.cc(523) Hint cache initialized
[7617:7617:0301/220351.262767:INFO:CONSOLE(0)] "DEBUG: -------------------------------", source:  (0)
[7617:7617:0301/220351.262974:INFO:CONSOLE(0)] "DEBUG: Ember  : 2.6.2", source:  (0)
[7617:7617:0301/220351.263150:INFO:CONSOLE(0)] "DEBUG: jQuery : 2.2.4", source:  (0)
[7617:7617:0301/220351.263321:INFO:CONSOLE(0)] "DEBUG: -------------------------------", source:  (0)
[7617:7617:0301/220351.350457:INFO:CONSOLE(0)] "DEBUG: For more advanced debugging, install the Ember Inspector from https://chrome.google.com/webstore/detail/ember-inspector/bmdblncegkenkacieihfhpjfppoconhi", source:  (0)
[7617:7617:0301/220410.381827:INFO:CONSOLE(0)] "DEBUG: -------------------------------", source:  (0)
[7617:7617:0301/220410.382033:INFO:CONSOLE(0)] "DEBUG: Ember  : 2.6.2", source:  (0)
[7617:7617:0301/220410.382207:INFO:CONSOLE(0)] "DEBUG: jQuery : 2.2.4", source:  (0)
[7617:7617:0301/220410.382384:INFO:CONSOLE(0)] "DEBUG: -------------------------------", source:  (0)
[7617:7617:0301/220410.418876:INFO:CONSOLE(0)] "DEBUG: For more advanced debugging, install the Ember Inspector from https://chrome.google.com/webstore/detail/ember-inspector/bmdblncegkenkacieihfhpjfppoconhi", source:  (0)
[7617:7617:0301/220421.524475:INFO:CONSOLE(0)] "DEBUG: -------------------------------", source:  (0)
[7617:7617:0301/220421.524683:INFO:CONSOLE(0)] "DEBUG: Ember  : 2.6.2", source:  (0)
[7617:7617:0301/220421.524873:INFO:CONSOLE(0)] "DEBUG: jQuery : 2.2.4", source:  (0)
[7617:7617:0301/220421.525046:INFO:CONSOLE(0)] "DEBUG: -------------------------------", source:  (0)
[7617:7617:0301/220421.561515:INFO:CONSOLE(0)] "DEBUG: For more advanced debugging, install the Ember Inspector from https://chrome.google.com/webstore/detail/ember-inspector/bmdblncegkenkacieihfhpjfppoconhi", source:  (0)
[7617:7617:0301/220432.662189:INFO:CONSOLE(0)] "DEBUG: -------------------------------", source:  (0)
[7617:7617:0301/220432.662405:INFO:CONSOLE(0)] "DEBUG: Ember  : 2.6.2", source:  (0)
[7617:7617:0301/220432.662581:INFO:CONSOLE(0)] "DEBUG: jQuery : 2.2.4", source:  (0)
[7617:7617:0301/220432.662753:INFO:CONSOLE(0)] "DEBUG: -------------------------------", source:  (0)
[7617:7617:0301/220432.699871:INFO:CONSOLE(0)] "DEBUG: For more advanced debugging, install the Ember Inspector from https://chrome.google.com/webstore/detail/ember-inspector/bmdblncegkenkacieihfhpjfppoconhi", source:  (0)
[7617:7617:0301/220444.062775:INFO:CONSOLE(0)] "DEBUG: -------------------------------", source:  (0)
[7617:7617:0301/220444.062986:INFO:CONSOLE(0)] "DEBUG: Ember  : 2.6.2", source:  (0)
[7617:7617:0301/220444.063162:INFO:CONSOLE(0)] "DEBUG: jQuery : 2.2.4", source:  (0)
[7617:7617:0301/220444.063342:INFO:CONSOLE(0)] "DEBUG: -------------------------------", source:  (0)
[7617:7617:0301/220444.100056:INFO:CONSOLE(0)] "DEBUG: For more advanced debugging, install the Ember Inspector from https://chrome.google.com/webstore/detail/ember-inspector/bmdblncegkenkacieihfhpjfppoconhi", source:  (0)
[7617:7617:0301/220455.668473:INFO:CONSOLE(0)] "DEBUG: -------------------------------", source:  (0)
[7617:7617:0301/220455.668683:INFO:CONSOLE(0)] "DEBUG: Ember  : 2.6.2", source:  (0)
[7617:7617:0301/220455.668858:INFO:CONSOLE(0)] "DEBUG: jQuery : 2.2.4", source:  (0)
[7617:7617:0301/220455.669030:INFO:CONSOLE(0)] "DEBUG: -------------------------------", source:  (0)
[7617:7617:0301/220455.706168:INFO:CONSOLE(0)] "DEBUG: For more advanced debugging, install the Ember Inspector from https://chrome.google.com/webstore/detail/ember-inspector/bmdblncegkenkacieihfhpjfppoconhi", source:  (0)
[7617:7617:0301/220507.384792:INFO:CONSOLE(0)] "DEBUG: -------------------------------", source:  (0)
[7617:7617:0301/220507.385003:INFO:CONSOLE(0)] "DEBUG: Ember  : 2.6.2", source:  (0)
[7617:7617:0301/220507.385179:INFO:CONSOLE(0)] "DEBUG: jQuery : 2.2.4", source:  (0)
[7617:7617:0301/220507.385351:INFO:CONSOLE(0)] "DEBUG: -------------------------------", source:  (0)
[7617:7617:0301/220507.422429:INFO:CONSOLE(0)] "DEBUG: For more advanced debugging, install the Ember Inspector from https://chrome.google.com/webstore/detail/ember-inspector/bmdblncegkenkacieihfhpjfppoconhi", source:  (0)
[7617:7617:0301/220519.310441:INFO:CONSOLE(0)] "DEBUG: -------------------------------", source:  (0)
[7617:7617:0301/220519.310650:INFO:CONSOLE(0)] "DEBUG: Ember  : 2.6.2", source:  (0)
[7617:7617:0301/220519.310825:INFO:CONSOLE(0)] "DEBUG: jQuery : 2.2.4", source:  (0)
[7617:7617:0301/220519.310997:INFO:CONSOLE(0)] "DEBUG: -------------------------------", source:  (0)
[7617:7617:0301/220519.348247:INFO:CONSOLE(0)] "DEBUG: For more advanced debugging, install the Ember Inspector from https://chrome.google.com/webstore/detail/ember-inspector/bmdblncegkenkacieihfhpjfppoconhi", source:  (0)
[7617:7617:0301/220531.473355:INFO:CONSOLE(0)] "DEBUG: -------------------------------", source:  (0)
[7617:7617:0301/220531.473564:INFO:CONSOLE(0)] "DEBUG: Ember  : 2.6.2", source:  (0)
[7617:7617:0301/220531.473739:INFO:CONSOLE(0)] "DEBUG: jQuery : 2.2.4", source:  (0)
[7617:7617:0301/220531.473920:INFO:CONSOLE(0)] "DEBUG: -------------------------------", source:  (0)
[7617:7617:0301/220531.511162:INFO:CONSOLE(0)] "DEBUG: For more advanced debugging, install the Ember Inspector from https://chrome.google.com/webstore/detail/ember-inspector/bmdblncegkenkacieihfhpjfppoconhi", source:  (0)
[7617:7617:0301/220543.916160:INFO:CONSOLE(0)] "DEBUG: -------------------------------", source:  (0)
[7617:7617:0301/220543.916370:INFO:CONSOLE(0)] "DEBUG: Ember  : 2.6.2", source:  (0)
[7617:7617:0301/220543.916552:INFO:CONSOLE(0)] "DEBUG: jQuery : 2.2.4", source:  (0)
[7617:7617:0301/220543.916731:INFO:CONSOLE(0)] "DEBUG: -------------------------------", source:  (0)
[7617:7617:0301/220543.954582:INFO:CONSOLE(0)] "DEBUG: For more advanced debugging, install the Ember Inspector from https://chrome.google.com/webstore/detail/ember-inspector/bmdblncegkenkacieihfhpjfppoconhi", source:  (0)
