[6284:6284:0301/214453.505176:WARNING:chrome_main_delegate.cc(618)] This is Chrome version 112.0.5572.0 (not a warning)
[6284:6298:0301/214453.684115:ERROR:bus.cc(399)] Failed to connect to the bus: Could not parse server address: Unknown address type (examples of valid types are "tcp" and on UNIX "unix")
[6284:6298:0301/214453.684167:ERROR:bus.cc(399)] Failed to connect to the bus: Could not parse server address: Unknown address type (examples of valid types are "tcp" and on UNIX "unix")
[6284:6284:0301/214453.714789:WARNING:account_consistency_mode_manager.cc(70)] Desktop Identity Consistency cannot be enabled as no OAuth client ID and client secret have been configured.
[6284:6298:0301/214453.721748:ERROR:bus.cc(399)] Failed to connect to the bus: Could not parse server address: Unknown address type (examples of valid types are "tcp" and on UNIX "unix")
[6284:6298:0301/214453.721779:ERROR:bus.cc(399)] Failed to connect to the bus: Could not parse server address: Unknown address type (examples of valid types are "tcp" and on UNIX "unix")
[6284:6284:0301/214453.912869:WARNING:bluez_dbus_manager.cc(247)] Floss manager not present, cannot set Floss enable/disable.
[6284:6375:0301/214453.960753:ERROR:object_proxy.cc(623)] Failed to call method: org.freedesktop.DBus.Properties.Get: object_path= /org/freedesktop/UPower: org.freedesktop.DBus.Error.ServiceUnknown: The name org.freedesktop.UPower was not provided by any .service files
[6284:6375:0301/214453.960775:WARNING:property.cc(144)] DaemonVersion: GetAndBlock: failed.
[6284:6375:0301/214453.960880:ERROR:object_proxy.cc(623)] Failed to call method: org.freedesktop.UPower.GetDisplayDevice: object_path= /org/freedesktop/UPower: org.freedesktop.DBus.Error.ServiceUnknown: The name org.freedesktop.UPower was not provided by any .service files
[6284:6375:0301/214453.960975:ERROR:object_proxy.cc(623)] Failed to call method: org.freedesktop.UPower.EnumerateDevices: object_path= /org/freedesktop/UPower: org.freedesktop.DBus.Error.ServiceUnknown: The name org.freedesktop.UPower was not provided by any .service files
[6284:6298:0301/214454.201922:ERROR:bus.cc(399)] Failed to connect to the bus: Could not parse server address: Unknown address type (examples of valid types are "tcp" and on UNIX "unix")
[6284:6298:0301/214454.210768:ERROR:bus.cc(399)] Failed to connect to the bus: Could not parse server address: Unknown address type (examples of valid types are "tcp" and on UNIX "unix")
[6284:6284:0301/214457.517726:INFO:optimization_guide_logger.cc(42)] ../../components/optimization_guide/core/hints_manager.cc(523) Hint cache initialized
[6284:6284:0301/214457.893217:INFO:optimization_guide_logger.cc(42)] ../../components/optimization_guide/content/browser/page_content_annotations_service.cc(309) PageContentAnnotationJob Result: BatchAnnotationResult{"Speedometer 2.1 Interactive Runner", type: ContentVisibility, output: nullopt}
[6284:6284:0301/214457.893290:INFO:optimization_guide_logger.cc(42)] ../../components/optimization_guide/content/browser/page_content_annotations_service.cc(309) PageContentAnnotationJob Result: BatchAnnotationResult{"Speedometer 2.1 Interactive Runner", type: PageEntities, output: nullopt}
[6284:6284:0301/214509.966771:INFO:CONSOLE(0)] "DEBUG: -------------------------------", source:  (0)
[6284:6284:0301/214509.966983:INFO:CONSOLE(0)] "DEBUG: Ember  : 2.6.2", source:  (0)
[6284:6284:0301/214509.967156:INFO:CONSOLE(0)] "DEBUG: jQuery : 2.2.4", source:  (0)
[6284:6284:0301/214509.967327:INFO:CONSOLE(0)] "DEBUG: -------------------------------", source:  (0)
[6284:6284:0301/214510.053967:INFO:CONSOLE(0)] "DEBUG: For more advanced debugging, install the Ember Inspector from https://chrome.google.com/webstore/detail/ember-inspector/bmdblncegkenkacieihfhpjfppoconhi", source:  (0)
[6284:6284:0301/214525.730143:INFO:CONSOLE(0)] "DEBUG: -------------------------------", source:  (0)
[6284:6284:0301/214525.730357:INFO:CONSOLE(0)] "DEBUG: Ember  : 2.6.2", source:  (0)
[6284:6284:0301/214525.730532:INFO:CONSOLE(0)] "DEBUG: jQuery : 2.2.4", source:  (0)
[6284:6284:0301/214525.730701:INFO:CONSOLE(0)] "DEBUG: -------------------------------", source:  (0)
[6284:6284:0301/214525.766968:INFO:CONSOLE(0)] "DEBUG: For more advanced debugging, install the Ember Inspector from https://chrome.google.com/webstore/detail/ember-inspector/bmdblncegkenkacieihfhpjfppoconhi", source:  (0)
[6284:6284:0301/214536.937299:INFO:CONSOLE(0)] "DEBUG: -------------------------------", source:  (0)
[6284:6284:0301/214536.937508:INFO:CONSOLE(0)] "DEBUG: Ember  : 2.6.2", source:  (0)
[6284:6284:0301/214536.937681:INFO:CONSOLE(0)] "DEBUG: jQuery : 2.2.4", source:  (0)
[6284:6284:0301/214536.937851:INFO:CONSOLE(0)] "DEBUG: -------------------------------", source:  (0)
[6284:6284:0301/214536.974120:INFO:CONSOLE(0)] "DEBUG: For more advanced debugging, install the Ember Inspector from https://chrome.google.com/webstore/detail/ember-inspector/bmdblncegkenkacieihfhpjfppoconhi", source:  (0)
[6284:6284:0301/214548.188908:INFO:CONSOLE(0)] "DEBUG: -------------------------------", source:  (0)
[6284:6284:0301/214548.189116:INFO:CONSOLE(0)] "DEBUG: Ember  : 2.6.2", source:  (0)
[6284:6284:0301/214548.189412:INFO:CONSOLE(0)] "DEBUG: jQuery : 2.2.4", source:  (0)
[6284:6284:0301/214548.189593:INFO:CONSOLE(0)] "DEBUG: -------------------------------", source:  (0)
[6284:6284:0301/214548.226151:INFO:CONSOLE(0)] "DEBUG: For more advanced debugging, install the Ember Inspector from https://chrome.google.com/webstore/detail/ember-inspector/bmdblncegkenkacieihfhpjfppoconhi", source:  (0)
[6284:6284:0301/214559.586723:INFO:CONSOLE(0)] "DEBUG: -------------------------------", source:  (0)
[6284:6284:0301/214559.586931:INFO:CONSOLE(0)] "DEBUG: Ember  : 2.6.2", source:  (0)
[6284:6284:0301/214559.587103:INFO:CONSOLE(0)] "DEBUG: jQuery : 2.2.4", source:  (0)
[6284:6284:0301/214559.587273:INFO:CONSOLE(0)] "DEBUG: -------------------------------", source:  (0)
[6284:6284:0301/214559.623651:INFO:CONSOLE(0)] "DEBUG: For more advanced debugging, install the Ember Inspector from https://chrome.google.com/webstore/detail/ember-inspector/bmdblncegkenkacieihfhpjfppoconhi", source:  (0)
[6284:6284:0301/214611.144066:INFO:CONSOLE(0)] "DEBUG: -------------------------------", source:  (0)
[6284:6284:0301/214611.144278:INFO:CONSOLE(0)] "DEBUG: Ember  : 2.6.2", source:  (0)
[6284:6284:0301/214611.144452:INFO:CONSOLE(0)] "DEBUG: jQuery : 2.2.4", source:  (0)
[6284:6284:0301/214611.144622:INFO:CONSOLE(0)] "DEBUG: -------------------------------", source:  (0)
[6284:6284:0301/214611.181351:INFO:CONSOLE(0)] "DEBUG: For more advanced debugging, install the Ember Inspector from https://chrome.google.com/webstore/detail/ember-inspector/bmdblncegkenkacieihfhpjfppoconhi", source:  (0)
[6284:6284:0301/214622.855373:INFO:CONSOLE(0)] "DEBUG: -------------------------------", source:  (0)
[6284:6284:0301/214622.855579:INFO:CONSOLE(0)] "DEBUG: Ember  : 2.6.2", source:  (0)
[6284:6284:0301/214622.855752:INFO:CONSOLE(0)] "DEBUG: jQuery : 2.2.4", source:  (0)
[6284:6284:0301/214622.855922:INFO:CONSOLE(0)] "DEBUG: -------------------------------", source:  (0)
[6284:6284:0301/214622.892845:INFO:CONSOLE(0)] "DEBUG: For more advanced debugging, install the Ember Inspector from https://chrome.google.com/webstore/detail/ember-inspector/bmdblncegkenkacieihfhpjfppoconhi", source:  (0)
[6284:6284:0301/214634.926984:INFO:CONSOLE(0)] "DEBUG: -------------------------------", source:  (0)
[6284:6284:0301/214634.927190:INFO:CONSOLE(0)] "DEBUG: Ember  : 2.6.2", source:  (0)
[6284:6284:0301/214634.927363:INFO:CONSOLE(0)] "DEBUG: jQuery : 2.2.4", source:  (0)
[6284:6284:0301/214634.927534:INFO:CONSOLE(0)] "DEBUG: -------------------------------", source:  (0)
[6284:6284:0301/214634.964516:INFO:CONSOLE(0)] "DEBUG: For more advanced debugging, install the Ember Inspector from https://chrome.google.com/webstore/detail/ember-inspector/bmdblncegkenkacieihfhpjfppoconhi", source:  (0)
[6284:6284:0301/214647.127646:INFO:CONSOLE(0)] "DEBUG: -------------------------------", source:  (0)
[6284:6284:0301/214647.127854:INFO:CONSOLE(0)] "DEBUG: Ember  : 2.6.2", source:  (0)
[6284:6284:0301/214647.128041:INFO:CONSOLE(0)] "DEBUG: jQuery : 2.2.4", source:  (0)
[6284:6284:0301/214647.128218:INFO:CONSOLE(0)] "DEBUG: -------------------------------", source:  (0)
[6284:6284:0301/214647.165207:INFO:CONSOLE(0)] "DEBUG: For more advanced debugging, install the Ember Inspector from https://chrome.google.com/webstore/detail/ember-inspector/bmdblncegkenkacieihfhpjfppoconhi", source:  (0)
[6284:6284:0301/214659.383634:INFO:CONSOLE(0)] "DEBUG: -------------------------------", source:  (0)
[6284:6284:0301/214659.383843:INFO:CONSOLE(0)] "DEBUG: Ember  : 2.6.2", source:  (0)
[6284:6284:0301/214659.384016:INFO:CONSOLE(0)] "DEBUG: jQuery : 2.2.4", source:  (0)
[6284:6284:0301/214659.384192:INFO:CONSOLE(0)] "DEBUG: -------------------------------", source:  (0)
[6284:6284:0301/214659.421555:INFO:CONSOLE(0)] "DEBUG: For more advanced debugging, install the Ember Inspector from https://chrome.google.com/webstore/detail/ember-inspector/bmdblncegkenkacieihfhpjfppoconhi", source:  (0)
