[2220:2220:0301/204841.426067:WARNING:chrome_main_delegate.cc(618)] This is Chrome version 112.0.5572.0 (not a warning)
[2220:2235:0301/204841.603486:ERROR:bus.cc(399)] Failed to connect to the bus: Could not parse server address: Unknown address type (examples of valid types are "tcp" and on UNIX "unix")
[2220:2235:0301/204841.603519:ERROR:bus.cc(399)] Failed to connect to the bus: Could not parse server address: Unknown address type (examples of valid types are "tcp" and on UNIX "unix")
[2220:2220:0301/204841.642040:WARNING:account_consistency_mode_manager.cc(70)] Desktop Identity Consistency cannot be enabled as no OAuth client ID and client secret have been configured.
[2220:2235:0301/204841.649059:ERROR:bus.cc(399)] Failed to connect to the bus: Could not parse server address: Unknown address type (examples of valid types are "tcp" and on UNIX "unix")
[2220:2235:0301/204841.649097:ERROR:bus.cc(399)] Failed to connect to the bus: Could not parse server address: Unknown address type (examples of valid types are "tcp" and on UNIX "unix")
[2220:2220:0301/204841.883845:WARNING:bluez_dbus_manager.cc(247)] Floss manager not present, cannot set Floss enable/disable.
[2220:2310:0301/204841.915940:ERROR:object_proxy.cc(623)] Failed to call method: org.freedesktop.DBus.Properties.Get: object_path= /org/freedesktop/UPower: org.freedesktop.DBus.Error.ServiceUnknown: The name org.freedesktop.UPower was not provided by any .service files
[2220:2310:0301/204841.915960:WARNING:property.cc(144)] DaemonVersion: GetAndBlock: failed.
[2220:2310:0301/204841.916368:ERROR:object_proxy.cc(623)] Failed to call method: org.freedesktop.UPower.GetDisplayDevice: object_path= /org/freedesktop/UPower: org.freedesktop.DBus.Error.ServiceUnknown: The name org.freedesktop.UPower was not provided by any .service files
[2220:2310:0301/204841.916519:ERROR:object_proxy.cc(623)] Failed to call method: org.freedesktop.UPower.EnumerateDevices: object_path= /org/freedesktop/UPower: org.freedesktop.DBus.Error.ServiceUnknown: The name org.freedesktop.UPower was not provided by any .service files
[2220:2235:0301/204842.079211:ERROR:bus.cc(399)] Failed to connect to the bus: Could not parse server address: Unknown address type (examples of valid types are "tcp" and on UNIX "unix")
[2220:2235:0301/204842.087922:ERROR:bus.cc(399)] Failed to connect to the bus: Could not parse server address: Unknown address type (examples of valid types are "tcp" and on UNIX "unix")
[2220:2220:0301/204845.827540:INFO:optimization_guide_logger.cc(42)] ../../components/optimization_guide/content/browser/page_content_annotations_service.cc(309) PageContentAnnotationJob Result: BatchAnnotationResult{"Speedometer 2.1 Interactive Runner", type: ContentVisibility, output: nullopt}
[2220:2220:0301/204845.827618:INFO:optimization_guide_logger.cc(42)] ../../components/optimization_guide/content/browser/page_content_annotations_service.cc(309) PageContentAnnotationJob Result: BatchAnnotationResult{"Speedometer 2.1 Interactive Runner", type: PageEntities, output: nullopt}
[2220:2220:0301/204845.837316:INFO:optimization_guide_logger.cc(42)] ../../components/optimization_guide/core/hints_manager.cc(523) Hint cache initialized
[2220:2220:0301/204900.052991:INFO:CONSOLE(0)] "DEBUG: -------------------------------", source:  (0)
[2220:2220:0301/204900.053196:INFO:CONSOLE(0)] "DEBUG: Ember  : 2.6.2", source:  (0)
[2220:2220:0301/204900.053370:INFO:CONSOLE(0)] "DEBUG: jQuery : 2.2.4", source:  (0)
[2220:2220:0301/204900.053541:INFO:CONSOLE(0)] "DEBUG: -------------------------------", source:  (0)
[2220:2220:0301/204900.140683:INFO:CONSOLE(0)] "DEBUG: For more advanced debugging, install the Ember Inspector from https://chrome.google.com/webstore/detail/ember-inspector/bmdblncegkenkacieihfhpjfppoconhi", source:  (0)
[2220:2220:0301/204915.885585:INFO:CONSOLE(0)] "DEBUG: -------------------------------", source:  (0)
[2220:2220:0301/204915.885787:INFO:CONSOLE(0)] "DEBUG: Ember  : 2.6.2", source:  (0)
[2220:2220:0301/204915.885961:INFO:CONSOLE(0)] "DEBUG: jQuery : 2.2.4", source:  (0)
[2220:2220:0301/204915.886132:INFO:CONSOLE(0)] "DEBUG: -------------------------------", source:  (0)
[2220:2220:0301/204915.922376:INFO:CONSOLE(0)] "DEBUG: For more advanced debugging, install the Ember Inspector from https://chrome.google.com/webstore/detail/ember-inspector/bmdblncegkenkacieihfhpjfppoconhi", source:  (0)
[2220:2220:0301/204926.906546:INFO:CONSOLE(0)] "DEBUG: -------------------------------", source:  (0)
[2220:2220:0301/204926.906753:INFO:CONSOLE(0)] "DEBUG: Ember  : 2.6.2", source:  (0)
[2220:2220:0301/204926.906926:INFO:CONSOLE(0)] "DEBUG: jQuery : 2.2.4", source:  (0)
[2220:2220:0301/204926.907096:INFO:CONSOLE(0)] "DEBUG: -------------------------------", source:  (0)
[2220:2220:0301/204926.943155:INFO:CONSOLE(0)] "DEBUG: For more advanced debugging, install the Ember Inspector from https://chrome.google.com/webstore/detail/ember-inspector/bmdblncegkenkacieihfhpjfppoconhi", source:  (0)
[2220:2220:0301/204938.080856:INFO:CONSOLE(0)] "DEBUG: -------------------------------", source:  (0)
[2220:2220:0301/204938.081055:INFO:CONSOLE(0)] "DEBUG: Ember  : 2.6.2", source:  (0)
[2220:2220:0301/204938.081229:INFO:CONSOLE(0)] "DEBUG: jQuery : 2.2.4", source:  (0)
[2220:2220:0301/204938.081398:INFO:CONSOLE(0)] "DEBUG: -------------------------------", source:  (0)
[2220:2220:0301/204938.117847:INFO:CONSOLE(0)] "DEBUG: For more advanced debugging, install the Ember Inspector from https://chrome.google.com/webstore/detail/ember-inspector/bmdblncegkenkacieihfhpjfppoconhi", source:  (0)
[2220:2220:0301/204949.509637:INFO:CONSOLE(0)] "DEBUG: -------------------------------", source:  (0)
[2220:2220:0301/204949.509850:INFO:CONSOLE(0)] "DEBUG: Ember  : 2.6.2", source:  (0)
[2220:2220:0301/204949.510024:INFO:CONSOLE(0)] "DEBUG: jQuery : 2.2.4", source:  (0)
[2220:2220:0301/204949.510195:INFO:CONSOLE(0)] "DEBUG: -------------------------------", source:  (0)
[2220:2220:0301/204949.546867:INFO:CONSOLE(0)] "DEBUG: For more advanced debugging, install the Ember Inspector from https://chrome.google.com/webstore/detail/ember-inspector/bmdblncegkenkacieihfhpjfppoconhi", source:  (0)
[2220:2220:0301/205001.184487:INFO:CONSOLE(0)] "DEBUG: -------------------------------", source:  (0)
[2220:2220:0301/205001.184696:INFO:CONSOLE(0)] "DEBUG: Ember  : 2.6.2", source:  (0)
[2220:2220:0301/205001.184870:INFO:CONSOLE(0)] "DEBUG: jQuery : 2.2.4", source:  (0)
[2220:2220:0301/205001.185048:INFO:CONSOLE(0)] "DEBUG: -------------------------------", source:  (0)
[2220:2220:0301/205001.223017:INFO:CONSOLE(0)] "DEBUG: For more advanced debugging, install the Ember Inspector from https://chrome.google.com/webstore/detail/ember-inspector/bmdblncegkenkacieihfhpjfppoconhi", source:  (0)
[2220:2220:0301/205012.946406:INFO:CONSOLE(0)] "DEBUG: -------------------------------", source:  (0)
[2220:2220:0301/205012.946612:INFO:CONSOLE(0)] "DEBUG: Ember  : 2.6.2", source:  (0)
[2220:2220:0301/205012.946786:INFO:CONSOLE(0)] "DEBUG: jQuery : 2.2.4", source:  (0)
[2220:2220:0301/205012.946957:INFO:CONSOLE(0)] "DEBUG: -------------------------------", source:  (0)
[2220:2220:0301/205012.983908:INFO:CONSOLE(0)] "DEBUG: For more advanced debugging, install the Ember Inspector from https://chrome.google.com/webstore/detail/ember-inspector/bmdblncegkenkacieihfhpjfppoconhi", source:  (0)
[2220:2220:0301/205024.943912:INFO:CONSOLE(0)] "DEBUG: -------------------------------", source:  (0)
[2220:2220:0301/205024.944121:INFO:CONSOLE(0)] "DEBUG: Ember  : 2.6.2", source:  (0)
[2220:2220:0301/205024.944296:INFO:CONSOLE(0)] "DEBUG: jQuery : 2.2.4", source:  (0)
[2220:2220:0301/205024.944468:INFO:CONSOLE(0)] "DEBUG: -------------------------------", source:  (0)
[2220:2220:0301/205024.981598:INFO:CONSOLE(0)] "DEBUG: For more advanced debugging, install the Ember Inspector from https://chrome.google.com/webstore/detail/ember-inspector/bmdblncegkenkacieihfhpjfppoconhi", source:  (0)
[2220:2220:0301/205037.077345:INFO:CONSOLE(0)] "DEBUG: -------------------------------", source:  (0)
[2220:2220:0301/205037.077552:INFO:CONSOLE(0)] "DEBUG: Ember  : 2.6.2", source:  (0)
[2220:2220:0301/205037.077726:INFO:CONSOLE(0)] "DEBUG: jQuery : 2.2.4", source:  (0)
[2220:2220:0301/205037.077907:INFO:CONSOLE(0)] "DEBUG: -------------------------------", source:  (0)
[2220:2220:0301/205037.114713:INFO:CONSOLE(0)] "DEBUG: For more advanced debugging, install the Ember Inspector from https://chrome.google.com/webstore/detail/ember-inspector/bmdblncegkenkacieihfhpjfppoconhi", source:  (0)
[2220:2220:0301/205049.510327:INFO:CONSOLE(0)] "DEBUG: -------------------------------", source:  (0)
[2220:2220:0301/205049.510533:INFO:CONSOLE(0)] "DEBUG: Ember  : 2.6.2", source:  (0)
[2220:2220:0301/205049.510705:INFO:CONSOLE(0)] "DEBUG: jQuery : 2.2.4", source:  (0)
[2220:2220:0301/205049.510882:INFO:CONSOLE(0)] "DEBUG: -------------------------------", source:  (0)
[2220:2220:0301/205049.548048:INFO:CONSOLE(0)] "DEBUG: For more advanced debugging, install the Ember Inspector from https://chrome.google.com/webstore/detail/ember-inspector/bmdblncegkenkacieihfhpjfppoconhi", source:  (0)
