[4582:4582:0301/212130.258070:WARNING:chrome_main_delegate.cc(618)] This is Chrome version 112.0.5572.0 (not a warning)
[4582:4596:0301/212130.418001:ERROR:bus.cc(399)] Failed to connect to the bus: Could not parse server address: Unknown address type (examples of valid types are "tcp" and on UNIX "unix")
[4582:4596:0301/212130.418034:ERROR:bus.cc(399)] Failed to connect to the bus: Could not parse server address: Unknown address type (examples of valid types are "tcp" and on UNIX "unix")
[4582:4582:0301/212130.457004:WARNING:account_consistency_mode_manager.cc(70)] Desktop Identity Consistency cannot be enabled as no OAuth client ID and client secret have been configured.
[4582:4596:0301/212130.463971:ERROR:bus.cc(399)] Failed to connect to the bus: Could not parse server address: Unknown address type (examples of valid types are "tcp" and on UNIX "unix")
[4582:4596:0301/212130.464006:ERROR:bus.cc(399)] Failed to connect to the bus: Could not parse server address: Unknown address type (examples of valid types are "tcp" and on UNIX "unix")
[4582:4582:0301/212130.660328:WARNING:bluez_dbus_manager.cc(247)] Floss manager not present, cannot set Floss enable/disable.
[4582:4671:0301/212130.714151:ERROR:object_proxy.cc(623)] Failed to call method: org.freedesktop.DBus.Properties.Get: object_path= /org/freedesktop/UPower: org.freedesktop.DBus.Error.ServiceUnknown: The name org.freedesktop.UPower was not provided by any .service files
[4582:4671:0301/212130.714174:WARNING:property.cc(144)] DaemonVersion: GetAndBlock: failed.
[4582:4671:0301/212130.714296:ERROR:object_proxy.cc(623)] Failed to call method: org.freedesktop.UPower.GetDisplayDevice: object_path= /org/freedesktop/UPower: org.freedesktop.DBus.Error.ServiceUnknown: The name org.freedesktop.UPower was not provided by any .service files
[4582:4671:0301/212130.714577:ERROR:object_proxy.cc(623)] Failed to call method: org.freedesktop.UPower.EnumerateDevices: object_path= /org/freedesktop/UPower: org.freedesktop.DBus.Error.ServiceUnknown: The name org.freedesktop.UPower was not provided by any .service files
[4582:4596:0301/212130.907237:ERROR:bus.cc(399)] Failed to connect to the bus: Could not parse server address: Unknown address type (examples of valid types are "tcp" and on UNIX "unix")
[4582:4596:0301/212130.916032:ERROR:bus.cc(399)] Failed to connect to the bus: Could not parse server address: Unknown address type (examples of valid types are "tcp" and on UNIX "unix")
[4582:4582:0301/212134.332521:INFO:optimization_guide_logger.cc(42)] ../../components/optimization_guide/core/hints_manager.cc(523) Hint cache initialized
[4582:4582:0301/212134.628871:INFO:optimization_guide_logger.cc(42)] ../../components/optimization_guide/content/browser/page_content_annotations_service.cc(309) PageContentAnnotationJob Result: BatchAnnotationResult{"Speedometer 2.1 Interactive Runner", type: ContentVisibility, output: nullopt}
[4582:4582:0301/212134.641670:INFO:optimization_guide_logger.cc(42)] ../../components/optimization_guide/content/browser/page_content_annotations_service.cc(309) PageContentAnnotationJob Result: BatchAnnotationResult{"Speedometer 2.1 Interactive Runner", type: PageEntities, output: nullopt}
[4582:4582:0301/212142.268895:INFO:CONSOLE(0)] "DEBUG: -------------------------------", source:  (0)
[4582:4582:0301/212142.269107:INFO:CONSOLE(0)] "DEBUG: Ember  : 2.6.2", source:  (0)
[4582:4582:0301/212142.269288:INFO:CONSOLE(0)] "DEBUG: jQuery : 2.2.4", source:  (0)
[4582:4582:0301/212142.269461:INFO:CONSOLE(0)] "DEBUG: -------------------------------", source:  (0)
[4582:4582:0301/212142.356849:INFO:CONSOLE(0)] "DEBUG: For more advanced debugging, install the Ember Inspector from https://chrome.google.com/webstore/detail/ember-inspector/bmdblncegkenkacieihfhpjfppoconhi", source:  (0)
[4582:4582:0301/212158.031877:INFO:CONSOLE(0)] "DEBUG: -------------------------------", source:  (0)
[4582:4582:0301/212158.032085:INFO:CONSOLE(0)] "DEBUG: Ember  : 2.6.2", source:  (0)
[4582:4582:0301/212158.032258:INFO:CONSOLE(0)] "DEBUG: jQuery : 2.2.4", source:  (0)
[4582:4582:0301/212158.032429:INFO:CONSOLE(0)] "DEBUG: -------------------------------", source:  (0)
[4582:4582:0301/212158.068817:INFO:CONSOLE(0)] "DEBUG: For more advanced debugging, install the Ember Inspector from https://chrome.google.com/webstore/detail/ember-inspector/bmdblncegkenkacieihfhpjfppoconhi", source:  (0)
[4582:4582:0301/212209.143309:INFO:CONSOLE(0)] "DEBUG: -------------------------------", source:  (0)
[4582:4582:0301/212209.143516:INFO:CONSOLE(0)] "DEBUG: Ember  : 2.6.2", source:  (0)
[4582:4582:0301/212209.143688:INFO:CONSOLE(0)] "DEBUG: jQuery : 2.2.4", source:  (0)
[4582:4582:0301/212209.143858:INFO:CONSOLE(0)] "DEBUG: -------------------------------", source:  (0)
[4582:4582:0301/212209.180231:INFO:CONSOLE(0)] "DEBUG: For more advanced debugging, install the Ember Inspector from https://chrome.google.com/webstore/detail/ember-inspector/bmdblncegkenkacieihfhpjfppoconhi", source:  (0)
[4582:4582:0301/212220.297305:INFO:CONSOLE(0)] "DEBUG: -------------------------------", source:  (0)
[4582:4582:0301/212220.297519:INFO:CONSOLE(0)] "DEBUG: Ember  : 2.6.2", source:  (0)
[4582:4582:0301/212220.297697:INFO:CONSOLE(0)] "DEBUG: jQuery : 2.2.4", source:  (0)
[4582:4582:0301/212220.297872:INFO:CONSOLE(0)] "DEBUG: -------------------------------", source:  (0)
[4582:4582:0301/212220.334518:INFO:CONSOLE(0)] "DEBUG: For more advanced debugging, install the Ember Inspector from https://chrome.google.com/webstore/detail/ember-inspector/bmdblncegkenkacieihfhpjfppoconhi", source:  (0)
[4582:4582:0301/212231.658106:INFO:CONSOLE(0)] "DEBUG: -------------------------------", source:  (0)
[4582:4582:0301/212231.658319:INFO:CONSOLE(0)] "DEBUG: Ember  : 2.6.2", source:  (0)
[4582:4582:0301/212231.658492:INFO:CONSOLE(0)] "DEBUG: jQuery : 2.2.4", source:  (0)
[4582:4582:0301/212231.658661:INFO:CONSOLE(0)] "DEBUG: -------------------------------", source:  (0)
[4582:4582:0301/212231.695453:INFO:CONSOLE(0)] "DEBUG: For more advanced debugging, install the Ember Inspector from https://chrome.google.com/webstore/detail/ember-inspector/bmdblncegkenkacieihfhpjfppoconhi", source:  (0)
[4582:4582:0301/212243.220554:INFO:CONSOLE(0)] "DEBUG: -------------------------------", source:  (0)
[4582:4582:0301/212243.220766:INFO:CONSOLE(0)] "DEBUG: Ember  : 2.6.2", source:  (0)
[4582:4582:0301/212243.220940:INFO:CONSOLE(0)] "DEBUG: jQuery : 2.2.4", source:  (0)
[4582:4582:0301/212243.221109:INFO:CONSOLE(0)] "DEBUG: -------------------------------", source:  (0)
[4582:4582:0301/212243.258003:INFO:CONSOLE(0)] "DEBUG: For more advanced debugging, install the Ember Inspector from https://chrome.google.com/webstore/detail/ember-inspector/bmdblncegkenkacieihfhpjfppoconhi", source:  (0)
[4582:4582:0301/212255.010863:INFO:CONSOLE(0)] "DEBUG: -------------------------------", source:  (0)
[4582:4582:0301/212255.011067:INFO:CONSOLE(0)] "DEBUG: Ember  : 2.6.2", source:  (0)
[4582:4582:0301/212255.011240:INFO:CONSOLE(0)] "DEBUG: jQuery : 2.2.4", source:  (0)
[4582:4582:0301/212255.011410:INFO:CONSOLE(0)] "DEBUG: -------------------------------", source:  (0)
[4582:4582:0301/212255.048382:INFO:CONSOLE(0)] "DEBUG: For more advanced debugging, install the Ember Inspector from https://chrome.google.com/webstore/detail/ember-inspector/bmdblncegkenkacieihfhpjfppoconhi", source:  (0)
[4582:4582:0301/212307.060804:INFO:CONSOLE(0)] "DEBUG: -------------------------------", source:  (0)
[4582:4582:0301/212307.061016:INFO:CONSOLE(0)] "DEBUG: Ember  : 2.6.2", source:  (0)
[4582:4582:0301/212307.061189:INFO:CONSOLE(0)] "DEBUG: jQuery : 2.2.4", source:  (0)
[4582:4582:0301/212307.061367:INFO:CONSOLE(0)] "DEBUG: -------------------------------", source:  (0)
[4582:4582:0301/212307.098577:INFO:CONSOLE(0)] "DEBUG: For more advanced debugging, install the Ember Inspector from https://chrome.google.com/webstore/detail/ember-inspector/bmdblncegkenkacieihfhpjfppoconhi", source:  (0)
[4582:4582:0301/212319.141460:INFO:CONSOLE(0)] "DEBUG: -------------------------------", source:  (0)
[4582:4582:0301/212319.141673:INFO:CONSOLE(0)] "DEBUG: Ember  : 2.6.2", source:  (0)
[4582:4582:0301/212319.141846:INFO:CONSOLE(0)] "DEBUG: jQuery : 2.2.4", source:  (0)
[4582:4582:0301/212319.142024:INFO:CONSOLE(0)] "DEBUG: -------------------------------", source:  (0)
[4582:4582:0301/212319.180608:INFO:CONSOLE(0)] "DEBUG: For more advanced debugging, install the Ember Inspector from https://chrome.google.com/webstore/detail/ember-inspector/bmdblncegkenkacieihfhpjfppoconhi", source:  (0)
[4582:4582:0301/212331.434316:INFO:CONSOLE(0)] "DEBUG: -------------------------------", source:  (0)
[4582:4582:0301/212331.434521:INFO:CONSOLE(0)] "DEBUG: Ember  : 2.6.2", source:  (0)
[4582:4582:0301/212331.434693:INFO:CONSOLE(0)] "DEBUG: jQuery : 2.2.4", source:  (0)
[4582:4582:0301/212331.434869:INFO:CONSOLE(0)] "DEBUG: -------------------------------", source:  (0)
[4582:4582:0301/212331.472452:INFO:CONSOLE(0)] "DEBUG: For more advanced debugging, install the Ember Inspector from https://chrome.google.com/webstore/detail/ember-inspector/bmdblncegkenkacieihfhpjfppoconhi", source:  (0)
