[10006:10006:0301/223615.719082:WARNING:chrome_main_delegate.cc(618)] This is Chrome version 112.0.5572.0 (not a warning)
[10006:10020:0301/223615.895082:ERROR:bus.cc(399)] Failed to connect to the bus: Could not parse server address: Unknown address type (examples of valid types are "tcp" and on UNIX "unix")
[10006:10020:0301/223615.895116:ERROR:bus.cc(399)] Failed to connect to the bus: Could not parse server address: Unknown address type (examples of valid types are "tcp" and on UNIX "unix")
[10006:10006:0301/223615.934042:WARNING:account_consistency_mode_manager.cc(70)] Desktop Identity Consistency cannot be enabled as no OAuth client ID and client secret have been configured.
[10006:10020:0301/223615.941311:ERROR:bus.cc(399)] Failed to connect to the bus: Could not parse server address: Unknown address type (examples of valid types are "tcp" and on UNIX "unix")
[10006:10020:0301/223615.941344:ERROR:bus.cc(399)] Failed to connect to the bus: Could not parse server address: Unknown address type (examples of valid types are "tcp" and on UNIX "unix")
[10006:10006:0301/223616.133325:WARNING:bluez_dbus_manager.cc(247)] Floss manager not present, cannot set Floss enable/disable.
[10006:10095:0301/223616.158432:ERROR:object_proxy.cc(623)] Failed to call method: org.freedesktop.DBus.Properties.Get: object_path= /org/freedesktop/UPower: org.freedesktop.DBus.Error.ServiceUnknown: The name org.freedesktop.UPower was not provided by any .service files
[10006:10095:0301/223616.158455:WARNING:property.cc(144)] DaemonVersion: GetAndBlock: failed.
[10006:10095:0301/223616.158570:ERROR:object_proxy.cc(623)] Failed to call method: org.freedesktop.UPower.GetDisplayDevice: object_path= /org/freedesktop/UPower: org.freedesktop.DBus.Error.ServiceUnknown: The name org.freedesktop.UPower was not provided by any .service files
[10006:10095:0301/223616.158680:ERROR:object_proxy.cc(623)] Failed to call method: org.freedesktop.UPower.EnumerateDevices: object_path= /org/freedesktop/UPower: org.freedesktop.DBus.Error.ServiceUnknown: The name org.freedesktop.UPower was not provided by any .service files
[10006:10020:0301/223616.459774:ERROR:bus.cc(399)] Failed to connect to the bus: Could not parse server address: Unknown address type (examples of valid types are "tcp" and on UNIX "unix")
[10006:10020:0301/223616.493566:ERROR:bus.cc(399)] Failed to connect to the bus: Could not parse server address: Unknown address type (examples of valid types are "tcp" and on UNIX "unix")
[10006:10006:0301/223619.919144:INFO:optimization_guide_logger.cc(42)] ../../components/optimization_guide/core/hints_manager.cc(523) Hint cache initialized
[10006:10006:0301/223620.306790:INFO:optimization_guide_logger.cc(42)] ../../components/optimization_guide/content/browser/page_content_annotations_service.cc(309) PageContentAnnotationJob Result: BatchAnnotationResult{"Speedometer 2.1 Interactive Runner", type: ContentVisibility, output: nullopt}
[10006:10006:0301/223620.312001:INFO:optimization_guide_logger.cc(42)] ../../components/optimization_guide/content/browser/page_content_annotations_service.cc(309) PageContentAnnotationJob Result: BatchAnnotationResult{"Speedometer 2.1 Interactive Runner", type: PageEntities, output: nullopt}
[10006:10006:0301/223627.963967:INFO:CONSOLE(0)] "DEBUG: -------------------------------", source:  (0)
[10006:10006:0301/223627.964184:INFO:CONSOLE(0)] "DEBUG: Ember  : 2.6.2", source:  (0)
[10006:10006:0301/223627.964362:INFO:CONSOLE(0)] "DEBUG: jQuery : 2.2.4", source:  (0)
[10006:10006:0301/223627.964535:INFO:CONSOLE(0)] "DEBUG: -------------------------------", source:  (0)
[10006:10006:0301/223628.051756:INFO:CONSOLE(0)] "DEBUG: For more advanced debugging, install the Ember Inspector from https://chrome.google.com/webstore/detail/ember-inspector/bmdblncegkenkacieihfhpjfppoconhi", source:  (0)
[10006:10006:0301/223644.980044:INFO:CONSOLE(0)] "DEBUG: -------------------------------", source:  (0)
[10006:10006:0301/223644.980250:INFO:CONSOLE(0)] "DEBUG: Ember  : 2.6.2", source:  (0)
[10006:10006:0301/223644.980428:INFO:CONSOLE(0)] "DEBUG: jQuery : 2.2.4", source:  (0)
[10006:10006:0301/223644.980609:INFO:CONSOLE(0)] "DEBUG: -------------------------------", source:  (0)
[10006:10006:0301/223645.016974:INFO:CONSOLE(0)] "DEBUG: For more advanced debugging, install the Ember Inspector from https://chrome.google.com/webstore/detail/ember-inspector/bmdblncegkenkacieihfhpjfppoconhi", source:  (0)
[10006:10006:0301/223656.050427:INFO:CONSOLE(0)] "DEBUG: -------------------------------", source:  (0)
[10006:10006:0301/223656.050645:INFO:CONSOLE(0)] "DEBUG: Ember  : 2.6.2", source:  (0)
[10006:10006:0301/223656.050823:INFO:CONSOLE(0)] "DEBUG: jQuery : 2.2.4", source:  (0)
[10006:10006:0301/223656.050997:INFO:CONSOLE(0)] "DEBUG: -------------------------------", source:  (0)
[10006:10006:0301/223656.087454:INFO:CONSOLE(0)] "DEBUG: For more advanced debugging, install the Ember Inspector from https://chrome.google.com/webstore/detail/ember-inspector/bmdblncegkenkacieihfhpjfppoconhi", source:  (0)
[10006:10006:0301/223707.285446:INFO:CONSOLE(0)] "DEBUG: -------------------------------", source:  (0)
[10006:10006:0301/223707.285658:INFO:CONSOLE(0)] "DEBUG: Ember  : 2.6.2", source:  (0)
[10006:10006:0301/223707.285834:INFO:CONSOLE(0)] "DEBUG: jQuery : 2.2.4", source:  (0)
[10006:10006:0301/223707.286007:INFO:CONSOLE(0)] "DEBUG: -------------------------------", source:  (0)
[10006:10006:0301/223707.322446:INFO:CONSOLE(0)] "DEBUG: For more advanced debugging, install the Ember Inspector from https://chrome.google.com/webstore/detail/ember-inspector/bmdblncegkenkacieihfhpjfppoconhi", source:  (0)
[10006:10006:0301/223718.596328:INFO:CONSOLE(0)] "DEBUG: -------------------------------", source:  (0)
[10006:10006:0301/223718.596539:INFO:CONSOLE(0)] "DEBUG: Ember  : 2.6.2", source:  (0)
[10006:10006:0301/223718.596715:INFO:CONSOLE(0)] "DEBUG: jQuery : 2.2.4", source:  (0)
[10006:10006:0301/223718.596889:INFO:CONSOLE(0)] "DEBUG: -------------------------------", source:  (0)
[10006:10006:0301/223718.633317:INFO:CONSOLE(0)] "DEBUG: For more advanced debugging, install the Ember Inspector from https://chrome.google.com/webstore/detail/ember-inspector/bmdblncegkenkacieihfhpjfppoconhi", source:  (0)
[10006:10006:0301/223730.166070:INFO:CONSOLE(0)] "DEBUG: -------------------------------", source:  (0)
[10006:10006:0301/223730.166285:INFO:CONSOLE(0)] "DEBUG: Ember  : 2.6.2", source:  (0)
[10006:10006:0301/223730.166462:INFO:CONSOLE(0)] "DEBUG: jQuery : 2.2.4", source:  (0)
[10006:10006:0301/223730.166643:INFO:CONSOLE(0)] "DEBUG: -------------------------------", source:  (0)
[10006:10006:0301/223730.203563:INFO:CONSOLE(0)] "DEBUG: For more advanced debugging, install the Ember Inspector from https://chrome.google.com/webstore/detail/ember-inspector/bmdblncegkenkacieihfhpjfppoconhi", source:  (0)
[10006:10006:0301/223741.895647:INFO:CONSOLE(0)] "DEBUG: -------------------------------", source:  (0)
[10006:10006:0301/223741.895861:INFO:CONSOLE(0)] "DEBUG: Ember  : 2.6.2", source:  (0)
[10006:10006:0301/223741.896037:INFO:CONSOLE(0)] "DEBUG: jQuery : 2.2.4", source:  (0)
[10006:10006:0301/223741.896211:INFO:CONSOLE(0)] "DEBUG: -------------------------------", source:  (0)
[10006:10006:0301/223741.933258:INFO:CONSOLE(0)] "DEBUG: For more advanced debugging, install the Ember Inspector from https://chrome.google.com/webstore/detail/ember-inspector/bmdblncegkenkacieihfhpjfppoconhi", source:  (0)
[10006:10006:0301/223753.840891:INFO:CONSOLE(0)] "DEBUG: -------------------------------", source:  (0)
[10006:10006:0301/223753.841100:INFO:CONSOLE(0)] "DEBUG: Ember  : 2.6.2", source:  (0)
[10006:10006:0301/223753.841276:INFO:CONSOLE(0)] "DEBUG: jQuery : 2.2.4", source:  (0)
[10006:10006:0301/223753.841450:INFO:CONSOLE(0)] "DEBUG: -------------------------------", source:  (0)
[10006:10006:0301/223753.878737:INFO:CONSOLE(0)] "DEBUG: For more advanced debugging, install the Ember Inspector from https://chrome.google.com/webstore/detail/ember-inspector/bmdblncegkenkacieihfhpjfppoconhi", source:  (0)
[10006:10006:0301/223805.972500:INFO:CONSOLE(0)] "DEBUG: -------------------------------", source:  (0)
[10006:10006:0301/223805.972716:INFO:CONSOLE(0)] "DEBUG: Ember  : 2.6.2", source:  (0)
[10006:10006:0301/223805.972899:INFO:CONSOLE(0)] "DEBUG: jQuery : 2.2.4", source:  (0)
[10006:10006:0301/223805.973073:INFO:CONSOLE(0)] "DEBUG: -------------------------------", source:  (0)
[10006:10006:0301/223806.010090:INFO:CONSOLE(0)] "DEBUG: For more advanced debugging, install the Ember Inspector from https://chrome.google.com/webstore/detail/ember-inspector/bmdblncegkenkacieihfhpjfppoconhi", source:  (0)
[10006:10006:0301/223818.264055:INFO:CONSOLE(0)] "DEBUG: -------------------------------", source:  (0)
[10006:10006:0301/223818.264274:INFO:CONSOLE(0)] "DEBUG: Ember  : 2.6.2", source:  (0)
[10006:10006:0301/223818.264451:INFO:CONSOLE(0)] "DEBUG: jQuery : 2.2.4", source:  (0)
[10006:10006:0301/223818.264631:INFO:CONSOLE(0)] "DEBUG: -------------------------------", source:  (0)
[10006:10006:0301/223818.302093:INFO:CONSOLE(0)] "DEBUG: For more advanced debugging, install the Ember Inspector from https://chrome.google.com/webstore/detail/ember-inspector/bmdblncegkenkacieihfhpjfppoconhi", source:  (0)
