[18041:18041:0301/125224.126453:WARNING:chrome_main_delegate.cc(618)] This is Chrome version 112.0.5572.0 (not a warning)
[18041:18055:0301/125224.303141:ERROR:bus.cc(399)] Failed to connect to the bus: Could not parse server address: Unknown address type (examples of valid types are "tcp" and on UNIX "unix")
[18041:18055:0301/125224.303173:ERROR:bus.cc(399)] Failed to connect to the bus: Could not parse server address: Unknown address type (examples of valid types are "tcp" and on UNIX "unix")
[18041:18041:0301/125224.346256:WARNING:account_consistency_mode_manager.cc(70)] Desktop Identity Consistency cannot be enabled as no OAuth client ID and client secret have been configured.
[18041:18055:0301/125224.354822:ERROR:bus.cc(399)] Failed to connect to the bus: Could not parse server address: Unknown address type (examples of valid types are "tcp" and on UNIX "unix")
[18041:18055:0301/125224.354859:ERROR:bus.cc(399)] Failed to connect to the bus: Could not parse server address: Unknown address type (examples of valid types are "tcp" and on UNIX "unix")
[18041:18041:0301/125224.559376:WARNING:bluez_dbus_manager.cc(247)] Floss manager not present, cannot set Floss enable/disable.
[18041:18132:0301/125224.590232:ERROR:object_proxy.cc(623)] Failed to call method: org.freedesktop.DBus.Properties.Get: object_path= /org/freedesktop/UPower: org.freedesktop.DBus.Error.ServiceUnknown: The name org.freedesktop.UPower was not provided by any .service files
[18041:18132:0301/125224.590257:WARNING:property.cc(144)] DaemonVersion: GetAndBlock: failed.
[18041:18132:0301/125224.590620:ERROR:object_proxy.cc(623)] Failed to call method: org.freedesktop.UPower.GetDisplayDevice: object_path= /org/freedesktop/UPower: org.freedesktop.DBus.Error.ServiceUnknown: The name org.freedesktop.UPower was not provided by any .service files
[18041:18132:0301/125224.590717:ERROR:object_proxy.cc(623)] Failed to call method: org.freedesktop.UPower.EnumerateDevices: object_path= /org/freedesktop/UPower: org.freedesktop.DBus.Error.ServiceUnknown: The name org.freedesktop.UPower was not provided by any .service files
[18041:18055:0301/125224.735135:ERROR:bus.cc(399)] Failed to connect to the bus: Could not parse server address: Unknown address type (examples of valid types are "tcp" and on UNIX "unix")
[18041:18055:0301/125224.735170:ERROR:bus.cc(399)] Failed to connect to the bus: Could not parse server address: Unknown address type (examples of valid types are "tcp" and on UNIX "unix")
[18041:18041:0301/125228.068860:INFO:optimization_guide_logger.cc(42)] ../../components/optimization_guide/core/hints_manager.cc(523) Hint cache initialized
[18041:18041:0301/125228.532199:INFO:optimization_guide_logger.cc(42)] ../../components/optimization_guide/content/browser/page_content_annotations_service.cc(309) PageContentAnnotationJob Result: BatchAnnotationResult{"Speedometer 2.1 Interactive Runner", type: ContentVisibility, output: nullopt}
[18041:18041:0301/125228.532273:INFO:optimization_guide_logger.cc(42)] ../../components/optimization_guide/content/browser/page_content_annotations_service.cc(309) PageContentAnnotationJob Result: BatchAnnotationResult{"Speedometer 2.1 Interactive Runner", type: PageEntities, output: nullopt}
[18041:18041:0301/125236.215064:INFO:CONSOLE(0)] "DEBUG: -------------------------------", source:  (0)
[18041:18041:0301/125236.215277:INFO:CONSOLE(0)] "DEBUG: Ember  : 2.6.2", source:  (0)
[18041:18041:0301/125236.215458:INFO:CONSOLE(0)] "DEBUG: jQuery : 2.2.4", source:  (0)
[18041:18041:0301/125236.215634:INFO:CONSOLE(0)] "DEBUG: -------------------------------", source:  (0)
[18041:18041:0301/125236.301608:INFO:CONSOLE(0)] "DEBUG: For more advanced debugging, install the Ember Inspector from https://chrome.google.com/webstore/detail/ember-inspector/bmdblncegkenkacieihfhpjfppoconhi", source:  (0)
[18041:18041:0301/125253.723066:INFO:CONSOLE(0)] "DEBUG: -------------------------------", source:  (0)
[18041:18041:0301/125253.723275:INFO:CONSOLE(0)] "DEBUG: Ember  : 2.6.2", source:  (0)
[18041:18041:0301/125253.723448:INFO:CONSOLE(0)] "DEBUG: jQuery : 2.2.4", source:  (0)
[18041:18041:0301/125253.723624:INFO:CONSOLE(0)] "DEBUG: -------------------------------", source:  (0)
[18041:18041:0301/125253.763078:INFO:CONSOLE(0)] "DEBUG: For more advanced debugging, install the Ember Inspector from https://chrome.google.com/webstore/detail/ember-inspector/bmdblncegkenkacieihfhpjfppoconhi", source:  (0)
[18041:18041:0301/125304.988003:INFO:CONSOLE(0)] "DEBUG: -------------------------------", source:  (0)
[18041:18041:0301/125304.988218:INFO:CONSOLE(0)] "DEBUG: Ember  : 2.6.2", source:  (0)
[18041:18041:0301/125304.988392:INFO:CONSOLE(0)] "DEBUG: jQuery : 2.2.4", source:  (0)
[18041:18041:0301/125304.988563:INFO:CONSOLE(0)] "DEBUG: -------------------------------", source:  (0)
[18041:18041:0301/125305.026097:INFO:CONSOLE(0)] "DEBUG: For more advanced debugging, install the Ember Inspector from https://chrome.google.com/webstore/detail/ember-inspector/bmdblncegkenkacieihfhpjfppoconhi", source:  (0)
[18041:18041:0301/125316.126823:INFO:CONSOLE(0)] "DEBUG: -------------------------------", source:  (0)
[18041:18041:0301/125316.127032:INFO:CONSOLE(0)] "DEBUG: Ember  : 2.6.2", source:  (0)
[18041:18041:0301/125316.127206:INFO:CONSOLE(0)] "DEBUG: jQuery : 2.2.4", source:  (0)
[18041:18041:0301/125316.127376:INFO:CONSOLE(0)] "DEBUG: -------------------------------", source:  (0)
[18041:18041:0301/125316.164439:INFO:CONSOLE(0)] "DEBUG: For more advanced debugging, install the Ember Inspector from https://chrome.google.com/webstore/detail/ember-inspector/bmdblncegkenkacieihfhpjfppoconhi", source:  (0)
[18041:18041:0301/125327.445963:INFO:CONSOLE(0)] "DEBUG: -------------------------------", source:  (0)
[18041:18041:0301/125327.446176:INFO:CONSOLE(0)] "DEBUG: Ember  : 2.6.2", source:  (0)
[18041:18041:0301/125327.446356:INFO:CONSOLE(0)] "DEBUG: jQuery : 2.2.4", source:  (0)
[18041:18041:0301/125327.446528:INFO:CONSOLE(0)] "DEBUG: -------------------------------", source:  (0)
[18041:18041:0301/125327.484932:INFO:CONSOLE(0)] "DEBUG: For more advanced debugging, install the Ember Inspector from https://chrome.google.com/webstore/detail/ember-inspector/bmdblncegkenkacieihfhpjfppoconhi", source:  (0)
[18041:18041:0301/125338.669235:INFO:CONSOLE(0)] "DEBUG: -------------------------------", source:  (0)
[18041:18041:0301/125338.669455:INFO:CONSOLE(0)] "DEBUG: Ember  : 2.6.2", source:  (0)
[18041:18041:0301/125338.669630:INFO:CONSOLE(0)] "DEBUG: jQuery : 2.2.4", source:  (0)
[18041:18041:0301/125338.669815:INFO:CONSOLE(0)] "DEBUG: -------------------------------", source:  (0)
[18041:18041:0301/125338.707251:INFO:CONSOLE(0)] "DEBUG: For more advanced debugging, install the Ember Inspector from https://chrome.google.com/webstore/detail/ember-inspector/bmdblncegkenkacieihfhpjfppoconhi", source:  (0)
[18041:18041:0301/125349.989535:INFO:CONSOLE(0)] "DEBUG: -------------------------------", source:  (0)
[18041:18041:0301/125349.989745:INFO:CONSOLE(0)] "DEBUG: Ember  : 2.6.2", source:  (0)
[18041:18041:0301/125349.989928:INFO:CONSOLE(0)] "DEBUG: jQuery : 2.2.4", source:  (0)
[18041:18041:0301/125349.990099:INFO:CONSOLE(0)] "DEBUG: -------------------------------", source:  (0)
[18041:18041:0301/125350.027171:INFO:CONSOLE(0)] "DEBUG: For more advanced debugging, install the Ember Inspector from https://chrome.google.com/webstore/detail/ember-inspector/bmdblncegkenkacieihfhpjfppoconhi", source:  (0)
[18041:18041:0301/125401.534390:INFO:CONSOLE(0)] "DEBUG: -------------------------------", source:  (0)
[18041:18041:0301/125401.534600:INFO:CONSOLE(0)] "DEBUG: Ember  : 2.6.2", source:  (0)
[18041:18041:0301/125401.534776:INFO:CONSOLE(0)] "DEBUG: jQuery : 2.2.4", source:  (0)
[18041:18041:0301/125401.534947:INFO:CONSOLE(0)] "DEBUG: -------------------------------", source:  (0)
[18041:18041:0301/125401.573689:INFO:CONSOLE(0)] "DEBUG: For more advanced debugging, install the Ember Inspector from https://chrome.google.com/webstore/detail/ember-inspector/bmdblncegkenkacieihfhpjfppoconhi", source:  (0)
[18041:18041:0301/125412.861558:INFO:CONSOLE(0)] "DEBUG: -------------------------------", source:  (0)
[18041:18041:0301/125412.861788:INFO:CONSOLE(0)] "DEBUG: Ember  : 2.6.2", source:  (0)
[18041:18041:0301/125412.861962:INFO:CONSOLE(0)] "DEBUG: jQuery : 2.2.4", source:  (0)
[18041:18041:0301/125412.862132:INFO:CONSOLE(0)] "DEBUG: -------------------------------", source:  (0)
[18041:18041:0301/125412.899161:INFO:CONSOLE(0)] "DEBUG: For more advanced debugging, install the Ember Inspector from https://chrome.google.com/webstore/detail/ember-inspector/bmdblncegkenkacieihfhpjfppoconhi", source:  (0)
[18041:18041:0301/125424.037931:INFO:CONSOLE(0)] "DEBUG: -------------------------------", source:  (0)
[18041:18041:0301/125424.038133:INFO:CONSOLE(0)] "DEBUG: Ember  : 2.6.2", source:  (0)
[18041:18041:0301/125424.038313:INFO:CONSOLE(0)] "DEBUG: jQuery : 2.2.4", source:  (0)
[18041:18041:0301/125424.038485:INFO:CONSOLE(0)] "DEBUG: -------------------------------", source:  (0)
[18041:18041:0301/125424.075751:INFO:CONSOLE(0)] "DEBUG: For more advanced debugging, install the Ember Inspector from https://chrome.google.com/webstore/detail/ember-inspector/bmdblncegkenkacieihfhpjfppoconhi", source:  (0)
