[5955:5955:0301/214013.361405:WARNING:chrome_main_delegate.cc(618)] This is Chrome version 112.0.5572.0 (not a warning)
[5955:5969:0301/214013.520565:ERROR:bus.cc(399)] Failed to connect to the bus: Could not parse server address: Unknown address type (examples of valid types are "tcp" and on UNIX "unix")
[5955:5969:0301/214013.520874:ERROR:bus.cc(399)] Failed to connect to the bus: Could not parse server address: Unknown address type (examples of valid types are "tcp" and on UNIX "unix")
[5955:5955:0301/214013.562453:WARNING:account_consistency_mode_manager.cc(70)] Desktop Identity Consistency cannot be enabled as no OAuth client ID and client secret have been configured.
[5955:5969:0301/214013.569437:ERROR:bus.cc(399)] Failed to connect to the bus: Could not parse server address: Unknown address type (examples of valid types are "tcp" and on UNIX "unix")
[5955:5969:0301/214013.569468:ERROR:bus.cc(399)] Failed to connect to the bus: Could not parse server address: Unknown address type (examples of valid types are "tcp" and on UNIX "unix")
[5955:5955:0301/214013.730710:WARNING:bluez_dbus_manager.cc(247)] Floss manager not present, cannot set Floss enable/disable.
[5955:6045:0301/214013.851175:ERROR:object_proxy.cc(623)] Failed to call method: org.freedesktop.DBus.Properties.Get: object_path= /org/freedesktop/UPower: org.freedesktop.DBus.Error.ServiceUnknown: The name org.freedesktop.UPower was not provided by any .service files
[5955:6045:0301/214013.851194:WARNING:property.cc(144)] DaemonVersion: GetAndBlock: failed.
[5955:6045:0301/214013.851317:ERROR:object_proxy.cc(623)] Failed to call method: org.freedesktop.UPower.GetDisplayDevice: object_path= /org/freedesktop/UPower: org.freedesktop.DBus.Error.ServiceUnknown: The name org.freedesktop.UPower was not provided by any .service files
[5955:6045:0301/214013.851428:ERROR:object_proxy.cc(623)] Failed to call method: org.freedesktop.UPower.EnumerateDevices: object_path= /org/freedesktop/UPower: org.freedesktop.DBus.Error.ServiceUnknown: The name org.freedesktop.UPower was not provided by any .service files
[5955:5969:0301/214014.001055:ERROR:bus.cc(399)] Failed to connect to the bus: Could not parse server address: Unknown address type (examples of valid types are "tcp" and on UNIX "unix")
[5955:5969:0301/214014.026576:ERROR:bus.cc(399)] Failed to connect to the bus: Could not parse server address: Unknown address type (examples of valid types are "tcp" and on UNIX "unix")
[5955:5955:0301/214017.326363:INFO:optimization_guide_logger.cc(42)] ../../components/optimization_guide/core/hints_manager.cc(523) Hint cache initialized
[5955:5955:0301/214017.657305:INFO:optimization_guide_logger.cc(42)] ../../components/optimization_guide/content/browser/page_content_annotations_service.cc(309) PageContentAnnotationJob Result: BatchAnnotationResult{"Speedometer 2.1 Interactive Runner", type: ContentVisibility, output: nullopt}
[5955:5955:0301/214017.657376:INFO:optimization_guide_logger.cc(42)] ../../components/optimization_guide/content/browser/page_content_annotations_service.cc(309) PageContentAnnotationJob Result: BatchAnnotationResult{"Speedometer 2.1 Interactive Runner", type: PageEntities, output: nullopt}
[5955:5955:0301/214026.673560:INFO:CONSOLE(0)] "DEBUG: -------------------------------", source:  (0)
[5955:5955:0301/214026.673765:INFO:CONSOLE(0)] "DEBUG: Ember  : 2.6.2", source:  (0)
[5955:5955:0301/214026.673938:INFO:CONSOLE(0)] "DEBUG: jQuery : 2.2.4", source:  (0)
[5955:5955:0301/214026.674107:INFO:CONSOLE(0)] "DEBUG: -------------------------------", source:  (0)
[5955:5955:0301/214026.761924:INFO:CONSOLE(0)] "DEBUG: For more advanced debugging, install the Ember Inspector from https://chrome.google.com/webstore/detail/ember-inspector/bmdblncegkenkacieihfhpjfppoconhi", source:  (0)
[5955:5955:0301/214042.237983:INFO:CONSOLE(0)] "DEBUG: -------------------------------", source:  (0)
[5955:5955:0301/214042.238192:INFO:CONSOLE(0)] "DEBUG: Ember  : 2.6.2", source:  (0)
[5955:5955:0301/214042.238377:INFO:CONSOLE(0)] "DEBUG: jQuery : 2.2.4", source:  (0)
[5955:5955:0301/214042.238547:INFO:CONSOLE(0)] "DEBUG: -------------------------------", source:  (0)
[5955:5955:0301/214042.274676:INFO:CONSOLE(0)] "DEBUG: For more advanced debugging, install the Ember Inspector from https://chrome.google.com/webstore/detail/ember-inspector/bmdblncegkenkacieihfhpjfppoconhi", source:  (0)
[5955:5955:0301/214053.265416:INFO:CONSOLE(0)] "DEBUG: -------------------------------", source:  (0)
[5955:5955:0301/214053.265627:INFO:CONSOLE(0)] "DEBUG: Ember  : 2.6.2", source:  (0)
[5955:5955:0301/214053.265802:INFO:CONSOLE(0)] "DEBUG: jQuery : 2.2.4", source:  (0)
[5955:5955:0301/214053.265973:INFO:CONSOLE(0)] "DEBUG: -------------------------------", source:  (0)
[5955:5955:0301/214053.302261:INFO:CONSOLE(0)] "DEBUG: For more advanced debugging, install the Ember Inspector from https://chrome.google.com/webstore/detail/ember-inspector/bmdblncegkenkacieihfhpjfppoconhi", source:  (0)
[5955:5955:0301/214104.457257:INFO:CONSOLE(0)] "DEBUG: -------------------------------", source:  (0)
[5955:5955:0301/214104.457462:INFO:CONSOLE(0)] "DEBUG: Ember  : 2.6.2", source:  (0)
[5955:5955:0301/214104.457634:INFO:CONSOLE(0)] "DEBUG: jQuery : 2.2.4", source:  (0)
[5955:5955:0301/214104.457805:INFO:CONSOLE(0)] "DEBUG: -------------------------------", source:  (0)
[5955:5955:0301/214104.494151:INFO:CONSOLE(0)] "DEBUG: For more advanced debugging, install the Ember Inspector from https://chrome.google.com/webstore/detail/ember-inspector/bmdblncegkenkacieihfhpjfppoconhi", source:  (0)
[5955:5955:0301/214115.787087:INFO:CONSOLE(0)] "DEBUG: -------------------------------", source:  (0)
[5955:5955:0301/214115.787303:INFO:CONSOLE(0)] "DEBUG: Ember  : 2.6.2", source:  (0)
[5955:5955:0301/214115.787478:INFO:CONSOLE(0)] "DEBUG: jQuery : 2.2.4", source:  (0)
[5955:5955:0301/214115.787649:INFO:CONSOLE(0)] "DEBUG: -------------------------------", source:  (0)
[5955:5955:0301/214115.823777:INFO:CONSOLE(0)] "DEBUG: For more advanced debugging, install the Ember Inspector from https://chrome.google.com/webstore/detail/ember-inspector/bmdblncegkenkacieihfhpjfppoconhi", source:  (0)
[5955:5955:0301/214127.356139:INFO:CONSOLE(0)] "DEBUG: -------------------------------", source:  (0)
[5955:5955:0301/214127.356347:INFO:CONSOLE(0)] "DEBUG: Ember  : 2.6.2", source:  (0)
[5955:5955:0301/214127.356520:INFO:CONSOLE(0)] "DEBUG: jQuery : 2.2.4", source:  (0)
[5955:5955:0301/214127.356698:INFO:CONSOLE(0)] "DEBUG: -------------------------------", source:  (0)
[5955:5955:0301/214127.393355:INFO:CONSOLE(0)] "DEBUG: For more advanced debugging, install the Ember Inspector from https://chrome.google.com/webstore/detail/ember-inspector/bmdblncegkenkacieihfhpjfppoconhi", source:  (0)
[5955:5955:0301/214139.111176:INFO:CONSOLE(0)] "DEBUG: -------------------------------", source:  (0)
[5955:5955:0301/214139.111383:INFO:CONSOLE(0)] "DEBUG: Ember  : 2.6.2", source:  (0)
[5955:5955:0301/214139.111558:INFO:CONSOLE(0)] "DEBUG: jQuery : 2.2.4", source:  (0)
[5955:5955:0301/214139.111728:INFO:CONSOLE(0)] "DEBUG: -------------------------------", source:  (0)
[5955:5955:0301/214139.148330:INFO:CONSOLE(0)] "DEBUG: For more advanced debugging, install the Ember Inspector from https://chrome.google.com/webstore/detail/ember-inspector/bmdblncegkenkacieihfhpjfppoconhi", source:  (0)
[5955:5955:0301/214151.106630:INFO:CONSOLE(0)] "DEBUG: -------------------------------", source:  (0)
[5955:5955:0301/214151.106839:INFO:CONSOLE(0)] "DEBUG: Ember  : 2.6.2", source:  (0)
[5955:5955:0301/214151.107012:INFO:CONSOLE(0)] "DEBUG: jQuery : 2.2.4", source:  (0)
[5955:5955:0301/214151.107183:INFO:CONSOLE(0)] "DEBUG: -------------------------------", source:  (0)
[5955:5955:0301/214151.144145:INFO:CONSOLE(0)] "DEBUG: For more advanced debugging, install the Ember Inspector from https://chrome.google.com/webstore/detail/ember-inspector/bmdblncegkenkacieihfhpjfppoconhi", source:  (0)
[5955:5955:0301/214203.265338:INFO:CONSOLE(0)] "DEBUG: -------------------------------", source:  (0)
[5955:5955:0301/214203.265548:INFO:CONSOLE(0)] "DEBUG: Ember  : 2.6.2", source:  (0)
[5955:5955:0301/214203.265722:INFO:CONSOLE(0)] "DEBUG: jQuery : 2.2.4", source:  (0)
[5955:5955:0301/214203.265902:INFO:CONSOLE(0)] "DEBUG: -------------------------------", source:  (0)
[5955:5955:0301/214203.303042:INFO:CONSOLE(0)] "DEBUG: For more advanced debugging, install the Ember Inspector from https://chrome.google.com/webstore/detail/ember-inspector/bmdblncegkenkacieihfhpjfppoconhi", source:  (0)
[5955:5955:0301/214215.718582:INFO:CONSOLE(0)] "DEBUG: -------------------------------", source:  (0)
[5955:5955:0301/214215.718788:INFO:CONSOLE(0)] "DEBUG: Ember  : 2.6.2", source:  (0)
[5955:5955:0301/214215.718962:INFO:CONSOLE(0)] "DEBUG: jQuery : 2.2.4", source:  (0)
[5955:5955:0301/214215.719133:INFO:CONSOLE(0)] "DEBUG: -------------------------------", source:  (0)
[5955:5955:0301/214215.756643:INFO:CONSOLE(0)] "DEBUG: For more advanced debugging, install the Ember Inspector from https://chrome.google.com/webstore/detail/ember-inspector/bmdblncegkenkacieihfhpjfppoconhi", source:  (0)
