[9339:9339:0301/222658.019132:WARNING:chrome_main_delegate.cc(618)] This is Chrome version 112.0.5572.0 (not a warning)
[9339:9353:0301/222658.177806:ERROR:bus.cc(399)] Failed to connect to the bus: Could not parse server address: Unknown address type (examples of valid types are "tcp" and on UNIX "unix")
[9339:9353:0301/222658.178023:ERROR:bus.cc(399)] Failed to connect to the bus: Could not parse server address: Unknown address type (examples of valid types are "tcp" and on UNIX "unix")
[9339:9339:0301/222658.217541:WARNING:account_consistency_mode_manager.cc(70)] Desktop Identity Consistency cannot be enabled as no OAuth client ID and client secret have been configured.
[9339:9353:0301/222658.225733:ERROR:bus.cc(399)] Failed to connect to the bus: Could not parse server address: Unknown address type (examples of valid types are "tcp" and on UNIX "unix")
[9339:9353:0301/222658.225768:ERROR:bus.cc(399)] Failed to connect to the bus: Could not parse server address: Unknown address type (examples of valid types are "tcp" and on UNIX "unix")
[9339:9339:0301/222658.401479:WARNING:bluez_dbus_manager.cc(247)] Floss manager not present, cannot set Floss enable/disable.
[9339:9429:0301/222658.457638:ERROR:object_proxy.cc(623)] Failed to call method: org.freedesktop.DBus.Properties.Get: object_path= /org/freedesktop/UPower: org.freedesktop.DBus.Error.ServiceUnknown: The name org.freedesktop.UPower was not provided by any .service files
[9339:9429:0301/222658.457657:WARNING:property.cc(144)] DaemonVersion: GetAndBlock: failed.
[9339:9429:0301/222658.457773:ERROR:object_proxy.cc(623)] Failed to call method: org.freedesktop.UPower.GetDisplayDevice: object_path= /org/freedesktop/UPower: org.freedesktop.DBus.Error.ServiceUnknown: The name org.freedesktop.UPower was not provided by any .service files
[9339:9429:0301/222658.457883:ERROR:object_proxy.cc(623)] Failed to call method: org.freedesktop.UPower.EnumerateDevices: object_path= /org/freedesktop/UPower: org.freedesktop.DBus.Error.ServiceUnknown: The name org.freedesktop.UPower was not provided by any .service files
[9339:9353:0301/222658.622362:ERROR:bus.cc(399)] Failed to connect to the bus: Could not parse server address: Unknown address type (examples of valid types are "tcp" and on UNIX "unix")
[9339:9353:0301/222658.631199:ERROR:bus.cc(399)] Failed to connect to the bus: Could not parse server address: Unknown address type (examples of valid types are "tcp" and on UNIX "unix")
[9339:9339:0301/222701.739095:INFO:optimization_guide_logger.cc(42)] ../../components/optimization_guide/core/hints_manager.cc(523) Hint cache initialized
[9339:9339:0301/222702.144494:INFO:optimization_guide_logger.cc(42)] ../../components/optimization_guide/content/browser/page_content_annotations_service.cc(309) PageContentAnnotationJob Result: BatchAnnotationResult{"Speedometer 2.1 Interactive Runner", type: ContentVisibility, output: nullopt}
[9339:9339:0301/222702.144575:INFO:optimization_guide_logger.cc(42)] ../../components/optimization_guide/content/browser/page_content_annotations_service.cc(309) PageContentAnnotationJob Result: BatchAnnotationResult{"Speedometer 2.1 Interactive Runner", type: PageEntities, output: nullopt}
[9339:9339:0301/222713.999058:INFO:CONSOLE(0)] "DEBUG: -------------------------------", source:  (0)
[9339:9339:0301/222713.999267:INFO:CONSOLE(0)] "DEBUG: Ember  : 2.6.2", source:  (0)
[9339:9339:0301/222713.999446:INFO:CONSOLE(0)] "DEBUG: jQuery : 2.2.4", source:  (0)
[9339:9339:0301/222713.999620:INFO:CONSOLE(0)] "DEBUG: -------------------------------", source:  (0)
[9339:9339:0301/222714.087114:INFO:CONSOLE(0)] "DEBUG: For more advanced debugging, install the Ember Inspector from https://chrome.google.com/webstore/detail/ember-inspector/bmdblncegkenkacieihfhpjfppoconhi", source:  (0)
[9339:9339:0301/222729.622415:INFO:CONSOLE(0)] "DEBUG: -------------------------------", source:  (0)
[9339:9339:0301/222729.622628:INFO:CONSOLE(0)] "DEBUG: Ember  : 2.6.2", source:  (0)
[9339:9339:0301/222729.622806:INFO:CONSOLE(0)] "DEBUG: jQuery : 2.2.4", source:  (0)
[9339:9339:0301/222729.622981:INFO:CONSOLE(0)] "DEBUG: -------------------------------", source:  (0)
[9339:9339:0301/222729.659009:INFO:CONSOLE(0)] "DEBUG: For more advanced debugging, install the Ember Inspector from https://chrome.google.com/webstore/detail/ember-inspector/bmdblncegkenkacieihfhpjfppoconhi", source:  (0)
[9339:9339:0301/222740.856339:INFO:CONSOLE(0)] "DEBUG: -------------------------------", source:  (0)
[9339:9339:0301/222740.856550:INFO:CONSOLE(0)] "DEBUG: Ember  : 2.6.2", source:  (0)
[9339:9339:0301/222740.856727:INFO:CONSOLE(0)] "DEBUG: jQuery : 2.2.4", source:  (0)
[9339:9339:0301/222740.856900:INFO:CONSOLE(0)] "DEBUG: -------------------------------", source:  (0)
[9339:9339:0301/222740.893093:INFO:CONSOLE(0)] "DEBUG: For more advanced debugging, install the Ember Inspector from https://chrome.google.com/webstore/detail/ember-inspector/bmdblncegkenkacieihfhpjfppoconhi", source:  (0)
[9339:9339:0301/222752.059185:INFO:CONSOLE(0)] "DEBUG: -------------------------------", source:  (0)
[9339:9339:0301/222752.059394:INFO:CONSOLE(0)] "DEBUG: Ember  : 2.6.2", source:  (0)
[9339:9339:0301/222752.059573:INFO:CONSOLE(0)] "DEBUG: jQuery : 2.2.4", source:  (0)
[9339:9339:0301/222752.059747:INFO:CONSOLE(0)] "DEBUG: -------------------------------", source:  (0)
[9339:9339:0301/222752.096257:INFO:CONSOLE(0)] "DEBUG: For more advanced debugging, install the Ember Inspector from https://chrome.google.com/webstore/detail/ember-inspector/bmdblncegkenkacieihfhpjfppoconhi", source:  (0)
[9339:9339:0301/222803.470620:INFO:CONSOLE(0)] "DEBUG: -------------------------------", source:  (0)
[9339:9339:0301/222803.470847:INFO:CONSOLE(0)] "DEBUG: Ember  : 2.6.2", source:  (0)
[9339:9339:0301/222803.471026:INFO:CONSOLE(0)] "DEBUG: jQuery : 2.2.4", source:  (0)
[9339:9339:0301/222803.471208:INFO:CONSOLE(0)] "DEBUG: -------------------------------", source:  (0)
[9339:9339:0301/222803.507649:INFO:CONSOLE(0)] "DEBUG: For more advanced debugging, install the Ember Inspector from https://chrome.google.com/webstore/detail/ember-inspector/bmdblncegkenkacieihfhpjfppoconhi", source:  (0)
[9339:9339:0301/222815.175545:INFO:CONSOLE(0)] "DEBUG: -------------------------------", source:  (0)
[9339:9339:0301/222815.175759:INFO:CONSOLE(0)] "DEBUG: Ember  : 2.6.2", source:  (0)
[9339:9339:0301/222815.175937:INFO:CONSOLE(0)] "DEBUG: jQuery : 2.2.4", source:  (0)
[9339:9339:0301/222815.176120:INFO:CONSOLE(0)] "DEBUG: -------------------------------", source:  (0)
[9339:9339:0301/222815.212709:INFO:CONSOLE(0)] "DEBUG: For more advanced debugging, install the Ember Inspector from https://chrome.google.com/webstore/detail/ember-inspector/bmdblncegkenkacieihfhpjfppoconhi", source:  (0)
[9339:9339:0301/222826.950693:INFO:CONSOLE(0)] "DEBUG: -------------------------------", source:  (0)
[9339:9339:0301/222826.950904:INFO:CONSOLE(0)] "DEBUG: Ember  : 2.6.2", source:  (0)
[9339:9339:0301/222826.951082:INFO:CONSOLE(0)] "DEBUG: jQuery : 2.2.4", source:  (0)
[9339:9339:0301/222826.951256:INFO:CONSOLE(0)] "DEBUG: -------------------------------", source:  (0)
[9339:9339:0301/222826.988333:INFO:CONSOLE(0)] "DEBUG: For more advanced debugging, install the Ember Inspector from https://chrome.google.com/webstore/detail/ember-inspector/bmdblncegkenkacieihfhpjfppoconhi", source:  (0)
[9339:9339:0301/222838.942274:INFO:CONSOLE(0)] "DEBUG: -------------------------------", source:  (0)
[9339:9339:0301/222838.942485:INFO:CONSOLE(0)] "DEBUG: Ember  : 2.6.2", source:  (0)
[9339:9339:0301/222838.942662:INFO:CONSOLE(0)] "DEBUG: jQuery : 2.2.4", source:  (0)
[9339:9339:0301/222838.942836:INFO:CONSOLE(0)] "DEBUG: -------------------------------", source:  (0)
[9339:9339:0301/222838.980389:INFO:CONSOLE(0)] "DEBUG: For more advanced debugging, install the Ember Inspector from https://chrome.google.com/webstore/detail/ember-inspector/bmdblncegkenkacieihfhpjfppoconhi", source:  (0)
[9339:9339:0301/222851.193749:INFO:CONSOLE(0)] "DEBUG: -------------------------------", source:  (0)
[9339:9339:0301/222851.193959:INFO:CONSOLE(0)] "DEBUG: Ember  : 2.6.2", source:  (0)
[9339:9339:0301/222851.194136:INFO:CONSOLE(0)] "DEBUG: jQuery : 2.2.4", source:  (0)
[9339:9339:0301/222851.194325:INFO:CONSOLE(0)] "DEBUG: -------------------------------", source:  (0)
[9339:9339:0301/222851.231210:INFO:CONSOLE(0)] "DEBUG: For more advanced debugging, install the Ember Inspector from https://chrome.google.com/webstore/detail/ember-inspector/bmdblncegkenkacieihfhpjfppoconhi", source:  (0)
[9339:9339:0301/222903.637727:INFO:CONSOLE(0)] "DEBUG: -------------------------------", source:  (0)
[9339:9339:0301/222903.637947:INFO:CONSOLE(0)] "DEBUG: Ember  : 2.6.2", source:  (0)
[9339:9339:0301/222903.638126:INFO:CONSOLE(0)] "DEBUG: jQuery : 2.2.4", source:  (0)
[9339:9339:0301/222903.638311:INFO:CONSOLE(0)] "DEBUG: -------------------------------", source:  (0)
[9339:9339:0301/222903.675554:INFO:CONSOLE(0)] "DEBUG: For more advanced debugging, install the Ember Inspector from https://chrome.google.com/webstore/detail/ember-inspector/bmdblncegkenkacieihfhpjfppoconhi", source:  (0)
