[22959:22959:0301/135649.278607:WARNING:chrome_main_delegate.cc(618)] This is Chrome version 112.0.5572.0 (not a warning)
[22959:22973:0301/135649.455460:ERROR:bus.cc(399)] Failed to connect to the bus: Could not parse server address: Unknown address type (examples of valid types are "tcp" and on UNIX "unix")
[22959:22973:0301/135649.455489:ERROR:bus.cc(399)] Failed to connect to the bus: Could not parse server address: Unknown address type (examples of valid types are "tcp" and on UNIX "unix")
[22959:22959:0301/135649.509033:WARNING:account_consistency_mode_manager.cc(70)] Desktop Identity Consistency cannot be enabled as no OAuth client ID and client secret have been configured.
[22959:22973:0301/135649.517416:ERROR:bus.cc(399)] Failed to connect to the bus: Could not parse server address: Unknown address type (examples of valid types are "tcp" and on UNIX "unix")
[22959:22973:0301/135649.517450:ERROR:bus.cc(399)] Failed to connect to the bus: Could not parse server address: Unknown address type (examples of valid types are "tcp" and on UNIX "unix")
[22959:22959:0301/135649.679280:WARNING:bluez_dbus_manager.cc(247)] Floss manager not present, cannot set Floss enable/disable.
[22959:23050:0301/135649.714114:ERROR:object_proxy.cc(623)] Failed to call method: org.freedesktop.DBus.Properties.Get: object_path= /org/freedesktop/UPower: org.freedesktop.DBus.Error.ServiceUnknown: The name org.freedesktop.UPower was not provided by any .service files
[22959:23050:0301/135649.714136:WARNING:property.cc(144)] DaemonVersion: GetAndBlock: failed.
[22959:23050:0301/135649.714264:ERROR:object_proxy.cc(623)] Failed to call method: org.freedesktop.UPower.GetDisplayDevice: object_path= /org/freedesktop/UPower: org.freedesktop.DBus.Error.ServiceUnknown: The name org.freedesktop.UPower was not provided by any .service files
[22959:23050:0301/135649.714372:ERROR:object_proxy.cc(623)] Failed to call method: org.freedesktop.UPower.EnumerateDevices: object_path= /org/freedesktop/UPower: org.freedesktop.DBus.Error.ServiceUnknown: The name org.freedesktop.UPower was not provided by any .service files
[22959:22973:0301/135649.956944:ERROR:bus.cc(399)] Failed to connect to the bus: Could not parse server address: Unknown address type (examples of valid types are "tcp" and on UNIX "unix")
[22959:22973:0301/135649.965474:ERROR:bus.cc(399)] Failed to connect to the bus: Could not parse server address: Unknown address type (examples of valid types are "tcp" and on UNIX "unix")
[22959:22959:0301/135653.188881:INFO:optimization_guide_logger.cc(42)] ../../components/optimization_guide/core/hints_manager.cc(523) Hint cache initialized
[22959:22959:0301/135653.518420:INFO:optimization_guide_logger.cc(42)] ../../components/optimization_guide/content/browser/page_content_annotations_service.cc(309) PageContentAnnotationJob Result: BatchAnnotationResult{"Speedometer 2.1 Interactive Runner", type: ContentVisibility, output: nullopt}
[22959:22959:0301/135653.518499:INFO:optimization_guide_logger.cc(42)] ../../components/optimization_guide/content/browser/page_content_annotations_service.cc(309) PageContentAnnotationJob Result: BatchAnnotationResult{"Speedometer 2.1 Interactive Runner", type: PageEntities, output: nullopt}
[22959:22959:0301/135701.374408:INFO:CONSOLE(0)] "DEBUG: -------------------------------", source:  (0)
[22959:22959:0301/135701.374621:INFO:CONSOLE(0)] "DEBUG: Ember  : 2.6.2", source:  (0)
[22959:22959:0301/135701.374804:INFO:CONSOLE(0)] "DEBUG: jQuery : 2.2.4", source:  (0)
[22959:22959:0301/135701.374976:INFO:CONSOLE(0)] "DEBUG: -------------------------------", source:  (0)
[22959:22959:0301/135701.461480:INFO:CONSOLE(0)] "DEBUG: For more advanced debugging, install the Ember Inspector from https://chrome.google.com/webstore/detail/ember-inspector/bmdblncegkenkacieihfhpjfppoconhi", source:  (0)
[22959:22959:0301/135717.436698:INFO:CONSOLE(0)] "DEBUG: -------------------------------", source:  (0)
[22959:22959:0301/135717.436898:INFO:CONSOLE(0)] "DEBUG: Ember  : 2.6.2", source:  (0)
[22959:22959:0301/135717.437071:INFO:CONSOLE(0)] "DEBUG: jQuery : 2.2.4", source:  (0)
[22959:22959:0301/135717.437250:INFO:CONSOLE(0)] "DEBUG: -------------------------------", source:  (0)
[22959:22959:0301/135717.476476:INFO:CONSOLE(0)] "DEBUG: For more advanced debugging, install the Ember Inspector from https://chrome.google.com/webstore/detail/ember-inspector/bmdblncegkenkacieihfhpjfppoconhi", source:  (0)
[22959:22959:0301/135728.702069:INFO:CONSOLE(0)] "DEBUG: -------------------------------", source:  (0)
[22959:22959:0301/135728.702286:INFO:CONSOLE(0)] "DEBUG: Ember  : 2.6.2", source:  (0)
[22959:22959:0301/135728.702464:INFO:CONSOLE(0)] "DEBUG: jQuery : 2.2.4", source:  (0)
[22959:22959:0301/135728.702633:INFO:CONSOLE(0)] "DEBUG: -------------------------------", source:  (0)
[22959:22959:0301/135728.740589:INFO:CONSOLE(0)] "DEBUG: For more advanced debugging, install the Ember Inspector from https://chrome.google.com/webstore/detail/ember-inspector/bmdblncegkenkacieihfhpjfppoconhi", source:  (0)
[22959:22959:0301/135739.883741:INFO:CONSOLE(0)] "DEBUG: -------------------------------", source:  (0)
[22959:22959:0301/135739.883951:INFO:CONSOLE(0)] "DEBUG: Ember  : 2.6.2", source:  (0)
[22959:22959:0301/135739.884127:INFO:CONSOLE(0)] "DEBUG: jQuery : 2.2.4", source:  (0)
[22959:22959:0301/135739.884311:INFO:CONSOLE(0)] "DEBUG: -------------------------------", source:  (0)
[22959:22959:0301/135739.921026:INFO:CONSOLE(0)] "DEBUG: For more advanced debugging, install the Ember Inspector from https://chrome.google.com/webstore/detail/ember-inspector/bmdblncegkenkacieihfhpjfppoconhi", source:  (0)
[22959:22959:0301/135750.918553:INFO:CONSOLE(0)] "DEBUG: -------------------------------", source:  (0)
[22959:22959:0301/135750.918759:INFO:CONSOLE(0)] "DEBUG: Ember  : 2.6.2", source:  (0)
[22959:22959:0301/135750.918934:INFO:CONSOLE(0)] "DEBUG: jQuery : 2.2.4", source:  (0)
[22959:22959:0301/135750.919106:INFO:CONSOLE(0)] "DEBUG: -------------------------------", source:  (0)
[22959:22959:0301/135750.956744:INFO:CONSOLE(0)] "DEBUG: For more advanced debugging, install the Ember Inspector from https://chrome.google.com/webstore/detail/ember-inspector/bmdblncegkenkacieihfhpjfppoconhi", source:  (0)
[22959:22959:0301/135802.305446:INFO:CONSOLE(0)] "DEBUG: -------------------------------", source:  (0)
[22959:22959:0301/135802.305653:INFO:CONSOLE(0)] "DEBUG: Ember  : 2.6.2", source:  (0)
[22959:22959:0301/135802.305827:INFO:CONSOLE(0)] "DEBUG: jQuery : 2.2.4", source:  (0)
[22959:22959:0301/135802.306006:INFO:CONSOLE(0)] "DEBUG: -------------------------------", source:  (0)
[22959:22959:0301/135802.344270:INFO:CONSOLE(0)] "DEBUG: For more advanced debugging, install the Ember Inspector from https://chrome.google.com/webstore/detail/ember-inspector/bmdblncegkenkacieihfhpjfppoconhi", source:  (0)
[22959:22959:0301/135813.611634:INFO:CONSOLE(0)] "DEBUG: -------------------------------", source:  (0)
[22959:22959:0301/135813.611851:INFO:CONSOLE(0)] "DEBUG: Ember  : 2.6.2", source:  (0)
[22959:22959:0301/135813.612036:INFO:CONSOLE(0)] "DEBUG: jQuery : 2.2.4", source:  (0)
[22959:22959:0301/135813.612216:INFO:CONSOLE(0)] "DEBUG: -------------------------------", source:  (0)
[22959:22959:0301/135813.649993:INFO:CONSOLE(0)] "DEBUG: For more advanced debugging, install the Ember Inspector from https://chrome.google.com/webstore/detail/ember-inspector/bmdblncegkenkacieihfhpjfppoconhi", source:  (0)
[22959:22959:0301/135824.953498:INFO:CONSOLE(0)] "DEBUG: -------------------------------", source:  (0)
[22959:22959:0301/135824.953719:INFO:CONSOLE(0)] "DEBUG: Ember  : 2.6.2", source:  (0)
[22959:22959:0301/135824.953895:INFO:CONSOLE(0)] "DEBUG: jQuery : 2.2.4", source:  (0)
[22959:22959:0301/135824.954069:INFO:CONSOLE(0)] "DEBUG: -------------------------------", source:  (0)
[22959:22959:0301/135824.992184:INFO:CONSOLE(0)] "DEBUG: For more advanced debugging, install the Ember Inspector from https://chrome.google.com/webstore/detail/ember-inspector/bmdblncegkenkacieihfhpjfppoconhi", source:  (0)
[22959:22959:0301/135836.172890:INFO:CONSOLE(0)] "DEBUG: -------------------------------", source:  (0)
[22959:22959:0301/135836.173112:INFO:CONSOLE(0)] "DEBUG: Ember  : 2.6.2", source:  (0)
[22959:22959:0301/135836.173287:INFO:CONSOLE(0)] "DEBUG: jQuery : 2.2.4", source:  (0)
[22959:22959:0301/135836.173459:INFO:CONSOLE(0)] "DEBUG: -------------------------------", source:  (0)
[22959:22959:0301/135836.211014:INFO:CONSOLE(0)] "DEBUG: For more advanced debugging, install the Ember Inspector from https://chrome.google.com/webstore/detail/ember-inspector/bmdblncegkenkacieihfhpjfppoconhi", source:  (0)
[22959:22959:0301/135847.646298:INFO:CONSOLE(0)] "DEBUG: -------------------------------", source:  (0)
[22959:22959:0301/135847.646510:INFO:CONSOLE(0)] "DEBUG: Ember  : 2.6.2", source:  (0)
[22959:22959:0301/135847.646686:INFO:CONSOLE(0)] "DEBUG: jQuery : 2.2.4", source:  (0)
[22959:22959:0301/135847.646858:INFO:CONSOLE(0)] "DEBUG: -------------------------------", source:  (0)
[22959:22959:0301/135847.685018:INFO:CONSOLE(0)] "DEBUG: For more advanced debugging, install the Ember Inspector from https://chrome.google.com/webstore/detail/ember-inspector/bmdblncegkenkacieihfhpjfppoconhi", source:  (0)
