[8508:8508:0301/221517.835189:WARNING:chrome_main_delegate.cc(618)] This is Chrome version 112.0.5572.0 (not a warning)
[8508:8522:0301/221517.995350:ERROR:bus.cc(399)] Failed to connect to the bus: Could not parse server address: Unknown address type (examples of valid types are "tcp" and on UNIX "unix")
[8508:8522:0301/221517.995380:ERROR:bus.cc(399)] Failed to connect to the bus: Could not parse server address: Unknown address type (examples of valid types are "tcp" and on UNIX "unix")
[8508:8508:0301/221518.037660:WARNING:account_consistency_mode_manager.cc(70)] Desktop Identity Consistency cannot be enabled as no OAuth client ID and client secret have been configured.
[8508:8522:0301/221518.044678:ERROR:bus.cc(399)] Failed to connect to the bus: Could not parse server address: Unknown address type (examples of valid types are "tcp" and on UNIX "unix")
[8508:8522:0301/221518.044713:ERROR:bus.cc(399)] Failed to connect to the bus: Could not parse server address: Unknown address type (examples of valid types are "tcp" and on UNIX "unix")
[8508:8508:0301/221518.271342:WARNING:bluez_dbus_manager.cc(247)] Floss manager not present, cannot set Floss enable/disable.
[8508:8598:0301/221518.300209:ERROR:object_proxy.cc(623)] Failed to call method: org.freedesktop.DBus.Properties.Get: object_path= /org/freedesktop/UPower: org.freedesktop.DBus.Error.ServiceUnknown: The name org.freedesktop.UPower was not provided by any .service files
[8508:8598:0301/221518.300232:WARNING:property.cc(144)] DaemonVersion: GetAndBlock: failed.
[8508:8598:0301/221518.300352:ERROR:object_proxy.cc(623)] Failed to call method: org.freedesktop.UPower.GetDisplayDevice: object_path= /org/freedesktop/UPower: org.freedesktop.DBus.Error.ServiceUnknown: The name org.freedesktop.UPower was not provided by any .service files
[8508:8598:0301/221518.300467:ERROR:object_proxy.cc(623)] Failed to call method: org.freedesktop.UPower.EnumerateDevices: object_path= /org/freedesktop/UPower: org.freedesktop.DBus.Error.ServiceUnknown: The name org.freedesktop.UPower was not provided by any .service files
[8508:8522:0301/221518.536171:ERROR:bus.cc(399)] Failed to connect to the bus: Could not parse server address: Unknown address type (examples of valid types are "tcp" and on UNIX "unix")
[8508:8522:0301/221518.553376:ERROR:bus.cc(399)] Failed to connect to the bus: Could not parse server address: Unknown address type (examples of valid types are "tcp" and on UNIX "unix")
[8508:8508:0301/221521.836399:INFO:optimization_guide_logger.cc(42)] ../../components/optimization_guide/core/hints_manager.cc(523) Hint cache initialized
[8508:8508:0301/221522.288885:INFO:optimization_guide_logger.cc(42)] ../../components/optimization_guide/content/browser/page_content_annotations_service.cc(309) PageContentAnnotationJob Result: BatchAnnotationResult{"Speedometer 2.1 Interactive Runner", type: ContentVisibility, output: nullopt}
[8508:8508:0301/221522.295988:INFO:optimization_guide_logger.cc(42)] ../../components/optimization_guide/content/browser/page_content_annotations_service.cc(309) PageContentAnnotationJob Result: BatchAnnotationResult{"Speedometer 2.1 Interactive Runner", type: PageEntities, output: nullopt}
[8508:8508:0301/221530.962583:INFO:CONSOLE(0)] "DEBUG: -------------------------------", source:  (0)
[8508:8508:0301/221530.962797:INFO:CONSOLE(0)] "DEBUG: Ember  : 2.6.2", source:  (0)
[8508:8508:0301/221530.962973:INFO:CONSOLE(0)] "DEBUG: jQuery : 2.2.4", source:  (0)
[8508:8508:0301/221530.963145:INFO:CONSOLE(0)] "DEBUG: -------------------------------", source:  (0)
[8508:8508:0301/221531.049846:INFO:CONSOLE(0)] "DEBUG: For more advanced debugging, install the Ember Inspector from https://chrome.google.com/webstore/detail/ember-inspector/bmdblncegkenkacieihfhpjfppoconhi", source:  (0)
[8508:8508:0301/221546.787735:INFO:CONSOLE(0)] "DEBUG: -------------------------------", source:  (0)
[8508:8508:0301/221546.787940:INFO:CONSOLE(0)] "DEBUG: Ember  : 2.6.2", source:  (0)
[8508:8508:0301/221546.788122:INFO:CONSOLE(0)] "DEBUG: jQuery : 2.2.4", source:  (0)
[8508:8508:0301/221546.788294:INFO:CONSOLE(0)] "DEBUG: -------------------------------", source:  (0)
[8508:8508:0301/221546.824228:INFO:CONSOLE(0)] "DEBUG: For more advanced debugging, install the Ember Inspector from https://chrome.google.com/webstore/detail/ember-inspector/bmdblncegkenkacieihfhpjfppoconhi", source:  (0)
[8508:8508:0301/221557.681601:INFO:CONSOLE(0)] "DEBUG: -------------------------------", source:  (0)
[8508:8508:0301/221557.681809:INFO:CONSOLE(0)] "DEBUG: Ember  : 2.6.2", source:  (0)
[8508:8508:0301/221557.681984:INFO:CONSOLE(0)] "DEBUG: jQuery : 2.2.4", source:  (0)
[8508:8508:0301/221557.682157:INFO:CONSOLE(0)] "DEBUG: -------------------------------", source:  (0)
[8508:8508:0301/221557.718016:INFO:CONSOLE(0)] "DEBUG: For more advanced debugging, install the Ember Inspector from https://chrome.google.com/webstore/detail/ember-inspector/bmdblncegkenkacieihfhpjfppoconhi", source:  (0)
[8508:8508:0301/221608.608705:INFO:CONSOLE(0)] "DEBUG: -------------------------------", source:  (0)
[8508:8508:0301/221608.608915:INFO:CONSOLE(0)] "DEBUG: Ember  : 2.6.2", source:  (0)
[8508:8508:0301/221608.609089:INFO:CONSOLE(0)] "DEBUG: jQuery : 2.2.4", source:  (0)
[8508:8508:0301/221608.609261:INFO:CONSOLE(0)] "DEBUG: -------------------------------", source:  (0)
[8508:8508:0301/221608.645424:INFO:CONSOLE(0)] "DEBUG: For more advanced debugging, install the Ember Inspector from https://chrome.google.com/webstore/detail/ember-inspector/bmdblncegkenkacieihfhpjfppoconhi", source:  (0)
[8508:8508:0301/221619.795388:INFO:CONSOLE(0)] "DEBUG: -------------------------------", source:  (0)
[8508:8508:0301/221619.795595:INFO:CONSOLE(0)] "DEBUG: Ember  : 2.6.2", source:  (0)
[8508:8508:0301/221619.795771:INFO:CONSOLE(0)] "DEBUG: jQuery : 2.2.4", source:  (0)
[8508:8508:0301/221619.795952:INFO:CONSOLE(0)] "DEBUG: -------------------------------", source:  (0)
[8508:8508:0301/221619.831965:INFO:CONSOLE(0)] "DEBUG: For more advanced debugging, install the Ember Inspector from https://chrome.google.com/webstore/detail/ember-inspector/bmdblncegkenkacieihfhpjfppoconhi", source:  (0)
[8508:8508:0301/221631.164566:INFO:CONSOLE(0)] "DEBUG: -------------------------------", source:  (0)
[8508:8508:0301/221631.164778:INFO:CONSOLE(0)] "DEBUG: Ember  : 2.6.2", source:  (0)
[8508:8508:0301/221631.164953:INFO:CONSOLE(0)] "DEBUG: jQuery : 2.2.4", source:  (0)
[8508:8508:0301/221631.165125:INFO:CONSOLE(0)] "DEBUG: -------------------------------", source:  (0)
[8508:8508:0301/221631.201394:INFO:CONSOLE(0)] "DEBUG: For more advanced debugging, install the Ember Inspector from https://chrome.google.com/webstore/detail/ember-inspector/bmdblncegkenkacieihfhpjfppoconhi", source:  (0)
[8508:8508:0301/221642.705806:INFO:CONSOLE(0)] "DEBUG: -------------------------------", source:  (0)
[8508:8508:0301/221642.706015:INFO:CONSOLE(0)] "DEBUG: Ember  : 2.6.2", source:  (0)
[8508:8508:0301/221642.706191:INFO:CONSOLE(0)] "DEBUG: jQuery : 2.2.4", source:  (0)
[8508:8508:0301/221642.706368:INFO:CONSOLE(0)] "DEBUG: -------------------------------", source:  (0)
[8508:8508:0301/221642.742838:INFO:CONSOLE(0)] "DEBUG: For more advanced debugging, install the Ember Inspector from https://chrome.google.com/webstore/detail/ember-inspector/bmdblncegkenkacieihfhpjfppoconhi", source:  (0)
[8508:8508:0301/221654.351868:INFO:CONSOLE(0)] "DEBUG: -------------------------------", source:  (0)
[8508:8508:0301/221654.352078:INFO:CONSOLE(0)] "DEBUG: Ember  : 2.6.2", source:  (0)
[8508:8508:0301/221654.352253:INFO:CONSOLE(0)] "DEBUG: jQuery : 2.2.4", source:  (0)
[8508:8508:0301/221654.352424:INFO:CONSOLE(0)] "DEBUG: -------------------------------", source:  (0)
[8508:8508:0301/221654.388786:INFO:CONSOLE(0)] "DEBUG: For more advanced debugging, install the Ember Inspector from https://chrome.google.com/webstore/detail/ember-inspector/bmdblncegkenkacieihfhpjfppoconhi", source:  (0)
[8508:8508:0301/221706.133523:INFO:CONSOLE(0)] "DEBUG: -------------------------------", source:  (0)
[8508:8508:0301/221706.133733:INFO:CONSOLE(0)] "DEBUG: Ember  : 2.6.2", source:  (0)
[8508:8508:0301/221706.133922:INFO:CONSOLE(0)] "DEBUG: jQuery : 2.2.4", source:  (0)
[8508:8508:0301/221706.134107:INFO:CONSOLE(0)] "DEBUG: -------------------------------", source:  (0)
[8508:8508:0301/221706.170771:INFO:CONSOLE(0)] "DEBUG: For more advanced debugging, install the Ember Inspector from https://chrome.google.com/webstore/detail/ember-inspector/bmdblncegkenkacieihfhpjfppoconhi", source:  (0)
[8508:8508:0301/221717.967184:INFO:CONSOLE(0)] "DEBUG: -------------------------------", source:  (0)
[8508:8508:0301/221717.967408:INFO:CONSOLE(0)] "DEBUG: Ember  : 2.6.2", source:  (0)
[8508:8508:0301/221717.967584:INFO:CONSOLE(0)] "DEBUG: jQuery : 2.2.4", source:  (0)
[8508:8508:0301/221717.967756:INFO:CONSOLE(0)] "DEBUG: -------------------------------", source:  (0)
[8508:8508:0301/221718.004591:INFO:CONSOLE(0)] "DEBUG: For more advanced debugging, install the Ember Inspector from https://chrome.google.com/webstore/detail/ember-inspector/bmdblncegkenkacieihfhpjfppoconhi", source:  (0)
