[17215:17215:0301/124119.590029:WARNING:chrome_main_delegate.cc(618)] This is Chrome version 112.0.5572.0 (not a warning)
[17215:17229:0301/124119.768217:ERROR:bus.cc(399)] Failed to connect to the bus: Could not parse server address: Unknown address type (examples of valid types are "tcp" and on UNIX "unix")
[17215:17229:0301/124119.768247:ERROR:bus.cc(399)] Failed to connect to the bus: Could not parse server address: Unknown address type (examples of valid types are "tcp" and on UNIX "unix")
[17215:17215:0301/124119.801194:WARNING:account_consistency_mode_manager.cc(70)] Desktop Identity Consistency cannot be enabled as no OAuth client ID and client secret have been configured.
[17215:17229:0301/124119.808133:ERROR:bus.cc(399)] Failed to connect to the bus: Could not parse server address: Unknown address type (examples of valid types are "tcp" and on UNIX "unix")
[17215:17229:0301/124119.808174:ERROR:bus.cc(399)] Failed to connect to the bus: Could not parse server address: Unknown address type (examples of valid types are "tcp" and on UNIX "unix")
[17215:17215:0301/124120.022330:WARNING:bluez_dbus_manager.cc(247)] Floss manager not present, cannot set Floss enable/disable.
[17215:17305:0301/124120.106384:ERROR:object_proxy.cc(623)] Failed to call method: org.freedesktop.DBus.Properties.Get: object_path= /org/freedesktop/UPower: org.freedesktop.DBus.Error.ServiceUnknown: The name org.freedesktop.UPower was not provided by any .service files
[17215:17305:0301/124120.106406:WARNING:property.cc(144)] DaemonVersion: GetAndBlock: failed.
[17215:17305:0301/124120.106902:ERROR:object_proxy.cc(623)] Failed to call method: org.freedesktop.UPower.GetDisplayDevice: object_path= /org/freedesktop/UPower: org.freedesktop.DBus.Error.ServiceUnknown: The name org.freedesktop.UPower was not provided by any .service files
[17215:17305:0301/124120.107093:ERROR:object_proxy.cc(623)] Failed to call method: org.freedesktop.UPower.EnumerateDevices: object_path= /org/freedesktop/UPower: org.freedesktop.DBus.Error.ServiceUnknown: The name org.freedesktop.UPower was not provided by any .service files
[17215:17229:0301/124120.260052:ERROR:bus.cc(399)] Failed to connect to the bus: Could not parse server address: Unknown address type (examples of valid types are "tcp" and on UNIX "unix")
[17215:17229:0301/124120.268521:ERROR:bus.cc(399)] Failed to connect to the bus: Could not parse server address: Unknown address type (examples of valid types are "tcp" and on UNIX "unix")
[17215:17215:0301/124123.843873:INFO:optimization_guide_logger.cc(42)] ../../components/optimization_guide/core/hints_manager.cc(523) Hint cache initialized
[17215:17215:0301/124126.651695:INFO:optimization_guide_logger.cc(42)] ../../components/optimization_guide/content/browser/page_content_annotations_service.cc(309) PageContentAnnotationJob Result: BatchAnnotationResult{"Speedometer 2.1 Interactive Runner", type: ContentVisibility, output: nullopt}
[17215:17215:0301/124126.651778:INFO:optimization_guide_logger.cc(42)] ../../components/optimization_guide/content/browser/page_content_annotations_service.cc(309) PageContentAnnotationJob Result: BatchAnnotationResult{"Speedometer 2.1 Interactive Runner", type: PageEntities, output: nullopt}
[17215:17215:0301/124134.315212:INFO:CONSOLE(0)] "DEBUG: -------------------------------", source:  (0)
[17215:17215:0301/124134.315420:INFO:CONSOLE(0)] "DEBUG: Ember  : 2.6.2", source:  (0)
[17215:17215:0301/124134.315595:INFO:CONSOLE(0)] "DEBUG: jQuery : 2.2.4", source:  (0)
[17215:17215:0301/124134.315767:INFO:CONSOLE(0)] "DEBUG: -------------------------------", source:  (0)
[17215:17215:0301/124134.403139:INFO:CONSOLE(0)] "DEBUG: For more advanced debugging, install the Ember Inspector from https://chrome.google.com/webstore/detail/ember-inspector/bmdblncegkenkacieihfhpjfppoconhi", source:  (0)
[17215:17215:0301/124150.313897:INFO:CONSOLE(0)] "DEBUG: -------------------------------", source:  (0)
[17215:17215:0301/124150.314101:INFO:CONSOLE(0)] "DEBUG: Ember  : 2.6.2", source:  (0)
[17215:17215:0301/124150.314280:INFO:CONSOLE(0)] "DEBUG: jQuery : 2.2.4", source:  (0)
[17215:17215:0301/124150.314462:INFO:CONSOLE(0)] "DEBUG: -------------------------------", source:  (0)
[17215:17215:0301/124150.353986:INFO:CONSOLE(0)] "DEBUG: For more advanced debugging, install the Ember Inspector from https://chrome.google.com/webstore/detail/ember-inspector/bmdblncegkenkacieihfhpjfppoconhi", source:  (0)
[17215:17215:0301/124201.458771:INFO:CONSOLE(0)] "DEBUG: -------------------------------", source:  (0)
[17215:17215:0301/124201.458988:INFO:CONSOLE(0)] "DEBUG: Ember  : 2.6.2", source:  (0)
[17215:17215:0301/124201.459164:INFO:CONSOLE(0)] "DEBUG: jQuery : 2.2.4", source:  (0)
[17215:17215:0301/124201.459335:INFO:CONSOLE(0)] "DEBUG: -------------------------------", source:  (0)
[17215:17215:0301/124201.496983:INFO:CONSOLE(0)] "DEBUG: For more advanced debugging, install the Ember Inspector from https://chrome.google.com/webstore/detail/ember-inspector/bmdblncegkenkacieihfhpjfppoconhi", source:  (0)
[17215:17215:0301/124212.491944:INFO:CONSOLE(0)] "DEBUG: -------------------------------", source:  (0)
[17215:17215:0301/124212.492153:INFO:CONSOLE(0)] "DEBUG: Ember  : 2.6.2", source:  (0)
[17215:17215:0301/124212.492337:INFO:CONSOLE(0)] "DEBUG: jQuery : 2.2.4", source:  (0)
[17215:17215:0301/124212.492509:INFO:CONSOLE(0)] "DEBUG: -------------------------------", source:  (0)
[17215:17215:0301/124212.529711:INFO:CONSOLE(0)] "DEBUG: For more advanced debugging, install the Ember Inspector from https://chrome.google.com/webstore/detail/ember-inspector/bmdblncegkenkacieihfhpjfppoconhi", source:  (0)
[17215:17215:0301/124223.907004:INFO:CONSOLE(0)] "DEBUG: -------------------------------", source:  (0)
[17215:17215:0301/124223.907216:INFO:CONSOLE(0)] "DEBUG: Ember  : 2.6.2", source:  (0)
[17215:17215:0301/124223.907392:INFO:CONSOLE(0)] "DEBUG: jQuery : 2.2.4", source:  (0)
[17215:17215:0301/124223.907564:INFO:CONSOLE(0)] "DEBUG: -------------------------------", source:  (0)
[17215:17215:0301/124223.946245:INFO:CONSOLE(0)] "DEBUG: For more advanced debugging, install the Ember Inspector from https://chrome.google.com/webstore/detail/ember-inspector/bmdblncegkenkacieihfhpjfppoconhi", source:  (0)
[17215:17215:0301/124235.024435:INFO:CONSOLE(0)] "DEBUG: -------------------------------", source:  (0)
[17215:17215:0301/124235.024643:INFO:CONSOLE(0)] "DEBUG: Ember  : 2.6.2", source:  (0)
[17215:17215:0301/124235.024818:INFO:CONSOLE(0)] "DEBUG: jQuery : 2.2.4", source:  (0)
[17215:17215:0301/124235.024991:INFO:CONSOLE(0)] "DEBUG: -------------------------------", source:  (0)
[17215:17215:0301/124235.062472:INFO:CONSOLE(0)] "DEBUG: For more advanced debugging, install the Ember Inspector from https://chrome.google.com/webstore/detail/ember-inspector/bmdblncegkenkacieihfhpjfppoconhi", source:  (0)
[17215:17215:0301/124246.631938:INFO:CONSOLE(0)] "DEBUG: -------------------------------", source:  (0)
[17215:17215:0301/124246.632149:INFO:CONSOLE(0)] "DEBUG: Ember  : 2.6.2", source:  (0)
[17215:17215:0301/124246.632324:INFO:CONSOLE(0)] "DEBUG: jQuery : 2.2.4", source:  (0)
[17215:17215:0301/124246.632495:INFO:CONSOLE(0)] "DEBUG: -------------------------------", source:  (0)
[17215:17215:0301/124246.670826:INFO:CONSOLE(0)] "DEBUG: For more advanced debugging, install the Ember Inspector from https://chrome.google.com/webstore/detail/ember-inspector/bmdblncegkenkacieihfhpjfppoconhi", source:  (0)
[17215:17215:0301/124257.983623:INFO:CONSOLE(0)] "DEBUG: -------------------------------", source:  (0)
[17215:17215:0301/124257.983831:INFO:CONSOLE(0)] "DEBUG: Ember  : 2.6.2", source:  (0)
[17215:17215:0301/124257.984007:INFO:CONSOLE(0)] "DEBUG: jQuery : 2.2.4", source:  (0)
[17215:17215:0301/124257.984185:INFO:CONSOLE(0)] "DEBUG: -------------------------------", source:  (0)
[17215:17215:0301/124258.021912:INFO:CONSOLE(0)] "DEBUG: For more advanced debugging, install the Ember Inspector from https://chrome.google.com/webstore/detail/ember-inspector/bmdblncegkenkacieihfhpjfppoconhi", source:  (0)
[17215:17215:0301/124309.565455:INFO:CONSOLE(0)] "DEBUG: -------------------------------", source:  (0)
[17215:17215:0301/124309.565673:INFO:CONSOLE(0)] "DEBUG: Ember  : 2.6.2", source:  (0)
[17215:17215:0301/124309.565849:INFO:CONSOLE(0)] "DEBUG: jQuery : 2.2.4", source:  (0)
[17215:17215:0301/124309.566021:INFO:CONSOLE(0)] "DEBUG: -------------------------------", source:  (0)
[17215:17215:0301/124309.604919:INFO:CONSOLE(0)] "DEBUG: For more advanced debugging, install the Ember Inspector from https://chrome.google.com/webstore/detail/ember-inspector/bmdblncegkenkacieihfhpjfppoconhi", source:  (0)
[17215:17215:0301/124321.200956:INFO:CONSOLE(0)] "DEBUG: -------------------------------", source:  (0)
[17215:17215:0301/124321.201165:INFO:CONSOLE(0)] "DEBUG: Ember  : 2.6.2", source:  (0)
[17215:17215:0301/124321.201339:INFO:CONSOLE(0)] "DEBUG: jQuery : 2.2.4", source:  (0)
[17215:17215:0301/124321.201518:INFO:CONSOLE(0)] "DEBUG: -------------------------------", source:  (0)
[17215:17215:0301/124321.245351:INFO:CONSOLE(0)] "DEBUG: For more advanced debugging, install the Ember Inspector from https://chrome.google.com/webstore/detail/ember-inspector/bmdblncegkenkacieihfhpjfppoconhi", source:  (0)
