[8345:8345:0301/221256.197744:WARNING:chrome_main_delegate.cc(618)] This is Chrome version 112.0.5572.0 (not a warning)
[8345:8359:0301/221256.375143:ERROR:bus.cc(399)] Failed to connect to the bus: Could not parse server address: Unknown address type (examples of valid types are "tcp" and on UNIX "unix")
[8345:8359:0301/221256.375175:ERROR:bus.cc(399)] Failed to connect to the bus: Could not parse server address: Unknown address type (examples of valid types are "tcp" and on UNIX "unix")
[8345:8345:0301/221256.421718:WARNING:account_consistency_mode_manager.cc(70)] Desktop Identity Consistency cannot be enabled as no OAuth client ID and client secret have been configured.
[8345:8359:0301/221256.430095:ERROR:bus.cc(399)] Failed to connect to the bus: Could not parse server address: Unknown address type (examples of valid types are "tcp" and on UNIX "unix")
[8345:8359:0301/221256.430137:ERROR:bus.cc(399)] Failed to connect to the bus: Could not parse server address: Unknown address type (examples of valid types are "tcp" and on UNIX "unix")
[8345:8345:0301/221256.579835:WARNING:bluez_dbus_manager.cc(247)] Floss manager not present, cannot set Floss enable/disable.
[8345:8436:0301/221256.637996:ERROR:object_proxy.cc(623)] Failed to call method: org.freedesktop.DBus.Properties.Get: object_path= /org/freedesktop/UPower: org.freedesktop.DBus.Error.ServiceUnknown: The name org.freedesktop.UPower was not provided by any .service files
[8345:8436:0301/221256.638018:WARNING:property.cc(144)] DaemonVersion: GetAndBlock: failed.
[8345:8436:0301/221256.638123:ERROR:object_proxy.cc(623)] Failed to call method: org.freedesktop.UPower.GetDisplayDevice: object_path= /org/freedesktop/UPower: org.freedesktop.DBus.Error.ServiceUnknown: The name org.freedesktop.UPower was not provided by any .service files
[8345:8436:0301/221256.638226:ERROR:object_proxy.cc(623)] Failed to call method: org.freedesktop.UPower.EnumerateDevices: object_path= /org/freedesktop/UPower: org.freedesktop.DBus.Error.ServiceUnknown: The name org.freedesktop.UPower was not provided by any .service files
[8345:8359:0301/221256.961884:ERROR:bus.cc(399)] Failed to connect to the bus: Could not parse server address: Unknown address type (examples of valid types are "tcp" and on UNIX "unix")
[8345:8359:0301/221256.961923:ERROR:bus.cc(399)] Failed to connect to the bus: Could not parse server address: Unknown address type (examples of valid types are "tcp" and on UNIX "unix")
[8345:8345:0301/221300.489764:INFO:optimization_guide_logger.cc(42)] ../../components/optimization_guide/content/browser/page_content_annotations_service.cc(309) PageContentAnnotationJob Result: BatchAnnotationResult{"Speedometer 2.1 Interactive Runner", type: ContentVisibility, output: nullopt}
[8345:8345:0301/221300.489833:INFO:optimization_guide_logger.cc(42)] ../../components/optimization_guide/content/browser/page_content_annotations_service.cc(309) PageContentAnnotationJob Result: BatchAnnotationResult{"Speedometer 2.1 Interactive Runner", type: PageEntities, output: nullopt}
[8345:8345:0301/221300.653969:INFO:optimization_guide_logger.cc(42)] ../../components/optimization_guide/core/hints_manager.cc(523) Hint cache initialized
[8345:8345:0301/221308.439723:INFO:CONSOLE(0)] "DEBUG: -------------------------------", source:  (0)
[8345:8345:0301/221308.439933:INFO:CONSOLE(0)] "DEBUG: Ember  : 2.6.2", source:  (0)
[8345:8345:0301/221308.440107:INFO:CONSOLE(0)] "DEBUG: jQuery : 2.2.4", source:  (0)
[8345:8345:0301/221308.440274:INFO:CONSOLE(0)] "DEBUG: -------------------------------", source:  (0)
[8345:8345:0301/221308.526943:INFO:CONSOLE(0)] "DEBUG: For more advanced debugging, install the Ember Inspector from https://chrome.google.com/webstore/detail/ember-inspector/bmdblncegkenkacieihfhpjfppoconhi", source:  (0)
[8345:8345:0301/221325.299214:INFO:CONSOLE(0)] "DEBUG: -------------------------------", source:  (0)
[8345:8345:0301/221325.299412:INFO:CONSOLE(0)] "DEBUG: Ember  : 2.6.2", source:  (0)
[8345:8345:0301/221325.299592:INFO:CONSOLE(0)] "DEBUG: jQuery : 2.2.4", source:  (0)
[8345:8345:0301/221325.299762:INFO:CONSOLE(0)] "DEBUG: -------------------------------", source:  (0)
[8345:8345:0301/221325.335993:INFO:CONSOLE(0)] "DEBUG: For more advanced debugging, install the Ember Inspector from https://chrome.google.com/webstore/detail/ember-inspector/bmdblncegkenkacieihfhpjfppoconhi", source:  (0)
[8345:8345:0301/221336.381830:INFO:CONSOLE(0)] "DEBUG: -------------------------------", source:  (0)
[8345:8345:0301/221336.382043:INFO:CONSOLE(0)] "DEBUG: Ember  : 2.6.2", source:  (0)
[8345:8345:0301/221336.382220:INFO:CONSOLE(0)] "DEBUG: jQuery : 2.2.4", source:  (0)
[8345:8345:0301/221336.382398:INFO:CONSOLE(0)] "DEBUG: -------------------------------", source:  (0)
[8345:8345:0301/221336.418748:INFO:CONSOLE(0)] "DEBUG: For more advanced debugging, install the Ember Inspector from https://chrome.google.com/webstore/detail/ember-inspector/bmdblncegkenkacieihfhpjfppoconhi", source:  (0)
[8345:8345:0301/221347.572122:INFO:CONSOLE(0)] "DEBUG: -------------------------------", source:  (0)
[8345:8345:0301/221347.572478:INFO:CONSOLE(0)] "DEBUG: Ember  : 2.6.2", source:  (0)
[8345:8345:0301/221347.572657:INFO:CONSOLE(0)] "DEBUG: jQuery : 2.2.4", source:  (0)
[8345:8345:0301/221347.572836:INFO:CONSOLE(0)] "DEBUG: -------------------------------", source:  (0)
[8345:8345:0301/221347.608950:INFO:CONSOLE(0)] "DEBUG: For more advanced debugging, install the Ember Inspector from https://chrome.google.com/webstore/detail/ember-inspector/bmdblncegkenkacieihfhpjfppoconhi", source:  (0)
[8345:8345:0301/221358.908536:INFO:CONSOLE(0)] "DEBUG: -------------------------------", source:  (0)
[8345:8345:0301/221358.908739:INFO:CONSOLE(0)] "DEBUG: Ember  : 2.6.2", source:  (0)
[8345:8345:0301/221358.908911:INFO:CONSOLE(0)] "DEBUG: jQuery : 2.2.4", source:  (0)
[8345:8345:0301/221358.909081:INFO:CONSOLE(0)] "DEBUG: -------------------------------", source:  (0)
[8345:8345:0301/221358.945302:INFO:CONSOLE(0)] "DEBUG: For more advanced debugging, install the Ember Inspector from https://chrome.google.com/webstore/detail/ember-inspector/bmdblncegkenkacieihfhpjfppoconhi", source:  (0)
[8345:8345:0301/221410.482475:INFO:CONSOLE(0)] "DEBUG: -------------------------------", source:  (0)
[8345:8345:0301/221410.482683:INFO:CONSOLE(0)] "DEBUG: Ember  : 2.6.2", source:  (0)
[8345:8345:0301/221410.482857:INFO:CONSOLE(0)] "DEBUG: jQuery : 2.2.4", source:  (0)
[8345:8345:0301/221410.483034:INFO:CONSOLE(0)] "DEBUG: -------------------------------", source:  (0)
[8345:8345:0301/221410.519653:INFO:CONSOLE(0)] "DEBUG: For more advanced debugging, install the Ember Inspector from https://chrome.google.com/webstore/detail/ember-inspector/bmdblncegkenkacieihfhpjfppoconhi", source:  (0)
[8345:8345:0301/221422.237655:INFO:CONSOLE(0)] "DEBUG: -------------------------------", source:  (0)
[8345:8345:0301/221422.237860:INFO:CONSOLE(0)] "DEBUG: Ember  : 2.6.2", source:  (0)
[8345:8345:0301/221422.238033:INFO:CONSOLE(0)] "DEBUG: jQuery : 2.2.4", source:  (0)
[8345:8345:0301/221422.238202:INFO:CONSOLE(0)] "DEBUG: -------------------------------", source:  (0)
[8345:8345:0301/221422.274585:INFO:CONSOLE(0)] "DEBUG: For more advanced debugging, install the Ember Inspector from https://chrome.google.com/webstore/detail/ember-inspector/bmdblncegkenkacieihfhpjfppoconhi", source:  (0)
[8345:8345:0301/221434.095191:INFO:CONSOLE(0)] "DEBUG: -------------------------------", source:  (0)
[8345:8345:0301/221434.095398:INFO:CONSOLE(0)] "DEBUG: Ember  : 2.6.2", source:  (0)
[8345:8345:0301/221434.095570:INFO:CONSOLE(0)] "DEBUG: jQuery : 2.2.4", source:  (0)
[8345:8345:0301/221434.095740:INFO:CONSOLE(0)] "DEBUG: -------------------------------", source:  (0)
[8345:8345:0301/221434.132604:INFO:CONSOLE(0)] "DEBUG: For more advanced debugging, install the Ember Inspector from https://chrome.google.com/webstore/detail/ember-inspector/bmdblncegkenkacieihfhpjfppoconhi", source:  (0)
[8345:8345:0301/221446.160065:INFO:CONSOLE(0)] "DEBUG: -------------------------------", source:  (0)
[8345:8345:0301/221446.160277:INFO:CONSOLE(0)] "DEBUG: Ember  : 2.6.2", source:  (0)
[8345:8345:0301/221446.160451:INFO:CONSOLE(0)] "DEBUG: jQuery : 2.2.4", source:  (0)
[8345:8345:0301/221446.160631:INFO:CONSOLE(0)] "DEBUG: -------------------------------", source:  (0)
[8345:8345:0301/221446.197776:INFO:CONSOLE(0)] "DEBUG: For more advanced debugging, install the Ember Inspector from https://chrome.google.com/webstore/detail/ember-inspector/bmdblncegkenkacieihfhpjfppoconhi", source:  (0)
[8345:8345:0301/221458.627241:INFO:CONSOLE(0)] "DEBUG: -------------------------------", source:  (0)
[8345:8345:0301/221458.627448:INFO:CONSOLE(0)] "DEBUG: Ember  : 2.6.2", source:  (0)
[8345:8345:0301/221458.627621:INFO:CONSOLE(0)] "DEBUG: jQuery : 2.2.4", source:  (0)
[8345:8345:0301/221458.627790:INFO:CONSOLE(0)] "DEBUG: -------------------------------", source:  (0)
[8345:8345:0301/221458.664837:INFO:CONSOLE(0)] "DEBUG: For more advanced debugging, install the Ember Inspector from https://chrome.google.com/webstore/detail/ember-inspector/bmdblncegkenkacieihfhpjfppoconhi", source:  (0)
