[25326:25326:0301/142813.415073:WARNING:chrome_main_delegate.cc(618)] This is Chrome version 112.0.5572.0 (not a warning)
[25326:25341:0301/142813.589778:ERROR:bus.cc(399)] Failed to connect to the bus: Could not parse server address: Unknown address type (examples of valid types are "tcp" and on UNIX "unix")
[25326:25341:0301/142813.589809:ERROR:bus.cc(399)] Failed to connect to the bus: Could not parse server address: Unknown address type (examples of valid types are "tcp" and on UNIX "unix")
[25326:25326:0301/142813.625565:WARNING:account_consistency_mode_manager.cc(70)] Desktop Identity Consistency cannot be enabled as no OAuth client ID and client secret have been configured.
[25326:25341:0301/142813.632681:ERROR:bus.cc(399)] Failed to connect to the bus: Could not parse server address: Unknown address type (examples of valid types are "tcp" and on UNIX "unix")
[25326:25341:0301/142813.632716:ERROR:bus.cc(399)] Failed to connect to the bus: Could not parse server address: Unknown address type (examples of valid types are "tcp" and on UNIX "unix")
[25326:25326:0301/142813.843470:WARNING:bluez_dbus_manager.cc(247)] Floss manager not present, cannot set Floss enable/disable.
[25326:25414:0301/142813.901361:ERROR:object_proxy.cc(623)] Failed to call method: org.freedesktop.DBus.Properties.Get: object_path= /org/freedesktop/UPower: org.freedesktop.DBus.Error.ServiceUnknown: The name org.freedesktop.UPower was not provided by any .service files
[25326:25414:0301/142813.934687:WARNING:property.cc(144)] DaemonVersion: GetAndBlock: failed.
[25326:25414:0301/142813.934926:ERROR:object_proxy.cc(623)] Failed to call method: org.freedesktop.UPower.GetDisplayDevice: object_path= /org/freedesktop/UPower: org.freedesktop.DBus.Error.ServiceUnknown: The name org.freedesktop.UPower was not provided by any .service files
[25326:25414:0301/142813.935120:ERROR:object_proxy.cc(623)] Failed to call method: org.freedesktop.UPower.EnumerateDevices: object_path= /org/freedesktop/UPower: org.freedesktop.DBus.Error.ServiceUnknown: The name org.freedesktop.UPower was not provided by any .service files
[25326:25341:0301/142814.094182:ERROR:bus.cc(399)] Failed to connect to the bus: Could not parse server address: Unknown address type (examples of valid types are "tcp" and on UNIX "unix")
[25326:25341:0301/142814.102943:ERROR:bus.cc(399)] Failed to connect to the bus: Could not parse server address: Unknown address type (examples of valid types are "tcp" and on UNIX "unix")
[25326:25326:0301/142817.789035:INFO:optimization_guide_logger.cc(42)] ../../components/optimization_guide/core/hints_manager.cc(523) Hint cache initialized
[25326:25326:0301/142817.806409:INFO:optimization_guide_logger.cc(42)] ../../components/optimization_guide/content/browser/page_content_annotations_service.cc(309) PageContentAnnotationJob Result: BatchAnnotationResult{"Speedometer 2.1 Interactive Runner", type: ContentVisibility, output: nullopt}
[25326:25326:0301/142817.819007:INFO:optimization_guide_logger.cc(42)] ../../components/optimization_guide/content/browser/page_content_annotations_service.cc(309) PageContentAnnotationJob Result: BatchAnnotationResult{"Speedometer 2.1 Interactive Runner", type: PageEntities, output: nullopt}
[25326:25326:0301/142825.413890:INFO:CONSOLE(0)] "DEBUG: -------------------------------", source:  (0)
[25326:25326:0301/142825.414098:INFO:CONSOLE(0)] "DEBUG: Ember  : 2.6.2", source:  (0)
[25326:25326:0301/142825.414281:INFO:CONSOLE(0)] "DEBUG: jQuery : 2.2.4", source:  (0)
[25326:25326:0301/142825.414465:INFO:CONSOLE(0)] "DEBUG: -------------------------------", source:  (0)
[25326:25326:0301/142825.501384:INFO:CONSOLE(0)] "DEBUG: For more advanced debugging, install the Ember Inspector from https://chrome.google.com/webstore/detail/ember-inspector/bmdblncegkenkacieihfhpjfppoconhi", source:  (0)
[25326:25326:0301/142841.824024:INFO:CONSOLE(0)] "DEBUG: -------------------------------", source:  (0)
[25326:25326:0301/142841.824234:INFO:CONSOLE(0)] "DEBUG: Ember  : 2.6.2", source:  (0)
[25326:25326:0301/142841.824412:INFO:CONSOLE(0)] "DEBUG: jQuery : 2.2.4", source:  (0)
[25326:25326:0301/142841.824603:INFO:CONSOLE(0)] "DEBUG: -------------------------------", source:  (0)
[25326:25326:0301/142841.863879:INFO:CONSOLE(0)] "DEBUG: For more advanced debugging, install the Ember Inspector from https://chrome.google.com/webstore/detail/ember-inspector/bmdblncegkenkacieihfhpjfppoconhi", source:  (0)
[25326:25326:0301/142853.049276:INFO:CONSOLE(0)] "DEBUG: -------------------------------", source:  (0)
[25326:25326:0301/142853.049486:INFO:CONSOLE(0)] "DEBUG: Ember  : 2.6.2", source:  (0)
[25326:25326:0301/142853.049664:INFO:CONSOLE(0)] "DEBUG: jQuery : 2.2.4", source:  (0)
[25326:25326:0301/142853.049849:INFO:CONSOLE(0)] "DEBUG: -------------------------------", source:  (0)
[25326:25326:0301/142853.087640:INFO:CONSOLE(0)] "DEBUG: For more advanced debugging, install the Ember Inspector from https://chrome.google.com/webstore/detail/ember-inspector/bmdblncegkenkacieihfhpjfppoconhi", source:  (0)
[25326:25326:0301/142904.198994:INFO:CONSOLE(0)] "DEBUG: -------------------------------", source:  (0)
[25326:25326:0301/142904.199207:INFO:CONSOLE(0)] "DEBUG: Ember  : 2.6.2", source:  (0)
[25326:25326:0301/142904.199386:INFO:CONSOLE(0)] "DEBUG: jQuery : 2.2.4", source:  (0)
[25326:25326:0301/142904.199561:INFO:CONSOLE(0)] "DEBUG: -------------------------------", source:  (0)
[25326:25326:0301/142904.237620:INFO:CONSOLE(0)] "DEBUG: For more advanced debugging, install the Ember Inspector from https://chrome.google.com/webstore/detail/ember-inspector/bmdblncegkenkacieihfhpjfppoconhi", source:  (0)
[25326:25326:0301/142915.274490:INFO:CONSOLE(0)] "DEBUG: -------------------------------", source:  (0)
[25326:25326:0301/142915.274700:INFO:CONSOLE(0)] "DEBUG: Ember  : 2.6.2", source:  (0)
[25326:25326:0301/142915.274878:INFO:CONSOLE(0)] "DEBUG: jQuery : 2.2.4", source:  (0)
[25326:25326:0301/142915.275054:INFO:CONSOLE(0)] "DEBUG: -------------------------------", source:  (0)
[25326:25326:0301/142915.312314:INFO:CONSOLE(0)] "DEBUG: For more advanced debugging, install the Ember Inspector from https://chrome.google.com/webstore/detail/ember-inspector/bmdblncegkenkacieihfhpjfppoconhi", source:  (0)
[25326:25326:0301/142926.382904:INFO:CONSOLE(0)] "DEBUG: -------------------------------", source:  (0)
[25326:25326:0301/142926.383118:INFO:CONSOLE(0)] "DEBUG: Ember  : 2.6.2", source:  (0)
[25326:25326:0301/142926.383296:INFO:CONSOLE(0)] "DEBUG: jQuery : 2.2.4", source:  (0)
[25326:25326:0301/142926.383472:INFO:CONSOLE(0)] "DEBUG: -------------------------------", source:  (0)
[25326:25326:0301/142926.421072:INFO:CONSOLE(0)] "DEBUG: For more advanced debugging, install the Ember Inspector from https://chrome.google.com/webstore/detail/ember-inspector/bmdblncegkenkacieihfhpjfppoconhi", source:  (0)
[25326:25326:0301/142938.009795:INFO:CONSOLE(0)] "DEBUG: -------------------------------", source:  (0)
[25326:25326:0301/142938.010012:INFO:CONSOLE(0)] "DEBUG: Ember  : 2.6.2", source:  (0)
[25326:25326:0301/142938.010190:INFO:CONSOLE(0)] "DEBUG: jQuery : 2.2.4", source:  (0)
[25326:25326:0301/142938.010375:INFO:CONSOLE(0)] "DEBUG: -------------------------------", source:  (0)
[25326:25326:0301/142938.050469:INFO:CONSOLE(0)] "DEBUG: For more advanced debugging, install the Ember Inspector from https://chrome.google.com/webstore/detail/ember-inspector/bmdblncegkenkacieihfhpjfppoconhi", source:  (0)
[25326:25326:0301/142949.552279:INFO:CONSOLE(0)] "DEBUG: -------------------------------", source:  (0)
[25326:25326:0301/142949.552497:INFO:CONSOLE(0)] "DEBUG: Ember  : 2.6.2", source:  (0)
[25326:25326:0301/142949.552675:INFO:CONSOLE(0)] "DEBUG: jQuery : 2.2.4", source:  (0)
[25326:25326:0301/142949.552850:INFO:CONSOLE(0)] "DEBUG: -------------------------------", source:  (0)
[25326:25326:0301/142949.590645:INFO:CONSOLE(0)] "DEBUG: For more advanced debugging, install the Ember Inspector from https://chrome.google.com/webstore/detail/ember-inspector/bmdblncegkenkacieihfhpjfppoconhi", source:  (0)
[25326:25326:0301/143001.200137:INFO:CONSOLE(0)] "DEBUG: -------------------------------", source:  (0)
[25326:25326:0301/143001.200349:INFO:CONSOLE(0)] "DEBUG: Ember  : 2.6.2", source:  (0)
[25326:25326:0301/143001.200527:INFO:CONSOLE(0)] "DEBUG: jQuery : 2.2.4", source:  (0)
[25326:25326:0301/143001.200708:INFO:CONSOLE(0)] "DEBUG: -------------------------------", source:  (0)
[25326:25326:0301/143001.241453:INFO:CONSOLE(0)] "DEBUG: For more advanced debugging, install the Ember Inspector from https://chrome.google.com/webstore/detail/ember-inspector/bmdblncegkenkacieihfhpjfppoconhi", source:  (0)
[25326:25326:0301/143012.539823:INFO:CONSOLE(0)] "DEBUG: -------------------------------", source:  (0)
[25326:25326:0301/143012.540035:INFO:CONSOLE(0)] "DEBUG: Ember  : 2.6.2", source:  (0)
[25326:25326:0301/143012.540213:INFO:CONSOLE(0)] "DEBUG: jQuery : 2.2.4", source:  (0)
[25326:25326:0301/143012.540389:INFO:CONSOLE(0)] "DEBUG: -------------------------------", source:  (0)
[25326:25326:0301/143012.577905:INFO:CONSOLE(0)] "DEBUG: For more advanced debugging, install the Ember Inspector from https://chrome.google.com/webstore/detail/ember-inspector/bmdblncegkenkacieihfhpjfppoconhi", source:  (0)
