[7452:7452:0301/220119.314602:WARNING:chrome_main_delegate.cc(618)] This is Chrome version 112.0.5572.0 (not a warning)
[7452:7466:0301/220119.492142:ERROR:bus.cc(399)] Failed to connect to the bus: Could not parse server address: Unknown address type (examples of valid types are "tcp" and on UNIX "unix")
[7452:7466:0301/220119.492175:ERROR:bus.cc(399)] Failed to connect to the bus: Could not parse server address: Unknown address type (examples of valid types are "tcp" and on UNIX "unix")
[7452:7452:0301/220119.538840:WARNING:account_consistency_mode_manager.cc(70)] Desktop Identity Consistency cannot be enabled as no OAuth client ID and client secret have been configured.
[7452:7466:0301/220119.545826:ERROR:bus.cc(399)] Failed to connect to the bus: Could not parse server address: Unknown address type (examples of valid types are "tcp" and on UNIX "unix")
[7452:7466:0301/220119.545857:ERROR:bus.cc(399)] Failed to connect to the bus: Could not parse server address: Unknown address type (examples of valid types are "tcp" and on UNIX "unix")
[7452:7452:0301/220119.738246:WARNING:bluez_dbus_manager.cc(247)] Floss manager not present, cannot set Floss enable/disable.
[7452:7542:0301/220119.775661:ERROR:object_proxy.cc(623)] Failed to call method: org.freedesktop.DBus.Properties.Get: object_path= /org/freedesktop/UPower: org.freedesktop.DBus.Error.ServiceUnknown: The name org.freedesktop.UPower was not provided by any .service files
[7452:7542:0301/220119.775686:WARNING:property.cc(144)] DaemonVersion: GetAndBlock: failed.
[7452:7542:0301/220119.775786:ERROR:object_proxy.cc(623)] Failed to call method: org.freedesktop.UPower.GetDisplayDevice: object_path= /org/freedesktop/UPower: org.freedesktop.DBus.Error.ServiceUnknown: The name org.freedesktop.UPower was not provided by any .service files
[7452:7542:0301/220119.775886:ERROR:object_proxy.cc(623)] Failed to call method: org.freedesktop.UPower.EnumerateDevices: object_path= /org/freedesktop/UPower: org.freedesktop.DBus.Error.ServiceUnknown: The name org.freedesktop.UPower was not provided by any .service files
[7452:7466:0301/220120.008597:ERROR:bus.cc(399)] Failed to connect to the bus: Could not parse server address: Unknown address type (examples of valid types are "tcp" and on UNIX "unix")
[7452:7466:0301/220120.034198:ERROR:bus.cc(399)] Failed to connect to the bus: Could not parse server address: Unknown address type (examples of valid types are "tcp" and on UNIX "unix")
[7452:7452:0301/220123.629301:INFO:optimization_guide_logger.cc(42)] ../../components/optimization_guide/content/browser/page_content_annotations_service.cc(309) PageContentAnnotationJob Result: BatchAnnotationResult{"Speedometer 2.1 Interactive Runner", type: ContentVisibility, output: nullopt}
[7452:7452:0301/220123.629373:INFO:optimization_guide_logger.cc(42)] ../../components/optimization_guide/content/browser/page_content_annotations_service.cc(309) PageContentAnnotationJob Result: BatchAnnotationResult{"Speedometer 2.1 Interactive Runner", type: PageEntities, output: nullopt}
[7452:7452:0301/220123.701358:INFO:optimization_guide_logger.cc(42)] ../../components/optimization_guide/core/hints_manager.cc(523) Hint cache initialized
[7452:7452:0301/220131.453469:INFO:CONSOLE(0)] "DEBUG: -------------------------------", source:  (0)
[7452:7452:0301/220131.453680:INFO:CONSOLE(0)] "DEBUG: Ember  : 2.6.2", source:  (0)
[7452:7452:0301/220131.453856:INFO:CONSOLE(0)] "DEBUG: jQuery : 2.2.4", source:  (0)
[7452:7452:0301/220131.454027:INFO:CONSOLE(0)] "DEBUG: -------------------------------", source:  (0)
[7452:7452:0301/220131.541039:INFO:CONSOLE(0)] "DEBUG: For more advanced debugging, install the Ember Inspector from https://chrome.google.com/webstore/detail/ember-inspector/bmdblncegkenkacieihfhpjfppoconhi", source:  (0)
[7452:7452:0301/220149.360680:INFO:CONSOLE(0)] "DEBUG: -------------------------------", source:  (0)
[7452:7452:0301/220149.360877:INFO:CONSOLE(0)] "DEBUG: Ember  : 2.6.2", source:  (0)
[7452:7452:0301/220149.361051:INFO:CONSOLE(0)] "DEBUG: jQuery : 2.2.4", source:  (0)
[7452:7452:0301/220149.361222:INFO:CONSOLE(0)] "DEBUG: -------------------------------", source:  (0)
[7452:7452:0301/220149.397270:INFO:CONSOLE(0)] "DEBUG: For more advanced debugging, install the Ember Inspector from https://chrome.google.com/webstore/detail/ember-inspector/bmdblncegkenkacieihfhpjfppoconhi", source:  (0)
[7452:7452:0301/220200.267914:INFO:CONSOLE(0)] "DEBUG: -------------------------------", source:  (0)
[7452:7452:0301/220200.268138:INFO:CONSOLE(0)] "DEBUG: Ember  : 2.6.2", source:  (0)
[7452:7452:0301/220200.268313:INFO:CONSOLE(0)] "DEBUG: jQuery : 2.2.4", source:  (0)
[7452:7452:0301/220200.268524:INFO:CONSOLE(0)] "DEBUG: -------------------------------", source:  (0)
[7452:7452:0301/220200.304468:INFO:CONSOLE(0)] "DEBUG: For more advanced debugging, install the Ember Inspector from https://chrome.google.com/webstore/detail/ember-inspector/bmdblncegkenkacieihfhpjfppoconhi", source:  (0)
[7452:7452:0301/220211.202328:INFO:CONSOLE(0)] "DEBUG: -------------------------------", source:  (0)
[7452:7452:0301/220211.202533:INFO:CONSOLE(0)] "DEBUG: Ember  : 2.6.2", source:  (0)
[7452:7452:0301/220211.202707:INFO:CONSOLE(0)] "DEBUG: jQuery : 2.2.4", source:  (0)
[7452:7452:0301/220211.202886:INFO:CONSOLE(0)] "DEBUG: -------------------------------", source:  (0)
[7452:7452:0301/220211.238855:INFO:CONSOLE(0)] "DEBUG: For more advanced debugging, install the Ember Inspector from https://chrome.google.com/webstore/detail/ember-inspector/bmdblncegkenkacieihfhpjfppoconhi", source:  (0)
[7452:7452:0301/220222.438350:INFO:CONSOLE(0)] "DEBUG: -------------------------------", source:  (0)
[7452:7452:0301/220222.438561:INFO:CONSOLE(0)] "DEBUG: Ember  : 2.6.2", source:  (0)
[7452:7452:0301/220222.438736:INFO:CONSOLE(0)] "DEBUG: jQuery : 2.2.4", source:  (0)
[7452:7452:0301/220222.438908:INFO:CONSOLE(0)] "DEBUG: -------------------------------", source:  (0)
[7452:7452:0301/220222.475325:INFO:CONSOLE(0)] "DEBUG: For more advanced debugging, install the Ember Inspector from https://chrome.google.com/webstore/detail/ember-inspector/bmdblncegkenkacieihfhpjfppoconhi", source:  (0)
[7452:7452:0301/220233.752221:INFO:CONSOLE(0)] "DEBUG: -------------------------------", source:  (0)
[7452:7452:0301/220233.752432:INFO:CONSOLE(0)] "DEBUG: Ember  : 2.6.2", source:  (0)
[7452:7452:0301/220233.752614:INFO:CONSOLE(0)] "DEBUG: jQuery : 2.2.4", source:  (0)
[7452:7452:0301/220233.752785:INFO:CONSOLE(0)] "DEBUG: -------------------------------", source:  (0)
[7452:7452:0301/220233.789043:INFO:CONSOLE(0)] "DEBUG: For more advanced debugging, install the Ember Inspector from https://chrome.google.com/webstore/detail/ember-inspector/bmdblncegkenkacieihfhpjfppoconhi", source:  (0)
[7452:7452:0301/220245.152465:INFO:CONSOLE(0)] "DEBUG: -------------------------------", source:  (0)
[7452:7452:0301/220245.152673:INFO:CONSOLE(0)] "DEBUG: Ember  : 2.6.2", source:  (0)
[7452:7452:0301/220245.152847:INFO:CONSOLE(0)] "DEBUG: jQuery : 2.2.4", source:  (0)
[7452:7452:0301/220245.153018:INFO:CONSOLE(0)] "DEBUG: -------------------------------", source:  (0)
[7452:7452:0301/220245.189462:INFO:CONSOLE(0)] "DEBUG: For more advanced debugging, install the Ember Inspector from https://chrome.google.com/webstore/detail/ember-inspector/bmdblncegkenkacieihfhpjfppoconhi", source:  (0)
[7452:7452:0301/220256.729407:INFO:CONSOLE(0)] "DEBUG: -------------------------------", source:  (0)
[7452:7452:0301/220256.729611:INFO:CONSOLE(0)] "DEBUG: Ember  : 2.6.2", source:  (0)
[7452:7452:0301/220256.729784:INFO:CONSOLE(0)] "DEBUG: jQuery : 2.2.4", source:  (0)
[7452:7452:0301/220256.729955:INFO:CONSOLE(0)] "DEBUG: -------------------------------", source:  (0)
[7452:7452:0301/220256.766942:INFO:CONSOLE(0)] "DEBUG: For more advanced debugging, install the Ember Inspector from https://chrome.google.com/webstore/detail/ember-inspector/bmdblncegkenkacieihfhpjfppoconhi", source:  (0)
[7452:7452:0301/220308.388414:INFO:CONSOLE(0)] "DEBUG: -------------------------------", source:  (0)
[7452:7452:0301/220308.388630:INFO:CONSOLE(0)] "DEBUG: Ember  : 2.6.2", source:  (0)
[7452:7452:0301/220308.388805:INFO:CONSOLE(0)] "DEBUG: jQuery : 2.2.4", source:  (0)
[7452:7452:0301/220308.388983:INFO:CONSOLE(0)] "DEBUG: -------------------------------", source:  (0)
[7452:7452:0301/220308.425754:INFO:CONSOLE(0)] "DEBUG: For more advanced debugging, install the Ember Inspector from https://chrome.google.com/webstore/detail/ember-inspector/bmdblncegkenkacieihfhpjfppoconhi", source:  (0)
[7452:7452:0301/220320.341182:INFO:CONSOLE(0)] "DEBUG: -------------------------------", source:  (0)
[7452:7452:0301/220320.341398:INFO:CONSOLE(0)] "DEBUG: Ember  : 2.6.2", source:  (0)
[7452:7452:0301/220320.341579:INFO:CONSOLE(0)] "DEBUG: jQuery : 2.2.4", source:  (0)
[7452:7452:0301/220320.341752:INFO:CONSOLE(0)] "DEBUG: -------------------------------", source:  (0)
[7452:7452:0301/220320.378586:INFO:CONSOLE(0)] "DEBUG: For more advanced debugging, install the Ember Inspector from https://chrome.google.com/webstore/detail/ember-inspector/bmdblncegkenkacieihfhpjfppoconhi", source:  (0)
