[9830:9830:0301/223357.370118:WARNING:chrome_main_delegate.cc(618)] This is Chrome version 112.0.5572.0 (not a warning)
[9830:9845:0301/223357.545650:ERROR:bus.cc(399)] Failed to connect to the bus: Could not parse server address: Unknown address type (examples of valid types are "tcp" and on UNIX "unix")
[9830:9845:0301/223357.545682:ERROR:bus.cc(399)] Failed to connect to the bus: Could not parse server address: Unknown address type (examples of valid types are "tcp" and on UNIX "unix")
[9830:9830:0301/223357.585641:WARNING:account_consistency_mode_manager.cc(70)] Desktop Identity Consistency cannot be enabled as no OAuth client ID and client secret have been configured.
[9830:9845:0301/223357.592632:ERROR:bus.cc(399)] Failed to connect to the bus: Could not parse server address: Unknown address type (examples of valid types are "tcp" and on UNIX "unix")
[9830:9845:0301/223357.592667:ERROR:bus.cc(399)] Failed to connect to the bus: Could not parse server address: Unknown address type (examples of valid types are "tcp" and on UNIX "unix")
[9830:9830:0301/223357.783047:WARNING:bluez_dbus_manager.cc(247)] Floss manager not present, cannot set Floss enable/disable.
[9830:9932:0301/223357.913494:ERROR:object_proxy.cc(623)] Failed to call method: org.freedesktop.DBus.Properties.Get: object_path= /org/freedesktop/UPower: org.freedesktop.DBus.Error.ServiceUnknown: The name org.freedesktop.UPower was not provided by any .service files
[9830:9932:0301/223357.913517:WARNING:property.cc(144)] DaemonVersion: GetAndBlock: failed.
[9830:9932:0301/223357.913616:ERROR:object_proxy.cc(623)] Failed to call method: org.freedesktop.UPower.GetDisplayDevice: object_path= /org/freedesktop/UPower: org.freedesktop.DBus.Error.ServiceUnknown: The name org.freedesktop.UPower was not provided by any .service files
[9830:9932:0301/223357.913711:ERROR:object_proxy.cc(623)] Failed to call method: org.freedesktop.UPower.EnumerateDevices: object_path= /org/freedesktop/UPower: org.freedesktop.DBus.Error.ServiceUnknown: The name org.freedesktop.UPower was not provided by any .service files
[9830:9845:0301/223358.289097:ERROR:bus.cc(399)] Failed to connect to the bus: Could not parse server address: Unknown address type (examples of valid types are "tcp" and on UNIX "unix")
[9830:9845:0301/223358.289133:ERROR:bus.cc(399)] Failed to connect to the bus: Could not parse server address: Unknown address type (examples of valid types are "tcp" and on UNIX "unix")
[9830:9830:0301/223401.530017:INFO:optimization_guide_logger.cc(42)] ../../components/optimization_guide/core/hints_manager.cc(523) Hint cache initialized
[9830:9830:0301/223401.862824:INFO:optimization_guide_logger.cc(42)] ../../components/optimization_guide/content/browser/page_content_annotations_service.cc(309) PageContentAnnotationJob Result: BatchAnnotationResult{"Speedometer 2.1 Interactive Runner", type: ContentVisibility, output: nullopt}
[9830:9830:0301/223401.862900:INFO:optimization_guide_logger.cc(42)] ../../components/optimization_guide/content/browser/page_content_annotations_service.cc(309) PageContentAnnotationJob Result: BatchAnnotationResult{"Speedometer 2.1 Interactive Runner", type: PageEntities, output: nullopt}
[9830:9830:0301/223409.553986:INFO:CONSOLE(0)] "DEBUG: -------------------------------", source:  (0)
[9830:9830:0301/223409.554195:INFO:CONSOLE(0)] "DEBUG: Ember  : 2.6.2", source:  (0)
[9830:9830:0301/223409.554374:INFO:CONSOLE(0)] "DEBUG: jQuery : 2.2.4", source:  (0)
[9830:9830:0301/223409.554546:INFO:CONSOLE(0)] "DEBUG: -------------------------------", source:  (0)
[9830:9830:0301/223409.640705:INFO:CONSOLE(0)] "DEBUG: For more advanced debugging, install the Ember Inspector from https://chrome.google.com/webstore/detail/ember-inspector/bmdblncegkenkacieihfhpjfppoconhi", source:  (0)
[9830:9830:0301/223425.349177:INFO:CONSOLE(0)] "DEBUG: -------------------------------", source:  (0)
[9830:9830:0301/223425.349377:INFO:CONSOLE(0)] "DEBUG: Ember  : 2.6.2", source:  (0)
[9830:9830:0301/223425.349551:INFO:CONSOLE(0)] "DEBUG: jQuery : 2.2.4", source:  (0)
[9830:9830:0301/223425.349722:INFO:CONSOLE(0)] "DEBUG: -------------------------------", source:  (0)
[9830:9830:0301/223425.385605:INFO:CONSOLE(0)] "DEBUG: For more advanced debugging, install the Ember Inspector from https://chrome.google.com/webstore/detail/ember-inspector/bmdblncegkenkacieihfhpjfppoconhi", source:  (0)
[9830:9830:0301/223436.313303:INFO:CONSOLE(0)] "DEBUG: -------------------------------", source:  (0)
[9830:9830:0301/223436.313514:INFO:CONSOLE(0)] "DEBUG: Ember  : 2.6.2", source:  (0)
[9830:9830:0301/223436.313688:INFO:CONSOLE(0)] "DEBUG: jQuery : 2.2.4", source:  (0)
[9830:9830:0301/223436.313860:INFO:CONSOLE(0)] "DEBUG: -------------------------------", source:  (0)
[9830:9830:0301/223436.349665:INFO:CONSOLE(0)] "DEBUG: For more advanced debugging, install the Ember Inspector from https://chrome.google.com/webstore/detail/ember-inspector/bmdblncegkenkacieihfhpjfppoconhi", source:  (0)
[9830:9830:0301/223447.352051:INFO:CONSOLE(0)] "DEBUG: -------------------------------", source:  (0)
[9830:9830:0301/223447.352260:INFO:CONSOLE(0)] "DEBUG: Ember  : 2.6.2", source:  (0)
[9830:9830:0301/223447.352435:INFO:CONSOLE(0)] "DEBUG: jQuery : 2.2.4", source:  (0)
[9830:9830:0301/223447.352607:INFO:CONSOLE(0)] "DEBUG: -------------------------------", source:  (0)
[9830:9830:0301/223447.388477:INFO:CONSOLE(0)] "DEBUG: For more advanced debugging, install the Ember Inspector from https://chrome.google.com/webstore/detail/ember-inspector/bmdblncegkenkacieihfhpjfppoconhi", source:  (0)
[9830:9830:0301/223458.534068:INFO:CONSOLE(0)] "DEBUG: -------------------------------", source:  (0)
[9830:9830:0301/223458.534299:INFO:CONSOLE(0)] "DEBUG: Ember  : 2.6.2", source:  (0)
[9830:9830:0301/223458.534475:INFO:CONSOLE(0)] "DEBUG: jQuery : 2.2.4", source:  (0)
[9830:9830:0301/223458.534647:INFO:CONSOLE(0)] "DEBUG: -------------------------------", source:  (0)
[9830:9830:0301/223458.570442:INFO:CONSOLE(0)] "DEBUG: For more advanced debugging, install the Ember Inspector from https://chrome.google.com/webstore/detail/ember-inspector/bmdblncegkenkacieihfhpjfppoconhi", source:  (0)
[9830:9830:0301/223509.839608:INFO:CONSOLE(0)] "DEBUG: -------------------------------", source:  (0)
[9830:9830:0301/223509.839823:INFO:CONSOLE(0)] "DEBUG: Ember  : 2.6.2", source:  (0)
[9830:9830:0301/223509.839998:INFO:CONSOLE(0)] "DEBUG: jQuery : 2.2.4", source:  (0)
[9830:9830:0301/223509.840177:INFO:CONSOLE(0)] "DEBUG: -------------------------------", source:  (0)
[9830:9830:0301/223509.876204:INFO:CONSOLE(0)] "DEBUG: For more advanced debugging, install the Ember Inspector from https://chrome.google.com/webstore/detail/ember-inspector/bmdblncegkenkacieihfhpjfppoconhi", source:  (0)
[9830:9830:0301/223521.303085:INFO:CONSOLE(0)] "DEBUG: -------------------------------", source:  (0)
[9830:9830:0301/223521.303307:INFO:CONSOLE(0)] "DEBUG: Ember  : 2.6.2", source:  (0)
[9830:9830:0301/223521.303483:INFO:CONSOLE(0)] "DEBUG: jQuery : 2.2.4", source:  (0)
[9830:9830:0301/223521.303664:INFO:CONSOLE(0)] "DEBUG: -------------------------------", source:  (0)
[9830:9830:0301/223521.339942:INFO:CONSOLE(0)] "DEBUG: For more advanced debugging, install the Ember Inspector from https://chrome.google.com/webstore/detail/ember-inspector/bmdblncegkenkacieihfhpjfppoconhi", source:  (0)
[9830:9830:0301/223532.996216:INFO:CONSOLE(0)] "DEBUG: -------------------------------", source:  (0)
[9830:9830:0301/223532.996431:INFO:CONSOLE(0)] "DEBUG: Ember  : 2.6.2", source:  (0)
[9830:9830:0301/223532.996606:INFO:CONSOLE(0)] "DEBUG: jQuery : 2.2.4", source:  (0)
[9830:9830:0301/223532.996778:INFO:CONSOLE(0)] "DEBUG: -------------------------------", source:  (0)
[9830:9830:0301/223533.033363:INFO:CONSOLE(0)] "DEBUG: For more advanced debugging, install the Ember Inspector from https://chrome.google.com/webstore/detail/ember-inspector/bmdblncegkenkacieihfhpjfppoconhi", source:  (0)
[9830:9830:0301/223544.836078:INFO:CONSOLE(0)] "DEBUG: -------------------------------", source:  (0)
[9830:9830:0301/223544.836289:INFO:CONSOLE(0)] "DEBUG: Ember  : 2.6.2", source:  (0)
[9830:9830:0301/223544.836464:INFO:CONSOLE(0)] "DEBUG: jQuery : 2.2.4", source:  (0)
[9830:9830:0301/223544.836645:INFO:CONSOLE(0)] "DEBUG: -------------------------------", source:  (0)
[9830:9830:0301/223544.872965:INFO:CONSOLE(0)] "DEBUG: For more advanced debugging, install the Ember Inspector from https://chrome.google.com/webstore/detail/ember-inspector/bmdblncegkenkacieihfhpjfppoconhi", source:  (0)
[9830:9830:0301/223556.803945:INFO:CONSOLE(0)] "DEBUG: -------------------------------", source:  (0)
[9830:9830:0301/223556.804166:INFO:CONSOLE(0)] "DEBUG: Ember  : 2.6.2", source:  (0)
[9830:9830:0301/223556.804340:INFO:CONSOLE(0)] "DEBUG: jQuery : 2.2.4", source:  (0)
[9830:9830:0301/223556.804512:INFO:CONSOLE(0)] "DEBUG: -------------------------------", source:  (0)
[9830:9830:0301/223556.841040:INFO:CONSOLE(0)] "DEBUG: For more advanced debugging, install the Ember Inspector from https://chrome.google.com/webstore/detail/ember-inspector/bmdblncegkenkacieihfhpjfppoconhi", source:  (0)
