[20903:20903:0301/133011.573858:WARNING:chrome_main_delegate.cc(618)] This is Chrome version 112.0.5572.0 (not a warning)
[20903:20917:0301/133011.750675:ERROR:bus.cc(399)] Failed to connect to the bus: Could not parse server address: Unknown address type (examples of valid types are "tcp" and on UNIX "unix")
[20903:20917:0301/133011.750709:ERROR:bus.cc(399)] Failed to connect to the bus: Could not parse server address: Unknown address type (examples of valid types are "tcp" and on UNIX "unix")
[20903:20903:0301/133011.785596:WARNING:account_consistency_mode_manager.cc(70)] Desktop Identity Consistency cannot be enabled as no OAuth client ID and client secret have been configured.
[20903:20917:0301/133011.793694:ERROR:bus.cc(399)] Failed to connect to the bus: Could not parse server address: Unknown address type (examples of valid types are "tcp" and on UNIX "unix")
[20903:20917:0301/133011.793730:ERROR:bus.cc(399)] Failed to connect to the bus: Could not parse server address: Unknown address type (examples of valid types are "tcp" and on UNIX "unix")
[20903:20903:0301/133011.976059:WARNING:bluez_dbus_manager.cc(247)] Floss manager not present, cannot set Floss enable/disable.
[20903:20994:0301/133012.030820:ERROR:object_proxy.cc(623)] Failed to call method: org.freedesktop.DBus.Properties.Get: object_path= /org/freedesktop/UPower: org.freedesktop.DBus.Error.ServiceUnknown: The name org.freedesktop.UPower was not provided by any .service files
[20903:20994:0301/133012.030843:WARNING:property.cc(144)] DaemonVersion: GetAndBlock: failed.
[20903:20994:0301/133012.030955:ERROR:object_proxy.cc(623)] Failed to call method: org.freedesktop.UPower.GetDisplayDevice: object_path= /org/freedesktop/UPower: org.freedesktop.DBus.Error.ServiceUnknown: The name org.freedesktop.UPower was not provided by any .service files
[20903:20994:0301/133012.031063:ERROR:object_proxy.cc(623)] Failed to call method: org.freedesktop.UPower.EnumerateDevices: object_path= /org/freedesktop/UPower: org.freedesktop.DBus.Error.ServiceUnknown: The name org.freedesktop.UPower was not provided by any .service files
[20903:20917:0301/133012.297899:ERROR:bus.cc(399)] Failed to connect to the bus: Could not parse server address: Unknown address type (examples of valid types are "tcp" and on UNIX "unix")
[20903:20917:0301/133012.306912:ERROR:bus.cc(399)] Failed to connect to the bus: Could not parse server address: Unknown address type (examples of valid types are "tcp" and on UNIX "unix")
[20903:20903:0301/133015.933940:INFO:optimization_guide_logger.cc(42)] ../../components/optimization_guide/content/browser/page_content_annotations_service.cc(309) PageContentAnnotationJob Result: BatchAnnotationResult{"Speedometer 2.1 Interactive Runner", type: ContentVisibility, output: nullopt}
[20903:20903:0301/133015.934019:INFO:optimization_guide_logger.cc(42)] ../../components/optimization_guide/content/browser/page_content_annotations_service.cc(309) PageContentAnnotationJob Result: BatchAnnotationResult{"Speedometer 2.1 Interactive Runner", type: PageEntities, output: nullopt}
[20903:20903:0301/133016.023919:INFO:optimization_guide_logger.cc(42)] ../../components/optimization_guide/core/hints_manager.cc(523) Hint cache initialized
[20903:20903:0301/133023.584193:INFO:CONSOLE(0)] "DEBUG: -------------------------------", source:  (0)
[20903:20903:0301/133023.584399:INFO:CONSOLE(0)] "DEBUG: Ember  : 2.6.2", source:  (0)
[20903:20903:0301/133023.584590:INFO:CONSOLE(0)] "DEBUG: jQuery : 2.2.4", source:  (0)
[20903:20903:0301/133023.584879:INFO:CONSOLE(0)] "DEBUG: -------------------------------", source:  (0)
[20903:20903:0301/133023.671113:INFO:CONSOLE(0)] "DEBUG: For more advanced debugging, install the Ember Inspector from https://chrome.google.com/webstore/detail/ember-inspector/bmdblncegkenkacieihfhpjfppoconhi", source:  (0)
[20903:20903:0301/133039.953055:INFO:CONSOLE(0)] "DEBUG: -------------------------------", source:  (0)
[20903:20903:0301/133039.953256:INFO:CONSOLE(0)] "DEBUG: Ember  : 2.6.2", source:  (0)
[20903:20903:0301/133039.953431:INFO:CONSOLE(0)] "DEBUG: jQuery : 2.2.4", source:  (0)
[20903:20903:0301/133039.953610:INFO:CONSOLE(0)] "DEBUG: -------------------------------", source:  (0)
[20903:20903:0301/133039.991688:INFO:CONSOLE(0)] "DEBUG: For more advanced debugging, install the Ember Inspector from https://chrome.google.com/webstore/detail/ember-inspector/bmdblncegkenkacieihfhpjfppoconhi", source:  (0)
[20903:20903:0301/133051.050509:INFO:CONSOLE(0)] "DEBUG: -------------------------------", source:  (0)
[20903:20903:0301/133051.050722:INFO:CONSOLE(0)] "DEBUG: Ember  : 2.6.2", source:  (0)
[20903:20903:0301/133051.050897:INFO:CONSOLE(0)] "DEBUG: jQuery : 2.2.4", source:  (0)
[20903:20903:0301/133051.051069:INFO:CONSOLE(0)] "DEBUG: -------------------------------", source:  (0)
[20903:20903:0301/133051.088795:INFO:CONSOLE(0)] "DEBUG: For more advanced debugging, install the Ember Inspector from https://chrome.google.com/webstore/detail/ember-inspector/bmdblncegkenkacieihfhpjfppoconhi", source:  (0)
[20903:20903:0301/133102.172453:INFO:CONSOLE(0)] "DEBUG: -------------------------------", source:  (0)
[20903:20903:0301/133102.172662:INFO:CONSOLE(0)] "DEBUG: Ember  : 2.6.2", source:  (0)
[20903:20903:0301/133102.172837:INFO:CONSOLE(0)] "DEBUG: jQuery : 2.2.4", source:  (0)
[20903:20903:0301/133102.173010:INFO:CONSOLE(0)] "DEBUG: -------------------------------", source:  (0)
[20903:20903:0301/133102.209740:INFO:CONSOLE(0)] "DEBUG: For more advanced debugging, install the Ember Inspector from https://chrome.google.com/webstore/detail/ember-inspector/bmdblncegkenkacieihfhpjfppoconhi", source:  (0)
[20903:20903:0301/133113.099390:INFO:CONSOLE(0)] "DEBUG: -------------------------------", source:  (0)
[20903:20903:0301/133113.099598:INFO:CONSOLE(0)] "DEBUG: Ember  : 2.6.2", source:  (0)
[20903:20903:0301/133113.099774:INFO:CONSOLE(0)] "DEBUG: jQuery : 2.2.4", source:  (0)
[20903:20903:0301/133113.099954:INFO:CONSOLE(0)] "DEBUG: -------------------------------", source:  (0)
[20903:20903:0301/133113.137022:INFO:CONSOLE(0)] "DEBUG: For more advanced debugging, install the Ember Inspector from https://chrome.google.com/webstore/detail/ember-inspector/bmdblncegkenkacieihfhpjfppoconhi", source:  (0)
[20903:20903:0301/133124.660686:INFO:CONSOLE(0)] "DEBUG: -------------------------------", source:  (0)
[20903:20903:0301/133124.660894:INFO:CONSOLE(0)] "DEBUG: Ember  : 2.6.2", source:  (0)
[20903:20903:0301/133124.661069:INFO:CONSOLE(0)] "DEBUG: jQuery : 2.2.4", source:  (0)
[20903:20903:0301/133124.661242:INFO:CONSOLE(0)] "DEBUG: -------------------------------", source:  (0)
[20903:20903:0301/133124.698987:INFO:CONSOLE(0)] "DEBUG: For more advanced debugging, install the Ember Inspector from https://chrome.google.com/webstore/detail/ember-inspector/bmdblncegkenkacieihfhpjfppoconhi", source:  (0)
[20903:20903:0301/133136.062309:INFO:CONSOLE(0)] "DEBUG: -------------------------------", source:  (0)
[20903:20903:0301/133136.062518:INFO:CONSOLE(0)] "DEBUG: Ember  : 2.6.2", source:  (0)
[20903:20903:0301/133136.062693:INFO:CONSOLE(0)] "DEBUG: jQuery : 2.2.4", source:  (0)
[20903:20903:0301/133136.062866:INFO:CONSOLE(0)] "DEBUG: -------------------------------", source:  (0)
[20903:20903:0301/133136.099949:INFO:CONSOLE(0)] "DEBUG: For more advanced debugging, install the Ember Inspector from https://chrome.google.com/webstore/detail/ember-inspector/bmdblncegkenkacieihfhpjfppoconhi", source:  (0)
[20903:20903:0301/133147.685164:INFO:CONSOLE(0)] "DEBUG: -------------------------------", source:  (0)
[20903:20903:0301/133147.685377:INFO:CONSOLE(0)] "DEBUG: Ember  : 2.6.2", source:  (0)
[20903:20903:0301/133147.685560:INFO:CONSOLE(0)] "DEBUG: jQuery : 2.2.4", source:  (0)
[20903:20903:0301/133147.685733:INFO:CONSOLE(0)] "DEBUG: -------------------------------", source:  (0)
[20903:20903:0301/133147.731948:INFO:CONSOLE(0)] "DEBUG: For more advanced debugging, install the Ember Inspector from https://chrome.google.com/webstore/detail/ember-inspector/bmdblncegkenkacieihfhpjfppoconhi", source:  (0)
[20903:20903:0301/133159.223868:INFO:CONSOLE(0)] "DEBUG: -------------------------------", source:  (0)
[20903:20903:0301/133159.224092:INFO:CONSOLE(0)] "DEBUG: Ember  : 2.6.2", source:  (0)
[20903:20903:0301/133159.224267:INFO:CONSOLE(0)] "DEBUG: jQuery : 2.2.4", source:  (0)
[20903:20903:0301/133159.224447:INFO:CONSOLE(0)] "DEBUG: -------------------------------", source:  (0)
[20903:20903:0301/133159.261974:INFO:CONSOLE(0)] "DEBUG: For more advanced debugging, install the Ember Inspector from https://chrome.google.com/webstore/detail/ember-inspector/bmdblncegkenkacieihfhpjfppoconhi", source:  (0)
[20903:20903:0301/133210.391723:INFO:CONSOLE(0)] "DEBUG: -------------------------------", source:  (0)
[20903:20903:0301/133210.391929:INFO:CONSOLE(0)] "DEBUG: Ember  : 2.6.2", source:  (0)
[20903:20903:0301/133210.392104:INFO:CONSOLE(0)] "DEBUG: jQuery : 2.2.4", source:  (0)
[20903:20903:0301/133210.392282:INFO:CONSOLE(0)] "DEBUG: -------------------------------", source:  (0)
[20903:20903:0301/133210.429540:INFO:CONSOLE(0)] "DEBUG: For more advanced debugging, install the Ember Inspector from https://chrome.google.com/webstore/detail/ember-inspector/bmdblncegkenkacieihfhpjfppoconhi", source:  (0)
