[19027:19027:0301/130547.897148:WARNING:chrome_main_delegate.cc(618)] This is Chrome version 112.0.5572.0 (not a warning)
[19027:19042:0301/130548.075755:ERROR:bus.cc(399)] Failed to connect to the bus: Could not parse server address: Unknown address type (examples of valid types are "tcp" and on UNIX "unix")
[19027:19042:0301/130548.075790:ERROR:bus.cc(399)] Failed to connect to the bus: Could not parse server address: Unknown address type (examples of valid types are "tcp" and on UNIX "unix")
[19027:19027:0301/130548.113180:WARNING:account_consistency_mode_manager.cc(70)] Desktop Identity Consistency cannot be enabled as no OAuth client ID and client secret have been configured.
[19027:19042:0301/130548.120567:ERROR:bus.cc(399)] Failed to connect to the bus: Could not parse server address: Unknown address type (examples of valid types are "tcp" and on UNIX "unix")
[19027:19042:0301/130548.120600:ERROR:bus.cc(399)] Failed to connect to the bus: Could not parse server address: Unknown address type (examples of valid types are "tcp" and on UNIX "unix")
[19027:19027:0301/130548.328422:WARNING:bluez_dbus_manager.cc(247)] Floss manager not present, cannot set Floss enable/disable.
[19027:19117:0301/130548.355352:ERROR:object_proxy.cc(623)] Failed to call method: org.freedesktop.DBus.Properties.Get: object_path= /org/freedesktop/UPower: org.freedesktop.DBus.Error.ServiceUnknown: The name org.freedesktop.UPower was not provided by any .service files
[19027:19117:0301/130548.355991:WARNING:property.cc(144)] DaemonVersion: GetAndBlock: failed.
[19027:19117:0301/130548.356168:ERROR:object_proxy.cc(623)] Failed to call method: org.freedesktop.UPower.GetDisplayDevice: object_path= /org/freedesktop/UPower: org.freedesktop.DBus.Error.ServiceUnknown: The name org.freedesktop.UPower was not provided by any .service files
[19027:19117:0301/130548.356278:ERROR:object_proxy.cc(623)] Failed to call method: org.freedesktop.UPower.EnumerateDevices: object_path= /org/freedesktop/UPower: org.freedesktop.DBus.Error.ServiceUnknown: The name org.freedesktop.UPower was not provided by any .service files
[19027:19042:0301/130548.490889:ERROR:bus.cc(399)] Failed to connect to the bus: Could not parse server address: Unknown address type (examples of valid types are "tcp" and on UNIX "unix")
[19027:19042:0301/130548.490926:ERROR:bus.cc(399)] Failed to connect to the bus: Could not parse server address: Unknown address type (examples of valid types are "tcp" and on UNIX "unix")
[19027:19027:0301/130552.213076:INFO:optimization_guide_logger.cc(42)] ../../components/optimization_guide/content/browser/page_content_annotations_service.cc(309) PageContentAnnotationJob Result: BatchAnnotationResult{"Speedometer 2.1 Interactive Runner", type: ContentVisibility, output: nullopt}
[19027:19027:0301/130552.213158:INFO:optimization_guide_logger.cc(42)] ../../components/optimization_guide/content/browser/page_content_annotations_service.cc(309) PageContentAnnotationJob Result: BatchAnnotationResult{"Speedometer 2.1 Interactive Runner", type: PageEntities, output: nullopt}
[19027:19027:0301/130552.250647:INFO:optimization_guide_logger.cc(42)] ../../components/optimization_guide/core/hints_manager.cc(523) Hint cache initialized
[19027:19027:0301/130559.978932:INFO:CONSOLE(0)] "DEBUG: -------------------------------", source:  (0)
[19027:19027:0301/130559.979145:INFO:CONSOLE(0)] "DEBUG: Ember  : 2.6.2", source:  (0)
[19027:19027:0301/130559.979317:INFO:CONSOLE(0)] "DEBUG: jQuery : 2.2.4", source:  (0)
[19027:19027:0301/130559.979487:INFO:CONSOLE(0)] "DEBUG: -------------------------------", source:  (0)
[19027:19027:0301/130600.066306:INFO:CONSOLE(0)] "DEBUG: For more advanced debugging, install the Ember Inspector from https://chrome.google.com/webstore/detail/ember-inspector/bmdblncegkenkacieihfhpjfppoconhi", source:  (0)
[19027:19027:0301/130619.267418:INFO:CONSOLE(0)] "DEBUG: -------------------------------", source:  (0)
[19027:19027:0301/130619.267619:INFO:CONSOLE(0)] "DEBUG: Ember  : 2.6.2", source:  (0)
[19027:19027:0301/130619.267792:INFO:CONSOLE(0)] "DEBUG: jQuery : 2.2.4", source:  (0)
[19027:19027:0301/130619.267987:INFO:CONSOLE(0)] "DEBUG: -------------------------------", source:  (0)
[19027:19027:0301/130619.306785:INFO:CONSOLE(0)] "DEBUG: For more advanced debugging, install the Ember Inspector from https://chrome.google.com/webstore/detail/ember-inspector/bmdblncegkenkacieihfhpjfppoconhi", source:  (0)
[19027:19027:0301/130630.437961:INFO:CONSOLE(0)] "DEBUG: -------------------------------", source:  (0)
[19027:19027:0301/130630.438179:INFO:CONSOLE(0)] "DEBUG: Ember  : 2.6.2", source:  (0)
[19027:19027:0301/130630.438368:INFO:CONSOLE(0)] "DEBUG: jQuery : 2.2.4", source:  (0)
[19027:19027:0301/130630.438540:INFO:CONSOLE(0)] "DEBUG: -------------------------------", source:  (0)
[19027:19027:0301/130630.477182:INFO:CONSOLE(0)] "DEBUG: For more advanced debugging, install the Ember Inspector from https://chrome.google.com/webstore/detail/ember-inspector/bmdblncegkenkacieihfhpjfppoconhi", source:  (0)
[19027:19027:0301/130641.781497:INFO:CONSOLE(0)] "DEBUG: -------------------------------", source:  (0)
[19027:19027:0301/130641.781714:INFO:CONSOLE(0)] "DEBUG: Ember  : 2.6.2", source:  (0)
[19027:19027:0301/130641.781887:INFO:CONSOLE(0)] "DEBUG: jQuery : 2.2.4", source:  (0)
[19027:19027:0301/130641.782056:INFO:CONSOLE(0)] "DEBUG: -------------------------------", source:  (0)
[19027:19027:0301/130641.819205:INFO:CONSOLE(0)] "DEBUG: For more advanced debugging, install the Ember Inspector from https://chrome.google.com/webstore/detail/ember-inspector/bmdblncegkenkacieihfhpjfppoconhi", source:  (0)
[19027:19027:0301/130652.672136:INFO:CONSOLE(0)] "DEBUG: -------------------------------", source:  (0)
[19027:19027:0301/130652.672342:INFO:CONSOLE(0)] "DEBUG: Ember  : 2.6.2", source:  (0)
[19027:19027:0301/130652.672514:INFO:CONSOLE(0)] "DEBUG: jQuery : 2.2.4", source:  (0)
[19027:19027:0301/130652.672684:INFO:CONSOLE(0)] "DEBUG: -------------------------------", source:  (0)
[19027:19027:0301/130652.798617:INFO:CONSOLE(0)] "DEBUG: For more advanced debugging, install the Ember Inspector from https://chrome.google.com/webstore/detail/ember-inspector/bmdblncegkenkacieihfhpjfppoconhi", source:  (0)
[19027:19027:0301/130703.753797:INFO:CONSOLE(0)] "DEBUG: -------------------------------", source:  (0)
[19027:19027:0301/130703.754007:INFO:CONSOLE(0)] "DEBUG: Ember  : 2.6.2", source:  (0)
[19027:19027:0301/130703.754180:INFO:CONSOLE(0)] "DEBUG: jQuery : 2.2.4", source:  (0)
[19027:19027:0301/130703.754354:INFO:CONSOLE(0)] "DEBUG: -------------------------------", source:  (0)
[19027:19027:0301/130703.792498:INFO:CONSOLE(0)] "DEBUG: For more advanced debugging, install the Ember Inspector from https://chrome.google.com/webstore/detail/ember-inspector/bmdblncegkenkacieihfhpjfppoconhi", source:  (0)
[19027:19027:0301/130714.811915:INFO:CONSOLE(0)] "DEBUG: -------------------------------", source:  (0)
[19027:19027:0301/130714.812120:INFO:CONSOLE(0)] "DEBUG: Ember  : 2.6.2", source:  (0)
[19027:19027:0301/130714.812293:INFO:CONSOLE(0)] "DEBUG: jQuery : 2.2.4", source:  (0)
[19027:19027:0301/130714.812470:INFO:CONSOLE(0)] "DEBUG: -------------------------------", source:  (0)
[19027:19027:0301/130714.850088:INFO:CONSOLE(0)] "DEBUG: For more advanced debugging, install the Ember Inspector from https://chrome.google.com/webstore/detail/ember-inspector/bmdblncegkenkacieihfhpjfppoconhi", source:  (0)
[19027:19027:0301/130726.177406:INFO:CONSOLE(0)] "DEBUG: -------------------------------", source:  (0)
[19027:19027:0301/130726.177622:INFO:CONSOLE(0)] "DEBUG: Ember  : 2.6.2", source:  (0)
[19027:19027:0301/130726.177795:INFO:CONSOLE(0)] "DEBUG: jQuery : 2.2.4", source:  (0)
[19027:19027:0301/130726.177964:INFO:CONSOLE(0)] "DEBUG: -------------------------------", source:  (0)
[19027:19027:0301/130726.217349:INFO:CONSOLE(0)] "DEBUG: For more advanced debugging, install the Ember Inspector from https://chrome.google.com/webstore/detail/ember-inspector/bmdblncegkenkacieihfhpjfppoconhi", source:  (0)
[19027:19027:0301/130737.526978:INFO:CONSOLE(0)] "DEBUG: -------------------------------", source:  (0)
[19027:19027:0301/130737.527213:INFO:CONSOLE(0)] "DEBUG: Ember  : 2.6.2", source:  (0)
[19027:19027:0301/130737.527385:INFO:CONSOLE(0)] "DEBUG: jQuery : 2.2.4", source:  (0)
[19027:19027:0301/130737.527553:INFO:CONSOLE(0)] "DEBUG: -------------------------------", source:  (0)
[19027:19027:0301/130737.564731:INFO:CONSOLE(0)] "DEBUG: For more advanced debugging, install the Ember Inspector from https://chrome.google.com/webstore/detail/ember-inspector/bmdblncegkenkacieihfhpjfppoconhi", source:  (0)
[19027:19027:0301/130748.757959:INFO:CONSOLE(0)] "DEBUG: -------------------------------", source:  (0)
[19027:19027:0301/130748.758162:INFO:CONSOLE(0)] "DEBUG: Ember  : 2.6.2", source:  (0)
[19027:19027:0301/130748.758338:INFO:CONSOLE(0)] "DEBUG: jQuery : 2.2.4", source:  (0)
[19027:19027:0301/130748.758522:INFO:CONSOLE(0)] "DEBUG: -------------------------------", source:  (0)
[19027:19027:0301/130748.795992:INFO:CONSOLE(0)] "DEBUG: For more advanced debugging, install the Ember Inspector from https://chrome.google.com/webstore/detail/ember-inspector/bmdblncegkenkacieihfhpjfppoconhi", source:  (0)
