[6452:6452:0301/214717.851630:WARNING:chrome_main_delegate.cc(618)] This is Chrome version 112.0.5572.0 (not a warning)
[6452:6466:0301/214718.027940:ERROR:bus.cc(399)] Failed to connect to the bus: Could not parse server address: Unknown address type (examples of valid types are "tcp" and on UNIX "unix")
[6452:6466:0301/214718.027972:ERROR:bus.cc(399)] Failed to connect to the bus: Could not parse server address: Unknown address type (examples of valid types are "tcp" and on UNIX "unix")
[6452:6452:0301/214718.069951:WARNING:account_consistency_mode_manager.cc(70)] Desktop Identity Consistency cannot be enabled as no OAuth client ID and client secret have been configured.
[6452:6466:0301/214718.077057:ERROR:bus.cc(399)] Failed to connect to the bus: Could not parse server address: Unknown address type (examples of valid types are "tcp" and on UNIX "unix")
[6452:6466:0301/214718.077092:ERROR:bus.cc(399)] Failed to connect to the bus: Could not parse server address: Unknown address type (examples of valid types are "tcp" and on UNIX "unix")
[6452:6452:0301/214718.263500:WARNING:bluez_dbus_manager.cc(247)] Floss manager not present, cannot set Floss enable/disable.
[6452:6544:0301/214718.317432:ERROR:object_proxy.cc(623)] Failed to call method: org.freedesktop.DBus.Properties.Get: object_path= /org/freedesktop/UPower: org.freedesktop.DBus.Error.ServiceUnknown: The name org.freedesktop.UPower was not provided by any .service files
[6452:6544:0301/214718.317450:WARNING:property.cc(144)] DaemonVersion: GetAndBlock: failed.
[6452:6544:0301/214718.317670:ERROR:object_proxy.cc(623)] Failed to call method: org.freedesktop.UPower.GetDisplayDevice: object_path= /org/freedesktop/UPower: org.freedesktop.DBus.Error.ServiceUnknown: The name org.freedesktop.UPower was not provided by any .service files
[6452:6544:0301/214718.317782:ERROR:object_proxy.cc(623)] Failed to call method: org.freedesktop.UPower.EnumerateDevices: object_path= /org/freedesktop/UPower: org.freedesktop.DBus.Error.ServiceUnknown: The name org.freedesktop.UPower was not provided by any .service files
[6452:6466:0301/214718.534443:ERROR:bus.cc(399)] Failed to connect to the bus: Could not parse server address: Unknown address type (examples of valid types are "tcp" and on UNIX "unix")
[6452:6466:0301/214718.576687:ERROR:bus.cc(399)] Failed to connect to the bus: Could not parse server address: Unknown address type (examples of valid types are "tcp" and on UNIX "unix")
[6452:6452:0301/214722.010270:INFO:optimization_guide_logger.cc(42)] ../../components/optimization_guide/core/hints_manager.cc(523) Hint cache initialized
[6452:6452:0301/214722.342841:INFO:optimization_guide_logger.cc(42)] ../../components/optimization_guide/content/browser/page_content_annotations_service.cc(309) PageContentAnnotationJob Result: BatchAnnotationResult{"Speedometer 2.1 Interactive Runner", type: ContentVisibility, output: nullopt}
[6452:6452:0301/214722.342917:INFO:optimization_guide_logger.cc(42)] ../../components/optimization_guide/content/browser/page_content_annotations_service.cc(309) PageContentAnnotationJob Result: BatchAnnotationResult{"Speedometer 2.1 Interactive Runner", type: PageEntities, output: nullopt}
[6452:6452:0301/214730.258601:INFO:CONSOLE(0)] "DEBUG: -------------------------------", source:  (0)
[6452:6452:0301/214730.258809:INFO:CONSOLE(0)] "DEBUG: Ember  : 2.6.2", source:  (0)
[6452:6452:0301/214730.258985:INFO:CONSOLE(0)] "DEBUG: jQuery : 2.2.4", source:  (0)
[6452:6452:0301/214730.259157:INFO:CONSOLE(0)] "DEBUG: -------------------------------", source:  (0)
[6452:6452:0301/214730.345580:INFO:CONSOLE(0)] "DEBUG: For more advanced debugging, install the Ember Inspector from https://chrome.google.com/webstore/detail/ember-inspector/bmdblncegkenkacieihfhpjfppoconhi", source:  (0)
[6452:6452:0301/214745.786587:INFO:CONSOLE(0)] "DEBUG: -------------------------------", source:  (0)
[6452:6452:0301/214745.786794:INFO:CONSOLE(0)] "DEBUG: Ember  : 2.6.2", source:  (0)
[6452:6452:0301/214745.786969:INFO:CONSOLE(0)] "DEBUG: jQuery : 2.2.4", source:  (0)
[6452:6452:0301/214745.787140:INFO:CONSOLE(0)] "DEBUG: -------------------------------", source:  (0)
[6452:6452:0301/214745.823178:INFO:CONSOLE(0)] "DEBUG: For more advanced debugging, install the Ember Inspector from https://chrome.google.com/webstore/detail/ember-inspector/bmdblncegkenkacieihfhpjfppoconhi", source:  (0)
[6452:6452:0301/214756.709831:INFO:CONSOLE(0)] "DEBUG: -------------------------------", source:  (0)
[6452:6452:0301/214756.710039:INFO:CONSOLE(0)] "DEBUG: Ember  : 2.6.2", source:  (0)
[6452:6452:0301/214756.710213:INFO:CONSOLE(0)] "DEBUG: jQuery : 2.2.4", source:  (0)
[6452:6452:0301/214756.710390:INFO:CONSOLE(0)] "DEBUG: -------------------------------", source:  (0)
[6452:6452:0301/214756.746588:INFO:CONSOLE(0)] "DEBUG: For more advanced debugging, install the Ember Inspector from https://chrome.google.com/webstore/detail/ember-inspector/bmdblncegkenkacieihfhpjfppoconhi", source:  (0)
[6452:6452:0301/214807.779215:INFO:CONSOLE(0)] "DEBUG: -------------------------------", source:  (0)
[6452:6452:0301/214807.779431:INFO:CONSOLE(0)] "DEBUG: Ember  : 2.6.2", source:  (0)
[6452:6452:0301/214807.779606:INFO:CONSOLE(0)] "DEBUG: jQuery : 2.2.4", source:  (0)
[6452:6452:0301/214807.779779:INFO:CONSOLE(0)] "DEBUG: -------------------------------", source:  (0)
[6452:6452:0301/214807.815783:INFO:CONSOLE(0)] "DEBUG: For more advanced debugging, install the Ember Inspector from https://chrome.google.com/webstore/detail/ember-inspector/bmdblncegkenkacieihfhpjfppoconhi", source:  (0)
[6452:6452:0301/214818.976278:INFO:CONSOLE(0)] "DEBUG: -------------------------------", source:  (0)
[6452:6452:0301/214818.976484:INFO:CONSOLE(0)] "DEBUG: Ember  : 2.6.2", source:  (0)
[6452:6452:0301/214818.976659:INFO:CONSOLE(0)] "DEBUG: jQuery : 2.2.4", source:  (0)
[6452:6452:0301/214818.976831:INFO:CONSOLE(0)] "DEBUG: -------------------------------", source:  (0)
[6452:6452:0301/214819.013198:INFO:CONSOLE(0)] "DEBUG: For more advanced debugging, install the Ember Inspector from https://chrome.google.com/webstore/detail/ember-inspector/bmdblncegkenkacieihfhpjfppoconhi", source:  (0)
[6452:6452:0301/214830.355523:INFO:CONSOLE(0)] "DEBUG: -------------------------------", source:  (0)
[6452:6452:0301/214830.355744:INFO:CONSOLE(0)] "DEBUG: Ember  : 2.6.2", source:  (0)
[6452:6452:0301/214830.355919:INFO:CONSOLE(0)] "DEBUG: jQuery : 2.2.4", source:  (0)
[6452:6452:0301/214830.356091:INFO:CONSOLE(0)] "DEBUG: -------------------------------", source:  (0)
[6452:6452:0301/214830.392742:INFO:CONSOLE(0)] "DEBUG: For more advanced debugging, install the Ember Inspector from https://chrome.google.com/webstore/detail/ember-inspector/bmdblncegkenkacieihfhpjfppoconhi", source:  (0)
[6452:6452:0301/214841.770830:INFO:CONSOLE(0)] "DEBUG: -------------------------------", source:  (0)
[6452:6452:0301/214841.771040:INFO:CONSOLE(0)] "DEBUG: Ember  : 2.6.2", source:  (0)
[6452:6452:0301/214841.771217:INFO:CONSOLE(0)] "DEBUG: jQuery : 2.2.4", source:  (0)
[6452:6452:0301/214841.771391:INFO:CONSOLE(0)] "DEBUG: -------------------------------", source:  (0)
[6452:6452:0301/214841.808075:INFO:CONSOLE(0)] "DEBUG: For more advanced debugging, install the Ember Inspector from https://chrome.google.com/webstore/detail/ember-inspector/bmdblncegkenkacieihfhpjfppoconhi", source:  (0)
[6452:6452:0301/214853.479410:INFO:CONSOLE(0)] "DEBUG: -------------------------------", source:  (0)
[6452:6452:0301/214853.479617:INFO:CONSOLE(0)] "DEBUG: Ember  : 2.6.2", source:  (0)
[6452:6452:0301/214853.479792:INFO:CONSOLE(0)] "DEBUG: jQuery : 2.2.4", source:  (0)
[6452:6452:0301/214853.479965:INFO:CONSOLE(0)] "DEBUG: -------------------------------", source:  (0)
[6452:6452:0301/214853.516592:INFO:CONSOLE(0)] "DEBUG: For more advanced debugging, install the Ember Inspector from https://chrome.google.com/webstore/detail/ember-inspector/bmdblncegkenkacieihfhpjfppoconhi", source:  (0)
[6452:6452:0301/214905.226378:INFO:CONSOLE(0)] "DEBUG: -------------------------------", source:  (0)
[6452:6452:0301/214905.226594:INFO:CONSOLE(0)] "DEBUG: Ember  : 2.6.2", source:  (0)
[6452:6452:0301/214905.226769:INFO:CONSOLE(0)] "DEBUG: jQuery : 2.2.4", source:  (0)
[6452:6452:0301/214905.226949:INFO:CONSOLE(0)] "DEBUG: -------------------------------", source:  (0)
[6452:6452:0301/214905.263778:INFO:CONSOLE(0)] "DEBUG: For more advanced debugging, install the Ember Inspector from https://chrome.google.com/webstore/detail/ember-inspector/bmdblncegkenkacieihfhpjfppoconhi", source:  (0)
[6452:6452:0301/214917.173176:INFO:CONSOLE(0)] "DEBUG: -------------------------------", source:  (0)
[6452:6452:0301/214917.173385:INFO:CONSOLE(0)] "DEBUG: Ember  : 2.6.2", source:  (0)
[6452:6452:0301/214917.173567:INFO:CONSOLE(0)] "DEBUG: jQuery : 2.2.4", source:  (0)
[6452:6452:0301/214917.173740:INFO:CONSOLE(0)] "DEBUG: -------------------------------", source:  (0)
[6452:6452:0301/214917.210790:INFO:CONSOLE(0)] "DEBUG: For more advanced debugging, install the Ember Inspector from https://chrome.google.com/webstore/detail/ember-inspector/bmdblncegkenkacieihfhpjfppoconhi", source:  (0)
