[17713:17713:0301/124759.994430:WARNING:chrome_main_delegate.cc(618)] This is Chrome version 112.0.5572.0 (not a warning)
[17713:17728:0301/124800.171120:ERROR:bus.cc(399)] Failed to connect to the bus: Could not parse server address: Unknown address type (examples of valid types are "tcp" and on UNIX "unix")
[17713:17728:0301/124800.171159:ERROR:bus.cc(399)] Failed to connect to the bus: Could not parse server address: Unknown address type (examples of valid types are "tcp" and on UNIX "unix")
[17713:17713:0301/124800.203011:WARNING:account_consistency_mode_manager.cc(70)] Desktop Identity Consistency cannot be enabled as no OAuth client ID and client secret have been configured.
[17713:17728:0301/124800.210063:ERROR:bus.cc(399)] Failed to connect to the bus: Could not parse server address: Unknown address type (examples of valid types are "tcp" and on UNIX "unix")
[17713:17728:0301/124800.210099:ERROR:bus.cc(399)] Failed to connect to the bus: Could not parse server address: Unknown address type (examples of valid types are "tcp" and on UNIX "unix")
[17713:17713:0301/124800.404318:WARNING:bluez_dbus_manager.cc(247)] Floss manager not present, cannot set Floss enable/disable.
[17713:17803:0301/124800.446431:ERROR:object_proxy.cc(623)] Failed to call method: org.freedesktop.DBus.Properties.Get: object_path= /org/freedesktop/UPower: org.freedesktop.DBus.Error.ServiceUnknown: The name org.freedesktop.UPower was not provided by any .service files
[17713:17803:0301/124800.461961:WARNING:property.cc(144)] DaemonVersion: GetAndBlock: failed.
[17713:17803:0301/124800.462123:ERROR:object_proxy.cc(623)] Failed to call method: org.freedesktop.UPower.GetDisplayDevice: object_path= /org/freedesktop/UPower: org.freedesktop.DBus.Error.ServiceUnknown: The name org.freedesktop.UPower was not provided by any .service files
[17713:17803:0301/124800.462241:ERROR:object_proxy.cc(623)] Failed to call method: org.freedesktop.UPower.EnumerateDevices: object_path= /org/freedesktop/UPower: org.freedesktop.DBus.Error.ServiceUnknown: The name org.freedesktop.UPower was not provided by any .service files
[17713:17728:0301/124800.596439:ERROR:bus.cc(399)] Failed to connect to the bus: Could not parse server address: Unknown address type (examples of valid types are "tcp" and on UNIX "unix")
[17713:17728:0301/124800.604970:ERROR:bus.cc(399)] Failed to connect to the bus: Could not parse server address: Unknown address type (examples of valid types are "tcp" and on UNIX "unix")
[17713:17713:0301/124803.930411:INFO:optimization_guide_logger.cc(42)] ../../components/optimization_guide/core/hints_manager.cc(523) Hint cache initialized
[17713:17713:0301/124804.292943:INFO:optimization_guide_logger.cc(42)] ../../components/optimization_guide/content/browser/page_content_annotations_service.cc(309) PageContentAnnotationJob Result: BatchAnnotationResult{"Speedometer 2.1 Interactive Runner", type: ContentVisibility, output: nullopt}
[17713:17713:0301/124804.293019:INFO:optimization_guide_logger.cc(42)] ../../components/optimization_guide/content/browser/page_content_annotations_service.cc(309) PageContentAnnotationJob Result: BatchAnnotationResult{"Speedometer 2.1 Interactive Runner", type: PageEntities, output: nullopt}
[17713:17713:0301/124811.968710:INFO:CONSOLE(0)] "DEBUG: -------------------------------", source:  (0)
[17713:17713:0301/124811.968926:INFO:CONSOLE(0)] "DEBUG: Ember  : 2.6.2", source:  (0)
[17713:17713:0301/124811.969099:INFO:CONSOLE(0)] "DEBUG: jQuery : 2.2.4", source:  (0)
[17713:17713:0301/124811.969269:INFO:CONSOLE(0)] "DEBUG: -------------------------------", source:  (0)
[17713:17713:0301/124812.055918:INFO:CONSOLE(0)] "DEBUG: For more advanced debugging, install the Ember Inspector from https://chrome.google.com/webstore/detail/ember-inspector/bmdblncegkenkacieihfhpjfppoconhi", source:  (0)
[17713:17713:0301/124827.957871:INFO:CONSOLE(0)] "DEBUG: -------------------------------", source:  (0)
[17713:17713:0301/124827.958080:INFO:CONSOLE(0)] "DEBUG: Ember  : 2.6.2", source:  (0)
[17713:17713:0301/124827.958259:INFO:CONSOLE(0)] "DEBUG: jQuery : 2.2.4", source:  (0)
[17713:17713:0301/124827.958438:INFO:CONSOLE(0)] "DEBUG: -------------------------------", source:  (0)
[17713:17713:0301/124827.997121:INFO:CONSOLE(0)] "DEBUG: For more advanced debugging, install the Ember Inspector from https://chrome.google.com/webstore/detail/ember-inspector/bmdblncegkenkacieihfhpjfppoconhi", source:  (0)
[17713:17713:0301/124839.113523:INFO:CONSOLE(0)] "DEBUG: -------------------------------", source:  (0)
[17713:17713:0301/124839.113737:INFO:CONSOLE(0)] "DEBUG: Ember  : 2.6.2", source:  (0)
[17713:17713:0301/124839.113918:INFO:CONSOLE(0)] "DEBUG: jQuery : 2.2.4", source:  (0)
[17713:17713:0301/124839.114088:INFO:CONSOLE(0)] "DEBUG: -------------------------------", source:  (0)
[17713:17713:0301/124839.153798:INFO:CONSOLE(0)] "DEBUG: For more advanced debugging, install the Ember Inspector from https://chrome.google.com/webstore/detail/ember-inspector/bmdblncegkenkacieihfhpjfppoconhi", source:  (0)
[17713:17713:0301/124850.224713:INFO:CONSOLE(0)] "DEBUG: -------------------------------", source:  (0)
[17713:17713:0301/124850.224935:INFO:CONSOLE(0)] "DEBUG: Ember  : 2.6.2", source:  (0)
[17713:17713:0301/124850.225108:INFO:CONSOLE(0)] "DEBUG: jQuery : 2.2.4", source:  (0)
[17713:17713:0301/124850.225279:INFO:CONSOLE(0)] "DEBUG: -------------------------------", source:  (0)
[17713:17713:0301/124850.263152:INFO:CONSOLE(0)] "DEBUG: For more advanced debugging, install the Ember Inspector from https://chrome.google.com/webstore/detail/ember-inspector/bmdblncegkenkacieihfhpjfppoconhi", source:  (0)
[17713:17713:0301/124901.502357:INFO:CONSOLE(0)] "DEBUG: -------------------------------", source:  (0)
[17713:17713:0301/124901.502570:INFO:CONSOLE(0)] "DEBUG: Ember  : 2.6.2", source:  (0)
[17713:17713:0301/124901.502751:INFO:CONSOLE(0)] "DEBUG: jQuery : 2.2.4", source:  (0)
[17713:17713:0301/124901.502922:INFO:CONSOLE(0)] "DEBUG: -------------------------------", source:  (0)
[17713:17713:0301/124901.540657:INFO:CONSOLE(0)] "DEBUG: For more advanced debugging, install the Ember Inspector from https://chrome.google.com/webstore/detail/ember-inspector/bmdblncegkenkacieihfhpjfppoconhi", source:  (0)
[17713:17713:0301/124912.983117:INFO:CONSOLE(0)] "DEBUG: -------------------------------", source:  (0)
[17713:17713:0301/124912.983324:INFO:CONSOLE(0)] "DEBUG: Ember  : 2.6.2", source:  (0)
[17713:17713:0301/124912.983496:INFO:CONSOLE(0)] "DEBUG: jQuery : 2.2.4", source:  (0)
[17713:17713:0301/124912.983666:INFO:CONSOLE(0)] "DEBUG: -------------------------------", source:  (0)
[17713:17713:0301/124913.021874:INFO:CONSOLE(0)] "DEBUG: For more advanced debugging, install the Ember Inspector from https://chrome.google.com/webstore/detail/ember-inspector/bmdblncegkenkacieihfhpjfppoconhi", source:  (0)
[17713:17713:0301/124924.468878:INFO:CONSOLE(0)] "DEBUG: -------------------------------", source:  (0)
[17713:17713:0301/124924.469090:INFO:CONSOLE(0)] "DEBUG: Ember  : 2.6.2", source:  (0)
[17713:17713:0301/124924.469263:INFO:CONSOLE(0)] "DEBUG: jQuery : 2.2.4", source:  (0)
[17713:17713:0301/124924.469433:INFO:CONSOLE(0)] "DEBUG: -------------------------------", source:  (0)
[17713:17713:0301/124924.507528:INFO:CONSOLE(0)] "DEBUG: For more advanced debugging, install the Ember Inspector from https://chrome.google.com/webstore/detail/ember-inspector/bmdblncegkenkacieihfhpjfppoconhi", source:  (0)
[17713:17713:0301/124936.129454:INFO:CONSOLE(0)] "DEBUG: -------------------------------", source:  (0)
[17713:17713:0301/124936.129663:INFO:CONSOLE(0)] "DEBUG: Ember  : 2.6.2", source:  (0)
[17713:17713:0301/124936.129843:INFO:CONSOLE(0)] "DEBUG: jQuery : 2.2.4", source:  (0)
[17713:17713:0301/124936.130012:INFO:CONSOLE(0)] "DEBUG: -------------------------------", source:  (0)
[17713:17713:0301/124936.168187:INFO:CONSOLE(0)] "DEBUG: For more advanced debugging, install the Ember Inspector from https://chrome.google.com/webstore/detail/ember-inspector/bmdblncegkenkacieihfhpjfppoconhi", source:  (0)
[17713:17713:0301/124947.744037:INFO:CONSOLE(0)] "DEBUG: -------------------------------", source:  (0)
[17713:17713:0301/124947.744252:INFO:CONSOLE(0)] "DEBUG: Ember  : 2.6.2", source:  (0)
[17713:17713:0301/124947.744426:INFO:CONSOLE(0)] "DEBUG: jQuery : 2.2.4", source:  (0)
[17713:17713:0301/124947.744615:INFO:CONSOLE(0)] "DEBUG: -------------------------------", source:  (0)
[17713:17713:0301/124947.782106:INFO:CONSOLE(0)] "DEBUG: For more advanced debugging, install the Ember Inspector from https://chrome.google.com/webstore/detail/ember-inspector/bmdblncegkenkacieihfhpjfppoconhi", source:  (0)
[17713:17713:0301/124959.219724:INFO:CONSOLE(0)] "DEBUG: -------------------------------", source:  (0)
[17713:17713:0301/124959.219932:INFO:CONSOLE(0)] "DEBUG: Ember  : 2.6.2", source:  (0)
[17713:17713:0301/124959.220104:INFO:CONSOLE(0)] "DEBUG: jQuery : 2.2.4", source:  (0)
[17713:17713:0301/124959.220273:INFO:CONSOLE(0)] "DEBUG: -------------------------------", source:  (0)
[17713:17713:0301/124959.257973:INFO:CONSOLE(0)] "DEBUG: For more advanced debugging, install the Ember Inspector from https://chrome.google.com/webstore/detail/ember-inspector/bmdblncegkenkacieihfhpjfppoconhi", source:  (0)
