[19906:19906:0301/131654.186757:WARNING:chrome_main_delegate.cc(618)] This is Chrome version 112.0.5572.0 (not a warning)
[19906:19921:0301/131654.363227:ERROR:bus.cc(399)] Failed to connect to the bus: Could not parse server address: Unknown address type (examples of valid types are "tcp" and on UNIX "unix")
[19906:19921:0301/131654.363254:ERROR:bus.cc(399)] Failed to connect to the bus: Could not parse server address: Unknown address type (examples of valid types are "tcp" and on UNIX "unix")
[19906:19906:0301/131654.405389:WARNING:account_consistency_mode_manager.cc(70)] Desktop Identity Consistency cannot be enabled as no OAuth client ID and client secret have been configured.
[19906:19921:0301/131654.412679:ERROR:bus.cc(399)] Failed to connect to the bus: Could not parse server address: Unknown address type (examples of valid types are "tcp" and on UNIX "unix")
[19906:19921:0301/131654.412714:ERROR:bus.cc(399)] Failed to connect to the bus: Could not parse server address: Unknown address type (examples of valid types are "tcp" and on UNIX "unix")
[19906:19906:0301/131654.609165:WARNING:bluez_dbus_manager.cc(247)] Floss manager not present, cannot set Floss enable/disable.
[19906:19996:0301/131654.635095:ERROR:object_proxy.cc(623)] Failed to call method: org.freedesktop.DBus.Properties.Get: object_path= /org/freedesktop/UPower: org.freedesktop.DBus.Error.ServiceUnknown: The name org.freedesktop.UPower was not provided by any .service files
[19906:19996:0301/131654.661691:WARNING:property.cc(144)] DaemonVersion: GetAndBlock: failed.
[19906:19996:0301/131654.661884:ERROR:object_proxy.cc(623)] Failed to call method: org.freedesktop.UPower.GetDisplayDevice: object_path= /org/freedesktop/UPower: org.freedesktop.DBus.Error.ServiceUnknown: The name org.freedesktop.UPower was not provided by any .service files
[19906:19996:0301/131654.662003:ERROR:object_proxy.cc(623)] Failed to call method: org.freedesktop.UPower.EnumerateDevices: object_path= /org/freedesktop/UPower: org.freedesktop.DBus.Error.ServiceUnknown: The name org.freedesktop.UPower was not provided by any .service files
[19906:19921:0301/131654.762657:ERROR:bus.cc(399)] Failed to connect to the bus: Could not parse server address: Unknown address type (examples of valid types are "tcp" and on UNIX "unix")
[19906:19921:0301/131654.771904:ERROR:bus.cc(399)] Failed to connect to the bus: Could not parse server address: Unknown address type (examples of valid types are "tcp" and on UNIX "unix")
[19906:19906:0301/131658.022049:INFO:optimization_guide_logger.cc(42)] ../../components/optimization_guide/core/hints_manager.cc(523) Hint cache initialized
[19906:19906:0301/131658.476000:INFO:optimization_guide_logger.cc(42)] ../../components/optimization_guide/content/browser/page_content_annotations_service.cc(309) PageContentAnnotationJob Result: BatchAnnotationResult{"Speedometer 2.1 Interactive Runner", type: ContentVisibility, output: nullopt}
[19906:19906:0301/131658.476067:INFO:optimization_guide_logger.cc(42)] ../../components/optimization_guide/content/browser/page_content_annotations_service.cc(309) PageContentAnnotationJob Result: BatchAnnotationResult{"Speedometer 2.1 Interactive Runner", type: PageEntities, output: nullopt}
[19906:19906:0301/131706.074168:INFO:CONSOLE(0)] "DEBUG: -------------------------------", source:  (0)
[19906:19906:0301/131706.074386:INFO:CONSOLE(0)] "DEBUG: Ember  : 2.6.2", source:  (0)
[19906:19906:0301/131706.074563:INFO:CONSOLE(0)] "DEBUG: jQuery : 2.2.4", source:  (0)
[19906:19906:0301/131706.074734:INFO:CONSOLE(0)] "DEBUG: -------------------------------", source:  (0)
[19906:19906:0301/131706.160971:INFO:CONSOLE(0)] "DEBUG: For more advanced debugging, install the Ember Inspector from https://chrome.google.com/webstore/detail/ember-inspector/bmdblncegkenkacieihfhpjfppoconhi", source:  (0)
[19906:19906:0301/131721.891296:INFO:CONSOLE(0)] "DEBUG: -------------------------------", source:  (0)
[19906:19906:0301/131721.891502:INFO:CONSOLE(0)] "DEBUG: Ember  : 2.6.2", source:  (0)
[19906:19906:0301/131721.891676:INFO:CONSOLE(0)] "DEBUG: jQuery : 2.2.4", source:  (0)
[19906:19906:0301/131721.891863:INFO:CONSOLE(0)] "DEBUG: -------------------------------", source:  (0)
[19906:19906:0301/131721.930893:INFO:CONSOLE(0)] "DEBUG: For more advanced debugging, install the Ember Inspector from https://chrome.google.com/webstore/detail/ember-inspector/bmdblncegkenkacieihfhpjfppoconhi", source:  (0)
[19906:19906:0301/131733.133234:INFO:CONSOLE(0)] "DEBUG: -------------------------------", source:  (0)
[19906:19906:0301/131733.133454:INFO:CONSOLE(0)] "DEBUG: Ember  : 2.6.2", source:  (0)
[19906:19906:0301/131733.133630:INFO:CONSOLE(0)] "DEBUG: jQuery : 2.2.4", source:  (0)
[19906:19906:0301/131733.133801:INFO:CONSOLE(0)] "DEBUG: -------------------------------", source:  (0)
[19906:19906:0301/131733.171018:INFO:CONSOLE(0)] "DEBUG: For more advanced debugging, install the Ember Inspector from https://chrome.google.com/webstore/detail/ember-inspector/bmdblncegkenkacieihfhpjfppoconhi", source:  (0)
[19906:19906:0301/131744.102333:INFO:CONSOLE(0)] "DEBUG: -------------------------------", source:  (0)
[19906:19906:0301/131744.102540:INFO:CONSOLE(0)] "DEBUG: Ember  : 2.6.2", source:  (0)
[19906:19906:0301/131744.102714:INFO:CONSOLE(0)] "DEBUG: jQuery : 2.2.4", source:  (0)
[19906:19906:0301/131744.102886:INFO:CONSOLE(0)] "DEBUG: -------------------------------", source:  (0)
[19906:19906:0301/131744.139577:INFO:CONSOLE(0)] "DEBUG: For more advanced debugging, install the Ember Inspector from https://chrome.google.com/webstore/detail/ember-inspector/bmdblncegkenkacieihfhpjfppoconhi", source:  (0)
[19906:19906:0301/131755.563065:INFO:CONSOLE(0)] "DEBUG: -------------------------------", source:  (0)
[19906:19906:0301/131755.563276:INFO:CONSOLE(0)] "DEBUG: Ember  : 2.6.2", source:  (0)
[19906:19906:0301/131755.563453:INFO:CONSOLE(0)] "DEBUG: jQuery : 2.2.4", source:  (0)
[19906:19906:0301/131755.563625:INFO:CONSOLE(0)] "DEBUG: -------------------------------", source:  (0)
[19906:19906:0301/131755.602543:INFO:CONSOLE(0)] "DEBUG: For more advanced debugging, install the Ember Inspector from https://chrome.google.com/webstore/detail/ember-inspector/bmdblncegkenkacieihfhpjfppoconhi", source:  (0)
[19906:19906:0301/131806.901624:INFO:CONSOLE(0)] "DEBUG: -------------------------------", source:  (0)
[19906:19906:0301/131806.901836:INFO:CONSOLE(0)] "DEBUG: Ember  : 2.6.2", source:  (0)
[19906:19906:0301/131806.902012:INFO:CONSOLE(0)] "DEBUG: jQuery : 2.2.4", source:  (0)
[19906:19906:0301/131806.902193:INFO:CONSOLE(0)] "DEBUG: -------------------------------", source:  (0)
[19906:19906:0301/131806.944434:INFO:CONSOLE(0)] "DEBUG: For more advanced debugging, install the Ember Inspector from https://chrome.google.com/webstore/detail/ember-inspector/bmdblncegkenkacieihfhpjfppoconhi", source:  (0)
[19906:19906:0301/131818.734373:INFO:CONSOLE(0)] "DEBUG: -------------------------------", source:  (0)
[19906:19906:0301/131818.734583:INFO:CONSOLE(0)] "DEBUG: Ember  : 2.6.2", source:  (0)
[19906:19906:0301/131818.734759:INFO:CONSOLE(0)] "DEBUG: jQuery : 2.2.4", source:  (0)
[19906:19906:0301/131818.734931:INFO:CONSOLE(0)] "DEBUG: -------------------------------", source:  (0)
[19906:19906:0301/131818.773205:INFO:CONSOLE(0)] "DEBUG: For more advanced debugging, install the Ember Inspector from https://chrome.google.com/webstore/detail/ember-inspector/bmdblncegkenkacieihfhpjfppoconhi", source:  (0)
[19906:19906:0301/131829.993115:INFO:CONSOLE(0)] "DEBUG: -------------------------------", source:  (0)
[19906:19906:0301/131829.993328:INFO:CONSOLE(0)] "DEBUG: Ember  : 2.6.2", source:  (0)
[19906:19906:0301/131829.993504:INFO:CONSOLE(0)] "DEBUG: jQuery : 2.2.4", source:  (0)
[19906:19906:0301/131829.993683:INFO:CONSOLE(0)] "DEBUG: -------------------------------", source:  (0)
[19906:19906:0301/131830.031136:INFO:CONSOLE(0)] "DEBUG: For more advanced debugging, install the Ember Inspector from https://chrome.google.com/webstore/detail/ember-inspector/bmdblncegkenkacieihfhpjfppoconhi", source:  (0)
[19906:19906:0301/131841.104358:INFO:CONSOLE(0)] "DEBUG: -------------------------------", source:  (0)
[19906:19906:0301/131841.104579:INFO:CONSOLE(0)] "DEBUG: Ember  : 2.6.2", source:  (0)
[19906:19906:0301/131841.104754:INFO:CONSOLE(0)] "DEBUG: jQuery : 2.2.4", source:  (0)
[19906:19906:0301/131841.104926:INFO:CONSOLE(0)] "DEBUG: -------------------------------", source:  (0)
[19906:19906:0301/131841.141952:INFO:CONSOLE(0)] "DEBUG: For more advanced debugging, install the Ember Inspector from https://chrome.google.com/webstore/detail/ember-inspector/bmdblncegkenkacieihfhpjfppoconhi", source:  (0)
[19906:19906:0301/131852.493490:INFO:CONSOLE(0)] "DEBUG: -------------------------------", source:  (0)
[19906:19906:0301/131852.493705:INFO:CONSOLE(0)] "DEBUG: Ember  : 2.6.2", source:  (0)
[19906:19906:0301/131852.493880:INFO:CONSOLE(0)] "DEBUG: jQuery : 2.2.4", source:  (0)
[19906:19906:0301/131852.494053:INFO:CONSOLE(0)] "DEBUG: -------------------------------", source:  (0)
[19906:19906:0301/131852.539153:INFO:CONSOLE(0)] "DEBUG: For more advanced debugging, install the Ember Inspector from https://chrome.google.com/webstore/detail/ember-inspector/bmdblncegkenkacieihfhpjfppoconhi", source:  (0)
