[19417:19417:0301/131017.584655:WARNING:chrome_main_delegate.cc(618)] This is Chrome version 112.0.5572.0 (not a warning)
[19417:19431:0301/131017.762983:ERROR:bus.cc(399)] Failed to connect to the bus: Could not parse server address: Unknown address type (examples of valid types are "tcp" and on UNIX "unix")
[19417:19431:0301/131017.763017:ERROR:bus.cc(399)] Failed to connect to the bus: Could not parse server address: Unknown address type (examples of valid types are "tcp" and on UNIX "unix")
[19417:19417:0301/131017.789698:WARNING:account_consistency_mode_manager.cc(70)] Desktop Identity Consistency cannot be enabled as no OAuth client ID and client secret have been configured.
[19417:19431:0301/131017.798212:ERROR:bus.cc(399)] Failed to connect to the bus: Could not parse server address: Unknown address type (examples of valid types are "tcp" and on UNIX "unix")
[19417:19431:0301/131017.798252:ERROR:bus.cc(399)] Failed to connect to the bus: Could not parse server address: Unknown address type (examples of valid types are "tcp" and on UNIX "unix")
[19417:19417:0301/131018.012367:WARNING:bluez_dbus_manager.cc(247)] Floss manager not present, cannot set Floss enable/disable.
[19417:19507:0301/131018.044752:ERROR:object_proxy.cc(623)] Failed to call method: org.freedesktop.DBus.Properties.Get: object_path= /org/freedesktop/UPower: org.freedesktop.DBus.Error.ServiceUnknown: The name org.freedesktop.UPower was not provided by any .service files
[19417:19507:0301/131018.044772:WARNING:property.cc(144)] DaemonVersion: GetAndBlock: failed.
[19417:19507:0301/131018.044901:ERROR:object_proxy.cc(623)] Failed to call method: org.freedesktop.UPower.GetDisplayDevice: object_path= /org/freedesktop/UPower: org.freedesktop.DBus.Error.ServiceUnknown: The name org.freedesktop.UPower was not provided by any .service files
[19417:19507:0301/131018.045021:ERROR:object_proxy.cc(623)] Failed to call method: org.freedesktop.UPower.EnumerateDevices: object_path= /org/freedesktop/UPower: org.freedesktop.DBus.Error.ServiceUnknown: The name org.freedesktop.UPower was not provided by any .service files
[19417:19431:0301/131018.309450:ERROR:bus.cc(399)] Failed to connect to the bus: Could not parse server address: Unknown address type (examples of valid types are "tcp" and on UNIX "unix")
[19417:19431:0301/131018.343269:ERROR:bus.cc(399)] Failed to connect to the bus: Could not parse server address: Unknown address type (examples of valid types are "tcp" and on UNIX "unix")
[19417:19417:0301/131021.816406:INFO:optimization_guide_logger.cc(42)] ../../components/optimization_guide/core/hints_manager.cc(523) Hint cache initialized
[19417:19417:0301/131021.995134:INFO:optimization_guide_logger.cc(42)] ../../components/optimization_guide/content/browser/page_content_annotations_service.cc(309) PageContentAnnotationJob Result: BatchAnnotationResult{"Speedometer 2.1 Interactive Runner", type: ContentVisibility, output: nullopt}
[19417:19417:0301/131021.995212:INFO:optimization_guide_logger.cc(42)] ../../components/optimization_guide/content/browser/page_content_annotations_service.cc(309) PageContentAnnotationJob Result: BatchAnnotationResult{"Speedometer 2.1 Interactive Runner", type: PageEntities, output: nullopt}
[19417:19417:0301/131029.645126:INFO:CONSOLE(0)] "DEBUG: -------------------------------", source:  (0)
[19417:19417:0301/131029.645343:INFO:CONSOLE(0)] "DEBUG: Ember  : 2.6.2", source:  (0)
[19417:19417:0301/131029.645516:INFO:CONSOLE(0)] "DEBUG: jQuery : 2.2.4", source:  (0)
[19417:19417:0301/131029.645692:INFO:CONSOLE(0)] "DEBUG: -------------------------------", source:  (0)
[19417:19417:0301/131029.732362:INFO:CONSOLE(0)] "DEBUG: For more advanced debugging, install the Ember Inspector from https://chrome.google.com/webstore/detail/ember-inspector/bmdblncegkenkacieihfhpjfppoconhi", source:  (0)
[19417:19417:0301/131046.491486:INFO:CONSOLE(0)] "DEBUG: -------------------------------", source:  (0)
[19417:19417:0301/131046.491689:INFO:CONSOLE(0)] "DEBUG: Ember  : 2.6.2", source:  (0)
[19417:19417:0301/131046.491860:INFO:CONSOLE(0)] "DEBUG: jQuery : 2.2.4", source:  (0)
[19417:19417:0301/131046.492037:INFO:CONSOLE(0)] "DEBUG: -------------------------------", source:  (0)
[19417:19417:0301/131046.531667:INFO:CONSOLE(0)] "DEBUG: For more advanced debugging, install the Ember Inspector from https://chrome.google.com/webstore/detail/ember-inspector/bmdblncegkenkacieihfhpjfppoconhi", source:  (0)
[19417:19417:0301/131057.611947:INFO:CONSOLE(0)] "DEBUG: -------------------------------", source:  (0)
[19417:19417:0301/131057.612162:INFO:CONSOLE(0)] "DEBUG: Ember  : 2.6.2", source:  (0)
[19417:19417:0301/131057.612341:INFO:CONSOLE(0)] "DEBUG: jQuery : 2.2.4", source:  (0)
[19417:19417:0301/131057.612511:INFO:CONSOLE(0)] "DEBUG: -------------------------------", source:  (0)
[19417:19417:0301/131057.670743:INFO:CONSOLE(0)] "DEBUG: For more advanced debugging, install the Ember Inspector from https://chrome.google.com/webstore/detail/ember-inspector/bmdblncegkenkacieihfhpjfppoconhi", source:  (0)
[19417:19417:0301/131108.731114:INFO:CONSOLE(0)] "DEBUG: -------------------------------", source:  (0)
[19417:19417:0301/131108.731335:INFO:CONSOLE(0)] "DEBUG: Ember  : 2.6.2", source:  (0)
[19417:19417:0301/131108.731507:INFO:CONSOLE(0)] "DEBUG: jQuery : 2.2.4", source:  (0)
[19417:19417:0301/131108.731677:INFO:CONSOLE(0)] "DEBUG: -------------------------------", source:  (0)
[19417:19417:0301/131108.769342:INFO:CONSOLE(0)] "DEBUG: For more advanced debugging, install the Ember Inspector from https://chrome.google.com/webstore/detail/ember-inspector/bmdblncegkenkacieihfhpjfppoconhi", source:  (0)
[19417:19417:0301/131120.340872:INFO:CONSOLE(0)] "DEBUG: -------------------------------", source:  (0)
[19417:19417:0301/131120.341318:INFO:CONSOLE(0)] "DEBUG: Ember  : 2.6.2", source:  (0)
[19417:19417:0301/131120.341495:INFO:CONSOLE(0)] "DEBUG: jQuery : 2.2.4", source:  (0)
[19417:19417:0301/131120.341666:INFO:CONSOLE(0)] "DEBUG: -------------------------------", source:  (0)
[19417:19417:0301/131120.378907:INFO:CONSOLE(0)] "DEBUG: For more advanced debugging, install the Ember Inspector from https://chrome.google.com/webstore/detail/ember-inspector/bmdblncegkenkacieihfhpjfppoconhi", source:  (0)
[19417:19417:0301/131131.922765:INFO:CONSOLE(0)] "DEBUG: -------------------------------", source:  (0)
[19417:19417:0301/131131.922975:INFO:CONSOLE(0)] "DEBUG: Ember  : 2.6.2", source:  (0)
[19417:19417:0301/131131.923148:INFO:CONSOLE(0)] "DEBUG: jQuery : 2.2.4", source:  (0)
[19417:19417:0301/131131.923324:INFO:CONSOLE(0)] "DEBUG: -------------------------------", source:  (0)
[19417:19417:0301/131131.961705:INFO:CONSOLE(0)] "DEBUG: For more advanced debugging, install the Ember Inspector from https://chrome.google.com/webstore/detail/ember-inspector/bmdblncegkenkacieihfhpjfppoconhi", source:  (0)
[19417:19417:0301/131143.939284:INFO:CONSOLE(0)] "DEBUG: -------------------------------", source:  (0)
[19417:19417:0301/131143.939503:INFO:CONSOLE(0)] "DEBUG: Ember  : 2.6.2", source:  (0)
[19417:19417:0301/131143.939677:INFO:CONSOLE(0)] "DEBUG: jQuery : 2.2.4", source:  (0)
[19417:19417:0301/131143.939844:INFO:CONSOLE(0)] "DEBUG: -------------------------------", source:  (0)
[19417:19417:0301/131143.978321:INFO:CONSOLE(0)] "DEBUG: For more advanced debugging, install the Ember Inspector from https://chrome.google.com/webstore/detail/ember-inspector/bmdblncegkenkacieihfhpjfppoconhi", source:  (0)
[19417:19417:0301/131156.004366:INFO:CONSOLE(0)] "DEBUG: -------------------------------", source:  (0)
[19417:19417:0301/131156.004576:INFO:CONSOLE(0)] "DEBUG: Ember  : 2.6.2", source:  (0)
[19417:19417:0301/131156.004749:INFO:CONSOLE(0)] "DEBUG: jQuery : 2.2.4", source:  (0)
[19417:19417:0301/131156.004920:INFO:CONSOLE(0)] "DEBUG: -------------------------------", source:  (0)
[19417:19417:0301/131156.042919:INFO:CONSOLE(0)] "DEBUG: For more advanced debugging, install the Ember Inspector from https://chrome.google.com/webstore/detail/ember-inspector/bmdblncegkenkacieihfhpjfppoconhi", source:  (0)
[19417:19417:0301/131207.126433:INFO:CONSOLE(0)] "DEBUG: -------------------------------", source:  (0)
[19417:19417:0301/131207.126755:INFO:CONSOLE(0)] "DEBUG: Ember  : 2.6.2", source:  (0)
[19417:19417:0301/131207.126932:INFO:CONSOLE(0)] "DEBUG: jQuery : 2.2.4", source:  (0)
[19417:19417:0301/131207.127106:INFO:CONSOLE(0)] "DEBUG: -------------------------------", source:  (0)
[19417:19417:0301/131207.165346:INFO:CONSOLE(0)] "DEBUG: For more advanced debugging, install the Ember Inspector from https://chrome.google.com/webstore/detail/ember-inspector/bmdblncegkenkacieihfhpjfppoconhi", source:  (0)
[19417:19417:0301/131218.460079:INFO:CONSOLE(0)] "DEBUG: -------------------------------", source:  (0)
[19417:19417:0301/131218.460291:INFO:CONSOLE(0)] "DEBUG: Ember  : 2.6.2", source:  (0)
[19417:19417:0301/131218.460464:INFO:CONSOLE(0)] "DEBUG: jQuery : 2.2.4", source:  (0)
[19417:19417:0301/131218.460633:INFO:CONSOLE(0)] "DEBUG: -------------------------------", source:  (0)
[19417:19417:0301/131218.498319:INFO:CONSOLE(0)] "DEBUG: For more advanced debugging, install the Ember Inspector from https://chrome.google.com/webstore/detail/ember-inspector/bmdblncegkenkacieihfhpjfppoconhi", source:  (0)
