[2545:2545:0301/205326.093129:WARNING:chrome_main_delegate.cc(618)] This is Chrome version 112.0.5572.0 (not a warning)
[2545:2560:0301/205326.253042:ERROR:bus.cc(399)] Failed to connect to the bus: Could not parse server address: Unknown address type (examples of valid types are "tcp" and on UNIX "unix")
[2545:2560:0301/205326.253072:ERROR:bus.cc(399)] Failed to connect to the bus: Could not parse server address: Unknown address type (examples of valid types are "tcp" and on UNIX "unix")
[2545:2545:0301/205326.290845:WARNING:account_consistency_mode_manager.cc(70)] Desktop Identity Consistency cannot be enabled as no OAuth client ID and client secret have been configured.
[2545:2560:0301/205326.297807:ERROR:bus.cc(399)] Failed to connect to the bus: Could not parse server address: Unknown address type (examples of valid types are "tcp" and on UNIX "unix")
[2545:2560:0301/205326.297840:ERROR:bus.cc(399)] Failed to connect to the bus: Could not parse server address: Unknown address type (examples of valid types are "tcp" and on UNIX "unix")
[2545:2545:0301/205326.489661:WARNING:bluez_dbus_manager.cc(247)] Floss manager not present, cannot set Floss enable/disable.
[2545:2635:0301/205326.525878:ERROR:object_proxy.cc(623)] Failed to call method: org.freedesktop.DBus.Properties.Get: object_path= /org/freedesktop/UPower: org.freedesktop.DBus.Error.ServiceUnknown: The name org.freedesktop.UPower was not provided by any .service files
[2545:2635:0301/205326.525896:WARNING:property.cc(144)] DaemonVersion: GetAndBlock: failed.
[2545:2635:0301/205326.526020:ERROR:object_proxy.cc(623)] Failed to call method: org.freedesktop.UPower.GetDisplayDevice: object_path= /org/freedesktop/UPower: org.freedesktop.DBus.Error.ServiceUnknown: The name org.freedesktop.UPower was not provided by any .service files
[2545:2635:0301/205326.526115:ERROR:object_proxy.cc(623)] Failed to call method: org.freedesktop.UPower.EnumerateDevices: object_path= /org/freedesktop/UPower: org.freedesktop.DBus.Error.ServiceUnknown: The name org.freedesktop.UPower was not provided by any .service files
[2545:2560:0301/205326.834665:ERROR:bus.cc(399)] Failed to connect to the bus: Could not parse server address: Unknown address type (examples of valid types are "tcp" and on UNIX "unix")
[2545:2560:0301/205326.844299:ERROR:bus.cc(399)] Failed to connect to the bus: Could not parse server address: Unknown address type (examples of valid types are "tcp" and on UNIX "unix")
[2545:2545:0301/205330.093504:INFO:optimization_guide_logger.cc(42)] ../../components/optimization_guide/core/hints_manager.cc(523) Hint cache initialized
[2545:2545:0301/205330.493263:INFO:optimization_guide_logger.cc(42)] ../../components/optimization_guide/content/browser/page_content_annotations_service.cc(309) PageContentAnnotationJob Result: BatchAnnotationResult{"Speedometer 2.1 Interactive Runner", type: ContentVisibility, output: nullopt}
[2545:2545:0301/205330.493336:INFO:optimization_guide_logger.cc(42)] ../../components/optimization_guide/content/browser/page_content_annotations_service.cc(309) PageContentAnnotationJob Result: BatchAnnotationResult{"Speedometer 2.1 Interactive Runner", type: PageEntities, output: nullopt}
[2545:2545:0301/205341.370142:INFO:CONSOLE(0)] "DEBUG: -------------------------------", source:  (0)
[2545:2545:0301/205341.370359:INFO:CONSOLE(0)] "DEBUG: Ember  : 2.6.2", source:  (0)
[2545:2545:0301/205341.370537:INFO:CONSOLE(0)] "DEBUG: jQuery : 2.2.4", source:  (0)
[2545:2545:0301/205341.370710:INFO:CONSOLE(0)] "DEBUG: -------------------------------", source:  (0)
[2545:2545:0301/205341.457464:INFO:CONSOLE(0)] "DEBUG: For more advanced debugging, install the Ember Inspector from https://chrome.google.com/webstore/detail/ember-inspector/bmdblncegkenkacieihfhpjfppoconhi", source:  (0)
[2545:2545:0301/205357.038749:INFO:CONSOLE(0)] "DEBUG: -------------------------------", source:  (0)
[2545:2545:0301/205357.038950:INFO:CONSOLE(0)] "DEBUG: Ember  : 2.6.2", source:  (0)
[2545:2545:0301/205357.039124:INFO:CONSOLE(0)] "DEBUG: jQuery : 2.2.4", source:  (0)
[2545:2545:0301/205357.039296:INFO:CONSOLE(0)] "DEBUG: -------------------------------", source:  (0)
[2545:2545:0301/205357.075802:INFO:CONSOLE(0)] "DEBUG: For more advanced debugging, install the Ember Inspector from https://chrome.google.com/webstore/detail/ember-inspector/bmdblncegkenkacieihfhpjfppoconhi", source:  (0)
[2545:2545:0301/205408.105820:INFO:CONSOLE(0)] "DEBUG: -------------------------------", source:  (0)
[2545:2545:0301/205408.106032:INFO:CONSOLE(0)] "DEBUG: Ember  : 2.6.2", source:  (0)
[2545:2545:0301/205408.106208:INFO:CONSOLE(0)] "DEBUG: jQuery : 2.2.4", source:  (0)
[2545:2545:0301/205408.106387:INFO:CONSOLE(0)] "DEBUG: -------------------------------", source:  (0)
[2545:2545:0301/205408.142556:INFO:CONSOLE(0)] "DEBUG: For more advanced debugging, install the Ember Inspector from https://chrome.google.com/webstore/detail/ember-inspector/bmdblncegkenkacieihfhpjfppoconhi", source:  (0)
[2545:2545:0301/205419.435324:INFO:CONSOLE(0)] "DEBUG: -------------------------------", source:  (0)
[2545:2545:0301/205419.435535:INFO:CONSOLE(0)] "DEBUG: Ember  : 2.6.2", source:  (0)
[2545:2545:0301/205419.435711:INFO:CONSOLE(0)] "DEBUG: jQuery : 2.2.4", source:  (0)
[2545:2545:0301/205419.435884:INFO:CONSOLE(0)] "DEBUG: -------------------------------", source:  (0)
[2545:2545:0301/205419.472263:INFO:CONSOLE(0)] "DEBUG: For more advanced debugging, install the Ember Inspector from https://chrome.google.com/webstore/detail/ember-inspector/bmdblncegkenkacieihfhpjfppoconhi", source:  (0)
[2545:2545:0301/205430.813541:INFO:CONSOLE(0)] "DEBUG: -------------------------------", source:  (0)
[2545:2545:0301/205430.813751:INFO:CONSOLE(0)] "DEBUG: Ember  : 2.6.2", source:  (0)
[2545:2545:0301/205430.813928:INFO:CONSOLE(0)] "DEBUG: jQuery : 2.2.4", source:  (0)
[2545:2545:0301/205430.814102:INFO:CONSOLE(0)] "DEBUG: -------------------------------", source:  (0)
[2545:2545:0301/205430.850571:INFO:CONSOLE(0)] "DEBUG: For more advanced debugging, install the Ember Inspector from https://chrome.google.com/webstore/detail/ember-inspector/bmdblncegkenkacieihfhpjfppoconhi", source:  (0)
[2545:2545:0301/205442.404287:INFO:CONSOLE(0)] "DEBUG: -------------------------------", source:  (0)
[2545:2545:0301/205442.404500:INFO:CONSOLE(0)] "DEBUG: Ember  : 2.6.2", source:  (0)
[2545:2545:0301/205442.404676:INFO:CONSOLE(0)] "DEBUG: jQuery : 2.2.4", source:  (0)
[2545:2545:0301/205442.404849:INFO:CONSOLE(0)] "DEBUG: -------------------------------", source:  (0)
[2545:2545:0301/205442.441437:INFO:CONSOLE(0)] "DEBUG: For more advanced debugging, install the Ember Inspector from https://chrome.google.com/webstore/detail/ember-inspector/bmdblncegkenkacieihfhpjfppoconhi", source:  (0)
[2545:2545:0301/205454.144498:INFO:CONSOLE(0)] "DEBUG: -------------------------------", source:  (0)
[2545:2545:0301/205454.144711:INFO:CONSOLE(0)] "DEBUG: Ember  : 2.6.2", source:  (0)
[2545:2545:0301/205454.144887:INFO:CONSOLE(0)] "DEBUG: jQuery : 2.2.4", source:  (0)
[2545:2545:0301/205454.145068:INFO:CONSOLE(0)] "DEBUG: -------------------------------", source:  (0)
[2545:2545:0301/205454.181925:INFO:CONSOLE(0)] "DEBUG: For more advanced debugging, install the Ember Inspector from https://chrome.google.com/webstore/detail/ember-inspector/bmdblncegkenkacieihfhpjfppoconhi", source:  (0)
[2545:2545:0301/205506.112680:INFO:CONSOLE(0)] "DEBUG: -------------------------------", source:  (0)
[2545:2545:0301/205506.112888:INFO:CONSOLE(0)] "DEBUG: Ember  : 2.6.2", source:  (0)
[2545:2545:0301/205506.113065:INFO:CONSOLE(0)] "DEBUG: jQuery : 2.2.4", source:  (0)
[2545:2545:0301/205506.113237:INFO:CONSOLE(0)] "DEBUG: -------------------------------", source:  (0)
[2545:2545:0301/205506.150391:INFO:CONSOLE(0)] "DEBUG: For more advanced debugging, install the Ember Inspector from https://chrome.google.com/webstore/detail/ember-inspector/bmdblncegkenkacieihfhpjfppoconhi", source:  (0)
[2545:2545:0301/205518.286048:INFO:CONSOLE(0)] "DEBUG: -------------------------------", source:  (0)
[2545:2545:0301/205518.286272:INFO:CONSOLE(0)] "DEBUG: Ember  : 2.6.2", source:  (0)
[2545:2545:0301/205518.286450:INFO:CONSOLE(0)] "DEBUG: jQuery : 2.2.4", source:  (0)
[2545:2545:0301/205518.286630:INFO:CONSOLE(0)] "DEBUG: -------------------------------", source:  (0)
[2545:2545:0301/205518.323539:INFO:CONSOLE(0)] "DEBUG: For more advanced debugging, install the Ember Inspector from https://chrome.google.com/webstore/detail/ember-inspector/bmdblncegkenkacieihfhpjfppoconhi", source:  (0)
[2545:2545:0301/205530.643558:INFO:CONSOLE(0)] "DEBUG: -------------------------------", source:  (0)
[2545:2545:0301/205530.643781:INFO:CONSOLE(0)] "DEBUG: Ember  : 2.6.2", source:  (0)
[2545:2545:0301/205530.643958:INFO:CONSOLE(0)] "DEBUG: jQuery : 2.2.4", source:  (0)
[2545:2545:0301/205530.644132:INFO:CONSOLE(0)] "DEBUG: -------------------------------", source:  (0)
[2545:2545:0301/205530.681577:INFO:CONSOLE(0)] "DEBUG: For more advanced debugging, install the Ember Inspector from https://chrome.google.com/webstore/detail/ember-inspector/bmdblncegkenkacieihfhpjfppoconhi", source:  (0)
