[3039:3039:0301/210027.949531:WARNING:chrome_main_delegate.cc(618)] This is Chrome version 112.0.5572.0 (not a warning)
[3039:3053:0301/210028.128247:ERROR:bus.cc(399)] Failed to connect to the bus: Could not parse server address: Unknown address type (examples of valid types are "tcp" and on UNIX "unix")
[3039:3053:0301/210028.128277:ERROR:bus.cc(399)] Failed to connect to the bus: Could not parse server address: Unknown address type (examples of valid types are "tcp" and on UNIX "unix")
[3039:3039:0301/210028.161216:WARNING:account_consistency_mode_manager.cc(70)] Desktop Identity Consistency cannot be enabled as no OAuth client ID and client secret have been configured.
[3039:3053:0301/210028.168986:ERROR:bus.cc(399)] Failed to connect to the bus: Could not parse server address: Unknown address type (examples of valid types are "tcp" and on UNIX "unix")
[3039:3053:0301/210028.169018:ERROR:bus.cc(399)] Failed to connect to the bus: Could not parse server address: Unknown address type (examples of valid types are "tcp" and on UNIX "unix")
[3039:3039:0301/210028.367091:WARNING:bluez_dbus_manager.cc(247)] Floss manager not present, cannot set Floss enable/disable.
[3039:3130:0301/210028.442970:ERROR:object_proxy.cc(623)] Failed to call method: org.freedesktop.DBus.Properties.Get: object_path= /org/freedesktop/UPower: org.freedesktop.DBus.Error.ServiceUnknown: The name org.freedesktop.UPower was not provided by any .service files
[3039:3130:0301/210028.442990:WARNING:property.cc(144)] DaemonVersion: GetAndBlock: failed.
[3039:3130:0301/210028.443097:ERROR:object_proxy.cc(623)] Failed to call method: org.freedesktop.UPower.GetDisplayDevice: object_path= /org/freedesktop/UPower: org.freedesktop.DBus.Error.ServiceUnknown: The name org.freedesktop.UPower was not provided by any .service files
[3039:3130:0301/210028.443195:ERROR:object_proxy.cc(623)] Failed to call method: org.freedesktop.UPower.EnumerateDevices: object_path= /org/freedesktop/UPower: org.freedesktop.DBus.Error.ServiceUnknown: The name org.freedesktop.UPower was not provided by any .service files
[3039:3053:0301/210028.601747:ERROR:bus.cc(399)] Failed to connect to the bus: Could not parse server address: Unknown address type (examples of valid types are "tcp" and on UNIX "unix")
[3039:3053:0301/210028.627889:ERROR:bus.cc(399)] Failed to connect to the bus: Could not parse server address: Unknown address type (examples of valid types are "tcp" and on UNIX "unix")
[3039:3039:0301/210032.060947:INFO:optimization_guide_logger.cc(42)] ../../components/optimization_guide/core/hints_manager.cc(523) Hint cache initialized
[3039:3039:0301/210032.359098:INFO:optimization_guide_logger.cc(42)] ../../components/optimization_guide/content/browser/page_content_annotations_service.cc(309) PageContentAnnotationJob Result: BatchAnnotationResult{"Speedometer 2.1 Interactive Runner", type: ContentVisibility, output: nullopt}
[3039:3039:0301/210032.359175:INFO:optimization_guide_logger.cc(42)] ../../components/optimization_guide/content/browser/page_content_annotations_service.cc(309) PageContentAnnotationJob Result: BatchAnnotationResult{"Speedometer 2.1 Interactive Runner", type: PageEntities, output: nullopt}
[3039:3039:0301/210040.050131:INFO:CONSOLE(0)] "DEBUG: -------------------------------", source:  (0)
[3039:3039:0301/210040.050346:INFO:CONSOLE(0)] "DEBUG: Ember  : 2.6.2", source:  (0)
[3039:3039:0301/210040.050522:INFO:CONSOLE(0)] "DEBUG: jQuery : 2.2.4", source:  (0)
[3039:3039:0301/210040.050694:INFO:CONSOLE(0)] "DEBUG: -------------------------------", source:  (0)
[3039:3039:0301/210040.137657:INFO:CONSOLE(0)] "DEBUG: For more advanced debugging, install the Ember Inspector from https://chrome.google.com/webstore/detail/ember-inspector/bmdblncegkenkacieihfhpjfppoconhi", source:  (0)
[3039:3039:0301/210059.655230:INFO:CONSOLE(0)] "DEBUG: -------------------------------", source:  (0)
[3039:3039:0301/210059.655429:INFO:CONSOLE(0)] "DEBUG: Ember  : 2.6.2", source:  (0)
[3039:3039:0301/210059.655602:INFO:CONSOLE(0)] "DEBUG: jQuery : 2.2.4", source:  (0)
[3039:3039:0301/210059.655774:INFO:CONSOLE(0)] "DEBUG: -------------------------------", source:  (0)
[3039:3039:0301/210059.691760:INFO:CONSOLE(0)] "DEBUG: For more advanced debugging, install the Ember Inspector from https://chrome.google.com/webstore/detail/ember-inspector/bmdblncegkenkacieihfhpjfppoconhi", source:  (0)
[3039:3039:0301/210110.653254:INFO:CONSOLE(0)] "DEBUG: -------------------------------", source:  (0)
[3039:3039:0301/210110.653462:INFO:CONSOLE(0)] "DEBUG: Ember  : 2.6.2", source:  (0)
[3039:3039:0301/210110.653636:INFO:CONSOLE(0)] "DEBUG: jQuery : 2.2.4", source:  (0)
[3039:3039:0301/210110.653808:INFO:CONSOLE(0)] "DEBUG: -------------------------------", source:  (0)
[3039:3039:0301/210110.689903:INFO:CONSOLE(0)] "DEBUG: For more advanced debugging, install the Ember Inspector from https://chrome.google.com/webstore/detail/ember-inspector/bmdblncegkenkacieihfhpjfppoconhi", source:  (0)
[3039:3039:0301/210121.705487:INFO:CONSOLE(0)] "DEBUG: -------------------------------", source:  (0)
[3039:3039:0301/210121.705697:INFO:CONSOLE(0)] "DEBUG: Ember  : 2.6.2", source:  (0)
[3039:3039:0301/210121.705871:INFO:CONSOLE(0)] "DEBUG: jQuery : 2.2.4", source:  (0)
[3039:3039:0301/210121.706042:INFO:CONSOLE(0)] "DEBUG: -------------------------------", source:  (0)
[3039:3039:0301/210121.742533:INFO:CONSOLE(0)] "DEBUG: For more advanced debugging, install the Ember Inspector from https://chrome.google.com/webstore/detail/ember-inspector/bmdblncegkenkacieihfhpjfppoconhi", source:  (0)
[3039:3039:0301/210132.896146:INFO:CONSOLE(0)] "DEBUG: -------------------------------", source:  (0)
[3039:3039:0301/210132.896366:INFO:CONSOLE(0)] "DEBUG: Ember  : 2.6.2", source:  (0)
[3039:3039:0301/210132.896544:INFO:CONSOLE(0)] "DEBUG: jQuery : 2.2.4", source:  (0)
[3039:3039:0301/210132.896717:INFO:CONSOLE(0)] "DEBUG: -------------------------------", source:  (0)
[3039:3039:0301/210132.932799:INFO:CONSOLE(0)] "DEBUG: For more advanced debugging, install the Ember Inspector from https://chrome.google.com/webstore/detail/ember-inspector/bmdblncegkenkacieihfhpjfppoconhi", source:  (0)
[3039:3039:0301/210144.295263:INFO:CONSOLE(0)] "DEBUG: -------------------------------", source:  (0)
[3039:3039:0301/210144.295470:INFO:CONSOLE(0)] "DEBUG: Ember  : 2.6.2", source:  (0)
[3039:3039:0301/210144.295644:INFO:CONSOLE(0)] "DEBUG: jQuery : 2.2.4", source:  (0)
[3039:3039:0301/210144.295816:INFO:CONSOLE(0)] "DEBUG: -------------------------------", source:  (0)
[3039:3039:0301/210144.332443:INFO:CONSOLE(0)] "DEBUG: For more advanced debugging, install the Ember Inspector from https://chrome.google.com/webstore/detail/ember-inspector/bmdblncegkenkacieihfhpjfppoconhi", source:  (0)
[3039:3039:0301/210155.730560:INFO:CONSOLE(0)] "DEBUG: -------------------------------", source:  (0)
[3039:3039:0301/210155.730769:INFO:CONSOLE(0)] "DEBUG: Ember  : 2.6.2", source:  (0)
[3039:3039:0301/210155.730944:INFO:CONSOLE(0)] "DEBUG: jQuery : 2.2.4", source:  (0)
[3039:3039:0301/210155.731117:INFO:CONSOLE(0)] "DEBUG: -------------------------------", source:  (0)
[3039:3039:0301/210155.767640:INFO:CONSOLE(0)] "DEBUG: For more advanced debugging, install the Ember Inspector from https://chrome.google.com/webstore/detail/ember-inspector/bmdblncegkenkacieihfhpjfppoconhi", source:  (0)
[3039:3039:0301/210207.435693:INFO:CONSOLE(0)] "DEBUG: -------------------------------", source:  (0)
[3039:3039:0301/210207.435906:INFO:CONSOLE(0)] "DEBUG: Ember  : 2.6.2", source:  (0)
[3039:3039:0301/210207.436081:INFO:CONSOLE(0)] "DEBUG: jQuery : 2.2.4", source:  (0)
[3039:3039:0301/210207.436253:INFO:CONSOLE(0)] "DEBUG: -------------------------------", source:  (0)
[3039:3039:0301/210207.472681:INFO:CONSOLE(0)] "DEBUG: For more advanced debugging, install the Ember Inspector from https://chrome.google.com/webstore/detail/ember-inspector/bmdblncegkenkacieihfhpjfppoconhi", source:  (0)
[3039:3039:0301/210219.371362:INFO:CONSOLE(0)] "DEBUG: -------------------------------", source:  (0)
[3039:3039:0301/210219.371576:INFO:CONSOLE(0)] "DEBUG: Ember  : 2.6.2", source:  (0)
[3039:3039:0301/210219.371752:INFO:CONSOLE(0)] "DEBUG: jQuery : 2.2.4", source:  (0)
[3039:3039:0301/210219.371931:INFO:CONSOLE(0)] "DEBUG: -------------------------------", source:  (0)
[3039:3039:0301/210219.408498:INFO:CONSOLE(0)] "DEBUG: For more advanced debugging, install the Ember Inspector from https://chrome.google.com/webstore/detail/ember-inspector/bmdblncegkenkacieihfhpjfppoconhi", source:  (0)
[3039:3039:0301/210231.316036:INFO:CONSOLE(0)] "DEBUG: -------------------------------", source:  (0)
[3039:3039:0301/210231.316244:INFO:CONSOLE(0)] "DEBUG: Ember  : 2.6.2", source:  (0)
[3039:3039:0301/210231.316418:INFO:CONSOLE(0)] "DEBUG: jQuery : 2.2.4", source:  (0)
[3039:3039:0301/210231.316597:INFO:CONSOLE(0)] "DEBUG: -------------------------------", source:  (0)
[3039:3039:0301/210231.353496:INFO:CONSOLE(0)] "DEBUG: For more advanced debugging, install the Ember Inspector from https://chrome.google.com/webstore/detail/ember-inspector/bmdblncegkenkacieihfhpjfppoconhi", source:  (0)
