[8848:8848:0301/221958.414005:WARNING:chrome_main_delegate.cc(618)] This is Chrome version 112.0.5572.0 (not a warning)
[8848:8863:0301/221958.572968:ERROR:bus.cc(399)] Failed to connect to the bus: Could not parse server address: Unknown address type (examples of valid types are "tcp" and on UNIX "unix")
[8848:8863:0301/221958.573000:ERROR:bus.cc(399)] Failed to connect to the bus: Could not parse server address: Unknown address type (examples of valid types are "tcp" and on UNIX "unix")
[8848:8848:0301/221958.609599:WARNING:account_consistency_mode_manager.cc(70)] Desktop Identity Consistency cannot be enabled as no OAuth client ID and client secret have been configured.
[8848:8863:0301/221958.617797:ERROR:bus.cc(399)] Failed to connect to the bus: Could not parse server address: Unknown address type (examples of valid types are "tcp" and on UNIX "unix")
[8848:8863:0301/221958.617828:ERROR:bus.cc(399)] Failed to connect to the bus: Could not parse server address: Unknown address type (examples of valid types are "tcp" and on UNIX "unix")
[8848:8848:0301/221958.862832:WARNING:bluez_dbus_manager.cc(247)] Floss manager not present, cannot set Floss enable/disable.
[8848:8938:0301/221958.898095:ERROR:object_proxy.cc(623)] Failed to call method: org.freedesktop.DBus.Properties.Get: object_path= /org/freedesktop/UPower: org.freedesktop.DBus.Error.ServiceUnknown: The name org.freedesktop.UPower was not provided by any .service files
[8848:8938:0301/221958.898117:WARNING:property.cc(144)] DaemonVersion: GetAndBlock: failed.
[8848:8938:0301/221958.899162:ERROR:object_proxy.cc(623)] Failed to call method: org.freedesktop.UPower.GetDisplayDevice: object_path= /org/freedesktop/UPower: org.freedesktop.DBus.Error.ServiceUnknown: The name org.freedesktop.UPower was not provided by any .service files
[8848:8938:0301/221958.899283:ERROR:object_proxy.cc(623)] Failed to call method: org.freedesktop.UPower.EnumerateDevices: object_path= /org/freedesktop/UPower: org.freedesktop.DBus.Error.ServiceUnknown: The name org.freedesktop.UPower was not provided by any .service files
[8848:8863:0301/221959.034482:ERROR:bus.cc(399)] Failed to connect to the bus: Could not parse server address: Unknown address type (examples of valid types are "tcp" and on UNIX "unix")
[8848:8863:0301/221959.034515:ERROR:bus.cc(399)] Failed to connect to the bus: Could not parse server address: Unknown address type (examples of valid types are "tcp" and on UNIX "unix")
[8848:8848:0301/222002.476630:INFO:optimization_guide_logger.cc(42)] ../../components/optimization_guide/core/hints_manager.cc(523) Hint cache initialized
[8848:8848:0301/222002.822975:INFO:optimization_guide_logger.cc(42)] ../../components/optimization_guide/content/browser/page_content_annotations_service.cc(309) PageContentAnnotationJob Result: BatchAnnotationResult{"Speedometer 2.1 Interactive Runner", type: ContentVisibility, output: nullopt}
[8848:8848:0301/222002.836075:INFO:optimization_guide_logger.cc(42)] ../../components/optimization_guide/content/browser/page_content_annotations_service.cc(309) PageContentAnnotationJob Result: BatchAnnotationResult{"Speedometer 2.1 Interactive Runner", type: PageEntities, output: nullopt}
[8848:8848:0301/222010.882502:INFO:CONSOLE(0)] "DEBUG: -------------------------------", source:  (0)
[8848:8848:0301/222010.882714:INFO:CONSOLE(0)] "DEBUG: Ember  : 2.6.2", source:  (0)
[8848:8848:0301/222010.882890:INFO:CONSOLE(0)] "DEBUG: jQuery : 2.2.4", source:  (0)
[8848:8848:0301/222010.883062:INFO:CONSOLE(0)] "DEBUG: -------------------------------", source:  (0)
[8848:8848:0301/222010.970890:INFO:CONSOLE(0)] "DEBUG: For more advanced debugging, install the Ember Inspector from https://chrome.google.com/webstore/detail/ember-inspector/bmdblncegkenkacieihfhpjfppoconhi", source:  (0)
[8848:8848:0301/222026.859331:INFO:CONSOLE(0)] "DEBUG: -------------------------------", source:  (0)
[8848:8848:0301/222026.859537:INFO:CONSOLE(0)] "DEBUG: Ember  : 2.6.2", source:  (0)
[8848:8848:0301/222026.859711:INFO:CONSOLE(0)] "DEBUG: jQuery : 2.2.4", source:  (0)
[8848:8848:0301/222026.859883:INFO:CONSOLE(0)] "DEBUG: -------------------------------", source:  (0)
[8848:8848:0301/222026.895878:INFO:CONSOLE(0)] "DEBUG: For more advanced debugging, install the Ember Inspector from https://chrome.google.com/webstore/detail/ember-inspector/bmdblncegkenkacieihfhpjfppoconhi", source:  (0)
[8848:8848:0301/222037.802229:INFO:CONSOLE(0)] "DEBUG: -------------------------------", source:  (0)
[8848:8848:0301/222037.802444:INFO:CONSOLE(0)] "DEBUG: Ember  : 2.6.2", source:  (0)
[8848:8848:0301/222037.802619:INFO:CONSOLE(0)] "DEBUG: jQuery : 2.2.4", source:  (0)
[8848:8848:0301/222037.802792:INFO:CONSOLE(0)] "DEBUG: -------------------------------", source:  (0)
[8848:8848:0301/222037.838932:INFO:CONSOLE(0)] "DEBUG: For more advanced debugging, install the Ember Inspector from https://chrome.google.com/webstore/detail/ember-inspector/bmdblncegkenkacieihfhpjfppoconhi", source:  (0)
[8848:8848:0301/222048.872299:INFO:CONSOLE(0)] "DEBUG: -------------------------------", source:  (0)
[8848:8848:0301/222048.872518:INFO:CONSOLE(0)] "DEBUG: Ember  : 2.6.2", source:  (0)
[8848:8848:0301/222048.872694:INFO:CONSOLE(0)] "DEBUG: jQuery : 2.2.4", source:  (0)
[8848:8848:0301/222048.872868:INFO:CONSOLE(0)] "DEBUG: -------------------------------", source:  (0)
[8848:8848:0301/222048.908867:INFO:CONSOLE(0)] "DEBUG: For more advanced debugging, install the Ember Inspector from https://chrome.google.com/webstore/detail/ember-inspector/bmdblncegkenkacieihfhpjfppoconhi", source:  (0)
[8848:8848:0301/222100.059204:INFO:CONSOLE(0)] "DEBUG: -------------------------------", source:  (0)
[8848:8848:0301/222100.059414:INFO:CONSOLE(0)] "DEBUG: Ember  : 2.6.2", source:  (0)
[8848:8848:0301/222100.059590:INFO:CONSOLE(0)] "DEBUG: jQuery : 2.2.4", source:  (0)
[8848:8848:0301/222100.059762:INFO:CONSOLE(0)] "DEBUG: -------------------------------", source:  (0)
[8848:8848:0301/222100.096041:INFO:CONSOLE(0)] "DEBUG: For more advanced debugging, install the Ember Inspector from https://chrome.google.com/webstore/detail/ember-inspector/bmdblncegkenkacieihfhpjfppoconhi", source:  (0)
[8848:8848:0301/222111.464176:INFO:CONSOLE(0)] "DEBUG: -------------------------------", source:  (0)
[8848:8848:0301/222111.464391:INFO:CONSOLE(0)] "DEBUG: Ember  : 2.6.2", source:  (0)
[8848:8848:0301/222111.464567:INFO:CONSOLE(0)] "DEBUG: jQuery : 2.2.4", source:  (0)
[8848:8848:0301/222111.464740:INFO:CONSOLE(0)] "DEBUG: -------------------------------", source:  (0)
[8848:8848:0301/222111.501056:INFO:CONSOLE(0)] "DEBUG: For more advanced debugging, install the Ember Inspector from https://chrome.google.com/webstore/detail/ember-inspector/bmdblncegkenkacieihfhpjfppoconhi", source:  (0)
[8848:8848:0301/222122.984643:INFO:CONSOLE(0)] "DEBUG: -------------------------------", source:  (0)
[8848:8848:0301/222122.984853:INFO:CONSOLE(0)] "DEBUG: Ember  : 2.6.2", source:  (0)
[8848:8848:0301/222122.985028:INFO:CONSOLE(0)] "DEBUG: jQuery : 2.2.4", source:  (0)
[8848:8848:0301/222122.985201:INFO:CONSOLE(0)] "DEBUG: -------------------------------", source:  (0)
[8848:8848:0301/222123.021539:INFO:CONSOLE(0)] "DEBUG: For more advanced debugging, install the Ember Inspector from https://chrome.google.com/webstore/detail/ember-inspector/bmdblncegkenkacieihfhpjfppoconhi", source:  (0)
[8848:8848:0301/222134.601688:INFO:CONSOLE(0)] "DEBUG: -------------------------------", source:  (0)
[8848:8848:0301/222134.601901:INFO:CONSOLE(0)] "DEBUG: Ember  : 2.6.2", source:  (0)
[8848:8848:0301/222134.602077:INFO:CONSOLE(0)] "DEBUG: jQuery : 2.2.4", source:  (0)
[8848:8848:0301/222134.602255:INFO:CONSOLE(0)] "DEBUG: -------------------------------", source:  (0)
[8848:8848:0301/222134.638861:INFO:CONSOLE(0)] "DEBUG: For more advanced debugging, install the Ember Inspector from https://chrome.google.com/webstore/detail/ember-inspector/bmdblncegkenkacieihfhpjfppoconhi", source:  (0)
[8848:8848:0301/222146.409629:INFO:CONSOLE(0)] "DEBUG: -------------------------------", source:  (0)
[8848:8848:0301/222146.409837:INFO:CONSOLE(0)] "DEBUG: Ember  : 2.6.2", source:  (0)
[8848:8848:0301/222146.410012:INFO:CONSOLE(0)] "DEBUG: jQuery : 2.2.4", source:  (0)
[8848:8848:0301/222146.410192:INFO:CONSOLE(0)] "DEBUG: -------------------------------", source:  (0)
[8848:8848:0301/222146.447244:INFO:CONSOLE(0)] "DEBUG: For more advanced debugging, install the Ember Inspector from https://chrome.google.com/webstore/detail/ember-inspector/bmdblncegkenkacieihfhpjfppoconhi", source:  (0)
[8848:8848:0301/222158.303121:INFO:CONSOLE(0)] "DEBUG: -------------------------------", source:  (0)
[8848:8848:0301/222158.303351:INFO:CONSOLE(0)] "DEBUG: Ember  : 2.6.2", source:  (0)
[8848:8848:0301/222158.303529:INFO:CONSOLE(0)] "DEBUG: jQuery : 2.2.4", source:  (0)
[8848:8848:0301/222158.303702:INFO:CONSOLE(0)] "DEBUG: -------------------------------", source:  (0)
[8848:8848:0301/222158.340664:INFO:CONSOLE(0)] "DEBUG: For more advanced debugging, install the Ember Inspector from https://chrome.google.com/webstore/detail/ember-inspector/bmdblncegkenkacieihfhpjfppoconhi", source:  (0)
