[9174:9174:0301/222437.745648:WARNING:chrome_main_delegate.cc(618)] This is Chrome version 112.0.5572.0 (not a warning)
[9174:9189:0301/222437.903932:ERROR:bus.cc(399)] Failed to connect to the bus: Could not parse server address: Unknown address type (examples of valid types are "tcp" and on UNIX "unix")
[9174:9189:0301/222437.903964:ERROR:bus.cc(399)] Failed to connect to the bus: Could not parse server address: Unknown address type (examples of valid types are "tcp" and on UNIX "unix")
[9174:9174:0301/222437.938724:WARNING:account_consistency_mode_manager.cc(70)] Desktop Identity Consistency cannot be enabled as no OAuth client ID and client secret have been configured.
[9174:9189:0301/222437.945839:ERROR:bus.cc(399)] Failed to connect to the bus: Could not parse server address: Unknown address type (examples of valid types are "tcp" and on UNIX "unix")
[9174:9189:0301/222437.945872:ERROR:bus.cc(399)] Failed to connect to the bus: Could not parse server address: Unknown address type (examples of valid types are "tcp" and on UNIX "unix")
[9174:9174:0301/222438.119291:WARNING:bluez_dbus_manager.cc(247)] Floss manager not present, cannot set Floss enable/disable.
[9174:9265:0301/222438.211940:ERROR:object_proxy.cc(623)] Failed to call method: org.freedesktop.DBus.Properties.Get: object_path= /org/freedesktop/UPower: org.freedesktop.DBus.Error.ServiceUnknown: The name org.freedesktop.UPower was not provided by any .service files
[9174:9265:0301/222438.211964:WARNING:property.cc(144)] DaemonVersion: GetAndBlock: failed.
[9174:9265:0301/222438.212120:ERROR:object_proxy.cc(623)] Failed to call method: org.freedesktop.UPower.GetDisplayDevice: object_path= /org/freedesktop/UPower: org.freedesktop.DBus.Error.ServiceUnknown: The name org.freedesktop.UPower was not provided by any .service files
[9174:9265:0301/222438.212234:ERROR:object_proxy.cc(623)] Failed to call method: org.freedesktop.UPower.EnumerateDevices: object_path= /org/freedesktop/UPower: org.freedesktop.DBus.Error.ServiceUnknown: The name org.freedesktop.UPower was not provided by any .service files
[9174:9189:0301/222438.432387:ERROR:bus.cc(399)] Failed to connect to the bus: Could not parse server address: Unknown address type (examples of valid types are "tcp" and on UNIX "unix")
[9174:9189:0301/222438.457689:ERROR:bus.cc(399)] Failed to connect to the bus: Could not parse server address: Unknown address type (examples of valid types are "tcp" and on UNIX "unix")
[9174:9174:0301/222442.163924:INFO:optimization_guide_logger.cc(42)] ../../components/optimization_guide/content/browser/page_content_annotations_service.cc(309) PageContentAnnotationJob Result: BatchAnnotationResult{"Speedometer 2.1 Interactive Runner", type: ContentVisibility, output: nullopt}
[9174:9174:0301/222442.163996:INFO:optimization_guide_logger.cc(42)] ../../components/optimization_guide/content/browser/page_content_annotations_service.cc(309) PageContentAnnotationJob Result: BatchAnnotationResult{"Speedometer 2.1 Interactive Runner", type: PageEntities, output: nullopt}
[9174:9174:0301/222442.200019:INFO:optimization_guide_logger.cc(42)] ../../components/optimization_guide/core/hints_manager.cc(523) Hint cache initialized
[9174:9174:0301/222452.061552:INFO:CONSOLE(0)] "DEBUG: -------------------------------", source:  (0)
[9174:9174:0301/222452.061762:INFO:CONSOLE(0)] "DEBUG: Ember  : 2.6.2", source:  (0)
[9174:9174:0301/222452.061939:INFO:CONSOLE(0)] "DEBUG: jQuery : 2.2.4", source:  (0)
[9174:9174:0301/222452.062108:INFO:CONSOLE(0)] "DEBUG: -------------------------------", source:  (0)
[9174:9174:0301/222452.149038:INFO:CONSOLE(0)] "DEBUG: For more advanced debugging, install the Ember Inspector from https://chrome.google.com/webstore/detail/ember-inspector/bmdblncegkenkacieihfhpjfppoconhi", source:  (0)
[9174:9174:0301/222507.758133:INFO:CONSOLE(0)] "DEBUG: -------------------------------", source:  (0)
[9174:9174:0301/222507.758338:INFO:CONSOLE(0)] "DEBUG: Ember  : 2.6.2", source:  (0)
[9174:9174:0301/222507.758515:INFO:CONSOLE(0)] "DEBUG: jQuery : 2.2.4", source:  (0)
[9174:9174:0301/222507.758686:INFO:CONSOLE(0)] "DEBUG: -------------------------------", source:  (0)
[9174:9174:0301/222507.795065:INFO:CONSOLE(0)] "DEBUG: For more advanced debugging, install the Ember Inspector from https://chrome.google.com/webstore/detail/ember-inspector/bmdblncegkenkacieihfhpjfppoconhi", source:  (0)
[9174:9174:0301/222518.799751:INFO:CONSOLE(0)] "DEBUG: -------------------------------", source:  (0)
[9174:9174:0301/222518.799964:INFO:CONSOLE(0)] "DEBUG: Ember  : 2.6.2", source:  (0)
[9174:9174:0301/222518.800139:INFO:CONSOLE(0)] "DEBUG: jQuery : 2.2.4", source:  (0)
[9174:9174:0301/222518.800311:INFO:CONSOLE(0)] "DEBUG: -------------------------------", source:  (0)
[9174:9174:0301/222518.836083:INFO:CONSOLE(0)] "DEBUG: For more advanced debugging, install the Ember Inspector from https://chrome.google.com/webstore/detail/ember-inspector/bmdblncegkenkacieihfhpjfppoconhi", source:  (0)
[9174:9174:0301/222529.797216:INFO:CONSOLE(0)] "DEBUG: -------------------------------", source:  (0)
[9174:9174:0301/222529.797426:INFO:CONSOLE(0)] "DEBUG: Ember  : 2.6.2", source:  (0)
[9174:9174:0301/222529.797601:INFO:CONSOLE(0)] "DEBUG: jQuery : 2.2.4", source:  (0)
[9174:9174:0301/222529.797773:INFO:CONSOLE(0)] "DEBUG: -------------------------------", source:  (0)
[9174:9174:0301/222529.833962:INFO:CONSOLE(0)] "DEBUG: For more advanced debugging, install the Ember Inspector from https://chrome.google.com/webstore/detail/ember-inspector/bmdblncegkenkacieihfhpjfppoconhi", source:  (0)
[9174:9174:0301/222541.000252:INFO:CONSOLE(0)] "DEBUG: -------------------------------", source:  (0)
[9174:9174:0301/222541.000465:INFO:CONSOLE(0)] "DEBUG: Ember  : 2.6.2", source:  (0)
[9174:9174:0301/222541.000641:INFO:CONSOLE(0)] "DEBUG: jQuery : 2.2.4", source:  (0)
[9174:9174:0301/222541.000813:INFO:CONSOLE(0)] "DEBUG: -------------------------------", source:  (0)
[9174:9174:0301/222541.037246:INFO:CONSOLE(0)] "DEBUG: For more advanced debugging, install the Ember Inspector from https://chrome.google.com/webstore/detail/ember-inspector/bmdblncegkenkacieihfhpjfppoconhi", source:  (0)
[9174:9174:0301/222552.396819:INFO:CONSOLE(0)] "DEBUG: -------------------------------", source:  (0)
[9174:9174:0301/222552.397030:INFO:CONSOLE(0)] "DEBUG: Ember  : 2.6.2", source:  (0)
[9174:9174:0301/222552.397204:INFO:CONSOLE(0)] "DEBUG: jQuery : 2.2.4", source:  (0)
[9174:9174:0301/222552.397382:INFO:CONSOLE(0)] "DEBUG: -------------------------------", source:  (0)
[9174:9174:0301/222552.433889:INFO:CONSOLE(0)] "DEBUG: For more advanced debugging, install the Ember Inspector from https://chrome.google.com/webstore/detail/ember-inspector/bmdblncegkenkacieihfhpjfppoconhi", source:  (0)
[9174:9174:0301/222603.958552:INFO:CONSOLE(0)] "DEBUG: -------------------------------", source:  (0)
[9174:9174:0301/222603.958764:INFO:CONSOLE(0)] "DEBUG: Ember  : 2.6.2", source:  (0)
[9174:9174:0301/222603.958940:INFO:CONSOLE(0)] "DEBUG: jQuery : 2.2.4", source:  (0)
[9174:9174:0301/222603.959237:INFO:CONSOLE(0)] "DEBUG: -------------------------------", source:  (0)
[9174:9174:0301/222603.995486:INFO:CONSOLE(0)] "DEBUG: For more advanced debugging, install the Ember Inspector from https://chrome.google.com/webstore/detail/ember-inspector/bmdblncegkenkacieihfhpjfppoconhi", source:  (0)
[9174:9174:0301/222615.668255:INFO:CONSOLE(0)] "DEBUG: -------------------------------", source:  (0)
[9174:9174:0301/222615.668463:INFO:CONSOLE(0)] "DEBUG: Ember  : 2.6.2", source:  (0)
[9174:9174:0301/222615.668638:INFO:CONSOLE(0)] "DEBUG: jQuery : 2.2.4", source:  (0)
[9174:9174:0301/222615.668810:INFO:CONSOLE(0)] "DEBUG: -------------------------------", source:  (0)
[9174:9174:0301/222615.705690:INFO:CONSOLE(0)] "DEBUG: For more advanced debugging, install the Ember Inspector from https://chrome.google.com/webstore/detail/ember-inspector/bmdblncegkenkacieihfhpjfppoconhi", source:  (0)
[9174:9174:0301/222627.461304:INFO:CONSOLE(0)] "DEBUG: -------------------------------", source:  (0)
[9174:9174:0301/222627.461514:INFO:CONSOLE(0)] "DEBUG: Ember  : 2.6.2", source:  (0)
[9174:9174:0301/222627.461689:INFO:CONSOLE(0)] "DEBUG: jQuery : 2.2.4", source:  (0)
[9174:9174:0301/222627.461876:INFO:CONSOLE(0)] "DEBUG: -------------------------------", source:  (0)
[9174:9174:0301/222627.499097:INFO:CONSOLE(0)] "DEBUG: For more advanced debugging, install the Ember Inspector from https://chrome.google.com/webstore/detail/ember-inspector/bmdblncegkenkacieihfhpjfppoconhi", source:  (0)
[9174:9174:0301/222639.472750:INFO:CONSOLE(0)] "DEBUG: -------------------------------", source:  (0)
[9174:9174:0301/222639.472963:INFO:CONSOLE(0)] "DEBUG: Ember  : 2.6.2", source:  (0)
[9174:9174:0301/222639.473137:INFO:CONSOLE(0)] "DEBUG: jQuery : 2.2.4", source:  (0)
[9174:9174:0301/222639.473310:INFO:CONSOLE(0)] "DEBUG: -------------------------------", source:  (0)
[9174:9174:0301/222639.510177:INFO:CONSOLE(0)] "DEBUG: For more advanced debugging, install the Ember Inspector from https://chrome.google.com/webstore/detail/ember-inspector/bmdblncegkenkacieihfhpjfppoconhi", source:  (0)
