[2383:2383:0301/205104.640175:WARNING:chrome_main_delegate.cc(618)] This is Chrome version 112.0.5572.0 (not a warning)
[2383:2397:0301/205104.814233:ERROR:bus.cc(399)] Failed to connect to the bus: Could not parse server address: Unknown address type (examples of valid types are "tcp" and on UNIX "unix")
[2383:2397:0301/205104.814267:ERROR:bus.cc(399)] Failed to connect to the bus: Could not parse server address: Unknown address type (examples of valid types are "tcp" and on UNIX "unix")
[2383:2383:0301/205104.854629:WARNING:account_consistency_mode_manager.cc(70)] Desktop Identity Consistency cannot be enabled as no OAuth client ID and client secret have been configured.
[2383:2397:0301/205104.861593:ERROR:bus.cc(399)] Failed to connect to the bus: Could not parse server address: Unknown address type (examples of valid types are "tcp" and on UNIX "unix")
[2383:2397:0301/205104.861627:ERROR:bus.cc(399)] Failed to connect to the bus: Could not parse server address: Unknown address type (examples of valid types are "tcp" and on UNIX "unix")
[2383:2383:0301/205105.053237:WARNING:bluez_dbus_manager.cc(247)] Floss manager not present, cannot set Floss enable/disable.
[2383:2471:0301/205105.106356:ERROR:object_proxy.cc(623)] Failed to call method: org.freedesktop.DBus.Properties.Get: object_path= /org/freedesktop/UPower: org.freedesktop.DBus.Error.ServiceUnknown: The name org.freedesktop.UPower was not provided by any .service files
[2383:2471:0301/205105.106379:WARNING:property.cc(144)] DaemonVersion: GetAndBlock: failed.
[2383:2471:0301/205105.106725:ERROR:object_proxy.cc(623)] Failed to call method: org.freedesktop.UPower.GetDisplayDevice: object_path= /org/freedesktop/UPower: org.freedesktop.DBus.Error.ServiceUnknown: The name org.freedesktop.UPower was not provided by any .service files
[2383:2471:0301/205105.108351:ERROR:object_proxy.cc(623)] Failed to call method: org.freedesktop.UPower.EnumerateDevices: object_path= /org/freedesktop/UPower: org.freedesktop.DBus.Error.ServiceUnknown: The name org.freedesktop.UPower was not provided by any .service files
[2383:2397:0301/205105.304201:ERROR:bus.cc(399)] Failed to connect to the bus: Could not parse server address: Unknown address type (examples of valid types are "tcp" and on UNIX "unix")
[2383:2397:0301/205105.304234:ERROR:bus.cc(399)] Failed to connect to the bus: Could not parse server address: Unknown address type (examples of valid types are "tcp" and on UNIX "unix")
[2383:2383:0301/205108.553778:INFO:optimization_guide_logger.cc(42)] ../../components/optimization_guide/core/hints_manager.cc(523) Hint cache initialized
[2383:2383:0301/205108.966941:INFO:optimization_guide_logger.cc(42)] ../../components/optimization_guide/content/browser/page_content_annotations_service.cc(309) PageContentAnnotationJob Result: BatchAnnotationResult{"Speedometer 2.1 Interactive Runner", type: ContentVisibility, output: nullopt}
[2383:2383:0301/205108.967035:INFO:optimization_guide_logger.cc(42)] ../../components/optimization_guide/content/browser/page_content_annotations_service.cc(309) PageContentAnnotationJob Result: BatchAnnotationResult{"Speedometer 2.1 Interactive Runner", type: PageEntities, output: nullopt}
[2383:2383:0301/205116.699187:INFO:CONSOLE(0)] "DEBUG: -------------------------------", source:  (0)
[2383:2383:0301/205116.699399:INFO:CONSOLE(0)] "DEBUG: Ember  : 2.6.2", source:  (0)
[2383:2383:0301/205116.699587:INFO:CONSOLE(0)] "DEBUG: jQuery : 2.2.4", source:  (0)
[2383:2383:0301/205116.699759:INFO:CONSOLE(0)] "DEBUG: -------------------------------", source:  (0)
[2383:2383:0301/205116.786579:INFO:CONSOLE(0)] "DEBUG: For more advanced debugging, install the Ember Inspector from https://chrome.google.com/webstore/detail/ember-inspector/bmdblncegkenkacieihfhpjfppoconhi", source:  (0)
[2383:2383:0301/205135.649679:INFO:CONSOLE(0)] "DEBUG: -------------------------------", source:  (0)
[2383:2383:0301/205135.649879:INFO:CONSOLE(0)] "DEBUG: Ember  : 2.6.2", source:  (0)
[2383:2383:0301/205135.650054:INFO:CONSOLE(0)] "DEBUG: jQuery : 2.2.4", source:  (0)
[2383:2383:0301/205135.650230:INFO:CONSOLE(0)] "DEBUG: -------------------------------", source:  (0)
[2383:2383:0301/205135.686522:INFO:CONSOLE(0)] "DEBUG: For more advanced debugging, install the Ember Inspector from https://chrome.google.com/webstore/detail/ember-inspector/bmdblncegkenkacieihfhpjfppoconhi", source:  (0)
[2383:2383:0301/205146.583577:INFO:CONSOLE(0)] "DEBUG: -------------------------------", source:  (0)
[2383:2383:0301/205146.583791:INFO:CONSOLE(0)] "DEBUG: Ember  : 2.6.2", source:  (0)
[2383:2383:0301/205146.583967:INFO:CONSOLE(0)] "DEBUG: jQuery : 2.2.4", source:  (0)
[2383:2383:0301/205146.584139:INFO:CONSOLE(0)] "DEBUG: -------------------------------", source:  (0)
[2383:2383:0301/205146.620444:INFO:CONSOLE(0)] "DEBUG: For more advanced debugging, install the Ember Inspector from https://chrome.google.com/webstore/detail/ember-inspector/bmdblncegkenkacieihfhpjfppoconhi", source:  (0)
[2383:2383:0301/205157.599882:INFO:CONSOLE(0)] "DEBUG: -------------------------------", source:  (0)
[2383:2383:0301/205157.600103:INFO:CONSOLE(0)] "DEBUG: Ember  : 2.6.2", source:  (0)
[2383:2383:0301/205157.600278:INFO:CONSOLE(0)] "DEBUG: jQuery : 2.2.4", source:  (0)
[2383:2383:0301/205157.600450:INFO:CONSOLE(0)] "DEBUG: -------------------------------", source:  (0)
[2383:2383:0301/205157.636805:INFO:CONSOLE(0)] "DEBUG: For more advanced debugging, install the Ember Inspector from https://chrome.google.com/webstore/detail/ember-inspector/bmdblncegkenkacieihfhpjfppoconhi", source:  (0)
[2383:2383:0301/205208.770829:INFO:CONSOLE(0)] "DEBUG: -------------------------------", source:  (0)
[2383:2383:0301/205208.771042:INFO:CONSOLE(0)] "DEBUG: Ember  : 2.6.2", source:  (0)
[2383:2383:0301/205208.771219:INFO:CONSOLE(0)] "DEBUG: jQuery : 2.2.4", source:  (0)
[2383:2383:0301/205208.771397:INFO:CONSOLE(0)] "DEBUG: -------------------------------", source:  (0)
[2383:2383:0301/205208.807549:INFO:CONSOLE(0)] "DEBUG: For more advanced debugging, install the Ember Inspector from https://chrome.google.com/webstore/detail/ember-inspector/bmdblncegkenkacieihfhpjfppoconhi", source:  (0)
[2383:2383:0301/205220.170088:INFO:CONSOLE(0)] "DEBUG: -------------------------------", source:  (0)
[2383:2383:0301/205220.170301:INFO:CONSOLE(0)] "DEBUG: Ember  : 2.6.2", source:  (0)
[2383:2383:0301/205220.170477:INFO:CONSOLE(0)] "DEBUG: jQuery : 2.2.4", source:  (0)
[2383:2383:0301/205220.170648:INFO:CONSOLE(0)] "DEBUG: -------------------------------", source:  (0)
[2383:2383:0301/205220.207014:INFO:CONSOLE(0)] "DEBUG: For more advanced debugging, install the Ember Inspector from https://chrome.google.com/webstore/detail/ember-inspector/bmdblncegkenkacieihfhpjfppoconhi", source:  (0)
[2383:2383:0301/205231.643836:INFO:CONSOLE(0)] "DEBUG: -------------------------------", source:  (0)
[2383:2383:0301/205231.644044:INFO:CONSOLE(0)] "DEBUG: Ember  : 2.6.2", source:  (0)
[2383:2383:0301/205231.644219:INFO:CONSOLE(0)] "DEBUG: jQuery : 2.2.4", source:  (0)
[2383:2383:0301/205231.644391:INFO:CONSOLE(0)] "DEBUG: -------------------------------", source:  (0)
[2383:2383:0301/205231.681842:INFO:CONSOLE(0)] "DEBUG: For more advanced debugging, install the Ember Inspector from https://chrome.google.com/webstore/detail/ember-inspector/bmdblncegkenkacieihfhpjfppoconhi", source:  (0)
[2383:2383:0301/205243.359152:INFO:CONSOLE(0)] "DEBUG: -------------------------------", source:  (0)
[2383:2383:0301/205243.359359:INFO:CONSOLE(0)] "DEBUG: Ember  : 2.6.2", source:  (0)
[2383:2383:0301/205243.359535:INFO:CONSOLE(0)] "DEBUG: jQuery : 2.2.4", source:  (0)
[2383:2383:0301/205243.359707:INFO:CONSOLE(0)] "DEBUG: -------------------------------", source:  (0)
[2383:2383:0301/205243.396363:INFO:CONSOLE(0)] "DEBUG: For more advanced debugging, install the Ember Inspector from https://chrome.google.com/webstore/detail/ember-inspector/bmdblncegkenkacieihfhpjfppoconhi", source:  (0)
[2383:2383:0301/205255.071202:INFO:CONSOLE(0)] "DEBUG: -------------------------------", source:  (0)
[2383:2383:0301/205255.071414:INFO:CONSOLE(0)] "DEBUG: Ember  : 2.6.2", source:  (0)
[2383:2383:0301/205255.071596:INFO:CONSOLE(0)] "DEBUG: jQuery : 2.2.4", source:  (0)
[2383:2383:0301/205255.071774:INFO:CONSOLE(0)] "DEBUG: -------------------------------", source:  (0)
[2383:2383:0301/205255.108465:INFO:CONSOLE(0)] "DEBUG: For more advanced debugging, install the Ember Inspector from https://chrome.google.com/webstore/detail/ember-inspector/bmdblncegkenkacieihfhpjfppoconhi", source:  (0)
[2383:2383:0301/205306.986260:INFO:CONSOLE(0)] "DEBUG: -------------------------------", source:  (0)
[2383:2383:0301/205306.986465:INFO:CONSOLE(0)] "DEBUG: Ember  : 2.6.2", source:  (0)
[2383:2383:0301/205306.986639:INFO:CONSOLE(0)] "DEBUG: jQuery : 2.2.4", source:  (0)
[2383:2383:0301/205306.986810:INFO:CONSOLE(0)] "DEBUG: -------------------------------", source:  (0)
[2383:2383:0301/205307.024049:INFO:CONSOLE(0)] "DEBUG: For more advanced debugging, install the Ember Inspector from https://chrome.google.com/webstore/detail/ember-inspector/bmdblncegkenkacieihfhpjfppoconhi", source:  (0)
