[19191:19191:0301/130804.627577:WARNING:chrome_main_delegate.cc(618)] This is Chrome version 112.0.5572.0 (not a warning)
[19191:19205:0301/130804.786930:ERROR:bus.cc(399)] Failed to connect to the bus: Could not parse server address: Unknown address type (examples of valid types are "tcp" and on UNIX "unix")
[19191:19205:0301/130804.786960:ERROR:bus.cc(399)] Failed to connect to the bus: Could not parse server address: Unknown address type (examples of valid types are "tcp" and on UNIX "unix")
[19191:19191:0301/130804.825508:WARNING:account_consistency_mode_manager.cc(70)] Desktop Identity Consistency cannot be enabled as no OAuth client ID and client secret have been configured.
[19191:19205:0301/130804.832531:ERROR:bus.cc(399)] Failed to connect to the bus: Could not parse server address: Unknown address type (examples of valid types are "tcp" and on UNIX "unix")
[19191:19205:0301/130804.832569:ERROR:bus.cc(399)] Failed to connect to the bus: Could not parse server address: Unknown address type (examples of valid types are "tcp" and on UNIX "unix")
[19191:19191:0301/130805.037570:WARNING:bluez_dbus_manager.cc(247)] Floss manager not present, cannot set Floss enable/disable.
[19191:19281:0301/130805.065368:ERROR:object_proxy.cc(623)] Failed to call method: org.freedesktop.DBus.Properties.Get: object_path= /org/freedesktop/UPower: org.freedesktop.DBus.Error.ServiceUnknown: The name org.freedesktop.UPower was not provided by any .service files
[19191:19281:0301/130805.090371:WARNING:property.cc(144)] DaemonVersion: GetAndBlock: failed.
[19191:19281:0301/130805.090676:ERROR:object_proxy.cc(623)] Failed to call method: org.freedesktop.UPower.GetDisplayDevice: object_path= /org/freedesktop/UPower: org.freedesktop.DBus.Error.ServiceUnknown: The name org.freedesktop.UPower was not provided by any .service files
[19191:19281:0301/130805.090808:ERROR:object_proxy.cc(623)] Failed to call method: org.freedesktop.UPower.EnumerateDevices: object_path= /org/freedesktop/UPower: org.freedesktop.DBus.Error.ServiceUnknown: The name org.freedesktop.UPower was not provided by any .service files
[19191:19205:0301/130805.300315:ERROR:bus.cc(399)] Failed to connect to the bus: Could not parse server address: Unknown address type (examples of valid types are "tcp" and on UNIX "unix")
[19191:19205:0301/130805.309128:ERROR:bus.cc(399)] Failed to connect to the bus: Could not parse server address: Unknown address type (examples of valid types are "tcp" and on UNIX "unix")
[19191:19191:0301/130808.952041:INFO:optimization_guide_logger.cc(42)] ../../components/optimization_guide/content/browser/page_content_annotations_service.cc(309) PageContentAnnotationJob Result: BatchAnnotationResult{"Speedometer 2.1 Interactive Runner", type: ContentVisibility, output: nullopt}
[19191:19191:0301/130808.952116:INFO:optimization_guide_logger.cc(42)] ../../components/optimization_guide/content/browser/page_content_annotations_service.cc(309) PageContentAnnotationJob Result: BatchAnnotationResult{"Speedometer 2.1 Interactive Runner", type: PageEntities, output: nullopt}
[19191:19191:0301/130809.025826:INFO:optimization_guide_logger.cc(42)] ../../components/optimization_guide/core/hints_manager.cc(523) Hint cache initialized
[19191:19191:0301/130816.577250:INFO:CONSOLE(0)] "DEBUG: -------------------------------", source:  (0)
[19191:19191:0301/130816.577463:INFO:CONSOLE(0)] "DEBUG: Ember  : 2.6.2", source:  (0)
[19191:19191:0301/130816.577639:INFO:CONSOLE(0)] "DEBUG: jQuery : 2.2.4", source:  (0)
[19191:19191:0301/130816.577812:INFO:CONSOLE(0)] "DEBUG: -------------------------------", source:  (0)
[19191:19191:0301/130816.664509:INFO:CONSOLE(0)] "DEBUG: For more advanced debugging, install the Ember Inspector from https://chrome.google.com/webstore/detail/ember-inspector/bmdblncegkenkacieihfhpjfppoconhi", source:  (0)
[19191:19191:0301/130832.509253:INFO:CONSOLE(0)] "DEBUG: -------------------------------", source:  (0)
[19191:19191:0301/130832.509459:INFO:CONSOLE(0)] "DEBUG: Ember  : 2.6.2", source:  (0)
[19191:19191:0301/130832.509642:INFO:CONSOLE(0)] "DEBUG: jQuery : 2.2.4", source:  (0)
[19191:19191:0301/130832.509828:INFO:CONSOLE(0)] "DEBUG: -------------------------------", source:  (0)
[19191:19191:0301/130832.547805:INFO:CONSOLE(0)] "DEBUG: For more advanced debugging, install the Ember Inspector from https://chrome.google.com/webstore/detail/ember-inspector/bmdblncegkenkacieihfhpjfppoconhi", source:  (0)
[19191:19191:0301/130843.556135:INFO:CONSOLE(0)] "DEBUG: -------------------------------", source:  (0)
[19191:19191:0301/130843.556351:INFO:CONSOLE(0)] "DEBUG: Ember  : 2.6.2", source:  (0)
[19191:19191:0301/130843.556527:INFO:CONSOLE(0)] "DEBUG: jQuery : 2.2.4", source:  (0)
[19191:19191:0301/130843.556700:INFO:CONSOLE(0)] "DEBUG: -------------------------------", source:  (0)
[19191:19191:0301/130843.594312:INFO:CONSOLE(0)] "DEBUG: For more advanced debugging, install the Ember Inspector from https://chrome.google.com/webstore/detail/ember-inspector/bmdblncegkenkacieihfhpjfppoconhi", source:  (0)
[19191:19191:0301/130854.577152:INFO:CONSOLE(0)] "DEBUG: -------------------------------", source:  (0)
[19191:19191:0301/130854.577359:INFO:CONSOLE(0)] "DEBUG: Ember  : 2.6.2", source:  (0)
[19191:19191:0301/130854.577534:INFO:CONSOLE(0)] "DEBUG: jQuery : 2.2.4", source:  (0)
[19191:19191:0301/130854.577707:INFO:CONSOLE(0)] "DEBUG: -------------------------------", source:  (0)
[19191:19191:0301/130854.618882:INFO:CONSOLE(0)] "DEBUG: For more advanced debugging, install the Ember Inspector from https://chrome.google.com/webstore/detail/ember-inspector/bmdblncegkenkacieihfhpjfppoconhi", source:  (0)
[19191:19191:0301/130905.733044:INFO:CONSOLE(0)] "DEBUG: -------------------------------", source:  (0)
[19191:19191:0301/130905.733258:INFO:CONSOLE(0)] "DEBUG: Ember  : 2.6.2", source:  (0)
[19191:19191:0301/130905.733434:INFO:CONSOLE(0)] "DEBUG: jQuery : 2.2.4", source:  (0)
[19191:19191:0301/130905.733614:INFO:CONSOLE(0)] "DEBUG: -------------------------------", source:  (0)
[19191:19191:0301/130905.771349:INFO:CONSOLE(0)] "DEBUG: For more advanced debugging, install the Ember Inspector from https://chrome.google.com/webstore/detail/ember-inspector/bmdblncegkenkacieihfhpjfppoconhi", source:  (0)
[19191:19191:0301/130917.130929:INFO:CONSOLE(0)] "DEBUG: -------------------------------", source:  (0)
[19191:19191:0301/130917.131149:INFO:CONSOLE(0)] "DEBUG: Ember  : 2.6.2", source:  (0)
[19191:19191:0301/130917.131336:INFO:CONSOLE(0)] "DEBUG: jQuery : 2.2.4", source:  (0)
[19191:19191:0301/130917.131510:INFO:CONSOLE(0)] "DEBUG: -------------------------------", source:  (0)
[19191:19191:0301/130917.169224:INFO:CONSOLE(0)] "DEBUG: For more advanced debugging, install the Ember Inspector from https://chrome.google.com/webstore/detail/ember-inspector/bmdblncegkenkacieihfhpjfppoconhi", source:  (0)
[19191:19191:0301/130928.313810:INFO:CONSOLE(0)] "DEBUG: -------------------------------", source:  (0)
[19191:19191:0301/130928.314016:INFO:CONSOLE(0)] "DEBUG: Ember  : 2.6.2", source:  (0)
[19191:19191:0301/130928.314191:INFO:CONSOLE(0)] "DEBUG: jQuery : 2.2.4", source:  (0)
[19191:19191:0301/130928.314368:INFO:CONSOLE(0)] "DEBUG: -------------------------------", source:  (0)
[19191:19191:0301/130928.351704:INFO:CONSOLE(0)] "DEBUG: For more advanced debugging, install the Ember Inspector from https://chrome.google.com/webstore/detail/ember-inspector/bmdblncegkenkacieihfhpjfppoconhi", source:  (0)
[19191:19191:0301/130939.703016:INFO:CONSOLE(0)] "DEBUG: -------------------------------", source:  (0)
[19191:19191:0301/130939.703222:INFO:CONSOLE(0)] "DEBUG: Ember  : 2.6.2", source:  (0)
[19191:19191:0301/130939.703397:INFO:CONSOLE(0)] "DEBUG: jQuery : 2.2.4", source:  (0)
[19191:19191:0301/130939.703569:INFO:CONSOLE(0)] "DEBUG: -------------------------------", source:  (0)
[19191:19191:0301/130939.741248:INFO:CONSOLE(0)] "DEBUG: For more advanced debugging, install the Ember Inspector from https://chrome.google.com/webstore/detail/ember-inspector/bmdblncegkenkacieihfhpjfppoconhi", source:  (0)
[19191:19191:0301/130951.400514:INFO:CONSOLE(0)] "DEBUG: -------------------------------", source:  (0)
[19191:19191:0301/130951.400732:INFO:CONSOLE(0)] "DEBUG: Ember  : 2.6.2", source:  (0)
[19191:19191:0301/130951.400915:INFO:CONSOLE(0)] "DEBUG: jQuery : 2.2.4", source:  (0)
[19191:19191:0301/130951.401094:INFO:CONSOLE(0)] "DEBUG: -------------------------------", source:  (0)
[19191:19191:0301/130951.439171:INFO:CONSOLE(0)] "DEBUG: For more advanced debugging, install the Ember Inspector from https://chrome.google.com/webstore/detail/ember-inspector/bmdblncegkenkacieihfhpjfppoconhi", source:  (0)
[19191:19191:0301/131002.722657:INFO:CONSOLE(0)] "DEBUG: -------------------------------", source:  (0)
[19191:19191:0301/131002.722862:INFO:CONSOLE(0)] "DEBUG: Ember  : 2.6.2", source:  (0)
[19191:19191:0301/131002.723037:INFO:CONSOLE(0)] "DEBUG: jQuery : 2.2.4", source:  (0)
[19191:19191:0301/131002.723209:INFO:CONSOLE(0)] "DEBUG: -------------------------------", source:  (0)
[19191:19191:0301/131002.760924:INFO:CONSOLE(0)] "DEBUG: For more advanced debugging, install the Ember Inspector from https://chrome.google.com/webstore/detail/ember-inspector/bmdblncegkenkacieihfhpjfppoconhi", source:  (0)
