[5239:5239:0301/213048.714008:WARNING:chrome_main_delegate.cc(618)] This is Chrome version 112.0.5572.0 (not a warning)
[5239:5253:0301/213048.890942:ERROR:bus.cc(399)] Failed to connect to the bus: Could not parse server address: Unknown address type (examples of valid types are "tcp" and on UNIX "unix")
[5239:5253:0301/213048.890971:ERROR:bus.cc(399)] Failed to connect to the bus: Could not parse server address: Unknown address type (examples of valid types are "tcp" and on UNIX "unix")
[5239:5239:0301/213048.929366:WARNING:account_consistency_mode_manager.cc(70)] Desktop Identity Consistency cannot be enabled as no OAuth client ID and client secret have been configured.
[5239:5253:0301/213048.936577:ERROR:bus.cc(399)] Failed to connect to the bus: Could not parse server address: Unknown address type (examples of valid types are "tcp" and on UNIX "unix")
[5239:5253:0301/213048.936616:ERROR:bus.cc(399)] Failed to connect to the bus: Could not parse server address: Unknown address type (examples of valid types are "tcp" and on UNIX "unix")
[5239:5239:0301/213049.126037:WARNING:bluez_dbus_manager.cc(247)] Floss manager not present, cannot set Floss enable/disable.
[5239:5330:0301/213049.162161:ERROR:object_proxy.cc(623)] Failed to call method: org.freedesktop.DBus.Properties.Get: object_path= /org/freedesktop/UPower: org.freedesktop.DBus.Error.ServiceUnknown: The name org.freedesktop.UPower was not provided by any .service files
[5239:5330:0301/213049.162180:WARNING:property.cc(144)] DaemonVersion: GetAndBlock: failed.
[5239:5330:0301/213049.162321:ERROR:object_proxy.cc(623)] Failed to call method: org.freedesktop.UPower.GetDisplayDevice: object_path= /org/freedesktop/UPower: org.freedesktop.DBus.Error.ServiceUnknown: The name org.freedesktop.UPower was not provided by any .service files
[5239:5330:0301/213049.162535:ERROR:object_proxy.cc(623)] Failed to call method: org.freedesktop.UPower.EnumerateDevices: object_path= /org/freedesktop/UPower: org.freedesktop.DBus.Error.ServiceUnknown: The name org.freedesktop.UPower was not provided by any .service files
[5239:5253:0301/213049.353119:ERROR:bus.cc(399)] Failed to connect to the bus: Could not parse server address: Unknown address type (examples of valid types are "tcp" and on UNIX "unix")
[5239:5253:0301/213049.378629:ERROR:bus.cc(399)] Failed to connect to the bus: Could not parse server address: Unknown address type (examples of valid types are "tcp" and on UNIX "unix")
[5239:5239:0301/213052.803839:INFO:optimization_guide_logger.cc(42)] ../../components/optimization_guide/core/hints_manager.cc(523) Hint cache initialized
[5239:5239:0301/213053.033508:INFO:optimization_guide_logger.cc(42)] ../../components/optimization_guide/content/browser/page_content_annotations_service.cc(309) PageContentAnnotationJob Result: BatchAnnotationResult{"Speedometer 2.1 Interactive Runner", type: ContentVisibility, output: nullopt}
[5239:5239:0301/213053.033597:INFO:optimization_guide_logger.cc(42)] ../../components/optimization_guide/content/browser/page_content_annotations_service.cc(309) PageContentAnnotationJob Result: BatchAnnotationResult{"Speedometer 2.1 Interactive Runner", type: PageEntities, output: nullopt}
[5239:5239:0301/213100.704718:INFO:CONSOLE(0)] "DEBUG: -------------------------------", source:  (0)
[5239:5239:0301/213100.704924:INFO:CONSOLE(0)] "DEBUG: Ember  : 2.6.2", source:  (0)
[5239:5239:0301/213100.705096:INFO:CONSOLE(0)] "DEBUG: jQuery : 2.2.4", source:  (0)
[5239:5239:0301/213100.705266:INFO:CONSOLE(0)] "DEBUG: -------------------------------", source:  (0)
[5239:5239:0301/213100.792391:INFO:CONSOLE(0)] "DEBUG: For more advanced debugging, install the Ember Inspector from https://chrome.google.com/webstore/detail/ember-inspector/bmdblncegkenkacieihfhpjfppoconhi", source:  (0)
[5239:5239:0301/213120.184101:INFO:CONSOLE(0)] "DEBUG: -------------------------------", source:  (0)
[5239:5239:0301/213120.184329:INFO:CONSOLE(0)] "DEBUG: Ember  : 2.6.2", source:  (0)
[5239:5239:0301/213120.184504:INFO:CONSOLE(0)] "DEBUG: jQuery : 2.2.4", source:  (0)
[5239:5239:0301/213120.184673:INFO:CONSOLE(0)] "DEBUG: -------------------------------", source:  (0)
[5239:5239:0301/213120.220867:INFO:CONSOLE(0)] "DEBUG: For more advanced debugging, install the Ember Inspector from https://chrome.google.com/webstore/detail/ember-inspector/bmdblncegkenkacieihfhpjfppoconhi", source:  (0)
[5239:5239:0301/213131.233660:INFO:CONSOLE(0)] "DEBUG: -------------------------------", source:  (0)
[5239:5239:0301/213131.233864:INFO:CONSOLE(0)] "DEBUG: Ember  : 2.6.2", source:  (0)
[5239:5239:0301/213131.234036:INFO:CONSOLE(0)] "DEBUG: jQuery : 2.2.4", source:  (0)
[5239:5239:0301/213131.234206:INFO:CONSOLE(0)] "DEBUG: -------------------------------", source:  (0)
[5239:5239:0301/213131.270295:INFO:CONSOLE(0)] "DEBUG: For more advanced debugging, install the Ember Inspector from https://chrome.google.com/webstore/detail/ember-inspector/bmdblncegkenkacieihfhpjfppoconhi", source:  (0)
[5239:5239:0301/213142.472472:INFO:CONSOLE(0)] "DEBUG: -------------------------------", source:  (0)
[5239:5239:0301/213142.472684:INFO:CONSOLE(0)] "DEBUG: Ember  : 2.6.2", source:  (0)
[5239:5239:0301/213142.472858:INFO:CONSOLE(0)] "DEBUG: jQuery : 2.2.4", source:  (0)
[5239:5239:0301/213142.473029:INFO:CONSOLE(0)] "DEBUG: -------------------------------", source:  (0)
[5239:5239:0301/213142.509465:INFO:CONSOLE(0)] "DEBUG: For more advanced debugging, install the Ember Inspector from https://chrome.google.com/webstore/detail/ember-inspector/bmdblncegkenkacieihfhpjfppoconhi", source:  (0)
[5239:5239:0301/213153.910106:INFO:CONSOLE(0)] "DEBUG: -------------------------------", source:  (0)
[5239:5239:0301/213153.910319:INFO:CONSOLE(0)] "DEBUG: Ember  : 2.6.2", source:  (0)
[5239:5239:0301/213153.910493:INFO:CONSOLE(0)] "DEBUG: jQuery : 2.2.4", source:  (0)
[5239:5239:0301/213153.910672:INFO:CONSOLE(0)] "DEBUG: -------------------------------", source:  (0)
[5239:5239:0301/213153.947394:INFO:CONSOLE(0)] "DEBUG: For more advanced debugging, install the Ember Inspector from https://chrome.google.com/webstore/detail/ember-inspector/bmdblncegkenkacieihfhpjfppoconhi", source:  (0)
[5239:5239:0301/213205.548325:INFO:CONSOLE(0)] "DEBUG: -------------------------------", source:  (0)
[5239:5239:0301/213205.548537:INFO:CONSOLE(0)] "DEBUG: Ember  : 2.6.2", source:  (0)
[5239:5239:0301/213205.548710:INFO:CONSOLE(0)] "DEBUG: jQuery : 2.2.4", source:  (0)
[5239:5239:0301/213205.548881:INFO:CONSOLE(0)] "DEBUG: -------------------------------", source:  (0)
[5239:5239:0301/213205.585777:INFO:CONSOLE(0)] "DEBUG: For more advanced debugging, install the Ember Inspector from https://chrome.google.com/webstore/detail/ember-inspector/bmdblncegkenkacieihfhpjfppoconhi", source:  (0)
[5239:5239:0301/213217.359978:INFO:CONSOLE(0)] "DEBUG: -------------------------------", source:  (0)
[5239:5239:0301/213217.360188:INFO:CONSOLE(0)] "DEBUG: Ember  : 2.6.2", source:  (0)
[5239:5239:0301/213217.360359:INFO:CONSOLE(0)] "DEBUG: jQuery : 2.2.4", source:  (0)
[5239:5239:0301/213217.360529:INFO:CONSOLE(0)] "DEBUG: -------------------------------", source:  (0)
[5239:5239:0301/213217.397450:INFO:CONSOLE(0)] "DEBUG: For more advanced debugging, install the Ember Inspector from https://chrome.google.com/webstore/detail/ember-inspector/bmdblncegkenkacieihfhpjfppoconhi", source:  (0)
[5239:5239:0301/213229.372984:INFO:CONSOLE(0)] "DEBUG: -------------------------------", source:  (0)
[5239:5239:0301/213229.373196:INFO:CONSOLE(0)] "DEBUG: Ember  : 2.6.2", source:  (0)
[5239:5239:0301/213229.373369:INFO:CONSOLE(0)] "DEBUG: jQuery : 2.2.4", source:  (0)
[5239:5239:0301/213229.373540:INFO:CONSOLE(0)] "DEBUG: -------------------------------", source:  (0)
[5239:5239:0301/213229.410869:INFO:CONSOLE(0)] "DEBUG: For more advanced debugging, install the Ember Inspector from https://chrome.google.com/webstore/detail/ember-inspector/bmdblncegkenkacieihfhpjfppoconhi", source:  (0)
[5239:5239:0301/213241.525956:INFO:CONSOLE(0)] "DEBUG: -------------------------------", source:  (0)
[5239:5239:0301/213241.526167:INFO:CONSOLE(0)] "DEBUG: Ember  : 2.6.2", source:  (0)
[5239:5239:0301/213241.526343:INFO:CONSOLE(0)] "DEBUG: jQuery : 2.2.4", source:  (0)
[5239:5239:0301/213241.526521:INFO:CONSOLE(0)] "DEBUG: -------------------------------", source:  (0)
[5239:5239:0301/213241.563405:INFO:CONSOLE(0)] "DEBUG: For more advanced debugging, install the Ember Inspector from https://chrome.google.com/webstore/detail/ember-inspector/bmdblncegkenkacieihfhpjfppoconhi", source:  (0)
[5239:5239:0301/213253.854965:INFO:CONSOLE(0)] "DEBUG: -------------------------------", source:  (0)
[5239:5239:0301/213253.855177:INFO:CONSOLE(0)] "DEBUG: Ember  : 2.6.2", source:  (0)
[5239:5239:0301/213253.855349:INFO:CONSOLE(0)] "DEBUG: jQuery : 2.2.4", source:  (0)
[5239:5239:0301/213253.855519:INFO:CONSOLE(0)] "DEBUG: -------------------------------", source:  (0)
[5239:5239:0301/213253.892508:INFO:CONSOLE(0)] "DEBUG: For more advanced debugging, install the Ember Inspector from https://chrome.google.com/webstore/detail/ember-inspector/bmdblncegkenkacieihfhpjfppoconhi", source:  (0)
