[4087:4087:0301/211436.322161:WARNING:chrome_main_delegate.cc(618)] This is Chrome version 112.0.5572.0 (not a warning)
[4087:4101:0301/211436.482012:ERROR:bus.cc(399)] Failed to connect to the bus: Could not parse server address: Unknown address type (examples of valid types are "tcp" and on UNIX "unix")
[4087:4101:0301/211436.482049:ERROR:bus.cc(399)] Failed to connect to the bus: Could not parse server address: Unknown address type (examples of valid types are "tcp" and on UNIX "unix")
[4087:4087:0301/211436.530203:WARNING:account_consistency_mode_manager.cc(70)] Desktop Identity Consistency cannot be enabled as no OAuth client ID and client secret have been configured.
[4087:4101:0301/211436.536851:ERROR:bus.cc(399)] Failed to connect to the bus: Could not parse server address: Unknown address type (examples of valid types are "tcp" and on UNIX "unix")
[4087:4101:0301/211436.536887:ERROR:bus.cc(399)] Failed to connect to the bus: Could not parse server address: Unknown address type (examples of valid types are "tcp" and on UNIX "unix")
[4087:4087:0301/211436.742060:WARNING:bluez_dbus_manager.cc(247)] Floss manager not present, cannot set Floss enable/disable.
[4087:4177:0301/211436.774047:ERROR:object_proxy.cc(623)] Failed to call method: org.freedesktop.DBus.Properties.Get: object_path= /org/freedesktop/UPower: org.freedesktop.DBus.Error.ServiceUnknown: The name org.freedesktop.UPower was not provided by any .service files
[4087:4177:0301/211436.774066:WARNING:property.cc(144)] DaemonVersion: GetAndBlock: failed.
[4087:4177:0301/211436.775138:ERROR:object_proxy.cc(623)] Failed to call method: org.freedesktop.UPower.GetDisplayDevice: object_path= /org/freedesktop/UPower: org.freedesktop.DBus.Error.ServiceUnknown: The name org.freedesktop.UPower was not provided by any .service files
[4087:4177:0301/211436.775306:ERROR:object_proxy.cc(623)] Failed to call method: org.freedesktop.UPower.EnumerateDevices: object_path= /org/freedesktop/UPower: org.freedesktop.DBus.Error.ServiceUnknown: The name org.freedesktop.UPower was not provided by any .service files
[4087:4101:0301/211437.027497:ERROR:bus.cc(399)] Failed to connect to the bus: Could not parse server address: Unknown address type (examples of valid types are "tcp" and on UNIX "unix")
[4087:4101:0301/211437.036380:ERROR:bus.cc(399)] Failed to connect to the bus: Could not parse server address: Unknown address type (examples of valid types are "tcp" and on UNIX "unix")
[4087:4087:0301/211440.410792:INFO:optimization_guide_logger.cc(42)] ../../components/optimization_guide/core/hints_manager.cc(523) Hint cache initialized
[4087:4087:0301/211440.738034:INFO:optimization_guide_logger.cc(42)] ../../components/optimization_guide/content/browser/page_content_annotations_service.cc(309) PageContentAnnotationJob Result: BatchAnnotationResult{"Speedometer 2.1 Interactive Runner", type: ContentVisibility, output: nullopt}
[4087:4087:0301/211440.738122:INFO:optimization_guide_logger.cc(42)] ../../components/optimization_guide/content/browser/page_content_annotations_service.cc(309) PageContentAnnotationJob Result: BatchAnnotationResult{"Speedometer 2.1 Interactive Runner", type: PageEntities, output: nullopt}
[4087:4087:0301/211448.481421:INFO:CONSOLE(0)] "DEBUG: -------------------------------", source:  (0)
[4087:4087:0301/211448.481636:INFO:CONSOLE(0)] "DEBUG: Ember  : 2.6.2", source:  (0)
[4087:4087:0301/211448.481814:INFO:CONSOLE(0)] "DEBUG: jQuery : 2.2.4", source:  (0)
[4087:4087:0301/211448.481986:INFO:CONSOLE(0)] "DEBUG: -------------------------------", source:  (0)
[4087:4087:0301/211448.568917:INFO:CONSOLE(0)] "DEBUG: For more advanced debugging, install the Ember Inspector from https://chrome.google.com/webstore/detail/ember-inspector/bmdblncegkenkacieihfhpjfppoconhi", source:  (0)
[4087:4087:0301/211504.261516:INFO:CONSOLE(0)] "DEBUG: -------------------------------", source:  (0)
[4087:4087:0301/211504.261722:INFO:CONSOLE(0)] "DEBUG: Ember  : 2.6.2", source:  (0)
[4087:4087:0301/211504.261897:INFO:CONSOLE(0)] "DEBUG: jQuery : 2.2.4", source:  (0)
[4087:4087:0301/211504.262069:INFO:CONSOLE(0)] "DEBUG: -------------------------------", source:  (0)
[4087:4087:0301/211504.298455:INFO:CONSOLE(0)] "DEBUG: For more advanced debugging, install the Ember Inspector from https://chrome.google.com/webstore/detail/ember-inspector/bmdblncegkenkacieihfhpjfppoconhi", source:  (0)
[4087:4087:0301/211515.169717:INFO:CONSOLE(0)] "DEBUG: -------------------------------", source:  (0)
[4087:4087:0301/211515.169930:INFO:CONSOLE(0)] "DEBUG: Ember  : 2.6.2", source:  (0)
[4087:4087:0301/211515.170113:INFO:CONSOLE(0)] "DEBUG: jQuery : 2.2.4", source:  (0)
[4087:4087:0301/211515.170295:INFO:CONSOLE(0)] "DEBUG: -------------------------------", source:  (0)
[4087:4087:0301/211515.206469:INFO:CONSOLE(0)] "DEBUG: For more advanced debugging, install the Ember Inspector from https://chrome.google.com/webstore/detail/ember-inspector/bmdblncegkenkacieihfhpjfppoconhi", source:  (0)
[4087:4087:0301/211526.217462:INFO:CONSOLE(0)] "DEBUG: -------------------------------", source:  (0)
[4087:4087:0301/211526.217673:INFO:CONSOLE(0)] "DEBUG: Ember  : 2.6.2", source:  (0)
[4087:4087:0301/211526.217848:INFO:CONSOLE(0)] "DEBUG: jQuery : 2.2.4", source:  (0)
[4087:4087:0301/211526.218020:INFO:CONSOLE(0)] "DEBUG: -------------------------------", source:  (0)
[4087:4087:0301/211526.254582:INFO:CONSOLE(0)] "DEBUG: For more advanced debugging, install the Ember Inspector from https://chrome.google.com/webstore/detail/ember-inspector/bmdblncegkenkacieihfhpjfppoconhi", source:  (0)
[4087:4087:0301/211537.386061:INFO:CONSOLE(0)] "DEBUG: -------------------------------", source:  (0)
[4087:4087:0301/211537.386273:INFO:CONSOLE(0)] "DEBUG: Ember  : 2.6.2", source:  (0)
[4087:4087:0301/211537.386449:INFO:CONSOLE(0)] "DEBUG: jQuery : 2.2.4", source:  (0)
[4087:4087:0301/211537.386621:INFO:CONSOLE(0)] "DEBUG: -------------------------------", source:  (0)
[4087:4087:0301/211537.423294:INFO:CONSOLE(0)] "DEBUG: For more advanced debugging, install the Ember Inspector from https://chrome.google.com/webstore/detail/ember-inspector/bmdblncegkenkacieihfhpjfppoconhi", source:  (0)
[4087:4087:0301/211548.857314:INFO:CONSOLE(0)] "DEBUG: -------------------------------", source:  (0)
[4087:4087:0301/211548.857523:INFO:CONSOLE(0)] "DEBUG: Ember  : 2.6.2", source:  (0)
[4087:4087:0301/211548.857706:INFO:CONSOLE(0)] "DEBUG: jQuery : 2.2.4", source:  (0)
[4087:4087:0301/211548.857878:INFO:CONSOLE(0)] "DEBUG: -------------------------------", source:  (0)
[4087:4087:0301/211548.895848:INFO:CONSOLE(0)] "DEBUG: For more advanced debugging, install the Ember Inspector from https://chrome.google.com/webstore/detail/ember-inspector/bmdblncegkenkacieihfhpjfppoconhi", source:  (0)
[4087:4087:0301/211600.343749:INFO:CONSOLE(0)] "DEBUG: -------------------------------", source:  (0)
[4087:4087:0301/211600.343960:INFO:CONSOLE(0)] "DEBUG: Ember  : 2.6.2", source:  (0)
[4087:4087:0301/211600.344136:INFO:CONSOLE(0)] "DEBUG: jQuery : 2.2.4", source:  (0)
[4087:4087:0301/211600.344444:INFO:CONSOLE(0)] "DEBUG: -------------------------------", source:  (0)
[4087:4087:0301/211600.381207:INFO:CONSOLE(0)] "DEBUG: For more advanced debugging, install the Ember Inspector from https://chrome.google.com/webstore/detail/ember-inspector/bmdblncegkenkacieihfhpjfppoconhi", source:  (0)
[4087:4087:0301/211611.947650:INFO:CONSOLE(0)] "DEBUG: -------------------------------", source:  (0)
[4087:4087:0301/211611.947862:INFO:CONSOLE(0)] "DEBUG: Ember  : 2.6.2", source:  (0)
[4087:4087:0301/211611.948038:INFO:CONSOLE(0)] "DEBUG: jQuery : 2.2.4", source:  (0)
[4087:4087:0301/211611.948211:INFO:CONSOLE(0)] "DEBUG: -------------------------------", source:  (0)
[4087:4087:0301/211611.985452:INFO:CONSOLE(0)] "DEBUG: For more advanced debugging, install the Ember Inspector from https://chrome.google.com/webstore/detail/ember-inspector/bmdblncegkenkacieihfhpjfppoconhi", source:  (0)
[4087:4087:0301/211623.759771:INFO:CONSOLE(0)] "DEBUG: -------------------------------", source:  (0)
[4087:4087:0301/211623.760039:INFO:CONSOLE(0)] "DEBUG: Ember  : 2.6.2", source:  (0)
[4087:4087:0301/211623.760218:INFO:CONSOLE(0)] "DEBUG: jQuery : 2.2.4", source:  (0)
[4087:4087:0301/211623.760400:INFO:CONSOLE(0)] "DEBUG: -------------------------------", source:  (0)
[4087:4087:0301/211623.797684:INFO:CONSOLE(0)] "DEBUG: For more advanced debugging, install the Ember Inspector from https://chrome.google.com/webstore/detail/ember-inspector/bmdblncegkenkacieihfhpjfppoconhi", source:  (0)
[4087:4087:0301/211635.670680:INFO:CONSOLE(0)] "DEBUG: -------------------------------", source:  (0)
[4087:4087:0301/211635.670892:INFO:CONSOLE(0)] "DEBUG: Ember  : 2.6.2", source:  (0)
[4087:4087:0301/211635.671068:INFO:CONSOLE(0)] "DEBUG: jQuery : 2.2.4", source:  (0)
[4087:4087:0301/211635.671241:INFO:CONSOLE(0)] "DEBUG: -------------------------------", source:  (0)
[4087:4087:0301/211635.708550:INFO:CONSOLE(0)] "DEBUG: For more advanced debugging, install the Ember Inspector from https://chrome.google.com/webstore/detail/ember-inspector/bmdblncegkenkacieihfhpjfppoconhi", source:  (0)
